100 -0.190196 0
110 -0.166588 0.0236076
120 -0.140403 0.0295203
130 -0.110521 0.0364507
140 -0.103714 0.0290435
150 -0.0968411 0.0246899
160 -0.10333 0.0218525
170 -0.113684 0.0215718
180 -0.100329 0.0232438
190 -0.0938723 0.0217695
200 -0.1024 0.0214583
210 -0.117455 0.0247058
220 -0.129439 0.0256923
230 -0.132463 0.0239779
240 -0.131864 0.0223303
250 -0.130373 0.0209412
260 -0.130321 0.0196709
270 -0.129574 0.0185609
280 -0.124466 0.018285
290 -0.127429 0.0175979
300 -0.135431 0.0185534
310 -0.145203 0.0202094
320 -0.154014 0.0212262
330 -0.162197 0.0219081
340 -0.169746 0.0223284
350 -0.174145 0.0218987
360 -0.171499 0.0212375
370 -0.171704 0.020466
380 -0.173881 0.0198673
390 -0.175472 0.0192595
400 -0.172142 0.0189231
410 -0.161633 0.0211222
420 -0.157473 0.0208904
430 -0.158964 0.0203214
440 -0.160736 0.0198117
450 -0.164065 0.0195392
460 -0.168433 0.0194991
470 -0.173159 0.0195588
480 -0.175475 0.0191909
490 -0.171883 0.0190468
500 -0.168071 0.0189635
510 -0.166669 0.0185595
520 -0.167111 0.0181281
530 -0.168713 0.0177837
540 -0.172649 0.017824
550 -0.176996 0.0179661
560 -0.180568 0.0179388
570 -0.182234 0.0176399
580 -0.181931 0.0172788
590 -0.181777 0.0169304
600 -0.182513 0.0166115
610 -0.182381 0.0162894
620 -0.182233 0.0159798
630 -0.181399 0.0157033
640 -0.180127 0.0154675
650 -0.180449 0.0151923
660 -0.180513 0.0149235
670 -0.18037 0.0146646
680 -0.182465 0.0145653
690 -0.183788 0.0143816
700 -0.184849 0.0141836
710 -0.186089 0.0140079
720 -0.186717 0.0137981
730 -0.185185 0.013667
740 -0.183407 0.013572
750 -0.182415 0.0134016
760 -0.183657 0.0132583
770 -0.186141 0.013296
780 -0.189033 0.0134173
790 -0.191421 0.0134382
800 -0.191629 0.0132492
810 -0.190776 0.0130916
820 -0.19287 0.0130797
830 -0.196578 0.0134241
840 -0.199662 0.0135982
850 -0.199213 0.0134256
860 -0.194602 0.0140295
870 -0.190896 0.014336
880 -0.19017 0.0141719
890 -0.189195 0.0140276
900 -0.188753 0.0138604
910 -0.1888 0.0136904
920 -0.190445 0.0136241
930 -0.193206 0.013741
940 -0.196397 0.0139484
950 -0.197916 0.0138687
960 -0.195416 0.0139345
970 -0.192907 0.0140019
980 -0.191749 0.013892
990 -0.191793 0.0137368
1000 -0.193952 0.0137555
1010 -0.195334 0.0136752
1020 -0.19552 0.0135286
1030 -0.196094 0.0133963
1040 -0.197396 0.0133183
1050 -0.197249 0.0131797
1060 -0.196591 0.0130597
1070 -0.197296 0.0129449
1080 -0.198269 0.0128504
1090 -0.200514 0.0129177
