3.03806
3.05458
3.07148
3.08877
3.10642
3.1244
3.14269
3.16124
3.18001
3.19894
3.21799
3.23711
3.25629
3.2755
3.29473
3.31398
3.33324
3.35252
3.37181
3.3911
3.41037
3.4296
3.44873
3.46772
3.48648
3.50493
3.52296
3.54048
3.55736
3.57347
3.5887
3.60292
3.61603
3.62794
3.63861
3.64799
3.65612
3.66304
3.66883
3.67362
3.67754
3.68074
3.68338
3.68563
3.68766
3.68961
3.69163
3.69381
3.69622
3.69887
3.70168
3.70455
3.7073
3.70972
3.71163
3.71282
3.7132
3.7127
3.71133
3.70914
3.70622
3.70271
3.69875
3.69454
3.69031
3.68632
3.68283
3.6801
3.67837
3.67784
3.67867
3.68097
3.68482
3.69021
3.6971
3.70536
3.71482
3.72523
3.73626
3.74756
3.75872
3.76934
3.77905
3.78749
3.79437
3.79947
3.80262
3.80369
3.80262
3.7994
3.79404
3.78666
3.77738
3.7664
3.75392
3.74019
3.72543
3.70988
3.69375
3.67723
3.66052
3.64376
3.6271
3.61065
3.59451
3.57879
3.56357
3.54892
3.53491
3.52164
3.50917
3.49759
3.48699
3.47746
3.46909
3.46196
3.45614
3.4517
3.4487
3.44715
3.44707
3.44843
3.45121
3.45533
3.4607
3.46722
3.47476
3.48318
3.49235
3.50213
3.51237
3.52294
3.53372
3.54461
3.5555
3.56632
3.57701
3.58752
3.59781
3.60787
3.61769
3.62723
3.6365
3.64545
3.65407
3.6623
3.67011
3.67748
3.68437
3.69075
3.6966
3.70192
3.70667
3.71084
3.71443
3.71744
3.71985
3.72168
3.72293
3.7236
3.72372
3.72332
3.72244
3.72115
3.71954
3.71772
3.71579
3.71388
3.7121
3.71054
3.70928
3.70836
3.70778
3.70752
3.70748
3.70754
3.70752
3.70722
3.7064
3.70482
3.70224
3.69844
3.69324
3.68648
3.67805
3.66789
3.656
3.64243
3.62731
3.61081
3.59315
3.57456
3.55526
3.53551
3.5155
3.49545
3.47553
3.4559
3.43671
3.41804
3.39999
3.3826
3.36592
3.34997
3.33475
3.32027
3.30655
3.29361
3.28145
3.2701
3.2596
3.24999
3.24128
3.23352
3.22672
3.2209
3.21606
3.2122
3.20928
3.20727
3.20613
3.2058
3.20622
3.20734
3.20912
3.21151
3.21448
3.21801
3.22211
3.22675
3.23195
3.23772
3.24408
3.25106
3.25869
3.267
3.27605
3.28586
3.29649
3.30798
3.32039
3.33374
3.34811
3.36353
3.38005
3.39773
3.41662
3.43676
3.45819
3.48096
3.50507
3.53052
3.55727
3.58526
3.61435
3.64435
3.675
3.70593
3.73672
3.76686
3.79582
3.82307
3.84815
3.87071
3.89058
3.9077
3.92214
3.93407
3.94368
3.95123
3.95703
3.96144
3.96482
3.96755
3.96997
3.97238
3.97502
3.97808
3.98171
3.98603
3.99111
3.99703
4.00384
4.0116
4.02035
4.03014
4.04101
4.05301
4.06617
4.08053
4.09612
4.11297
4.13109
4.15049
4.17117
4.19311
4.21631
4.24073
4.26632
4.29304
4.3208
4.34951
4.37901
4.40911
4.43958
4.47013
4.50037
4.52992
4.55828
4.58497
4.60947
4.63128
4.64996
4.66513
4.67649
4.68385
4.68711
4.68627
4.68141
4.67276
4.66063
4.64544
4.62768
4.60788
4.5866
4.56434
4.54157
4.51872
4.49615
4.47414
4.45293
4.43268
4.41347
4.39535
4.3783
4.36225
4.34711
4.33277
4.31908
4.30591
4.29312
4.28062
4.26832
4.25616
4.24414
4.23227
4.2206
4.20918
4.19808
4.18735
4.17704
4.16719
4.15783
4.14895
4.14055
4.13261
4.12512
4.11807
4.11148
4.10537
4.09976
4.09467
4.09015
4.0862
4.08288
4.0802
4.07823
4.07702
4.07665
4.07718
4.07869
4.08127
4.08498
4.08989
4.09607
4.10358
4.1125
4.12288
4.1348
4.14832
4.1635
4.18036
4.19889
4.21905
4.2407
4.26366
4.28766
4.31233
4.33727
4.36204
4.3862
4.40935
4.43118
4.45143
4.46991
4.48648
4.50101
4.51337
4.52348
4.53126
4.53674
4.53997
4.54106
4.54013
4.53731
4.53276
4.52658
4.51891
4.50985
4.49952
4.48804
4.47555
4.46217
4.44806
4.43337
4.41826
4.40288
4.38738
4.37188
4.35648
4.34124
4.32618
4.31131
4.29657
4.28186
4.2671
4.25213
4.23685
4.22115
4.20495
4.18824
4.17103
4.15339
4.13539
4.11714
4.09875
4.08033
4.06204
4.04401
4.0264
4.00935
3.993
3.97747
3.96284
3.9492
3.93659
3.92506
3.91463
3.90534
3.89719
3.89019
3.88435
3.87965
3.87609
3.87365
3.87229
3.872
3.87273
3.87446
3.87715
3.88078
3.88533
3.89079
3.89715
3.90441
3.91256
3.9216
3.9315
3.94223
3.95374
3.96595
3.97878
3.99213
4.00588
4.01991
4.03408
4.04828
4.06238
4.07627
4.08981
4.10291
4.11547
4.12739
4.13862
4.1491
4.1588
4.1677
4.1758
4.18309
4.18959
4.19532
4.20032
4.20466
4.2084
4.21165
4.21453
4.21717
4.21971
4.2223
4.22508
4.22817
4.23169
4.23572
4.24032
4.24552
4.25132
4.25769
4.26458
4.2719
4.27957
4.28746
4.29548
4.30352
4.31149
4.31931
4.32692
4.33431
4.34146
4.3484
4.35515
4.36177
4.36831
4.37479
4.38125
4.38768
4.39404
4.40027
4.40631
4.41205
4.4174
4.42231
4.42672
4.43062
4.43401
4.43688
4.43922
4.44101
4.4422
4.44272
4.44251
4.44148
4.43958
4.43673
4.4329
4.42808
4.42225
4.41546
4.40776
4.39924
4.38999
4.38017
4.36996
4.35955
4.34914
4.33894
4.32912
4.31986
4.31126
4.30341
4.29632
4.28996
4.28426
4.27909
4.27425
4.26955
4.26474
4.25958
4.25379
4.24713
4.2394
4.23042
4.2201
4.20844
4.19549
4.18141
4.16642
4.15078
4.13477
4.11871
4.10292
4.08772
4.07341
4.06024
4.04838
4.03795
4.02896
4.02133
4.01493
4.00957
4.00511
4.00144
3.99852
3.9964
3.99512
3.99471
3.99513
3.99635
3.9983
4.00093
4.00423
4.00813
4.01259
4.01748
4.02269
4.02806
4.03344
4.03871
4.04377
4.04858
4.05315
4.05755
4.06184
4.06616
4.07064
4.07546
4.08078
4.0868
4.09368
4.10157
4.1106
4.12082
4.13225
4.14484
4.1585
4.17306
4.18833
4.20407
4.22001
4.23589
4.25145
4.26646
4.28074
4.29416
4.30665
4.31819
4.32881
4.33855
4.34747
4.35561
4.363
4.36961
4.37541
4.38034
4.38432
4.38728
4.38917
4.38995
4.38963
4.38819
4.3856
4.38187
4.37695
4.37086
4.36363
4.35534
4.34611
4.33608
4.32542
4.31427
4.3028
4.29116
4.27948
4.26791
4.25655
4.24554
4.23497
4.22493
4.21551
4.20677
4.19877
4.19154
4.18513
4.17956
4.17485
4.17101
4.16806
4.16601
4.16487
4.16466
4.1654
4.16709
4.16978
4.17347
4.1782
4.18399
4.19086
4.19884
4.20793
4.21815
4.22951
4.24198
4.25557
4.27024
4.28596
4.30267
4.32032
4.33883
4.35808
4.37798
4.39835
4.41904
4.43984
4.46051
4.48078
4.50037
4.51896
4.53624
4.5519
4.56566
4.57729
4.58665
4.59364
4.59824
4.60051
4.60055
4.5985
4.59455
4.58895
4.58196
4.57389
4.56505
4.55578
4.54639
4.53721
4.52853
4.52061
4.51371
4.50804
4.50378
4.50111
4.50015
4.50104
4.50386
4.50872
4.51567
4.52478
4.53612
4.54974
4.56569
4.58402
4.60478
4.62801
4.65375
4.68203
4.71287
4.74626
4.78216
4.82051
4.86121
4.90414
4.94909
4.99585
5.04415
5.09366
5.14402
5.19481
5.24556
5.29578
5.34495
5.39254
5.43803
5.48096
5.5209
5.55746
5.59035
5.61931
5.64414
5.6647
5.68094
5.69287
5.70062
5.70439
5.70451
5.70136
5.6954
5.68711
5.67698
5.66549
5.65308
5.64015
5.62706
5.61414
5.60163
5.58974
5.57859
5.56824
5.55868
5.54982
5.54153
5.53363
5.52589
5.51808
5.50995
5.50127
5.49188
5.48166
5.47056
5.45861
5.4459
5.43252
5.41859
5.40419
5.3894
5.37426
5.35878
5.34295
5.32674
5.31009
5.29297
5.27535
5.25723
5.23861
5.2195
5.19991
5.17984
5.15935
5.1385
5.11741
5.09623
5.07513
5.05426
5.03376
5.01373
4.99422
4.97529
4.95694
4.93921
4.92212
4.90575
4.89019
4.87554
4.86192
4.84943
4.83818
4.82828
4.81984
4.81299
4.80786
4.80461
4.80337
4.80426
4.80739
4.81285
4.82071
4.83103
4.84382
4.8591
4.87688
4.89712
4.91983
4.94499
4.97257
5.00254
5.03485
5.0694
5.10603
5.14449
5.18444
5.22542
5.26688
5.30816
5.34854
5.38723
5.42345
5.45649
5.48569
5.51056
5.53072
5.54598
5.55628
5.56173
5.56259
5.55929
5.55237
5.54245
5.53018
5.51618
5.501
5.48508
5.46875
5.45221
5.43554
5.4187
5.40152
5.38378
5.36513
5.34523
5.32366
5.30009
5.27426
5.24606
5.21561
5.18317
5.14921
5.11422
5.07876
5.04333
5.00843
4.97452
4.94202
4.91131
4.88267
4.85632
4.83239
4.81091
4.79187
4.7752
4.76083
4.74864
4.73852
4.73034
4.72396
4.71922
4.71596
4.714
4.71316
4.71328
4.71418
4.71566
4.71756
4.71968
4.72185
4.72389
4.72565
4.72698
4.72778
4.72794
4.72739
4.7261
4.72405
4.72128
4.71784
4.71383
4.70935
4.70456
4.69963
4.69473
4.69006
4.68582
4.68219
4.67937
4.67754
4.67684
4.67743
4.6794
4.68284
4.68779
4.69424
4.70213
4.71135
4.72173
4.73301
4.74491
4.75708
4.76917
4.78083
4.7917
4.80144
4.80969
4.81608
4.82029
4.82207
4.82131
4.81805
4.81244
4.80475
4.79528
4.78439
4.77242
4.75971
4.74659
4.73333
4.72012
4.70709
4.69424
4.68151
4.66876
4.65582
4.64251
4.62863
4.61404
4.59866
4.58248
4.56554
4.54796
4.52992
4.51159
4.49317
4.47485
4.45681
4.43923
4.4223
4.40617
4.39098
4.37687
4.36392
4.3522
4.34173
4.33253
4.32457
4.3178
4.31217
4.30762
4.30408
4.3015
4.29981
4.29896
4.29889
4.29955
4.30089
4.30284
4.30538
4.30846
4.31208
4.31626
4.32104
4.3265
4.33272
4.33982
4.34792
4.35712
4.36755
4.3793
4.39248
4.40714
4.42336
4.44116
4.46053
4.48144
4.50381
4.52751
4.55242
4.57834
4.60509
4.63247
4.66028
4.68836
4.71656
4.74475
4.77288
4.80089
4.82879
4.8566
4.88436
4.91216
4.94009
4.96824
4.99671
5.02559
5.05496
5.08485
5.11529
5.14623
5.17762
5.20936
5.24128
5.27323
5.30497
5.33627
5.36688
5.39654
5.42501
5.45204
5.47739
5.50086
5.52224
5.54136
5.55808
5.57225
5.5838
5.59265
5.59877
5.60215
5.60283
5.60088
5.59642
5.58957
5.58053
5.5695
5.55668
5.54231
5.52663
5.50987
5.49228
5.47406
5.45543
5.43658
5.41766
5.39882
5.38016
5.36178
5.34373
5.32606
5.30881
5.29199
5.27561
5.25972
5.24433
5.22949
5.21523
5.20163
5.18872
5.17656
5.16518
5.15461
5.14486
5.1359
5.12771
5.12021
5.11332
5.10695
5.10099
5.09533
5.08987
5.0845
5.07916
5.07376
5.06827
5.06264
5.05688
5.05098
5.04498
5.03896
5.033
5.02722
5.02175
5.01673
5.0123
5.00859
5.00575
5.0039
5.00314
5.00359
5.00535
5.00849
5.01311
5.01927
5.02701
5.03636
5.04731
5.05981
5.07379
5.08911
5.10563
5.12314
5.14145
5.16031
5.1795
5.19881
5.21806
5.23709
5.25581
5.27418
5.29222
5.30999
5.3276
5.34519
5.36292
5.38095
5.39946
5.41857
5.43842
5.45907
5.48054
5.50279
5.52567
5.54892
5.57219
5.59506
5.61705
5.63771
5.65667
5.67366
5.68854
5.70124
5.71172
5.71991
5.7257
5.729
5.72973
5.72784
5.72334
5.71625
5.70656
5.69429
5.67946
5.66215
5.6425
5.62075
5.59718
5.57212
5.54592
5.5189
5.49142
5.46385
5.43655
5.40991
5.38429
5.36001
5.33735
5.31653
5.29773
5.28107
5.26664
5.25452
5.24475
5.23735
5.23232
5.22964
5.22926
5.23108
5.23497
5.24072
5.24811
5.25684
5.26663
5.27718
5.28825
5.29967
5.31132
5.32316
5.33519
5.3474
5.35982
5.37246
5.38533
5.39844
5.41178
5.42536
5.43912
5.453
5.46694
5.48083
5.4946
5.50822
5.52174
5.53529
5.54908
5.56334
5.57829
5.59406
5.61072
5.62827
5.64665
5.66578
5.6855
5.70562
5.72592
5.74614
5.76601
5.78522
5.80342
5.82027
5.83539
5.84843
5.85909
5.86717
5.87256
5.87523
5.87524
5.87268
5.86766
5.86032
5.85082
5.83942
5.82642
5.81223
5.7973
5.7821
5.76711
5.75277
5.73947
5.72759
5.71742
5.7092
5.70312
5.69926
5.69763
5.69813
5.70059
5.70474
5.71025
5.71677
5.72389
5.73122
5.7384
5.74507
5.75094
5.75577
5.75937
5.76164
5.76251
5.76199
5.76012
5.75695
5.75255
5.74695
5.74017
5.73225
5.72321
5.71313
5.70214
5.69044
5.67817
5.66547
5.65235
5.63874
5.62452
5.60957
5.59379
5.57711
5.5595
5.54091
5.52134
5.50078
5.47922
5.45671
5.4333
5.4091
5.38423
5.35885
5.33315
5.30731
5.28154
5.25604
5.231
5.2066
5.18299
5.16032
5.13868
5.11818
5.09889
5.08088
5.06418
5.04884
5.03485
5.0222
5.01084
5.00066
4.99155
4.98334
4.97585
4.96886
4.96218
4.95563
4.94906
4.94234
4.93542
4.92826
4.92085
4.91322
4.90538
4.89737
4.8892
4.88088
4.8724
4.86374
4.85484
4.84566
4.83616
4.82629
4.81605
4.80545
4.79454
4.7834
4.77214
4.76089
4.74982
4.73911
4.72897
4.71961
4.71124
4.70407
4.69827
4.694
4.69138
4.69049
4.69139
4.69407
4.69851
4.70465
4.7124
4.72164
4.73226
4.74411
4.75707
4.77101
4.78582
4.8014
4.81768
4.83459
4.8521
4.8702
4.8889
4.90822
4.92822
4.94894
4.97046
4.99284
5.01615
5.04049
5.06591
5.0925
5.12033
5.14946
5.17996
5.21187
5.24521
5.28
5.3162
5.35375
5.39253
5.43237
5.47301
5.51413
5.55529
5.59604
5.63584
5.67418
5.71059
5.74467
5.77613
5.80476
5.83043
5.85306
5.87263
5.88912
5.9026
5.91317
5.92098
5.92622
5.92911
5.92988
5.92874
5.9259
5.92156
5.91595
5.90926
5.90172
5.89355
5.88495
5.87614
5.86729
5.85858
5.85016
5.84214
5.83461
5.82762
5.82115
5.81516
5.80953
5.80409
5.79866
5.79299
5.78682
5.77988
5.77193
5.76275
5.75219
5.74012
5.72652
5.71137
5.69471
5.67658
5.65704
5.63614
5.61396
5.59065
5.56638
5.54138
5.51593
5.49032
5.46482
5.43968
5.41513
5.3914
5.36873
5.34734
5.32747
5.30933
5.2931
5.27894
5.26696
5.25723
5.24978
5.24461
5.24165
5.2408
5.24192
5.24482
5.24928
5.25503
5.26176
5.26915
5.27686
5.28454
5.29187
5.29861
5.30457
5.30966
5.31388
5.31729
5.31998
5.32211
5.32383
5.32535
5.32688
5.32862
5.33075
5.33339
5.33661
5.3404
5.34468
5.34934
5.35423
5.35924
5.36426
5.36919
5.37394
5.37839
5.38242
5.38586
5.38859
5.39051
5.39153
5.39163
5.39079
5.38904
5.38637
5.38282
5.37843
5.37323
5.36728
5.36066
5.35345
5.34573
5.33763
5.32926
5.32076
5.31225
5.30388
5.2958
5.28815
5.28107
5.27467
5.26908
5.26439
5.26066
5.25793
5.2562
5.25546
5.25562
5.25658
5.25821
5.26032
5.26272
5.26518
5.26748
5.26938
5.27066
5.27112
5.27059
5.26895
5.2661
5.26204
5.25681
5.25051
5.24331
5.23541
5.22705
5.21848
5.20997
5.20174
5.19398
5.18686
5.18045
5.1748
5.16987
5.16559
5.16188
5.15862
5.15577
5.15327
5.15114
5.14938
5.14799
5.14698
5.14629
5.1459
5.14575
5.14577
5.14587
5.14594
5.14587
5.14553
5.14477
5.1435
5.14162
5.13907
5.13582
5.13189
5.12734
5.12226
5.11677
5.11104
5.10522
5.09951
5.09408
5.0891
5.08476
5.08124
5.07869
5.07727
5.07715
5.07847
5.08134
5.08587
5.09218
5.10033
5.11038
5.12238
5.13636
5.1523
5.17021
5.19004
5.21172
5.23518
5.2603
5.28696
5.31502
5.34431
5.37467
5.40594
5.43797
5.47062
5.50378
5.53738
5.57137
5.60572
5.64043
5.67547
5.71084
5.74649
5.78234
5.81827
5.85416
5.88986
5.92524
5.9602
5.99467
6.0286
6.06191
6.09453
6.12639
6.15745
6.18773
6.21723
6.24593
6.27367
6.30021
6.32517
6.34808
6.36848
6.3859
6.4
6.41052
6.41736
6.42057
6.42033
6.41693
6.41079
6.40235
6.39212
6.38059
6.36824
6.35544
6.34243
6.32932
6.31606
6.30246
6.28828
6.27325
6.25717
6.23996
6.22163
6.20227
6.18195
6.1608
6.13892
6.11646
6.09358
6.07048
6.04735
6.02434
6.00158
5.97917
5.95714
5.9355
5.91422
5.89328
5.87267
5.8524
5.83253
5.81317
5.79449
5.77666
5.75993
5.74451
5.73065
5.71854
5.7084
5.70037
5.69462
5.69124
5.69029
5.6918
5.69571
5.70193
5.71029
5.72059
5.73254
5.74585
5.76016
5.77509
5.79023
5.80516
5.81943
5.8326
5.84421
5.85384
5.86107
5.86554
5.86696
5.8651
5.85981
5.85106
5.8389
5.82351
5.80514
5.78411
5.76083
5.73572
5.70924
5.68187
5.6541
5.6264
5.59925
5.57306
5.54822
5.52508
5.50393
5.485
5.46849
5.45454
5.44325
5.43469
5.42886
5.42575
5.42531
5.42743
5.43199
5.43884
5.44777
5.45857
5.47099
5.48477
5.49963
5.51531
5.53155
5.54811
5.56479
5.58146
5.59801
5.61439
5.63058
5.64659
5.66243
5.67813
5.69371
5.70923
5.72471
5.74022
5.75581
5.77152
5.78738
5.80343
5.81967
5.83608
5.85266
5.86937
5.88618
5.90307
5.92001
5.93696
5.95389
5.97077
5.98756
6.00421
6.02066
6.03684
6.05265
6.06801
6.08281
6.09694
6.11028
6.12273
6.13421
6.14463
6.15392
6.16203
6.1689
6.17448
6.17869
6.18142
6.18253
6.18184
6.17916
6.17429
6.16709
6.1575
6.14552
6.13124
6.11478
6.09626
6.07581
6.05358
6.02977
6.00465
5.97852
5.9517
5.9245
5.89722
5.87011
5.84342
5.81735
5.79208
5.76777
5.74453
5.72242
5.70148
5.6817
5.66308
5.6456
5.62928
5.61414
5.60026
5.58772
5.57662
5.56705
5.55913
5.55296
5.54869
5.54648
5.5465
5.54893
5.55399
5.56187
5.57276
5.58685
5.6043
5.62527
5.64989
5.67827
5.71047
5.74655
5.78647
5.83014
5.87741
5.92801
5.98156
6.03755
6.09532
6.15403
6.21268
6.27016
6.32524
6.37675
6.42371
6.46538
6.50136
6.53148
6.55572
6.5741
6.58674
6.59391
6.59606
6.59383
6.58792
6.579
6.5677
6.55455
6.53995
6.52421
6.50755
6.49013
6.47204
6.45335
6.43408
6.41428
6.394
6.3733
6.35227
6.331
6.30962
6.28825
6.26702
6.24606
6.22548
6.20538
6.18585
6.16695
6.14874
6.1313
6.1147
6.09906
6.0845
6.07118
6.05925
6.04885
6.04015
6.03326
6.02831
6.02539
6.02458
6.02591
6.02938
6.03495
6.0425
6.05186
6.0628
6.075
6.08807
6.10154
6.11492
6.12767
6.13928
6.14929
6.1573
6.16303
6.16627
6.16693
6.16501
6.1606
6.15384
6.14496
6.13421
6.12185
6.10819
6.09352
6.07815
6.06235
6.04637
6.03044
6.01476
5.99948
5.98471
5.97053
5.95697
5.94404
5.9317
5.9199
5.90856
5.8976
5.88695
5.87653
5.86632
5.85628
5.84642
5.83674
5.82723
5.81786
5.80862
5.79946
5.79038
5.78135
5.77239
5.76355
5.75488
5.74647
5.73844
5.7309
5.72399
5.71784
5.71258
5.70833
5.7052
5.70325
5.70252
5.70301
5.70468
5.70746
5.71125
5.71594
5.7214
5.72752
5.73417
5.74124
5.74859
5.75607
5.76352
5.77078
5.77768
5.78408
5.78989
5.79505
5.79955
5.80343
5.80672
5.80946
5.81166
5.81332
5.81443
5.815
5.81502
5.81453
5.81357
5.81218
5.8104
5.80828
5.80587
5.8032
5.80031
5.79724
5.79401
5.79066
5.78722
5.78372
5.78019
5.77666
5.77316
5.76972
5.76634
5.76306
5.75985
5.75673
5.75367
5.75066
5.74768
5.74472
5.74179
5.73888
5.73601
5.73319
5.73039
5.72759
5.72472
5.72167
5.71832
5.7145
5.71004
5.70477
5.69856
5.69128
5.68289
5.67337
5.66276
5.65113
5.63859
5.62527
5.61133
5.59696
5.58234
5.56769
5.5532
5.53904
5.52537
5.5123
5.49993
5.48833
5.47757
5.46766
5.45865
5.45054
5.44334
5.43703
5.43163
5.42711
5.42348
5.42073
5.41886
5.41785
5.41768
5.41829
5.41962
5.42156
5.42399
5.42676
5.42968
5.43256
5.43521
5.43743
5.43905
5.43993
5.43994
5.43901
5.43709
5.43417
5.43025
5.42538
5.41961
5.41304
5.4058
5.39802
5.38988
5.38157
5.3733
5.36526
5.35767
5.35071
5.34457
5.33943
5.33544
5.33277
5.33153
5.33184
5.33379
5.33742
5.34272
5.34965
5.35807
5.36779
5.37855
5.39004
5.40188
5.41372
5.42522
5.43608
5.4461
5.45512
5.46304
5.46978
5.47529
5.4795
5.48237
5.48387
5.48397
5.4827
5.4801
5.4763
5.47144
5.46572
5.45936
5.45261
5.44566
5.43873
5.43196
5.42552
5.41953
5.41409
5.40928
5.40513
5.40161
5.39868
5.39622
5.3941
5.39219
5.39034
5.38844
5.38642
5.38426
5.38199
5.37965
5.37733
5.37511
5.37308
5.37133
5.36994
5.36896
5.36845
5.36843
5.36887
5.36977
5.37109
5.37282
5.37499
5.37764
5.38084
5.38467
5.38922
5.39457
5.40079
5.408
5.41632
5.42589
5.4369
5.44952
5.46395
5.48037
5.49897
5.51992
5.54338
5.56949
5.59836
5.6301
5.66476
5.70235
5.74285
5.78615
5.83211
5.88051
5.93111
5.98362
6.03773
6.09308
6.14927
6.20584
6.26225
6.31788
6.37208
6.42417
6.4735
6.51948
6.56157
6.59939
6.63263
6.66117
6.68497
6.7041
6.71868
6.72892
6.73508
6.73754
6.73678
6.73332
6.72773
6.72055
6.71226
6.70327
6.6939
6.68437
6.67484
6.66539
6.6561
6.64697
6.63804
6.62931
6.62083
6.61261
6.60471
6.5972
6.59015
6.58369
6.57793
6.57297
6.5689
6.56577
6.56355
6.56212
6.56129
6.56078
6.56022
6.55921
6.55734
6.55428
6.54982
6.54388
6.5365
6.52779
6.51781
6.50658
6.49409
6.48036
6.46542
6.44936
6.43226
6.41419
6.3952
6.37528
6.3544
6.33248
6.30949
6.28539
6.26024
6.23415
6.20733
6.18001
6.15246
6.12494
6.09772
6.07104
6.04516
6.02037
5.99691
5.97504
5.95499
5.93693
5.92105
5.90746
5.89626
5.88755
5.88139
5.87784
5.87696
5.87878
5.88333
5.89065
5.90072
5.91352
5.92895
5.94687
5.96699
5.9889
6.01198
6.03539
6.0582
6.0795
6.09873
6.11591
6.13156
6.14628
6.16022
6.17306
6.18435
6.19385
6.20169
6.20821
6.21387
6.21907
6.22419
6.22947
6.23512
6.24127
6.24802
6.25546
6.26366
6.2727
6.28262
6.29347
6.30527
6.31799
6.33157
6.34591
6.36086
6.37623
6.3918
6.4073
6.42241
6.4368
6.45011
6.46199
6.47209
6.48011
6.4858
6.48898
6.48955
6.48746
6.48269
6.47526
6.4652
6.45263
6.43766
6.42052
6.40147
6.38081
6.3589
6.33612
6.31283
6.28944
6.26631
6.24382
6.22231
6.2021
6.18348
6.16669
6.15192
6.13929
6.12888
6.12064
6.11451
6.11029
6.10777
6.10666
6.10666
6.10748
6.10887
6.11064
6.11262
6.11471
6.11679
6.11878
6.12059
6.12219
6.12361
6.12493
6.12629
6.12787
6.12984
6.13237
6.13558
6.13958
6.14445
6.15026
6.15706
6.16487
6.17371
6.18355
6.19434
6.20598
6.21835
6.23129
6.24463
6.25821
6.27185
6.28543
6.29885
6.31205
6.325
6.33774
6.35028
6.36271
6.37509
6.38754
6.40018
6.41316
6.42661
6.44069
6.45553
6.47124
6.4879
6.50552
6.52408
6.54348
6.5636
6.58427
6.6053
6.62648
6.64766
6.66869
6.68948
6.70997
6.73014
6.74999
6.76957
6.78894
6.80822
6.82758
6.84719
6.86727
6.88803
6.90967
6.93237
6.95627
6.98144
7.00791
7.0356
7.06436
7.09392
7.12393
7.15394
7.18349
7.21207
7.23923
7.26459
7.28784
7.30874
7.32705
7.34253
7.35494
7.36401
7.36954
7.37136
7.36946
7.36402
7.35545
7.3443
7.33121
7.31675
7.30141
7.28563
7.26985
7.25449
7.23995
7.22653
7.21435
7.20335
7.19323
7.18351
7.1735
7.16238
7.14932
7.13357
7.1146
7.09223
7.06656
7.0378
7.00614
6.97172
6.93464
6.89518
6.85374
6.81086
6.76712
6.72306
6.67921
6.63596
6.59365
6.55253
6.51275
6.47439
6.4375
6.40206
6.36802
6.33532
6.30392
6.27377
6.24485
6.21713
6.19064
6.16538
6.14139
6.11875
6.09753
6.07784
6.0598
6.04357
6.02931
6.01718
6.00735
5.99995
5.99512
5.99294
5.99347
5.99669
6.00251
6.01079
6.02126
6.03359
6.04731
6.06194
6.0769
6.09166
6.10571
6.11865
6.13011
6.13982
6.14754
6.15307
6.15632
6.15728
6.156
6.15267
6.14749
6.14073
6.13267
6.1236
6.11379
6.10349
6.09291
6.08219
6.07145
6.06071
6.04996
6.03917
6.02826
6.01715
6.00576
5.99405
5.98197
5.96955
5.95683
5.94392
5.93095
5.91808
5.9055
5.89342
5.88203
5.87153
5.86206
5.85374
5.84665
5.84079
5.83613
5.83258
5.83001
5.82829
5.82729
5.82689
5.82699
5.82752
5.8284
5.82955
5.83092
5.83245
5.83412
5.83593
5.8379
5.84007
5.8425
5.84523
5.84831
5.85177
5.85565
5.85998
5.8648
5.87013
5.87604
5.88256
5.88974
5.89761
5.9062
5.91549
5.92545
5.936
5.94701
5.95834
5.96979
5.98117
5.99228
6.00294
6.01298
6.02227
6.03071
6.03824
6.04486
6.05058
6.05547
6.05964
6.06322
6.06638
6.0693
6.07215
6.07513
6.07839
6.08207
6.08629
6.09116
6.09676
6.10314
6.11035
6.11841
6.12732
6.13707
6.14765
6.15904
6.1712
6.18413
6.19779
6.21218
6.22727
6.24303
6.25943
6.27641
6.2939
6.31182
6.33006
6.34854
6.36714
6.38578
6.40436
6.42281
6.44103
6.45897
6.47654
6.49368
6.51028
6.52625
6.54148
6.55585
6.56922
6.58147
6.59248
6.60216
6.61042
6.61722
6.62253
6.62633
6.62863
6.62945
6.62885
6.6269
6.62367
6.61927
6.61381
6.60743
6.60026
6.59247
6.58422
6.57567
6.56699
6.55836
6.54994
6.54188
6.53429
6.5273
6.52098
6.51536
6.51047
6.50625
6.50265
6.49956
6.49685
6.49438
6.49202
6.48961
6.48703
6.48416
6.4809
6.47718
6.47297
6.46827
6.46314
6.45766
6.45199
6.44631
6.44084
6.43582
6.43148
6.42807
6.42583
6.42499
6.42572
6.42818
6.43248
6.43862
6.44654
6.45605
6.46686
6.47854
6.49061
6.50255
6.51395
6.52455
6.53426
6.54311
6.55114
6.55832
6.5646
6.57001
6.57466
6.57883
6.58284
6.58706
6.59185
6.59749
6.60423
6.61225
6.62169
6.63266
6.64521
6.65936
6.67508
6.69234
6.71102
6.73102
6.75214
6.77419
6.79688
6.81989
6.84284
6.86533
6.8869
6.90713
6.92561
6.94202
6.95613
6.96782
6.97703
6.98377
6.98804
6.98985
6.98928
6.98644
6.9816
6.97505
6.96712
6.95812
6.94826
6.93772
6.92667
6.91526
6.90364
6.892
6.88045
6.86907
6.85788
6.84683
6.8358
6.82469
6.81346
6.80216
6.79096
6.78013
6.76996
6.76068
6.75244
6.74531
6.73928
6.73426
6.73007
6.7264
6.72287
6.71905
6.71455
6.7091
6.70257
6.69493
6.68618
6.67629
6.66521
6.65296
6.6396
6.62529
6.61022
6.59459
6.57854
6.56218
6.54555
6.52864
6.51141
6.49382
6.4758
6.45734
6.43843
6.4191
6.3994
6.37944
6.35934
6.33928
6.31943
6.3
6.28118
6.26316
6.24609
6.23007
6.21517
6.2014
6.18872
6.17705
6.16628
6.15628
6.14691
6.13806
6.12967
6.12169
6.11413
6.10704
6.10052
6.09468
6.08966
6.08564
6.0828
6.08133
6.08143
6.08328
6.08705
6.09285
6.10077
6.11086
6.12311
6.13748
6.15386
6.17212
6.19209
6.21358
6.23637
6.26025
6.28499
6.31039
6.33625
6.36241
6.38873
6.41512
6.44153
6.46798
6.49448
6.52112
6.54799
6.57519
6.60282
6.63098
6.6597
6.68899
6.71878
6.7489
6.77907
6.80892
6.83797
6.86566
6.89141
6.91463
6.93478
6.95144
6.96427
6.97304
6.9776
6.97786
6.97379
6.9654
6.95278
6.93609
6.91556
6.89152
6.86434
6.83445
6.80231
6.76837
6.73306
6.69676
6.65981
6.62249
6.58507
6.54779
6.51084
6.47445
6.43878
6.40402
6.37031
6.33782
6.30668
6.27703
6.24904
6.22283
6.19855
6.17636
6.15639
6.13877
6.12361
6.11101
6.10104
6.09375
6.08915
6.08722
6.08791
6.09112
6.09673
6.10453
6.11432
6.12582
6.13873
6.15273
6.16749
6.18266
6.19791
6.21292
6.22742
6.24115
6.25394
6.26565
6.27622
6.28563
6.29393
6.3012
6.30758
6.31325
6.31838
6.3232
6.32792
6.33276
6.33792
6.34358
6.34988
6.35695
6.36483
6.37358
6.38317
6.39357
6.40473
6.41659
6.42909
6.44218
6.45583
6.47002
6.48472
6.49995
6.5157
6.532
6.54889
6.56638
6.58452
6.60331
6.62275
6.64278
6.66334
6.68432
6.7056
6.72705
6.7486
6.77016
6.79171
6.81322
6.83468
6.85601
6.87716
6.89802
6.91848
6.93844
6.95778
6.97634
6.99394
7.01036
7.02534
7.03858
7.04976
7.0586
7.06482
7.06822
7.0687
7.06625
7.06095
7.05298
7.04261
7.03016
7.01601
7.00055
6.98421
6.96737
6.9504
6.9336
6.91724
6.9015
6.88655
6.87246
6.85928
6.84704
6.83573
6.82531
6.81574
6.80699
6.799
6.79174
6.78518
6.7793
6.77408
6.76952
6.76564
6.76243
6.75991
6.75808
6.75695
6.7565
6.75669
6.75747
6.75876
6.76044
6.76242
6.76455
6.76673
6.76885
6.77082
6.77259
6.77413
6.77543
6.77655
6.77757
6.77862
6.77987
6.78155
6.78387
6.7871
6.79149
6.79728
6.80471
6.81397
6.82522
6.83855
6.85401
6.87157
6.89112
6.9125
6.93548
6.9598
6.98518
7.01135
7.03803
7.065
7.09203
7.11894
7.14553
7.1716
7.19696
7.22142
7.24482
7.26701
7.28786
7.30727
7.32514
7.34134
7.35574
7.36821
7.37859
7.38676
7.39258
7.39594
7.39675
7.39498
7.39065
7.38382
7.37462
7.36323
7.34984
7.33468
7.31799
7.30003
7.28105
7.26133
7.24114
7.2207
7.20024
7.17992
7.15985
7.1401
7.12067
7.10153
7.08262
7.06385
7.04518
7.02659
7.00808
6.98971
6.97157
6.95372
6.93624
6.91916
6.9025
6.88624
6.8703
6.85457
6.83886
6.82293
6.80649
6.78925
6.7709
6.75118
6.72986
6.70676
6.68178
6.65488
6.62612
6.59565
6.56366
6.53046
6.49635
6.46168
6.42679
6.39203
6.35772
6.32418
6.29167
6.26045
6.23069
6.20255
6.17613
6.15151
6.1287
6.10773
6.08857
6.07123
6.05568
6.04191
6.0299
6.01965
6.01114
6.00438
5.99933
5.99598
5.99428
5.99417
5.99558
5.99843
6.00262
6.00804
6.0146
6.0222
6.03074
6.04014
6.05033
6.06125
6.07282
6.08498
6.09768
6.11085
6.12442
6.13835
6.15258
6.16706
6.18175
6.1966
6.21152
6.22642
6.24121
6.25577
6.27003
6.28395
6.29754
6.31088
6.32407
6.33721
6.35041
6.36373
6.37722
6.39092
6.40484
6.41898
6.43333
6.44783
6.46246
6.47718
6.49196
6.50681
6.52175
6.53682
6.55206
6.56753
6.58328
6.5994
6.616
6.63323
6.65128
6.67036
6.69072
6.71258
6.73615
6.76158
6.78898
6.81841
6.84988
6.88339
6.91893
6.9565
6.99612
7.03783
7.08162
7.12747
7.17528
7.22489
7.27606
7.32852
7.3819
7.43582
7.48981
7.54336
7.59587
7.64676
7.69548
7.74159
7.78487
7.82533
7.86308
7.89825
7.9309
7.96103
7.98866
8.0139
8.03699
8.05825
8.07809
8.09695
8.11527
8.13341
8.15167
8.17019
8.18902
8.20808
8.22722
8.24617
8.26459
8.28204
8.29803
8.31205
8.32365
8.33254
8.33875
8.34259
8.34458
8.34521
8.34478
8.3434
8.34117
8.33818
8.33458
8.33041
8.32553
8.31955
8.31183
8.30162
8.28822
8.27134
8.2513
8.22892
8.20508
8.18029
8.15466
8.12822
8.1012
8.07409
8.04751
8.02203
7.99807
7.97589
7.9556
7.93716
7.92044
7.90522
7.89127
7.8783
7.86602
7.85417
7.8425
7.83082
7.81899
7.80694
7.79467
7.78222
7.7697
7.75723
7.74496
7.73307
7.72175
7.71118
7.70158
7.69314
7.68604
7.68043
7.67646
7.67423
7.67381
7.67524
7.67856
7.68374
7.69075
7.69954
7.71002
7.72209
7.73563
7.7505
7.76657
7.78369
7.80171
7.82051
7.83995
7.85993
7.88035
7.9011
7.92212
7.94328
7.96444
7.98542
8.00596
8.02581
8.04467
8.06228
8.07832
8.0925
8.10448
8.11395
8.12072
8.12477
8.1264
8.12612
8.12465
8.1226
8.12044
8.11844
8.11678
8.11568
8.11535
8.11596
8.11762
8.12035
8.12405
8.12861
8.13384
8.13957
8.14563
8.15186
8.1581
8.16422
8.17009
8.17556
8.18051
8.1848
8.18832
8.19094
8.19255
8.19306
8.19237
8.19042
8.18721
8.18278
8.17722
8.1707
8.1634
8.15553
8.14732
8.139
8.13078
8.12287
8.11547
8.10873
8.10278
8.09773
8.09364
8.09054
8.08841
8.08723
8.08694
8.08745
8.08868
8.09055
8.09299
8.09596
8.09944
8.10348
8.10816
8.11359
8.11991
8.12725
8.13576
8.14558
8.15682
8.1696
8.184
8.20009
8.21791
8.23745
8.25868
8.28149
8.30576
8.33129
8.35784
8.38516
8.41292
8.44078
8.46841
8.49543
8.52154
8.54646
8.57001
8.59213
8.61286
8.63238
8.65091
8.66871
8.68605
8.70316
8.72029
8.73768
8.75556
8.77415
8.79365
8.81416
8.83575
8.85838
8.88194
8.90621
8.93092
8.95574
8.9803
9.00418
9.02696
9.04821
9.06751
9.08449
9.09887
9.11044
9.11914
9.12501
9.12823
9.12907
9.12788
9.12503
9.12095
9.11605
9.11078
9.1055
9.10055
9.09619
9.09255
9.08969
9.08752
9.08585
9.08442
9.08288
9.08079
9.07768
9.07306
9.06639
9.05717
9.04491
9.0292
9.00967
8.986
8.95799
8.92555
8.88876
8.84783
8.80314
8.7551
8.70421
8.65098
8.59591
8.53949
8.48217
8.42438
8.3665
8.30897
8.25223
8.19677
8.14305
8.09148
8.04237
7.99595
7.95243
7.91199
7.87483
7.84115
7.81115
7.78495
7.76262
7.74412
7.72929
7.71782
7.70926
7.70304
7.69856
7.69531
7.69305
7.69186
7.69203
7.69383
7.6973
7.70227
7.70848
7.71563
7.7235
7.73186
7.74041
7.74882
7.75678
7.764
7.77029
7.77558
7.77984
7.78314
7.78556
7.78727
7.78849
7.78951
7.79072
7.79252
7.79531
7.79946
7.80528
7.81298
7.82267
7.83436
7.84794
7.86318
7.87978
7.89736
7.91549
7.93369
7.95149
7.96841
7.98392
7.9975
8.00867
8.01701
8.0222
8.02411
8.02273
8.0182
8.01075
8.00073
7.98854
7.9746
7.95939
7.94332
7.92681
7.9102
7.89377
7.87774
7.86223
7.84731
7.83297
7.81915
7.80574
7.79261
7.77962
7.7666
7.75341
7.73991
7.72601
7.71165
7.69685
7.68167
7.66621
7.65063
7.63509
7.61978
7.60485
7.59047
7.57675
7.5638
7.55168
7.54042
7.53003
7.52048
7.51172
7.5037
7.49636
7.48965
7.48351
7.47793
7.4729
7.46842
7.46451
7.46119
7.45849
7.45644
7.45503
7.45429
7.4542
7.45472
7.45582
7.45743
7.45945
7.46178
7.46428
7.46681
7.46922
7.47136
7.47312
7.47442
7.47521
7.4755
7.47537
7.47489
7.4742
7.47343
7.47271
7.4722
7.47204
7.47238
7.47335
7.47511
7.47775
7.48137
7.486
7.49163
7.49818
7.50551
7.51343
7.52172
7.53009
7.53827
7.54596
7.55287
7.55871
7.56322
7.56617
7.56736
7.56662
7.56386
7.55905
7.55221
7.54345
7.53293
7.5209
7.50763
7.49342
7.47858
7.46345
7.44833
7.4335
7.41923
7.40575
7.39329
7.38206
7.37224
7.36404
7.35763
7.35319
7.35085
7.3507
7.35279
7.35707
7.36346
7.3718
7.38189
7.39348
7.40632
7.42013
7.43467
7.44975
7.46518
7.48084
7.49658
7.51225
7.52769
7.54269
7.55703
7.57042
7.58258
7.59316
7.60185
7.60832
7.61238
7.61393
7.61306
7.60994
7.60481
7.59789
7.58941
7.57957
7.56864
7.55694
7.54481
7.53259
7.52061
7.50912
7.49831
7.48829
7.4791
7.47072
7.46308
7.45609
7.4496
7.44347
7.43751
7.43155
7.42543
7.419
7.41211
7.40467
7.39665
7.38802
7.37882
7.36912
7.35903
7.34863
7.33807
7.32747
7.31696
7.30669
7.29683
7.2875
7.27886
7.27104
7.26415
7.25829
7.25354
7.24999
7.24772
7.24681
7.24737
7.24952
7.25337
7.25904
7.26662
7.27617
7.28767
7.30107
7.31622
7.3329
7.35083
7.36964
7.38894
7.40829
7.42723
7.44531
7.46212
7.47727
7.49043
7.50135
7.50986
7.5159
7.51952
7.52088
7.52023
7.51792
7.51432
7.50987
7.505
7.50017
7.49577
7.4922
7.48977
7.48878
7.48945
7.49195
7.49639
7.5028
7.51112
7.52119
7.53271
7.54527
7.5583
7.57119
7.58332
7.59424
7.60374
7.61186
7.61883
7.6248
7.62985
7.63395
7.63714
7.63963
7.64176
7.644
7.6468
7.65056
7.65557
7.66204
7.67009
7.67977
7.69107
7.70394
7.71826
7.73388
7.75061
7.7682
7.78637
7.80479
7.82308
7.84084
7.85766
7.87316
7.88697
7.8988
7.90844
7.91573
7.9206
7.92301
7.92298
7.9206
7.91599
7.90929
7.90071
7.89043
7.87866
7.86559
7.8514
7.83624
7.82025
7.80356
7.78626
7.76846
7.75022
7.73162
7.71272
7.69357
7.67422
7.65474
7.6352
7.6157
7.59635
7.57725
7.5585
7.54018
7.5223
7.50486
7.48776
7.47088
7.45403
7.43702
7.41963
7.40165
7.38287
7.3631
7.34215
7.31987
7.29612
7.27086
7.24411
7.21598
7.18664
7.15631
7.12525
7.09368
7.06184
7.02992
6.99807
6.96638
6.93492
6.90372
6.87279
6.84221
6.81206
6.78252
6.75377
6.72601
6.69941
6.67412
6.65027
6.62802
6.60752
6.58895
6.57249
6.55828
6.54646
6.53712
6.53031
6.52607
6.52441
6.5253
6.5287
6.53454
6.5427
6.55304
6.56536
6.57939
6.59479
6.61116
6.628
6.6448
6.66099
6.67609
6.68969
6.70152
6.71149
6.71962
6.72605
6.73098
6.73467
6.73746
6.73972
6.74186
6.74429
6.74741
6.75152
6.75688
6.76359
6.77166
6.78095
6.79123
6.80216
6.81337
6.82447
6.83513
6.84511
6.85426
6.86249
6.86981
6.87623
6.88182
6.88667
6.89095
6.89487
6.89871
6.90281
6.90752
6.9132
6.92021
6.92886
6.93938
6.95196
6.96672
6.98371
7.00291
7.02423
7.04755
7.07265
7.0993
7.12722
7.15614
7.18577
7.21585
7.2461
7.27627
7.30612
7.33547
7.3642
7.39225
7.41963
7.44637
7.47252
7.49814
7.52328
7.54797
7.57223
7.59605
7.6194
7.64224
7.66453
7.68621
7.70722
7.72751
7.74704
7.76575
7.78364
7.80068
7.81688
7.83227
7.8469
7.86081
7.87407
7.88675
7.89893
7.91068
7.92212
7.93338
7.94463
7.95607
7.9679
7.98037
7.99367
8.00801
8.02353
8.04032
8.0584
8.07772
8.09813
8.11941
8.14126
8.16332
8.18518
8.20645
8.22675
8.24571
8.26301
8.27836
8.29149
8.30221
8.31034
8.31579
8.31851
8.3185
8.3158
8.31044
8.30249
8.29199
8.27901
8.26358
8.24576
8.22558
8.20308
8.17832
8.15139
8.12241
8.09155
8.05904
8.02515
7.99019
7.95449
7.91844
7.8824
7.84676
7.81188
7.77814
7.74585
7.71532
7.68678
7.66043
7.63637
7.61463
7.59514
7.57774
7.56217
7.54812
7.53521
7.52307
7.51137
7.49987
7.48843
7.47698
7.46547
7.45384
7.442
7.42987
7.41741
7.40462
7.39155
7.37828
7.36486
7.35133
7.33769
7.32393
7.30998
7.29577
7.28124
7.26629
7.25082
7.23477
7.21806
7.20067
7.18258
7.16383
7.1445
7.12465
7.10437
7.08369
7.06263
7.04116
7.0192
6.99668
6.97357
6.94992
6.92587
6.90169
6.87773
6.85439
6.83205
6.81103
6.79169
6.77434
6.75934
6.74703
6.73774
6.73173
6.72923
6.73035
6.73516
6.74364
6.75571
6.77122
6.79001
6.81186
6.83656
6.86387
6.89351
6.9252
6.95862
6.9934
7.02913
7.06533
7.10149
7.13705
7.17146
7.20423
7.23501
7.26361
7.28999
7.31429
7.33669
7.35742
7.37675
7.39498
7.41249
7.42967
7.44694
7.46464
7.48304
7.50229
7.52246
7.54348
7.56518
7.58731
7.60951
7.63136
7.65245
7.67246
7.69122
7.70876
7.72524
7.74089
7.75593
7.7705
7.78467
7.79846
7.81185
7.8248
7.83721
7.84894
7.85985
7.8698
7.87869
7.88643
7.89285
7.89775
7.90088
7.90203
7.90105
7.89794
7.89277
7.88575
7.87713
7.86718
7.85614
7.84419
7.83141
7.81781
7.80328
7.78767
7.7708
7.75254
7.73285
7.71176
7.68941
7.6659
7.64129
7.6156
7.58886
7.56114
7.53259
7.50346
7.474
7.44449
7.41519
7.38633
7.3581
7.33066
7.30415
7.27864
7.25421
7.23087
7.20863
7.18748
7.16743
7.1485
7.13071
7.11412
7.09876
7.08467
7.07184
7.06026
7.04989
7.04068
7.03256
7.02544
7.01926
7.01391
7.00929
7.00532
7.00192
6.999
6.99651
6.99442
6.99271
6.99137
6.99038
6.98975
6.98946
6.98947
6.98976
6.99028
6.99101
6.992
6.99335
6.99521
6.99783
7.00145
7.00631
7.01265
7.02068
7.03058
7.04256
7.05676
7.07331
7.09224
7.11354
7.13708
7.16266
7.19002
7.21885
7.24884
7.27964
7.31091
7.3423
7.37345
7.40399
7.43359
7.46193
7.48875
7.51386
7.5371
7.55838
7.57769
7.59507
7.61061
7.62448
7.63688
7.648
7.65807
7.66727
7.67574
7.68364
7.69103
7.69799
7.70449
7.71047
7.71581
7.72031
7.72374
7.72586
7.72639
7.7251
7.72176
7.71617
7.70817
7.69762
7.68445
7.66863
7.65025
7.62945
7.6064
7.58132
7.5544
7.5258
7.4957
7.46429
7.43181
7.39856
7.36483
7.33094
7.29715
7.26375
7.23098
7.19909
7.16831
7.13886
7.11098
7.08484
7.06061
7.03841
7.01835
7.00049
6.98484
6.97141
6.96017
6.95106
6.944
6.93886
6.93553
6.93387
6.93373
6.93497
6.93745
6.94102
6.94556
6.95091
6.95693
6.9635
6.97048
6.97777
6.9853
6.99304
7.00097
7.00912
7.01753
7.02627
7.03538
7.04488
7.05481
7.06513
7.07582
7.08682
7.09803
7.10937
7.12071
7.13195
7.143
7.15377
7.16423
7.1744
7.18433
7.19416
7.20404
7.21419
7.22483
7.23623
7.24867
7.26243
7.27777
7.29495
7.31415
7.33553
7.35916
7.38503
7.41307
7.44309
7.47484
7.50798
7.54208
7.57668
7.61128
7.64541
7.67863
7.71061
7.74108
7.76994
7.79716
7.82282
7.84708
7.87012
7.89215
7.91339
7.93403
7.95427
7.97424
7.99401
8.01358
8.03288
8.05176
8.07005
8.08753
8.104
8.1193
8.13329
8.14588
8.15704
8.16678
8.17517
8.18233
8.18843
8.19372
8.19846
8.20298
8.20759
8.21262
8.21839
8.22515
8.23315
8.24257
8.25354
8.26616
8.28053
8.29669
8.31471
8.33462
8.35649
8.38032
8.40612
8.43383
8.46334
8.4944
8.52666
8.55958
8.59239
8.62412
8.65354
8.67933
8.70026
8.71554
8.72501
8.72899
8.72785
8.72169
8.71036
8.69385
8.67248
8.64697
8.61823
8.58723
8.55488
8.52194
8.48909
8.45689
8.42581
8.39623
8.3685
8.34289
8.31963
8.29888
8.28076
8.26531
8.25257
8.24254
8.23519
8.23049
8.22838
8.2288
8.23161
8.23666
8.24368
8.25228
8.26193
8.27191
8.28137
8.28941
8.29527
8.2985
8.29903
8.29706
8.29278
8.28628
8.27757
8.26678
8.25424
8.24045
8.22602
8.21157
8.19769
8.18489
8.17357
8.16405
8.15654
8.15118
8.14799
8.14694
8.14787
8.15046
8.15425
8.15856
8.16256
8.16544
8.16662
8.16604
8.16413
8.16155
8.15877
8.15587
8.15274
8.14941
8.14614
8.14336
8.14153
8.14104
8.14215
8.14504
8.14975
8.15626
8.16451
8.17437
8.18566
8.19822
8.21183
8.2263
8.2414
8.25687
8.27243
8.28772
8.30237
8.31598
8.3282
8.33873
8.34743
8.35431
8.3595
8.36321
8.36567
8.36714
8.36785
8.36809
8.36814
8.36829
8.36878
8.36981
8.37146
8.37376
8.37659
8.3798
8.38312
8.38623
8.3888
8.39048
8.39097
8.39009
8.38778
8.38418
8.3795
8.3741
8.36834
8.36257
8.3571
8.35223
8.34825
8.34552
8.34439
8.34523
8.34831
8.35371
8.36137
8.37098
8.38209
8.39412
8.40647
8.41861
8.43018
8.44096
8.45083
8.45966
8.46725
8.47342
8.47813
8.48151
8.48389
8.48565
8.48719
8.48887
8.49097
8.49372
8.49728
8.50169
8.50689
8.5127
8.51884
8.52498
8.5308
8.53605
8.54056
8.54419
8.54678
8.54816
8.54816
8.54671
8.54381
8.53962
8.53439
8.52844
8.52213
8.51583
8.50989
8.50465
8.50037
8.49728
8.49551
8.49511
8.49603
8.49809
8.50104
8.50453
8.50811
8.51131
8.51359
8.51441
8.51324
8.50958
8.50301
8.49324
8.48014
8.46375
8.44425
8.42194
8.39722
8.3705
8.34225
8.31295
8.28307
8.25305
8.22336
8.19438
8.16649
8.14
8.11517
8.09214
8.071
8.05173
8.0342
8.01825
8.0036
7.98996
7.97704
7.9645
7.95208
7.9395
7.92652
7.91289
7.8984
7.88285
7.86607
7.84794
7.82842
7.80753
7.78534
7.762
7.73769
7.71263
7.68707
7.66125
7.63544
7.6099
7.58489
7.56065
7.53742
7.51542
7.49485
7.47585
7.45857
7.4431
7.42949
7.41776
7.40786
7.39971
7.3932
7.38813
7.38429
7.38142
7.37921
7.37734
7.37549
7.37333
7.37057
7.36695
7.36228
7.35645
7.34941
7.34123
7.332
7.32191
7.31117
7.3
7.28865
7.27735
7.26633
7.25581
7.24594
7.23688
7.22873
7.22153
7.21533
7.21011
7.20583
7.20243
7.19981
7.19787
7.19647
7.1955
7.19482
7.19434
7.19395
7.19354
7.193
7.19218
7.19086
7.18884
7.18586
7.18171
7.17623
7.16934
7.16107
7.15154
7.14089
7.12932
7.11702
7.1042
7.09112
7.07808
7.06537
7.05329
7.04211
7.03203
7.02317
7.01561
7.00938
7.00445
7.0008
6.99839
6.99716
6.99705
6.998
6.9999
7.00268
7.00627
7.01058
7.01557
7.02119
7.0274
7.03415
7.04135
7.04893
7.05679
7.0648
7.07286
7.08084
7.08864
7.09618
7.10339
7.11025
7.11674
7.12288
7.12873
7.13435
7.13983
7.14529
7.15081
7.15649
7.16239
7.16856
7.17499
7.18166
7.18853
7.19554
7.20261
7.20968
7.21672
7.22368
7.23054
7.23732
7.24404
7.25078
7.25767
7.26487
7.27261
7.28113
7.29069
7.30155
7.31397
7.32815
7.34425
7.36237
7.38251
7.40456
7.42834
7.45354
7.47976
7.50652
7.53335
7.55973
7.58522
7.60944
7.63208
7.65286
7.67156
7.68799
7.70201
7.7136
7.72282
7.72985
7.73495
7.73836
7.74033
7.74106
7.74072
7.73945
7.7373
7.73426
7.73022
7.72498
7.71833
7.71004
7.69995
7.68801
7.67427
7.65888
7.6421
7.62424
7.60565
7.58675
7.56798
7.54981
7.53274
7.51725
7.50377
7.4927
7.48438
7.47907
7.47696
7.47819
7.48282
7.49083
7.50219
7.51677
7.53442
7.55494
7.57806
7.6035
7.63092
7.65997
7.69026
7.72138
7.75292
7.78449
7.81571
7.84622
7.87572
7.90392
7.93058
7.9555
7.97854
7.99961
8.01868
8.0358
8.05108
8.06469
8.07686
8.08784
8.09786
8.1072
8.11609
8.12473
8.1333
8.14192
8.15069
8.15964
8.16877
8.17806
8.18749
8.19704
8.20668
8.21638
8.22609
8.23568
8.24498
8.25375
8.26172
8.26862
8.27424
8.27845
8.28117
8.28232
8.28183
8.27955
8.27534
8.26907
8.26081
8.2508
8.23953
8.22759
8.21558
8.204
8.19322
8.1836
8.17547
8.16917
8.16504
8.16335
8.16432
8.16808
8.1747
8.18416
8.19641
8.21136
8.22888
8.24884
8.2711
8.29549
8.32184
8.34995
8.37959
8.41051
8.44238
8.47483
8.50744
8.53973
8.57119
8.60132
8.62964
8.65571
8.67917
8.69969
8.71697
8.73072
8.7406
8.74623
8.7472
8.74307
8.73343
8.71792
8.69634
8.66863
8.63494
8.59557
8.5509
8.50132
8.44727
8.38923
8.32776
8.26351
8.19721
8.12959
8.06139
7.99327
7.92587
7.85972
7.79527
7.73292
7.67297
7.61564
7.56111
7.50949
7.46086
7.41525
7.37267
7.33309
7.29647
7.26277
7.23192
7.20385
7.17851
7.15582
7.13572
7.11814
7.10302
7.09028
7.07986
7.07167
7.06565
7.06173
7.05984
7.0599
7.06186
7.06563
7.07117
7.07838
7.0872
7.09757
7.1094
7.12263
7.13719
7.15303
7.17006
7.18824
7.20752
7.22783
7.24912
7.27137
7.29453
7.31858
7.34351
7.36932
7.396
7.42355
7.45194
7.48114
7.51108
7.54164
7.57269
7.60402
7.63534
7.66624
7.69622
7.72471
7.75111
7.7748
7.79523
7.81183
7.82406
7.83144
7.83367
7.83073
7.82289
7.81056
7.79418
7.77416
7.75084
7.72463
7.69599
7.66546
7.63357
7.60086
7.56777
7.5347
7.50196
7.46982
7.43852
7.40827
7.37927
7.35168
7.32569
7.30143
7.27902
7.25854
7.24005
7.22359
7.20914
7.1967
7.18618
7.17751
7.17057
7.1652
7.16124
7.15852
7.15686
7.15608
7.15601
7.1565
7.15744
7.15872
7.16028
7.16211
7.16422
7.16669
7.16962
7.17315
7.17747
7.18277
7.18929
7.19727
7.20696
7.21858
7.23235
7.24843
7.26694
7.2879
7.31127
7.33689
7.36452
7.39378
7.4242
7.45524
7.48631
7.51685
7.54636
7.57447
7.60091
7.62548
7.64809
7.66868
7.6873
7.70407
7.71924
7.73315
7.7462
7.75882
7.77145
7.78455
7.7985
7.81366
7.8303
7.84859
7.86863
7.89042
7.91384
7.93872
7.96477
7.9916
8.01871
8.04552
8.07135
8.09543
8.11698
8.13521
8.14939
8.1589
8.16331
8.1624
8.15615
8.14473
8.12843
8.10761
8.08272
8.05424
8.0227
7.98867
7.95268
7.91525
7.87682
7.83776
7.79836
7.75887
7.7195
7.68042
7.64184
7.60393
7.56688
7.53088
7.49608
7.46265
7.43078
7.40065
7.37244
7.34634
7.32251
7.30105
7.28202
7.26542
7.25117
7.23913
7.22907
7.2207
7.21367
7.20759
7.20208
7.19673
7.19121
7.18523
7.17858
7.17115
7.16288
7.15379
7.14393
7.13336
7.12217
7.11041
7.0981
7.08524
7.07176
7.05759
7.04264
7.02682
7.0101
6.99248
6.97406
6.95499
6.93546
6.91572
6.896
6.87656
6.85765
6.8395
6.82238
6.80655
6.79229
6.77982
6.76937
6.76113
6.75525
6.75183
6.75095
6.75266
6.75698
6.76393
6.77351
6.78569
6.80047
6.8178
6.83763
6.85992
6.88458
6.91149
6.94053
6.97149
7.00415
7.03821
7.0733
7.10899
7.1448
7.18022
7.2147
7.2477
7.27866
7.30702
7.33225
7.35384
7.37143
7.3848
7.39396
7.39913
7.40065
7.399
7.39467
7.38819
7.38008
7.37085
7.36093
7.35068
7.34035
7.33005
7.31979
7.30948
7.29905
7.2885
7.27793
7.26752
7.25744
7.24779
7.23855
7.22965
7.22103
7.2127
7.20471
7.19722
7.19038
7.1844
7.17945
7.1757
7.17331
7.17239
7.173
7.17521
7.17902
7.1844
7.19129
7.19961
7.20925
7.2201
7.23198
7.24469
7.25793
7.27135
7.28454
7.29708
7.30861
7.31888
7.32776
7.33526
7.34148
7.3465
7.35042
7.35337
7.35554
7.35721
7.35877
7.36062
7.36308
7.36639
7.37065
7.37589
7.38213
7.38948
7.39812
7.40835
7.42044
7.43454
7.45065
7.46861
7.48822
7.50925
7.5315
7.55475
7.57879
7.6034
7.62839
7.65349
7.67845
7.70294
7.72661
7.74911
7.77011
7.78934
7.80655
7.82151
7.83405
7.844
7.85129
7.85589
7.85786
7.85733
7.85453
7.84972
7.84324
7.83546
7.82677
7.81764
7.80855
7.8
7.79249
7.7865
7.78245
7.78069
7.78147
7.78495
7.79115
7.79997
7.81123
7.8246
7.83969
7.85604
7.8731
7.89024
7.90681
7.92221
7.9361
7.94852
7.95998
7.97115
7.9826
7.99468
8.0076
8.02162
8.03718
8.0548
8.07496
8.09802
8.12413
8.15328
8.18524
8.21967
8.2561
8.29398
8.33271
8.37166
8.41016
8.44756
8.48317
8.51639
8.54667
8.57358
8.59684
8.61634
8.63213
8.64444
8.65359
8.66
8.6641
8.66634
8.66707
8.66654
8.66484
8.66185
8.65731
8.65095
8.64268
8.63275
8.62167
8.61
8.59811
8.58613
8.57414
8.56237
8.55118
8.54102
8.53229
8.52527
8.5201
8.51683
8.51539
8.51566
8.51749
8.52075
8.5253
8.53104
8.5379
8.5458
8.55469
8.56452
8.57526
8.5869
8.59944
8.61291
8.6273
8.64259
8.65868
8.67539
8.69241
8.70931
8.72557
8.74061
8.7539
8.76506
8.77389
8.78037
8.78459
8.78665
8.78669
8.78485
8.78137
8.77664
8.77112
8.76535
8.75984
8.75502
8.75122
8.74862
8.74726
8.7471
8.74802
8.74983
8.75237
8.75544
8.75884
8.76233
8.76559
8.76821
8.7697
8.76956
8.76734
8.76273
8.75554
8.74577
8.73358
8.71933
8.70348
8.68648
8.66855
8.64963
8.62955
8.60816
8.58548
8.56177
8.53743
8.51296
8.48876
8.46514
8.44227
8.42028
8.39929
8.37945
8.36093
8.34384
8.32822
8.31405
8.30126
8.28975
8.27943
8.27023
8.26212
8.25509
8.24913
8.24424
8.24042
8.23766
8.23595
8.23527
8.2356
8.23688
8.23901
8.24186
8.24529
8.24916
8.25338
8.25784
8.26241
8.26696
8.27127
8.27511
8.27825
8.28053
8.28188
8.28235
8.28209
8.28129
8.2802
8.27905
8.27806
8.27743
8.27735
8.27797
8.27942
8.28176
8.28501
8.28906
8.29374
8.29877
8.30382
8.30852
8.3125
8.3154
8.31693
8.31684
8.31496
8.31117
8.30544
8.29783
8.28846
8.27754
8.26536
8.25222
8.23848
8.2245
8.21066
8.19732
8.18484
8.17353
8.16367
8.15548
8.1491
8.14461
8.14201
8.14123
8.14216
8.14464
8.14852
8.15371
8.16017
8.16796
8.17719
8.18799
8.2005
8.21484
8.2311
8.24935
8.26964
8.292
8.31643
8.34286
8.37124
8.40145
8.43341
8.46703
8.50227
8.53913
8.57766
8.61791
8.65998
8.70398
8.74999
8.79811
8.84838
8.90077
8.95515
9.01129
9.06881
9.1272
9.18582
9.24395
9.30077
9.35547
9.4072
9.45519
9.49872
9.5372
9.57024
9.59769
9.6197
9.63663
9.64908
9.65777
9.66349
9.66705
9.66927
9.67095
9.67278
9.67537
9.67914
9.68436
9.69111
9.69935
9.70894
9.71971
9.73142
9.74376
9.75622
9.76805
9.77836
9.78619
9.79072
9.79152
9.78856
9.7822
9.7729
9.76104
9.74681
9.73036
9.71189
9.69177
9.67041
9.64822
9.62553
9.60253
9.57937
9.55612
9.53285
9.50957
9.4863
9.46298
9.43952
9.41582
9.39177
9.36729
9.34235
9.31699
9.29128
9.26534
9.23932
9.2134
9.18779
9.16274
9.13846
9.11522
9.09324
9.07273
9.05386
9.03676
9.02149
9.00804
8.99633
8.98621
8.9775
8.96992
8.9632
8.95706
8.95118
8.94526
8.93904
8.93224
8.92468
8.91627
8.90707
8.89735
8.88753
8.87811
8.86961
8.86247
8.857
8.85342
8.85184
8.85229
8.85472
8.85907
8.86524
8.87311
8.88252
8.8932
8.90478
8.91683
8.92891
8.94064
8.95169
8.96182
8.97081
8.97854
8.98492
8.98992
8.99356
8.99588
8.99689
8.99665
8.99519
8.99258
8.9889
8.98427
8.97881
8.97264
8.96588
8.95862
8.95097
8.94298
8.93466
8.92599
8.91684
8.90703
8.89632
8.88445
8.87123
8.85662
8.84074
8.82384
8.80618
8.78798
8.76928
8.74998
8.72984
8.70851
8.6856
8.66087
8.63443
8.60689
8.57909
8.55172
8.52502
8.49886
8.47307
8.44769
8.42299
8.39935
8.37715
8.35668
8.33812
8.32154
8.30693
8.29419
8.28314
8.27353
8.26505
8.25735
8.25001
8.24263
8.23483
8.22626
8.21664
8.20582
8.19369
8.18026
8.16559
8.14978
8.13302
8.11551
8.09748
8.07921
8.06093
8.04286
8.02517
8.00796
7.99125
7.97506
7.95938
7.94421
7.92965
7.91583
7.90297
7.89133
7.8812
7.87285
7.86659
7.8627
7.86146
7.86311
7.86787
7.87586
7.88715
7.90164
7.91915
7.93935
7.9618
7.98598
8.01134
8.03731
8.06339
8.08919
8.11442
8.13888
8.16248
8.18518
8.20692
8.22763
8.24719
8.26548
8.28246
8.2982
8.31295
8.32698
8.34053
8.35367
8.36639
8.37864
8.39044
8.40192
8.41331
8.42482
8.43669
8.44909
8.46216
8.47599
8.49059
8.5059
8.52176
8.53794
8.55406
8.56969
8.58438
8.5978
8.60982
8.6206
8.63051
8.63992
8.64901
8.65774
8.66593
8.67341
8.68007
8.68581
8.69044
8.69367
8.69509
8.69422
8.69061
8.68394
8.67399
8.66072
8.64418
8.62451
8.60195
8.57685
8.54962
8.52073
8.49062
8.45971
8.4283
8.39666
8.36498
8.33339
8.30196
8.27061
8.2392
8.2075
8.17532
8.14258
8.10944
8.07623
8.0434
8.01139
7.98052
7.95111
7.92345
7.89792
7.8749
7.85479
7.83793
7.82459
7.81493
7.80904
7.80696
7.80862
7.81394
7.82278
7.83497
7.85031
7.86854
7.88935
7.91237
7.93713
7.96308
7.98957
8.01588
8.04134
8.06537
8.0876
8.10797
8.12671
8.14425
8.1611
8.17777
8.19467
8.21215
8.23045
8.24965
8.26964
8.2901
8.31052
8.33034
8.34911
8.36661
8.38274
8.39734
8.41003
8.42025
8.42747
8.43134
8.43178
8.4289
8.42295
8.41421
8.40301
8.38968
8.37459
8.35809
8.34054
8.32228
8.30365
8.28495
8.26643
8.24833
8.23079
8.21392
8.19772
8.18214
8.16703
8.15224
8.1376
8.12297
8.10834
8.09378
8.07951
8.06579
8.05289
8.041
8.03028
8.02085
8.01288
8.00654
8.00203
7.99953
7.99919
8.00109
8.00528
8.01174
8.02036
8.03097
8.04329
8.05693
8.07139
8.08606
8.10027
8.11342
8.12507
8.13506
8.14341
8.15028
8.15576
8.15988
8.16263
8.16412
8.1646
8.16446
8.16415
8.16412
8.16477
8.16644
8.16939
8.17379
8.17977
8.18737
8.19656
8.20725
8.21927
8.23239
8.24627
8.26054
8.27473
8.28837
8.30098
8.3121
8.32135
8.32842
8.33309
8.3352
8.33468
8.33156
8.32593
8.31797
8.30791
8.29603
8.28257
8.26774
8.25175
8.23475
8.21685
8.19817
8.17881
8.15884
8.13834
8.11737
8.09602
8.07435
8.05245
8.03046
8.00851
7.98679
7.96552
7.94495
7.92534
7.90699
7.89016
7.87515
7.86218
7.85148
7.84322
7.83753
7.83449
7.83412
7.83635
7.84108
7.84812
7.85722
7.86809
7.88042
7.89388
7.90815
7.92289
7.93783
7.95269
7.96724
7.98128
7.99467
8.00733
8.01924
8.03044
8.04101
8.05113
8.061
8.07086
8.081
8.09172
8.10332
8.11611
8.13037
8.14631
8.16411
8.18385
8.20551
8.22898
8.25399
8.28017
8.307
8.33389
8.36019
8.38527
8.40859
8.42977
8.44855
8.46478
8.47839
8.48931
8.49754
8.50312
8.50613
8.50675
8.50513
8.50144
8.49576
8.4881
8.47839
8.46646
8.45208
8.435
8.41502
8.39199
8.3659
8.3369
8.30524
8.27123
8.23526
8.19771
8.15901
8.11962
8.08005
8.04082
8.00243
7.96537
7.93005
7.89683
7.86598
7.83772
7.81217
7.78942
7.76947
7.75226
7.73769
7.72555
7.71562
7.70758
7.7011
7.69578
7.69125
7.68712
7.68302
7.67865
7.67375
7.66811
7.66159
7.65411
7.64565
7.63629
7.62612
7.61534
7.60415
7.59278
7.5815
7.57057
7.56028
7.5509
7.54272
7.53599
7.5309
7.52762
7.52625
7.52687
7.52952
7.53422
7.54096
7.54969
7.56031
7.57269
7.58664
7.60192
7.61825
7.63532
7.6528
7.67035
7.68768
7.70452
7.72067
7.736
7.75039
7.76376
7.77605
7.78722
7.79724
7.80611
7.81389
7.82066
7.8265
7.83157
7.83598
7.83991
7.84351
7.84694
7.85037
7.85393
7.85775
7.86196
7.86664
7.87183
7.87755
7.88377
7.8904
7.89733
7.90443
7.91152
7.91842
7.92498
7.93103
7.93645
7.94112
7.94497
7.9479
7.94981
7.95058
7.95005
7.94799
7.94415
7.93826
7.93012
7.91962
7.90677
7.89173
7.87477
7.85618
7.83626
7.81529
7.79356
7.77139
7.74907
7.72691
7.70518
7.68412
7.66389
7.64464
7.62651
7.60961
7.59404
7.57991
7.56729
7.55624
7.54678
7.53892
7.53263
7.52792
7.52474
7.52306
7.52283
7.52396
7.52637
7.52994
7.53455
7.54005
7.54631
7.55318
7.56051
7.56817
7.57602
7.58397
7.59194
7.59988
7.60776
7.6156
7.62343
7.63127
7.63919
7.64722
7.65542
7.66381
7.67242
7.68125
7.69025
7.69933
7.70835
7.71711
7.72538
7.73287
7.73928
7.7443
7.74759
7.7489
7.74803
7.74489
7.73956
7.73217
7.72297
7.71217
7.69999
7.68665
7.67235
7.65731
7.64178
7.62601
7.61032
7.59501
7.58041
7.56682
7.55455
7.54382
7.53486
7.52787
7.52302
7.5205
7.52045
7.52298
7.52814
7.53593
7.54627
7.55904
7.57405
7.59108
7.6099
7.63025
7.65187
7.67447
7.69773
7.72131
7.74483
7.76793
7.79026
7.81154
7.83149
7.84985
7.86635
7.88065
7.89238
7.90118
7.90676
7.90898
7.90789
7.90378
7.89701
7.88799
7.87708
7.86459
7.85085
7.83629
7.82142
7.80679
7.79292
7.78029
7.76928
7.76018
7.75321
7.74847
7.74601
7.7458
7.74773
7.75161
7.75724
7.76431
7.77254
7.78157
7.79109
7.80074
7.81022
7.81922
7.82748
7.83473
7.84078
7.84541
7.84845
7.84974
7.84913
7.8465
7.84175
7.8348
7.82563
7.81425
7.80071
7.78511
7.76761
7.74837
7.72762
7.70559
7.68253
7.65871
7.63439
7.60984
7.58534
7.56113
7.53745
7.51449
7.49242
7.47137
7.45144
7.4327
7.41521
7.39904
7.3843
7.37114
7.35973
7.3503
7.34304
7.33812
7.33566
7.33569
7.33818
7.34298
7.3498
7.35827
7.36791
7.3783
7.38913
7.40036
7.41212
7.42461
7.4379
7.45194
7.46662
7.4819
7.49788
7.51476
7.5328
7.55223
7.57327
7.59606
7.62069
7.64719
7.67555
7.70571
7.7376
7.7711
7.80607
7.84237
7.8798
7.91815
7.9572
7.99669
8.03635
8.07591
8.11511
8.15368
8.19141
8.22809
8.26357
8.29772
8.33044
8.36168
8.39142
8.41969
8.44654
8.47209
8.49647
8.51987
8.5425
8.5646
8.58639
8.60812
8.62998
8.65216
8.67482
8.69806
8.72197
8.7466
8.77199
8.79812
8.82499
8.85258
8.88086
8.90979
8.93933
8.96937
8.99978
9.03032
9.0607
9.0906
9.11967
9.14764
9.17425
9.1993
9.2226
9.24399
9.26339
9.28077
9.29609
9.30926
9.32002
9.32806
9.33304
9.3347
9.33296
9.32792
9.31987
9.30921
9.29633
9.28154
9.26513
9.24737
9.22861
9.20926
9.18976
9.17049
9.1518
9.13391
9.11693
9.10087
9.08565
9.0711
9.05698
9.04307
9.02912
9.01495
9.00043
8.98548
8.97006
8.9542
8.93793
8.92133
8.9045
8.88759
8.87079
8.85429
8.83829
8.82294
8.80834
8.79451
8.78136
8.76872
8.75638
8.74407
8.73152
8.71857
8.70511
8.69119
8.67689
8.66235
8.64767
8.63293
8.61824
8.60372
8.58959
8.57613
8.56364
8.55246
8.54287
8.53508
8.52922
8.52532
8.52328
8.5229
8.52386
8.52574
8.52813
8.53063
8.53298
8.53501
8.53664
8.53776
8.53825
8.53792
8.53665
8.53441
8.53126
8.52737
8.52295
8.51823
8.5134
8.50864
8.50409
8.49988
8.49611
8.49288
8.49024
8.48826
8.48698
8.48639
8.48651
8.48732
8.48877
8.49081
8.49338
8.49637
8.49967
8.50315
8.50667
8.51009
8.51332
8.51629
8.51896
8.52137
8.52361
8.52581
8.52815
8.53085
8.53416
8.53834
8.54362
8.55016
8.5581
8.56746
8.57822
8.59026
8.60341
8.61739
8.6319
8.64654
8.66088
8.67443
8.68671
8.69726
8.70568
8.71174
8.71533
8.71657
8.71571
8.71314
8.70933
8.7048
8.70008
8.69576
8.69244
8.69074
8.69126
8.69455
8.70104
8.71108
8.72487
8.74243
8.76366
8.78829
8.81587
8.84584
8.87748
8.90998
8.94242
8.97388
9.0034
9.03008
9.05306
9.07163
9.08525
9.09363
9.09678
9.09498
9.0887
9.07849
9.06488
9.04832
9.02926
9.00815
8.98547
8.96171
8.93731
8.91268
8.88814
8.86393
8.84025
8.81725
8.79509
8.77393
8.75389
8.73514
8.71778
8.70187
8.68743
8.67442
8.66273
8.6522
8.64264
8.63383
8.62553
8.6175
8.60949
8.60131
8.59285
8.58409
8.57521
8.56648
8.5583
8.55108
8.54526
8.54125
8.53949
8.54036
8.54425
8.55143
8.56209
8.5763
8.59399
8.61496
8.63895
8.66566
8.6948
8.72613
8.75952
8.79484
8.83203
8.87098
8.91154
8.95351
8.99665
9.04068
9.08527
9.13003
9.17448
9.21808
9.2602
9.30021
9.33748
9.37145
9.40166
9.42776
9.44954
9.4669
9.47986
9.48853
9.49309
9.49376
9.49079
9.48449
9.47516
9.46314
9.44876
9.43233
9.41428
9.39515
9.37557
9.35617
9.33746
9.3198
9.30342
9.28852
9.27533
9.26409
9.25504
9.24835
9.24406
9.24207
9.2421
9.24373
9.24646
9.24974
9.25309
9.25614
9.2587
9.26067
9.26203
9.26276
9.26282
9.26217
9.2608
9.25875
9.25609
9.25284
9.24898
9.2444
9.2389
9.23219
9.22401
9.21409
9.20231
9.18862
9.17306
9.15567
9.13642
9.11531
9.09235
9.06763
9.0414
9.01395
8.98566
8.95688
8.92799
8.89931
8.87112
8.84368
8.81719
8.79178
8.76753
8.74442
8.72236
8.7012
8.68071
8.66065
8.6408
8.62095
8.60096
8.58072
8.56015
8.5392
8.51782
8.49602
8.47384
8.45137
8.42875
8.40612
8.38362
8.36138
8.33952
8.3181
8.29716
8.27671
8.25678
8.23747
8.21894
8.2014
8.18513
8.17037
8.15731
8.14615
8.13702
8.13004
8.12531
8.1229
8.12283
8.12509
8.12959
8.1362
8.14477
8.15509
8.16693
8.18002
8.1941
8.20889
8.22408
8.2394
8.25457
8.26936
8.28357
8.29707
8.30981
8.32177
8.33302
8.34367
8.35389
8.3639
8.37393
8.38428
8.39527
8.40722
8.42044
8.43524
8.45185
8.47048
8.49124
8.51414
8.53911
8.56597
8.59442
8.62409
8.65452
8.68523
8.71577
8.74571
8.77472
8.80255
8.82901
8.85398
8.8774
8.89929
8.91973
8.93887
8.9569
8.97399
8.9903
9.00588
9.02076
9.0349
9.04825
9.06079
9.07254
9.08358
9.09402
9.10401
9.11368
9.12316
9.13258
9.14196
9.1512
9.15998
9.16769
9.17346
9.17637
9.17577
9.17163
9.16456
9.15535
9.14429
9.13108
9.11513
9.09604
9.07372
9.04835
9.02026
8.98993
8.95786
8.92458
8.89053
8.85605
8.8214
8.78693
8.75305
8.72033
8.68938
8.66084
8.6353
8.61324
8.59506
8.58104
8.57135
8.56606
8.56514
8.56848
8.57586
8.58703
8.60168
8.61945
8.63996
8.66281
8.68752
8.71354
8.74018
8.76662
8.79188
8.81498
8.83514
8.85202
8.86585
8.87716
8.8863
8.89322
8.89752
8.8989
8.89733
8.89313
8.88682
8.87896
8.87007
8.86053
8.85058
8.84038
8.83004
8.81969
8.80948
8.79956
8.7901
8.78121
8.77299
8.76551
8.75878
8.75283
8.74764
8.74318
8.73938
8.73615
8.73336
8.73088
8.7286
8.72641
8.72422
8.72199
8.71966
8.71715
8.71435
8.71114
8.70739
8.70301
8.69789
8.69201
8.68534
8.67789
8.66969
8.6608
8.65129
8.64126
8.63083
8.62013
8.60928
8.59842
8.58766
8.57709
8.56681
8.55688
8.54739
8.53843
8.53009
8.52253
8.51586
8.51026
8.50588
8.50284
8.50129
8.50133
8.50304
8.5065
8.51177
8.51887
8.52779
8.53847
8.55081
8.56466
8.5798
8.59598
8.61288
8.63017
8.6475
8.66453
8.68094
8.69654
8.71119
8.72489
8.73773
8.74987
8.76151
8.77285
8.78408
8.79538
8.80692
8.81882
8.8312
8.84411
8.85758
8.87159
8.88607
8.90086
8.91571
8.93021
8.94387
8.95619
8.96679
8.97554
8.98265
8.98843
8.99318
8.997
8.99987
9.00184
9.00309
9.00385
9.00437
9.00481
9.00519
9.0054
9.0053
9.00475
9.00367
9.00202
8.99983
8.99705
8.99358
8.98923
8.98377
8.97701
8.96888
8.95948
8.9491
8.93816
8.92711
8.91629
8.90595
8.89625
8.88732
8.8793
8.87234
8.86651
8.86182
8.85815
8.85522
8.85269
8.8501
8.847
8.84295
8.83758
8.83065
8.82204
8.81169
8.79963
8.78592
8.77067
8.75405
8.73629
8.71768
8.69853
8.67911
8.65969
8.64047
8.62161
8.60323
8.58544
8.5683
8.55184
8.53608
8.52101
8.5066
8.49282
8.4796
8.46688
8.45459
8.44268
8.43108
8.41976
8.40868
8.3978
8.38709
8.37651
8.36603
8.35559
8.34515
8.33468
8.32416
8.31358
8.30298
8.29243
8.28203
8.27189
8.26215
8.25292
8.24432
8.23642
8.22924
8.22281
8.2171
8.21206
8.20761
8.20365
8.20005
8.19669
8.19343
8.19017
8.1868
8.18326
8.17949
8.1755
8.1713
8.16692
8.16243
8.15789
8.15338
8.14897
8.14472
8.14067
8.13681
8.1331
8.12945
8.12574
8.12178
8.11737
8.11231
8.10641
8.09952
8.09158
8.0826
8.07271
8.06207
8.0509
8.03941
8.02782
8.01633
8.00516
7.99454
7.9847
7.97581
7.96805
7.96149
7.95616
7.95202
7.94896
7.94679
7.94529
7.9442
7.94324
7.9421
7.9405
7.93819
7.93493
7.93055
7.92493
7.91801
7.90977
7.90027
7.8896
7.87794
7.86546
7.85241
7.83905
7.82564
7.81247
7.79981
7.78793
7.77706
7.76741
7.75916
7.75246
7.74743
7.74414
7.74263
7.7429
7.74493
7.74867
7.75403
7.76092
7.76921
7.77879
7.78952
7.8013
7.81402
7.82757
7.84186
7.85681
7.87232
7.8883
7.90465
7.92123
7.93791
7.95457
7.97109
7.98736
8.00334
8.01901
8.03439
8.04958
8.06469
8.07988
8.09535
8.1113
8.12795
8.14554
8.1643
8.18446
8.20623
8.22974
8.25508
8.28228
8.31129
8.34194
8.37401
8.40714
8.44088
8.47465
8.50779
8.53958
8.56936
8.59657
8.62086
8.64206
8.66019
8.67542
8.688
8.69825
8.70657
8.7134
8.71921
8.72445
8.72952
8.73473
8.74034
8.74647
8.75322
8.7606
8.76856
8.77702
8.78588
8.79499
8.80418
8.81324
8.82193
8.82995
8.83697
8.84259
8.8464
8.84801
8.84704
8.84322
8.83637
8.82643
8.81345
8.79753
8.77883
8.75758
8.73403
8.70847
8.68126
8.65275
8.62331
8.59332
8.5631
8.53297
8.50315
8.47383
8.44514
8.41711
8.38972
8.36292
8.33658
8.31058
8.28479
8.25909
8.23343
8.20776
8.18213
8.15659
8.13125
8.10623
8.08169
8.05783
8.03483
8.01293
7.99234
7.97328
7.95595
7.94051
7.92711
7.91585
7.90681
7.90001
7.89544
7.89306
7.89278
7.89446
7.89792
7.90292
7.90916
7.91625
7.92373
7.93106
7.93762
7.94277
7.94589
7.94649
7.94424
7.93899
7.93077
7.91965
7.90576
7.88925
7.87038
7.84947
7.82692
7.8032
7.7788
7.75418
7.72979
7.70601
7.68318
7.66159
7.64144
7.62291
7.60611
7.59112
7.578
7.56677
7.55744
7.55003
7.54453
7.54094
7.53924
7.53943
7.54151
7.54546
7.55127
7.55894
7.56847
7.57984
7.59307
7.60815
7.62509
7.64389
7.66455
7.68707
7.71141
7.73756
7.76546
7.79504
7.82621
7.85886
7.89285
7.92801
7.96419
8.00118
8.0388
8.07684
8.11511
8.15342
8.19155
8.22933
8.26655
8.30301
8.33851
8.37287
8.40589
8.43738
8.46716
8.49507
8.52094
8.54465
8.56606
8.58509
8.60173
8.616
8.62808
8.63816
8.64645
8.65314
8.65839
8.66235
8.66524
8.66736
8.66908
8.67079
8.67294
8.67593
8.68016
8.68598
8.69371
8.70364
8.71602
8.73107
8.74897
8.76987
8.79386
8.82098
8.85121
8.88444
8.92052
8.95916
9.00002
9.04262
9.08645
9.1309
9.17533
9.2191
9.26154
9.30203
9.33997
9.37482
9.40611
9.43347
9.45662
9.47541
9.48982
9.49992
9.5059
9.50803
9.50666
9.50216
9.49493
9.48535
9.47379
9.46056
9.44593
9.43008
9.41313
9.39511
9.37597
9.35559
9.33379
9.3104
9.2853
9.25845
9.22994
9.19996
9.16875
9.13661
9.10383
9.07071
9.0376
9.0049
8.97302
8.94242
8.91351
8.88668
8.86226
8.84048
8.82151
8.80539
8.79207
8.78137
8.77301
8.76655
8.76148
8.75718
8.75307
8.74868
8.74375
8.73833
8.73267
8.7271
8.72181
8.71684
8.71221
8.70794
8.70416
8.70103
8.69868
8.69715
8.69641
8.69633
8.69673
8.69739
8.69814
8.69878
8.69916
8.6991
8.69841
8.69689
8.69432
8.69052
8.68535
8.67876
8.67077
8.66149
8.65109
8.63978
8.62781
8.61543
8.6029
8.59047
8.57838
8.56686
8.55612
8.54636
8.53775
8.53048
8.52465
8.52038
8.51767
8.51652
8.51687
8.51863
8.52168
8.52592
8.53122
8.53746
8.5445
8.55224
8.56055
8.56934
8.57856
8.58816
8.59815
8.60852
8.61926
8.63037
8.64177
8.65335
8.66494
8.6763
8.6872
8.69744
8.70689
8.71559
8.72372
8.73155
8.73935
8.74737
8.75579
8.76479
8.77456
8.78534
8.79738
8.81087
8.82599
8.84281
8.86135
8.88153
8.90325
8.92637
8.95074
8.97623
9.00273
9.03014
9.05838
9.08734
9.11694
9.14706
9.17762
9.2085
9.23962
9.27086
9.30213
9.33331
9.36428
9.39491
9.42504
9.45453
9.4833
9.51136
9.53882
9.56586
9.59262
9.61906
9.64491
9.66969
9.69278
9.71352
9.73131
9.74569
9.75637
9.76326
9.7664
9.76588
9.76181
9.75435
9.74378
9.73051
9.71509
9.69813
9.68021
9.6619
9.64366
9.6259
9.60894
9.59304
9.5784
9.56508
9.55305
9.54216
9.53214
9.52267
9.51342
9.50404
9.49424
9.48373
9.47228
9.4597
9.44583
9.43058
9.41394
9.39593
9.37667
9.3563
9.33496
9.31279
9.28993
9.26652
9.24269
9.21859
9.19436
9.1701
9.14587
9.12173
9.09771
9.07387
9.05027
9.02702
9.00425
8.98209
8.9607
8.94024
8.92088
8.90279
8.88617
8.8712
8.85803
8.84682
8.83771
8.83082
8.82622
8.82398
8.82411
8.82663
8.83149
8.83864
8.84799
8.85944
8.87286
8.8881
8.90498
8.92331
8.94285
8.96336
8.98455
9.0061
9.02766
9.04885
9.0693
9.08861
9.10644
9.12249
9.13653
9.14845
9.15826
9.16609
9.17219
9.17691
9.18066
9.18391
9.18713
9.19081
9.19541
9.20137
9.20905
9.21873
9.23061
9.24478
9.26119
9.27972
9.30011
9.32199
9.34488
9.36817
9.3911
9.4128
9.43236
9.4489
9.46178
9.47074
9.47599
9.47811
9.47784
9.47579
9.47238
9.46795
9.46294
9.45798
9.45382
9.45124
9.45093
9.45341
9.45903
9.468
9.48031
9.49587
9.51444
9.53568
9.5592
9.58454
9.61128
9.63899
9.66733
9.69601
9.72482
9.75358
9.78214
9.81039
9.8382
9.86548
9.89217
9.91823
9.94365
9.96841
9.9925
10.0159
10.0385
10.0601
10.0808
10.1003
10.1185
10.1352
10.1502
10.1634
10.1747
10.1839
10.1911
10.1962
10.1992
10.1998
10.1979
10.1932
10.1858
10.1755
10.1626
10.1475
10.1309
10.1133
10.0952
10.0773
10.0601
10.0444
10.0308
10.02
10.0125
10.0086
10.0084
10.0119
10.0187
10.0282
10.0396
10.0522
10.065
10.0776
10.0892
10.0993
10.1075
10.1132
10.1158
10.1148
10.1101
10.1015
10.0886
10.0712
10.049
10.0219
9.9901
9.95415
9.91482
9.87287
9.82895
9.78358
9.73721
9.69033
9.64346
9.5972
9.55217
9.50893
9.46799
9.42977
9.39461
9.36275
9.33436
9.30955
9.28835
9.27074
9.25663
9.24592
9.23845
9.23408
9.23263
9.23392
9.23772
9.2437
9.25135
9.25994
9.26855
9.27616
9.28193
9.28541
9.28666
9.28592
9.28337
9.27892
9.2724
9.26379
9.25333
9.24141
9.22852
9.21509
9.20145
9.18786
9.17451
9.16156
9.14915
9.13741
9.12642
9.11621
9.10675
9.09795
9.08967
9.08177
9.07407
9.06641
9.05859
9.05043
9.04173
9.03238
9.02234
9.01163
9.00039
8.98876
8.97689
8.96491
8.95292
8.94105
8.92941
8.91817
8.90746
8.89746
8.88829
8.88004
8.87268
8.86609
8.85997
8.85398
8.84779
8.84132
8.83476
8.82855
8.82312
8.81871
8.81533
8.81293
8.81156
8.81134
8.81246
8.81507
8.81921
8.82483
8.8318
8.83992
8.84896
8.8587
8.86892
8.8794
8.88992
8.90024
8.91013
8.91933
8.92766
8.93496
8.94122
8.94649
8.95097
8.95488
8.95849
8.96205
8.96576
8.9698
8.97434
8.97953
8.9855
8.99238
9.00023
9.0091
9.01898
9.02986
9.04169
9.05445
9.06811
9.0827
9.09825
9.11482
9.1325
9.15134
9.17141
9.19276
9.21538
9.23927
9.26436
9.29054
9.31762
9.34537
9.37345
9.40148
9.429
9.45554
9.48065
9.50391
9.52499
9.54366
9.55981
9.57343
9.58462
9.59352
9.60032
9.60524
9.6085
9.61024
9.61056
9.60947
9.60692
9.60288
9.59738
9.59056
9.58265
9.57393
9.56467
9.55506
9.54518
9.5351
9.52484
9.51447
9.50405
9.49365
9.48329
9.47294
9.46244
9.45153
9.43986
9.42698
9.41248
9.39606
9.37756
9.35703
9.33461
9.31042
9.28446
9.25667
9.22702
9.19558
9.16264
9.1286
9.0939
9.05899
9.02426
8.99012
8.957
8.92538
8.89566
8.86821
8.84329
8.82107
8.80162
8.78495
8.77095
8.75945
8.75022
8.74297
8.73741
8.73329
8.73041
8.72865
8.72797
8.72843
8.73011
8.73312
8.73755
8.74348
8.75092
8.75986
8.77019
8.78175
8.79429
8.80751
8.82107
8.83467
8.84802
8.86087
8.87301
8.88432
8.89481
8.90464
8.914
8.92304
8.93183
8.94035
8.94857
8.95648
8.96411
8.97147
8.97858
8.98542
8.99196
8.99814
9.0039
9.00917
9.01387
9.01794
9.02136
9.02409
9.02617
9.02761
9.02848
9.02884
9.02877
9.02834
9.02761
9.02666
9.02553
9.02425
9.02286
9.02135
9.01973
9.01798
9.0161
9.01408
9.01192
9.00963
9.00723
9.00471
9.00208
8.99931
8.99636
8.99319
8.98974
8.98591
8.98163
8.97679
8.97127
8.96495
8.95772
8.94948
8.94017
8.92978
8.91835
8.90593
8.89261
8.87844
8.86345
8.8477
8.83124
8.81419
8.79678
8.77928
8.76204
8.74535
8.72947
8.7146
8.70083
8.68822
8.67678
8.66648
8.65726
8.64905
8.64176
8.63533
8.6297
8.62489
8.6209
8.61777
8.6155
8.61407
8.61343
8.61348
8.61408
8.61505
8.61616
8.61714
8.61771
8.6176
8.6166
8.61457
8.61144
8.60724
8.60205
8.59602
8.58936
8.58235
8.57539
8.56895
8.56356
8.55973
8.55788
8.55837
8.56143
8.56721
8.57575
8.58703
8.60095
8.61729
8.63575
8.65593
8.67735
8.69946
8.72168
8.74352
8.76458
8.7846
8.8035
8.82126
8.83781
8.85304
8.86673
8.87864
8.88863
8.89667
8.90288
8.90748
8.91073
8.91284
8.91395
8.91418
8.91358
8.91218
8.91003
8.90712
8.90343
8.8989
8.89346
8.88702
8.87947
8.87075
8.86079
8.84958
8.83718
8.82368
8.80919
8.79386
8.77785
8.76132
8.74446
8.72747
8.71058
8.69405
8.67813
8.663
8.64882
8.63565
8.62348
8.61226
8.60192
8.5924
8.58369
8.57575
8.56854
8.56198
8.55596
8.55032
8.54489
8.5395
8.53395
8.52806
8.52161
8.51437
8.50606
8.49643
8.4852
8.47214
8.4571
8.44002
8.42098
8.40012
8.37766
8.35384
8.32893
8.30319
8.27693
8.25043
8.22398
8.19786
8.17228
8.14743
8.12344
8.10043
8.0785
8.05778
8.03841
8.02057
8.00443
7.99019
7.97802
7.96806
7.96045
7.95528
7.95261
7.95246
7.95481
7.95958
7.96661
7.97571
7.9866
7.99895
8.01238
8.02648
8.04086
8.05518
8.06916
8.08257
8.09524
8.10703
8.11782
8.12755
8.13621
8.14389
8.15074
8.15696
8.16276
8.16837
8.17402
8.17991
8.18625
8.19319
8.2009
8.2095
8.21908
8.22968
8.24133
8.25398
8.26753
8.28184
8.29671
8.31187
8.32706
8.34198
8.35633
8.36985
8.38232
8.39355
8.4034
8.41177
8.41857
8.42373
8.42717
8.42877
8.42842
8.42597
8.42128
8.41431
8.40516
8.39409
8.38156
8.36808
8.35412
8.34008
8.3263
8.31308
8.30074
8.28964
8.28011
8.27244
8.26686
8.26353
8.26248
8.2637
8.26706
8.27236
8.27933
8.28761
8.2968
8.30646
8.31612
8.32535
8.33377
8.34106
8.34697
8.35126
8.35368
8.35395
8.35184
8.34721
8.34007
8.33061
8.31914
8.30602
8.2916
8.2762
8.26013
8.24373
8.22731
8.21123
8.19577
8.18121
8.16775
8.15558
8.14481
8.13555
8.12788
8.12185
8.11748
8.1148
8.11381
8.11452
8.11693
8.12105
8.1269
8.13449
8.14388
8.1551
8.16824
8.18338
8.20064
8.22014
8.24202
8.26641
8.29344
8.32323
8.35584
8.39128
8.42948
8.47026
8.5133
8.55814
8.60418
8.65067
8.69686
8.74206
8.78582
8.82795
8.86846
8.90745
8.94503
8.98123
9.0162
9.05013
9.08331
9.11597
9.14821
9.17995
9.21087
9.2405
9.2683
9.29372
9.31633
9.33575
9.35166
9.36373
9.37168
9.37532
9.37462
9.36972
9.3609
9.34853
9.33302
9.31477
9.29415
9.27151
9.24714
9.22129
9.19416
9.16589
9.13655
9.10615
9.07468
9.04206
9.00825
8.97324
8.93707
8.89994
8.8621
8.82394
8.78587
8.74833
8.71176
8.67659
8.64329
8.61228
8.58399
8.55875
8.53682
8.51831
8.50324
8.49147
8.48281
8.47702
8.47387
8.47315
8.47474
8.47852
8.48438
8.49221
8.50187
8.51321
8.52609
8.54039
8.55599
8.57279
8.59067
8.60946
8.629
8.64904
8.66932
8.68949
8.70919
8.72799
8.74544
8.76112
8.77467
8.78583
8.79452
8.80081
8.80499
8.80739
8.80842
8.80844
8.8078
8.8068
8.80576
8.80497
8.80473
8.80528
8.80684
8.8096
8.81367
8.81918
8.82623
8.83495
8.84551
8.85809
8.87286
8.89
8.90958
8.93156
8.9558
8.98203
9.00992
9.03916
9.06951
9.10085
9.13311
9.1661
9.19946
9.23267
9.26515
9.29634
9.32568
9.35267
9.37679
9.39759
9.41468
9.42787
9.43711
9.4425
9.44427
9.44272
9.43822
9.43126
9.4224
9.4123
9.40166
9.3912
9.38157
9.37338
9.36718
9.36341
9.36246
9.36463
9.37014
9.37909
9.39151
9.40736
9.42648
9.44869
9.47373
9.50129
9.53107
9.56269
9.59579
9.62995
9.66477
9.69982
9.73468
9.76893
9.8022
9.83415
9.86458
9.89346
9.92097
9.94746
9.97342
9.99933
10.0256
10.0525
10.0804
10.1093
10.1395
10.1711
10.204
10.2381
10.2732
10.309
10.3453
10.3823
10.4205
10.4606
10.5032
10.548
10.5947
10.6426
10.6912
10.7403
10.7895
10.8389
10.8882
10.9374
10.9861
11.0344
11.0821
11.1291
11.1754
11.2212
11.2661
11.31
11.3525
11.393
11.4309
11.4658
11.4974
11.5262
11.5526
11.5771
11.6001
11.6213
11.6407
11.6583
11.6742
11.6888
11.7027
11.7162
11.7297
11.7434
11.7574
11.7718
11.7863
11.8011
11.8157
11.83
11.8437
11.8566
11.8685
11.8791
11.8884
11.8961
11.9022
11.9066
11.9093
11.9101
11.9093
11.9073
11.9045
11.9014
11.8985
11.8956
11.8925
11.8888
11.8841
11.8782
11.8712
11.864
11.8573
11.8514
11.8461
11.8412
11.836
11.8301
11.823
11.814
11.8021
11.7867
11.7675
11.7452
11.721
11.6964
11.6721
11.6484
11.625
11.6022
11.5802
11.5595
11.5408
11.5243
11.5102
11.4981
11.4877
11.478
11.468
11.4567
11.4427
11.4252
11.4035
11.3772
11.3464
11.3111
11.2711
11.2263
11.1763
11.1212
11.0614
10.9977
10.931
10.8623
10.7927
10.7228
10.6534
10.5852
10.5189
10.4552
10.395
10.339
10.288
10.2424
10.2028
10.1696
10.143
10.1232
10.1102
10.1038
10.1035
10.1086
10.1181
10.1307
10.1447
10.1587
10.1711
10.1812
10.1882
10.1917
10.1912
10.1862
10.1764
10.1619
10.1431
10.1206
10.0947
10.0659
10.0345
10.001
9.96658
9.93245
9.89987
9.86958
9.84179
9.81656
9.7941
9.77485
9.75933
9.748
9.74111
9.73864
9.74024
9.74527
9.75285
9.76203
9.77199
9.78217
9.79229
9.80213
9.8114
9.81969
9.82667
9.83227
9.8367
9.8404
9.84387
9.84761
9.85205
9.85755
9.86435
9.87258
9.88229
9.89339
9.90573
9.91905
9.93302
9.94724
9.96126
9.97457
9.98667
9.99705
10.0053
10.0109
10.0138
10.0139
10.011
10.0053
9.99682
9.98582
9.97242
9.95682
9.93926
9.91998
9.89926
9.87737
9.85459
9.8312
9.80744
9.78358
9.75987
9.73657
9.71389
9.69209
9.67137
9.6519
9.63386
9.61733
9.6024
9.58907
9.5773
9.56704
9.55819
9.55065
9.54433
9.53916
9.53507
9.53202
9.52998
9.52889
9.52868
9.52924
9.53045
9.53213
9.53412
9.5362
9.53817
9.53984
9.54103
9.54159
9.54147
9.54065
9.53923
9.53737
9.53528
9.53326
9.5316
9.53062
9.53065
9.53199
9.53489
9.5396
9.54626
9.55501
9.56589
9.57887
9.59387
9.61075
9.62938
9.64967
9.67158
9.69508
9.72009
9.74643
9.77376
9.8017
9.82992
9.85821
9.88655
9.91499
9.94349
9.97189
9.99994
10.0274
10.0538
10.0791
10.1029
10.125
10.1453
10.1639
10.181
10.1968
10.2116
10.2256
10.239
10.252
10.2648
10.2776
10.2908
10.3043
10.3183
10.3329
10.348
10.3634
10.379
10.3945
10.4098
10.4245
10.4387
10.4522
10.4652
10.4777
10.4899
10.502
10.5142
10.5267
10.5398
10.5537
10.5684
10.5842
10.6011
10.6189
10.6375
10.6566
10.6757
10.6943
10.7119
10.7279
10.742
10.7539
10.7636
10.7714
10.7771
10.781
10.783
10.7831
10.7814
10.7781
10.7732
10.7669
10.7589
10.7494
10.7383
10.7255
10.7111
10.6952
10.6774
10.6577
10.6357
10.6111
10.5839
10.5541
10.5219
10.4877
10.4519
10.4151
10.3777
10.3404
10.3037
10.268
10.2337
10.2013
10.1711
10.1434
10.1184
10.0961
10.0767
10.0599
10.0457
10.0337
10.0239
10.0158
10.0093
10.0041
10.0001
9.99715
9.99521
9.99433
9.99455
9.99592
9.99841
10.002
10.0064
10.0117
10.0177
10.0242
10.031
10.0379
10.0447
10.0511
10.0569
10.0617
10.0652
10.0673
10.0675
10.0658
10.0619
10.0559
10.0477
10.0373
10.0249
10.0106
9.99451
9.97675
9.95748
9.9368
9.91487
9.89182
9.86783
9.84312
9.81792
9.79249
9.76707
9.74187
9.71704
9.69273
9.66901
9.64598
9.62367
9.60216
9.58149
9.5617
9.54287
9.52507
9.50842
9.49303
9.47908
9.4667
9.45609
9.44741
9.44081
9.43641
9.43428
9.43444
9.43683
9.44132
9.44773
9.45589
9.4656
9.47669
9.489
9.50233
9.51643
9.53098
9.54562
9.56004
9.57396
9.58723
9.5998
9.6116
9.62254
9.63245
9.64108
9.64824
9.6538
9.65781
9.66045
9.66206
9.66303
9.6638
9.66479
9.66637
9.66888
9.6726
9.67779
9.68466
9.6934
9.70412
9.71687
9.73162
9.74827
9.76665
9.78654
9.80773
9.83004
9.85334
9.87752
9.9025
9.92818
9.95442
9.98105
10.0079
10.0348
10.0617
10.0885
10.1153
10.1421
10.1691
10.1965
10.2243
10.2524
10.281
10.3098
10.3388
10.3678
10.3966
10.4248
10.4519
10.4775
10.5008
10.5216
10.5395
10.5545
10.5667
10.5765
10.584
10.5895
10.5931
10.5952
10.5961
10.5961
10.5955
10.5946
10.5934
10.5921
10.5906
10.5887
10.5861
10.5827
10.5783
10.5727
10.566
10.5582
10.5497
10.5406
10.5315
10.5227
10.5146
10.5075
10.5019
10.4979
10.4959
10.496
10.4982
10.5025
10.5087
10.5165
10.5257
10.5359
10.5467
10.5579
10.5691
10.5803
10.591
10.6014
10.6111
10.6202
10.6286
10.6361
10.6429
10.6487
10.6537
10.6578
10.661
10.6632
10.6644
10.6646
10.6637
10.6619
10.6592
10.6555
10.651
10.6458
10.6398
10.6333
10.6265
10.6196
10.6128
10.6065
10.6008
10.5961
10.5922
10.5894
10.5875
10.5864
10.5858
10.5857
10.5859
10.5863
10.5865
10.5864
10.5856
10.5837
10.5805
10.5758
10.5696
10.5618
10.5525
10.5421
10.5307
10.5186
10.5061
10.4932
10.4801
10.4668
10.4534
10.4398
10.4262
10.4127
10.3995
10.3868
10.3749
10.3638
10.3538
10.3451
10.3376
10.3315
10.3269
10.324
10.3228
10.3234
10.3256
10.3293
10.334
10.3396
10.3457
10.3518
10.3577
10.3631
10.3678
10.3717
10.3747
10.3769
10.3783
10.3789
10.3789
10.3783
10.3772
10.3756
10.3736
10.3713
10.3689
10.3669
10.3655
10.3652
10.366
10.3682
10.3719
10.3772
10.3842
10.3928
10.4031
10.4149
10.4283
10.4429
10.4586
10.475
10.4917
10.5082
10.5242
10.5391
10.5529
10.5655
10.5773
10.5885
10.5995
10.6103
10.6212
10.6321
10.643
10.6541
10.6654
10.6771
10.6894
10.7023
10.7162
10.7309
10.7468
10.7639
10.7822
10.8018
10.8228
10.8452
10.8689
10.894
10.9202
10.9474
10.9754
11.004
11.0327
11.061
11.0886
11.1148
11.1391
11.1611
11.1804
11.197
11.2107
11.2217
11.2297
11.2345
11.2357
11.233
11.2268
11.2179
11.2077
11.1973
11.1872
11.1775
11.168
11.1587
11.1501
11.1426
11.1366
11.1325
11.1305
11.1308
11.1333
11.138
11.1448
11.1534
11.1637
11.1754
11.1881
11.2016
11.2154
11.2292
11.2425
11.255
11.2664
11.2766
11.2854
11.2927
11.2984
11.3028
11.3056
11.307
11.3071
11.306
11.304
11.3011
11.2976
11.2938
11.2899
11.2861
11.2825
11.2794
11.277
11.2752
11.2743
11.2744
11.2756
11.2777
11.2808
11.2846
11.2889
11.2933
11.2979
11.3027
11.3081
11.3142
11.3215
11.3301
11.3401
11.3519
11.3656
11.3815
11.3999
11.4208
11.4443
11.4699
11.4972
11.5257
11.5544
11.5825
11.6093
11.6343
11.6576
11.6791
11.699
11.7173
11.7337
11.7478
11.7596
11.769
11.7761
11.781
11.784
11.7851
11.7844
11.7819
11.7778
11.7721
11.7651
11.7567
11.7473
11.7368
11.7255
11.7135
11.701
11.6883
11.6754
11.6627
11.6502
11.6381
11.6265
11.6155
11.6052
11.5956
11.5868
11.5786
11.5711
11.5642
11.5578
11.5517
11.5456
11.5393
11.5326
11.5255
11.5178
11.5097
11.5013
11.4929
11.4846
11.4764
11.4681
11.4596
11.4505
11.4409
11.4305
11.4195
11.4079
11.3959
11.3836
11.3711
11.3584
11.3457
11.3332
11.3209
11.3092
11.2982
11.2882
11.2794
11.2719
11.2657
11.2607
11.2568
11.2538
11.2515
11.2496
11.248
11.2463
11.2444
11.2421
11.2393
11.2357
11.2313
11.2259
11.2196
11.2122
11.204
11.1951
11.1857
11.1758
11.1655
11.1547
11.1431
11.1306
11.1174
11.1032
11.088
11.0711
11.0522
11.0309
11.0074
10.9822
10.9561
10.9296
10.903
10.8763
10.8497
10.8235
10.7982
10.7742
10.7519
10.7316
10.7135
10.6978
10.6844
10.6734
10.6648
10.6585
10.6545
10.6528
10.6535
10.6564
10.6617
10.6693
10.6793
10.6915
10.7058
10.722
10.7399
10.759
10.779
10.7992
10.819
10.8376
10.8544
10.869
10.881
10.8904
10.8974
10.9021
10.9046
10.905
10.9034
10.9001
10.8956
10.8902
10.8847
10.8792
10.8742
10.8697
10.8658
10.8622
10.859
10.856
10.8533
10.8508
10.8482
10.8454
10.8418
10.8372
10.8314
10.8242
10.8158
10.8061
10.7952
10.7833
10.7706
10.7572
10.7436
10.73
10.7169
10.7045
10.6931
10.6828
10.6739
10.6663
10.6599
10.6548
10.6506
10.6475
10.6453
10.644
10.6435
10.6438
10.6446
10.6459
10.6476
10.6497
10.6521
10.6548
10.6576
10.6603
10.6628
10.6646
10.6654
10.6649
10.6628
10.6587
10.6526
10.6443
10.6337
10.621
10.6064
10.5901
10.5725
10.5542
10.5355
10.5168
10.4983
10.4799
10.4616
10.4429
10.4239
10.4044
10.385
10.3662
10.3486
10.3323
10.3171
10.3032
10.2903
10.2786
10.2682
10.2592
10.2515
10.2449
10.2392
10.2342
10.2293
10.2241
10.2183
10.2113
10.2028
10.1924
10.1798
10.1646
10.1467
10.1263
10.1035
10.0784
10.0515
10.0229
9.99307
9.96223
9.93083
9.89937
9.86838
9.83844
9.81007
9.78377
9.75995
9.73894
9.72096
9.70616
9.69452
9.68589
9.67994
9.67613
9.67375
9.67193
9.6698
9.66655
9.66162
9.65474
9.64584
9.63491
9.62197
9.60701
9.59017
9.57169
9.55199
9.53154
9.51085
9.49039
9.47059
9.45179
9.43425
9.41817
9.4036
9.39056
9.37896
9.36871
9.35968
9.35182
9.34512
9.33963
9.33541
9.33252
9.33096
9.33071
9.33176
9.33408
9.3377
9.34261
9.34883
9.35631
9.365
9.3748
9.38563
9.39739
9.41003
9.4235
9.43777
9.45278
9.46842
9.48458
9.50109
9.51778
9.53449
9.55104
9.56723
9.58284
9.59761
9.61124
9.62343
9.63387
9.64231
9.64856
9.65252
9.65418
9.6536
9.65091
9.64627
9.63986
9.63193
9.62281
9.61286
9.60255
9.59236
9.5828
9.57431
9.5673
9.56211
9.55902
9.55823
9.55986
9.56397
9.57049
9.57928
9.59011
9.6027
9.61671
9.6318
9.64759
9.66366
9.67956
9.69478
9.7088
9.72112
9.73135
9.7392
9.74452
9.74727
9.74751
9.74534
9.74097
9.73467
9.72684
9.71795
9.70855
9.69916
9.69026
9.68225
9.67539
9.66978
9.66536
9.66195
9.65927
9.65705
9.65506
9.65316
9.65132
9.64958
9.64799
9.64663
9.64555
9.64482
9.64451
9.64471
9.64557
9.64726
9.64995
9.65382
9.65896
9.66534
9.67283
9.68113
9.6898
9.69831
9.70608
9.71252
9.71722
9.71994
9.72066
9.71949
9.7165
9.71167
9.70493
9.69624
9.68576
9.67379
9.66073
9.64703
9.63314
9.61945
9.6063
9.59403
9.58293
9.57326
9.56524
9.55905
9.55483
9.55263
9.55246
9.5543
9.55804
9.56356
9.5707
9.57929
9.58912
9.59996
9.61156
9.62364
9.63589
9.64796
9.65952
9.67022
9.67978
9.68805
9.69505
9.70098
9.70617
9.71105
9.71602
9.72144
9.72765
9.73504
9.74402
9.75501
9.76842
9.78457
9.80366
9.82577
9.8508
9.87855
9.90863
9.94057
9.97381
10.0077
10.0417
10.0751
10.1074
10.1382
10.1671
10.1939
10.2182
10.2399
10.2589
10.2752
10.2887
10.2996
10.308
10.3139
10.3175
10.3188
10.318
10.3153
10.311
10.3057
10.2998
10.2939
10.2884
10.2836
10.2798
10.2771
10.2756
10.2755
10.2768
10.2792
10.2825
10.2861
10.2891
10.2904
10.2887
10.2828
10.2719
10.2557
10.2345
10.2087
10.1792
10.1465
10.1113
10.074
10.0357
9.99721
9.95944
9.92319
9.8891
9.8576
9.82897
9.80337
9.7809
9.76155
9.74532
9.73213
9.72192
9.71455
9.70987
9.7077
9.70776
9.70975
9.71328
9.71791
9.72315
9.72854
9.7337
9.73836
9.7424
9.74581
9.74865
9.751
9.75297
9.75468
9.75634
9.75822
9.7607
9.7642
9.76916
9.77595
9.78478
9.79568
9.80849
9.82293
9.83861
9.85507
9.87181
9.88832
9.90411
9.91873
9.93183
9.94317
9.95256
9.95993
9.96521
9.96832
9.96919
9.96769
9.96366
9.95696
9.94746
9.93504
9.91963
9.90117
9.87967
9.85518
9.82787
9.79795
9.76575
9.73164
9.69601
9.65929
9.62187
9.58413
9.54644
9.50912
9.4725
9.43687
9.40253
9.36974
9.33874
9.3098
9.28314
9.25903
9.2377
9.21936
9.20422
9.19246
9.18423
9.17963
9.17875
9.18162
9.18824
9.19855
9.21246
9.22981
9.25045
9.27419
9.30082
9.33014
9.36195
9.39608
9.43237
9.47075
9.51116
9.55359
9.5981
9.64471
9.69342
9.74418
9.79679
9.85088
9.90586
9.96096
10.0153
10.0681
10.1191
10.1684
10.2165
10.2637
10.3101
10.3553
10.399
10.4413
10.4823
10.522
10.5607
10.5979
10.6336
10.6672
10.6987
10.7284
10.7565
10.7834
10.8093
10.8337
10.8563
10.8767
10.8947
10.9101
10.9229
10.9331
10.941
10.9466
10.9502
10.952
10.9521
10.9509
10.9485
10.9452
10.9411
10.9362
10.9306
10.9243
10.9173
10.9095
10.9011
10.8923
10.8832
10.8741
10.8654
10.8574
10.8503
10.8445
10.8405
10.8385
10.8389
10.8419
10.8476
10.8561
10.8669
10.8798
10.8938
10.9079
10.9211
10.9327
10.9427
10.9514
10.9593
10.9664
10.972
10.9753
10.9757
10.9732
10.9679
10.96
10.9497
10.937
10.922
10.9044
10.8843
10.8616
10.8363
10.8085
10.7783
10.7462
10.7126
10.6777
10.6421
10.6059
10.5696
10.5335
10.4978
10.463
10.4294
10.3973
10.367
10.339
10.3133
10.2904
10.2704
10.2535
10.2397
10.2289
10.2211
10.2159
10.2128
10.2115
10.2115
10.2123
10.2134
10.2144
10.2151
10.2153
10.2149
10.2133
10.2103
10.2054
10.1982
10.1886
10.1767
10.1629
10.1472
10.13
10.1116
10.0919
10.0712
10.0496
10.0272
10.0044
9.98142
9.9584
9.93557
9.91304
9.89088
9.8691
9.84774
9.82687
9.80658
9.78704
9.76842
9.75089
9.73462
9.71972
9.70628
9.69437
9.68403
9.67531
9.66821
9.66271
9.65873
9.65614
9.65475
9.65433
9.65465
9.65546
9.65656
9.65779
9.65906
9.66039
9.66185
9.66361
9.66591
9.66901
9.6732
9.67879
9.68609
9.69542
9.70712
9.72153
9.73897
9.75974
9.78412
9.81237
9.84469
9.88126
9.92219
9.96749
10.0171
10.0708
10.1284
10.1894
10.2534
10.3197
10.3879
10.4572
10.5273
10.5974
10.6671
10.7359
10.8032
10.8683
10.9303
10.9885
11.0417
