0.420804
0.422841
0.424714
0.426339
0.427682
0.428751
0.42959
0.430268
0.430867
0.431472
0.432159
0.432986
0.433988
0.435173
0.436521
0.437989
0.439518
0.441038
0.442478
0.443776
0.444882
0.445763
0.446408
0.446819
0.447018
0.447035
0.446908
0.44668
0.446394
0.446094
0.445824
0.445632
0.445569
0.44569
0.446051
0.446709
0.447707
0.449074
0.450807
0.452873
0.455203
0.457705
0.460268
0.462774
0.465112
0.46718
0.468888
0.47016
0.470928
0.471139
0.470763
0.469801
0.468311
0.466419
0.464329
0.462318
0.460701
0.459781
0.45979
0.460845
0.462929
0.465905
0.469549
0.473595
0.477777
0.481848
0.485605
0.488889
0.491589
0.493637
0.495005
0.495689
0.495709
0.495088
0.493851
0.492011
0.489579
0.486564
0.482989
0.478913
0.474446
0.469756
0.46507
0.460653
0.456773
0.453658
0.451466
0.450259
0.450009
0.450611
0.451915
0.453752
0.455957
0.45838
0.460895
0.463399
0.465811
0.468068
0.470126
0.47196
0.473558
0.474929
0.476092
0.477078
0.477926
0.478677
0.479371
0.480045
0.48073
0.481449
0.482214
0.483028
0.483883
0.484755
0.485615
0.486419
0.487124
0.487682
0.488047
0.488182
0.488057
0.487653
0.486965
0.486005
0.484797
0.483382
0.481812
0.480152
0.478467
0.476825
0.475287
0.473905
0.472718
0.47175
0.471013
0.470506
0.470216
0.470124
0.470199
0.470404
0.470695
0.471023
0.471343
0.471611
0.471802
0.471907
0.471944
0.471946
0.471961
0.472037
0.472211
0.472507
0.472927
0.473456
0.474066
0.474717
0.47537
0.475986
0.476536
0.477007
0.477407
0.477761
0.478112
0.478508
0.478988
0.479575
0.480261
0.481003
0.481718
0.482298
0.482617
0.482549
0.481985
0.480847
0.479095
0.476736
0.473832
0.470491
0.466874
0.463174
0.459605
0.456378
0.453678
0.451651
0.45039
0.449934
0.450275
0.451359
0.453095
0.455359
0.457996
0.460826
0.463662
0.466329
0.468683
0.470623
0.472104
0.47313
0.473742
0.474012
0.474025
0.473864
0.473609
0.473326
0.473065
0.472864
0.472744
0.472716
0.472781
0.47293
0.473145
0.473403
0.473674
0.473925
0.474123
0.474237
0.474242
0.474123
0.473874
0.473504
0.473038
0.472512
0.471978
0.471493
0.471115
0.470897
0.47088
0.471084
0.47151
0.472141
0.472946
0.473885
0.474922
0.476025
0.477169
0.478343
0.479543
0.480773
0.48204
0.483356
0.484729
0.486166
0.48767
0.48924
0.490871
0.492554
0.494274
0.496011
0.49774
0.499426
0.501027
0.50249
0.503748
0.504725
0.505334
0.505486
0.505097
0.504102
0.502477
0.500262
0.497588
0.494688
0.491897
0.489611
0.488217
0.487999
0.48907
0.491348
0.494587
0.498455
0.502611
0.506761
0.510689
0.514258
0.517401
0.520105
0.522402
0.524348
0.526023
0.527513
0.528906
0.530281
0.531702
0.533208
0.534817
0.536519
0.538289
0.540087
0.541869
0.543591
0.545215
0.546715
0.548071
0.549278
0.550335
0.551249
0.552024
0.552663
0.553155
0.553478
0.55359
0.553429
0.552921
0.55198
0.550525
0.548486
0.545825
0.542547
0.538715
0.53446
0.529982
0.525542
0.521442
0.517996
0.515485
0.514121
0.51402
0.515197
0.517584
0.521049
0.525431
0.530543
0.536177
0.542097
0.548042
0.55374
0.558931
0.563398
0.566983
0.569601
0.571239
0.571953
0.571846
0.57106
0.56975
0.568076
0.566184
0.564199
0.562227
0.560351
0.558643
0.557164
0.555967
0.555098
0.554583
0.554427
0.554604
0.555053
0.555688
0.556404
0.557092
0.557656
0.558026
0.55817
0.558099
0.557869
0.557569
0.557311
0.557202
0.557324
0.557714
0.558358
0.559199
0.56015
0.561122
0.562043
0.562869
0.563591
0.564228
0.564816
0.565396
0.566004
0.566659
0.567367
0.568116
0.568884
0.569643
0.570362
0.571007
0.571538
0.571907
0.572048
0.571876
0.571291
0.570183
0.568451
0.566023
0.562884
0.559098
0.554834
0.55036
0.546022
0.542195
0.539206
0.537259
0.536387
0.536453
0.537189
0.538284
0.539452
0.540495
0.541318
0.541918
0.542354
0.542715
0.543087
0.543539
0.544116
0.544833
0.545688
0.546665
0.547744
0.548899
0.550109
0.551346
0.552577
0.553761
0.554841
0.555749
0.55641
0.556749
0.5567
0.556217
0.555285
0.553926
0.552206
0.550235
0.548162
0.546165
0.544433
0.543135
0.542393
0.542257
0.54269
0.543582
0.544775
0.546101
0.547408
0.548584
0.54956
0.550307
0.550825
0.551136
0.55127
0.551268
0.551167
0.551005
0.550813
0.550613
0.550419
0.550233
0.55005
0.549858
0.54964
0.549382
0.549077
0.548724
0.548335
0.547929
0.547538
0.547194
0.546926
0.546759
0.546698
0.546731
0.546827
0.546937
0.546997
0.546941
0.546709
0.546254
0.545553
0.544611
0.54346
0.542159
0.540782
0.539411
0.538122
0.536974
0.536005
0.535233
0.534659
0.534275
0.534069
0.534028
0.534141
0.534396
0.534783
0.535292
0.535921
0.53667
0.537551
0.538583
0.53979
0.541192
0.542799
0.544601
0.546563
0.548624
0.550696
0.552681
0.554477
0.55599
0.55715
0.557913
0.55827
0.558244
0.557888
0.557281
0.556516
0.555696
0.554926
0.5543
0.553898
0.55378
0.553979
0.554504
0.555334
0.556422
0.557699
0.559072
0.560438
0.561684
0.562705
0.56341
0.563737
0.563664
0.563216
0.562471
0.561551
0.560605
0.559782
0.559199
0.558907
0.558877
0.559003
0.559128
0.559083
0.558727
0.55798
0.556839
0.555387
0.553772
0.552187
0.550833
0.549889
0.549482
0.549674
0.550461
0.551781
0.55353
0.555572
0.557757
0.559924
0.561918
0.563593
0.564822
0.565503
0.565565
0.564969
0.563713
0.561825
0.55937
0.556442
0.553159
0.549661
0.5461
0.542639
0.539441
0.536675
0.534502
0.533071
0.5325
0.532852
0.53412
0.536211
0.538954
0.542116
0.545433
0.548638
0.551488
0.553773
0.555328
0.556034
0.555816
0.554655
0.552599
0.549786
0.546454
0.542949
0.539688
0.537087
0.535469
0.534977
0.535536
0.536886
0.538662
0.540489
0.542047
0.543109
0.543551
0.543342
0.542534
0.541251
0.539674
0.538032
0.536571
0.535531
0.535109
0.535427
0.536517
0.538314
0.540676
0.543405
0.546285
0.549108
0.551687
0.553877
0.555569
0.556693
0.557209
0.557106
0.556398
0.555119
0.553326
0.551097
0.548533
0.545761
0.54293
0.540206
0.537766
0.535779
0.534387
0.533687
0.533704
0.534382
0.535583
0.537099
0.538683
0.54008
0.541074
0.541518
0.541366
0.540681
0.53963
0.538448
0.537392
0.536685
0.536469
0.536788
0.537598
0.538802
0.540292
0.541978
0.543809
0.545763
0.547836
0.550022
0.552303
0.554644
0.556994
0.559298
0.561503
0.563566
0.565458
0.567165
0.568685
0.57003
0.571218
0.572273
0.573221
0.574087
0.574897
0.575673
0.576433
0.577195
0.577973
0.578775
0.579612
0.580487
0.581404
0.582362
0.583358
0.584385
0.585433
0.586491
0.587542
0.58857
0.589557
0.590482
0.59133
0.592084
0.592728
0.593248
0.593629
0.593853
0.593894
0.593723
0.593305
0.592599
0.591565
0.59017
0.588392
0.586231
0.583715
0.580908
0.577917
0.574897
0.572045
0.569588
0.56776
0.566768
0.566758
0.567793
0.569846
0.572806
0.576508
0.580757
0.585356
0.590126
0.594918
0.599614
0.604134
0.608424
0.612454
0.616212
0.619696
0.622915
0.625882
0.628612
0.631125
0.633443
0.63559
0.637591
0.639472
0.641259
0.642975
0.644642
0.646273
0.647875
0.649446
0.650972
0.652427
0.653772
0.654958
0.655929
0.656623
0.656982
0.656952
0.656494
0.655582
0.654209
0.652388
0.650147
0.64753
0.644593
0.641406
0.638051
0.634628
0.631254
0.62806
0.625181
0.622738
0.62082
0.619479
0.618722
0.618527
0.61887
0.619744
0.621184
0.623262
0.626077
0.629717
0.634223
0.639551
0.645558
0.651997
0.65855
0.664871
0.670636
0.675589
0.679558
0.682468
0.684326
0.685205
0.685217
0.684494
0.683171
0.681374
0.679214
0.676791
0.674207
0.671574
0.669025
0.666712
0.664797
0.663421
0.662672
0.662552
0.662958
0.663692
0.664491
0.665072
0.665186
0.664659
0.663422
0.661526
0.65913
0.656483
0.653877
0.651591
0.64984
0.648743
0.648312
0.648481
0.649136
0.650153
0.651412
0.652804
0.654226
0.655572
0.656733
0.657614
0.658142
0.658294
0.658111
0.657697
0.657214
0.656843
0.656755
0.657066
0.657815
0.658966
0.660422
0.66206
0.663762
0.665432
0.667004
0.668446
0.669748
0.670911
0.671944
0.672852
0.673635
0.67429
0.674811
0.675192
0.675433
0.675541
0.675533
0.675427
0.675233
0.674942
0.674506
0.673835
0.672795
0.671226
0.668969
0.665898
0.661957
0.657188
0.651751
0.645925
0.640093
0.634697
0.630175
0.626883
0.625032
0.624649
0.625595
0.627615
0.630414
0.633718
0.637307
0.641019
0.644724
0.648293
0.65158
0.654414
0.65661
0.658001
0.65846
0.657926
0.656419
0.654039
0.650958
0.647411
0.643678
0.640083
0.636982
0.634738
0.633677
0.634018
0.635803
0.638858
0.642813
0.647174
0.65143
0.655134
0.657966
0.659748
0.660427
0.660057
0.658768
0.656743
0.654195
0.651343
0.64839
0.645497
0.642766
0.64023
0.63786
0.635586
0.633317
0.630972
0.628493
0.62586
0.623088
0.620226
0.617347
0.61454
0.611898
0.609506
0.607441
0.605757
0.60449
0.603656
0.603252
0.603265
0.603671
0.604442
0.605548
0.606955
0.608624
0.61051
0.612561
0.614716
0.616905
0.619056
0.621093
0.622942
0.624536
0.625818
0.626738
0.627261
0.627356
0.627001
0.626175
0.624859
0.623035
0.620697
0.61786
0.614574
0.610942
0.607123
0.603318
0.599743
0.596584
0.59398
0.592014
0.590746
0.590242
0.590583
0.591829
0.593979
0.596925
0.600447
0.604254
0.608025
0.611467
0.614336
0.616456
0.617715
0.618064
0.61752
0.616161
0.614126
0.61161
0.60885
0.606111
0.603661
0.601747
0.600564
0.600226
0.600744
0.602018
0.603854
0.605997
0.608181
0.610175
0.611817
0.613028
0.613813
0.614236
0.614394
0.614392
0.614315
0.614218
0.614121
0.614016
0.61388
0.613691
0.613437
0.613121
0.612767
0.612408
0.612086
0.611839
0.611702
0.611696
0.611837
0.612138
0.612618
0.613301
0.61422
0.615411
0.616898
0.618691
0.620766
0.623073
0.625533
0.628052
0.630535
0.632893
0.635051
0.636955
0.63857
0.639875
0.640867
0.641556
0.641963
0.642124
0.642086
0.641915
0.641691
0.641504
0.641451
0.641624
0.642102
0.642937
0.644148
0.645725
0.647627
0.649794
0.652156
0.654636
0.657157
0.659641
0.662011
0.66419
0.666105
0.667687
0.668877
0.669629
0.669913
0.669721
0.669071
0.668004
0.666588
0.664914
0.663087
0.661216
0.659404
0.657739
0.656289
0.655096
0.654186
0.653568
0.653245
0.65322
0.653495
0.65408
0.654988
0.656232
0.657821
0.659752
0.662001
0.664521
0.66724
0.670068
0.672902
0.675636
0.678175
0.680441
0.682378
0.683955
0.685163
0.686014
0.686533
0.686757
0.686729
0.686496
0.686108
0.685616
0.685071
0.684523
0.684019
0.683598
0.683284
0.683082
0.682975
0.682923
0.682867
0.682734
0.682451
0.68195
0.681181
0.680116
0.678761
0.67715
0.675351
0.673453
0.671564
0.669793
0.668242
0.666992
0.666096
0.665578
0.665432
0.665638
0.666162
0.666973
0.668042
0.669346
0.670864
0.672567
0.674421
0.676376
0.678374
0.680352
0.682248
0.684013
0.685613
0.68703
0.688261
0.689308
0.690172
0.690846
0.691307
0.691518
0.691432
0.691003
0.690196
0.689
0.687437
0.68557
0.683502
0.681372
0.679348
0.677604
0.676307
0.675596
0.675563
0.676242
0.677601
0.679545
0.68192
0.684533
0.687168
0.689609
0.691657
0.693142
0.693925
0.693896
0.692966
0.691066
0.688159
0.684259
0.679466
0.674
0.668215
0.662588
0.657645
0.653855
0.651515
0.65066
0.651069
0.652337
0.654
0.655652
0.65701
0.657938
0.658436
0.658609
0.65865
0.658813
0.659393
0.660678
0.662892
0.666142
0.670369
0.675367
0.680824
0.686395
0.691771
0.696714
0.70107
0.704767
0.707794
0.710187
0.71201
0.713346
0.714285
0.714918
0.715328
0.715581
0.71572
0.715761
0.715683
0.715437
0.714948
0.714132
0.712916
0.711258
0.709177
0.706767
0.704206
0.701745
0.699668
0.698238
0.69763
0.69789
0.698913
0.700474
0.702274
0.704004
0.705396
0.706258
0.706496
0.706116
0.705209
0.703939
0.702522
0.701205
0.700251
0.699908
0.700364
0.701687
0.703775
0.706344
0.708984
0.711244
0.712734
0.713192
0.712521
0.710785
0.708184
0.705006
0.701573
0.698182
0.695053
0.692305
0.689964
0.688
0.686374
0.685089
0.6842
0.683812
0.684039
0.684952
0.686552
0.688763
0.691466
0.694547
0.697939
0.701632
0.705649
0.710011
0.714692
0.719595
0.724551
0.72934
0.733717
0.737449
0.740336
0.742233
0.743047
0.742748
0.741358
0.738951
0.735649
0.731611
0.72703
0.722115
0.717079
0.712119
0.707401
0.703053
0.699158
0.695757
0.692853
0.690414
0.688371
0.686625
0.685044
0.683484
0.681807
0.679916
0.677791
0.675513
0.673269
0.671315
0.669899
0.669171
0.669123
0.669583
0.670276
0.670918
0.671292
0.671288
0.670909
0.670235
0.669397
0.668535
0.667784
0.667252
0.667021
0.667138
0.667617
0.668437
0.669546
0.670867
0.672304
0.673751
0.675104
0.676269
0.677169
0.677753
0.677996
0.677905
0.67751
0.676862
0.676019
0.675035
0.673948
0.672768
0.671476
0.670026
0.668361
0.666427
0.664192
0.661667
0.658911
0.656037
0.653202
0.650589
0.648371
0.646688
0.645613
0.645135
0.645164
0.645543
0.646075
0.646564
0.646836
0.646774
0.64633
0.64553
0.644473
0.643315
0.642244
0.641454
0.64111
0.641327
0.642158
0.643583
0.64553
0.647881
0.650497
0.653235
0.65596
0.658557
0.660933
0.663021
0.664778
0.666178
0.667216
0.667899
0.668247
0.668289
0.668066
0.667627
0.66703
0.666342
0.665631
0.664971
0.664432
0.664076
0.663957
0.66411
0.664558
0.665305
0.666339
0.667637
0.669162
0.670873
0.672723
0.674665
0.676656
0.678655
0.680631
0.682557
0.684414
0.686187
0.687855
0.689397
0.69078
0.691963
0.692893
0.693506
0.693731
0.693486
0.692686
0.691252
0.689121
0.686276
0.682769
0.678741
0.674438
0.670199
0.666415
0.663466
0.661643
0.661093
0.661786
0.663539
0.666072
0.669077
0.67228
0.675475
0.67854
0.681423
0.684129
0.686704
0.689214
0.691733
0.694326
0.697037
0.699873
0.702799
0.705731
0.70855
0.71111
0.713264
0.71488
0.715852
0.716112
0.715631
0.714416
0.712511
0.709988
0.706946
0.703508
0.699816
0.696032
0.692337
0.688923
0.685986
0.683707
0.682228
0.681624
0.681883
0.682905
0.684512
0.686493
0.688648
0.690834
0.692997
0.695167
0.697425
0.699849
0.702469
0.705233
0.708024
0.710689
0.713084
0.715102
0.716688
0.717831
0.718551
0.718879
0.718844
0.718462
0.717734
0.716648
0.71518
0.713307
0.711009
0.708279
0.705126
0.701582
0.697698
0.69355
0.689235
0.684877
0.680635
0.676699
0.673286
0.67062
0.668892
0.66822
0.668612
0.669962
0.672061
0.674635
0.677385
0.680014
0.682254
0.683875
0.6847
0.684614
0.683578
0.681643
0.678959
0.675766
0.672374
0.669108
0.666246
0.663967
0.662318
0.661234
0.660581
0.660207
0.659988
0.659847
0.659754
0.659717
0.659767
0.659943
0.660282
0.660814
0.66156
0.662526
0.663705
0.665082
0.66663
0.668319
0.670113
0.671978
0.673877
0.675776
0.677641
0.679436
0.681126
0.682672
0.684036
0.685175
0.686048
0.686618
0.686849
0.686718
0.686211
0.685332
0.684105
0.682572
0.680797
0.678863
0.676868
0.674917
0.673118
0.671579
0.670397
0.669657
0.669427
0.669755
0.67066
0.672131
0.67412
0.676545
0.679288
0.682199
0.68511
0.687846
0.690241
0.692155
0.69349
0.694204
0.694318
0.693926
0.69319
0.692327
0.691575
0.691148
0.691182
0.691697
0.692589
0.693658
0.69466
0.695362
0.695584
0.695228
0.694279
0.692799
0.690909
0.688766
0.686547
0.684419
0.682529
0.680988
0.679871
0.679215
0.679028
0.679296
0.679983
0.681039
0.682405
0.68401
0.685786
0.68767
0.689612
0.691576
0.693539
0.695488
0.697414
0.699311
0.701164
0.702957
0.704664
0.70626
0.707716
0.709005
0.710105
0.710997
0.711669
0.712116
0.712336
0.712334
0.71212
0.711714
0.711143
0.710446
0.709677
0.708901
0.708198
0.70765
0.70734
0.707333
0.707666
0.708337
0.709297
0.71045
0.71166
0.712768
0.713622
0.714103
0.714162
0.713836
0.713252
0.712598
0.712071
0.711828
0.711951
0.712448
0.713284
0.714411
0.715762
0.717234
0.718651
0.719767
0.720306
0.720045
0.718889
0.716938
0.714495
0.712032
0.71011
0.709273
0.709937
0.712309
0.716346
0.721769
0.728115
0.734821
0.741306
0.747045
0.751621
0.754757
0.756344
0.756447
0.755308
0.75334
0.751083
0.74913
0.748011
0.748062
0.749328
0.751551
0.754254
0.756877
0.758925
0.760061
0.760154
0.759266
0.757609
0.755484
0.753207
0.751053
0.749219
0.74781
0.746858
0.746347
0.746239
0.746495
0.747084
0.747986
0.749182
0.750636
0.752285
0.75404
0.755789
0.757413
0.758795
0.759837
0.760459
0.760606
0.760241
0.759347
0.757925
0.755992
0.753581
0.75074
0.74753
0.744019
0.74028
0.736381
0.732382
0.728334
0.72428
0.720268
0.716352
0.712609
0.709142
0.706076
0.703559
0.701746
0.700781
0.700778
0.701796
0.703825
0.706772
0.710478
0.714731
0.719302
0.723966
0.728527
0.732831
0.736766
0.740262
0.743282
0.745815
0.747868
0.74946
0.750614
0.751355
0.751708
0.751695
0.751331
0.750631
0.749606
0.748265
0.746618
0.744679
0.742469
0.740022
0.737384
0.734619
0.731811
0.729062
0.726492
0.72423
0.722404
0.721132
0.720499
0.72054
0.721229
0.722474
0.724133
0.726038
0.728023
0.72995
0.731725
0.733303
0.734679
0.735877
0.736931
0.737879
0.738746
0.739548
0.740288
0.740964
0.74157
0.742097
0.742538
0.742883
0.74312
0.743229
0.743187
0.742969
0.742548
0.741902
0.74102
0.739902
0.73857
0.737062
0.735439
0.733772
0.732141
0.730618
0.72926
0.728095
0.727117
0.726281
0.725509
0.724704
0.723769
0.722638
0.721303
0.719843
0.718425
0.717285
0.716663
0.716733
0.717543
0.719006
0.720936
0.723127
0.725411
0.727681
0.72989
0.732018
0.734049
0.735959
0.737719
0.739296
0.740666
0.741804
0.74269
0.743309
0.743651
0.743722
0.743557
0.743229
0.74285
0.74256
0.742511
0.742835
0.743615
0.744873
0.746567
0.748611
0.750906
0.753356
0.755896
0.758483
0.7611
0.763741
0.766401
0.769065
0.771705
0.774276
0.776718
0.77896
0.780915
0.782491
0.783585
0.784089
0.783887
0.782863
0.780896
0.77787
0.773683
0.768257
0.761566
0.753673
0.744777
0.735275
0.725797
0.717197
0.710439
0.706383
0.705539
0.707898
0.712954
0.719896
0.727844
0.736021
0.743831
0.750854
0.756821
0.761586
0.765108
0.767438
0.768712
0.769124
0.768912
0.768329
0.767622
0.767008
0.766663
0.766703
0.767182
0.76809
0.769362
0.770888
0.772532
0.774146
0.775592
0.776754
0.777556
0.777971
0.778028
0.777814
0.777464
0.777144
0.777026
0.777252
0.777909
0.779005
0.780471
0.782171
0.783927
0.785548
0.786858
0.787708
0.787992
0.787648
0.786654
0.78502
0.782775
0.779956
0.776602
0.772752
0.768458
0.763804
0.758922
0.754007
0.749303
0.745086
0.741623
0.739134
0.737757
0.737525
0.738363
0.740104
0.742509
0.745312
0.748252
0.751102
0.753693
0.75592
0.757732
0.759128
0.760134
0.760785
0.761115
0.76114
0.760867
0.760288
0.7594
0.758207
0.756738
0.755051
0.753239
0.751425
0.749753
0.748368
0.747391
0.746892
0.746875
0.747271
0.747963
0.748806
0.749666
0.750447
0.751101
0.751637
0.752103
0.752572
0.753118
0.753796
0.754626
0.755586
0.756619
0.757636
0.758533
0.759206
0.759559
0.759522
0.759055
0.758157
0.756865
0.755258
0.753443
0.751546
0.749685
0.747953
0.746394
0.745002
0.743725
0.74249
0.74123
0.739912
0.738558
0.737246
0.736097
0.735236
0.734755
0.734672
0.734925
0.735381
0.735877
0.736261
0.736433
0.736353
0.736047
0.735583
0.735052
0.734543
0.734125
0.733836
0.733678
0.733627
0.733632
0.733636
0.733581
0.733419
0.733121
0.732677
0.732098
0.731405
0.730627
0.729794
0.728932
0.72806
0.727194
0.72635
0.725547
0.724811
0.724174
0.72367
0.723319
0.723122
0.723048
0.72303
0.722967
0.722745
0.722251
0.721405
0.720173
0.718592
0.716769
0.714875
0.713122
0.711728
0.71088
0.710692
0.711192
0.712318
0.71394
0.715884
0.717963
0.720002
0.721851
0.723395
0.724559
0.725305
0.725639
0.725597
0.725243
0.724656
0.723919
0.723102
0.722261
0.721428
0.720617
0.719826
0.719044
0.718256
0.71744
0.716576
0.715635
0.714586
0.713392
0.712016
0.710427
0.708603
0.706545
0.704274
0.701846
0.699344
0.696876
0.694566
0.692538
0.690898
0.689721
0.689039
0.688839
0.689074
0.689673
0.690562
0.691677
0.692978
0.694442
0.696066
0.697848
0.699777
0.701825
0.703936
0.706037
0.70804
0.709858
0.711409
0.712625
0.713454
0.713855
0.713796
0.713239
0.712144
0.710461
0.708137
0.705129
0.701423
0.697055
0.692139
0.686878
0.68156
0.676536
0.672162
0.668741
0.666465
0.665378
0.665383
0.666271
0.667775
0.669628
0.671619
0.673624
0.675626
0.677697
0.679967
0.682566
0.685577
0.688998
0.692727
0.696583
0.700338
0.703764
0.706667
0.70891
0.710419
0.711183
0.711244
0.710685
0.709622
0.708198
0.706579
0.704946
0.70349
0.702389
0.701788
0.701775
0.702362
0.703482
0.705008
0.706771
0.708593
0.710312
0.711798
0.712973
0.713811
0.714345
0.714668
0.714921
0.715279
0.715928
0.717026
0.718672
0.720882
0.723593
0.726683
0.730011
0.73345
0.736918
0.740377
0.74383
0.747301
0.750816
0.754386
0.757996
0.761607
0.765153
0.768553
0.771716
0.774548
0.776956
0.778854
0.780171
0.780853
0.780876
0.780249
0.779021
0.777273
0.775101
0.77259
0.769792
0.766706
0.763289
0.759488
0.755292
0.750772
0.746112
0.7416
0.737607
0.734541
0.732783
0.732629
0.734219
0.7375
0.742229
0.748041
0.75453
0.761323
0.768119
0.774689
0.780851
0.786453
0.791355
0.79544
0.798625
0.800883
0.802255
0.802857
0.802867
0.802511
0.802023
0.801611
0.80143
0.801563
0.80202
0.802751
0.803666
0.80465
0.805579
0.806324
0.806754
0.806738
0.80615
0.804878
0.802839
0.8
0.796411
0.792226
0.787728
0.783322
0.779493
0.776709
0.775291
0.775308
0.776534
0.778521
0.780726
0.782655
0.783958
0.784452
0.784112
0.783028
0.781361
0.779308
0.777074
0.774864
0.772881
0.771325
0.770384
0.770214
0.770903
0.772441
0.774706
0.777487
0.780523
0.783564
0.786408
0.788922
0.791044
0.792767
0.794123
0.79516
0.795933
0.796493
0.796884
0.797144
0.797302
0.797377
0.797378
0.797299
0.79712
0.796797
0.796262
0.795414
0.794118
0.792198
0.789435
0.785589
0.780432
0.773848
0.765982
0.75743
0.749335
0.743224
0.740466
0.7416
0.746035
0.75238
0.759134
0.765222
0.770157
0.773927
0.776788
0.779086
0.781135
0.783154
0.785246
0.787418
0.789607
0.791721
0.793661
0.795349
0.796722
0.797739
0.798375
0.798611
0.798433
0.797831
0.796796
0.795324
0.793412
0.791072
0.788325
0.785214
0.78181
0.778218
0.774582
0.771084
0.767932
0.765331
0.763448
0.762381
0.762142
0.762669
0.763853
0.765581
0.767761
0.770339
0.773295
0.776618
0.780295
0.784284
0.788509
0.792861
0.797206
0.801396
0.805286
0.808746
0.811664
0.813954
0.815554
0.816424
0.816541
0.815903
0.814522
0.81244
0.80973
0.806509
0.802949
0.799269
0.795713
0.792514
0.789843
0.78777
0.78626
0.785194
0.784427
0.783845
0.7834
0.783118
0.783078
0.783369
0.784058
0.785157
0.786621
0.788361
0.790264
0.792213
0.794102
0.795844
0.797366
0.798612
0.799541
0.800132
0.800385
0.800338
0.800061
0.799668
0.799304
0.799136
0.799331
0.800036
0.801347
0.803298
0.805853
0.808917
0.812352
0.816004
0.819721
0.823369
0.826838
0.830045
0.832923
0.835422
0.8375
0.839123
0.840269
0.840934
0.841142
0.840961
0.840505
0.83994
0.839467
0.839298
0.83962
0.840567
0.842193
0.844475
0.84732
0.850596
0.854152
0.857834
0.861497
0.865005
0.868232
0.871058
0.87337
0.87506
0.876028
0.87618
0.875434
0.873728
0.871028
0.867355
0.8628
0.857551
0.851896
0.846212
0.840907
0.83635
0.832784
0.830275
0.828712
0.827855
0.827424
0.827204
0.827129
0.827335
0.828139
0.829939
0.833029
0.83744
0.842864
0.848729
0.854368
0.859172
0.862677
0.864583
0.864712
0.862979
0.859357
0.853883
0.846669
0.837931
0.828033
0.817531
0.807195
0.797973
0.790841
0.786539
0.785313
0.786831
0.790318
0.794849
0.799607
0.804021
0.807767
0.81072
0.812882
0.814315
0.8151
0.81531
0.814996
0.81419
0.812914
0.8112
0.809106
0.806719
0.804168
0.801604
0.799187
0.797065
0.795349
0.794102
0.793339
0.793025
0.793099
0.79348
0.794088
0.794849
0.795699
0.796583
0.797452
0.798253
0.798925
0.799392
0.799567
0.799346
0.798617
0.797267
0.79519
0.792304
0.788565
0.783995
0.778705
0.772917
0.766963
0.76126
0.756245
0.752297
0.749662
0.748427
0.748527
0.749797
0.75201
0.754919
0.758272
0.761832
0.765381
0.768733
0.771729
0.774246
0.776186
0.777478
0.778081
0.777989
0.777232
0.775885
0.774065
0.771926
0.76965
0.767431
0.765454
0.763882
0.762833
0.762373
0.762507
0.763179
0.764281
0.765665
0.767157
0.768575
0.769746
0.770517
0.770766
0.770409
0.769412
0.767793
0.765627
0.763051
0.760248
0.75744
0.754848
0.752665
0.751021
0.749966
0.749471
0.74945
0.749792
0.750386
0.751147
0.752016
0.752957
0.753951
0.754987
0.756058
0.757161
0.758297
0.759469
0.760684
0.761947
0.763255
0.764594
0.765931
0.76721
0.768355
0.769275
0.769872
0.770064
0.769798
0.769066
0.767915
0.766452
0.764836
0.763257
0.761913
0.760984
0.760601
0.760836
0.761698
0.763138
0.765065
0.767366
0.769919
0.772605
0.775319
0.777972
0.780496
0.782846
0.784998
0.786946
0.788704
0.790295
0.79175
0.793097
0.794364
0.795569
0.796725
0.797838
0.798912
0.799952
0.800961
0.801941
0.802886
0.80378
0.804597
0.8053
0.80585
0.806218
0.806388
0.80637
0.806202
0.805942
0.805669
0.805461
0.805386
0.805489
0.805779
0.806233
0.806791
0.807372
0.807882
0.808237
0.808374
0.808266
0.807931
0.80743
0.806852
0.806302
0.805876
0.805643
0.80564
0.805869
0.806307
0.806916
0.807649
0.808464
0.809329
0.810222
0.811139
0.812087
0.813079
0.814129
0.815243
0.816413
0.817615
0.818808
0.819939
0.820945
0.82176
0.822322
0.82258
0.822499
0.822071
0.821313
0.820274
0.819035
0.817701
0.816392
0.815233
0.814331
0.813772
0.81361
0.81387
0.814555
0.815655
0.817156
0.819039
0.82128
0.823844
0.826681
0.829719
0.832867
0.836019
0.839057
0.841862
0.84431
0.846279
0.84765
0.848302
0.848118
0.846998
0.844877
0.841768
0.837809
0.833316
0.828793
0.824874
0.822183
0.821142
0.821837
0.824024
0.827256
0.831064
0.835076
0.839052
0.842856
0.846404
0.849623
0.85244
0.854781
0.856586
0.857814
0.858456
0.858523
0.858049
0.857077
0.855648
0.853796
0.851543
0.848891
0.845829
0.842344
0.838429
0.834106
0.829443
0.824572
0.819694
0.815082
0.811048
0.807906
0.805904
0.805169
0.80567
0.807238
0.809641
0.812677
0.816236
0.820298
0.824877
0.829931
0.835308
0.840748
0.84594
0.850595
0.8545
0.857538
0.859682
0.86096
0.861435
0.861183
0.860301
0.858928
0.857271
0.855616
0.854306
0.853664
0.853882
0.854932
0.856533
0.858215
0.859424
0.859652
0.858513
0.855803
0.851524
0.845906
0.839415
0.832736
0.826678
0.822012
0.819276
0.81864
0.819881
0.822497
0.825864
0.829379
0.832551
0.835037
0.836644
0.837317
0.837113
0.836181
0.834731
0.83301
0.831269
0.829738
0.828594
0.827945
0.827823
0.828195
0.828971
0.830034
0.831251
0.832494
0.83364
0.834584
0.835232
0.835511
0.835363
0.834755
0.833678
0.832159
0.830259
0.828081
0.825767
0.823491
0.821442
0.819806
0.818741
0.818353
0.818679
0.819684
0.82127
0.823293
0.825588
0.827993
0.830361
0.832575
0.834547
0.836216
0.837544
0.838511
0.839111
0.83935
0.839243
0.838819
0.838118
0.837193
0.83611
0.834947
0.833783
0.832702
0.831778
0.831076
0.830645
0.830519
0.830712
0.83122
0.83201
0.833025
0.834181
0.83537
0.836468
0.837344
0.837868
0.837913
0.837365
0.83612
0.834094
0.831234
0.827533
0.823052
0.817939
0.812441
0.806901
0.80173
0.797352
0.794127
0.792282
0.791861
0.792726
0.7946
0.797139
0.800011
0.802955
0.805812
0.808527
0.811123
0.813664
0.816208
0.818769
0.82131
0.823745
0.825973
0.827914
0.829529
0.830835
0.831897
0.832807
0.833661
0.834543
0.835504
0.836561
0.837697
0.838874
0.840038
0.841136
0.842118
0.842943
0.843581
0.844011
0.844215
0.844179
0.843887
0.84332
0.842455
0.841266
0.839724
0.837801
0.835475
0.832738
0.829596
0.826084
0.822265
0.818233
0.814114
0.810055
0.80622
0.802771
0.799866
0.797638
0.796191
0.795592
0.795858
0.796959
0.798819
0.801323
0.804331
0.807689
0.811246
0.81486
0.818407
0.821785
0.824909
0.827717
0.830162
0.832217
0.833871
0.835137
0.836048
0.836665
0.837072
0.83737
0.83767
0.838072
0.838653
0.839454
0.840472
0.84167
0.842981
0.844325
0.845615
0.846769
0.847714
0.848382
0.848715
0.848673
0.848237
0.847423
0.846298
0.844981
0.843642
0.842471
0.841642
0.841271
0.841384
0.841919
0.842746
0.843709
0.84466
0.84548
0.846086
0.846435
0.846513
0.846338
0.845959
0.845452
0.844928
0.844525
0.844402
0.844716
0.8456
0.84713
0.849303
0.852039
0.855186
0.858548
0.861918
0.865102
0.867943
0.870324
0.872175
0.873468
0.874212
0.874447
0.874237
0.873664
0.87282
0.871801
0.8707
0.869604
0.868581
0.867688
0.86696
0.866416
0.866056
0.865863
0.865808
0.865847
0.865931
0.866002
0.866
0.865863
0.865534
0.864959
0.864097
0.862922
0.861435
0.859668
0.857694
0.855628
0.853622
0.851856
0.850513
0.849758
0.849724
0.850491
0.852087
0.854485
0.857607
0.861332
0.8655
0.869929
0.874423
0.87879
0.882855
0.886468
0.889507
0.89188
0.893523
0.894398
0.894495
0.893833
0.89247
0.890501
0.888072
0.885366
0.882602
0.880001
0.877762
0.876028
0.874861
0.874238
0.874062
0.874194
0.874487
0.874815
0.875089
0.875247
0.87524
0.875016
0.87451
0.873657
0.872406
0.870738
0.868687
0.866342
0.863848
0.861393
0.859189
0.857446
0.85634
0.855979
0.856386
0.857488
0.859139
0.861141
0.863284
0.865372
0.867243
0.868779
0.869897
0.87055
0.87071
0.870369
0.869536
0.868241
0.866541
0.864532
0.862347
0.860157
0.858141
0.85646
0.855214
0.854416
0.853975
0.853713
0.853399
0.852787
0.851659
0.849852
0.847277
0.843926
0.839881
0.835308
0.830446
0.825587
0.821044
0.817114
0.814043
0.812007
0.8111
0.811338
0.812659
0.814937
0.817982
0.82156
0.825411
0.829279
0.832939
0.836216
0.83899
0.841204
0.842849
0.843955
0.844577
0.84479
0.844673
0.844309
0.843779
0.843159
0.842517
0.84191
0.841379
0.840951
0.840626
0.840389
0.840204
0.840022
0.839789
0.839454
0.838977
0.838337
0.837538
0.836609
0.8356
0.834581
0.833631
0.832823
0.832217
0.831846
0.831713
0.831789
0.832024
0.832351
0.832709
0.833048
0.833339
0.833576
0.833767
0.833921
0.834044
0.834127
0.834155
0.834121
0.834045
0.833991
0.834063
0.834391
0.835095
0.836237
0.837803
0.839688
0.841728
0.843732
0.845529
0.846993
0.848065
0.848758
0.849152
0.849388
0.849649
0.850137
0.85104
0.852497
0.854577
0.857268
0.86049
0.864115
0.868008
0.872045
0.876139
0.880235
0.884297
0.888297
0.892185
0.895888
0.899312
0.902364
0.904979
0.907151
0.908956
0.910547
0.912128
0.913913
0.916056
0.918606
0.921473
0.924442
0.927212
0.929462
0.930913
0.931374
0.93077
0.929144
0.926648
0.923537
0.920168
0.917009
0.914624
0.913607
0.914435
0.917303
0.922007
0.927988
0.934506
0.940873
0.946618
0.951552
0.955741
0.959414
0.962857
0.966292
0.969794
0.973251
0.976394
0.978866
0.980312
0.98046
0.979167
0.976443
0.972454
0.967527
0.962138
0.956913
0.952608
0.950024
0.949821
0.952258
0.957007
0.963198
0.969699
0.975453
0.979693
0.981983
0.982157
0.98023
0.976352
0.970828
0.964215
0.957443
0.951843
0.948918
0.949804
0.954686
0.96263
0.972013
0.981208
0.989072
0.995056
0.999074
1.0013
1.00202
1.00153
1.00009
0.99792
0.995198
0.992073
0.988677
0.98514
0.981597
0.9782
0.975112
0.972505
0.970545
0.969368
0.96906
0.969636
0.971035
0.973126
0.97573
0.978643
0.981669
0.984637
0.987415
0.98991
0.992068
0.993863
0.995289
0.996352
0.997066
0.997444
0.997499
0.997239
0.996674
0.99581
0.994656
0.993226
0.991545
0.989649
0.987586
0.985419
0.983216
0.981048
0.978979
0.977061
0.975324
0.973774
0.972378
0.971062
0.96972
0.968233
0.966503
0.964497
0.962264
0.959925
0.957648
0.95562
0.954047
0.953186
0.953382
0.955072
0.958724
0.964667
0.972879
0.982841
0.993593
1.00399
1.01301
1.01999
1.02466
1.02711
1.02767
1.02681
1.02505
1.02287
1.02065
1.01865
1.01702
1.01576
1.01484
1.01414
1.01357
1.01307
1.0126
1.01221
1.01196
1.01195
1.01224
1.01288
1.01388
1.01522
1.01687
1.01878
1.02092
1.02324
1.02569
1.02819
1.03068
1.03308
1.03531
1.03733
1.03908
1.04052
1.04162
1.04238
1.04278
1.04282
1.04251
1.04188
1.04098
1.03985
1.0386
1.03732
1.03613
1.03518
1.03459
1.03448
1.03495
1.03601
1.03763
1.0397
1.04208
1.04458
1.04703
1.04928
1.05124
1.05283
1.05402
1.05483
1.05526
1.05532
1.05504
1.05442
1.05346
1.05219
1.05063
1.04883
1.04688
1.04491
1.04309
1.04165
1.04085
1.04098
1.04224
1.04476
1.04848
1.05317
1.05847
1.06392
1.06911
1.0737
1.07746
1.08029
1.08222
1.08331
1.08366
1.08336
1.08248
1.08108
1.07918
1.07682
1.07404
1.07091
1.06753
1.06403
1.0606
1.05746
1.05485
1.05304
1.05226
1.05267
1.05432
1.05714
1.06093
1.06537
1.07008
1.07468
1.07882
1.08222
1.08465
1.08598
1.08611
1.08504
1.08281
1.07949
1.07521
1.07011
1.06431
1.05795
1.05112
1.04392
1.03643
1.02877
1.02109
1.01357
1.00643
0.999936
0.994421
0.990227
0.987649
0.986855
0.987825
0.990347
0.994039
0.998414
1.00296
1.00721
1.01086
1.0138
1.01612
1.01812
1.02014
1.02247
1.02523
1.02837
1.03167
1.03486
1.03767
1.03991
1.04142
1.04214
1.04203
1.04106
1.03922
1.03645
1.03274
1.02807
1.02255
1.01646
1.01036
1.005
1.0012
0.999476
0.999785
1.00149
1.00357
1.00503
1.00512
1.00348
1.0001
0.9953
0.989592
0.983635
0.978132
0.97372
0.970861
0.969756
0.970331
0.972283
0.975184
0.978586
0.982105
0.985451
0.988437
0.990944
0.992896
0.994226
0.994866
0.994736
0.993758
0.991874
0.989066
0.985381
0.98095
0.975986
0.970763
0.965581
0.960716
0.956384
0.952733
0.949852
0.947808
0.946652
0.946422
0.947119
0.948683
0.950987
0.953845
0.957026
0.960281
0.963364
0.966047
0.968141
0.969505
0.970052
0.969751
0.968627
0.96675
0.964237
0.961235
0.957916
0.954458
0.951038
0.947814
0.944925
0.942489
0.940603
0.939345
0.938766
0.93888
0.939655
0.941001
0.942773
0.944784
0.946819
0.948668
0.950147
0.951119
0.951507
0.951303
0.950558
0.949376
0.947899
0.946282
0.944682
0.943235
0.942048
0.941185
0.940667
0.940474
0.94055
0.940809
0.941154
0.941483
0.941706
0.941749
0.941563
0.941118
0.940406
0.939432
0.938212
0.936771
0.935146
0.933384
0.931557
0.929757
0.928104
0.926737
0.925798
0.925411
0.925657
0.926553
0.928045
0.93001
0.932277
0.934657
0.936971
0.939074
0.940864
0.942283
0.943306
0.943923
0.944129
0.943912
0.943258
0.942155
0.940612
0.938663
0.936378
0.933861
0.93124
0.928654
0.92624
0.924115
0.922368
0.921058
0.920209
0.919828
0.919905
0.920434
0.921406
0.922815
0.924647
0.926868
0.929423
0.932222
0.935154
0.938092
0.940906
0.943485
0.945753
0.947678
0.949277
0.950611
0.951762
0.952814
0.953816
0.954766
0.955595
0.956185
0.956386
0.956052
0.955076
0.953416
0.95112
0.948326
0.945253
0.942174
0.939372
0.937076
0.935418
0.934394
0.933869
0.933602
0.933301
0.932684
0.931526
0.929706
0.927236
0.924278
0.921154
0.91832
0.916298
0.915572
0.916457
0.918998
0.922956
0.927875
0.933221
0.938494
0.943315
0.947442
0.950753
0.953217
0.954856
0.955723
0.955885
0.955416
0.954393
0.952892
0.95099
0.948764
0.94629
0.943643
0.940902
0.938146
0.935462
0.932945
0.930693
0.928804
0.927363
0.926435
0.926047
0.92619
0.926815
0.927852
0.929218
0.930835
0.932632
0.934553
0.936546
0.938563
0.940552
0.942462
0.944247
0.945873
0.947326
0.948614
0.949771
0.950842
0.951873
0.952889
0.953872
0.954754
0.955412
0.955683
0.955385
0.954355
0.952473
0.949687
0.946031
0.941633
0.9367
0.93151
0.926374
0.921611
0.917511
0.91431
0.912182
0.911233
0.911505
0.912987
0.915611
0.91926
0.923772
0.92895
0.934576
0.940428
0.946286
0.951947
0.957228
0.961977
0.96607
0.969416
0.971947
0.973607
0.974339
0.974073
0.972725
0.97021
0.966467
0.961513
0.95552
0.948879
0.942239
0.936431
0.932267
0.930267
0.930471
0.932459
0.935572
0.939179
0.942839
0.94633
0.949571
0.952533
0.95517
0.957402
0.959121
0.960222
0.960631
0.960324
0.959325
0.957701
0.955549
0.952973
0.95007
0.946919
0.943574
0.940074
0.936461
0.932799
0.92919
0.925783
0.922757
0.920296
0.91855
0.917608
0.917483
0.918114
0.919382
0.921131
0.923189
0.925387
0.927572
0.929619
0.931436
0.932966
0.934187
0.935106
0.935753
0.936171
0.936404
0.936491
0.936457
0.936313
0.93606
0.935696
0.93522
0.93464
0.933961
0.933187
0.9323
0.931263
0.930006
0.928442
0.926476
0.92403
0.921066
0.917609
0.913754
0.909659
0.905527
0.901566
0.897963
0.894861
0.892358
0.890511
0.889358
0.888914
0.889166
0.890059
0.891473
0.89323
0.895102
0.896839
0.898204
0.899
0.899109
0.89851
0.897297
0.89568
0.893965
0.892504
0.891618
0.891521
0.892263
0.893727
0.895674
0.897812
0.899869
0.901634
0.902978
0.903843
0.904233
0.904192
0.903784
0.903082
0.902155
0.901056
0.89982
0.898451
0.89693
0.895209
0.893215
0.890861
0.888056
0.884717
0.880793
0.876292
0.871312
0.866067
0.8609
0.856269
0.852679
0.850592
0.850322
0.85196
0.855364
0.86019
0.865969
0.872182
0.878322
0.88394
0.888677
0.89227
0.894557
0.89547
0.895028
0.893331
0.890559
0.886972
0.882909
0.878773
0.875003
0.872016
0.870144
0.869564
0.870272
0.872085
0.874702
0.877789
0.881052
0.884293
0.887429
0.890471
0.893487
0.896556
0.899714
0.902938
0.90613
0.90914
0.911794
0.913923
0.915397
0.91614
0.916148
0.915493
0.91432
0.912835
0.911282
0.909905
0.908916
0.908464
0.908631
0.909436
0.910852
0.912817
0.91524
0.917997
0.920934
0.923872
0.926632
0.92905
0.931006
0.93244
0.933361
0.933841
0.934009
0.934022
0.934048
0.934237
0.934702
0.935506
0.936662
0.938145
0.939896
0.941848
0.943928
0.946073
0.948229
0.95036
0.952452
0.954511
0.956569
0.958681
0.960914
0.963334
0.965985
0.968868
0.971929
0.97505
0.978054
0.980728
0.982846
0.984195
0.984605
0.98397
0.982266
0.979563
0.976025
0.971901
0.967498
0.963141
0.959126
0.955679
0.952925
0.950893
0.949531
0.948738
0.948392
0.94837
0.94856
0.948859
0.949176
0.949435
0.949574
0.949552
0.949344
0.948947
0.948379
0.947691
0.946968
0.946329
0.945922
0.9459
0.946402
0.94752
0.949288
0.951662
0.954528
0.957713
0.961
0.96416
0.966969
0.96923
0.970781
0.971498
0.971294
0.970113
0.967923
0.964716
0.960512
0.95537
0.949408
0.942822
0.935904
0.929035
0.922649
0.917155
0.91284
0.909795
0.907898
0.906859
0.906323
0.905952
0.905487
0.904759
0.903686
0.902248
0.900473
0.898425
0.896198
0.893903
0.891661
0.889585
0.887773
0.886301
0.88522
0.884563
0.884341
0.884551
0.885166
0.88613
0.88735
0.888688
0.889974
0.891028
0.891697
0.891905
0.891685
0.891211
0.890789
0.890807
0.89165
0.893587
0.896692
0.900821
0.905656
0.910799
0.91586
0.920524
0.924572
0.927877
0.930385
0.932092
0.933031
0.933257
0.93284
0.931865
0.930428
0.928631
0.926578
0.92436
0.92205
0.919684
0.917256
0.914719
0.911988
0.908961
0.905542
0.901679
0.8974
0.892854
0.888332
0.884261
0.881137
0.879425
0.879439
0.881256
0.884721
0.889507
0.895211
0.901431
0.90779
0.913944
0.919574
0.924389
0.928146
0.930663
0.931836
0.931646
0.930163
0.927557
0.924112
0.920242
0.916487
0.913458
0.911731
0.911688
0.913395
0.916547
0.920541
0.924626
0.928076
0.930323
0.931034
0.930144
0.927843
0.924541
0.920776
0.917102
0.91395
0.911544
0.909892
0.908859
0.908279
0.908036
0.908103
0.908518
0.909335
0.910561
0.912105
0.913763
0.915229
0.916154
0.916218
0.915211
0.91311
0.910119
0.906669
0.903351
0.900782
0.899447
0.899575
0.901097
0.903722
0.907054
0.910714
0.914412
0.917959
0.921254
0.924249
0.926924
0.929274
0.931299
0.932997
0.934365
0.935395
0.936078
0.936417
0.936436
0.936188
0.935759
0.935257
0.934788
0.934433
0.934222
0.934132
0.934086
0.933978
0.933696
0.933151
0.932289
0.931103
0.929629
0.927938
0.926129
0.924315
0.922605
0.921099
0.91987
0.918963
0.91838
0.918091
0.918034
0.918124
0.918275
0.918413
0.918502
0.91856
0.918681
0.919022
0.919784
0.921158
0.923261
0.926094
0.929516
0.933278
0.937077
0.940609
0.943617
0.945914
0.947378
0.947949
0.947623
0.946446
0.944519
0.941993
0.939071
0.935984
0.932963
0.930203
0.927838
0.925928
0.924472
0.92343
0.922749
0.92238
0.922292
0.922474
0.922939
0.923719
0.924861
0.926411
0.928392
0.930784
0.933509
0.936433
0.93938
0.942159
0.944596
0.946554
0.947936
0.948692
0.948812
0.948318
0.947268
0.945746
0.943861
0.941734
0.939481
0.937195
0.934937
0.932737
0.93061
0.928587
0.926737
0.925171
0.924022
0.923399
0.923345
0.923829
0.924756
0.926021
0.927539
0.929263
0.931165
0.933213
0.935352
0.937499
0.939559
0.941449
0.943115
0.944532
0.945703
0.946641
0.947359
0.947854
0.948112
0.948106
0.947805
0.947185
0.946229
0.944937
0.943325
0.941429
0.939299
0.936999
0.934604
0.932191
0.929834
0.927595
0.925514
0.92361
0.921877
0.9203
0.918859
0.917548
0.916382
0.915398
0.914651
0.914195
0.914069
0.914273
0.914766
0.91546
0.916239
0.916978
0.917562
0.917914
0.918003
0.917855
0.917553
0.917222
0.917021
0.917118
0.917676
0.918835
0.920693
0.923293
0.92661
0.930556
0.934984
0.93971
0.944536
0.949272
0.95375
0.957835
0.961421
0.964431
0.966812
0.968527
0.969556
0.969892
0.969546
0.968552
0.966972
0.964907
0.962505
0.959965
0.957534
0.955489
0.954111
0.953641
0.95424
0.955955
0.958695
0.962242
0.966282
0.970456
0.974419
0.977883
0.98065
0.98261
0.983736
0.984076
0.983731
0.982856
0.981647
0.980331
0.979149
0.978337
0.978091
0.978553
0.979787
0.981786
0.984477
0.987747
0.991466
0.995506
0.99975
1.0041
1.00846
1.01273
1.01684
1.02068
1.02416
1.02722
1.0298
1.0319
1.03357
1.03488
1.03593
1.0368
1.03757
1.03824
1.03874
1.03892
1.03857
1.03738
1.03505
1.03123
1.02565
1.01815
1.00875
0.9979
0.986523
0.97609
0.968309
0.964525
0.965115
0.969364
0.975902
0.983357
0.990775
0.997703
1.00405
1.0099
1.01538
1.02057
1.0255
1.03011
1.0343
1.03797
1.04103
1.04339
1.04501
1.0459
1.04608
1.04563
1.04463
1.04321
1.0415
1.03958
1.03754
1.03536
1.03297
1.03024
1.02694
1.02282
1.01763
1.01117
1.00346
0.994805
0.985933
0.977944
0.972059
0.969215
0.969731
0.973271
0.979079
0.986293
0.994152
1.00207
1.0096
1.01645
1.02239
1.02729
1.03105
1.03367
1.03516
1.03559
1.03503
1.03355
1.03116
1.02781
1.02341
1.01788
1.01129
1.00406
0.99706
0.991562
0.988848
0.989628
0.993661
0.999896
1.00698
1.01378
1.01958
1.02408
1.02725
1.02922
1.03019
1.03038
1.03002
1.02931
1.02839
1.02736
1.02625
1.02505
1.02373
1.02221
1.02042
1.01827
1.01568
1.01261
1.00907
1.00518
1.00121
0.997504
0.994531
0.992723
0.992392
0.993628
0.996266
0.999932
1.00414
1.00838
1.01222
1.01531
1.01741
1.01838
1.01816
1.01679
1.01434
1.01096
1.00683
1.00218
0.997262
0.992412
0.988013
0.984507
0.98235
0.98193
0.98348
0.987001
0.992223
0.998631
1.00557
1.01236
1.01849
1.02362
1.02763
1.0305
1.03225
1.03286
1.03226
1.03036
1.02714
1.02271
1.01742
1.01184
1.0067
1.00273
1.00043
0.999981
1.00122
1.00381
1.00742
1.01179
1.01673
1.02202
1.02743
1.03263
1.03734
1.04128
1.04422
1.04603
1.04665
1.04609
1.0445
1.04215
1.03946
1.03688
1.03485
1.03366
1.03338
1.03388
1.03492
1.0363
1.03787
1.03957
1.04141
1.04339
1.0455
1.04763
1.04964
1.05132
1.05245
1.05279
1.05215
1.05039
1.04743
1.0433
1.03809
1.03199
1.02524
1.01814
1.011
1.00415
0.997869
0.99243
0.988071
0.984995
0.983355
0.983217
0.984526
0.987082
0.990546
0.99449
0.998459
1.00204
1.00492
1.00692
1.00799
1.00819
1.00766
1.00654
1.00497
1.00301
1.00067
0.99789
0.994599
0.990737
0.986297
0.981356
0.976077
0.970703
0.965518
0.960796
0.956756
0.953522
0.951122
0.949503
0.948567
0.948202
0.948311
0.948821
0.949688
0.950882
0.952376
0.954127
0.956071
0.958124
0.960184
0.962152
0.963932
0.96545
0.966656
0.967519
0.968032
0.968197
0.968025
0.967525
0.966701
0.96555
0.964062
0.962218
0.960001
0.957396
0.954402
0.951034
0.947333
0.94337
0.939247
0.935093
0.931058
0.927305
0.923992
0.921258
0.919212
0.917911
0.917357
0.91749
0.918194
0.919319
0.920701
0.922186
0.923642
0.924966
0.926086
0.926955
0.927548
0.927856
0.927881
0.927634
0.927126
0.926366
0.925365
0.924137
0.922704
0.921105
0.919389
0.917614
0.915827
0.914046
0.912252
0.910384
0.90837
0.906157
0.903758
0.901285
0.89896
0.897082
0.895969
0.895874
0.896914
0.899046
0.902085
0.905763
0.909784
0.913866
0.917766
0.921281
0.924256
0.926583
0.928212
0.929157
0.929499
0.92938
0.928978
0.92848
0.928042
0.927764
0.927677
0.927749
0.92791
0.928072
0.928155
0.928095
0.92785
0.927397
0.926726
0.925842
0.924763
0.92352
0.922165
0.920769
0.919417
0.918207
0.917235
0.916584
0.916312
0.916442
0.916964
0.917831
0.918968
0.920276
0.92164
0.922936
0.924045
0.924858
0.925297
0.92532
0.924937
0.92421
0.923251
0.922211
0.92126
0.920564
0.920259
0.920442
0.921158
0.922411
0.924172
0.926385
0.928975
0.931845
0.934878
0.937932
0.940846
0.943444
0.945546
0.946975
0.94757
0.947194
0.945749
0.94319
0.939537
0.934894
0.929458
0.923521
0.917453
0.911667
0.906555
0.902427
0.899449
0.89763
0.89685
0.896929
0.897696
0.899033
0.900869
0.903142
0.905773
0.908659
0.911686
0.914747
0.917749
0.920603
0.92322
0.925521
0.927465
0.929081
0.930497
0.931934
0.933676
0.936004
0.939131
0.943149
0.948007
0.953531
0.959466
0.965531
0.971456
0.977015
0.982037
0.986406
0.990061
0.992983
0.995188
0.996715
0.997618
0.997958
0.997797
0.997189
0.996185
0.994821
0.993129
0.991133
0.988857
0.986333
0.983602
0.98073
0.977802
0.974928
0.972237
0.969861
0.967928
0.966539
0.965761
0.96562
0.966101
0.967164
0.968752
0.970809
0.973282
0.976123
0.979275
0.982665
0.986191
0.989728
0.99313
0.996246
0.998934
1.00108
1.00259
1.00344
1.00363
1.00323
1.00235
1.00116
0.999826
0.998489
0.997241
0.996091
0.994964
0.993732
0.992268
0.990515
0.988536
0.986524
0.984759
0.983525
0.98302
0.983289
0.984246
0.985749
0.987713
0.990205
0.993435
0.997658
1.00301
1.00935
1.01631
1.02332
1.02985
1.03547
1.03994
1.04321
1.04534
1.04645
1.04673
1.04633
1.04543
1.04415
1.04261
1.04087
1.03899
1.03697
1.03482
1.03248
1.02991
1.02703
1.02375
1.02001
1.01571
1.01082
1.00534
0.99935
0.992995
0.986497
0.980114
0.9741
0.96864
0.963808
0.959547
0.955689
0.952002
0.948273
0.944377
0.940351
0.936427
0.933018
0.930658
0.92987
0.931018
0.934194
0.939187
0.94556
0.952774
0.960307
0.967732
0.974734
0.9811
0.986701
0.991463
0.995355
0.998374
1.00054
1.00187
1.00244
1.0023
1.00154
1.00023
0.998493
0.996408
0.994066
0.991544
0.988901
0.986184
0.983427
0.980656
0.977893
0.975153
0.972449
0.969792
0.967186
0.964634
0.962136
0.959694
0.957307
0.954976
0.952701
0.950477
0.948299
0.946159
0.944051
0.94197
0.939921
0.937916
0.935978
0.934138
0.932435
0.930905
0.929585
0.928504
0.927679
0.92712
0.926823
0.926778
0.926967
0.927364
0.92794
0.928651
0.929444
0.93025
0.93099
0.931576
0.931926
0.931965
0.931633
0.930878
0.92965
0.927909
0.925636
0.922872
0.919726
0.916358
0.912921
0.909505
0.906156
0.902948
0.90009
0.897942
0.896916
0.897288
0.899072
0.902015
0.90572
0.909789
0.91391
0.917877
0.921555
0.924857
0.927718
0.930095
0.931978
0.933395
0.934416
0.935139
0.935674
0.936115
0.936517
0.936888
0.937185
0.937328
0.937222
0.936778
0.93593
0.934645
0.932933
0.93084
0.928446
0.925857
0.923195
0.920589
0.918163
0.916032
0.914291
0.913012
0.912244
0.912011
0.912319
0.913159
0.914508
0.91633
0.918574
0.921175
0.924053
0.927121
0.930281
0.933428
0.93645
0.939225
0.941622
0.943503
0.944729
0.945168
0.944705
0.943249
0.940752
0.937221
0.932741
0.927495
0.921787
0.916035
0.910742
0.906419
0.903494
0.902218
0.902625
0.904552
0.907703
0.911728
0.916281
0.921056
0.925804
0.930343
0.934547
0.938338
0.941661
0.944464
0.94668
0.948224
0.949005
0.948933
0.947939
0.945977
0.943026
0.939089
0.934199
0.928425
0.921885
0.914757
0.907298
0.899851
0.892849
0.886798
0.882236
0.879651
0.879379
0.881516
0.885877
0.892024
0.899353
0.907202
0.914953
0.922102
0.928294
0.933334
0.937176
0.9399
0.941689
0.942798
0.943521
0.944154
0.94495
0.946077
0.947597
0.949462
0.95154
0.953655
0.955624
0.957286
0.958517
0.959229
0.95936
0.95887
0.957725
0.955899
0.953374
0.95014
0.94621
0.941629
0.936485
0.93092
0.925136
0.919386
0.913958
0.909149
0.905219
0.902352
0.900623
0.899975
0.900223
0.901078
0.902192
0.903205
0.903797
0.903735
0.902904
0.90133
0.899175
0.896726
0.894346
0.892421
0.891288
0.891177
0.892168
0.894168
0.896938
0.900144
0.903431
0.906492
0.909121
0.911222
0.912803
0.913945
0.914764
0.915379
0.915886
0.916341
0.916761
0.917131
0.917415
0.917574
0.917571
0.917383
0.917
0.916422
0.915658
0.914714
0.913588
0.912265
0.910715
0.908889
0.906725
0.90416
0.901148
0.897674
0.89378
0.889567
0.885201
0.880882
0.876821
0.873208
0.87021
0.867979
0.866673
0.866455
0.867464
0.869757
0.873253
0.877713
0.882776
0.888027
0.893063
0.897551
0.901238
0.903955
0.905607
0.90618
0.905758
0.904556
0.90294
0.901395
0.900438
0.900476
0.901663
0.903855
0.906675
0.909665
0.91244
0.914779
0.916644
0.918137
0.919433
0.920704
0.922067
0.923546
0.925071
0.9265
0.927657
0.92837
0.928511
0.928015
0.9269
0.925255
0.923221
0.920956
0.918593
0.916204
0.913797
0.911338
0.908808
0.906269
0.903909
0.90204
0.901051
0.901292
0.902969
0.906069
0.910381
0.915583
0.921337
0.927345
0.933341
0.939045
0.944143
0.948313
0.951295
0.952998
0.953571
0.953403
0.953041
0.953014
0.953643
0.954939
0.956622
0.958261
0.959444
0.959899
0.959545
0.958488
0.956979
0.955343
0.953895
0.952864
0.952333
0.952236
0.952401
0.952612
0.952674
0.952448
0.951865
0.950935
0.949746
0.948462
0.947307
0.946538
0.946412
0.947143
0.948869
0.951628
0.955358
0.959913
0.965098
0.970698
0.976501
0.982309
0.987931
0.993181
0.997871
1.00182
1.00485
1.0068
1.00758
1.00712
1.00546
1.00268
0.998967
0.994543
0.989649
0.984536
0.979507
0.975011
0.971726
0.970513
0.97216
0.977001
0.984674
0.994232
1.0045
1.01448
1.02345
1.03104
1.03706
1.04142
1.04408
1.04505
1.04438
1.0422
1.03869
1.0341
1.02871
1.02281
1.01667
1.01051
1.00455
0.998973
0.994007
0.989896
0.986918
0.985354
0.985428
0.987252
0.990774
0.995758
1.00179
1.00833
1.01474
1.02038
1.02466
1.0272
1.0279
1.02712
1.02568
1.02467
1.02512
1.02754
1.03175
1.03708
1.04273
1.0481
1.05283
1.05678
1.05994
1.06232
1.06395
1.06491
1.06527
1.0652
1.06488
1.06451
1.06431
1.06443
1.06496
1.06589
1.06715
1.06859
1.07003
1.07132
1.07233
1.07297
1.07315
1.07283
1.07193
1.07037
1.06806
1.06495
1.06107
1.0566
1.05192
1.04755
1.0441
1.04206
1.04168
1.04287
1.04529
1.04847
1.05198
1.05552
1.05887
1.0619
1.06449
1.06646
1.06759
1.06764
1.06645
1.06393
1.06015
1.05532
1.04981
1.044
1.03824
1.03279
1.0277
1.0229
1.01823
1.01358
1.00898
1.00466
1.00103
0.998605
0.997922
0.999404
1.0032
1.009
1.01602
1.0232
1.02958
1.03457
1.03814
1.04072
1.04296
1.04543
1.04844
1.05189
1.05545
1.05864
1.06106
1.06245
1.06269
1.06185
1.06005
1.05753
1.05457
1.05148
1.04856
1.04607
1.04419
1.043
1.04242
1.04231
1.04245
1.0426
1.04259
1.04229
1.04167
1.04071
1.0395
1.03814
1.03677
1.03556
1.03466
1.03413
1.03394
1.03396
1.03397
1.03377
1.03327
1.03251
1.03168
1.03109
1.03106
1.03182
1.03346
1.03587
1.0388
1.04192
1.04483
1.0472
1.04874
1.04927
1.04868
1.04697
1.04421
1.04055
1.03623
1.03154
1.02684
1.02249
1.01885
1.0162
1.01473
1.01453
1.01558
1.0178
1.02102
1.02506
1.02968
1.03468
1.03983
1.04495
1.04989
1.05455
1.05885
1.06274
1.06618
1.06913
1.07156
1.07343
1.07472
1.07546
1.0757
1.07555
1.07522
1.07494
1.07499
1.07561
1.07693
1.07897
1.08158
1.0845
1.08743
1.09009
1.09227
1.09385
1.09479
1.09517
1.09512
1.09484
1.09454
1.09447
1.09482
1.09574
1.09728
1.0994
1.10197
1.10479
1.10759
1.11011
1.11206
1.1132
1.11331
1.11223
1.10988
1.10625
1.10146
1.09574
1.08944
1.083
1.07688
1.07157
1.0675
1.06506
1.06458
1.0663
1.07035
1.07668
1.08504
1.09494
1.10571
1.11661
1.1269
1.13595
1.14326
1.14851
1.15153
1.15232
1.15106
1.14807
1.14383
1.13888
1.13371
1.12864
1.12373
1.11882
1.1137
1.10832
1.10298
1.0984
1.09556
1.09528
1.09794
1.10323
1.11032
1.11815
1.12579
1.13256
1.13806
1.14212
1.14474
1.14607
1.14637
1.14598
1.14527
1.14455
1.14405
1.14382
1.14384
1.144
1.14419
1.14437
1.14453
1.14475
1.14511
1.14573
1.14669
1.14803
1.14976
1.15183
1.15411
1.15649
1.15879
1.16084
1.16247
1.16354
1.16392
1.16352
1.16232
1.16031
1.15757
1.1542
1.15036
1.14623
1.14198
1.13778
1.1338
1.13017
1.12706
1.12466
1.12319
1.12289
1.12387
1.12607
1.12915
1.13256
1.13562
1.13768
1.13825
1.13709
1.13425
1.13006
1.12504
1.11979
1.11481
1.1104
1.10669
1.1036
1.10101
1.0988
1.09687
1.09519
1.09373
1.09255
1.09169
1.09123
1.09116
1.09147
1.09204
1.09275
1.09346
1.09406
1.09447
1.09466
1.09462
1.09435
1.09389
1.09323
1.09241
1.0914
1.0902
1.08877
1.08704
1.08498
1.08259
1.07999
1.07741
1.07519
1.07367
1.07304
1.07318
1.07367
1.07382
1.07288
1.07025
1.06563
1.05919
1.05171
1.0445
1.03909
1.03664
1.03742
1.04074
1.04539
1.05016
1.05428
1.05742
1.05955
1.06084
1.06147
1.06159
1.0613
1.06063
1.05955
1.05801
1.05594
1.0533
1.05009
1.04639
1.04236
1.03824
1.03432
1.03094
1.02838
1.02685
1.02641
1.027
1.02843
1.03044
1.03272
1.03496
1.03692
1.0384
1.03927
1.03945
1.03895
1.03785
1.03631
1.03457
1.03298
1.03187
1.03156
1.0323
1.03413
1.03698
1.04058
1.04458
1.04858
1.05222
1.05518
1.05723
1.05821
1.05804
1.05669
1.0542
1.05065
1.04617
1.04095
1.03527
1.02946
1.02389
1.01894
1.01493
1.01204
1.01029
1.00953
1.00945
1.00966
1.00978
1.00961
1.00916
1.00872
1.00869
1.00943
1.01105
1.01341
1.01622
1.01916
1.02205
1.02479
1.0274
1.02989
1.03221
1.03428
1.03594
1.03703
1.03736
1.03679
1.03519
1.03252
1.02883
1.02433
1.01944
1.01478
1.01119
1.00954
1.01041
1.01387
1.01933
1.02575
1.03197
1.03701
1.04022
1.04134
1.04037
1.03756
1.03336
1.02833
1.02315
1.01849
1.0149
1.0127
1.01196
1.01246
1.01387
1.01582
1.01798
1.02011
1.02201
1.02359
1.02476
1.02551
1.02588
1.02588
1.02554
1.02485
1.02378
1.02242
1.02098
1.01983
1.01949
1.0204
1.02274
1.02633
1.03066
1.03508
1.03903
1.0421
1.04412
1.04512
1.04522
1.04464
1.04359
1.04226
1.04081
1.03933
1.03789
1.03649
1.0351
1.03366
1.03208
1.03028
1.02814
1.02557
1.0225
1.0189
1.01489
1.0107
1.00676
1.00359
1.00179
1.00178
1.00367
1.00712
1.01144
1.0157
1.01893
1.02034
1.01937
1.01576
1.0096
1.00132
0.991765
0.982109
0.97366
0.96749
0.964102
0.963336
0.964576
0.967092
0.970296
0.973827
0.977504
0.981249
0.985024
0.988796
0.992525
0.996161
0.999645
1.00291
1.00589
1.00853
1.0108
1.01267
1.01412
1.01515
1.01572
1.01581
1.01539
1.01446
1.0131
1.01147
1.00984
1.00857
1.00803
1.00854
1.01023
1.01299
1.01648
1.02026
1.02386
1.02694
1.02927
1.03078
1.0315
1.0315
1.03087
1.0297
1.02802
1.02585
1.02315
1.01985
1.01589
1.01119
1.00581
0.999935
0.993993
0.988638
0.98464
0.982662
0.983012
0.985528
0.989656
0.994683
0.999957
1.00501
1.00958
1.01354
1.01686
1.01952
1.02153
1.02289
1.0236
1.02366
1.02307
1.02183
1.01995
1.01745
1.01432
1.01057
1.00624
1.00137
0.996087
0.990554
0.985007
0.979718
0.974962
0.97098
0.967942
0.965947
0.965029
0.965163
0.966277
0.96824
0.970863
0.973903
0.977094
0.98018
0.982954
0.985289
0.987139
0.988537
0.989572
0.990358
0.991015
0.991645
0.992324
0.993102
0.994007
0.995052
0.996242
0.997581
0.999068
1.00069
1.00242
1.00421
1.00598
1.00764
1.00907
1.01018
1.01087
1.01107
1.01072
1.00979
1.0083
1.00628
1.00383
1.00107
0.998175
0.99533
0.992734
0.990565
0.988965
0.988023
0.987768
0.988181
0.989196
0.990721
0.992644
0.99485
0.997224
0.999662
1.00208
1.00439
1.00654
1.00848
1.01016
1.01154
1.01259
1.01324
1.01344
1.01313
1.01225
1.01075
1.0086
1.00582
1.00247
0.998706
0.994788
0.991087
0.988051
0.986127
0.985647
0.986726
0.989225
0.99278
0.996903
1.0011
1.00494
1.00814
1.01051
1.01195
1.01242
1.01193
1.01051
1.00824
1.00527
1.00185
0.998307
0.995068
0.992582
0.991244
0.991306
0.992806
0.995559
0.999217
1.00335
1.00755
1.01147
1.01489
1.01765
1.01969
1.02103
1.02168
1.0217
1.02116
1.02011
1.0186
1.01666
1.01432
1.01158
1.00843
1.00488
1.00095
0.996675
0.992126
0.987416
0.982686
0.9781
0.973818
0.969981
0.966688
0.963997
0.961921
0.960448
0.959544
0.95917
0.95928
0.959825
0.960748
0.961995
0.963513
0.96525
0.967148
0.969122
0.971054
0.972797
0.974196
0.975112
0.975452
0.97518
0.974312
0.972901
0.971019
0.968734
0.9661
0.963154
0.959918
0.956414
0.95268
0.94879
0.944872
0.94111
0.937735
0.934994
0.9331
0.932188
0.932288
0.933322
0.93513
0.937515
0.940272
0.943227
0.946246
0.949244
0.952182
0.955058
0.957888
0.960692
0.96348
0.966243
0.968948
0.97154
0.973946
0.97608
0.977854
0.979191
0.980032
0.980351
0.980159
0.979511
0.978502
0.977257
0.975917
0.974619
0.973474
0.972546
0.971837
0.971279
0.970741
0.970047
0.969016
0.967498
0.965435
0.962897
0.960109
0.957431
0.955294
0.954087
0.954043
0.955168
0.957251
0.959938
0.962834
0.965595
0.967965
0.969799
0.971047
0.971737
0.97196
0.971848
0.971553
0.971224
0.970973
0.970859
0.970874
0.970959
0.971025
0.970985
0.97078
0.970391
0.969837
0.969163
0.96842
0.967654
0.966892
0.966139
0.965378
0.964577
0.963698
0.962708
0.961585
0.96033
0.958964
0.957533
0.956103
0.954743
0.953517
0.952467
0.951602
0.950896
0.950292
0.949712
0.94907
0.948281
0.947264
0.945947
0.944266
0.942165
0.93961
0.936593
0.933146
0.92934
0.925294
0.921164
0.917155
0.913519
0.910552
0.908564
0.907823
0.908483
0.910525
0.913745
0.917798
0.922278
0.926814
0.931133
0.935104
0.938735
0.942139
0.945486
0.948934
0.952571
0.956388
0.960278
0.964074
0.967586
0.970645
0.973119
0.974922
0.976009
0.97637
0.97602
0.975002
0.973383
0.971256
0.968741
0.965973
0.963087
0.960195
0.957361
0.954591
0.951849
0.949085
0.946272
0.943422
0.940589
0.937827
0.935161
0.932559
0.929947
0.92726
0.924516
0.921884
0.91971
0.918466
0.918616
0.920448
0.923951
0.928823
0.934589
0.940768
0.946979
0.952975
0.958607
0.963778
0.968402
0.97239
0.97565
0.978103
0.979691
0.980391
0.980213
0.979201
0.977429
0.974998
0.97203
0.968657
0.96502
0.961257
0.957497
0.953852
0.950408
0.947222
0.944322
0.941702
0.939334
0.937173
0.935172
0.933293
0.931526
0.929889
0.928436
0.92725
0.926431
0.926077
0.926266
0.92704
0.928392
0.930267
0.932566
0.935164
0.937921
0.940701
0.943387
0.945886
0.948131
0.95008
0.95171
0.953017
0.954013
0.95473
0.95523
0.955607
0.955998
0.956567
0.957481
0.958866
0.96077
0.963126
0.96575
0.968363
0.970634
0.972225
0.972839
0.972275
0.970484
0.967638
0.964188
0.960849
0.958464
0.957749
0.959026
0.962103
0.96639
0.971161
0.975802
0.979941
0.983448
0.986374
0.988862
0.991083
0.993185
0.995269
0.99738
0.999512
1.00162
1.00366
1.00557
1.0073
1.00882
1.01015
1.01127
1.01223
1.01307
1.01386
1.01465
1.01553
1.01659
1.01788
1.01948
1.02142
1.02371
1.02634
1.02925
1.0324
1.03573
1.03919
1.04272
1.04631
1.04992
1.05353
1.05708
1.06051
1.06373
1.06663
1.06909
1.07102
1.07236
1.07307
1.07316
1.07267
1.07169
1.0703
1.06863
1.06675
1.06472
1.06255
1.06018
1.05753
1.05448
1.05096
1.04699
1.04276
1.03858
1.03488
1.03211
1.03063
1.03071
1.03249
1.03592
1.04071
1.04632
1.05209
1.05737
1.06173
1.06511
1.06776
1.07022
1.07309
1.07685
1.08166
1.08734
1.09351
1.09971
1.10555
1.11074
1.1151
1.11851
1.12091
1.12225
1.12253
1.12175
1.11997
1.1173
1.11389
1.10998
1.10583
1.10176
1.09805
1.09493
1.09252
1.09086
1.08987
1.0894
1.0893
1.08939
1.08952
1.08957
1.08942
1.08892
1.08794
1.08632
1.08395
1.08077
1.07682
1.07226
1.06742
1.06273
1.0587
1.0558
1.05434
1.05441
1.05586
1.05833
1.06142
1.06475
1.06804
1.07111
1.0739
1.07634
1.07838
1.07991
1.0808
1.08088
1.08
1.07804
1.07496
1.07085
1.066
1.06084
1.05595
1.05187
1.049
1.04747
1.04712
1.04764
1.04867
1.04995
1.05133
1.05277
1.05428
1.05586
1.05749
1.05914
1.06073
1.0622
1.06346
1.06448
1.06522
1.06566
1.06581
1.06568
1.0653
1.06469
1.06388
1.06289
1.06176
1.06048
1.05908
1.05757
1.05601
1.05448
1.05309
1.05199
1.05132
1.05123
1.05184
1.05318
1.05527
1.05804
1.06135
1.06498
1.06867
1.07213
1.07505
1.07717
1.0783
1.07832
1.07722
1.07505
1.07192
1.06797
1.06338
1.05834
1.05308
1.0479
1.04316
1.03929
1.03674
1.03593
1.03711
1.04033
1.04541
1.05194
1.0594
1.06723
1.0749
1.08202
1.08828
1.0935
1.09754
1.10036
1.10192
1.10221
1.10123
1.09901
1.09557
1.09099
1.08537
1.07888
1.07171
1.06416
1.05652
1.04913
1.04235
1.03653
1.03204
1.02923
1.02842
1.02976
1.03318
1.03827
1.04438
1.05074
1.05669
1.06179
1.06586
1.06897
1.0713
1.0731
1.07456
1.07583
1.07697
1.078
1.07892
1.07971
1.08034
1.08076
1.08091
1.0807
1.08004
1.07885
1.07708
1.07476
1.07198
1.0689
1.06578
1.06288
1.0605
1.05895
1.05851
1.05945
1.06196
1.06607
1.07164
1.07832
1.08561
1.09295
1.09982
1.10581
1.11064
1.11415
1.1163
1.11713
1.11675
1.11537
1.11325
1.11073
1.10819
1.10604
1.10458
1.104
1.10426
1.10511
1.10612
1.10683
1.10678
1.10561
1.10313
1.09928
1.09414
1.08794
1.08097
1.07365
1.06642
1.05979
1.05421
1.0501
1.04772
1.04716
1.04835
1.05105
1.05487
1.05935
1.06403
1.06853
1.07259
1.07609
1.07904
1.08163
1.08421
1.08724
1.09113
1.09604
1.10183
1.10809
1.11425
1.11982
1.12442
1.12784
1.12999
1.13081
1.13029
1.12835
1.12497
1.12019
1.11417
1.10727
1.10002
1.0931
1.0872
1.08285
1.08032
1.07952
1.0801
1.08155
1.08333
1.08495
1.08607
1.08644
1.08592
1.08448
1.08219
1.07927
1.07604
1.07295
1.07049
1.06907
1.06893
1.07002
1.07203
1.07452
1.07709
1.07944
1.08145
1.08316
1.08465
1.08603
1.08739
1.08872
1.08999
1.09109
1.09191
1.09229
1.0921
1.09121
1.08959
1.08723
1.08424
1.08082
1.07725
1.07382
1.07084
1.06853
1.06699
1.06619
1.06602
1.06633
1.06694
1.06773
1.06859
1.06944
1.07021
1.07083
1.07125
1.07141
1.07126
1.07081
1.07016
1.06948
1.069
1.06892
1.06937
1.07032
1.07163
1.07309
1.07444
1.07548
1.07607
1.07612
1.07562
1.07461
1.07315
1.07132
1.06923
1.06693
1.06452
1.06203
1.0595
1.05697
1.05446
1.05203
1.04974
1.0477
1.04604
1.04492
1.04448
1.04483
1.04603
1.04805
1.05083
1.05422
1.05806
1.06215
1.06631
1.07036
1.07412
1.07743
1.08016
1.08218
1.08338
1.08369
1.08306
1.08147
1.07896
1.07565
1.07175
1.06754
1.06342
1.0598
1.05709
1.05561
1.05554
1.05686
1.05943
1.06297
1.06712
1.07153
1.07581
1.07963
1.08269
1.08478
1.08581
1.08582
1.085
1.08367
1.0822
1.08092
1.08009
1.07979
1.07992
1.08027
1.08051
1.08023
1.07896
1.07625
1.07172
1.06528
1.05734
1.049
1.04191
1.03769
1.03708
1.03952
1.04346
1.04725
1.04976
1.05066
1.05031
1.04952
1.04927
1.05041
1.05347
1.05849
1.06507
1.07259
1.08038
1.08792
1.09488
1.10107
1.10644
1.11094
1.11457
1.11729
1.11907
1.11989
1.11974
1.11864
1.11662
1.11379
1.11025
1.10615
1.10164
1.09684
1.09183
1.08661
1.08107
1.07502
1.06826
1.06068
1.05248
1.04431
1.03726
1.03261
1.03118
1.03287
1.03671
1.04133
1.0456
1.04896
1.05142
1.05332
1.05513
1.05721
1.0597
1.06255
1.06558
1.06858
1.07138
1.07387
1.076
1.07776
1.07916
1.08019
1.08088
1.08126
1.08137
1.08126
1.08098
1.08057
1.08006
1.07948
1.07886
1.07826
1.07771
1.07727
1.07694
1.07666
1.07634
1.07584
1.07506
1.07395
1.07254
1.07092
1.06927
1.06772
1.0664
1.06539
1.06467
1.06421
1.06391
1.06363
1.06328
1.06273
1.06193
1.06084
1.05951
1.058
1.05645
1.05503
1.05392
1.0533
1.05333
1.05408
1.05555
1.05766
1.06024
1.06308
1.06593
1.06857
1.07083
1.07255
1.07367
1.07414
1.07396
1.07314
1.07169
1.06966
1.06707
1.06399
1.06052
1.05678
1.05298
1.04938
1.04629
1.04403
1.04289
1.04303
1.04449
1.04709
1.05053
1.05436
1.05812
1.06139
1.06382
1.06519
1.06543
1.06457
1.06273
1.06007
1.05677
1.05294
1.04868
1.04416
1.03967
1.03578
1.03327
1.03289
1.0351
1.03976
1.04618
1.05335
1.06028
1.0662
1.07058
1.07313
1.07377
1.07256
1.06976
1.06579
1.06122
1.05669
1.05276
1.04981
1.04795
1.04704
1.04676
1.04677
1.04686
1.04704
1.04753
1.0487
1.05087
1.05413
1.0583
1.06292
1.06743
1.07132
1.07421
1.07589
1.07624
1.07526
1.07298
1.0695
1.065
1.05971
1.05397
1.04818
1.04282
1.03834
1.03512
1.03337
1.0331
1.03415
1.03624
1.03905
1.04225
1.04558
1.04878
1.05166
1.05406
1.05587
1.05706
1.05765
1.05772
1.05738
1.05675
1.05594
1.05506
1.05416
1.05326
1.05237
1.05146
1.05053
1.04956
1.04854
1.04749
1.04642
1.04534
1.04424
1.04311
1.04194
1.04071
1.03942
1.03807
1.03671
1.0354
1.03424
1.03332
1.03273
1.0325
1.03265
1.0331
1.03372
1.03435
1.03482
1.03498
1.03471
1.03397
1.03276
1.03114
1.02922
1.02713
1.02503
1.02304
1.02129
1.01986
1.01878
1.01802
1.01751
1.01715
1.01681
1.01637
1.01572
1.01475
1.0134
1.01163
1.0094
1.00672
1.00361
1.00013
0.996351
0.992411
0.98848
0.984782
0.981586
0.97918
0.977828
0.977717
0.978899
0.981266
0.984558
0.988415
0.992442
0.996279
0.999638
1.00232
1.00422
1.00529
1.00553
1.00498
1.0037
1.00176
0.999253
0.996287
0.992982
0.989479
0.985933
0.982513
0.979389
0.976723
0.974652
0.973279
0.97266
0.972803
0.973671
0.975185
0.977242
0.979723
0.982506
0.985474
0.988522
0.991559
0.994506
0.997302
0.999897
1.00226
1.00435
1.00617
1.00771
1.00895
1.00992
1.01061
1.01104
1.01123
1.01121
1.01099
1.01064
1.01018
1.00966
1.00915
1.00868
1.00828
1.00796
1.0077
1.00747
1.00721
1.00686
1.00637
1.00572
1.00496
1.00415
1.00344
1.00298
1.00294
1.00349
1.0047
1.00662
1.00918
1.01226
1.01568
1.01924
1.02273
1.02597
1.02881
1.03111
1.03278
1.03373
1.03393
1.03335
1.03198
1.02983
1.02696
1.02342
1.01933
1.01488
1.01037
1.00623
1.00297
1.00112
1.00108
1.00299
1.00667
1.01166
1.01735
1.02312
1.02843
1.03294
1.03648
1.03904
1.04069
1.04157
1.04186
1.04171
1.04123
1.04052
1.03961
1.0385
1.03715
1.0355
1.03346
1.03097
1.02795
1.02438
1.02029
1.0158
1.01111
1.00653
1.00245
0.999309
0.997467
0.99718
0.998528
1.00141
1.00555
1.01062
1.01619
1.02189
1.02736
1.03232
1.03657
1.03998
1.04246
1.044
1.0446
1.04431
1.04316
1.04125
1.03869
1.03562
1.03221
1.02868
1.02525
1.02215
1.01957
1.01764
1.01642
1.01588
1.0159
1.01635
1.01705
1.01783
1.01855
1.01912
1.01944
1.01948
1.01922
1.01864
1.01774
1.01653
1.01502
1.01318
1.01103
1.00853
1.00565
1.00237
0.998632
0.994381
0.989562
0.984135
0.978094
0.97151
0.96457
0.957616
0.951144
0.94575
0.942001
0.940294
0.940742
0.943166
0.947173
0.952264
0.957944
0.96378
0.969432
0.974662
0.979326
0.983363
0.986776
0.989616
0.99196
0.993896
0.99551
0.99688
0.998073
0.999143
1.00013
1.00107
1.002
1.00292
1.00385
1.0048
1.00578
1.00678
1.00781
1.00887
1.00996
1.0111
1.01228
1.01353
1.01483
1.0162
1.01763
1.01908
1.02055
1.02198
1.02334
1.02459
1.02568
1.02659
1.02729
1.02776
1.028
1.02802
1.02785
1.02753
1.02708
1.02653
1.02589
1.02517
1.02433
1.02336
1.02222
1.02089
1.01937
1.01768
1.01588
1.01406
1.01234
1.01086
1.00977
1.00923
1.00939
1.01039
1.01235
1.01532
1.01923
1.02385
1.02884
1.03383
1.03852
1.0428
1.04672
1.05049
1.05437
1.05857
1.06324
1.06836
1.07383
1.07941
1.08485
1.08988
1.09427
1.09787
1.10062
1.10251
1.10361
1.10399
1.10373
1.1029
1.10151
1.09956
1.09705
1.09396
1.09037
1.0864
1.08224
1.07815
1.07439
1.07122
1.06885
1.06745
1.06708
1.06775
1.06938
1.07182
1.07489
1.07836
1.08198
1.08553
1.08879
1.09157
1.09371
1.0951
1.09566
1.09537
1.09421
1.09222
1.08943
1.08592
1.08182
1.07731
1.07267
1.06826
1.0645
1.06178
1.06041
1.06051
1.06199
1.0646
1.06798
1.07175
1.07562
1.07937
1.08286
1.08601
1.08876
1.09104
1.09279
1.09392
1.09432
1.09388
1.09248
1.09005
1.08656
1.08207
1.07679
1.07108
1.06554
1.06091
1.05795
1.05717
1.05865
1.06193
1.06618
1.07052
1.07421
1.07679
1.07806
1.07803
1.07683
1.0747
1.07188
1.06869
1.06543
1.06238
1.05976
1.05772
1.05626
1.0553
1.05468
1.05425
1.05391
1.05367
1.05362
1.05395
1.05487
1.05651
1.05897
1.0622
1.06606
1.07034
1.07476
1.07907
1.08304
1.08651
1.08941
1.09174
1.09357
1.09495
1.09594
1.09656
1.09682
1.09672
1.09626
1.09548
1.09443
1.09321
1.09191
1.09063
1.08945
1.08847
1.08776
1.08737
1.08731
1.08756
1.08807
1.08872
1.08935
1.08978
1.08983
1.08937
1.08836
1.08689
1.08522
1.08376
1.08303
1.0835
1.08547
1.08895
1.09366
1.09913
1.10481
1.11022
1.11501
1.11895
1.12195
1.124
1.12515
1.1255
1.12519
1.1244
1.12331
1.12213
1.12105
1.12022
1.11973
1.11959
1.11973
1.12002
1.12032
1.12049
1.12041
1.12003
1.11933
1.11833
1.11708
1.11563
1.11404
1.11237
1.11072
1.10923
1.10812
1.10759
1.10776
1.10854
1.10958
1.11036
1.11034
1.1092
1.1069
1.10379
1.10048
1.09778
1.09641
1.09685
1.09915
1.10304
1.10799
1.11347
1.11902
1.12431
1.12912
1.13329
1.13674
1.1394
1.14126
1.14234
1.14271
1.1424
1.14146
1.13985
1.13753
1.13448
1.13071
1.12635
1.12161
1.11674
1.11202
1.1077
1.10398
1.10098
1.09876
1.09731
1.09656
1.09641
1.0967
1.09725
1.09788
1.09844
1.09885
1.09911
1.09926
1.09941
1.09962
1.09994
1.10043
1.10109
1.10199
1.10314
1.10459
1.10634
1.10839
1.11069
1.11319
1.1158
1.11846
1.12109
1.12361
1.12597
1.12811
1.12998
1.13154
1.13277
1.13365
1.13418
1.13436
1.1342
1.13374
1.13301
1.13204
1.13088
1.12955
1.12809
1.1265
1.12481
1.12299
1.12104
1.11897
1.11679
1.11454
1.1123
1.11019
1.10838
1.10706
1.10646
1.10678
1.10818
1.11076
1.11449
1.11925
1.12478
1.13077
1.13687
1.14274
1.14808
1.15266
1.15632
1.15895
1.1605
1.16094
1.16028
1.15852
1.15571
1.15188
1.14705
1.14126
1.13458
1.12714
1.11922
1.11139
1.10448
1.09959
1.09787
1.10013
1.10651
1.11635
1.12837
1.14112
1.15337
1.16432
1.17359
1.1811
1.18694
1.19126
1.19421
1.19595
1.19658
1.19619
1.19487
1.19275
1.18995
1.1867
1.18323
1.17986
1.17687
1.17455
1.17306
1.17245
1.17266
1.1735
1.17474
1.17617
1.17759
1.17891
1.18005
1.18102
1.18183
1.18247
1.18293
1.1832
1.18321
1.18292
1.18229
1.18133
1.18004
1.17854
1.17693
1.17535
1.17392
1.17268
1.17159
1.17055
1.16945
1.16825
1.1671
1.16631
1.16633
1.16757
1.17024
1.17421
1.17911
1.18438
1.18947
1.19391
1.19735
1.1995
1.20013
1.19902
1.19598
1.19085
1.18355
1.17412
1.16279
1.15005
1.13666
1.12355
1.11164
1.10166
1.09395
1.08847
1.08497
1.08303
1.0822
1.08194
1.08168
1.08092
1.07951
1.07772
1.07628
1.07613
1.07807
1.08248
1.0892
1.0976
1.10687
1.11616
1.1248
1.13235
1.13857
1.14339
1.14688
1.14917
1.15043
1.15085
1.15056
1.14965
1.14816
1.14608
1.14335
1.13994
1.13582
1.13098
1.12549
1.11939
1.11271
1.10543
1.09742
1.08854
1.07875
1.06828
1.05789
1.04876
1.04224
1.03929
1.0401
1.0441
1.05036
1.05793
1.06603
1.0741
1.0817
1.08852
1.09433
1.09904
1.10268
1.10542
1.1075
1.10917
1.1106
1.11186
1.1129
1.11361
1.11384
1.11348
1.11246
1.11078
1.10852
1.1058
1.10283
1.09988
1.09721
1.09511
1.09373
1.0931
1.09311
1.09351
1.09403
1.0944
1.09448
1.09419
1.09355
1.09267
1.09162
1.09047
1.08921
1.08775
1.08602
1.08405
1.08211
1.08077
1.08073
1.08256
1.08637
1.0917
1.0977
1.1035
1.1084
1.11203
1.11427
1.11516
1.11488
1.11364
1.11172
1.10942
1.10704
1.10487
1.10312
1.10193
1.1013
1.10115
1.10133
1.10168
1.10208
1.10252
1.10309
1.10393
1.10524
1.10712
1.10961
1.11257
1.1158
1.11905
1.12208
1.12469
1.12675
1.12821
1.12908
1.12939
1.12923
1.12873
1.12803
1.12731
1.12673
1.12645
1.12661
1.12724
1.12834
1.12981
1.13151
1.13325
1.13483
1.13607
1.13682
1.13695
1.13641
1.13513
1.13315
1.13051
1.12733
1.1238
1.12015
1.11668
1.11369
1.11145
1.11017
1.10989
1.11056
1.11196
1.11378
1.11567
1.11722
1.11811
1.11807
1.11696
1.11484
1.11198
1.10883
1.10596
1.10388
1.10295
1.10321
1.10445
1.10623
1.10805
1.10947
1.11019
1.11008
1.10911
1.10733
1.10476
1.10144
1.09733
1.0924
1.0867
1.08042
1.07392
1.06776
1.0625
1.05859
1.0562
1.05523
1.05542
1.05656
1.05856
1.0615
1.06547
1.07049
1.07642
1.083
1.0899
1.09677
1.10327
1.10909
1.11391
1.11748
1.11962
1.12026
1.11947
1.1174
1.11426
1.11038
1.10609
1.10177
1.09779
1.09452
1.09225
1.09118
1.09137
1.09272
1.09497
1.09774
1.10061
1.10315
1.10501
1.10592
1.10576
1.10452
1.10232
1.09941
1.09611
1.09275
1.08961
1.08693
1.0849
1.08368
1.08335
1.08384
1.08491
1.08616
1.08722
1.08781
1.08784
1.08738
1.08664
1.08585
1.08528
1.08513
1.08554
1.08656
1.08816
1.09024
1.09264
1.09518
1.09769
1.10001
1.10204
1.10371
1.10499
1.10592
1.10652
1.10685
1.10696
1.10688
1.10661
1.10615
1.10548
1.10455
1.10337
1.10194
1.10029
1.0985
1.09662
1.09475
1.09292
1.09119
1.08956
1.08803
1.08656
1.08514
1.08374
1.08233
1.08091
1.07947
1.07804
1.07664
1.07536
1.07428
1.07351
1.0731
1.0731
1.07344
1.07401
1.07465
1.07522
1.07567
1.07603
1.07644
1.07705
1.07798
1.07925
1.08072
1.08219
1.0834
1.08415
1.0843
1.08382
1.08276
1.08128
1.07957
1.07787
1.07641
1.07536
1.07479
1.07465
1.07478
1.07493
1.07479
1.07411
1.07268
1.07037
1.0672
1.06329
1.05887
1.05429
1.04994
1.04621
1.04345
1.04187
1.04152
1.04232
1.0441
1.04666
1.04981
1.05339
1.05725
1.06117
1.06492
1.06819
1.07072
1.0723
1.0728
1.07218
1.07051
1.0679
1.06453
1.06057
1.05624
1.05177
1.04747
1.04369
1.04085
1.03935
1.03945
1.04114
1.04412
1.0478
1.05153
1.05473
1.05711
1.05869
1.05976
1.06067
1.06174
1.0631
1.06468
1.06623
1.06746
1.06806
1.06779
1.06651
1.06422
1.06101
1.0571
1.05274
1.04826
1.04397
1.04017
1.0371
1.03495
1.03378
1.03355
1.03415
1.03536
1.03698
1.03881
1.0407
1.04256
1.04435
1.04604
1.04758
1.04891
1.04992
1.05052
1.05068
1.05044
1.04993
1.04927
1.04861
1.048
1.04741
1.04675
1.0459
1.04474
1.04323
1.04133
1.03909
1.03656
1.03381
1.03094
1.02803
1.02523
1.02269
1.02065
1.01933
1.01893
1.01959
1.02127
1.02384
1.02701
1.03046
1.03387
1.03694
1.03949
1.04136
1.04252
1.04299
1.04286
1.04228
1.04147
1.04066
1.04007
1.03988
1.04016
1.0409
1.04199
1.04325
1.04445
1.04538
1.04586
1.04576
1.04501
1.04359
1.04153
1.03888
1.03573
1.03218
1.02836
1.02442
1.02057
1.01706
1.01411
1.01193
1.01062
1.01016
1.01047
1.01142
1.01287
1.01469
1.01678
1.01905
1.02137
1.02365
1.02576
1.02761
1.02915
1.03031
1.03111
1.03155
1.03167
1.03149
1.03103
1.03029
1.02924
1.02787
1.02614
1.02404
1.02161
1.01894
1.01617
1.01349
1.01108
1.00913
1.00776
1.00701
1.00682
1.00706
1.00752
1.00796
1.00818
1.00802
1.00752
1.00686
1.00644
1.00673
1.00818
1.01102
1.01516
1.02028
1.02586
1.03142
1.03655
1.04099
1.0446
1.04733
1.04917
1.05012
1.05019
1.04938
1.0477
1.0452
1.04191
1.03792
1.03337
1.02843
1.02334
1.01838
1.01384
1.01
1.00701
1.0049
1.00356
1.00277
1.00239
1.00239
1.0029
1.00415
1.00638
1.00968
1.01395
1.01896
1.02437
1.02984
1.03508
1.03985
1.044
1.04746
1.05022
1.05236
1.05398
1.05523
1.05624
1.05715
1.05806
1.05902
1.06005
1.06116
1.06233
1.06353
1.06474
1.06597
1.06722
1.06852
1.06991
1.07142
1.07307
1.07485
1.07674
1.07868
1.08055
1.08224
1.0836
1.08444
1.08461
1.08394
1.08228
1.07959
1.07587
1.07134
1.0664
1.06169
1.05802
1.05619
1.05672
1.05965
1.06451
1.07053
1.07685
1.08276
1.08769
1.09128
1.09327
1.09356
1.09215
1.08926
1.08531
1.0809
1.07674
1.07342
1.07134
1.07057
1.07098
1.07229
1.07425
1.07665
1.07933
1.08216
1.085
1.08773
1.09021
1.09233
1.09401
1.09519
1.09586
1.09601
1.09567
1.09488
1.09373
1.09234
1.09088
1.0896
1.0888
1.08879
1.08982
1.09202
1.09535
1.09959
1.1044
1.10934
1.11403
1.1181
1.12127
1.12334
1.12418
1.12374
1.12203
1.11919
1.11542
1.11108
1.10657
1.10236
1.09883
1.09627
1.09472
1.09408
1.09408
1.09438
1.09467
1.09468
1.09426
1.09333
1.0919
1.09002
1.08774
1.0851
1.08214
1.07885
1.07521
1.07125
1.06703
1.0627
1.05855
1.05497
1.05247
1.05152
1.05245
1.05538
1.06008
1.06606
1.07266
1.07918
1.08503
1.08982
1.09336
1.09571
1.09708
1.09779
1.09821
1.09871
1.09958
1.10102
1.10309
1.10573
1.10871
1.11169
1.11423
1.11588
1.11628
1.11526
1.1129
1.10961
1.10603
1.10291
1.10079
1.09987
1.09991
1.10042
1.1008
1.10059
1.09951
1.0975
1.09475
1.09165
1.0888
1.08686
1.08649
1.08815
1.09203
1.09802
1.10577
1.1148
1.12458
1.13464
1.14457
1.15403
1.16281
1.17074
1.17779
1.18394
1.18927
1.19384
1.19773
1.20098
1.20361
1.20562
1.207
1.20775
1.20789
1.20744
1.20646
1.205
1.20311
1.20083
1.19818
1.19519
1.19189
1.18835
1.18471
1.1812
1.17817
1.17611
1.17555
1.17694
1.1805
1.18612
1.19334
1.20146
1.20966
1.21718
1.22341
1.22793
1.23055
1.23126
1.2303
1.22822
1.22586
1.2244
1.22498
1.2283
1.23418
1.24162
1.24921
1.25572
1.2605
1.26347
1.26503
1.26581
1.26645
1.26751
1.26933
1.27205
1.2756
1.27974
1.28411
1.28821
1.29152
1.29354
1.29387
1.29243
1.28951
1.28594
1.28296
1.28197
1.28397
1.28922
1.29708
1.30634
1.31574
1.32435
1.33174
1.33791
1.34309
1.3476
1.35168
1.35544
1.35885
1.36178
1.36404
1.36542
1.3658
1.36509
1.36334
1.36071
1.35749
1.35399
1.35055
1.34747
1.34494
1.34313
1.34214
1.34207
1.34303
1.34514
1.34836
1.35237
1.35652
1.35987
1.3615
1.36082
1.35786
1.35344
1.34893
1.34579
1.34492
1.34621
1.34869
1.35101
1.35186
1.35027
1.34567
1.33794
1.32757
1.31581
1.30472
1.29682
1.29425
1.29789
1.30689
1.31917
1.33223
1.34399
1.35312
1.35894
1.36134
1.36048
1.35669
1.35036
1.34185
1.33154
1.31982
1.30717
1.29426
1.28196
1.27131
1.26328
1.25847
1.25683
1.25764
1.25985
1.26247
1.26496
1.26735
1.27005
1.27366
1.27856
1.2848
1.29207
1.29983
1.30751
1.31462
1.32081
1.32588
1.32972
1.33232
1.33371
1.33395
1.33311
1.33122
1.32825
1.32413
1.31867
1.31162
1.3027
1.29165
1.27838
1.26313
1.2466
1.23004
1.21501
1.20296
1.19472
1.1903
1.18909
1.19019
1.19264
1.19554
1.19802
1.19938
1.19927
1.1979
1.19617
1.19549
1.19723
1.20201
1.20942
1.21829
1.22724
1.23517
1.24141
1.24559
1.24755
1.24722
1.24458
1.23962
1.23244
1.22336
1.21301
1.2024
1.19276
1.18525
1.1806
1.17891
1.17977
1.18258
1.1868
1.19201
1.19785
1.20399
1.21005
1.21568
1.22052
1.22432
1.22693
1.22831
1.22852
1.22773
1.22613
1.22394
1.22135
1.21851
1.21554
1.21254
1.20961
1.20689
1.20457
1.20284
1.20191
1.20192
1.20289
1.20472
1.20721
1.21012
1.21319
1.21621
1.21905
1.22165
1.22398
1.22611
1.22808
1.22996
1.23182
1.23366
1.2355
1.23729
1.23897
1.24045
1.24162
1.24238
1.24262
1.2423
1.24138
1.23987
1.23786
1.23546
1.23283
1.23018
1.22768
1.22548
1.22367
1.22227
1.22119
1.22031
1.2195
1.21859
1.21752
1.21625
1.21484
1.21341
1.21217
1.21131
1.21106
1.21157
1.21298
1.21528
1.21839
1.22213
1.22623
1.23037
1.23424
1.23756
1.24012
1.2418
1.24257
1.24249
1.24168
1.24028
1.23846
1.23638
1.23421
1.23212
1.23031
1.22891
1.22796
1.22732
1.2267
1.22575
1.22422
1.22213
1.21975
1.21758
1.21604
1.21539
1.2156
1.21652
1.21788
1.21943
1.22092
1.22219
1.22323
1.22418
1.22526
1.2267
1.22859
1.23093
1.23359
1.23638
1.23912
1.24168
1.24397
1.24593
1.24752
1.24867
1.24932
1.24939
1.24885
1.24777
1.24627
1.24461
1.24314
1.24223
1.24226
1.2435
1.24606
1.24988
1.25468
1.26004
1.26547
1.27047
1.27458
1.27748
1.27897
1.27893
1.27739
1.27443
1.2702
1.26493
1.25891
1.25251
1.24626
1.24075
1.2366
1.23429
1.23403
1.23561
1.23855
1.24217
1.24586
1.24912
1.25162
1.25318
1.25374
1.25338
1.25232
1.25089
1.24948
1.24838
1.24771
1.24739
1.24719
1.24688
1.24637
1.24575
1.24531
1.24544
1.24653
1.24882
1.25238
1.25702
1.26235
1.26785
1.27296
1.2772
1.28019
1.28174
1.2818
1.28047
1.27793
1.27443
1.27025
1.26566
1.26094
1.25631
1.25197
1.24808
1.24476
1.24213
1.24028
1.23925
1.23903
1.23949
1.24039
1.24141
1.24221
1.24251
1.24211
1.24096
1.23909
1.23662
1.23371
1.2305
1.22712
1.22366
1.22017
1.2167
1.21329
1.21004
1.20704
1.20446
1.20242
1.20107
1.20046
1.20059
1.20138
1.20271
1.20436
1.20616
1.2079
1.20948
1.21083
1.21201
1.21309
1.2142
1.2154
1.21671
1.21807
1.21935
1.22041
1.22112
1.22141
1.22125
1.2207
1.21986
1.21889
1.21795
1.21719
1.21674
1.21668
1.21702
1.21773
1.21871
1.21981
1.22088
1.22172
1.22216
1.22203
1.22123
1.21972
1.21754
1.21484
1.21181
1.20871
1.20573
1.20296
1.2004
1.19794
1.1955
1.19305
1.19072
1.18874
1.18734
1.18669
1.1868
1.18752
1.18869
1.19018
1.19202
1.19439
1.19754
1.20171
1.207
1.21334
1.22045
1.22789
1.2352
1.24194
1.24777
1.25252
1.25614
1.2587
1.26032
1.26116
1.26136
1.26106
1.26038
1.25948
1.25854
1.25772
1.25716
1.25691
1.25692
1.25704
1.25709
1.25695
1.25654
1.2559
1.2552
1.25462
1.25439
1.2546
1.25525
1.25616
1.25707
1.25766
1.25768
1.25692
1.25525
1.25262
1.24905
1.24462
1.23954
1.23419
1.22913
1.22512
1.2229
1.22306
1.22578
1.23078
1.23743
1.24492
1.25244
1.25931
1.26501
1.26922
1.27179
1.27274
1.27224
1.27058
1.26811
1.26525
1.26246
1.26018
1.25883
1.25876
1.26021
1.26326
1.26777
1.27343
1.27977
1.28629
1.29251
1.29803
1.30258
1.30602
1.30831
1.30948
1.30965
1.30895
1.30759
1.30578
1.30375
1.30173
1.29994
1.29853
1.2976
1.29716
1.29715
1.29744
1.29786
1.29829
1.29859
1.29873
1.29869
1.29852
1.29828
1.29805
1.29789
1.29782
1.29785
1.29796
1.29809
1.29815
1.29807
1.29779
1.2973
1.29664
1.29593
1.2953
1.29492
1.29489
1.29524
1.29587
1.29654
1.29695
1.29676
1.2957
1.29363
1.29059
1.28677
1.28249
1.27807
1.27381
1.26987
1.26635
1.26332
1.26086
1.25909
1.25814
1.25812
1.25911
1.26111
1.26403
1.26766
1.27171
1.27579
1.2795
1.2825
1.2846
1.2858
1.28629
1.28641
1.28657
1.2871
1.28822
1.28995
1.29213
1.2945
1.29676
1.2987
1.30012
1.30094
1.30109
1.30053
1.29922
1.29718
1.29446
1.2912
1.28761
1.284
1.28071
1.27809
1.27641
1.27583
1.27639
1.27794
1.28024
1.28295
1.28566
1.28801
1.2897
1.29063
1.29088
1.29075
1.29071
1.2912
1.29253
1.2948
1.29783
1.30129
1.30476
1.30783
1.31016
1.31153
1.31187
1.3112
1.30965
1.30738
1.30452
1.3012
1.2975
1.29353
1.28947
1.28562
1.28241
1.28031
1.27971
1.28073
1.28309
1.28621
1.28939
1.29202
1.29372
1.2944
1.29423
1.29358
1.29291
1.29265
1.29315
1.29454
1.2968
1.2997
1.3029
1.30603
1.30869
1.31055
1.31135
1.31097
1.30941
1.30677
1.30327
1.29912
1.29459
1.28988
1.28518
1.28071
1.2767
1.27345
1.27128
1.27048
1.27116
1.27315
1.27598
1.27901
1.28172
1.2841
1.28683
1.29105
1.29773
1.30701
1.31806
1.3295
1.34011
1.34918
1.35652
1.36229
1.3668
1.37036
1.3732
1.37543
1.37706
1.37804
1.37832
1.37786
1.37665
1.37476
1.3723
1.3694
1.36626
1.36307
1.36007
1.35748
1.35553
1.3544
1.3542
1.35492
1.35645
1.35859
1.3611
1.36372
1.36627
1.36862
1.37073
1.37262
1.37434
1.37595
1.37751
1.37903
1.38052
1.38195
1.38329
1.38452
1.38562
1.38654
1.38721
1.38749
1.38723
1.38631
1.38473
1.38268
1.38062
1.37915
1.37883
1.37995
1.38246
1.38597
1.38996
1.39391
1.39734
1.39982
1.40102
1.40062
1.39837
1.39413
1.38783
1.37956
1.36963
1.35865
1.34757
1.33756
1.32984
1.32524
1.32398
1.32555
1.32896
1.33313
1.33714
1.34045
1.34283
1.34432
1.34509
1.34544
1.34569
1.34618
1.34721
1.34898
1.35156
1.35487
1.3587
1.36275
1.3667
1.37026
1.37321
1.37539
1.37673
1.37724
1.377
1.37611
1.37474
1.37304
1.37116
1.36924
1.36738
1.36563
1.36401
1.36245
1.36084
1.35907
1.35705
1.35478
1.3524
1.35014
1.34835
1.34737
1.34747
1.34869
1.35084
1.35344
1.35594
1.35787
1.35897
1.35928
1.35912
1.35894
1.3592
1.36024
1.36218
1.36494
1.3683
1.37196
1.37564
1.3791
1.38218
1.38476
1.38673
1.388
1.38845
1.38798
1.38651
1.384
1.38049
1.37609
1.37102
1.36552
1.35989
1.35443
1.34936
1.34484
1.34088
1.33743
1.33441
1.33173
1.32931
1.32711
1.32506
1.32301
1.3207
1.31785
1.31422
1.30981
1.30485
1.29973
1.29484
1.2904
1.28647
1.28318
1.28098
1.28065
1.28293
1.28808
1.29564
1.30453
1.31356
1.32174
1.32849
1.3336
1.33714
1.33932
1.3404
1.34064
1.34027
1.3395
1.33847
1.3373
1.33604
1.33473
1.33337
1.33197
1.33052
1.32901
1.32739
1.32561
1.32358
1.32116
1.31822
1.31462
1.31022
1.30492
1.29869
1.2916
1.28388
1.27597
1.2685
1.26221
1.2578
1.25566
1.25582
1.25791
1.26137
1.26561
1.27017
1.27476
1.27922
1.28343
1.28723
1.29043
1.2928
1.2942
1.29461
1.29418
1.29323
1.29206
1.29086
1.28962
1.2882
1.28646
1.28438
1.28217
1.28011
1.27855
1.27776
1.2779
1.27903
1.28111
1.28402
1.28754
1.29136
1.29512
1.29846
1.30106
1.30264
1.30304
1.30223
1.30031
1.29751
1.2942
1.29079
1.28764
1.28498
1.28288
1.28124
1.27987
1.27854
1.27706
1.27531
1.27322
1.27077
1.26797
1.26489
1.26158
1.25815
1.25474
1.25153
1.24873
1.24656
1.24523
1.24485
1.24543
1.24689
1.24906
1.25176
1.25474
1.25772
1.26034
1.26214
1.26267
1.2615
1.25843
1.25361
1.24769
1.24179
1.23722
1.23507
1.23578
1.23905
1.24408
1.24992
1.25567
1.26062
1.26429
1.26634
1.26663
1.26518
1.26213
1.25777
1.25245
1.24659
1.24062
1.23488
1.22964
1.2251
1.22136
1.21854
1.21676
1.21613
1.21673
1.21853
1.22138
1.22501
1.22915
1.23356
1.23808
1.24264
1.24721
1.25172
1.25608
1.26011
1.26355
1.26614
1.26762
1.26772
1.26627
1.2631
1.25813
1.25135
1.24286
1.23293
1.22205
1.21098
1.20063
1.19196
1.18564
1.18191
1.18058
1.18116
1.18309
1.18587
1.18912
1.19256
1.19599
1.19921
1.20206
1.20438
1.20602
1.20686
1.20682
1.20587
1.2041
1.2017
1.19897
1.19629
1.19408
1.19268
1.1923
1.19293
1.19439
1.19638
1.19855
1.20061
1.20233
1.20357
1.20425
1.20439
1.20404
1.20332
1.20239
1.20144
1.20063
1.2001
1.19988
1.19991
1.20003
1.20005
1.19975
1.199
1.19771
1.1959
1.19359
1.19088
1.18785
1.1846
1.18125
1.17798
1.17497
1.17247
1.17071
1.16988
1.17008
1.17131
1.17346
1.17635
1.17977
1.18356
1.18759
1.19178
1.19604
1.20027
1.20433
1.20803
1.21116
1.21354
1.21503
1.21551
1.21493
1.2133
1.21065
1.20711
1.20284
1.19806
1.193
1.18787
1.18283
1.17796
1.17331
1.1689
1.16484
1.16127
1.15844
1.1566
1.15592
1.15648
1.15822
1.16102
1.1647
1.16906
1.17391
1.17902
1.18416
1.189
1.19322
1.19646
1.19842
1.19891
1.19788
1.19554
1.19231
1.18878
1.18565
1.18353
1.18282
1.18361
1.18572
1.18869
1.19198
1.19507
1.19754
1.19921
1.20007
1.20025
1.19996
1.19937
1.19856
1.19747
1.19596
1.19383
1.19094
1.18726
1.18299
1.17854
1.17452
1.1715
1.16986
1.16963
1.17054
1.17216
1.17417
1.17645
1.17905
1.18212
1.18574
1.18993
1.19454
1.19934
1.20407
1.20844
1.21223
1.21526
1.21744
1.21875
1.21924
1.21898
1.2181
1.21672
1.21495
1.21291
1.21067
1.20827
1.20573
1.20303
1.20015
1.19707
1.19382
1.19046
1.18719
1.18428
1.18216
1.18128
1.18209
1.18484
1.18951
1.19574
1.20297
1.21053
1.21781
1.22435
1.22986
1.23414
1.23714
1.2388
1.23911
1.23807
1.23571
1.23208
1.22729
1.22153
1.21509
1.20832
1.20168
1.19559
1.19046
1.18655
1.18396
1.18262
1.1823
1.18271
1.18352
1.1844
1.18509
1.18538
1.18515
1.18436
1.18312
1.18168
1.18043
1.17982
1.18031
1.18217
1.18541
1.18967
1.19441
1.19897
1.20276
1.20537
1.20655
1.20622
1.20442
1.20119
1.19664
1.1909
1.18419
1.17695
1.16992
1.16415
1.16087
1.16112
1.16531
1.173
1.18305
1.19402
1.20464
1.21404
1.22178
1.22773
1.23202
1.23487
1.23657
1.2374
1.23764
1.23755
1.23733
1.23711
1.23695
1.23683
1.23667
1.23634
1.23566
1.23449
1.23269
1.23019
1.22701
1.22326
1.21921
1.2152
1.21163
1.20881
1.20693
1.20591
1.2055
1.20531
1.20499
1.20431
1.20321
1.20183
1.20041
1.19917
1.19818
1.19734
1.19636
1.19488
1.19257
1.18921
1.1848
1.17949
1.17365
1.16776
1.16241
1.15818
1.1556
1.15497
1.1564
1.15968
1.16438
1.16985
1.17543
1.18049
1.18459
1.18752
1.18928
1.19009
1.19027
1.19023
1.19034
1.19092
1.19216
1.19415
1.19682
1.2
1.20345
1.20691
1.21014
1.21299
1.2154
1.21743
1.21919
1.22083
1.2225
1.22435
1.22643
1.22879
1.23135
1.23403
1.23667
1.2391
1.24116
1.24273
1.24373
1.24413
1.24392
1.24315
1.24188
1.24018
1.23816
1.23591
1.23352
1.2311
1.22877
1.22664
1.22482
1.22341
1.22253
1.22223
1.22252
1.22332
1.22445
1.22563
1.22645
1.22646
1.22516
1.22215
1.21724
1.21065
1.20316
1.19615
1.19126
1.18979
1.19213
1.19773
1.20539
1.21387
1.22212
1.22931
1.23485
1.2383
1.23947
1.23846
1.23583
1.23254
1.2298
1.22866
1.22958
1.23232
1.23608
1.23993
1.24315
1.24542
1.24678
1.24755
1.24819
1.24921
1.25098
1.25371
1.25739
1.26182
1.26665
1.27148
1.2759
1.27959
1.28235
1.28413
1.28511
1.28556
1.28591
1.28659
1.28795
1.29018
1.29328
1.29704
1.30112
1.30516
1.3088
1.31177
1.31386
1.31495
1.31493
1.31369
1.31109
1.30696
1.30108
1.29331
1.28373
1.27293
1.26208
1.25288
1.24687
1.24469
1.24575
1.2486
1.25179
1.25438
1.25604
1.25687
1.25712
1.25706
1.25688
1.25666
1.25643
1.25618
1.25598
1.25597
1.25639
1.25753
1.25963
1.26281
1.26702
1.27201
1.27742
1.28286
1.28801
1.29265
1.29668
1.30012
1.30304
1.30557
1.30783
1.30993
1.31191
1.31371
1.31521
1.31619
1.31639
1.31556
1.31352
1.3102
1.30571
1.30029
1.29431
1.28822
1.28248
1.2775
1.2735
1.27038
1.26776
1.26513
1.26205
1.25837
1.25426
1.25008
1.24626
1.24307
1.24058
1.23869
1.23717
1.23582
1.2345
1.23318
1.23191
1.2308
1.22992
1.22927
1.22878
1.22834
1.22783
1.22721
1.22649
1.22576
1.22516
1.22481
1.22477
1.22503
1.22551
1.22608
1.22659
1.2269
1.22689
1.22649
1.22564
1.2243
1.22247
1.2202
1.21759
1.21483
1.21215
1.20988
1.20834
1.20785
1.20865
1.2109
1.21462
1.21966
1.22577
1.23258
1.23968
1.2467
1.25337
1.25951
1.26504
1.26998
1.2744
1.2784
1.28206
1.2854
1.2884
1.29093
1.29283
1.29385
1.29375
1.29232
1.28944
1.28513
1.27956
1.27305
1.26606
1.25906
1.2525
1.24668
1.24168
1.23735
1.23335
1.2292
1.22451
1.21909
