-0.304543
-0.306572
-0.308424
-0.310022
-0.311334
-0.312378
-0.313197
-0.313866
-0.314462
-0.315072
-0.315771
-0.316617
-0.317637
-0.318839
-0.320206
-0.321681
-0.32321
-0.324727
-0.326159
-0.327437
-0.328526
-0.329382
-0.330002
-0.330396
-0.330575
-0.330581
-0.330442
-0.330213
-0.329919
-0.329622
-0.329353
-0.329175
-0.32913
-0.329264
-0.329653
-0.330338
-0.331373
-0.332774
-0.334543
-0.336641
-0.338991
-0.341507
-0.344066
-0.346563
-0.348881
-0.350917
-0.352589
-0.353813
-0.354525
-0.354677
-0.354241
-0.353223
-0.351686
-0.34976
-0.347663
-0.345679
-0.344119
-0.343277
-0.34339
-0.344546
-0.346735
-0.349794
-0.353495
-0.357569
-0.361745
-0.365796
-0.369512
-0.372742
-0.375379
-0.377363
-0.378664
-0.379279
-0.379238
-0.378555
-0.377254
-0.375353
-0.372862
-0.369791
-0.366163
-0.362042
-0.357543
-0.352838
-0.348164
-0.343789
-0.339976
-0.336948
-0.334855
-0.333747
-0.333602
-0.334282
-0.335642
-0.337528
-0.339763
-0.342203
-0.344719
-0.347222
-0.349623
-0.35186
-0.353896
-0.355707
-0.357284
-0.358631
-0.359779
-0.360748
-0.361591
-0.362339
-0.363027
-0.363708
-0.364398
-0.365116
-0.365886
-0.36671
-0.367574
-0.368445
-0.369298
-0.370093
-0.37079
-0.371318
-0.371658
-0.37177
-0.371618
-0.371187
-0.370474
-0.36949
-0.368262
-0.366833
-0.365254
-0.363593
-0.361909
-0.36027
-0.358746
-0.357382
-0.356218
-0.355273
-0.354562
-0.354075
-0.353811
-0.353736
-0.353828
-0.354046
-0.354341
-0.354662
-0.354973
-0.355229
-0.355407
-0.355509
-0.355541
-0.355544
-0.355563
-0.355647
-0.355828
-0.356139
-0.356566
-0.357112
-0.35773
-0.358384
-0.359039
-0.35965
-0.360194
-0.360653
-0.361046
-0.361398
-0.361749
-0.362147
-0.362637
-0.363233
-0.36393
-0.364677
-0.365387
-0.365949
-0.366232
-0.366117
-0.365496
-0.3643
-0.362488
-0.360072
-0.35712
-0.353739
-0.350102
-0.346405
-0.342866
-0.339688
-0.337053
-0.335097
-0.333915
-0.33354
-0.333956
-0.335112
-0.336912
-0.339228
-0.341897
-0.344743
-0.347568
-0.350212
-0.352539
-0.35444
-0.355875
-0.356859
-0.35744
-0.357683
-0.357672
-0.357496
-0.357231
-0.356957
-0.356699
-0.356505
-0.356391
-0.356373
-0.356447
-0.356605
-0.356821
-0.357082
-0.357355
-0.357607
-0.357793
-0.3579
-0.357891
-0.357758
-0.357499
-0.357121
-0.356644
-0.356111
-0.355583
-0.355113
-0.354747
-0.35455
-0.354556
-0.354783
-0.355228
-0.355878
-0.356698
-0.357649
-0.358687
-0.359801
-0.360947
-0.362118
-0.363326
-0.364559
-0.365829
-0.367152
-0.368529
-0.36997
-0.371478
-0.373055
-0.374694
-0.376382
-0.378104
-0.379842
-0.381563
-0.383248
-0.384843
-0.386288
-0.387519
-0.388463
-0.389036
-0.389135
-0.38869
-0.387632
-0.385948
-0.383677
-0.380965
-0.378057
-0.375293
-0.373085
-0.371795
-0.371699
-0.372899
-0.375288
-0.378601
-0.382509
-0.386676
-0.390815
-0.394714
-0.39824
-0.401341
-0.404003
-0.406268
-0.408181
-0.409838
-0.411307
-0.412702
-0.41408
-0.41551
-0.417024
-0.418645
-0.420367
-0.422147
-0.42394
-0.42572
-0.427434
-0.42904
-0.430526
-0.431861
-0.433055
-0.434097
-0.434992
-0.435749
-0.436373
-0.436851
-0.437159
-0.437247
-0.43705
-0.436503
-0.435519
-0.434015
-0.431915
-0.429191
-0.425854
-0.421971
-0.417683
-0.413198
-0.408775
-0.404718
-0.401353
-0.398946
-0.397709
-0.397735
-0.399035
-0.401543
-0.405113
-0.409591
-0.414758
-0.420434
-0.426373
-0.432304
-0.437967
-0.44309
-0.447473
-0.450961
-0.45348
-0.455018
-0.455644
-0.455456
-0.454607
-0.453254
-0.451552
-0.449645
-0.447662
-0.445693
-0.443829
-0.442138
-0.44068
-0.439515
-0.43868
-0.438206
-0.438097
-0.438306
-0.438776
-0.43942
-0.440135
-0.440818
-0.441365
-0.441713
-0.441836
-0.441746
-0.441504
-0.441199
-0.440961
-0.440867
-0.441017
-0.441431
-0.442099
-0.442964
-0.443921
-0.444884
-0.445792
-0.44661
-0.447323
-0.44795
-0.448533
-0.449117
-0.449724
-0.450385
-0.451095
-0.45185
-0.452618
-0.453382
-0.45409
-0.45473
-0.455243
-0.455593
-0.455701
-0.455488
-0.454854
-0.453695
-0.451889
-0.449389
-0.44618
-0.44234
-0.438046
-0.433566
-0.42927
-0.425508
-0.422612
-0.420776
-0.420007
-0.420149
-0.420938
-0.422058
-0.423221
-0.424248
-0.42505
-0.425637
-0.426059
-0.426412
-0.426782
-0.427243
-0.427836
-0.428569
-0.429442
-0.430426
-0.431513
-0.432675
-0.433887
-0.435129
-0.436363
-0.437536
-0.438605
-0.43949
-0.440124
-0.440418
-0.440327
-0.439801
-0.43882
-0.437424
-0.435671
-0.433687
-0.431606
-0.429627
-0.42793
-0.426679
-0.425995
-0.425916
-0.426401
-0.427336
-0.428557
-0.429884
-0.431185
-0.432344
-0.433298
-0.434033
-0.434532
-0.434823
-0.434944
-0.434928
-0.434813
-0.434642
-0.43445
-0.434248
-0.434061
-0.433876
-0.433689
-0.43349
-0.433268
-0.432999
-0.432696
-0.432336
-0.431949
-0.431546
-0.431156
-0.430815
-0.430559
-0.4304
-0.430351
-0.430398
-0.4305
-0.430605
-0.430647
-0.430572
-0.430317
-0.429838
-0.42911
-0.42814
-0.426974
-0.425661
-0.424286
-0.42292
-0.421641
-0.420511
-0.419555
-0.418798
-0.418243
-0.417875
-0.417684
-0.417654
-0.417786
-0.418055
-0.418459
-0.418986
-0.419626
-0.420385
-0.421278
-0.422322
-0.423542
-0.424962
-0.426589
-0.428407
-0.430376
-0.432444
-0.434512
-0.43649
-0.438269
-0.439752
-0.440871
-0.441598
-0.44192
-0.441851
-0.441466
-0.440838
-0.440063
-0.439244
-0.438479
-0.437872
-0.437494
-0.437414
-0.437648
-0.438205
-0.439056
-0.440164
-0.44145
-0.442825
-0.444186
-0.445413
-0.446406
-0.44707
-0.447355
-0.44724
-0.446761
-0.445992
-0.445062
-0.444119
-0.443316
-0.442762
-0.442496
-0.442485
-0.442614
-0.442725
-0.442652
-0.442259
-0.441478
-0.440297
-0.438819
-0.4372
-0.435626
-0.434308
-0.43342
-0.433067
-0.433317
-0.434161
-0.435529
-0.437316
-0.43938
-0.441572
-0.443725
-0.445696
-0.447332
-0.44851
-0.449132
-0.449119
-0.448445
-0.447124
-0.445181
-0.442671
-0.439702
-0.436395
-0.432882
-0.429324
-0.425881
-0.422719
-0.420002
-0.417902
-0.416559
-0.416074
-0.416514
-0.417868
-0.420026
-0.422825
-0.426012
-0.429337
-0.432518
-0.435314
-0.437531
-0.439006
-0.439625
-0.439315
-0.438065
-0.435931
-0.43305
-0.429679
-0.426172
-0.422961
-0.420439
-0.418926
-0.418553
-0.419205
-0.420617
-0.42242
-0.424236
-0.425748
-0.426752
-0.427134
-0.426861
-0.425992
-0.42467
-0.423069
-0.421436
-0.420011
-0.419027
-0.418673
-0.419071
-0.420236
-0.422095
-0.424509
-0.427266
-0.430157
-0.43296
-0.435512
-0.437654
-0.43929
-0.440354
-0.440805
-0.440639
-0.439872
-0.438539
-0.436703
-0.434435
-0.431837
-0.429052
-0.426226
-0.423523
-0.42112
-0.419182
-0.417857
-0.417231
-0.417315
-0.418055
-0.419293
-0.420835
-0.422407
-0.42377
-0.424719
-0.425102
-0.424894
-0.424171
-0.423102
-0.421925
-0.420895
-0.42023
-0.420067
-0.420436
-0.421286
-0.422523
-0.424041
-0.425746
-0.427588
-0.429558
-0.431648
-0.433842
-0.436119
-0.43846
-0.440811
-0.443107
-0.445298
-0.447345
-0.449219
-0.450911
-0.452408
-0.453736
-0.454903
-0.455941
-0.456878
-0.457735
-0.45854
-0.459316
-0.460076
-0.460837
-0.461618
-0.462424
-0.463267
-0.464149
-0.46507
-0.466036
-0.467035
-0.468063
-0.469108
-0.470168
-0.471213
-0.472238
-0.473221
-0.474145
-0.474979
-0.475723
-0.476358
-0.476862
-0.477224
-0.477437
-0.477456
-0.477265
-0.476822
-0.476085
-0.475014
-0.473579
-0.471765
-0.469557
-0.467006
-0.464177
-0.461169
-0.458156
-0.455335
-0.452932
-0.451182
-0.45028
-0.450376
-0.451511
-0.453661
-0.456703
-0.460471
-0.464764
-0.469388
-0.474166
-0.478953
-0.48364
-0.488134
-0.492399
-0.4964
-0.500137
-0.503595
-0.506785
-0.509732
-0.512437
-0.514929
-0.517229
-0.519356
-0.521346
-0.523216
-0.525002
-0.526716
-0.52838
-0.530013
-0.531615
-0.533189
-0.534707
-0.536153
-0.53748
-0.538645
-0.539583
-0.540247
-0.540569
-0.540503
-0.539998
-0.53904
-0.537621
-0.535759
-0.533483
-0.530833
-0.527875
-0.524662
-0.521289
-0.517858
-0.514496
-0.511323
-0.50848
-0.506088
-0.504219
-0.502937
-0.50224
-0.5021
-0.502491
-0.503422
-0.504921
-0.507069
-0.509963
-0.513691
-0.518284
-0.523682
-0.529737
-0.536208
-0.542758
-0.549033
-0.554728
-0.559583
-0.563448
-0.566256
-0.568013
-0.568799
-0.568731
-0.567947
-0.566576
-0.564738
-0.562553
-0.560105
-0.557511
-0.554882
-0.552347
-0.550058
-0.548189
-0.54687
-0.546178
-0.546112
-0.546566
-0.547315
-0.548105
-0.548645
-0.548701
-0.548104
-0.546793
-0.544835
-0.542404
-0.539742
-0.537158
-0.534918
-0.533224
-0.532197
-0.531835
-0.532058
-0.532748
-0.533789
-0.535069
-0.536469
-0.537888
-0.539218
-0.54036
-0.541217
-0.541708
-0.541826
-0.541609
-0.541183
-0.5407
-0.540358
-0.540298
-0.540657
-0.541447
-0.542633
-0.54412
-0.54577
-0.547473
-0.54913
-0.550688
-0.552119
-0.553406
-0.554561
-0.555584
-0.556481
-0.557259
-0.557899
-0.558418
-0.558782
-0.559014
-0.55911
-0.559084
-0.558969
-0.558769
-0.558464
-0.558004
-0.5573
-0.556215
-0.554582
-0.552247
-0.549088
-0.54506
-0.540207
-0.534714
-0.528869
-0.523065
-0.517732
-0.513319
-0.51016
-0.508452
-0.508211
-0.509275
-0.511384
-0.514246
-0.517594
-0.521207
-0.524929
-0.528626
-0.532172
-0.535422
-0.538207
-0.540323
-0.54163
-0.541986
-0.541355
-0.539752
-0.537281
-0.53415
-0.530563
-0.526824
-0.523267
-0.520237
-0.5181
-0.517176
-0.517668
-0.519591
-0.522756
-0.526778
-0.531157
-0.53538
-0.539009
-0.541745
-0.543414
-0.543982
-0.543518
-0.542139
-0.540054
-0.537471
-0.534595
-0.531635
-0.528754
-0.52604
-0.52351
-0.521159
-0.518889
-0.516616
-0.514262
-0.511768
-0.509113
-0.506331
-0.503466
-0.500598
-0.497798
-0.495179
-0.492817
-0.490788
-0.489145
-0.487923
-0.48713
-0.486776
-0.486824
-0.487272
-0.488076
-0.489219
-0.490652
-0.492347
-0.494259
-0.496323
-0.498494
-0.500686
-0.502826
-0.504847
-0.506674
-0.508242
-0.509484
-0.510371
-0.510857
-0.510906
-0.510507
-0.509638
-0.508271
-0.506389
-0.504001
-0.50112
-0.497793
-0.494135
-0.490298
-0.486505
-0.482956
-0.479841
-0.477304
-0.475407
-0.474208
-0.473783
-0.474214
-0.475552
-0.477794
-0.480803
-0.484369
-0.488186
-0.491937
-0.495324
-0.498126
-0.500159
-0.501326
-0.501584
-0.500958
-0.499527
-0.497432
-0.494875
-0.492098
-0.489378
-0.48698
-0.485131
-0.484027
-0.483776
-0.484373
-0.485704
-0.487581
-0.489747
-0.491919
-0.493874
-0.495475
-0.496636
-0.497378
-0.49777
-0.497905
-0.497894
-0.497814
-0.497719
-0.497624
-0.497514
-0.497379
-0.497177
-0.496911
-0.496592
-0.496236
-0.495876
-0.495564
-0.495325
-0.495198
-0.495213
-0.495372
-0.495683
-0.49618
-0.496882
-0.497827
-0.499044
-0.50056
-0.502375
-0.504474
-0.506797
-0.509267
-0.51179
-0.514274
-0.516617
-0.51875
-0.520626
-0.52221
-0.523484
-0.524453
-0.525117
-0.5255
-0.525636
-0.525577
-0.525395
-0.525169
-0.524991
-0.524952
-0.525148
-0.525653
-0.526522
-0.527769
-0.529378
-0.531309
-0.533502
-0.535886
-0.538374
-0.540892
-0.543368
-0.545722
-0.547874
-0.549761
-0.551304
-0.552447
-0.553158
-0.553394
-0.553163
-0.552464
-0.551358
-0.549912
-0.548214
-0.546379
-0.544512
-0.542713
-0.541065
-0.539639
-0.538479
-0.537604
-0.537023
-0.536727
-0.536734
-0.537045
-0.537661
-0.538602
-0.53989
-0.541518
-0.543482
-0.545766
-0.548311
-0.551051
-0.553889
-0.55672
-0.559441
-0.561951
-0.564182
-0.566079
-0.567619
-0.568789
-0.569605
-0.570095
-0.570298
-0.570252
-0.57
-0.569601
-0.569099
-0.568544
-0.568001
-0.567502
-0.567091
-0.566795
-0.566601
-0.566495
-0.566445
-0.56638
-0.566236
-0.565941
-0.565411
-0.564614
-0.563522
-0.56214
-0.560502
-0.558688
-0.556787
-0.554904
-0.553146
-0.551622
-0.550405
-0.549547
-0.549064
-0.548952
-0.549191
-0.54975
-0.550583
-0.551675
-0.553004
-0.554536
-0.556254
-0.558125
-0.56009
-0.562093
-0.56407
-0.565955
-0.567703
-0.56929
-0.570698
-0.57191
-0.572932
-0.57378
-0.574434
-0.574869
-0.575048
-0.574932
-0.574461
-0.573623
-0.572384
-0.570787
-0.568892
-0.566815
-0.564684
-0.562684
-0.560975
-0.559729
-0.559094
-0.559127
-0.559877
-0.561305
-0.563302
-0.565711
-0.568331
-0.570951
-0.573362
-0.575361
-0.576774
-0.577481
-0.57737
-0.576343
-0.574346
-0.571338
-0.567345
-0.562473
-0.556958
-0.551164
-0.545579
-0.540736
-0.537082
-0.534895
-0.534183
-0.534703
-0.536031
-0.537708
-0.539336
-0.540653
-0.541536
-0.541985
-0.542126
-0.542161
-0.542351
-0.542991
-0.544362
-0.54668
-0.550042
-0.554358
-0.559415
-0.564899
-0.570469
-0.575811
-0.580698
-0.584997
-0.588624
-0.591586
-0.593925
-0.5957
-0.596988
-0.597887
-0.598494
-0.598886
-0.599121
-0.599251
-0.599283
-0.599189
-0.598924
-0.598411
-0.597566
-0.596304
-0.594603
-0.592483
-0.590048
-0.587487
-0.585058
-0.583042
-0.58169
-0.581175
-0.58152
-0.582609
-0.584206
-0.586013
-0.587725
-0.589071
-0.589871
-0.590048
-0.589602
-0.588651
-0.587361
-0.585941
-0.584646
-0.583742
-0.583475
-0.584022
-0.585425
-0.587573
-0.59017
-0.592787
-0.594987
-0.59639
-0.596741
-0.595954
-0.59412
-0.591449
-0.588231
-0.584787
-0.581414
-0.578322
-0.57562
-0.573311
-0.571389
-0.569795
-0.568548
-0.567702
-0.56737
-0.567665
-0.568644
-0.570307
-0.572566
-0.575309
-0.578425
-0.58185
-0.585576
-0.589623
-0.594014
-0.598713
-0.60363
-0.608583
-0.613339
-0.617657
-0.62131
-0.624107
-0.625908
-0.626614
-0.626192
-0.624691
-0.622184
-0.618797
-0.614701
-0.610077
-0.605148
-0.600108
-0.595168
-0.590489
-0.586185
-0.582338
-0.578987
-0.576139
-0.573746
-0.571736
-0.570014
-0.568442
-0.566877
-0.565189
-0.563274
-0.56113
-0.55885
-0.556623
-0.554713
-0.553363
-0.552707
-0.552717
-0.553207
-0.553907
-0.554531
-0.554869
-0.554822
-0.554408
-0.553712
-0.552862
-0.552006
-0.551272
-0.550772
-0.550574
-0.55073
-0.551244
-0.552095
-0.553232
-0.554562
-0.556005
-0.557452
-0.558786
-0.55993
-0.560795
-0.561348
-0.561557
-0.561443
-0.561016
-0.560348
-0.559484
-0.558489
-0.557392
-0.556212
-0.554899
-0.553435
-0.551748
-0.549791
-0.547527
-0.544972
-0.542193
-0.539316
-0.536495
-0.533913
-0.531741
-0.530115
-0.529101
-0.528673
-0.528744
-0.529143
-0.52968
-0.530149
-0.530387
-0.530295
-0.529808
-0.528977
-0.527902
-0.526746
-0.525697
-0.524949
-0.524652
-0.524937
-0.525827
-0.527318
-0.529311
-0.531692
-0.534322
-0.537067
-0.539782
-0.542361
-0.544711
-0.54677
-0.548494
-0.549856
-0.550863
-0.551509
-0.551824
-0.551833
-0.551583
-0.551126
-0.550512
-0.549825
-0.549117
-0.548463
-0.547937
-0.547606
-0.547519
-0.547701
-0.548177
-0.548953
-0.550015
-0.551337
-0.552887
-0.554612
-0.556478
-0.558425
-0.560416
-0.562417
-0.564386
-0.566303
-0.568156
-0.569923
-0.571585
-0.57311
-0.574473
-0.575638
-0.576539
-0.577114
-0.577294
-0.576997
-0.57614
-0.574638
-0.572441
-0.569533
-0.565959
-0.561895
-0.557587
-0.553368
-0.549653
-0.546805
-0.545102
-0.544682
-0.545499
-0.547348
-0.549949
-0.552985
-0.556191
-0.55938
-0.562433
-0.565296
-0.567989
-0.570552
-0.573053
-0.575579
-0.578187
-0.580908
-0.583758
-0.586689
-0.589623
-0.592418
-0.594942
-0.597053
-0.598603
-0.599511
-0.5997
-0.599143
-0.597859
-0.595889
-0.593306
-0.590214
-0.586738
-0.583022
-0.579244
-0.575565
-0.572188
-0.569309
-0.567102
-0.565708
-0.565195
-0.565542
-0.566631
-0.56829
-0.570297
-0.572462
-0.574649
-0.576818
-0.579002
-0.581278
-0.583724
-0.586357
-0.589135
-0.591928
-0.59457
-0.596928
-0.598902
-0.600436
-0.601541
-0.602216
-0.602509
-0.602443
-0.602022
-0.601257
-0.600138
-0.598636
-0.596721
-0.594387
-0.591614
-0.588425
-0.584846
-0.580932
-0.576755
-0.572429
-0.568078
-0.563865
-0.559975
-0.556627
-0.554042
-0.552419
-0.551861
-0.552354
-0.553787
-0.555949
-0.558562
-0.561315
-0.563924
-0.566112
-0.567665
-0.568403
-0.568229
-0.5671
-0.565087
-0.562341
-0.559109
-0.555713
-0.552473
-0.549664
-0.547445
-0.545862
-0.544826
-0.544212
-0.543863
-0.54365
-0.543514
-0.543423
-0.543391
-0.543454
-0.543642
-0.544004
-0.544555
-0.54533
-0.546319
-0.547522
-0.548914
-0.550476
-0.552175
-0.55398
-0.555852
-0.557755
-0.559652
-0.561514
-0.563305
-0.564985
-0.566515
-0.56786
-0.568972
-0.569817
-0.570347
-0.570538
-0.570379
-0.569835
-0.56892
-0.56766
-0.566097
-0.564297
-0.56236
-0.560357
-0.558423
-0.556646
-0.555134
-0.553994
-0.553302
-0.553129
-0.553511
-0.554472
-0.555995
-0.558032
-0.560491
-0.563259
-0.566179
-0.569069
-0.571773
-0.574121
-0.575982
-0.577259
-0.57791
-0.577973
-0.577541
-0.576779
-0.575918
-0.575195
-0.57481
-0.574896
-0.575465
-0.576377
-0.577447
-0.578426
-0.579098
-0.579259
-0.578843
-0.577839
-0.576312
-0.574389
-0.572226
-0.57001
-0.567898
-0.566045
-0.564549
-0.563479
-0.56286
-0.562718
-0.563027
-0.563753
-0.564846
-0.566248
-0.567873
-0.56966
-0.571552
-0.573505
-0.57547
-0.577437
-0.579388
-0.581305
-0.5832
-0.585048
-0.586826
-0.588522
-0.5901
-0.591543
-0.592819
-0.593901
-0.594776
-0.595426
-0.595853
-0.596057
-0.596033
-0.595802
-0.59538
-0.594795
-0.594088
-0.593312
-0.592533
-0.591844
-0.591321
-0.591034
-0.591059
-0.591427
-0.59213
-0.593117
-0.59428
-0.595485
-0.596577
-0.5974
-0.59784
-0.597855
-0.597501
-0.596903
-0.596262
-0.595746
-0.595537
-0.595691
-0.596226
-0.597094
-0.598247
-0.599618
-0.601096
-0.602493
-0.603563
-0.604027
-0.603673
-0.602425
-0.60041
-0.597944
-0.595513
-0.593681
-0.59298
-0.593802
-0.596347
-0.600534
-0.606075
-0.612479
-0.619194
-0.625629
-0.631271
-0.635717
-0.638699
-0.640129
-0.640096
-0.638853
-0.63683
-0.634573
-0.632682
-0.631674
-0.631847
-0.633222
-0.635516
-0.638236
-0.640827
-0.642796
-0.64383
-0.643834
-0.642854
-0.641138
-0.638984
-0.636708
-0.634579
-0.632786
-0.631422
-0.630516
-0.630052
-0.62998
-0.630274
-0.630895
-0.631826
-0.63305
-0.634521
-0.636183
-0.63794
-0.639676
-0.641278
-0.642628
-0.643629
-0.644208
-0.644307
-0.643892
-0.642945
-0.641475
-0.63949
-0.637029
-0.634148
-0.630903
-0.627364
-0.623606
-0.619699
-0.615695
-0.611644
-0.607598
-0.603582
-0.599675
-0.595946
-0.592509
-0.589489
-0.587036
-0.585299
-0.584418
-0.584514
-0.585625
-0.587753
-0.590785
-0.59456
-0.598861
-0.603446
-0.608108
-0.61265
-0.616923
-0.620815
-0.624264
-0.62724
-0.62973
-0.631738
-0.633283
-0.634392
-0.635091
-0.635411
-0.635364
-0.634964
-0.634238
-0.633188
-0.631818
-0.630141
-0.628179
-0.625944
-0.623473
-0.620811
-0.618033
-0.615229
-0.612497
-0.609954
-0.607736
-0.605964
-0.604753
-0.604179
-0.604295
-0.605046
-0.60634
-0.608034
-0.609964
-0.611951
-0.613873
-0.615632
-0.617192
-0.618547
-0.619726
-0.620759
-0.6217
-0.622562
-0.623358
-0.624099
-0.624768
-0.625359
-0.625885
-0.626319
-0.626654
-0.626884
-0.626974
-0.626919
-0.626681
-0.626244
-0.625577
-0.624661
-0.623509
-0.622157
-0.620635
-0.619004
-0.617344
-0.615722
-0.614219
-0.612884
-0.611737
-0.610778
-0.609952
-0.609181
-0.60836
-0.607411
-0.606263
-0.60491
-0.603443
-0.602051
-0.600957
-0.600393
-0.600542
-0.601429
-0.602954
-0.604915
-0.607122
-0.609406
-0.611669
-0.613878
-0.615992
-0.618015
-0.619921
-0.621666
-0.623226
-0.624571
-0.625684
-0.62655
-0.627141
-0.627457
-0.6275
-0.627318
-0.626979
-0.626602
-0.626331
-0.626314
-0.626681
-0.627511
-0.628816
-0.630554
-0.632628
-0.634942
-0.637402
-0.639949
-0.642535
-0.64516
-0.647803
-0.650476
-0.653142
-0.655774
-0.65834
-0.660764
-0.662979
-0.664903
-0.666423
-0.667468
-0.667909
-0.667629
-0.666515
-0.664452
-0.661322
-0.657002
-0.651452
-0.644639
-0.636631
-0.627651
-0.618118
-0.608684
-0.600226
-0.593698
-0.589941
-0.589427
-0.592087
-0.597363
-0.60445
-0.612448
-0.620617
-0.628365
-0.635295
-0.641145
-0.645788
-0.649188
-0.651411
-0.652595
-0.652932
-0.652671
-0.65205
-0.651343
-0.650761
-0.650452
-0.650537
-0.651058
-0.652011
-0.653317
-0.654856
-0.656508
-0.658114
-0.659531
-0.66066
-0.66142
-0.661799
-0.661829
-0.661601
-0.661248
-0.660943
-0.660846
-0.661113
-0.661817
-0.662952
-0.664454
-0.666165
-0.667916
-0.669517
-0.670784
-0.671581
-0.671805
-0.671387
-0.670328
-0.668633
-0.666332
-0.663463
-0.660058
-0.656156
-0.651821
-0.647139
-0.642247
-0.637343
-0.632678
-0.628534
-0.625159
-0.622779
-0.621517
-0.621395
-0.62234
-0.624146
-0.626604
-0.62943
-0.632365
-0.635196
-0.63775
-0.639938
-0.641706
-0.643057
-0.644026
-0.644648
-0.644949
-0.644945
-0.644641
-0.644037
-0.643119
-0.641902
-0.64041
-0.638711
-0.636895
-0.635093
-0.633443
-0.632092
-0.631154
-0.630702
-0.630725
-0.631159
-0.63187
-0.632723
-0.633577
-0.634346
-0.634982
-0.635511
-0.635973
-0.636449
-0.637005
-0.6377
-0.638544
-0.639513
-0.640546
-0.641554
-0.64244
-0.643075
-0.643392
-0.643313
-0.642803
-0.641861
-0.640543
-0.638911
-0.637082
-0.635181
-0.633337
-0.631621
-0.630076
-0.628703
-0.627436
-0.626194
-0.624919
-0.623593
-0.622229
-0.620923
-0.619797
-0.618971
-0.618528
-0.618481
-0.618759
-0.619222
-0.619717
-0.620086
-0.620229
-0.620112
-0.619782
-0.619309
-0.618772
-0.618267
-0.617859
-0.617578
-0.617428
-0.61738
-0.61739
-0.617391
-0.617327
-0.617161
-0.616847
-0.616401
-0.615816
-0.615115
-0.614333
-0.613499
-0.612637
-0.611777
-0.610915
-0.610072
-0.609269
-0.608541
-0.607917
-0.607434
-0.607099
-0.606914
-0.606852
-0.606836
-0.606763
-0.606523
-0.606007
-0.605122
-0.603853
-0.602239
-0.600393
-0.598496
-0.596767
-0.595416
-0.594634
-0.594515
-0.595086
-0.596267
-0.597934
-0.5999
-0.60199
-0.604012
-0.605842
-0.607348
-0.608461
-0.609159
-0.60945
-0.609378
-0.608997
-0.608397
-0.607651
-0.606827
-0.60598
-0.605149
-0.604341
-0.603561
-0.602782
-0.601991
-0.60117
-0.600302
-0.599347
-0.598287
-0.597074
-0.595674
-0.594062
-0.592207
-0.590126
-0.587842
-0.585399
-0.582895
-0.580435
-0.578148
-0.576151
-0.574558
-0.573425
-0.572799
-0.572636
-0.572906
-0.573537
-0.574449
-0.57558
-0.576895
-0.578377
-0.580017
-0.58181
-0.583746
-0.585807
-0.587918
-0.590018
-0.592
-0.593786
-0.595306
-0.596475
-0.597268
-0.597623
-0.597518
-0.596907
-0.595758
-0.594018
-0.59163
-0.588552
-0.584783
-0.580354
-0.575391
-0.570109
-0.564802
-0.559825
-0.555527
-0.552214
-0.550059
-0.549095
-0.5492
-0.550164
-0.551712
-0.553597
-0.55559
-0.557592
-0.559589
-0.561674
-0.563969
-0.566602
-0.569656
-0.573116
-0.576865
-0.580719
-0.584448
-0.587826
-0.590665
-0.592835
-0.594274
-0.59497
-0.594962
-0.594351
-0.593245
-0.591792
-0.590153
-0.58853
-0.587101
-0.586039
-0.5855
-0.585549
-0.586196
-0.587371
-0.588931
-0.590705
-0.592517
-0.594222
-0.595676
-0.596819
-0.597629
-0.598135
-0.598441
-0.598693
-0.599063
-0.599746
-0.600893
-0.602598
-0.604863
-0.607615
-0.610738
-0.614082
-0.617523
-0.620993
-0.624458
-0.627911
-0.631379
-0.634904
-0.638474
-0.642093
-0.645701
-0.649239
-0.652619
-0.655749
-0.658538
-0.660894
-0.662739
-0.663994
-0.664614
-0.664577
-0.663893
-0.662609
-0.660814
-0.658604
-0.656061
-0.653242
-0.650128
-0.646674
-0.642834
-0.6386
-0.634056
-0.629391
-0.624911
-0.620997
-0.618047
-0.616436
-0.616451
-0.61822
-0.621659
-0.626522
-0.632426
-0.638958
-0.645776
-0.652559
-0.659095
-0.665213
-0.670753
-0.675578
-0.679581
-0.682676
-0.684838
-0.686121
-0.686652
-0.686618
-0.686229
-0.685741
-0.685344
-0.685192
-0.685362
-0.685855
-0.686609
-0.687539
-0.688521
-0.689433
-0.690157
-0.690543
-0.690471
-0.68982
-0.688472
-0.68635
-0.683426
-0.679768
-0.675537
-0.671026
-0.666657
-0.662915
-0.660256
-0.658976
-0.659126
-0.660447
-0.662478
-0.664679
-0.666554
-0.667784
-0.668188
-0.667771
-0.666623
-0.664911
-0.662825
-0.660584
-0.658385
-0.656438
-0.65494
-0.654067
-0.653974
-0.654753
-0.656378
-0.658703
-0.661518
-0.664564
-0.667589
-0.670404
-0.672878
-0.674962
-0.676647
-0.677964
-0.67897
-0.679723
-0.680267
-0.680639
-0.680883
-0.681044
-0.681113
-0.681104
-0.681012
-0.680819
-0.680476
-0.679919
-0.679022
-0.677677
-0.675685
-0.672828
-0.668864
-0.663569
-0.65685
-0.64888
-0.640319
-0.632353
-0.626528
-0.624157
-0.625667
-0.630364
-0.636819
-0.643548
-0.649538
-0.654358
-0.658023
-0.660809
-0.663069
-0.665109
-0.667127
-0.669231
-0.671409
-0.673592
-0.675692
-0.677609
-0.679267
-0.680606
-0.681584
-0.682183
-0.68238
-0.682158
-0.681516
-0.680442
-0.678921
-0.676966
-0.674593
-0.67181
-0.668657
-0.665229
-0.661632
-0.658003
-0.65453
-0.651424
-0.648888
-0.647077
-0.646093
-0.64593
-0.646528
-0.647776
-0.649555
-0.651777
-0.654394
-0.657391
-0.660744
-0.664457
-0.668466
-0.672709
-0.677069
-0.6814
-0.685569
-0.689425
-0.692833
-0.695689
-0.697917
-0.699443
-0.700241
-0.700278
-0.699566
-0.698119
-0.695972
-0.693202
-0.689939
-0.686358
-0.682686
-0.679153
-0.676003
-0.673393
-0.671388
-0.66993
-0.668896
-0.668152
-0.667592
-0.66717
-0.666908
-0.666897
-0.667226
-0.667958
-0.669101
-0.670593
-0.672357
-0.674277
-0.676222
-0.678098
-0.679821
-0.681313
-0.682534
-0.683432
-0.683988
-0.684214
-0.68414
-0.683834
-0.683434
-0.683079
-0.682945
-0.683188
-0.683952
-0.685322
-0.687338
-0.689949
-0.693043
-0.696519
-0.700186
-0.703902
-0.707537
-0.710986
-0.714155
-0.717007
-0.719463
-0.72149
-0.723069
-0.724164
-0.724779
-0.72494
-0.724727
-0.724252
-0.723687
-0.723239
-0.723116
-0.723496
-0.724512
-0.726204
-0.728544
-0.731427
-0.734734
-0.738309
-0.741991
-0.745635
-0.749123
-0.752313
-0.75509
-0.757342
-0.758965
-0.759848
-0.759916
-0.759082
-0.757267
-0.754463
-0.750687
-0.746048
-0.740738
-0.735065
-0.729398
-0.724157
-0.719686
-0.716226
-0.713834
-0.712356
-0.711549
-0.711148
-0.710945
-0.710881
-0.711136
-0.712027
-0.713945
-0.717165
-0.721694
-0.727193
-0.733065
-0.738648
-0.743342
-0.746704
-0.748438
-0.74838
-0.746459
-0.742645
-0.736996
-0.729615
-0.720746
-0.710752
-0.700216
-0.689951
-0.680895
-0.674014
-0.670018
-0.669098
-0.670851
-0.674481
-0.679069
-0.683815
-0.68817
-0.691846
-0.69472
-0.696805
-0.698164
-0.698887
-0.699033
-0.698664
-0.697807
-0.696481
-0.694721
-0.692588
-0.690179
-0.687617
-0.685053
-0.682657
-0.680573
-0.678904
-0.677706
-0.676987
-0.676716
-0.676827
-0.677234
-0.677861
-0.67864
-0.679503
-0.680392
-0.681255
-0.682043
-0.682698
-0.683141
-0.683281
-0.683009
-0.682228
-0.680801
-0.678649
-0.675685
-0.671861
-0.667217
-0.661863
-0.656044
-0.650091
-0.644442
-0.63952
-0.635697
-0.633198
-0.63209
-0.632319
-0.633691
-0.635985
-0.63895
-0.642339
-0.6459
-0.649445
-0.652767
-0.655723
-0.658184
-0.660066
-0.661291
-0.661825
-0.661664
-0.660841
-0.659443
-0.657576
-0.655415
-0.653132
-0.650926
-0.64898
-0.647442
-0.64645
-0.646045
-0.646236
-0.646962
-0.648092
-0.649495
-0.650988
-0.652389
-0.653529
-0.654239
-0.654428
-0.653998
-0.652933
-0.651254
-0.64904
-0.646425
-0.643609
-0.640815
-0.638253
-0.63612
-0.634536
-0.633538
-0.63309
-0.633108
-0.633482
-0.634091
-0.634868
-0.63574
-0.636685
-0.637691
-0.638737
-0.639812
-0.640923
-0.642057
-0.643234
-0.644451
-0.645721
-0.647028
-0.648371
-0.649705
-0.650975
-0.652102
-0.652993
-0.653549
-0.653697
-0.653382
-0.652604
-0.651423
-0.649935
-0.648316
-0.646756
-0.645449
-0.644573
-0.64425
-0.644551
-0.645472
-0.646965
-0.648937
-0.651267
-0.653833
-0.656522
-0.659231
-0.661862
-0.664361
-0.666695
-0.668826
-0.670747
-0.672487
-0.674063
-0.675508
-0.676846
-0.678109
-0.679308
-0.680452
-0.681571
-0.682642
-0.683674
-0.684675
-0.685652
-0.686597
-0.687487
-0.688292
-0.688977
-0.689513
-0.689861
-0.690016
-0.689976
-0.689791
-0.689529
-0.689268
-0.689068
-0.689009
-0.689136
-0.689447
-0.689914
-0.690483
-0.691063
-0.691555
-0.691886
-0.691996
-0.691869
-0.691516
-0.691007
-0.690432
-0.689898
-0.689484
-0.689275
-0.689293
-0.689542
-0.689997
-0.690622
-0.691375
-0.69219
-0.693055
-0.693951
-0.694871
-0.695829
-0.696827
-0.697881
-0.698996
-0.700163
-0.701369
-0.702558
-0.703678
-0.70466
-0.705452
-0.705988
-0.706216
-0.706108
-0.705648
-0.704864
-0.703805
-0.702547
-0.701212
-0.699899
-0.69876
-0.697894
-0.697384
-0.697266
-0.697564
-0.698291
-0.699435
-0.70098
-0.702899
-0.705172
-0.707762
-0.71062
-0.713671
-0.716819
-0.71997
-0.723003
-0.725775
-0.728176
-0.730086
-0.731395
-0.731971
-0.731698
-0.730482
-0.728263
-0.725057
-0.721033
-0.716511
-0.712017
-0.708195
-0.70565
-0.704782
-0.705642
-0.70796
-0.711268
-0.715109
-0.71913
-0.723101
-0.726881
-0.730397
-0.733586
-0.736357
-0.738654
-0.740406
-0.741581
-0.742162
-0.742169
-0.741645
-0.740625
-0.73916
-0.737268
-0.734981
-0.732291
-0.729191
-0.725662
-0.72171
-0.717347
-0.712658
-0.707773
-0.702909
-0.698342
-0.694386
-0.69135
-0.689472
-0.688862
-0.689472
-0.691132
-0.693602
-0.696691
-0.700293
-0.704406
-0.709041
-0.714136
-0.719533
-0.724953
-0.730097
-0.734685
-0.738509
-0.741453
-0.743508
-0.74471
-0.74512
-0.744798
-0.743857
-0.74244
-0.740769
-0.739133
-0.737876
-0.737314
-0.737628
-0.73875
-0.740393
-0.74205
-0.74319
-0.743286
-0.742001
-0.739133
-0.734711
-0.728977
-0.722436
-0.715786
-0.709841
-0.705349
-0.70282
-0.70239
-0.7038
-0.706506
-0.709913
-0.713419
-0.716538
-0.718944
-0.720461
-0.721037
-0.720755
-0.71976
-0.718278
-0.716534
-0.714805
-0.713308
-0.712212
-0.711618
-0.711551
-0.711972
-0.71278
-0.713867
-0.715083
-0.716319
-0.717448
-0.718368
-0.71898
-0.719216
-0.719024
-0.718378
-0.717255
-0.715694
-0.713765
-0.711565
-0.709244
-0.706979
-0.704968
-0.703383
-0.70238
-0.702072
-0.702466
-0.70354
-0.705178
-0.707232
-0.70954
-0.711952
-0.714315
-0.716508
-0.718454
-0.720093
-0.721383
-0.722309
-0.722877
-0.72308
-0.722943
-0.722484
-0.721751
-0.720809
-0.719708
-0.718543
-0.717391
-0.716323
-0.715418
-0.714741
-0.714344
-0.714249
-0.714482
-0.715017
-0.71584
-0.716883
-0.718048
-0.719238
-0.72032
-0.721167
-0.721646
-0.721644
-0.721031
-0.719704
-0.717587
-0.714644
-0.710859
-0.706309
-0.701144
-0.695627
-0.690105
-0.684992
-0.680712
-0.677618
-0.675916
-0.675635
-0.676623
-0.678574
-0.681161
-0.684056
-0.686994
-0.689838
-0.692541
-0.695124
-0.697672
-0.700218
-0.70278
-0.705312
-0.707728
-0.709938
-0.711849
-0.71343
-0.71471
-0.715748
-0.716652
-0.717516
-0.718408
-0.719383
-0.720449
-0.721594
-0.722772
-0.723935
-0.725021
-0.725986
-0.726798
-0.727417
-0.727829
-0.728003
-0.72794
-0.72763
-0.72704
-0.726153
-0.724935
-0.723356
-0.721393
-0.719027
-0.716253
-0.71307
-0.709529
-0.705688
-0.701644
-0.697523
-0.693475
-0.689668
-0.686265
-0.683421
-0.681272
-0.679913
-0.679404
-0.679756
-0.68094
-0.682868
-0.685429
-0.688479
-0.691864
-0.695432
-0.69904
-0.702584
-0.70594
-0.709021
-0.711797
-0.714206
-0.716211
-0.717828
-0.719052
-0.719933
-0.720525
-0.720916
-0.72121
-0.72152
-0.721937
-0.722536
-0.723357
-0.724398
-0.725606
-0.726932
-0.728269
-0.729549
-0.730688
-0.731608
-0.732247
-0.732545
-0.732463
-0.731985
-0.731137
-0.729991
-0.728668
-0.727337
-0.726193
-0.725406
-0.725088
-0.725243
-0.725823
-0.726666
-0.72763
-0.72858
-0.729374
-0.729954
-0.730278
-0.730334
-0.730141
-0.729748
-0.729231
-0.728712
-0.728332
-0.728243
-0.728612
-0.729565
-0.73116
-0.733395
-0.736185
-0.739358
-0.74273
-0.746092
-0.749251
-0.752053
-0.754378
-0.756179
-0.757426
-0.758112
-0.75829
-0.758039
-0.757437
-0.756573
-0.75554
-0.754438
-0.753353
-0.752339
-0.751461
-0.750751
-0.750228
-0.749885
-0.749708
-0.749671
-0.74972
-0.749808
-0.749874
-0.749864
-0.749718
-0.749364
-0.748766
-0.747876
-0.74667
-0.74515
-0.743358
-0.741369
-0.739297
-0.737312
-0.735577
-0.734285
-0.733591
-0.733631
-0.734476
-0.736157
-0.738627
-0.74181
-0.745587
-0.749784
-0.75423
-0.758723
-0.763065
-0.767091
-0.770647
-0.77362
-0.775928
-0.777493
-0.778285
-0.778305
-0.777556
-0.776133
-0.774109
-0.771643
-0.768921
-0.76617
-0.763599
-0.761406
-0.759727
-0.758619
-0.758049
-0.757906
-0.758065
-0.758367
-0.758689
-0.758953
-0.759094
-0.759071
-0.758819
-0.758286
-0.7574
-0.756105
-0.754399
-0.752308
-0.749946
-0.747454
-0.745016
-0.742856
-0.741172
-0.740146
-0.739865
-0.740351
-0.741516
-0.743212
-0.745245
-0.747395
-0.749472
-0.75131
-0.752805
-0.753876
-0.754487
-0.754595
-0.7542
-0.753324
-0.751987
-0.750249
-0.748213
-0.746022
-0.743838
-0.741852
-0.740215
-0.739016
-0.738264
-0.737855
-0.737599
-0.73727
-0.736621
-0.735427
-0.733544
-0.73089
-0.727474
-0.723365
-0.718751
-0.713875
-0.709043
-0.704553
-0.700692
-0.697718
-0.695792
-0.694995
-0.69534
-0.696764
-0.699128
-0.702235
-0.705852
-0.709712
-0.713571
-0.717198
-0.720433
-0.723155
-0.725315
-0.726904
-0.727958
-0.728531
-0.728712
-0.728571
-0.728192
-0.727652
-0.727027
-0.726388
-0.725787
-0.725266
-0.724855
-0.724545
-0.724318
-0.724137
-0.723955
-0.723707
-0.723359
-0.722862
-0.72221
-0.721397
-0.720459
-0.719446
-0.718445
-0.717501
-0.716713
-0.716127
-0.71578
-0.715667
-0.715765
-0.716011
-0.716347
-0.71671
-0.717047
-0.717335
-0.717567
-0.717754
-0.717905
-0.718017
-0.718088
-0.718108
-0.718068
-0.717993
-0.717943
-0.718035
-0.718394
-0.719137
-0.720322
-0.721933
-0.723832
-0.725879
-0.72787
-0.729633
-0.731058
-0.73209
-0.732744
-0.733112
-0.733342
-0.733619
-0.73414
-0.735095
-0.736613
-0.738758
-0.741507
-0.744778
-0.748436
-0.75235
-0.756395
-0.760493
-0.764587
-0.768642
-0.772626
-0.776499
-0.780177
-0.783575
-0.786585
-0.789155
-0.791279
-0.793057
-0.794638
-0.796238
-0.798055
-0.800237
-0.802827
-0.805716
-0.808687
-0.811415
-0.813597
-0.814955
-0.815309
-0.814592
-0.812879
-0.810309
-0.807149
-0.803776
-0.800674
-0.79841
-0.797565
-0.798593
-0.80166
-0.806525
-0.812598
-0.819126
-0.825457
-0.83112
-0.835966
-0.840093
-0.84373
-0.847169
-0.850603
-0.854111
-0.857554
-0.860646
-0.863028
-0.864353
-0.864359
-0.862922
-0.860061
-0.855973
-0.850973
-0.845576
-0.8404
-0.836243
-0.833879
-0.833949
-0.83664
-0.84158
-0.847855
-0.854323
-0.859958
-0.864017
-0.866099
-0.866062
-0.863934
-0.859874
-0.85421
-0.847535
-0.840818
-0.83542
-0.832829
-0.834126
-0.839373
-0.847538
-0.856968
-0.866072
-0.873769
-0.879555
-0.883385
-0.885445
-0.886025
-0.885427
-0.883905
-0.881669
-0.878908
-0.875744
-0.872333
-0.868789
-0.865259
-0.861878
-0.858825
-0.856276
-0.854386
-0.853298
-0.853076
-0.853738
-0.855218
-0.857363
-0.860009
-0.862942
-0.86597
-0.868929
-0.871677
-0.874147
-0.876268
-0.878023
-0.87941
-0.880445
-0.881129
-0.881479
-0.8815
-0.881209
-0.880616
-0.879725
-0.878545
-0.877091
-0.875382
-0.873471
-0.871396
-0.869219
-0.867019
-0.864863
-0.862814
-0.860917
-0.859207
-0.857684
-0.8563
-0.854984
-0.853634
-0.852125
-0.850368
-0.848339
-0.846093
-0.843757
-0.841496
-0.839501
-0.837996
-0.837226
-0.837562
-0.839426
-0.843288
-0.849467
-0.857881
-0.86797
-0.878736
-0.889043
-0.897885
-0.904634
-0.909083
-0.911329
-0.911721
-0.910755
-0.908944
-0.906741
-0.904536
-0.902575
-0.900979
-0.899761
-0.898855
-0.898174
-0.897608
-0.897101
-0.896644
-0.896266
-0.896041
-0.896059
-0.896384
-0.897065
-0.898104
-0.899474
-0.901151
-0.903081
-0.905243
-0.907583
-0.910036
-0.912541
-0.915024
-0.917414
-0.919629
-0.921618
-0.923344
-0.924744
-0.925815
-0.926527
-0.926888
-0.926885
-0.926547
-0.925893
-0.92497
-0.923827
-0.922568
-0.92129
-0.920116
-0.919191
-0.918648
-0.918601
-0.919128
-0.920254
-0.921927
-0.92404
-0.926435
-0.928944
-0.931379
-0.933601
-0.935525
-0.937083
-0.938251
-0.939019
-0.93941
-0.93945
-0.939133
-0.938484
-0.937497
-0.936194
-0.934604
-0.932794
-0.930835
-0.928876
-0.927083
-0.9257
-0.924996
-0.925235
-0.926631
-0.929279
-0.933114
-0.937883
-0.943212
-0.94866
-0.953799
-0.958305
-0.961973
-0.964714
-0.966553
-0.96757
-0.967851
-0.96749
-0.966564
-0.965107
-0.963159
-0.960754
-0.957935
-0.954773
-0.951373
-0.947875
-0.944457
-0.941358
-0.938827
-0.937111
-0.936451
-0.936983
-0.938755
-0.941696
-0.945563
-0.950049
-0.954772
-0.959344
-0.963424
-0.966739
-0.969059
-0.970268
-0.970284
-0.969085
-0.966741
-0.963324
-0.958953
-0.95377
-0.94792
-0.94151
-0.934638
-0.927402
-0.919895
-0.912237
-0.904569
-0.897076
-0.889985
-0.883578
-0.878177
-0.874131
-0.871719
-0.871103
-0.872246
-0.874906
-0.878687
-0.883101
-0.887648
-0.891856
-0.895439
-0.898314
-0.900594
-0.902579
-0.904612
-0.906968
-0.909774
-0.912939
-0.916242
-0.919401
-0.922168
-0.924336
-0.925771
-0.926412
-0.926206
-0.925151
-0.923216
-0.920364
-0.916557
-0.911799
-0.906207
-0.900092
-0.894024
-0.888787
-0.885178
-0.883663
-0.88415
-0.885944
-0.888022
-0.889372
-0.889296
-0.887474
-0.883939
-0.879023
-0.873258
-0.86731
-0.861886
-0.857615
-0.854924
-0.853995
-0.854727
-0.856797
-0.859765
-0.863198
-0.866708
-0.870031
-0.87298
-0.87543
-0.877329
-0.878594
-0.87916
-0.878954
-0.877886
-0.875902
-0.873002
-0.869238
-0.864752
-0.859751
-0.854519
-0.849359
-0.844541
-0.840274
-0.836696
-0.833902
-0.831939
-0.830872
-0.830738
-0.831532
-0.833172
-0.835542
-0.838445
-0.841652
-0.844899
-0.847956
-0.850593
-0.852617
-0.853902
-0.85437
-0.85399
-0.852788
-0.85084
-0.848268
-0.845221
-0.84188
-0.838426
-0.83502
-0.831826
-0.828971
-0.826585
-0.824764
-0.823572
-0.823067
-0.823252
-0.824089
-0.825487
-0.827293
-0.829313
-0.831339
-0.833157
-0.83459
-0.83551
-0.835837
-0.835575
-0.834771
-0.833558
-0.832059
-0.830435
-0.828844
-0.827413
-0.826253
-0.825417
-0.82493
-0.824775
-0.824875
-0.825146
-0.825496
-0.825825
-0.826033
-0.826048
-0.825839
-0.825366
-0.82462
-0.82362
-0.822372
-0.8209
-0.819265
-0.817501
-0.815673
-0.813885
-0.812252
-0.810928
-0.810036
-0.809712
-0.810026
-0.810988
-0.812537
-0.814544
-0.816829
-0.819198
-0.8215
-0.823576
-0.82533
-0.826703
-0.82769
-0.828264
-0.828428
-0.828164
-0.827465
-0.826316
-0.824732
-0.82275
-0.820439
-0.817896
-0.815263
-0.812683
-0.810298
-0.808212
-0.806507
-0.805249
-0.80445
-0.804117
-0.804233
-0.804801
-0.805808
-0.807262
-0.809132
-0.811393
-0.81399
-0.816806
-0.819743
-0.822666
-0.825463
-0.828012
-0.830249
-0.832138
-0.833702
-0.835013
-0.836159
-0.837199
-0.838202
-0.839141
-0.839953
-0.840514
-0.84067
-0.840275
-0.839236
-0.837504
-0.835158
-0.832324
-0.829245
-0.826177
-0.823411
-0.82117
-0.819587
-0.818619
-0.818132
-0.817875
-0.817556
-0.816891
-0.815668
-0.813778
-0.811255
-0.808264
-0.805144
-0.802364
-0.800452
-0.799881
-0.800935
-0.803633
-0.807712
-0.812697
-0.818056
-0.823297
-0.828057
-0.832115
-0.83534
-0.837715
-0.839272
-0.840067
-0.840168
-0.839635
-0.83856
-0.837011
-0.835071
-0.832812
-0.830315
-0.827662
-0.824913
-0.82216
-0.819494
-0.816996
-0.814774
-0.812925
-0.811534
-0.810669
-0.810342
-0.810533
-0.811201
-0.812272
-0.81366
-0.81529
-0.817105
-0.81904
-0.82104
-0.823054
-0.82504
-0.826935
-0.828705
-0.830317
-0.831752
-0.833023
-0.834173
-0.835236
-0.836268
-0.837284
-0.838257
-0.839125
-0.839745
-0.839962
-0.839601
-0.838498
-0.836528
-0.83365
-0.829915
-0.825455
-0.820483
-0.815286
-0.810171
-0.805457
-0.801441
-0.798332
-0.796323
-0.795494
-0.795884
-0.797484
-0.800219
-0.803963
-0.808553
-0.813784
-0.81944
-0.825305
-0.831152
-0.836785
-0.842027
-0.846717
-0.850737
-0.854007
-0.856453
-0.858026
-0.858663
-0.858281
-0.856823
-0.854185
-0.85032
-0.845252
-0.839169
-0.832493
-0.825899
-0.820226
-0.816254
-0.814479
-0.814889
-0.817021
-0.82021
-0.823838
-0.827482
-0.830954
-0.834164
-0.837091
-0.839695
-0.841875
-0.843544
-0.844576
-0.844912
-0.844533
-0.843468
-0.841787
-0.839587
-0.836972
-0.834039
-0.830864
-0.827499
-0.823986
-0.820372
-0.816707
-0.813108
-0.809733
-0.806744
-0.804344
-0.802675
-0.80182
-0.801775
-0.802478
-0.803797
-0.80558
-0.80765
-0.809856
-0.81203
-0.814055
-0.815838
-0.817338
-0.818514
-0.819399
-0.820022
-0.820419
-0.820633
-0.820707
-0.820659
-0.820512
-0.820248
-0.819867
-0.819377
-0.818795
-0.81811
-0.817318
-0.816428
-0.815367
-0.814091
-0.812491
-0.810488
-0.807988
-0.804968
-0.801473
-0.797588
-0.793482
-0.789353
-0.785424
-0.781871
-0.778825
-0.77638
-0.774599
-0.773514
-0.77315
-0.773464
-0.774407
-0.77586
-0.77763
-0.779493
-0.781201
-0.782514
-0.783246
-0.783284
-0.782609
-0.781344
-0.779705
-0.777999
-0.776577
-0.775763
-0.775748
-0.776568
-0.77809
-0.780074
-0.782211
-0.784252
-0.785982
-0.787289
-0.788101
-0.78845
-0.788366
-0.787921
-0.787193
-0.786252
-0.785138
-0.783891
-0.782509
-0.780968
-0.779223
-0.777195
-0.774786
-0.771921
-0.768523
-0.764535
-0.759976
-0.75496
-0.749704
-0.744569
-0.740024
-0.736569
-0.734655
-0.734575
-0.736391
-0.739951
-0.74489
-0.750742
-0.756963
-0.763069
-0.768607
-0.773237
-0.776713
-0.778866
-0.779649
-0.779076
-0.777262
-0.774397
-0.770743
-0.766654
-0.762532
-0.75882
-0.755934
-0.754187
-0.753738
-0.754563
-0.756471
-0.759148
-0.762255
-0.765525
-0.768762
-0.771885
-0.774918
-0.777932
-0.78101
-0.784185
-0.787409
-0.79059
-0.793573
-0.796183
-0.798255
-0.799658
-0.800326
-0.800266
-0.799554
-0.798332
-0.796836
-0.795292
-0.79394
-0.793002
-0.792605
-0.792838
-0.793706
-0.79518
-0.797207
-0.79967
-0.80246
-0.805407
-0.808336
-0.811068
-0.813442
-0.815343
-0.816724
-0.817596
-0.818039
-0.818172
-0.818179
-0.818212
-0.818424
-0.818923
-0.819756
-0.820947
-0.822459
-0.824234
-0.826208
-0.8283
-0.830446
-0.832601
-0.834726
-0.836812
-0.838876
-0.840932
-0.843051
-0.845302
-0.847743
-0.850413
-0.853315
-0.856389
-0.859514
-0.862495
-0.865124
-0.867172
-0.868424
-0.868733
-0.867994
-0.86619
-0.863396
-0.859778
-0.855611
-0.8512
-0.846865
-0.842899
-0.839512
-0.83684
-0.834876
-0.833579
-0.832826
-0.832518
-0.832523
-0.832726
-0.833032
-0.833342
-0.833594
-0.833716
-0.833674
-0.833449
-0.833029
-0.832444
-0.83175
-0.831025
-0.830399
-0.830031
-0.830056
-0.830616
-0.831804
-0.833633
-0.83605
-0.838958
-0.842165
-0.84545
-0.848575
-0.851343
-0.853546
-0.855019
-0.855649
-0.855348
-0.85406
-0.851763
-0.84845
-0.844144
-0.838912
-0.832872
-0.826241
-0.819323
-0.812482
-0.806166
-0.800781
-0.796586
-0.793665
-0.79187
-0.790899
-0.790401
-0.790028
-0.789538
-0.788783
-0.787674
-0.786197
-0.784387
-0.782312
-0.780075
-0.77778
-0.775554
-0.7735
-0.771714
-0.770279
-0.769245
-0.768636
-0.768462
-0.768714
-0.769358
-0.770355
-0.771584
-0.772925
-0.774193
-0.775215
-0.775843
-0.776006
-0.775745
-0.775261
-0.774862
-0.774942
-0.775891
-0.777943
-0.781151
-0.785365
-0.79025
-0.795401
-0.800435
-0.805041
-0.809027
-0.812246
-0.814676
-0.816309
-0.817179
-0.817336
-0.816859
-0.815829
-0.814356
-0.812531
-0.81046
-0.808231
-0.805914
-0.803552
-0.801112
-0.798571
-0.795806
-0.792746
-0.789287
-0.785379
-0.781066
-0.776509
-0.772012
-0.768012
-0.765012
-0.763469
-0.763656
-0.765654
-0.769266
-0.774155
-0.779929
-0.786181
-0.792535
-0.798656
-0.804219
-0.808937
-0.812578
-0.814964
-0.816001
-0.815675
-0.814079
-0.811381
-0.80787
-0.803988
-0.800277
-0.797361
-0.795784
-0.795916
-0.797791
-0.801057
-0.805097
-0.809152
-0.812505
-0.814613
-0.815165
-0.814121
-0.811704
-0.808331
-0.804554
-0.800918
-0.797837
-0.795502
-0.793916
-0.792934
-0.792393
-0.792182
-0.792278
-0.792734
-0.793595
-0.794859
-0.796428
-0.798079
-0.799503
-0.80035
-0.800309
-0.799191
-0.796987
-0.793925
-0.790457
-0.787187
-0.784723
-0.783529
-0.783801
-0.785452
-0.788164
-0.791545
-0.795225
-0.798907
-0.802435
-0.805701
-0.808667
-0.811305
-0.813618
-0.815622
-0.817285
-0.818613
-0.819611
-0.820259
-0.82056
-0.820541
-0.820264
-0.81983
-0.819312
-0.818847
-0.818505
-0.818311
-0.818223
-0.818178
-0.818057
-0.817751
-0.817175
-0.816283
-0.815066
-0.813563
-0.811851
-0.810044
-0.808237
-0.806541
-0.805067
-0.80387
-0.802999
-0.802443
-0.802183
-0.80214
-0.802236
-0.802386
-0.802516
-0.802594
-0.802649
-0.802788
-0.803155
-0.803975
-0.805417
-0.807594
-0.810491
-0.81396
-0.817738
-0.821524
-0.825021
-0.827975
-0.830196
-0.831576
-0.832065
-0.831653
-0.830393
-0.828398
-0.825814
-0.822857
-0.819764
-0.816758
-0.814036
-0.811712
-0.809849
-0.808443
-0.80744
-0.806789
-0.806452
-0.806391
-0.806596
-0.807088
-0.807897
-0.809076
-0.810669
-0.81269
-0.81512
-0.817877
-0.820812
-0.823743
-0.826495
-0.828898
-0.830806
-0.832132
-0.832822
-0.832878
-0.832326
-0.831226
-0.829663
-0.827746
-0.825594
-0.823339
-0.821058
-0.818803
-0.816612
-0.814496
-0.812491
-0.810664
-0.809126
-0.808026
-0.807463
-0.807462
-0.807996
-0.808962
-0.810258
-0.811796
-0.813532
-0.815452
-0.817511
-0.819652
-0.821794
-0.823845
-0.825718
-0.827361
-0.828753
-0.829896
-0.830798
-0.831503
-0.831973
-0.832208
-0.832176
-0.831837
-0.831186
-0.830196
-0.828873
-0.827234
-0.825315
-0.823164
-0.820856
-0.81846
-0.816054
-0.813709
-0.811484
-0.809426
-0.807538
-0.805822
-0.804266
-0.802839
-0.801537
-0.800389
-0.799426
-0.798701
-0.79828
-0.798185
-0.798416
-0.79894
-0.799648
-0.800434
-0.801164
-0.801726
-0.802057
-0.802127
-0.801957
-0.801647
-0.801318
-0.801141
-0.801276
-0.801894
-0.803117
-0.805053
-0.807726
-0.811114
-0.815118
-0.819592
-0.824341
-0.829174
-0.833887
-0.83832
-0.842368
-0.845901
-0.848856
-0.851171
-0.852823
-0.85378
-0.854045
-0.85364
-0.852584
-0.850945
-0.848837
-0.846409
-0.84387
-0.841467
-0.839483
-0.838181
-0.83781
-0.838516
-0.840335
-0.843163
-0.846771
-0.850841
-0.855018
-0.858945
-0.862349
-0.865029
-0.866903
-0.867951
-0.86822
-0.867817
-0.866897
-0.865667
-0.864355
-0.863191
-0.862429
-0.862249
-0.862784
-0.864089
-0.866166
-0.868923
-0.872244
-0.875998
-0.880066
-0.884323
-0.888675
-0.893019
-0.897282
-0.901368
-0.905178
-0.908618
-0.911622
-0.914151
-0.916211
-0.917839
-0.91912
-0.920145
-0.921005
-0.921765
-0.922423
-0.922901
-0.923039
-0.922622
-0.921336
-0.918874
-0.914897
-0.90913
-0.901421
-0.891854
-0.880898
-0.869548
-0.859305
-0.851877
-0.848532
-0.84953
-0.854073
-0.860753
-0.868239
-0.875624
-0.8825
-0.888788
-0.894593
-0.900042
-0.905211
-0.910111
-0.914678
-0.918831
-0.922442
-0.92543
-0.927725
-0.929275
-0.930088
-0.930207
-0.929694
-0.928636
-0.927193
-0.92545
-0.923521
-0.921465
-0.919274
-0.916865
-0.914089
-0.910716
-0.906502
-0.901191
-0.894608
-0.886783
-0.878065
-0.869229
-0.861387
-0.855772
-0.853258
-0.854106
-0.857916
-0.863898
-0.871209
-0.879098
-0.886994
-0.894465
-0.901235
-0.907073
-0.91186
-0.915514
-0.918015
-0.919398
-0.919723
-0.919078
-0.917502
-0.915007
-0.911557
-0.907047
-0.901408
-0.894733
-0.887484
-0.880563
-0.875289
-0.872909
-0.874046
-0.878357
-0.884738
-0.891843
-0.898568
-0.904248
-0.908612
-0.911655
-0.913528
-0.914408
-0.914541
-0.914128
-0.913385
-0.912452
-0.911408
-0.91029
-0.909082
-0.907735
-0.906193
-0.904377
-0.902189
-0.899555
-0.896429
-0.892844
-0.888945
-0.884973
-0.881321
-0.878443
-0.876772
-0.876596
-0.877988
-0.880751
-0.884487
-0.888726
-0.892941
-0.896716
-0.899713
-0.901708
-0.902563
-0.90224
-0.900756
-0.898206
-0.89474
-0.890543
-0.885847
-0.880929
-0.87611
-0.871784
-0.86839
-0.866391
-0.866163
-0.86791
-0.871623
-0.876987
-0.883487
-0.890439
-0.89719
-0.903225
-0.908237
-0.91213
-0.914882
-0.916523
-0.917015
-0.916298
-0.914266
-0.910907
-0.906377
-0.901028
-0.895462
-0.890406
-0.886575
-0.88446
-0.884193
-0.885584
-0.888284
-0.891974
-0.896414
-0.9014
-0.906702
-0.912096
-0.917267
-0.921908
-0.925747
-0.928581
-0.930273
-0.930766
-0.930098
-0.928417
-0.926015
-0.923304
-0.920754
-0.918799
-0.917708
-0.917506
-0.918069
-0.919156
-0.920561
-0.922145
-0.923864
-0.925711
-0.927701
-0.92982
-0.931952
-0.933939
-0.935578
-0.936623
-0.936885
-0.936145
-0.934269
-0.931195
-0.926949
-0.921641
-0.915456
-0.908657
-0.901535
-0.894415
-0.887604
-0.8814
-0.876059
-0.871824
-0.868886
-0.867383
-0.867392
-0.86884
-0.871506
-0.875039
-0.879009
-0.882955
-0.886483
-0.889267
-0.891169
-0.892148
-0.892267
-0.891665
-0.890499
-0.888882
-0.886889
-0.88452
-0.881688
-0.87834
-0.874426
-0.869932
-0.864936
-0.85964
-0.854272
-0.849123
-0.844457
-0.84049
-0.837337
-0.835024
-0.833474
-0.832593
-0.832272
-0.832431
-0.83298
-0.833888
-0.835119
-0.836643
-0.838417
-0.840373
-0.842434
-0.844488
-0.84644
-0.848197
-0.849674
-0.850849
-0.85167
-0.852153
-0.852286
-0.85209
-0.851557
-0.850708
-0.849532
-0.848001
-0.846123
-0.84387
-0.841227
-0.838194
-0.834783
-0.831064
-0.82708
-0.822945
-0.818796
-0.814794
-0.811076
-0.807812
-0.80514
-0.803167
-0.801944
-0.801467
-0.801665
-0.802416
-0.803575
-0.804969
-0.806452
-0.807908
-0.809222
-0.810311
-0.811156
-0.811725
-0.812002
-0.812005
-0.811726
-0.811192
-0.810403
-0.809379
-0.808127
-0.806668
-0.80505
-0.803328
-0.801548
-0.799754
-0.797973
-0.796184
-0.79431
-0.792275
-0.790042
-0.787626
-0.785154
-0.782856
-0.781041
-0.780025
-0.780045
-0.781204
-0.783425
-0.786536
-0.790262
-0.794301
-0.798373
-0.802238
-0.805706
-0.808623
-0.810879
-0.812437
-0.813307
-0.813596
-0.81345
-0.813026
-0.812527
-0.812099
-0.811835
-0.811766
-0.811851
-0.812014
-0.812171
-0.81225
-0.81218
-0.81192
-0.811442
-0.810745
-0.809831
-0.808736
-0.807491
-0.806134
-0.804735
-0.803393
-0.8022
-0.801257
-0.800637
-0.8004
-0.800568
-0.801134
-0.802027
-0.803186
-0.804509
-0.805884
-0.807158
-0.808244
-0.809033
-0.809426
-0.8094
-0.808981
-0.80822
-0.807243
-0.806197
-0.80526
-0.8046
-0.804336
-0.804572
-0.805343
-0.806644
-0.808451
-0.810708
-0.813337
-0.816225
-0.819259
-0.822312
-0.8252
-0.827762
-0.829795
-0.831155
-0.831655
-0.831179
-0.829638
-0.826967
-0.823209
-0.818471
-0.812968
-0.807004
-0.800955
-0.795217
-0.790192
-0.786174
-0.783316
-0.781606
-0.780921
-0.781075
-0.781904
-0.783296
-0.785173
-0.787489
-0.790146
-0.793051
-0.796076
-0.79914
-0.802134
-0.804966
-0.807562
-0.809823
-0.811731
-0.813318
-0.814719
-0.816176
-0.817959
-0.820357
-0.823562
-0.827676
-0.832603
-0.838185
-0.844149
-0.850211
-0.856114
-0.861624
-0.866586
-0.870883
-0.874468
-0.877315
-0.87945
-0.880909
-0.881758
-0.882034
-0.88183
-0.881174
-0.880124
-0.878724
-0.876998
-0.874973
-0.872669
-0.870128
-0.867371
-0.864491
-0.861565
-0.858702
-0.856026
-0.853696
-0.851811
-0.850476
-0.849769
-0.849698
-0.85024
-0.851351
-0.852986
-0.855089
-0.857601
-0.860476
-0.863646
-0.867057
-0.870588
-0.874123
-0.877506
-0.88059
-0.883226
-0.885312
-0.886771
-0.887559
-0.887688
-0.887243
-0.88633
-0.885118
-0.88377
-0.882443
-0.881202
-0.880056
-0.878925
-0.87767
-0.876176
-0.874393
-0.872405
-0.870401
-0.868672
-0.86751
-0.867091
-0.867436
-0.868461
-0.870013
-0.872025
-0.874581
-0.877895
-0.882224
-0.887682
-0.89411
-0.901094
-0.908092
-0.914541
-0.92005
-0.924403
-0.927562
-0.929575
-0.930603
-0.930797
-0.930349
-0.929401
-0.928097
-0.926528
-0.924769
-0.922874
-0.920847
-0.918674
-0.916321
-0.913719
-0.9108
-0.907484
-0.903684
-0.899328
-0.894381
-0.888848
-0.882812
-0.876432
-0.869928
-0.863569
-0.857608
-0.85221
-0.847432
-0.843224
-0.839396
-0.835712
-0.831964
-0.828056
-0.824019
-0.820127
-0.8168
-0.81457
-0.813965
-0.815327
-0.818698
-0.823857
-0.830339
-0.837617
-0.845162
-0.852559
-0.859503
-0.865797
-0.871314
-0.875995
-0.879795
-0.882729
-0.884806
-0.886065
-0.886561
-0.886362
-0.885538
-0.884195
-0.88242
-0.880305
-0.87795
-0.875413
-0.872753
-0.870043
-0.867281
-0.864522
-0.861767
-0.85903
-0.856327
-0.853681
-0.851076
-0.848529
-0.846037
-0.843595
-0.841219
-0.838894
-0.836628
-0.834412
-0.832236
-0.830097
-0.827996
-0.825923
-0.823877
-0.82188
-0.819951
-0.818128
-0.816442
-0.814932
-0.813635
-0.812579
-0.81178
-0.811243
-0.810972
-0.810946
-0.811152
-0.811567
-0.812151
-0.812871
-0.813668
-0.814481
-0.815216
-0.81579
-0.816116
-0.816119
-0.815742
-0.814947
-0.813677
-0.811887
-0.809569
-0.806763
-0.803588
-0.8002
-0.796768
-0.793358
-0.790018
-0.786831
-0.784023
-0.781969
-0.781073
-0.781586
-0.783506
-0.786544
-0.79031
-0.794396
-0.798506
-0.802443
-0.806085
-0.809346
-0.812164
-0.814499
-0.816335
-0.817704
-0.818683
-0.81939
-0.819914
-0.820349
-0.820754
-0.821125
-0.82141
-0.821535
-0.821399
-0.82092
-0.820033
-0.818712
-0.816952
-0.814825
-0.812408
-0.809807
-0.807147
-0.804555
-0.802149
-0.800053
-0.798353
-0.797123
-0.796405
-0.796229
-0.796593
-0.797485
-0.798884
-0.800753
-0.803045
-0.805675
-0.808579
-0.811663
-0.814831
-0.817968
-0.820974
-0.823715
-0.826067
-0.827886
-0.829042
-0.829398
-0.828841
-0.827286
-0.824689
-0.821053
-0.816487
-0.811175
-0.805435
-0.799703
-0.794489
-0.790289
-0.78752
-0.786424
-0.786991
-0.789052
-0.792305
-0.796396
-0.800986
-0.805764
-0.810497
-0.815009
-0.819182
-0.822924
-0.826197
-0.828945
-0.831107
-0.832579
-0.833283
-0.833117
-0.83204
-0.829977
-0.826929
-0.822897
-0.817915
-0.812056
-0.805455
-0.798283
-0.790806
-0.783389
-0.776468
-0.770539
-0.766155
-0.763786
-0.763755
-0.766137
-0.770703
-0.776993
-0.784411
-0.792274
-0.799981
-0.807043
-0.813121
-0.818039
-0.821754
-0.824366
-0.826069
-0.827125
-0.827822
-0.828458
-0.829281
-0.830447
-0.83201
-0.833908
-0.836005
-0.838111
-0.840054
-0.841676
-0.842856
-0.843505
-0.843578
-0.843014
-0.8418
-0.839912
-0.837318
-0.834014
-0.830016
-0.825371
-0.820182
-0.814586
-0.80879
-0.803066
-0.797694
-0.792955
-0.789126
-0.786372
-0.784754
-0.784204
-0.784526
-0.785417
-0.786532
-0.787511
-0.788057
-0.787923
-0.787003
-0.785358
-0.78316
-0.7807
-0.778346
-0.77649
-0.775461
-0.77546
-0.776556
-0.778646
-0.781471
-0.784696
-0.787966
-0.790991
-0.793567
-0.795615
-0.797147
-0.798246
-0.799042
-0.799643
-0.80014
-0.800592
-0.801003
-0.801364
-0.801637
-0.801781
-0.801763
-0.801558
-0.801151
-0.800557
-0.799774
-0.798798
-0.797662
-0.796321
-0.794741
-0.792884
-0.79068
-0.788071
-0.785012
-0.781498
-0.777568
-0.77333
-0.768952
-0.764654
-0.760627
-0.757069
-0.754143
-0.75199
-0.750787
-0.750679
-0.751821
-0.754243
-0.757853
-0.762396
-0.7675
-0.772742
-0.777731
-0.782151
-0.785752
-0.788365
-0.789909
-0.790376
-0.789859
-0.78859
-0.786962
-0.78545
-0.784573
-0.784728
-0.78603
-0.788304
-0.791167
-0.794148
-0.796896
-0.799185
-0.801003
-0.802466
-0.803739
-0.805009
-0.806389
-0.807879
-0.809397
-0.81081
-0.811934
-0.812591
-0.812672
-0.812112
-0.810937
-0.80925
-0.807183
-0.804901
-0.80254
-0.800151
-0.797747
-0.795283
-0.792751
-0.790217
-0.787884
-0.786083
-0.785202
-0.785586
-0.787407
-0.790643
-0.795064
-0.800332
-0.806122
-0.812136
-0.818111
-0.82376
-0.82877
-0.832833
-0.83569
-0.837272
-0.837756
-0.837538
-0.837188
-0.837209
-0.837915
-0.839266
-0.840957
-0.842568
-0.843691
-0.84406
-0.843626
-0.842511
-0.840978
-0.839361
-0.83795
-0.836965
-0.836483
-0.836419
-0.836602
-0.836809
-0.836846
-0.836581
-0.835957
-0.83499
-0.833777
-0.832497
-0.831366
-0.83065
-0.830601
-0.831429
-0.833256
-0.836116
-0.839939
-0.844575
-0.849809
-0.855441
-0.861257
-0.867052
-0.87265
-0.877848
-0.882477
-0.886339
-0.889269
-0.891118
-0.89177
-0.891181
-0.889399
-0.886519
-0.882718
-0.878234
-0.873306
-0.868193
-0.863196
-0.858784
-0.855662
-0.854702
-0.856659
-0.861816
-0.869728
-0.879408
-0.889695
-0.899595
-0.908444
-0.915879
-0.921734
-0.925926
-0.928414
-0.929221
-0.928397
-0.926069
-0.922438
-0.917756
-0.912303
-0.906361
-0.900213
-0.894059
-0.888123
-0.882591
-0.877708
-0.873699
-0.870848
-0.86943
-0.869666
-0.871665
-0.875352
-0.880458
-0.886574
-0.893128
-0.899488
-0.905012
-0.909139
-0.911488
-0.912015
-0.911122
-0.909667
-0.908761
-0.909396
-0.912013
-0.916369
-0.921767
-0.927416
-0.932732
-0.937393
-0.941273
-0.94435
-0.946646
-0.948211
-0.949102
-0.949406
-0.949296
-0.94896
-0.948603
-0.948428
-0.94859
-0.949162
-0.950134
-0.951415
-0.952852
-0.954288
-0.955548
-0.956515
-0.957105
-0.957241
-0.956862
-0.955901
-0.954276
-0.951884
-0.948687
-0.944732
-0.940228
-0.935558
-0.931264
-0.927929
-0.92605
-0.925829
-0.927161
-0.929674
-0.93291
-0.93645
-0.939976
-0.943294
-0.946287
-0.948821
-0.950715
-0.951748
-0.951687
-0.950362
-0.947718
-0.943823
-0.938904
-0.933342
-0.927525
-0.921802
-0.916375
-0.91132
-0.906536
-0.901873
-0.897228
-0.892642
-0.888364
-0.884828
-0.882553
-0.88207
-0.883778
-0.887791
-0.893761
-0.900857
-0.908006
-0.914255
-0.919089
-0.922528
-0.92504
-0.927282
-0.929803
-0.932863
-0.936343
-0.93988
-0.943013
-0.945347
-0.946621
-0.94676
-0.945804
-0.943925
-0.941347
-0.938356
-0.935263
-0.93237
-0.929935
-0.928127
-0.927
-0.926476
-0.926394
-0.926537
-0.926679
-0.926646
-0.926325
-0.925657
-0.924677
-0.923446
-0.922077
-0.92072
-0.919539
-0.918669
-0.91818
-0.918023
-0.918056
-0.918054
-0.917831
-0.917298
-0.916516
-0.915699
-0.915155
-0.915194
-0.916049
-0.917768
-0.920243
-0.923209
-0.926322
-0.929196
-0.931487
-0.93294
-0.933364
-0.932665
-0.930841
-0.927977
-0.924246
-0.919872
-0.915169
-0.910492
-0.906203
-0.902648
-0.900109
-0.89876
-0.89869
-0.899865
-0.902186
-0.905497
-0.909603
-0.914273
-0.919291
-0.92444
-0.929543
-0.934462
-0.939085
-0.943346
-0.947196
-0.950592
-0.953491
-0.955866
-0.957672
-0.958911
-0.959597
-0.95979
-0.959628
-0.959294
-0.959034
-0.959138
-0.959821
-0.961219
-0.963319
-0.965965
-0.9689
-0.971815
-0.974431
-0.976549
-0.978061
-0.978945
-0.979281
-0.979201
-0.978902
-0.978621
-0.978581
-0.978992
-0.979965
-0.981565
-0.983745
-0.986358
-0.989175
-0.991964
-0.994433
-0.996309
-0.997357
-0.997354
-0.996141
-0.993655
-0.989912
-0.98501
-0.979221
-0.972886
-0.966446
-0.960395
-0.955183
-0.951261
-0.948995
-0.948725
-0.950668
-0.954954
-0.961501
-0.97004
-0.980058
-0.990871
-1.00174
-1.01194
-1.02084
-1.02797
-1.03299
-1.03579
-1.03636
-1.03492
-1.03178
-1.02745
-1.02245
-1.01729
-1.01223
-1.00732
-1.00241
-0.997256
-0.991864
-0.986567
-0.982119
-0.979494
-0.979506
-0.982453
-0.987966
-0.995171
-1.00304
-1.01062
-1.01727
-1.02262
-1.02653
-1.02902
-1.03023
-1.03044
-1.03
-1.02928
-1.02859
-1.02811
-1.0279
-1.02793
-1.0281
-1.0283
-1.02847
-1.02864
-1.02886
-1.02925
-1.0299
-1.0309
-1.03227
-1.03404
-1.03613
-1.03843
-1.04081
-1.04308
-1.0451
-1.04667
-1.04767
-1.04797
-1.04751
-1.04623
-1.04415
-1.04133
-1.03791
-1.03403
-1.02988
-1.02563
-1.02145
-1.0175
-1.01392
-1.01086
-1.00853
-1.00718
-1.00701
-1.00813
-1.01043
-1.01357
-1.01698
-1.01997
-1.02191
-1.02231
-1.02097
-1.01797
-1.01368
-1.00861
-1.00336
-0.998434
-0.994103
-0.990455
-0.987416
-0.984864
-0.982686
-0.980789
-0.979121
-0.977682
-0.976523
-0.975697
-0.975271
-0.975244
-0.97558
-0.976182
-0.976891
-0.977592
-0.978174
-0.978573
-0.97874
-0.978672
-0.978399
-0.977909
-0.977241
-0.976394
-0.975371
-0.974149
-0.972676
-0.970912
-0.968817
-0.966404
-0.963793
-0.96123
-0.959071
-0.957639
-0.957093
-0.957301
-0.957797
-0.957871
-0.956782
-0.953961
-0.949139
-0.942564
-0.935048
-0.927951
-0.922785
-0.920667
-0.921748
-0.925264
-0.929968
-0.934706
-0.938738
-0.941766
-0.943812
-0.945031
-0.945603
-0.945697
-0.945367
-0.944657
-0.943537
-0.94194
-0.939812
-0.937114
-0.933846
-0.930108
-0.926054
-0.921937
-0.91806
-0.914757
-0.912297
-0.910859
-0.91053
-0.911224
-0.912733
-0.914777
-0.917057
-0.919287
-0.921209
-0.922626
-0.923431
-0.923542
-0.922977
-0.921817
-0.920244
-0.918507
-0.916943
-0.915904
-0.915696
-0.916535
-0.918473
-0.921404
-0.925059
-0.929079
-0.933063
-0.936641
-0.939522
-0.941465
-0.942329
-0.942045
-0.940581
-0.93799
-0.934334
-0.929769
-0.924499
-0.91879
-0.912988
-0.907464
-0.902601
-0.898694
-0.895917
-0.894283
-0.893609
-0.89357
-0.893782
-0.893875
-0.893662
-0.893201
-0.892782
-0.892814
-0.893638
-0.895343
-0.897765
-0.900599
-0.903543
-0.906414
-0.909134
-0.911731
-0.914197
-0.916499
-0.91853
-0.920133
-0.921153
-0.921401
-0.920733
-0.919026
-0.916254
-0.912472
-0.907919
-0.903009
-0.898417
-0.894985
-0.893569
-0.894716
-0.898407
-0.904021
-0.910477
-0.916613
-0.921482
-0.924499
-0.925405
-0.924232
-0.921255
-0.916944
-0.911867
-0.906706
-0.902131
-0.898673
-0.896628
-0.896022
-0.896637
-0.898116
-0.900099
-0.902257
-0.90436
-0.906245
-0.907777
-0.908897
-0.90961
-0.909938
-0.909908
-0.909526
-0.908788
-0.907694
-0.906315
-0.90488
-0.903791
-0.903559
-0.904615
-0.907095
-0.910785
-0.91516
-0.91956
-0.923434
-0.926391
-0.928309
-0.929204
-0.929235
-0.9286
-0.927511
-0.926166
-0.924694
-0.923225
-0.921791
-0.920399
-0.919003
-0.917551
-0.91597
-0.914134
-0.911961
-0.909349
-0.90623
-0.902595
-0.898549
-0.89436
-0.890469
-0.887409
-0.885781
-0.885964
-0.888028
-0.891607
-0.895967
-0.900161
-0.903243
-0.904429
-0.903202
-0.899327
-0.892923
-0.884471
-0.874841
-0.865249
-0.856984
-0.851076
-0.84797
-0.84743
-0.848832
-0.85144
-0.854695
-0.858241
-0.861928
-0.865675
-0.869448
-0.87322
-0.876945
-0.880555
-0.884023
-0.887262
-0.890209
-0.892821
-0.895054
-0.896881
-0.898302
-0.899277
-0.899803
-0.899838
-0.899363
-0.898391
-0.896996
-0.895357
-0.893748
-0.892529
-0.892084
-0.892709
-0.894519
-0.897371
-0.900922
-0.904694
-0.908259
-0.911265
-0.913515
-0.91495
-0.915594
-0.915529
-0.914847
-0.913619
-0.911887
-0.909664
-0.906914
-0.903558
-0.899513
-0.894738
-0.8893
-0.883393
-0.877474
-0.87222
-0.8684
-0.866653
-0.867235
-0.869942
-0.874197
-0.879271
-0.884539
-0.889548
-0.894065
-0.89796
-0.901211
-0.903809
-0.905759
-0.907056
-0.907696
-0.907693
-0.907043
-0.90574
-0.903807
-0.901241
-0.898041
-0.894234
-0.889841
-0.884928
-0.879609
-0.874063
-0.868531
-0.863276
-0.858588
-0.854691
-0.851752
-0.849855
-0.849048
-0.849287
-0.850493
-0.85253
-0.855208
-0.858285
-0.861474
-0.864535
-0.867282
-0.869571
-0.871375
-0.872735
-0.873732
-0.874491
-0.875141
-0.875772
-0.876455
-0.877245
-0.878156
-0.879213
-0.88042
-0.881774
-0.883282
-0.884911
-0.886654
-0.888439
-0.890196
-0.891836
-0.893251
-0.894327
-0.894978
-0.895115
-0.894705
-0.893717
-0.892165
-0.890105
-0.887612
-0.884831
-0.881923
-0.879088
-0.876517
-0.8744
-0.872867
-0.87199
-0.871821
-0.8723
-0.873373
-0.874952
-0.876912
-0.879139
-0.88152
-0.883962
-0.886365
-0.888666
-0.890797
-0.892715
-0.894374
-0.895729
-0.896742
-0.897357
-0.897512
-0.897149
-0.896222
-0.894662
-0.892441
-0.889602
-0.886206
-0.882417
-0.878504
-0.874848
-0.871905
-0.870113
-0.869789
-0.871022
-0.873648
-0.87729
-0.881447
-0.885616
-0.889405
-0.892532
-0.894808
-0.896156
-0.896532
-0.895946
-0.894441
-0.892089
-0.88907
-0.885618
-0.882087
-0.878905
-0.876519
-0.875311
-0.875511
-0.877141
-0.880003
-0.88373
-0.887899
-0.89209
-0.895975
-0.899325
-0.902016
-0.903992
-0.905247
-0.905826
-0.905792
-0.905204
-0.904103
-0.902542
-0.90056
-0.898179
-0.895391
-0.892204
-0.888614
-0.884647
-0.880334
-0.875763
-0.871051
-0.866333
-0.86178
-0.857537
-0.853749
-0.850513
-0.847885
-0.845876
-0.844466
-0.843614
-0.843296
-0.843445
-0.844028
-0.844988
-0.846265
-0.847814
-0.849565
-0.85148
-0.853453
-0.855364
-0.857077
-0.858438
-0.8593
-0.85958
-0.859247
-0.858314
-0.856853
-0.854927
-0.852605
-0.849929
-0.846949
-0.84369
-0.840165
-0.836411
-0.832516
-0.828619
-0.824889
-0.821569
-0.818904
-0.817113
-0.816303
-0.816509
-0.817635
-0.819511
-0.821944
-0.824726
-0.82769
-0.830712
-0.833707
-0.836637
-0.839508
-0.842327
-0.845134
-0.847915
-0.850674
-0.853368
-0.855948
-0.858326
-0.860428
-0.862154
-0.863446
-0.864233
-0.8645
-0.864257
-0.86357
-0.862527
-0.861263
-0.859921
-0.858639
-0.857502
-0.856599
-0.855917
-0.85537
-0.854829
-0.85411
-0.853036
-0.85147
-0.849358
-0.846785
-0.843989
-0.841357
-0.839293
-0.83819
-0.838259
-0.839493
-0.841651
-0.844374
-0.847272
-0.850003
-0.852313
-0.854085
-0.855277
-0.855917
-0.856105
-0.855962
-0.855653
-0.855337
-0.8551
-0.854998
-0.855019
-0.855107
-0.85517
-0.855108
-0.854885
-0.854481
-0.853913
-0.853229
-0.852482
-0.851716
-0.850957
-0.8502
-0.849436
-0.848636
-0.847748
-0.846738
-0.845602
-0.844334
-0.842949
-0.84152
-0.840091
-0.838742
-0.837537
-0.836511
-0.835666
-0.834971
-0.83437
-0.833786
-0.833135
-0.832324
-0.831288
-0.829936
-0.82821
-0.826067
-0.823463
-0.820401
-0.816921
-0.813092
-0.809025
-0.804895
-0.800909
-0.797328
-0.794443
-0.792573
-0.791955
-0.792767
-0.794939
-0.798255
-0.802376
-0.806881
-0.811405
-0.81569
-0.819623
-0.823228
-0.826619
-0.829965
-0.833429
-0.837084
-0.840919
-0.844803
-0.848579
-0.852051
-0.855052
-0.85746
-0.859193
-0.86021
-0.860493
-0.860065
-0.858984
-0.857314
-0.855145
-0.852602
-0.849816
-0.846919
-0.844031
-0.841201
-0.838443
-0.835696
-0.832931
-0.830112
-0.827257
-0.824431
-0.821683
-0.819033
-0.816427
-0.813812
-0.811116
-0.808365
-0.805754
-0.803655
-0.802538
-0.802852
-0.804855
-0.808513
-0.813497
-0.819313
-0.825503
-0.8317
-0.837666
-0.843254
-0.848372
-0.852939
-0.856858
-0.860043
-0.862409
-0.863912
-0.864525
-0.864264
-0.863171
-0.861331
-0.858843
-0.855835
-0.852427
-0.848773
-0.845
-0.84125
-0.837621
-0.834206
-0.831046
-0.828172
-0.825574
-0.823229
-0.82109
-0.819108
-0.817245
-0.815489
-0.813865
-0.812433
-0.811272
-0.810495
-0.810197
-0.810445
-0.811271
-0.812676
-0.814591
-0.816934
-0.819557
-0.822321
-0.8251
-0.827769
-0.83024
-0.832452
-0.83437
-0.835972
-0.837245
-0.838211
-0.838896
-0.839374
-0.839744
-0.840143
-0.840731
-0.841685
-0.843124
-0.845071
-0.847468
-0.850105
-0.852703
-0.854923
-0.856429
-0.85693
-0.856247
-0.854333
-0.851406
-0.847932
-0.844652
-0.842408
-0.841886
-0.843357
-0.84659
-0.850958
-0.855738
-0.860341
-0.864414
-0.867861
-0.870729
-0.873177
-0.87538
-0.877467
-0.879546
-0.881665
-0.883797
-0.885904
-0.887925
-0.889817
-0.89152
-0.89303
-0.894336
-0.895446
-0.896398
-0.897223
-0.898008
-0.89881
-0.899711
-0.900786
-0.902115
-0.903753
-0.905721
-0.908037
-0.910689
-0.913638
-0.91681
-0.920158
-0.923628
-0.927164
-0.930762
-0.934381
-0.937995
-0.941538
-0.944963
-0.948157
-0.951016
-0.953428
-0.95531
-0.956586
-0.957232
-0.957256
-0.956708
-0.955681
-0.954268
-0.952562
-0.950674
-0.948628
-0.946437
-0.944054
-0.941367
-0.938275
-0.934699
-0.930695
-0.926442
-0.922294
-0.918673
-0.916014
-0.914673
-0.914921
-0.916863
-0.92044
-0.925342
-0.931
-0.936748
-0.941941
-0.946206
-0.949489
-0.952087
-0.954557
-0.957503
-0.961367
-0.966277
-0.972031
-0.978226
-0.984413
-0.990194
-0.995307
-0.999578
-1.00289
-1.00518
-1.00642
-1.00658
-1.00571
-1.00382
-1.00107
-0.997591
-0.993641
-0.989479
-0.985441
-0.981775
-0.978723
-0.97639
-0.974801
-0.973865
-0.973445
-0.973364
-0.973474
-0.973605
-0.973638
-0.973467
-0.97293
-0.971891
-0.970206
-0.967757
-0.964495
-0.960469
-0.955869
-0.951028
-0.946383
-0.942436
-0.939655
-0.938344
-0.938572
-0.940135
-0.942686
-0.945821
-0.94916
-0.952434
-0.955487
-0.958246
-0.960647
-0.962635
-0.964101
-0.964914
-0.964906
-0.963924
-0.961848
-0.958651
-0.954451
-0.949545
-0.94439
-0.939548
-0.935575
-0.932848
-0.931445
-0.931198
-0.931779
-0.932847
-0.934138
-0.935521
-0.936973
-0.938486
-0.940069
-0.941709
-0.943352
-0.944937
-0.946379
-0.947625
-0.948624
-0.949334
-0.949752
-0.949877
-0.949728
-0.949319
-0.948685
-0.94786
-0.946864
-0.945715
-0.944426
-0.943009
-0.941497
-0.939938
-0.938416
-0.937047
-0.935978
-0.935377
-0.935359
-0.936036
-0.93745
-0.939618
-0.942441
-0.945791
-0.949441
-0.953126
-0.956546
-0.959396
-0.961416
-0.962435
-0.962347
-0.961136
-0.958859
-0.955637
-0.951614
-0.946971
-0.941894
-0.936629
-0.931475
-0.926804
-0.923049
-0.920655
-0.920032
-0.921415
-0.924833
-0.930079
-0.936734
-0.944256
-0.952089
-0.959719
-0.966766
-0.972933
-0.978027
-0.981951
-0.984646
-0.986073
-0.986231
-0.985124
-0.982776
-0.979218
-0.974526
-0.968807
-0.962228
-0.955013
-0.947433
-0.939798
-0.932454
-0.925754
-0.920049
-0.915709
-0.913082
-0.912478
-0.914046
-0.917656
-0.922886
-0.929053
-0.935397
-0.941277
-0.946282
-0.950259
-0.953277
-0.955546
-0.957287
-0.958722
-0.959972
-0.961103
-0.962127
-0.963031
-0.963793
-0.964403
-0.964803
-0.964927
-0.964682
-0.963968
-0.962717
-0.960895
-0.958523
-0.955699
-0.952612
-0.949496
-0.946635
-0.944333
-0.942881
-0.942568
-0.943671
-0.946334
-0.950605
-0.9563
-0.963067
-0.970378
-0.977697
-0.984498
-0.990388
-0.995091
-0.998468
-1.00047
-1.00117
-1.00069
-0.999219
-0.997039
-0.994497
-0.991992
-0.989897
-0.988529
-0.988036
-0.988374
-0.989257
-0.990258
-0.990907
-0.990752
-0.989461
-0.986846
-0.982858
-0.977608
-0.971309
-0.964293
-0.956951
-0.949755
-0.943204
-0.937757
-0.933814
-0.931609
-0.931231
-0.932591
-0.935427
-0.939334
-0.943853
-0.948539
-0.952999
-0.95701
-0.960449
-0.963353
-0.96592
-0.968531
-0.971632
-0.975609
-0.980626
-0.986487
-0.992763
-0.998891
-1.00438
-1.00887
-1.01216
-1.01419
-1.01489
-1.01421
-1.01213
-1.00861
-1.00369
-0.997567
-0.990596
-0.983352
-0.9765
-0.970735
-0.966572
-0.964219
-0.963578
-0.964272
-0.965782
-0.967565
-0.969162
-0.970217
-0.970495
-0.969886
-0.968356
-0.965997
-0.963019
-0.95979
-0.956748
-0.954373
-0.953077
-0.953065
-0.954267
-0.956351
-0.958868
-0.961426
-0.963741
-0.965719
-0.967388
-0.968864
-0.970242
-0.971595
-0.972927
-0.974182
-0.975274
-0.976049
-0.976378
-0.976108
-0.975158
-0.973458
-0.971036
-0.967999
-0.964556
-0.960977
-0.957581
-0.954662
-0.952428
-0.950957
-0.950228
-0.950117
-0.95046
-0.951101
-0.951907
-0.952771
-0.95361
-0.95437
-0.954975
-0.955367
-0.955485
-0.9553
-0.954822
-0.95416
-0.953494
-0.953052
-0.953023
-0.953519
-0.954509
-0.95585
-0.957303
-0.958639
-0.959651
-0.96019
-0.960182
-0.959628
-0.958567
-0.957062
-0.955207
-0.953081
-0.950769
-0.94834
-0.945848
-0.94332
-0.940792
-0.938299
-0.935875
-0.933611
-0.93161
-0.930006
-0.928948
-0.928586
-0.929017
-0.930297
-0.932402
-0.935244
-0.93869
-0.942563
-0.946671
-0.950834
-0.954865
-0.958597
-0.961862
-0.964519
-0.966459
-0.967574
-0.967793
-0.96706
-0.965382
-0.962785
-0.959407
-0.955455
-0.951236
-0.947132
-0.94358
-0.940992
-0.939645
-0.939711
-0.94118
-0.943858
-0.947469
-0.951671
-0.956077
-0.960326
-0.96408
-0.967049
-0.969038
-0.969954
-0.969864
-0.968982
-0.967621
-0.966155
-0.964921
-0.964142
-0.963886
-0.964047
-0.964399
-0.964611
-0.964247
-0.962868
-0.959985
-0.955256
-0.948634
-0.940592
-0.932299
-0.925435
-0.921557
-0.921288
-0.923952
-0.927963
-0.931667
-0.934014
-0.934762
-0.934323
-0.933527
-0.933374
-0.93469
-0.937956
-0.943157
-0.949858
-0.957428
-0.96522
-0.972718
-0.979604
-0.985724
-0.991008
-0.995428
-0.998967
-1.00159
-1.00328
-1.004
-1.00375
-1.00254
-1.00045
-0.997537
-0.993929
-0.989783
-0.985237
-0.980403
-0.975379
-0.970124
-0.964547
-0.958445
-0.951606
-0.943952
-0.935715
-0.927583
-0.92072
-0.916372
-0.915271
-0.917233
-0.921207
-0.925836
-0.930037
-0.933299
-0.935677
-0.937549
-0.939371
-0.94149
-0.944024
-0.946903
-0.949939
-0.952933
-0.955702
-0.958157
-0.960249
-0.961983
-0.963339
-0.964331
-0.964992
-0.965343
-0.965433
-0.965307
-0.96501
-0.964582
-0.964062
-0.963471
-0.962853
-0.962249
-0.961713
-0.961279
-0.960956
-0.960674
-0.960336
-0.959803
-0.95899
-0.957845
-0.956406
-0.954776
-0.953117
-0.951594
-0.950308
-0.949326
-0.94865
-0.948204
-0.947901
-0.947618
-0.947241
-0.946672
-0.945837
-0.944726
-0.943371
-0.94186
-0.940315
-0.938913
-0.937849
-0.937291
-0.937397
-0.938222
-0.939766
-0.941941
-0.944562
-0.947412
-0.950258
-0.952867
-0.955077
-0.956746
-0.957804
-0.958211
-0.957959
-0.957073
-0.955577
-0.953485
-0.950847
-0.94772
-0.944212
-0.940453
-0.936664
-0.933098
-0.930067
-0.927903
-0.926878
-0.927152
-0.928732
-0.931446
-0.934944
-0.938787
-0.942516
-0.945722
-0.948053
-0.949314
-0.949441
-0.948473
-0.946541
-0.943811
-0.940447
-0.936572
-0.932283
-0.927743
-0.923287
-0.919499
-0.917165
-0.917044
-0.919509
-0.924386
-0.93092
-0.93811
-0.944969
-0.950752
-0.954962
-0.957331
-0.957772
-0.956386
-0.953445
-0.949387
-0.944797
-0.940304
-0.936451
-0.933611
-0.931861
-0.931028
-0.930787
-0.930814
-0.930906
-0.931094
-0.931641
-0.932904
-0.935178
-0.93855
-0.942792
-0.947418
-0.951877
-0.955684
-0.958471
-0.960025
-0.960237
-0.959123
-0.956727
-0.953152
-0.948558
-0.943211
-0.937445
-0.931681
-0.926393
-0.922023
-0.918943
-0.917345
-0.917224
-0.918395
-0.920574
-0.923427
-0.926649
-0.929969
-0.933152
-0.935993
-0.938334
-0.940086
-0.941206
-0.941741
-0.941764
-0.941384
-0.940735
-0.939919
-0.939031
-0.938127
-0.937232
-0.936341
-0.93544
-0.934512
-0.933539
-0.932525
-0.931473
-0.930402
-0.929312
-0.92821
-0.927079
-0.925907
-0.924675
-0.923371
-0.922017
-0.920665
-0.919367
-0.918233
-0.917339
-0.916765
-0.916585
-0.916771
-0.917243
-0.917873
-0.918496
-0.918939
-0.919056
-0.918745
-0.917954
-0.916701
-0.915051
-0.913111
-0.911016
-0.908915
-0.906948
-0.90523
-0.903833
-0.902786
-0.902051
-0.901563
-0.901211
-0.900867
-0.900409
-0.899721
-0.898722
-0.897334
-0.895519
-0.893245
-0.89052
-0.887368
-0.883846
-0.880051
-0.876112
-0.872184
-0.868526
-0.865403
-0.863082
-0.861843
-0.861868
-0.863178
-0.865652
-0.869013
-0.872912
-0.876933
-0.880736
-0.884036
-0.886648
-0.888467
-0.889447
-0.889606
-0.888975
-0.887626
-0.885622
-0.883067
-0.880056
-0.876722
-0.873207
-0.869671
-0.866278
-0.863195
-0.860582
-0.858572
-0.857277
-0.856735
-0.856949
-0.85788
-0.859459
-0.861559
-0.864073
-0.86688
-0.869863
-0.872919
-0.875947
-0.878884
-0.881657
-0.884237
-0.886566
-0.888643
-0.890438
-0.891936
-0.89316
-0.894088
-0.894758
-0.895167
-0.895342
-0.895294
-0.895072
-0.894696
-0.894223
-0.893706
-0.893194
-0.892728
-0.892341
-0.892034
-0.891775
-0.89155
-0.89128
-0.89091
-0.890404
-0.889745
-0.888975
-0.88817
-0.887471
-0.887051
-0.887061
-0.887663
-0.888946
-0.89093
-0.893558
-0.896676
-0.900122
-0.903681
-0.907158
-0.91036
-0.913145
-0.915393
-0.916984
-0.917873
-0.917995
-0.917339
-0.915893
-0.913673
-0.91073
-0.907129
-0.902996
-0.898528
-0.894031
-0.889947
-0.886806
-0.885129
-0.885285
-0.887392
-0.891229
-0.89632
-0.902045
-0.90778
-0.91303
-0.917447
-0.920892
-0.923352
-0.924918
-0.925735
-0.92597
-0.925776
-0.925273
-0.924544
-0.923616
-0.92248
-0.921099
-0.919413
-0.917341
-0.91479
-0.911719
-0.908094
-0.90396
-0.899434
-0.89473
-0.890185
-0.886181
-0.883149
-0.88146
-0.881332
-0.882838
-0.885859
-0.890114
-0.895249
-0.900854
-0.906544
-0.911972
-0.916871
-0.92104
-0.924353
-0.926745
-0.9282
-0.928715
-0.928333
-0.927102
-0.925117
-0.922498
-0.919386
-0.915966
-0.912436
-0.909029
-0.905972
-0.90345
-0.901595
-0.900447
-0.899967
-0.900047
-0.900525
-0.901227
-0.902016
-0.902733
-0.903283
-0.903577
-0.903593
-0.903296
-0.902683
-0.901756
-0.900527
-0.898975
-0.897109
-0.894923
-0.892387
-0.889476
-0.886143
-0.882343
-0.878036
-0.873155
-0.867671
-0.861571
-0.854938
-0.847969
-0.841031
-0.834644
-0.829395
-0.825834
-0.824339
-0.824995
-0.827604
-0.83174
-0.836919
-0.842628
-0.848461
-0.854076
-0.859259
-0.863855
-0.867825
-0.871178
-0.87397
-0.876257
-0.878159
-0.879745
-0.8811
-0.882273
-0.883336
-0.884316
-0.88526
-0.886181
-0.887102
-0.888038
-0.888999
-0.889976
-0.890982
-0.892017
-0.893085
-0.894184
-0.895329
-0.896527
-0.897772
-0.899081
-0.900454
-0.901888
-0.903337
-0.904803
-0.906227
-0.90758
-0.908811
-0.909885
-0.910778
-0.911456
-0.9119
-0.912122
-0.912119
-0.911923
-0.911587
-0.911116
-0.910562
-0.909917
-0.909178
-0.908335
-0.907356
-0.906186
-0.904842
-0.903298
-0.901587
-0.899783
-0.897957
-0.896258
-0.894806
-0.893772
-0.893294
-0.893534
-0.894627
-0.896683
-0.899764
-0.90376
-0.908439
-0.913448
-0.918422
-0.923074
-0.927307
-0.931207
-0.934971
-0.938871
-0.943113
-0.947825
-0.95299
-0.958479
-0.964066
-0.969476
-0.974442
-0.978762
-0.982286
-0.98495
-0.98676
-0.987772
-0.988082
-0.987767
-0.986871
-0.985436
-0.983433
-0.980853
-0.977732
-0.974106
-0.970123
-0.965961
-0.961887
-0.958171
-0.955067
-0.952796
-0.951494
-0.951236
-0.951998
-0.953717
-0.956242
-0.959363
-0.962857
-0.966484
-0.970013
-0.973226
-0.975942
-0.978011
-0.979318
-0.979801
-0.979427
-0.978184
-0.976111
-0.973253
-0.969681
-0.965536
-0.961009
-0.956369
-0.952001
-0.948325
-0.945731
-0.944508
-0.944757
-0.94637
-0.949069
-0.952493
-0.956293
-0.960164
-0.963901
-0.967362
-0.970472
-0.973171
-0.975409
-0.977099
-0.978165
-0.978483
-0.977954
-0.976457
-0.973914
-0.970321
-0.965734
-0.960379
-0.954666
-0.949188
-0.944686
-0.941918
-0.941383
-0.943072
-0.946488
-0.950792
-0.955094
-0.958694
-0.961146
-0.962281
-0.96213
-0.96084
-0.958622
-0.955762
-0.952554
-0.949294
-0.946278
-0.943717
-0.941734
-0.940334
-0.939409
-0.938817
-0.9384
-0.938066
-0.937835
-0.937818
-0.938195
-0.939176
-0.940909
-0.943447
-0.946749
-0.950667
-0.954957
-0.959384
-0.963674
-0.967594
-0.971013
-0.973864
-0.976137
-0.977919
-0.979255
-0.980219
-0.980809
-0.981034
-0.980896
-0.980405
-0.979597
-0.978537
-0.977299
-0.975997
-0.974728
-0.973566
-0.972612
-0.97193
-0.971571
-0.971544
-0.971831
-0.972361
-0.973018
-0.973631
-0.974033
-0.974048
-0.973538
-0.972479
-0.970968
-0.969292
-0.967878
-0.967239
-0.967851
-0.969979
-0.973591
-0.978401
-0.983924
-0.989599
-0.994969
-0.999681
-1.00353
-1.00644
-1.0084
-1.00946
-1.00973
-1.00937
-1.00854
-1.00744
-1.00626
-1.0052
-1.00441
-1.00395
-1.00384
-1.004
-1.00429
-1.00458
-1.00471
-1.00462
-1.00421
-1.00348
-1.00246
-1.00118
-0.999711
-0.998105
-0.996435
-0.994795
-0.993334
-0.992263
-0.991802
-0.992049
-0.99287
-0.993911
-0.994626
-0.994516
-0.993261
-0.990873
-0.9877
-0.984414
-0.98181
-0.980605
-0.981232
-0.983721
-0.987741
-0.992778
-0.998286
-1.00383
-1.00908
-1.01383
-1.01794
-1.02131
-1.02389
-1.02567
-1.02668
-1.02698
-1.02661
-1.02559
-1.02392
-1.02154
-1.0184
-1.01456
-1.01015
-1.00538
-1.00051
-0.99583
-0.99157
-0.987918
-0.985003
-0.982854
-0.981471
-0.980788
-0.980697
-0.981031
-0.981602
-0.982225
-0.982768
-0.983158
-0.983406
-0.983552
-0.983705
-0.98392
-0.984253
-0.984747
-0.985423
-0.986342
-0.987536
-0.989022
-0.990804
-0.992884
-0.995202
-0.997709
-1.00033
-1.00298
-1.0056
-1.00811
-1.01045
-1.01257
-1.01441
-1.01594
-1.01713
-1.01799
-1.01848
-1.01863
-1.01844
-1.01794
-1.01718
-1.01619
-1.01501
-1.01367
-1.0122
-1.0106
-1.00889
-1.00706
-1.0051
-1.00301
-1.00082
-0.998574
-0.996339
-0.994249
-0.992479
-0.991222
-0.990696
-0.99112
-0.992642
-0.99534
-0.999191
-1.00403
-1.00963
-1.01565
-1.02174
-1.02757
-1.03284
-1.03733
-1.04088
-1.04341
-1.04484
-1.04516
-1.04439
-1.04253
-1.03962
-1.03568
-1.03075
-1.02487
-1.0181
-1.01059
-1.00264
-0.994857
-0.988088
-0.983471
-0.982128
-0.984798
-0.991566
-1.00169
-1.01384
-1.02659
-1.03873
-1.04953
-1.05862
-1.06595
-1.07163
-1.07581
-1.07865
-1.08027
-1.08079
-1.0803
-1.0789
-1.0767
-1.07384
-1.07056
-1.06709
-1.06374
-1.06081
-1.05856
-1.05715
-1.05663
-1.0569
-1.05779
-1.05907
-1.06051
-1.06193
-1.06322
-1.06435
-1.0653
-1.06608
-1.06671
-1.06716
-1.0674
-1.06739
-1.06707
-1.06641
-1.0654
-1.0641
-1.06257
-1.06096
-1.0594
-1.05798
-1.05676
-1.05568
-1.05465
-1.05353
-1.05233
-1.05119
-1.05047
-1.05059
-1.05197
-1.05478
-1.05887
-1.06383
-1.06911
-1.07416
-1.07852
-1.08183
-1.08384
-1.08431
-1.08302
-1.07978
-1.07444
-1.06691
-1.05728
-1.04578
-1.03293
-1.01954
-1.00651
-0.994771
-0.985003
-0.977521
-0.972268
-0.968932
-0.967128
-0.966379
-0.966146
-0.965849
-0.96503
-0.963551
-0.961753
-0.960401
-0.960434
-0.962605
-0.967257
-0.974179
-0.982722
-0.992027
-1.00127
-1.00983
-1.01725
-1.02332
-1.02801
-1.03136
-1.03353
-1.03471
-1.03504
-1.0347
-1.03373
-1.03219
-1.03003
-1.02724
-1.02375
-1.01956
-1.01466
-1.0091
-1.00294
-0.996207
-0.988852
-0.980767
-0.971796
-0.961913
-0.951413
-0.941084
-0.932155
-0.925955
-0.923393
-0.924552
-0.928827
-0.935266
-0.942913
-0.95104
-0.959071
-0.96661
-0.973333
-0.979045
-0.983635
-0.987174
-0.989837
-0.99186
-0.99349
-0.994901
-0.996136
-0.997151
-0.997812
-0.997989
-0.997572
-0.996479
-0.99474
-0.992419
-0.989664
-0.986679
-0.983744
-0.981132
-0.979093
-0.977787
-0.977236
-0.977295
-0.977728
-0.978239
-0.978596
-0.978642
-0.978301
-0.977643
-0.976736
-0.975683
-0.97453
-0.973248
-0.97176
-0.969997
-0.968012
-0.966101
-0.964852
-0.964978
-0.967016
-0.970992
-0.976428
-0.982446
-0.988171
-0.99296
-0.996451
-0.998548
-0.999319
-0.998926
-0.997618
-0.995634
-0.993312
-0.990948
-0.988811
-0.987108
-0.985972
-0.9854
-0.985278
-0.985482
-0.985841
-0.986249
-0.9867
-0.987288
-0.988176
-0.989532
-0.991482
-0.994011
-0.997013
-1.00026
-1.0035
-1.0065
-1.00906
-1.01106
-1.01245
-1.01326
-1.01351
-1.01331
-1.01278
-1.01207
-1.01134
-1.01079
-1.01056
-1.01076
-1.01144
-1.01258
-1.01408
-1.01579
-1.01751
-1.01907
-1.02026
-1.02095
-1.02102
-1.0204
-1.01906
-1.017
-1.0143
-1.01108
-1.00752
-1.00388
-1.00043
-0.997503
-0.995354
-0.994159
-0.993986
-0.994741
-0.996204
-0.998042
-0.999903
-1.00141
-1.00221
-1.00207
-1.00085
-0.998639
-0.995724
-0.992574
-0.98975
-0.987776
-0.986961
-0.987344
-0.988655
-0.990459
-0.992254
-0.993615
-0.994257
-0.994057
-0.993001
-0.991134
-0.988494
-0.985098
-0.980909
-0.975893
-0.970121
-0.963789
-0.957301
-0.951206
-0.946062
-0.942305
-0.940065
-0.939224
-0.939518
-0.940734
-0.94283
-0.945869
-0.949941
-0.955067
-0.961081
-0.967704
-0.974612
-0.981465
-0.987914
-0.993656
-0.998361
-1.00179
-1.00379
-1.00429
-1.00337
-1.00117
-0.997944
-0.994003
-0.989694
-0.985398
-0.981473
-0.978296
-0.976143
-0.975195
-0.975507
-0.97695
-0.979267
-0.982072
-0.984929
-0.987411
-0.98918
-0.989994
-0.989728
-0.988386
-0.986105
-0.983148
-0.979824
-0.976469
-0.973368
-0.970743
-0.968786
-0.96765
-0.967411
-0.967975
-0.969089
-0.970343
-0.971369
-0.971904
-0.971882
-0.971386
-0.970625
-0.96985
-0.969318
-0.969223
-0.969695
-0.970781
-0.972434
-0.974548
-0.976964
-0.979512
-0.982
-0.984295
-0.986292
-0.987921
-0.989173
-0.990064
-0.990634
-0.99094
-0.99103
-0.990926
-0.990643
-0.990157
-0.989456
-0.988512
-0.987307
-0.985848
-0.984185
-0.982385
-0.980511
-0.978636
-0.976819
-0.975099
-0.973474
-0.971947
-0.970493
-0.969078
-0.967672
-0.966266
-0.964844
-0.963406
-0.96198
-0.960601
-0.959335
-0.958282
-0.957536
-0.95717
-0.957207
-0.957577
-0.95816
-0.958797
-0.959362
-0.959802
-0.960154
-0.960579
-0.961228
-0.962193
-0.963476
-0.964966
-0.96642
-0.967598
-0.96829
-0.968376
-0.967827
-0.966727
-0.965209
-0.963482
-0.9618
-0.960374
-0.959371
-0.95885
-0.958747
-0.958886
-0.959028
-0.958853
-0.958116
-0.956592
-0.954196
-0.950939
-0.946965
-0.942523
-0.937959
-0.933649
-0.930005
-0.927348
-0.925897
-0.925669
-0.92658
-0.928439
-0.931056
-0.934251
-0.937865
-0.941741
-0.94567
-0.949382
-0.952597
-0.955039
-0.956517
-0.956882
-0.956149
-0.954377
-0.951695
-0.948258
-0.944253
-0.939897
-0.935437
-0.931162
-0.927462
-0.924744
-0.923394
-0.923659
-0.925499
-0.928581
-0.932306
-0.936006
-0.939143
-0.941437
-0.942956
-0.943985
-0.944898
-0.945994
-0.947386
-0.948974
-0.950515
-0.951693
-0.952212
-0.951846
-0.950468
-0.948068
-0.944783
-0.940817
-0.936427
-0.931945
-0.927689
-0.923951
-0.920975
-0.918912
-0.917831
-0.917699
-0.918364
-0.919626
-0.921276
-0.923116
-0.925
-0.926854
-0.928631
-0.93031
-0.931835
-0.933133
-0.934105
-0.934669
-0.934797
-0.934522
-0.933986
-0.933329
-0.932675
-0.932063
-0.931474
-0.930804
-0.929934
-0.928752
-0.927198
-0.925265
-0.922992
-0.920435
-0.917679
-0.914797
-0.911898
-0.909107
-0.906614
-0.904629
-0.903388
-0.903105
-0.903871
-0.905654
-0.908292
-0.911505
-0.914966
-0.918348
-0.921378
-0.923867
-0.925684
-0.926774
-0.927173
-0.926988
-0.926386
-0.925558
-0.924759
-0.924203
-0.924053
-0.924382
-0.925179
-0.926295
-0.927548
-0.92873
-0.929628
-0.930057
-0.929895
-0.929086
-0.927602
-0.925485
-0.922787
-0.91959
-0.916019
-0.912176
-0.90824
-0.904411
-0.900944
-0.898063
-0.895974
-0.894742
-0.894363
-0.894747
-0.89575
-0.897243
-0.899094
-0.901212
-0.903486
-0.905817
-0.908092
-0.910202
-0.912031
-0.913519
-0.914645
-0.915407
-0.91581
-0.915905
-0.915694
-0.915215
-0.914443
-0.913369
-0.911962
-0.910195
-0.908062
-0.90561
-0.902913
-0.900144
-0.897481
-0.895116
-0.893222
-0.891914
-0.891222
-0.891084
-0.891356
-0.891826
-0.892267
-0.892443
-0.892257
-0.891722
-0.891065
-0.890689
-0.891081
-0.89266
-0.895631
-0.899898
-0.905086
-0.910684
-0.916215
-0.921282
-0.925648
-0.929175
-0.931819
-0.933564
-0.934425
-0.934404
-0.933508
-0.931745
-0.929154
-0.925792
-0.921742
-0.917144
-0.912183
-0.907086
-0.902161
-0.897687
-0.893919
-0.891022
-0.888997
-0.887717
-0.886982
-0.886636
-0.886677
-0.887251
-0.888593
-0.890936
-0.89434
-0.898704
-0.903769
-0.909203
-0.914668
-0.919867
-0.924586
-0.928668
-0.93205
-0.934745
-0.936826
-0.938412
-0.939626
-0.940626
-0.941536
-0.942444
-0.94341
-0.944461
-0.945578
-0.946748
-0.947942
-0.949162
-0.95039
-0.95165
-0.952966
-0.954366
-0.95589
-0.957555
-0.959357
-0.961252
-0.963186
-0.965059
-0.966729
-0.968042
-0.968846
-0.968939
-0.968171
-0.966415
-0.963613
-0.959812
-0.955215
-0.950262
-0.945624
-0.942109
-0.940509
-0.941297
-0.944448
-0.94947
-0.955557
-0.961865
-0.9677
-0.972503
-0.975945
-0.977774
-0.977885
-0.97632
-0.973301
-0.969265
-0.964854
-0.960749
-0.95755
-0.955612
-0.954974
-0.955479
-0.956871
-0.958886
-0.961323
-0.964018
-0.966853
-0.969698
-0.972407
-0.97486
-0.976948
-0.978585
-0.979722
-0.980339
-0.980444
-0.98006
-0.979231
-0.978045
-0.976643
-0.97519
-0.973955
-0.973221
-0.973306
-0.974446
-0.976765
-0.980196
-0.984518
-0.989354
-0.994296
-0.998939
-1.00293
-1.00599
-1.00795
-1.00866
-1.00809
-1.00626
-1.00331
-0.999473
-0.995096
-0.990599
-0.986446
-0.983002
-0.980536
-0.979087
-0.978528
-0.978575
-0.978893
-0.979162
-0.979142
-0.978674
-0.977693
-0.976222
-0.974295
-0.97197
-0.969302
-0.966306
-0.962988
-0.959325
-0.955333
-0.951091
-0.946766
-0.942661
-0.939183
-0.936822
-0.936042
-0.937181
-0.940305
-0.945157
-0.951225
-0.957851
-0.964322
-0.97008
-0.974747
-0.978165
-0.980413
-0.981702
-0.982372
-0.98279
-0.983321
-0.984244
-0.985737
-0.987875
-0.990557
-0.993555
-0.996514
-0.998984
-1.00053
-1.0008
-0.999633
-0.997155
-0.993806
-0.990246
-0.9872
-0.9852
-0.984389
-0.984507
-0.985026
-0.985371
-0.985078
-0.983898
-0.981802
-0.978997
-0.975894
-0.973096
-0.971293
-0.971115
-0.972992
-0.977091
-0.983275
-0.991174
-1.0003
-1.01014
-1.02021
-1.0301
-1.03951
-1.04821
-1.05607
-1.06303
-1.0691
-1.07435
-1.07884
-1.08266
-1.08585
-1.08842
-1.09037
-1.09169
-1.09238
-1.09245
-1.09195
-1.09092
-1.08942
-1.08749
-1.08517
-1.08249
-1.07947
-1.07615
-1.0726
-1.06895
-1.06547
-1.06252
-1.06059
-1.06021
-1.0618
-1.06558
-1.0714
-1.07874
-1.0869
-1.09507
-1.10248
-1.10856
-1.11289
-1.11532
-1.11584
-1.11476
-1.1126
-1.11027
-1.10896
-1.1098
-1.1134
-1.1195
-1.12702
-1.13454
-1.1409
-1.14549
-1.1483
-1.14976
-1.1505
-1.15117
-1.15229
-1.15419
-1.157
-1.16062
-1.16481
-1.16917
-1.17322
-1.17642
-1.17828
-1.17845
-1.17684
-1.17381
-1.17024
-1.1674
-1.16667
-1.16901
-1.17456
-1.18263
-1.19196
-1.20132
-1.20982
-1.21709
-1.22314
-1.22824
-1.2327
-1.23675
-1.24048
-1.24385
-1.24672
-1.24889
-1.2502
-1.25046
-1.24963
-1.2478
-1.2451
-1.24184
-1.23833
-1.23491
-1.23187
-1.22942
-1.22768
-1.22678
-1.2268
-1.22788
-1.23009
-1.23341
-1.23747
-1.24158
-1.2448
-1.24622
-1.2453
-1.24215
-1.23765
-1.23321
-1.23027
-1.22963
-1.23109
-1.23363
-1.23586
-1.23651
-1.23463
-1.22971
-1.22169
-1.21111
-1.19932
-1.18843
-1.18097
-1.17901
-1.18324
-1.19269
-1.20515
-1.21816
-1.22971
-1.23853
-1.24401
-1.24607
-1.2449
-1.24085
-1.23427
-1.22557
-1.2151
-1.20328
-1.19058
-1.17769
-1.16551
-1.15507
-1.14734
-1.14286
-1.14151
-1.14251
-1.1448
-1.14743
-1.1499
-1.15228
-1.15506
-1.15879
-1.16383
-1.17019
-1.17754
-1.18532
-1.19297
-1.20001
-1.2061
-1.21105
-1.21477
-1.21725
-1.21852
-1.21865
-1.21771
-1.21571
-1.21262
-1.20838
-1.20277
-1.19555
-1.18643
-1.17516
-1.16168
-1.14626
-1.12966
-1.11318
-1.0984
-1.0867
-1.07885
-1.07478
-1.07385
-1.07512
-1.07766
-1.08056
-1.08296
-1.08418
-1.08393
-1.08247
-1.08078
-1.08028
-1.08232
-1.0874
-1.09502
-1.10396
-1.11285
-1.12065
-1.12668
-1.13064
-1.13238
-1.13183
-1.12896
-1.12378
-1.11639
-1.10715
-1.09672
-1.08614
-1.07667
-1.06944
-1.06509
-1.06367
-1.06475
-1.06774
-1.07209
-1.07737
-1.08326
-1.0894
-1.09545
-1.10101
-1.10576
-1.10945
-1.11194
-1.11319
-1.11329
-1.11241
-1.11074
-1.1085
-1.10587
-1.10302
-1.10005
-1.09706
-1.09415
-1.09146
-1.08918
-1.08753
-1.08669
-1.08679
-1.08785
-1.08976
-1.09231
-1.09524
-1.09831
-1.10132
-1.10415
-1.10671
-1.10902
-1.11113
-1.11309
-1.11496
-1.11682
-1.11866
-1.1205
-1.12228
-1.12396
-1.1254
-1.12654
-1.12724
-1.12743
-1.12704
-1.12606
-1.1245
-1.12244
-1.12001
-1.11736
-1.11471
-1.11223
-1.11008
-1.10831
-1.10693
-1.10589
-1.10503
-1.1042
-1.10329
-1.10219
-1.10091
-1.09949
-1.09808
-1.09686
-1.09606
-1.09587
-1.09648
-1.09797
-1.10037
-1.10357
-1.10737
-1.11149
-1.11561
-1.11944
-1.12269
-1.12517
-1.12676
-1.12745
-1.12729
-1.12642
-1.12498
-1.12312
-1.12102
-1.11885
-1.11679
-1.11502
-1.11367
-1.11276
-1.11214
-1.1115
-1.1105
-1.10892
-1.10678
-1.1044
-1.10226
-1.10081
-1.10025
-1.10054
-1.10151
-1.10291
-1.10448
-1.10595
-1.10719
-1.10821
-1.10915
-1.11027
-1.11175
-1.11369
-1.11606
-1.11873
-1.12153
-1.12426
-1.1268
-1.12906
-1.13099
-1.13254
-1.13364
-1.13423
-1.13424
-1.13364
-1.13251
-1.13098
-1.12933
-1.12789
-1.12706
-1.12719
-1.12856
-1.13127
-1.13521
-1.14009
-1.14549
-1.1509
-1.15581
-1.15982
-1.16259
-1.16393
-1.16375
-1.16206
-1.15897
-1.15464
-1.14927
-1.14319
-1.13679
-1.13059
-1.12519
-1.1212
-1.1191
-1.11903
-1.12078
-1.12381
-1.12747
-1.13114
-1.13433
-1.13674
-1.13819
-1.13867
-1.13823
-1.13711
-1.13566
-1.13427
-1.13322
-1.13259
-1.13229
-1.13209
-1.13176
-1.13123
-1.13061
-1.13022
-1.13043
-1.13163
-1.13406
-1.13773
-1.14246
-1.14783
-1.15332
-1.15837
-1.1625
-1.16535
-1.16675
-1.16667
-1.16521
-1.16257
-1.15899
-1.15475
-1.15014
-1.14542
-1.14081
-1.13651
-1.13267
-1.12942
-1.12686
-1.12509
-1.12415
-1.12402
-1.12453
-1.12547
-1.12648
-1.12724
-1.12748
-1.127
-1.12578
-1.12386
-1.12133
-1.11838
-1.11515
-1.11176
-1.10829
-1.1048
-1.10133
-1.09794
-1.0947
-1.09173
-1.0892
-1.08724
-1.08595
-1.08541
-1.08562
-1.08647
-1.08782
-1.0895
-1.0913
-1.09304
-1.09459
-1.09593
-1.09709
-1.09817
-1.09929
-1.10051
-1.10183
-1.10318
-1.10445
-1.10548
-1.10615
-1.10639
-1.10619
-1.1056
-1.10475
-1.10378
-1.10286
-1.10213
-1.10171
-1.1017
-1.10208
-1.10283
-1.10383
-1.10493
-1.10599
-1.1068
-1.10718
-1.10699
-1.10613
-1.10455
-1.10231
-1.09956
-1.09652
-1.09343
-1.09046
-1.08773
-1.08517
-1.08273
-1.08027
-1.07784
-1.07553
-1.07359
-1.07227
-1.07169
-1.07188
-1.07265
-1.07385
-1.07537
-1.07724
-1.07968
-1.08292
-1.0872
-1.09261
-1.09905
-1.10621
-1.11366
-1.12093
-1.12758
-1.13332
-1.13796
-1.14147
-1.14393
-1.14547
-1.14624
-1.14638
-1.14604
-1.14534
-1.14442
-1.14348
-1.14269
-1.14217
-1.14195
-1.14197
-1.14209
-1.14213
-1.14196
-1.14153
-1.14088
-1.14018
-1.13963
-1.13943
-1.1397
-1.14038
-1.14131
-1.1422
-1.14274
-1.14269
-1.14184
-1.14007
-1.13735
-1.13369
-1.12919
-1.12406
-1.11871
-1.11372
-1.10985
-1.10786
-1.10827
-1.11123
-1.11643
-1.1232
-1.13073
-1.13821
-1.14497
-1.15053
-1.15458
-1.15699
-1.15779
-1.15716
-1.1554
-1.15287
-1.15
-1.14725
-1.14505
-1.14381
-1.14388
-1.14548
-1.14868
-1.15333
-1.15907
-1.16545
-1.17195
-1.17812
-1.18355
-1.18799
-1.19131
-1.19348
-1.19455
-1.19463
-1.19386
-1.19244
-1.1906
-1.18856
-1.18656
-1.18479
-1.18343
-1.18255
-1.18216
-1.18217
-1.18247
-1.18291
-1.18333
-1.18362
-1.18373
-1.18367
-1.1835
-1.18326
-1.18304
-1.18288
-1.18282
-1.18287
-1.18298
-1.18311
-1.18315
-1.18305
-1.18275
-1.18224
-1.18158
-1.18087
-1.18026
-1.1799
-1.17991
-1.18031
-1.18096
-1.18161
-1.18198
-1.18171
-1.18055
-1.17838
-1.17525
-1.17136
-1.16704
-1.16262
-1.15839
-1.15448
-1.15101
-1.14804
-1.14565
-1.14395
-1.14309
-1.14317
-1.14426
-1.14637
-1.14937
-1.15307
-1.15714
-1.16119
-1.16486
-1.16778
-1.16979
-1.17091
-1.17135
-1.17145
-1.17163
-1.17221
-1.1734
-1.17518
-1.17739
-1.17975
-1.18199
-1.18388
-1.18524
-1.18599
-1.18606
-1.18543
-1.18405
-1.18195
-1.17916
-1.17586
-1.17226
-1.16867
-1.16544
-1.1629
-1.16132
-1.16086
-1.16152
-1.16315
-1.16551
-1.16822
-1.17092
-1.17322
-1.17484
-1.17569
-1.17588
-1.17575
-1.17574
-1.17631
-1.17775
-1.1801
-1.18321
-1.18669
-1.19015
-1.19316
-1.19539
-1.19666
-1.1969
-1.19613
-1.19452
-1.19219
-1.18927
-1.18591
-1.18219
-1.1782
-1.17415
-1.17034
-1.16721
-1.16525
-1.16482
-1.166
-1.16847
-1.17163
-1.17479
-1.17736
-1.17895
-1.17954
-1.1793
-1.17862
-1.17798
-1.17778
-1.17836
-1.17985
-1.18218
-1.18513
-1.18834
-1.19144
-1.19404
-1.1958
-1.1965
-1.196
-1.19433
-1.1916
-1.18802
-1.18384
-1.17928
-1.17456
-1.16988
-1.16545
-1.1615
-1.15835
-1.15631
-1.15566
-1.15649
-1.15859
-1.16147
-1.16448
-1.16716
-1.16954
-1.17236
-1.17679
-1.18374
-1.19325
-1.20439
-1.21579
-1.22628
-1.23517
-1.24233
-1.24796
-1.25236
-1.25585
-1.25862
-1.26078
-1.26235
-1.26327
-1.26348
-1.26294
-1.26167
-1.25972
-1.25721
-1.25429
-1.25113
-1.24796
-1.24498
-1.24245
-1.24057
-1.23954
-1.23944
-1.24025
-1.24186
-1.24405
-1.24659
-1.24921
-1.25175
-1.25408
-1.25616
-1.25802
-1.25973
-1.26134
-1.26289
-1.26441
-1.2659
-1.26731
-1.26864
-1.26987
-1.27095
-1.27185
-1.27249
-1.27273
-1.2724
-1.2714
-1.26976
-1.26769
-1.26565
-1.26428
-1.2641
-1.26538
-1.26801
-1.2716
-1.27561
-1.27953
-1.28288
-1.28525
-1.2863
-1.28572
-1.28329
-1.27883
-1.27233
-1.26388
-1.25381
-1.24277
-1.23174
-1.22191
-1.21447
-1.21021
-1.20926
-1.21107
-1.2146
-1.21879
-1.22276
-1.22598
-1.22827
-1.22968
-1.2304
-1.23072
-1.23098
-1.23151
-1.23261
-1.23446
-1.23713
-1.24051
-1.24437
-1.24841
-1.25234
-1.25584
-1.25872
-1.26083
-1.26209
-1.26252
-1.2622
-1.26125
-1.25984
-1.25812
-1.25623
-1.25431
-1.25246
-1.25074
-1.24912
-1.24756
-1.24594
-1.24414
-1.2421
-1.23982
-1.23744
-1.23523
-1.2335
-1.23261
-1.23282
-1.23416
-1.23637
-1.23898
-1.24145
-1.24329
-1.2443
-1.24455
-1.24437
-1.2442
-1.24453
-1.24566
-1.24769
-1.25052
-1.25392
-1.25761
-1.26128
-1.26472
-1.26776
-1.27028
-1.27218
-1.27338
-1.27375
-1.27319
-1.27161
-1.269
-1.26538
-1.26091
-1.25578
-1.25025
-1.24463
-1.23921
-1.23419
-1.22972
-1.22581
-1.22242
-1.21943
-1.21677
-1.21437
-1.2122
-1.21015
-1.20808
-1.20573
-1.2028
-1.19911
-1.19463
-1.18962
-1.18452
-1.17968
-1.17529
-1.17142
-1.16821
-1.16615
-1.16605
-1.16863
-1.17405
-1.1818
-1.19075
-1.19973
-1.20779
-1.21437
-1.21932
-1.22271
-1.22476
-1.22575
-1.22592
-1.2255
-1.2247
-1.22365
-1.22247
-1.2212
-1.21987
-1.21851
-1.21711
-1.21565
-1.21414
-1.21251
-1.21071
-1.20865
-1.20619
-1.20319
-1.19951
-1.19502
-1.18961
-1.1833
-1.17613
-1.16837
-1.16047
-1.15308
-1.14695
-1.14275
-1.14085
-1.14123
-1.14348
-1.14705
-1.15135
-1.15592
-1.16051
-1.16495
-1.16912
-1.17287
-1.17599
-1.17828
-1.17958
-1.17988
-1.17939
-1.1784
-1.17721
-1.17602
-1.17477
-1.17333
-1.17155
-1.16945
-1.16723
-1.16521
-1.16372
-1.16301
-1.16325
-1.16448
-1.16666
-1.16964
-1.17321
-1.17704
-1.18077
-1.18406
-1.18656
-1.18802
-1.1883
-1.18737
-1.18533
-1.18247
-1.17914
-1.17574
-1.17262
-1.17002
-1.16798
-1.16639
-1.16502
-1.16369
-1.16219
-1.1604
-1.15827
-1.1558
-1.15296
-1.14985
-1.14653
-1.14309
-1.13969
-1.13651
-1.13377
-1.13168
-1.13045
-1.13016
-1.13084
-1.13237
-1.13462
-1.13735
-1.14035
-1.14331
-1.14586
-1.14757
-1.14795
-1.1466
-1.14334
-1.13836
-1.1324
-1.12657
-1.12219
-1.12033
-1.12132
-1.1248
-1.12997
-1.13583
-1.14153
-1.14638
-1.1499
-1.15178
-1.15189
-1.15028
-1.14709
-1.14262
-1.13723
-1.13134
-1.12537
-1.11966
-1.11449
-1.11002
-1.10637
-1.10364
-1.10197
-1.10147
-1.10219
-1.10411
-1.10705
-1.11075
-1.11492
-1.11934
-1.12386
-1.12842
-1.13298
-1.13749
-1.14184
-1.14582
-1.1492
-1.15169
-1.15303
-1.15299
-1.15137
-1.14802
-1.14288
-1.13593
-1.12728
-1.11723
-1.1063
-1.09525
-1.08503
-1.07657
-1.0705
-1.06702
-1.06591
-1.06665
-1.06868
-1.07152
-1.07481
-1.07825
-1.08166
-1.08485
-1.08766
-1.08993
-1.0915
-1.09226
-1.09212
-1.09108
-1.08924
-1.08679
-1.08405
-1.0814
-1.07925
-1.07795
-1.07767
-1.07839
-1.07992
-1.08194
-1.08411
-1.08614
-1.08782
-1.08899
-1.08962
-1.08971
-1.08933
-1.08858
-1.08765
-1.08671
-1.08592
-1.08542
-1.08523
-1.08528
-1.0854
-1.08539
-1.08505
-1.08425
-1.08291
-1.08104
-1.0787
-1.07595
-1.0729
-1.06964
-1.06629
-1.06304
-1.06007
-1.05763
-1.05596
-1.05523
-1.05553
-1.05687
-1.0591
-1.06205
-1.06553
-1.06934
-1.07339
-1.07758
-1.08185
-1.08607
-1.0901
-1.09375
-1.09681
-1.09912
-1.1005
-1.10087
-1.10018
-1.09844
-1.0957
-1.09208
-1.08776
-1.08295
-1.07787
-1.07274
-1.06771
-1.06286
-1.05822
-1.05384
-1.04982
-1.04631
-1.04358
-1.04185
-1.04129
-1.04197
-1.04384
-1.04673
-1.05048
-1.05489
-1.05977
-1.06491
-1.07003
-1.07483
-1.07896
-1.08209
-1.0839
-1.08423
-1.08306
-1.08061
-1.07731
-1.07379
-1.07073
-1.06874
-1.06818
-1.06912
-1.07134
-1.07437
-1.07767
-1.08071
-1.08311
-1.0847
-1.08548
-1.08561
-1.08529
-1.08469
-1.08385
-1.08273
-1.08117
-1.07897
-1.07599
-1.07225
-1.06795
-1.06351
-1.05956
-1.05667
-1.05517
-1.05508
-1.05607
-1.05775
-1.0598
-1.0621
-1.06474
-1.06785
-1.07155
-1.07579
-1.08042
-1.08523
-1.08993
-1.09426
-1.09798
-1.10091
-1.103
-1.10424
-1.10465
-1.10433
-1.10339
-1.10197
-1.10018
-1.09811
-1.09586
-1.09344
-1.0909
-1.08818
-1.08527
-1.08217
-1.0789
-1.07554
-1.07228
-1.06943
-1.06742
-1.0667
-1.06769
-1.07065
-1.07549
-1.08186
-1.08914
-1.09669
-1.10392
-1.11037
-1.11576
-1.11993
-1.12279
-1.12431
-1.12448
-1.12332
-1.12083
-1.11708
-1.11218
-1.10633
-1.09983
-1.09305
-1.08643
-1.08043
-1.07541
-1.07164
-1.06919
-1.06796
-1.06773
-1.06819
-1.06901
-1.06989
-1.07056
-1.0708
-1.07051
-1.06966
-1.06839
-1.06696
-1.06574
-1.06523
-1.06585
-1.06785
-1.0712
-1.07555
-1.0803
-1.0848
-1.08849
-1.09095
-1.09198
-1.09151
-1.08955
-1.08618
-1.08151
-1.07565
-1.06887
-1.06161
-1.05465
-1.04907
-1.0461
-1.04673
-1.05131
-1.05929
-1.06948
-1.08047
-1.09101
-1.10026
-1.10781
-1.1136
-1.11774
-1.12046
-1.12206
-1.12281
-1.123
-1.1229
-1.12267
-1.12245
-1.12229
-1.12217
-1.122
-1.12164
-1.12092
-1.11969
-1.11781
-1.11523
-1.11199
-1.10821
-1.10414
-1.10016
-1.09665
-1.09392
-1.09213
-1.09119
-1.09082
-1.09064
-1.09028
-1.08955
-1.08841
-1.08703
-1.08561
-1.08438
-1.08342
-1.08257
-1.08156
-1.08002
-1.07761
-1.07416
-1.06964
-1.06426
-1.05837
-1.05251
-1.04724
-1.04316
-1.04076
-1.04034
-1.04196
-1.04541
-1.05021
-1.05573
-1.06129
-1.06627
-1.07026
-1.07306
-1.07472
-1.07545
-1.07559
-1.07555
-1.07568
-1.07631
-1.07762
-1.07969
-1.0824
-1.08563
-1.08909
-1.09253
-1.09574
-1.09854
-1.10091
-1.10291
-1.10465
-1.10629
-1.10797
-1.10984
-1.11195
-1.11433
-1.11691
-1.1196
-1.12222
-1.12462
-1.12663
-1.12816
-1.1291
-1.12943
-1.12917
-1.12834
-1.12703
-1.1253
-1.12325
-1.12097
-1.11857
-1.11616
-1.11384
-1.11173
-1.10994
-1.10858
-1.10775
-1.10751
-1.10785
-1.1087
-1.10985
-1.111
-1.11176
-1.11165
-1.1102
-1.107
-1.10191
-1.09517
-1.08767
-1.08079
-1.07619
-1.0751
-1.07781
-1.08367
-1.09147
-1.09997
-1.10815
-1.1152
-1.12054
-1.12377
-1.12471
-1.1235
-1.12076
-1.11746
-1.11484
-1.1139
-1.11504
-1.11792
-1.12173
-1.12553
-1.12867
-1.13084
-1.13213
-1.13287
-1.13353
-1.13461
-1.13647
-1.13931
-1.14307
-1.14756
-1.15239
-1.1572
-1.16156
-1.16517
-1.16783
-1.16952
-1.17042
-1.17084
-1.17121
-1.17194
-1.17339
-1.17571
-1.1789
-1.1827
-1.1868
-1.1908
-1.19438
-1.19727
-1.19926
-1.20024
-1.20009
-1.19872
-1.19599
-1.19169
-1.18563
-1.17767
-1.16793
-1.15705
-1.1463
-1.13736
-1.13171
-1.12991
-1.13122
-1.13417
-1.13732
-1.13983
-1.1414
-1.14215
-1.14236
-1.14229
-1.1421
-1.14187
-1.14164
-1.14138
-1.14119
-1.14121
-1.14168
-1.1429
-1.14511
-1.1484
-1.15269
-1.15774
-1.16317
-1.1686
-1.1737
-1.17828
-1.18225
-1.18563
-1.18851
-1.19101
-1.19325
-1.19534
-1.1973
-1.19908
-1.20054
-1.20144
-1.20155
-1.20061
-1.19843
-1.195
-1.19039
-1.1849
-1.17888
-1.1728
-1.16713
-1.16226
-1.15834
-1.15529
-1.15269
-1.15004
-1.1469
-1.14317
-1.13903
-1.13488
-1.1311
-1.12797
-1.12555
-1.1237
-1.12222
-1.12087
-1.11954
-1.11822
-1.11696
-1.11587
-1.11501
-1.11439
-1.1139
-1.11346
-1.11294
-1.1123
-1.11157
-1.11086
-1.11027
-1.10994
-1.10993
-1.11021
-1.1107
-1.11128
-1.11177
-1.11205
-1.11202
-1.11158
-1.11068
-1.10929
-1.10741
-1.1051
-1.10246
-1.09969
-1.09705
-1.09483
-1.09338
-1.093
-1.09394
-1.09634
-1.1002
-1.10537
-1.11156
-1.11841
-1.12551
-1.1325
-1.13913
-1.1452
-1.15067
-1.15554
-1.15992
-1.16388
-1.1675
-1.17081
-1.17377
-1.17625
-1.17807
-1.17899
-1.17876
-1.17719
-1.17415
-1.16971
-1.16403
-1.15746
-1.15045
-1.14348
-1.13698
-1.13123
-1.1263
-1.12204
-1.11804
-1.11385
-1.10908
-1.10359
