0.116261
0.11627
0.116289
0.116317
0.116347
0.116373
0.116392
0.116402
0.116405
0.1164
0.116388
0.11637
0.116351
0.116334
0.116315
0.116308
0.116308
0.11631
0.11632
0.116339
0.116356
0.116381
0.116405
0.116423
0.116443
0.116454
0.116466
0.116467
0.116475
0.116472
0.116471
0.116458
0.11644
0.116425
0.116398
0.116371
0.116335
0.1163
0.116264
0.116232
0.116213
0.116199
0.116202
0.116211
0.116231
0.116263
0.116299
0.116346
0.116402
0.116462
0.116522
0.116578
0.116626
0.116658
0.116666
0.116639
0.116583
0.116503
0.1164
0.116298
0.116194
0.116111
0.116054
0.116026
0.116031
0.116052
0.116093
0.116147
0.116209
0.116274
0.116341
0.116411
0.116471
0.116534
0.116597
0.116659
0.116718
0.116773
0.116826
0.116871
0.116902
0.116918
0.116906
0.116864
0.116797
0.11671
0.116611
0.116512
0.116407
0.116329
0.116273
0.116224
0.116194
0.116177
0.116176
0.116177
0.116188
0.116208
0.11623
0.116253
0.116274
0.116298
0.116313
0.116331
0.116335
0.116338
0.116344
0.116337
0.116332
0.116333
0.116328
0.116318
0.116308
0.11631
0.116316
0.116326
0.116334
0.116363
0.11639
0.116412
0.116439
0.116465
0.116491
0.116515
0.116535
0.116548
0.116558
0.116559
0.116558
0.116555
0.116541
0.116523
0.1165
0.116477
0.116451
0.116431
0.116406
0.116388
0.11637
0.116357
0.116354
0.116362
0.11637
0.116382
0.116395
0.116398
0.116403
0.116402
0.116398
0.11639
0.116383
0.116368
0.116361
0.116344
0.116336
0.116334
0.116331
0.116337
0.116342
0.116354
0.11636
0.116363
0.116363
0.116361
0.116351
0.116342
0.116332
0.116325
0.116331
0.116349
0.116385
0.116432
0.116489
0.116547
0.116606
0.116664
0.116711
0.116752
0.116772
0.116769
0.116739
0.116689
0.116626
0.116555
0.116475
0.116394
0.116319
0.116247
0.116183
0.116131
0.116099
0.116083
0.116094
0.116117
0.116143
0.116183
0.11623
0.116271
0.116302
0.116329
0.116353
0.116368
0.116378
0.116369
0.116366
0.116359
0.116353
0.116343
0.116334
0.116324
0.116324
0.116321
0.116319
0.116318
0.11633
0.116337
0.116352
0.116365
0.116375
0.116383
0.116394
0.116402
0.116395
0.11638
0.116368
0.116347
0.116324
0.116301
0.116282
0.116263
0.116248
0.116236
0.116235
0.116223
0.116222
0.116224
0.116217
0.116213
0.116212
0.116204
0.1162
0.116196
0.116191
0.116185
0.116177
0.116173
0.11617
0.116169
0.116177
0.116178
0.116185
0.116202
0.116229
0.116261
0.116298
0.116351
0.116407
0.11647
0.116529
0.116585
0.116623
0.116631
0.116604
0.116526
0.116422
0.116299
0.116172
0.11606
0.115986
0.115947
0.115935
0.115947
0.115975
0.116018
0.11606
0.116103
0.116134
0.116167
0.116185
0.116205
0.116204
0.116202
0.116192
0.116185
0.116172
0.116152
0.116142
0.116147
0.116149
0.116157
0.116175
0.116189
0.116211
0.116223
0.116238
0.116257
0.116275
0.116289
0.116305
0.116319
0.116343
0.116379
0.116418
0.116461
0.11651
0.116571
0.116634
0.116693
0.116745
0.116777
0.116784
0.116766
0.116724
0.116643
0.116539
0.116411
0.116285
0.116162
0.11604
0.115936
0.11584
0.115785
0.115743
0.115724
0.115738
0.115773
0.115841
0.115925
0.116022
0.11612
0.116221
0.116309
0.116391
0.116453
0.116496
0.116524
0.116539
0.116538
0.116534
0.116522
0.116505
0.116483
0.116453
0.116418
0.116377
0.11633
0.116297
0.116277
0.116269
0.116269
0.116275
0.116292
0.116313
0.116334
0.116353
0.116364
0.11637
0.116351
0.116335
0.116307
0.116282
0.116259
0.116235
0.116229
0.116238
0.116251
0.116259
0.116269
0.116278
0.116283
0.116279
0.11628
0.116275
0.116272
0.116267
0.116266
0.116262
0.116272
0.116277
0.116295
0.116315
0.116347
0.116388
0.116438
0.116488
0.116563
0.116634
0.116703
0.116758
0.116788
0.116794
0.116752
0.116687
0.116594
0.116483
0.11638
0.116304
0.116251
0.116225
0.11623
0.116247
0.116268
0.116281
0.116295
0.116303
0.116304
0.116296
0.11628
0.116263
0.116246
0.116239
0.11623
0.116224
0.116222
0.116217
0.116214
0.116224
0.116236
0.11626
0.116286
0.116332
0.116373
0.116416
0.116465
0.116502
0.116536
0.116548
0.116556
0.116538
0.116502
0.116456
0.116398
0.116341
0.116289
0.116246
0.116218
0.116216
0.116223
0.11624
0.116262
0.116274
0.116294
0.116313
0.116326
0.11634
0.116355
0.116364
0.116363
0.116365
0.116357
0.116357
0.116362
0.116368
0.116372
0.116383
0.116381
0.116388
0.116386
0.116383
0.116383
0.116379
0.116367
0.116359
0.116346
0.116333
0.116327
0.116331
0.116349
0.116369
0.116392
0.116416
0.116443
0.116471
0.116486
0.116498
0.116496
0.116491
0.116482
0.116463
0.116451
0.116435
0.116416
0.1164
0.116385
0.116374
0.116355
0.116341
0.116324
0.116307
0.116295
0.116285
0.116273
0.116261
0.116248
0.11623
0.116209
0.116194
0.116188
0.11618
0.116184
0.116191
0.116208
0.116238
0.116279
0.116315
0.11635
0.116393
0.116422
0.116442
0.116453
0.116452
0.116447
0.116428
0.116404
0.116366
0.116331
0.116299
0.116278
0.116258
0.116249
0.116247
0.116251
0.116272
0.116299
0.11634
0.116382
0.116424
0.116455
0.116479
0.116489
0.116485
0.116466
0.116438
0.116411
0.116392
0.116389
0.116403
0.116431
0.116468
0.116501
0.116542
0.116569
0.116572
0.116561
0.116525
0.116469
0.116415
0.116357
0.1163
0.116252
0.116214
0.116192
0.116184
0.116199
0.116223
0.116262
0.116312
0.116372
0.116446
0.116524
0.116589
0.116644
0.116699
0.11674
0.116764
0.116779
0.116777
0.116758
0.116723
0.116673
0.1166
0.116512
0.116426
0.116338
0.116252
0.116185
0.116129
0.116104
0.116096
0.116121
0.116173
0.116242
0.116322
0.11641
0.116502
0.11659
0.116669
0.116736
0.116775
0.116777
0.116727
0.116648
0.116543
0.116424
0.116331
0.116268
0.116242
0.116253
0.116299
0.116357
0.116417
0.116481
0.116542
0.116581
0.116605
0.116596
0.11656
0.116504
0.116436
0.116357
0.116281
0.11622
0.116166
0.116139
0.116128
0.116147
0.116175
0.116223
0.11628
0.116339
0.116403
0.116467
0.116526
0.116581
0.116623
0.116662
0.116696
0.116709
0.116704
0.116683
0.116646
0.116597
0.116531
0.116457
0.116389
0.116327
0.116289
0.116264
0.116276
0.11631
0.116355
0.116416
0.116472
0.116511
0.116528
0.116522
0.116497
0.116455
0.116402
0.116352
0.116312
0.116279
0.116251
0.116232
0.116222
0.116205
0.116189
0.11618
0.116184
0.116183
0.116183
0.116191
0.116205
0.116222
0.11624
0.116254
0.116277
0.116293
0.116315
0.116332
0.116343
0.116352
0.116357
0.116357
0.116357
0.116359
0.116354
0.116351
0.116345
0.116339
0.116335
0.116326
0.116322
0.116322
0.116325
0.116323
0.116329
0.116332
0.116335
0.116337
0.116351
0.116361
0.116371
0.116386
0.116406
0.116416
0.116438
0.116458
0.116483
0.116514
0.116551
0.116591
0.116627
0.116674
0.116709
0.116731
0.116748
0.116741
0.11671
0.116655
0.116578
0.116488
0.116382
0.116282
0.116185
0.116103
0.116037
0.115993
0.115968
0.11596
0.115965
0.115974
0.116
0.116025
0.116054
0.116075
0.116102
0.11613
0.11615
0.116175
0.116195
0.116213
0.116234
0.116245
0.116255
0.116256
0.11626
0.116262
0.11626
0.11626
0.116257
0.116265
0.116274
0.116292
0.116313
0.116345
0.116376
0.116413
0.116449
0.116496
0.116542
0.116588
0.116629
0.116664
0.116697
0.116718
0.116743
0.116762
0.11677
0.116758
0.116737
0.116701
0.11665
0.116601
0.116542
0.116482
0.116427
0.116379
0.116323
0.116263
0.116194
0.116115
0.116026
0.115938
0.115869
0.11582
0.115789
0.115791
0.115838
0.115909
0.116006
0.11611
0.116212
0.116314
0.116406
0.116486
0.116547
0.116595
0.116636
0.11666
0.116686
0.116696
0.116692
0.116678
0.116655
0.116609
0.116551
0.116494
0.11644
0.116392
0.116377
0.116386
0.116427
0.116485
0.116555
0.11663
0.116691
0.116726
0.116741
0.116718
0.116673
0.116616
0.116546
0.116477
0.116423
0.116388
0.116364
0.116343
0.116335
0.116338
0.116354
0.116373
0.116396
0.116434
0.116468
0.116502
0.116514
0.116514
0.116486
0.116457
0.116409
0.116368
0.116333
0.116302
0.11629
0.116289
0.116302
0.116316
0.116327
0.116341
0.11635
0.11636
0.11637
0.116376
0.116391
0.116393
0.11641
0.116419
0.116431
0.116449
0.116458
0.116464
0.116478
0.116502
0.116534
0.11658
0.116644
0.116723
0.116811
0.116897
0.116981
0.117036
0.117056
0.117028
0.116965
0.116856
0.116723
0.116579
0.116438
0.11632
0.116231
0.116169
0.116124
0.1161
0.116091
0.116098
0.116122
0.116159
0.116207
0.116288
0.116371
0.116474
0.116571
0.116666
0.116757
0.116808
0.116848
0.116854
0.116816
0.116745
0.116638
0.1165
0.11635
0.116211
0.116102
0.116035
0.116018
0.11605
0.116125
0.116222
0.116334
0.116445
0.116539
0.116629
0.116689
0.116725
0.116748
0.116756
0.116743
0.116726
0.116719
0.116701
0.116697
0.116701
0.11671
0.116725
0.116747
0.116757
0.116759
0.116749
0.116742
0.116718
0.116689
0.116653
0.116612
0.116567
0.116526
0.116477
0.116441
0.116398
0.116366
0.116329
0.116304
0.116277
0.116251
0.116238
0.116222
0.11622
0.11623
0.116246
0.116268
0.116295
0.116333
0.116367
0.116404
0.11645
0.116494
0.116537
0.116587
0.116646
0.116697
0.11674
0.11678
0.116807
0.116825
0.116814
0.116787
0.116744
0.116676
0.116607
0.116538
0.11646
0.116369
0.116277
0.116186
0.116121
0.116079
0.116068
0.116088
0.116142
0.11621
0.116297
0.116389
0.11648
0.116562
0.116634
0.116695
0.116735
0.116753
0.116733
0.116681
0.116616
0.116537
0.11645
0.116371
0.116314
0.116273
0.11625
0.116262
0.116301
0.116341
0.116393
0.116435
0.116466
0.116489
0.116498
0.116502
0.1165
0.116497
0.116502
0.116501
0.116515
0.116526
0.116529
0.116531
0.116532
0.116521
0.116514
0.116504
0.116483
0.116465
0.116455
0.116439
0.116419
0.116393
0.116367
0.116339
0.116316
0.116293
0.116276
0.116265
0.116262
0.116261
0.116276
0.116302
0.116329
0.116359
0.116391
0.116415
0.116439
0.116463
0.116488
0.116509
0.116521
0.116522
0.116513
0.116499
0.116476
0.11645
0.116415
0.116379
0.116347
0.116317
0.116292
0.11627
0.116262
0.116265
0.116273
0.116288
0.116316
0.116344
0.116383
0.11643
0.116471
0.116518
0.116558
0.116607
0.116645
0.116676
0.116701
0.116708
0.116704
0.11669
0.116674
0.11665
0.116618
0.116582
0.116545
0.116518
0.116486
0.11645
0.116419
0.116386
0.116342
0.116303
0.116269
0.116235
0.116209
0.116189
0.116179
0.116182
0.116195
0.116224
0.116259
0.116299
0.116336
0.116375
0.116409
0.116438
0.116458
0.116476
0.116496
0.116507
0.116517
0.116527
0.116522
0.116517
0.116508
0.116489
0.116481
0.11648
0.116478
0.116487
0.116498
0.11651
0.11654
0.116566
0.116594
0.116621
0.116648
0.116663
0.116667
0.11666
0.116647
0.11662
0.116587
0.11655
0.116514
0.11648
0.116447
0.116412
0.11639
0.116368
0.116343
0.116328
0.116313
0.116296
0.116286
0.116281
0.116281
0.116293
0.11631
0.116323
0.116332
0.116351
0.116376
0.116392
0.116412
0.116438
0.11647
0.1165
0.116541
0.116573
0.116616
0.11665
0.116678
0.116686
0.116688
0.116663
0.116628
0.116578
0.116501
0.116436
0.116365
0.116296
0.116243
0.11621
0.116202
0.116217
0.116247
0.116296
0.116368
0.116444
0.116526
0.116623
0.11672
0.116821
0.116914
0.116994
0.117042
0.117051
0.117009
0.116909
0.116773
0.11662
0.116477
0.116366
0.116305
0.116292
0.116316
0.116357
0.116402
0.116451
0.116483
0.116488
0.116463
0.116402
0.116316
0.116212
0.1161
0.116011
0.115952
0.115925
0.115927
0.115961
0.116016
0.116073
0.116143
0.116208
0.116262
0.11631
0.116358
0.116398
0.116424
0.116442
0.116459
0.11647
0.116478
0.116494
0.116512
0.116536
0.116566
0.116612
0.116656
0.116694
0.116719
0.116719
0.116687
0.116626
0.116547
0.116455
0.11637
0.116304
0.116268
0.116261
0.116279
0.116325
0.116387
0.116448
0.116514
0.116558
0.116579
0.11658
0.116559
0.116508
0.116433
0.116342
0.116263
0.116201
0.116174
0.116196
0.116257
0.116344
0.116451
0.116567
0.116665
0.116734
0.116775
0.116785
0.116768
0.116731
0.116685
0.116653
0.11661
0.11658
0.116541
0.116499
0.116442
0.116373
0.116308
0.116245
0.116197
0.116157
0.116121
0.116089
0.116056
0.116027
0.115997
0.115979
0.115965
0.115968
0.116001
0.11606
0.116138
0.116229
0.116325
0.116433
0.116556
0.116667
0.116767
0.116851
0.11691
0.116953
0.116968
0.116971
0.116951
0.116912
0.116868
0.11682
0.116769
0.116714
0.116668
0.116636
0.11661
0.116602
0.116607
0.116618
0.116642
0.116661
0.116663
0.116646
0.116603
0.116536
0.116465
0.116406
0.116376
0.116369
0.116388
0.116422
0.116466
0.116501
0.116523
0.116535
0.116529
0.116512
0.11648
0.116447
0.116409
0.116373
0.116341
0.116314
0.116305
0.116299
0.116299
0.116318
0.116339
0.116374
0.116405
0.116439
0.116462
0.116494
0.116514
0.116535
0.116547
0.116556
0.116557
0.116577
0.116591
0.116613
0.116635
0.116666
0.116695
0.116717
0.116721
0.116708
0.116676
0.11663
0.116574
0.116512
0.116463
0.11642
0.1164
0.116396
0.116415
0.116449
0.116479
0.116522
0.116553
0.116571
0.116569
0.116547
0.116504
0.116457
0.11639
0.116331
0.116265
0.116219
0.116188
0.116174
0.116167
0.116178
0.116196
0.116222
0.116251
0.116284
0.116322
0.116354
0.116391
0.116423
0.116456
0.116482
0.116501
0.116518
0.116516
0.116515
0.116508
0.116495
0.116471
0.116438
0.116409
0.116382
0.116352
0.116324
0.1163
0.116275
0.116261
0.116245
0.11624
0.11624
0.116239
0.116245
0.116253
0.116259
0.116264
0.11627
0.116287
0.116307
0.116325
0.116354
0.116392
0.116437
0.116489
0.116546
0.116613
0.11668
0.116743
0.11681
0.116846
0.116852
0.116831
0.116762
0.116661
0.116542
0.116411
0.116287
0.116191
0.116123
0.116091
0.116089
0.116095
0.116107
0.116126
0.116139
0.116152
0.116161
0.116154
0.116139
0.116129
0.116115
0.11611
0.116108
0.116132
0.116168
0.116212
0.116276
0.11634
0.116411
0.116488
0.116557
0.116623
0.116682
0.116732
0.116769
0.116793
0.116788
0.116771
0.116735
0.116677
0.116605
0.116519
0.116429
0.116342
0.116274
0.116222
0.116196
0.116186
0.116185
0.116179
0.116165
0.116147
0.116125
0.116112
0.116098
0.116096
0.11612
0.116156
0.1162
0.116251
0.11629
0.116335
0.116371
0.116401
0.11644
0.116478
0.11651
0.116545
0.116586
0.116622
0.116665
0.116702
0.116736
0.116766
0.116795
0.116805
0.116799
0.11677
0.116724
0.116659
0.116578
0.116474
0.116358
0.116258
0.116175
0.116112
0.116073
0.11607
0.11609
0.116142
0.11621
0.116297
0.116384
0.116478
0.116557
0.116618
0.116657
0.116661
0.116635
0.116583
0.116522
0.116456
0.116409
0.116369
0.116344
0.116338
0.116333
0.116331
0.116326
0.116313
0.1163
0.116278
0.116259
0.11623
0.116206
0.116183
0.116167
0.116154
0.116144
0.116133
0.116126
0.116122
0.116124
0.116127
0.116131
0.116141
0.116157
0.116176
0.116203
0.116231
0.116271
0.116311
0.116339
0.116376
0.116412
0.116445
0.116475
0.1165
0.116503
0.116511
0.116494
0.116472
0.116446
0.116403
0.116355
0.116298
0.116243
0.116188
0.116136
0.116088
0.116055
0.116028
0.11602
0.116042
0.116073
0.11612
0.116172
0.116231
0.116293
0.116345
0.116385
0.116411
0.116408
0.11638
0.116338
0.116287
0.116233
0.116212
0.116212
0.116234
0.116263
0.116325
0.116385
0.11644
0.116487
0.11652
0.116541
0.116537
0.116521
0.116484
0.116439
0.116392
0.116355
0.11631
0.116269
0.11623
0.116193
0.116157
0.116137
0.116125
0.116118
0.116107
0.116106
0.116102
0.116099
0.116109
0.11611
0.116116
0.11613
0.116142
0.11616
0.116173
0.116186
0.116204
0.116221
0.116243
0.116263
0.116279
0.1163
0.116318
0.116334
0.116348
0.116358
0.116365
0.116368
0.116354
0.116329
0.116306
0.116273
0.116239
0.116207
0.11618
0.11617
0.116175
0.116191
0.116222
0.116263
0.116307
0.116335
0.116349
0.116335
0.116325
0.116291
0.11626
0.116221
0.11619
0.116164
0.116144
0.116138
0.116158
0.116203
0.116279
0.116372
0.116464
0.116528
0.116552
0.116519
0.116429
0.116293
0.116135
0.115962
0.115812
0.115694
0.115636
0.115627
0.115677
0.115774
0.115903
0.116058
0.116215
0.116351
0.116455
0.11651
0.116509
0.116448
0.116337
0.116215
0.116105
0.116035
0.116018
0.11605
0.116129
0.116231
0.11632
0.116411
0.11647
0.1165
0.116499
0.116474
0.116433
0.116388
0.116342
0.116295
0.11626
0.116221
0.116188
0.11616
0.116133
0.116115
0.116102
0.116099
0.116114
0.116135
0.116167
0.116208
0.116251
0.116299
0.116349
0.116402
0.116449
0.116501
0.116551
0.116591
0.116627
0.116655
0.116674
0.116682
0.116687
0.116689
0.116683
0.116685
0.116677
0.116664
0.116632
0.116586
0.116523
0.116447
0.116362
0.116264
0.116171
0.116071
0.115987
0.115917
0.11587
0.115856
0.115858
0.115877
0.115907
0.115951
0.115998
0.116041
0.116085
0.11613
0.116177
0.116222
0.116264
0.116297
0.116331
0.116367
0.116393
0.116418
0.116447
0.116477
0.1165
0.116525
0.116549
0.116572
0.116585
0.116582
0.116565
0.116538
0.116493
0.11644
0.11638
0.11632
0.116246
0.116183
0.116134
0.116099
0.116074
0.116072
0.116077
0.116093
0.116111
0.116133
0.116151
0.116173
0.116179
0.116184
0.11619
0.116189
0.116196
0.116211
0.116212
0.116219
0.116229
0.116236
0.116254
0.116269
0.116288
0.116305
0.116326
0.116359
0.116393
0.116413
0.116428
0.116435
0.116428
0.116418
0.116399
0.116376
0.116359
0.11634
0.116329
0.116328
0.116344
0.116359
0.116375
0.116393
0.1164
0.116374
0.116328
0.11627
0.116191
0.116115
0.116051
0.116021
0.116005
0.116005
0.116012
0.116012
0.116026
0.116034
0.116039
0.116053
0.11607
0.116095
0.116119
0.116141
0.116168
0.116193
0.116221
0.116239
0.11625
0.116248
0.116229
0.116197
0.116154
0.116104
0.116057
0.116013
0.115983
0.115964
0.115955
0.115946
0.115947
0.11594
0.115938
0.115925
0.115923
0.11593
0.115935
0.115954
0.115981
0.116012
0.116068
0.116117
0.11618
0.116259
0.116348
0.116444
0.116548
0.116681
0.116805
0.116927
0.117042
0.117126
0.117157
0.117113
0.116971
0.116741
0.116442
0.116112
0.11581
0.115591
0.115446
0.115396
0.115404
0.115466
0.115559
0.115677
0.115799
0.115919
0.116028
0.116116
0.116193
0.116241
0.116279
0.116279
0.116247
0.116211
0.116166
0.116124
0.116079
0.116046
0.116032
0.116024
0.116032
0.11606
0.116094
0.116137
0.116173
0.1162
0.116213
0.116216
0.116201
0.116179
0.116139
0.116092
0.116053
0.116017
0.116006
0.11601
0.116031
0.116074
0.116126
0.116187
0.116261
0.116326
0.116386
0.116443
0.116493
0.116545
0.116597
0.116637
0.116664
0.116675
0.116664
0.116625
0.116552
0.116464
0.116355
0.11624
0.11613
0.116024
0.115958
0.115905
0.115883
0.115887
0.115906
0.115944
0.115981
0.116026
0.116071
0.116108
0.116137
0.116166
0.116195
0.116226
0.116252
0.11628
0.116305
0.116328
0.11634
0.116344
0.116332
0.11631
0.116276
0.116237
0.116191
0.11615
0.116112
0.116092
0.116083
0.116089
0.116101
0.116119
0.116126
0.116129
0.116122
0.116114
0.116096
0.116082
0.116073
0.116073
0.116082
0.116093
0.116131
0.116167
0.116209
0.116252
0.116296
0.116323
0.116346
0.11636
0.116364
0.116348
0.116332
0.116319
0.116299
0.116289
0.116296
0.116311
0.116319
0.116328
0.116323
0.116299
0.116265
0.116227
0.116191
0.116166
0.11616
0.11616
0.116175
0.116204
0.116241
0.116265
0.116274
0.11628
0.116276
0.116267
0.116258
0.11625
0.116247
0.116242
0.116245
0.116254
0.116257
0.116274
0.116276
0.116282
0.116289
0.116294
0.116295
0.116295
0.116283
0.116279
0.116279
0.116278
0.11627
0.116258
0.116236
0.11622
0.116208
0.116197
0.116194
0.116204
0.116222
0.116245
0.116283
0.11632
0.116353
0.116376
0.116379
0.116355
0.116313
0.116246
0.116177
0.116105
0.116051
0.116006
0.115984
0.115973
0.115991
0.116009
0.116047
0.116097
0.116147
0.116189
0.116218
0.116245
0.116259
0.116268
0.116275
0.11628
0.116278
0.116276
0.116265
0.116262
0.116264
0.11627
0.116274
0.116288
0.116299
0.116318
0.116342
0.116365
0.116396
0.116419
0.116433
0.116447
0.116449
0.116441
0.116418
0.116386
0.11634
0.116296
0.11624
0.116203
0.116168
0.116136
0.116113
0.116098
0.116083
0.116065
0.116049
0.116038
0.116032
0.116018
0.116017
0.116018
0.11604
0.116073
0.116103
0.116149
0.116186
0.116233
0.116278
0.116332
0.116386
0.116443
0.116508
0.116578
0.116639
0.116701
0.116748
0.116768
0.116758
0.116711
0.116635
0.116527
0.116406
0.116283
0.116183
0.116107
0.116063
0.116031
0.116028
0.116032
0.116036
0.116023
0.115998
0.115964
0.115921
0.115882
0.115862
0.115864
0.115889
0.115938
0.116001
0.116075
0.116145
0.116213
0.116282
0.116334
0.116377
0.116406
0.116426
0.116417
0.116389
0.11635
0.116289
0.116226
0.116166
0.116111
0.116077
0.116066
0.116076
0.116089
0.116123
0.116154
0.116182
0.11621
0.116227
0.116227
0.116216
0.116182
0.116133
0.116074
0.11602
0.115978
0.115945
0.115929
0.115928
0.115925
0.11592
0.115919
0.115923
0.115913
0.115912
0.115903
0.115906
0.115914
0.115934
0.115967
0.11601
0.116062
0.116115
0.116176
0.116239
0.116298
0.116356
0.116413
0.116459
0.116497
0.116529
0.11655
0.116578
0.116614
0.116654
0.116692
0.116716
0.116721
0.116689
0.11661
0.116494
0.116347
0.116178
0.115999
0.11584
0.115707
0.115616
0.115572
0.115547
0.115561
0.115594
0.115638
0.1157
0.115777
0.115859
0.115949
0.116046
0.116134
0.116204
0.116249
0.116283
0.116282
0.116267
0.116238
0.1162
0.116165
0.116142
0.116127
0.116129
0.116146
0.116167
0.116211
0.116267
0.11633
0.116406
0.116488
0.116574
0.116643
0.116689
0.116703
0.116665
0.116578
0.116453
0.116315
0.116181
0.116087
0.116043
0.116047
0.116101
0.116174
0.116263
0.116341
0.116405
0.116451
0.116483
0.11649
0.116479
0.116443
0.116385
0.116316
0.11624
0.116151
0.116064
0.116004
0.115968
0.115959
0.115976
0.116004
0.116044
0.116082
0.11612
0.116159
0.116191
0.116209
0.116226
0.116245
0.116261
0.116259
0.116264
0.116274
0.116287
0.116301
0.116321
0.116343
0.116393
0.116442
0.116513
0.116608
0.116724
0.116862
0.116998
0.117103
0.117111
0.116982
0.116696
0.116308
0.115933
0.115671
0.115561
0.115586
0.115684
0.115799
0.115904
0.115979
0.116017
0.116026
0.116026
0.116015
0.11601
0.116015
0.116028
0.116052
0.116081
0.116115
0.116155
0.116192
0.11623
0.116275
0.116315
0.116354
0.116403
0.116446
0.116479
0.116515
0.116558
0.116582
0.116586
0.116579
0.116554
0.116508
0.116443
0.116371
0.116288
0.116212
0.116141
0.116077
0.116026
0.115984
0.115946
0.115904
0.115875
0.115839
0.115818
0.1158
0.115792
0.115805
0.115827
0.115862
0.115913
0.115975
0.116037
0.116111
0.116183
0.116263
0.116336
0.116404
0.116468
0.116528
0.116571
0.116591
0.116583
0.116559
0.11651
0.11645
0.116383
0.11633
0.116298
0.116275
0.116254
0.11623
0.11621
0.116181
0.116143
0.1161
0.116056
0.116028
0.116004
0.115987
0.115991
0.116004
0.116023
0.116053
0.116079
0.116109
0.116144
0.116171
0.116198
0.116227
0.116234
0.116225
0.116191
0.116144
0.116084
0.116025
0.11596
0.115904
0.115874
0.115833
0.115818
0.115819
0.115832
0.115853
0.11589
0.115916
0.115959
0.11601
0.116055
0.116105
0.116155
0.116203
0.116234
0.116253
0.116253
0.116228
0.116182
0.116124
0.116055
0.11599
0.11593
0.115893
0.115862
0.115843
0.115843
0.115862
0.115882
0.115919
0.115968
0.116028
0.116095
0.11618
0.116264
0.116353
0.116461
0.116565
0.116668
0.116752
0.116812
0.116831
0.116814
0.11675
0.116664
0.116558
0.116441
0.116356
0.116306
0.116277
0.11626
0.116248
0.116198
0.116112
0.115993
0.115864
0.115746
0.11567
0.115665
0.11572
0.115829
0.115973
0.116145
0.116333
0.116519
0.116712
0.116888
0.117054
0.117185
0.117281
0.117315
0.117244
0.117078
0.116827
0.116521
0.116215
0.11598
0.115836
0.11578
0.115793
0.115851
0.11592
0.116001
0.116077
0.116151
0.116214
0.116277
0.116333
0.116383
0.116433
0.116479
0.116518
0.116541
0.116552
0.116551
0.11653
0.116492
0.116445
0.116396
0.116351
0.116309
0.116272
0.116246
0.116228
0.116209
0.116196
0.116191
0.116197
0.11621
0.116226
0.116251
0.116286
0.116336
0.116388
0.116466
0.116541
0.116618
0.116704
0.116778
0.116842
0.116873
0.116873
0.116819
0.116725
0.1166
0.116464
0.116337
0.116209
0.116106
0.116025
0.115969
0.115933
0.115932
0.115937
0.115965
0.116006
0.116062
0.116119
0.116187
0.116257
0.116325
0.116391
0.116442
0.116488
0.116511
0.116518
0.116505
0.116474
0.11644
0.116383
0.116328
0.11627
0.116217
0.116189
0.11617
0.116169
0.116186
0.116217
0.116278
0.116338
0.116411
0.11648
0.116539
0.116587
0.116626
0.116639
0.116625
0.116594
0.116545
0.116485
0.116429
0.116381
0.116342
0.11631
0.116294
0.116279
0.116275
0.116272
0.11626
0.116249
0.116246
0.116238
0.116239
0.116235
0.116233
0.116226
0.116227
0.116223
0.116225
0.116235
0.116253
0.116281
0.116323
0.116367
0.116417
0.116462
0.116491
0.116517
0.11652
0.116501
0.116465
0.11641
0.116351
0.116285
0.116226
0.116173
0.116128
0.116099
0.116086
0.116083
0.116088
0.11611
0.116135
0.116152
0.116172
0.116199
0.116217
0.116232
0.116242
0.116251
0.116255
0.116261
0.116272
0.116267
0.116271
0.116279
0.116286
0.116289
0.116289
0.116293
0.116305
0.116323
0.116338
0.116357
0.116372
0.116394
0.116411
0.116414
0.116401
0.116393
0.116377
0.116353
0.116333
0.116319
0.116308
0.116308
0.116327
0.116352
0.116378
0.116397
0.116415
0.116422
0.11642
0.116404
0.116392
0.116368
0.116347
0.116327
0.11631
0.116293
0.116274
0.116275
0.116274
0.116271
0.116269
0.116258
0.116253
0.116249
0.116247
0.11625
0.116246
0.11625
0.116262
0.116285
0.116307
0.116333
0.116364
0.116391
0.116423
0.116449
0.116469
0.116488
0.116489
0.116494
0.116473
0.116437
0.116387
0.116343
0.116306
0.116263
0.11622
0.116176
0.116139
0.116108
0.116083
0.116061
0.116048
0.116047
0.116049
0.116055
0.116087
0.116134
0.116193
0.116255
0.116331
0.11642
0.116516
0.116614
0.116711
0.116777
0.116806
0.116775
0.116679
0.116533
0.11636
0.116195
0.116064
0.115988
0.115955
0.115945
0.11595
0.115975
0.116007
0.116037
0.116083
0.116128
0.116179
0.116233
0.116294
0.116354
0.116404
0.116451
0.116488
0.116529
0.116561
0.116599
0.116639
0.116682
0.116719
0.11676
0.116785
0.116799
0.116785
0.11674
0.116662
0.116555
0.116432
0.116307
0.116198
0.116106
0.116039
0.115986
0.115943
0.115892
0.115836
0.115795
0.115775
0.115795
0.115844
0.11591
0.115991
0.116085
0.116174
0.11625
0.116315
0.116385
0.116444
0.116488
0.116502
0.116483
0.11643
0.11635
0.116254
0.116182
0.116141
0.116165
0.116234
0.116366
0.116512
0.11667
0.116814
0.116928
0.116979
0.11695
0.116837
0.116663
0.116456
0.11625
0.116082
0.115992
0.115951
0.11596
0.116013
0.116093
0.116183
0.11628
0.116358
0.116421
0.116452
0.116475
0.116464
0.11643
0.116382
0.116327
0.116273
0.116223
0.116191
0.116167
0.116168
0.116175
0.116193
0.116216
0.116252
0.116295
0.11634
0.116377
0.116423
0.116465
0.116493
0.116516
0.116523
0.116512
0.116474
0.116423
0.116362
0.116281
0.116213
0.116145
0.116092
0.116061
0.116048
0.116041
0.116046
0.116067
0.116093
0.116123
0.116161
0.116202
0.116234
0.11627
0.1163
0.116335
0.116367
0.116384
0.116402
0.116404
0.116392
0.11638
0.11636
0.116335
0.116301
0.116269
0.11623
0.116203
0.11617
0.116142
0.116133
0.116132
0.116148
0.116177
0.116222
0.116269
0.116334
0.116416
0.116507
0.11659
0.116674
0.116743
0.116795
0.116813
0.116796
0.116738
0.11664
0.116509
0.116366
0.116226
0.116103
0.116025
0.115978
0.115955
0.115961
0.115974
0.115986
0.115999
0.115992
0.11599
0.115989
0.115998
0.116016
0.116035
0.116064
0.116099
0.116125
0.116149
0.116155
0.116146
0.116135
0.116121
0.116112
0.116103
0.116102
0.116104
0.116116
0.116132
0.116145
0.116165
0.116182
0.116212
0.116239
0.116256
0.11628
0.116302
0.116331
0.116368
0.116408
0.116449
0.116485
0.116526
0.116556
0.116577
0.11659
0.116591
0.116581
0.116552
0.116507
0.116445
0.116366
0.116279
0.116187
0.116102
0.116019
0.115951
0.115894
0.115852
0.115826
0.115814
0.11582
0.115823
0.115845
0.115888
0.11592
0.115956
0.116005
0.116043
0.116085
0.116115
0.11614
0.116156
0.116161
0.11615
0.116135
0.116117
0.116097
0.116074
0.116064
0.11605
0.116056
0.116066
0.116081
0.116106
0.116135
0.116171
0.11621
0.116251
0.116286
0.116307
0.116313
0.116305
0.116278
0.116236
0.116183
0.116141
0.116096
0.116079
0.116079
0.11608
0.116105
0.116132
0.116157
0.116179
0.116197
0.116211
0.116221
0.116216
0.116193
0.116158
0.116104
0.116035
0.115969
0.115908
0.115854
0.115828
0.115818
0.115826
0.115851
0.11589
0.115946
0.115996
0.116042
0.1161
0.116158
0.116198
0.116227
0.116246
0.116261
0.116262
0.116251
0.116242
0.116227
0.116209
0.116188
0.11617
0.116155
0.116136
0.116127
0.116123
0.116128
0.116136
0.116146
0.11617
0.116193
0.116221
0.116252
0.116285
0.11631
0.116325
0.116331
0.116311
0.116279
0.116227
0.116168
0.116093
0.116015
0.11593
0.115858
0.115796
0.115744
0.115717
0.115699
0.115701
0.115726
0.115764
0.115821
0.115887
0.115952
0.11603
0.116113
0.11619
0.116278
0.116336
0.116392
0.116429
0.116445
0.116431
0.116401
0.116356
0.116301
0.116241
0.116189
0.116156
0.116129
0.11612
0.116127
0.116136
0.116153
0.116169
0.116197
0.116224
0.116257
0.116301
0.116339
0.116378
0.116396
0.116394
0.116377
0.116333
0.116274
0.116193
0.116114
0.116035
0.115972
0.115928
0.115897
0.115889
0.115899
0.115933
0.115974
0.116021
0.116062
0.116115
0.116169
0.116213
0.116254
0.116292
0.116319
0.116325
0.116318
0.116289
0.116244
0.116198
0.116152
0.11612
0.116114
0.116128
0.116166
0.116232
0.116308
0.116387
0.116452
0.116516
0.116557
0.116571
0.116544
0.116491
0.116422
0.116326
0.116216
0.116105
0.115998
0.115895
0.115809
0.115747
0.115707
0.115699
0.115708
0.115742
0.115783
0.115835
0.11589
0.115945
0.115997
0.116046
0.116078
0.116102
0.116117
0.116127
0.116132
0.116129
0.116123
0.116113
0.116096
0.116081
0.116072
0.116067
0.116067
0.116082
0.116095
0.116115
0.116127
0.116142
0.11615
0.116154
0.116137
0.11613
0.11611
0.11609
0.116066
0.116046
0.116025
0.116012
0.116004
0.115999
0.116001
0.116004
0.116009
0.116013
0.116016
0.116027
0.116039
0.116047
0.116053
0.116052
0.116047
0.116028
0.115997
0.115958
0.115915
0.11587
0.115856
0.115849
0.115862
0.115895
0.115935
0.115975
0.116014
0.11604
0.116046
0.11603
0.115997
0.115945
0.115884
0.115819
0.115761
0.115712
0.115679
0.115657
0.11565
0.115646
0.115648
0.115655
0.115671
0.115685
0.115711
0.115737
0.115779
0.115824
0.115873
0.1159
0.115908
0.11589
0.115857
0.115819
0.115779
0.115757
0.115755
0.115797
0.115866
0.115958
0.116065
0.116178
0.116264
0.116339
0.116388
0.116392
0.116334
0.116215
0.116041
0.115843
0.115643
0.115483
0.115389
0.115381
0.115416
0.115498
0.115587
0.115648
0.115684
0.115688
0.115689
0.115683
0.115698
0.115748
0.115838
0.115959
0.116101
0.116245
0.116382
0.116481
0.116554
0.116561
0.116513
0.116365
0.116145
0.115872
0.115618
0.115427
0.115343
0.115376
0.115496
0.115676
0.115884
0.116095
0.116296
0.116478
0.116617
0.11668
0.116625
0.116423
0.116089
0.115678
0.115313
0.115092
0.115044
0.115135
0.115303
0.115502
0.115689
0.115856
0.115998
0.116104
0.116186
0.116251
0.116291
0.116329
0.116344
0.116351
0.116339
0.116323
0.116287
0.11623
0.116159
0.11607
0.115984
0.115898
0.115817
0.115764
0.115721
0.115701
0.1157
0.115709
0.115738
0.115763
0.115801
0.11584
0.115879
0.115907
0.115937
0.115965
0.115999
0.11603
0.116058
0.116085
0.116111
0.116135
0.116163
0.116177
0.116191
0.1162
0.116197
0.116185
0.116165
0.116143
0.116117
0.11609
0.116078
0.116078
0.116087
0.116107
0.116135
0.116159
0.116171
0.116168
0.116152
0.116119
0.116051
0.11596
0.11582
0.115647
0.115436
0.1152
0.114998
0.114872
0.114857
0.114946
0.115126
0.115356
0.115578
0.115781
0.11595
0.116059
0.11611
0.116128
0.11611
0.116076
0.116037
0.116003
0.115983
0.115965
0.115964
0.115964
0.115957
0.115944
0.115922
0.11589
0.115856
0.115818
0.11578
0.115751
0.11572
0.115702
0.11568
0.11566
0.115651
0.115649
0.115654
0.115663
0.115685
0.115712
0.115732
0.115771
0.115808
0.115853
0.115891
0.115934
0.115965
0.11599
0.116006
0.116025
0.116031
0.116027
0.116015
0.115984
0.115939
0.115882
0.11582
0.115757
0.115704
0.115664
0.115643
0.115633
0.115649
0.115682
0.115711
0.115743
0.115773
0.115811
0.115848
0.115874
0.115909
0.115935
0.115968
0.115998
0.116027
0.116039
0.116049
0.116033
0.116003
0.115946
0.115857
0.115742
0.115613
0.115483
0.115367
0.115291
0.115256
0.115264
0.115316
0.115393
0.115483
0.115581
0.115668
0.11574
0.115806
0.115867
0.115917
0.11597
0.11602
0.116066
0.116107
0.11614
0.116156
0.116156
0.116143
0.116099
0.116026
0.115933
0.115811
0.115684
0.115564
0.115446
0.115366
0.115316
0.115305
0.115335
0.1154
0.115483
0.115596
0.11571
0.115828
0.115957
0.116065
0.116165
0.116256
0.116335
0.116393
0.116441
0.116485
0.116516
0.116533
0.116536
0.116524
0.116495
0.116443
0.116358
0.116244
0.116097
0.115931
0.115752
0.11558
0.115441
0.115351
0.115313
0.115311
0.115358
0.115424
0.115481
0.115527
0.11554
0.115528
0.115499
0.115456
0.115426
0.115424
0.115455
0.115504
0.115571
0.115653
0.115732
0.115827
0.115913
0.116001
0.11609
0.116181
0.116271
0.116342
0.116373
0.116336
0.116218
0.116024
0.115813
0.115635
0.115543
0.115553
0.115662
0.115826
0.116002
0.116163
0.116278
0.116334
0.116325
0.116246
0.116105
0.115937
0.115761
0.115604
0.115486
0.115418
0.115388
0.115397
0.115421
0.115457
0.115514
0.115566
0.115632
0.115705
0.115782
0.115873
0.115972
0.116063
0.116143
0.116198
0.116235
0.116244
0.116222
0.116175
0.11611
0.116036
0.115951
0.115869
0.11578
0.115684
0.115587
0.11551
0.115446
0.1154
0.115374
0.115383
0.115408
0.115454
0.115524
0.115603
0.115682
0.115762
0.115839
0.115911
0.115969
0.116014
0.116036
0.116033
0.116018
0.115988
0.115955
0.115904
0.115839
0.115773
0.115699
0.115628
0.115566
0.115514
0.115481
0.115471
0.11548
0.115512
0.115557
0.115608
0.115671
0.115728
0.115787
0.115818
0.115839
0.115847
0.115838
0.115823
0.115795
0.115768
0.115736
0.115699
0.115674
0.115663
0.115658
0.115658
0.115673
0.115701
0.115723
0.115752
0.115786
0.115812
0.11584
0.115872
0.115881
0.115884
0.115883
0.115872
0.115853
0.115809
0.115761
0.115698
0.115631
0.115565
0.115509
0.115465
0.115448
0.115458
0.115471
0.115499
0.115534
0.11558
0.115615
0.115659
0.1157
0.115748
0.115793
0.11584
0.11588
0.115913
0.115939
0.115965
0.115977
0.115971
0.115942
0.115903
0.115861
0.115809
0.11576
0.115711
0.115673
0.115633
0.115598
0.115553
0.115514
0.115476
0.115432
0.115416
0.115412
0.115426
0.115442
0.115473
0.115504
0.115541
0.115575
0.115597
0.115604
0.115615
0.115614
0.115625
0.115642
0.115672
0.115717
0.115777
0.11584
0.115912
0.115963
0.116002
0.116008
0.115998
0.115961
0.115906
0.11583
0.115775
0.115737
0.115726
0.115746
0.115793
0.115858
0.115929
0.11598
0.116014
0.11601
0.115955
0.115846
0.115691
0.115522
0.115365
0.115244
0.115179
0.115165
0.115197
0.115258
0.115326
0.115413
0.115502
0.115584
0.115656
0.115718
0.115781
0.115833
0.115881
0.115919
0.115952
0.115975
0.115981
0.115989
0.115986
0.115969
0.115949
0.115919
0.115878
0.115829
0.115766
0.115705
0.115657
0.115614
0.11558
0.115559
0.115545
0.115527
0.115513
0.115506
0.115509
0.115512
0.115527
0.115542
0.115557
0.115574
0.115591
0.115597
0.115606
0.115605
0.115605
0.115616
0.115629
0.115667
0.11572
0.115784
0.115858
0.115945
0.116037
0.116116
0.116178
0.116217
0.116224
0.116203
0.116154
0.11607
0.115979
0.11586
0.115738
0.115621
0.115503
0.115392
0.115297
0.115219
0.115166
0.115136
0.115123
0.115134
0.115162
0.115201
0.115259
0.115333
0.115409
0.115494
0.115582
0.115675
0.115791
0.115902
0.116025
0.116146
0.116261
0.116351
0.116386
0.11634
0.116206
0.116013
0.115788
0.115582
0.115438
0.115362
0.115341
0.115358
0.115376
0.115407
0.115442
0.115476
0.115527
0.115577
0.115646
0.11572
0.115791
0.115857
0.115915
0.115962
0.116001
0.116031
0.116055
0.116075
0.116088
0.116089
0.116092
0.116081
0.116049
0.116013
0.115952
0.115875
0.115788
0.115708
0.115636
0.115585
0.115551
0.115539
0.115531
0.115542
0.115564
0.115598
0.115628
0.115673
0.115707
0.115732
0.115752
0.115771
0.115784
0.115798
0.115801
0.115812
0.115828
0.115844
0.115844
0.115852
0.115869
0.115872
0.115895
0.115915
0.115951
0.115988
0.116042
0.116098
0.116136
0.116166
0.116177
0.116174
0.116141
0.116092
0.116036
0.115977
0.115912
0.115844
0.115763
0.115703
0.115651
0.115613
0.1156
0.115609
0.115638
0.115689
0.115754
0.115826
0.115901
0.115952
0.115975
0.115966
0.115927
0.115855
0.115773
0.115695
0.115637
0.1156
0.115601
0.115617
0.115652
0.115689
0.115742
0.115783
0.115825
0.115863
0.115888
0.115903
0.115918
0.115929
0.115942
0.115962
0.115986
0.11602
0.116075
0.116135
0.116194
0.116258
0.116317
0.116353
0.116362
0.116331
0.116246
0.11611
0.115937
0.115746
0.115569
0.115413
0.1153
0.115228
0.11522
0.115253
0.115333
0.115439
0.115557
0.115691
0.115821
0.115953
0.11607
0.116162
0.116229
0.116255
0.116241
0.116183
0.116083
0.115956
0.115826
0.11571
0.115614
0.115555
0.115534
0.115527
0.115531
0.115544
0.115553
0.115556
0.115545
0.115529
0.115529
0.11554
0.115568
0.11561
0.115668
0.115739
0.115814
0.115882
0.115939
0.115988
0.115999
0.11599
0.115965
0.115914
0.11586
0.115793
0.11573
0.115672
0.11561
0.11557
0.115538
0.115527
0.115537
0.115564
0.115608
0.115663
0.115716
0.115764
0.115802
0.115837
0.115843
0.115836
0.115813
0.115778
0.11575
0.115716
0.115686
0.115663
0.115639
0.115628
0.115627
0.115628
0.115634
0.11564
0.115635
0.115637
0.115631
0.115613
0.115591
0.115572
0.115553
0.11554
0.115536
0.115559
0.115604
0.115674
0.115771
0.115871
0.115976
0.116076
0.116166
0.116247
0.11629
0.116297
0.116276
0.116228
0.116167
0.116085
0.116017
0.115953
0.115912
0.115874
0.115848
0.115835
0.115827
0.115834
0.115841
0.115858
0.115878
0.115895
0.115918
0.115935
0.115941
0.115943
0.115929
0.115891
0.115844
0.115786
0.115717
0.115655
0.115611
0.115571
0.115548
0.11555
0.115585
0.115626
0.115684
0.115762
0.115848
0.115946
0.116053
0.11616
0.116266
0.116368
0.116458
0.116536
0.116582
0.116581
0.116553
0.116484
0.116374
0.116254
0.116131
0.116027
0.11596
0.115922
0.115924
0.115949
0.115976
0.116012
0.11605
0.116086
0.116113
0.116123
0.116123
0.116107
0.116085
0.116058
0.116021
0.115975
0.115927
0.115879
0.115837
0.115808
0.115775
0.115766
0.115763
0.115781
0.115813
0.115855
0.115899
0.115939
0.11595
0.115927
0.115866
0.115759
0.115644
0.115541
0.115456
0.115407
0.115398
0.115425
0.115483
0.115546
0.115631
0.115709
0.115783
0.115853
0.11592
0.11598
0.116036
0.116072
0.1161
0.116118
0.11613
0.116136
0.116132
0.116145
0.116148
0.116182
0.116215
0.116256
0.1163
0.116334
0.116344
0.116321
0.116249
0.116125
0.115956
0.115782
0.115602
0.115455
0.115352
0.115282
0.115249
0.115255
0.115288
0.115355
0.115453
0.115567
0.115698
0.115835
0.115972
0.116084
0.116176
0.116242
0.116254
0.11621
0.116097
0.115946
0.115773
0.115604
0.115491
0.115444
0.115474
0.115572
0.11571
0.115869
0.116023
0.11614
0.116209
0.116222
0.116184
0.116114
0.116043
0.115976
0.115925
0.115885
0.115855
0.115825
0.115784
0.11574
0.115702
0.115677
0.115684
0.115726
0.115804
0.115909
0.11602
0.116123
0.116194
0.116212
0.116164
0.116059
0.115919
0.115774
0.115645
0.115558
0.115509
0.115489
0.115505
0.115524
0.115552
0.115582
0.115619
0.115656
0.115677
0.115712
0.115752
0.115784
0.115819
0.115858
0.115894
0.115924
0.115929
0.115945
0.115941
0.115927
0.115911
0.115909
0.115908
0.115921
0.115946
0.115976
0.116006
0.116037
0.116065
0.116086
0.116085
0.116077
0.116063
0.116031
0.116001
0.115963
0.115936
0.115908
0.115894
0.115888
0.115889
0.115898
0.115908
0.115911
0.115893
0.115867
0.115809
0.11574
0.115667
0.115602
0.115555
0.11554
0.115553
0.115588
0.115642
0.115718
0.115801
0.115884
0.11597
0.116053
0.116121
0.11618
0.116214
0.11622
0.116204
0.116167
0.116126
0.116079
0.116029
0.11599
0.115959
0.115928
0.115901
0.115878
0.115851
0.115821
0.115785
0.115742
0.115702
0.115664
0.115632
0.115622
0.115637
0.115663
0.115699
0.115748
0.115804
0.11587
0.115933
0.115992
0.116041
0.116083
0.116115
0.11614
0.116142
0.116137
0.116134
0.116125
0.116114
0.116096
0.116073
0.116045
0.115996
0.115935
0.115884
0.115832
0.115794
0.115763
0.115743
0.115731
0.115712
0.115703
0.1157
0.115705
0.115713
0.115732
0.115753
0.115779
0.115807
0.115844
0.115856
0.115882
0.115904
0.11593
0.115968
0.115999
0.116033
0.116063
0.116091
0.116115
0.116135
0.116143
0.116144
0.116137
0.116125
0.116111
0.116089
0.116071
0.116055
0.116033
0.11602
0.116011
0.115993
0.115972
0.11595
0.115916
0.115884
0.115858
0.115826
0.115812
0.115805
0.115813
0.115836
0.115857
0.115876
0.115898
0.115905
0.115905
0.11588
0.115841
0.115782
0.115718
0.11564
0.115566
0.115496
0.115438
0.115392
0.115368
0.115362
0.115385
0.115431
0.115467
0.115519
0.115575
0.11564
0.115704
0.115775
0.115847
0.115906
0.115968
0.116027
0.11607
0.116096
0.116095
0.116067
0.116006
0.11593
0.115831
0.115724
0.11562
0.115532
0.115472
0.115442
0.115438
0.115474
0.115534
0.115621
0.115706
0.115786
0.115855
0.115914
0.115959
0.11598
0.115976
0.115959
0.115908
0.115842
0.115769
0.115698
0.11562
0.115554
0.115503
0.115468
0.11544
0.115428
0.115422
0.115436
0.115451
0.115471
0.1155
0.115543
0.115593
0.115646
0.115692
0.115735
0.115763
0.115784
0.1158
0.115806
0.115814
0.115835
0.115882
0.115944
0.116046
0.116172
0.116335
0.116525
0.116725
0.1169
0.117002
0.116975
0.116785
0.116432
0.115993
0.115585
0.115291
0.115149
0.115118
0.115151
0.115203
0.11526
0.115305
0.115337
0.115363
0.11539
0.115429
0.115469
0.115531
0.115598
0.115663
0.115739
0.115814
0.115877
0.115934
0.115996
0.116022
0.116048
0.116063
0.116071
0.116082
0.116106
0.116147
0.116222
0.116318
0.116435
0.116565
0.116678
0.11674
0.116704
0.116557
0.116288
0.115957
0.115625
0.115355
0.11518
0.115084
0.115054
0.115072
0.115136
0.115213
0.115318
0.115425
0.115538
0.115652
0.115762
0.115866
0.115954
0.116047
0.116149
0.116249
0.11636
0.11647
0.11656
0.116578
0.116498
0.116273
0.115939
0.115582
0.115304
0.115157
0.115138
0.115211
0.115331
0.115466
0.115594
0.115689
0.115777
0.115838
0.115893
0.115925
0.115939
0.11595
0.115958
0.115968
0.115991
0.116017
0.116044
0.116083
0.116127
0.116179
0.116223
0.116239
0.116232
0.116183
0.116088
0.115951
0.115797
0.11564
0.115515
0.115445
0.115412
0.11544
0.115504
0.115596
0.1157
0.115812
0.115921
0.116031
0.116133
0.11622
0.116288
0.116329
0.116334
0.116302
0.116229
0.116117
0.115959
0.115767
0.11557
0.115379
0.115236
0.115144
0.115127
0.115173
0.115266
0.115385
0.115497
0.115614
0.115723
0.115843
0.11596
0.116093
0.116229
0.116334
0.116396
0.116382
0.116297
0.116152
0.115971
0.115788
0.115634
0.115525
0.115446
0.115378
0.115328
0.115321
0.115329
0.115367
0.115436
0.115531
0.115641
0.115759
0.115879
0.115988
0.116081
0.116139
0.116154
0.116124
0.116052
0.115954
0.115872
0.115806
0.115769
0.115742
0.115726
0.115708
0.115698
0.115693
0.115678
0.11568
0.115703
0.115746
0.115824
0.115902
0.116001
0.116116
0.116238
0.116354
0.116454
0.116533
0.11658
0.1166
0.116586
0.116544
0.116469
0.116371
0.116247
0.116109
0.115972
0.115825
0.115686
0.115576
0.115507
0.115482
0.115503
0.115556
0.115653
0.11575
0.115841
0.115924
0.115992
0.116042
0.116088
0.116123
0.116149
0.116202
0.116259
0.11631
0.116366
0.11642
0.116437
0.116431
0.116395
0.11634
0.116266
0.116184
0.116098
0.116029
0.115974
0.11593
0.11588
0.11584
0.115799
0.115763
0.115733
0.11571
0.115698
0.11569
0.115697
0.115712
0.115735
0.115776
0.115807
0.115849
0.115879
0.115911
0.115935
0.115967
0.115993
0.116019
0.11606
0.116095
0.11613
0.11617
0.116208
0.116251
0.116269
0.11629
0.116302
0.116297
0.116264
0.11623
0.11618
0.116118
0.116045
0.115967
0.11589
0.115825
0.115778
0.115744
0.115732
0.115734
0.115734
0.115744
0.115775
0.115799
0.115823
0.115853
0.115877
0.115908
0.115933
0.115963
0.115986
0.11601
0.116036
0.116055
0.116061
0.116066
0.116073
0.116073
0.116067
0.116074
0.116095
0.116115
0.116132
0.116131
0.116104
0.116041
0.115944
0.115829
0.11571
0.115621
0.115549
0.115501
0.115483
0.115493
0.115527
0.115575
0.115634
0.115704
0.115775
0.115849
0.115903
0.11593
0.115953
0.115953
0.115943
0.115929
0.115911
0.115898
0.115896
0.115901
0.115905
0.115915
0.115931
0.115954
0.115981
0.116011
0.116027
0.116029
0.116032
0.116034
0.116024
0.116007
0.115978
0.115947
0.115912
0.115874
0.11583
0.115804
0.115782
0.115766
0.115755
0.115778
0.115801
0.115826
0.115871
0.11592
0.115956
0.11599
0.116007
0.116013
0.116
0.115964
0.115924
0.115869
0.115815
0.115767
0.115722
0.115678
0.115638
0.115621
0.115619
0.11562
0.115646
0.115683
0.115752
0.115821
0.115915
0.116015
0.116111
0.116223
0.116328
0.116423
0.11649
0.116516
0.116498
0.11645
0.116363
0.116253
0.116133
0.116024
0.11593
0.115854
0.115792
0.115737
0.115695
0.115653
0.115627
0.115608
0.11561
0.115607
0.115615
0.115637
0.115658
0.115698
0.115733
0.115763
0.115777
0.115758
0.115717
0.115647
0.115569
0.115474
0.115405
0.115346
0.115318
0.11532
0.115343
0.115392
0.11545
0.115522
0.115593
0.115668
0.115738
0.115806
0.11586
0.115925
0.115967
0.116016
0.116061
0.116097
0.116131
0.11616
0.116189
0.116204
0.116231
0.116239
0.116236
0.116227
0.116211
0.116165
0.116117
0.116063
0.115993
0.115922
0.115862
0.115813
0.115766
0.11572
0.115681
0.115647
0.115629
0.115608
0.115603
0.115605
0.115624
0.115656
0.115708
0.115766
0.115822
0.11588
0.11594
0.115984
0.116023
0.116046
0.116056
0.116046
0.116039
0.116035
0.116039
0.116062
0.116092
0.116122
0.116131
0.116123
0.116086
0.116016
0.115928
0.115854
0.115786
0.115735
0.115688
0.115624
0.11554
0.115435
0.115324
0.115244
0.115217
0.115233
0.115307
0.115416
0.115539
0.115651
0.115763
0.115851
0.11593
0.115984
0.116027
0.116053
0.116077
0.116101
0.116114
0.116127
0.116143
0.116159
0.116189
0.116226
0.11627
0.116322
0.11638
0.116438
0.116493
0.116538
0.116563
0.116569
0.116545
0.116492
0.11643
0.116375
0.116323
0.116293
0.116291
0.116309
0.116321
0.116332
0.1163
0.116218
0.116088
0.115905
0.115692
0.115496
0.11533
0.115221
0.115157
0.115146
0.115173
0.115231
0.115303
0.115386
0.115468
0.11556
0.115645
0.115729
0.115809
0.11588
0.11594
0.115997
0.116039
0.116073
0.116102
0.116116
0.116131
0.116147
0.116141
0.116146
0.116134
0.116125
0.116122
0.116123
0.116111
0.11611
0.116105
0.116099
0.116098
0.116088
0.116082
0.116072
0.116065
0.116063
0.116062
0.116055
0.116047
0.116043
0.116035
0.116027
0.116011
0.115993
0.115973
0.11595
0.115925
0.115899
0.115877
0.115851
0.115832
0.115814
0.115797
0.115789
0.11578
0.115776
0.115769
0.115773
0.115786
0.115809
0.115846
0.115891
0.115931
0.115973
0.116022
0.116067
0.116108
0.116138
0.116159
0.116152
0.116147
0.116138
0.116118
0.116067
0.115973
0.115842
0.115702
0.115566
0.115471
0.11541
0.115393
0.115405
0.115433
0.11547
0.115512
0.115554
0.115596
0.115642
0.115691
0.115732
0.115749
0.11576
0.115766
0.115763
0.115764
0.115775
0.115793
0.115823
0.115859
0.115897
0.115933
0.115981
0.116015
0.116038
0.116051
0.116049
0.116034
0.116014
0.115979
0.115938
0.115889
0.115839
0.115782
0.115726
0.115674
0.115624
0.115577
0.115529
0.1155
0.115474
0.115458
0.11545
0.115459
0.115476
0.11551
0.115555
0.115617
0.115687
0.11577
0.115863
0.115964
0.116064
0.116169
0.116253
0.11632
0.116352
0.116333
0.116254
0.116131
0.115974
0.115794
0.115634
0.115499
0.115398
0.115332
0.115295
0.115292
0.115308
0.115334
0.115365
0.115414
0.115464
0.115519
0.115573
0.115645
0.115722
0.115816
0.115899
0.116
0.116097
0.116191
0.116284
0.116369
0.11643
0.116474
0.116492
0.116462
0.116381
0.116259
0.116082
0.115865
0.115624
0.115379
0.115174
0.115031
0.114942
0.114928
0.114972
0.115059
0.115172
0.115295
0.115422
0.115535
0.11562
0.115672
0.115699
0.115696
0.115669
0.11563
0.115587
0.115554
0.115535
0.115544
0.11557
0.11561
0.115661
0.115724
0.115782
0.115856
0.115925
0.115987
0.116056
0.116126
0.116194
0.116258
0.116302
0.116334
0.116346
0.11632
0.116264
0.116194
0.116092
0.11598
0.115869
0.115772
0.115696
0.115661
0.11566
0.115693
0.11574
0.115812
0.115901
0.115971
0.116016
0.116026
0.116
0.11593
0.115827
0.115718
0.115612
0.115522
0.115467
0.115448
0.115465
0.115501
0.115553
0.115607
0.115656
0.115698
0.115722
0.115736
0.115746
0.115749
0.115758
0.115767
0.115778
0.115793
0.115808
0.115825
0.115849
0.115866
0.115884
0.115916
0.115925
0.115944
0.115974
0.116005
0.116044
0.11609
0.116136
0.116176
0.116211
0.116237
0.116249
0.116228
0.116194
0.11614
0.116067
0.115989
0.115886
0.115775
0.115643
0.115514
0.1154
0.115316
0.115276
0.115285
0.115333
0.115401
0.115486
0.11559
0.115698
0.115804
0.115899
0.115966
0.115978
0.115945
0.115865
0.115748
0.115633
0.115551
0.115508
0.115517
0.115544
0.115595
0.115641
0.115672
0.115693
0.115695
0.115678
0.115667
0.115674
0.11569
0.115722
0.115779
0.115839
0.115903
0.115964
0.116005
0.116037
0.116055
0.116052
0.116053
0.11605
0.116054
0.116057
0.116053
0.116024
0.115957
0.115848
0.115706
0.115562
0.115426
0.115317
0.115251
0.115215
0.115209
0.11523
0.115285
0.115373
0.11548
0.115604
0.115726
0.115815
0.115865
0.115854
0.115805
0.115729
0.115673
0.115664
0.115693
0.115754
0.115839
0.115919
0.115978
0.116001
0.115981
0.115946
0.115899
0.115851
0.115818
0.115798
0.115803
0.115829
0.115867
0.115908
0.115944
0.11597
0.115965
0.115941
0.115888
0.115811
0.115714
0.115613
0.115512
0.115419
0.115337
0.115288
0.115256
0.115244
0.115257
0.115281
0.115333
0.115394
0.115478
0.115577
0.115686
0.11581
0.115943
0.116058
0.11616
0.116249
0.11631
0.116343
0.116343
0.116311
0.116227
0.116063
0.115811
0.115501
0.115185
0.114946
0.114824
0.11481
0.114881
0.115008
0.115164
0.115325
0.115489
0.115662
0.115826
0.115987
0.116134
0.116257
0.116347
0.116411
0.116452
0.116454
0.116451
0.116423
0.116382
0.116299
0.116196
0.11607
0.115924
0.115761
0.115586
0.115421
0.1153
0.11522
0.115206
0.115256
0.115367
0.115523
0.115709
0.115886
0.116001
0.11601
0.115908
0.115723
0.115525
0.11538
0.11531
0.115315
0.115365
0.115434
0.115511
0.115593
0.115674
0.115743
0.115805
0.115868
0.115907
0.115919
0.115909
0.115881
0.115837
0.115795
0.11576
0.115738
0.115736
0.115744
0.115777
0.11582
0.115862
0.115912
0.115969
0.116031
0.116097
0.116181
0.116266
0.11634
0.116377
0.116363
0.116289
0.116172
0.116012
0.11585
0.115708
0.115613
0.115559
0.115533
0.115539
0.115572
0.115615
0.115671
0.115744
0.115839
0.115957
0.116088
0.11621
0.116322
0.116421
0.116466
0.11647
0.116441
0.116414
0.116383
0.116365
0.116357
0.116349
0.116335
0.116294
0.1162
0.116052
0.115852
0.115626
0.115405
0.115236
0.115162
0.115199
0.115322
0.115478
0.115612
0.115682
0.115677
0.115631
0.115575
0.11555
0.115568
0.115626
0.115713
0.115825
0.115933
0.116041
0.116125
0.116185
0.116217
0.116216
0.116186
0.116131
0.116064
0.115995
0.115947
0.115919
0.11591
0.115921
0.115943
0.11597
0.116009
0.116036
0.116055
0.11606
0.116049
0.116022
0.115986
0.115946
0.115918
0.115901
0.115914
0.115942
0.115973
0.115991
0.115981
0.115937
0.115867
0.115773
0.115688
0.115624
0.115595
0.115595
0.115635
0.115711
0.1158
0.115904
0.116017
0.116129
0.116232
0.116306
0.116357
0.116373
0.116347
0.116289
0.116202
0.116091
0.115971
0.115841
0.115719
0.115613
0.115525
0.115453
0.115411
0.115388
0.115388
0.115405
0.115429
0.115466
0.115508
0.115549
0.115591
0.115642
0.115692
0.115756
0.115813
0.115864
0.115906
0.115923
0.115923
0.115904
0.11585
0.115786
0.115715
0.115654
0.115615
0.1156
0.115617
0.115664
0.115725
0.115789
0.115849
0.115893
0.115923
0.115937
0.115923
0.115889
0.115828
0.115772
0.115712
0.115655
0.115616
0.115614
0.115628
0.115674
0.115752
0.115843
0.115958
0.116092
0.116222
0.116335
0.116448
0.116521
0.116559
0.116553
0.116486
0.116386
0.11624
0.116067
0.115854
0.11563
0.115393
0.115182
0.115003
0.114881
0.114838
0.114861
0.114956
0.115105
0.115297
0.115518
0.115746
0.115964
0.116145
0.116293
0.116387
0.116429
0.116428
0.116413
0.116407
0.116419
0.116448
0.116455
0.116413
0.116286
0.116061
0.115774
0.115486
0.115264
0.115144
0.115112
0.115173
0.115286
0.115433
0.115586
0.115722
0.115842
0.115929
0.115978
0.115989
0.115964
0.115942
0.115919
0.115905
0.115899
0.115892
0.115899
0.115896
0.115886
0.11586
0.11583
0.11579
0.115762
0.115726
0.115695
0.115682
0.115682
0.115706
0.115743
0.115805
0.115869
0.115943
0.116018
0.116093
0.116165
0.116238
0.116288
0.116329
0.116348
0.116345
0.116336
0.1163
0.116258
0.116204
0.116123
0.116007
0.115875
0.115741
0.115631
0.115574
0.11558
0.115652
0.115777
0.115942
0.116119
0.116276
0.116385
0.116433
0.116426
0.116371
0.116302
0.116232
0.116181
0.116145
0.116113
0.116085
0.116067
0.116052
0.116027
0.115998
0.115955
0.11592
0.115888
0.11586
0.115862
0.115871
0.115884
0.115896
0.115917
0.115944
0.115956
0.11598
0.115993
0.116011
0.116029
0.116052
0.116091
0.11613
0.116164
0.11619
0.116199
0.116182
0.116121
0.116035
0.115946
0.115882
0.115873
0.115948
0.116103
0.116293
0.116491
0.116629
0.116665
0.116549
0.116301
0.115968
0.115671
0.11548
0.115418
0.115453
0.115543
0.115651
0.115742
0.115812
0.115866
0.115894
0.115935
0.115974
0.116017
0.116074
0.116132
0.116188
0.116247
0.116284
0.116305
0.116299
0.116262
0.116185
0.116086
0.115986
0.115876
0.115774
0.115701
0.115665
0.115659
0.115675
0.115715
0.115778
0.11584
0.115912
0.115977
0.116032
0.116062
0.116066
0.116034
0.115962
0.115869
0.115761
0.11566
0.115573
0.115518
0.115497
0.11552
0.115582
0.115662
0.115765
0.11588
0.115992
0.116111
0.116213
0.116315
0.116396
0.116451
0.11648
0.116471
0.116428
0.116343
0.116234
0.11612
0.116009
0.115925
0.115883
0.115875
0.115906
0.115946
0.115961
0.115939
0.115879
0.115789
0.115704
0.115647
0.115621
0.11562
0.115632
0.115658
0.115673
0.115692
0.115712
0.115747
0.115809
0.115876
0.115963
0.116054
0.11616
0.116261
0.116357
0.116415
0.116426
0.116359
0.116206
0.115968
0.115697
0.115465
0.115312
0.115278
0.115359
0.115525
0.115723
0.115932
0.116135
0.116307
0.116413
0.116462
0.116442
0.116355
0.116223
0.116076
0.115936
0.115824
0.115756
0.115721
0.115724
0.115746
0.11577
0.11581
0.115862
0.115905
0.11594
0.115974
0.116016
0.116057
0.11609
0.116109
0.116097
0.116042
0.115935
0.115787
0.115648
0.115544
0.115498
0.115524
0.115593
0.115705
0.115811
0.115913
0.115989
0.116044
0.11608
0.116094
0.116111
0.116107
0.1161
0.116093
0.116097
0.116106
0.116113
0.116146
0.116182
0.116223
0.116266
0.116308
0.116341
0.116344
0.116287
0.116186
0.116013
0.115819
0.115638
0.115516
0.115478
0.115538
0.115687
0.115909
0.116166
0.116438
0.116679
0.116851
0.116924
0.11686
0.116676
0.116414
0.116132
0.115906
0.115744
0.115652
0.115602
0.115586
0.115577
0.115575
0.115576
0.115576
0.11558
0.115607
0.115621
0.115647
0.11568
0.115712
0.115746
0.115787
0.115822
0.115873
0.11592
0.115973
0.116024
0.116069
0.116105
0.116117
0.116097
0.11604
0.115945
0.115829
0.115708
0.115616
0.115562
0.115567
0.115604
0.11567
0.115751
0.11583
0.115906
0.115971
0.116026
0.116078
0.116132
0.116182
0.116234
0.116295
0.116373
0.116455
0.11651
0.116542
0.116519
0.116419
0.11624
0.116009
0.115778
0.115586
0.115459
0.115412
0.115418
0.115465
0.115517
0.115583
0.115646
0.115709
0.115769
0.115834
0.115904
0.115965
0.116022
0.116089
0.116147
0.116208
0.116277
0.116337
0.116396
0.116444
0.116478
0.116491
0.116475
0.116441
0.116374
0.116289
0.11619
0.116092
0.11598
0.115876
0.115784
0.115711
0.115655
0.115618
0.11562
0.115645
0.115673
0.115718
0.115764
0.115802
0.11584
0.115868
0.115875
0.115873
0.115869
0.115858
0.115851
0.115839
0.115822
0.115807
0.115786
0.11578
0.11577
0.115772
0.115784
0.115799
0.115819
0.115855
0.115896
0.115956
0.116013
0.116073
0.116131
0.116174
0.116216
0.11624
0.116251
0.116242
0.116217
0.116166
0.116098
0.116032
0.115947
0.115881
0.115823
0.115768
0.115732
0.115711
0.115704
0.115701
0.11571
0.115721
0.11574
0.115761
0.115785
0.115814
0.115844
0.115879
0.115925
0.115979
0.116027
0.116089
0.116163
0.11622
0.116265
0.116289
0.116284
0.116238
0.116147
0.116015
0.115857
0.115705
0.115577
0.11549
0.115456
0.115481
0.115536
0.115608
0.1157
0.115793
0.115893
0.115988
0.116071
0.116151
0.116202
0.116231
0.116221
0.116163
0.116063
0.115933
0.115795
0.115665
0.115556
0.115486
0.115452
0.115459
0.115499
0.115561
0.115631
0.115703
0.11578
0.115853
0.11591
0.115956
0.116007
0.116058
0.116104
0.116141
0.116186
0.116227
0.116271
0.116305
0.116341
0.116363
0.116365
0.116353
0.11632
0.116282
0.116231
0.116175
0.116111
0.116045
0.115982
0.115929
0.115874
0.115835
0.115797
0.11576
0.115731
0.115699
0.115685
0.115668
0.115669
0.11569
0.11572
0.115758
0.115812
0.115872
0.115934
0.115998
0.116048
0.116092
0.116129
0.116171
0.116205
0.116229
0.116249
0.116269
0.116273
0.116253
0.116221
0.116166
0.11609
0.115987
0.115885
0.115779
0.115687
0.11562
0.115571
0.115546
0.115537
0.115534
0.115536
0.115545
0.115551
0.115561
0.115558
0.115565
0.115569
0.115579
0.115592
0.11562
0.115652
0.1157
0.115745
0.115799
0.115851
0.115902
0.115941
0.115975
0.115994
0.115995
0.11598
0.115972
0.115947
0.11592
0.115909
0.115911
0.115937
0.11598
0.116029
0.116077
0.116113
0.11612
0.116074
0.116001
0.115897
0.115784
0.115675
0.115599
0.115563
0.115562
0.115591
0.115652
0.115715
0.11577
0.11582
0.115855
0.115885
0.1159
0.115887
0.115873
0.115861
0.115855
0.115853
0.115855
0.115876
0.115894
0.11591
0.115924
0.115934
0.115938
0.115938
0.115935
0.115939
0.115942
0.115941
0.11595
0.11597
0.115984
0.115996
0.116015
0.116013
0.116011
0.116001
0.11598
0.115956
0.115936
0.115925
0.115922
0.115926
0.115935
0.115956
0.115976
0.116012
0.116056
0.116098
0.116147
0.116192
0.116225
0.116248
0.116269
0.116269
0.116246
0.116191
0.11611
0.115991
0.115867
0.115716
0.115586
0.11549
0.115421
0.115398
0.115409
0.115443
0.115482
0.115506
0.11552
0.115521
0.115505
0.115487
0.115469
0.115475
0.115494
0.115535
0.115593
0.115659
0.115729
0.1158
0.115876
0.115955
0.116019
0.116069
0.116112
0.116139
0.116156
0.116168
0.116165
0.11616
0.116148
0.116153
0.116154
0.116159
0.116165
0.116158
0.116144
0.116128
0.116132
0.116135
0.116144
0.11615
0.11613
0.116055
0.115928
0.115764
0.115593
0.115439
0.115326
0.115276
0.115265
0.11528
0.115308
0.115353
0.115406
0.115463
0.115532
0.115607
0.115693
0.115779
0.115866
0.115949
0.116029
0.116098
0.116155
0.116195
0.11623
0.116246
0.116256
0.116247
0.116231
0.116202
0.116177
0.11615
0.116128
0.116105
0.116082
0.116064
0.116048
0.116037
0.116024
0.116003
0.115979
0.115936
0.11588
0.115821
0.115769
0.115716
0.115675
0.115632
0.115607
0.115599
0.115601
0.115618
0.115646
0.115679
0.11571
0.115738
0.115772
0.115802
0.115834
0.115856
0.115864
0.115856
0.115836
0.115796
0.115742
0.115699
0.115657
0.115644
0.115661
0.115711
0.115796
0.115909
0.116028
0.11615
0.116231
0.116257
0.116197
0.116056
0.115863
0.115669
0.115514
0.115433
0.115423
0.115461
0.115527
0.115587
0.115645
0.115685
0.115703
0.115718
0.115723
0.115715
0.115715
0.11572
0.115735
0.115749
0.115775
0.115794
0.115809
0.115825
0.115835
0.115851
0.115848
0.11584
0.115822
0.115801
0.115768
0.115731
0.115703
0.115678
0.115649
0.115616
0.115595
0.115576
0.115559
0.115557
0.115546
0.11554
0.115534
0.115545
0.115552
0.115575
0.11561
0.115662
0.115714
0.115776
0.115839
0.115902
0.115963
0.116005
0.116036
0.116065
0.116072
0.116088
0.116109
0.11613
0.116168
0.11621
0.116263
0.116298
0.116314
0.116284
0.116211
0.116097
0.115958
0.115792
0.115628
0.11548
0.115367
0.115324
0.115342
0.115426
0.115527
0.115617
0.115668
0.115659
0.11559
0.115487
0.115382
0.115311
0.115285
0.1153
0.115358
0.115435
0.115521
0.115619
0.115723
0.115835
0.115946
0.116044
0.116149
0.116234
0.1163
0.116334
0.11635
0.116317
0.116274
0.116204
0.116134
0.11606
0.116003
0.115957
0.115932
0.115912
0.115917
0.115936
0.115952
0.115992
0.116046
0.116115
0.116194
0.116275
0.116348
0.116393
0.116393
0.11635
0.116267
0.116143
0.115994
0.115839
0.11572
0.115645
0.1156
0.115589
0.115601
0.115628
0.115655
0.115695
0.11574
0.115805
0.115882
0.115976
0.11608
0.116193
0.116306
0.116401
0.116455
0.116453
0.1164
0.116295
0.116155
0.116026
0.115926
0.115859
0.115822
0.115809
0.11581
0.115799
0.115792
0.115788
0.115784
0.115789
0.115796
0.115817
0.115838
0.115858
0.115884
0.115909
0.115933
0.115953
0.115977
0.116
0.116016
0.11603
0.116042
0.116053
0.116067
0.116075
0.116077
0.116068
0.116047
0.11601
0.115944
0.115874
0.115799
0.115733
0.115656
0.1156
0.115554
0.115537
0.115549
0.115587
0.115657
0.115756
0.115862
0.115973
0.116083
0.11619
0.116281
0.116358
0.11641
0.116446
0.116452
0.116424
0.116355
0.11624
0.116089
0.115896
0.11569
0.115495
0.115328
0.115207
0.115146
0.115136
0.115182
0.115254
0.115349
0.115469
0.115592
0.115714
0.115846
0.115977
0.116108
0.116231
0.116354
0.116466
0.116566
0.116648
0.116701
0.116724
0.116719
0.116679
0.116599
0.116486
0.116331
0.116149
0.115939
0.115718
0.115528
0.115388
0.115328
0.115347
0.115416
0.115508
0.115604
0.115691
0.115756
0.115811
0.115841
0.115858
0.115867
0.115875
0.11589
0.115916
0.115934
0.115956
0.115983
0.116019
0.116074
0.116132
0.116188
0.116237
0.116277
0.116292
0.116282
0.116244
0.116168
0.116067
0.115943
0.115781
0.115622
0.115464
0.115339
0.115251
0.115227
0.115249
0.115323
0.115426
0.115553
0.115687
0.115829
0.115958
0.116064
0.116152
0.116211
0.11623
0.1162
0.11614
0.116055
0.115968
0.115888
0.11585
0.115865
0.115925
0.116024
0.116149
0.116281
0.116418
0.116534
0.116628
0.116679
0.116696
0.116666
0.116583
0.116458
0.116288
0.116107
0.115927
0.115763
0.115627
0.115537
0.115494
0.115487
0.115528
0.115579
0.115637
0.115682
0.115706
0.11568
0.115611
0.115516
0.115409
0.115342
0.115323
0.115362
0.115445
0.115553
0.115675
0.115796
0.115929
0.116075
0.116223
0.116365
0.116496
0.116604
0.116671
0.116665
0.116598
0.116461
0.116279
0.116099
0.115943
0.115832
0.115771
0.115761
0.11579
0.115853
0.115942
0.11603
0.11612
0.116195
0.11625
0.116251
0.116203
0.116115
0.115996
0.115867
0.11575
0.115676
0.115656
0.115663
0.115696
0.115732
0.115768
0.115783
0.115792
0.115791
0.115792
0.115805
0.115821
0.115863
0.115914
0.115988
0.116056
0.116129
0.116193
0.116244
0.116269
0.116271
0.116241
0.116182
0.116106
0.116033
0.115964
0.115907
0.115868
0.115843
0.115827
0.115822
0.11583
0.115836
0.115856
0.115885
0.115921
0.115955
0.115986
0.115998
0.115986
0.115947
0.115901
0.11585
0.11581
0.115782
0.115784
0.115802
0.115832
0.115879
0.115936
0.115992
0.116041
0.116086
0.116117
0.116145
0.116165
0.116177
0.116179
0.116181
0.116178
0.116164
0.116153
0.116126
0.116087
0.116036
0.115974
0.115897
0.115816
0.115732
0.115652
0.115586
0.115531
0.115494
0.115481
0.11548
0.115494
0.115519
0.115567
0.115637
0.115717
0.115807
0.1159
0.115999
0.116084
0.116173
0.116243
0.11629
0.116306
0.116284
0.116216
0.116096
0.115965
0.115824
0.115683
0.115575
0.115499
0.115452
0.11545
0.115484
0.115547
0.115638
0.115742
0.115856
0.115957
0.116022
0.116051
0.116041
0.116003
0.115951
0.115901
0.115874
0.115873
0.115901
0.115982
0.116097
0.116267
0.116465
0.116644
0.116747
0.116703
0.11648
0.116135
0.115792
0.115564
0.115502
0.115587
0.115748
0.115899
0.115988
0.115993
0.115891
0.115722
0.115518
0.115334
0.115214
0.115158
0.115157
0.115201
0.115272
0.115348
0.115428
0.115513
0.1156
0.115694
0.115792
0.115896
0.115993
0.116094
0.116176
0.116252
0.116322
0.116367
0.116401
0.116436
0.116453
0.116486
0.116522
0.116578
0.116655
0.116733
0.116768
0.116723
0.116544
0.116241
0.115907
0.115638
0.115502
0.115494
0.115565
0.115663
0.115739
0.115768
0.115758
0.115715
0.115673
0.115646
0.115642
0.115648
0.115678
0.115712
0.115754
0.115781
0.115818
0.115858
0.115888
0.115917
0.115939
0.115956
0.115971
0.115987
0.115995
0.116005
0.116009
0.116007
0.116001
0.115994
0.115983
0.115987
0.116001
0.116036
0.116071
0.116104
0.11613
0.116149
0.116149
0.116124
0.116094
0.11606
0.116024
0.116009
0.116005
0.116015
0.116034
0.116057
0.11609
0.116117
0.116137
0.11614
0.116136
0.116116
0.116069
0.116011
0.11593
0.115853
0.115784
0.115721
0.115683
0.115668
0.115672
0.115706
0.115749
0.115806
0.115867
0.115933
0.116003
0.116064
0.116115
0.116172
0.116224
0.116273
0.116304
0.116325
0.116316
0.116282
0.116223
0.116128
0.116007
0.115879
0.115756
0.115649
0.115586
0.115574
0.115608
0.115666
0.115763
0.11588
0.115993
0.116098
0.116187
0.116262
0.116319
0.116364
0.116399
0.116413
0.116383
0.116284
0.116102
0.11585
0.115596
0.115379
0.115258
0.115237
0.115309
0.115443
0.115614
0.115802
0.115995
0.116171
0.11631
0.116402
0.116428
0.116387
0.116307
0.116196
0.11609
0.116014
0.115973
0.115956
0.115954
0.115943
0.11589
0.115798
0.115691
0.115584
0.115508
0.115498
0.115548
0.115633
0.115742
0.115864
0.116006
0.116133
0.116249
0.116351
0.116442
0.116499
0.116521
0.1165
0.116428
0.116319
0.116177
0.116021
0.115874
0.115756
0.115669
0.115623
0.115606
0.11561
0.115629
0.115666
0.115721
0.115783
0.115854
0.115913
0.11596
0.115997
0.116014
0.116026
0.11603
0.11603
0.116027
0.116025
0.116022
0.116019
0.116018
0.116017
0.11602
0.116019
0.116023
0.116025
0.116031
0.116034
0.116038
0.116047
0.116053
0.116043
0.116036
0.116009
0.115982
0.11596
0.11592
0.115881
0.115857
0.115848
0.115857
0.115884
0.115922
0.115966
0.116014
0.116056
0.116089
0.11611
0.116119
0.116113
0.116094
0.116065
0.116031
0.115994
0.115968
0.115948
0.115939
0.115946
0.115965
0.115997
0.11603
0.116069
0.116106
0.116152
0.116196
0.116241
0.11628
0.1163
0.116299
0.116296
0.116256
0.116183
0.116098
0.115986
0.115849
0.115721
0.115614
0.115545
0.115503
0.115509
0.115543
0.115602
0.115675
0.115755
0.115841
0.115922
0.116003
0.11607
0.116135
0.116187
0.116231
0.11626
0.116272
0.116262
0.116235
0.116194
0.116141
0.11608
0.116001
0.115925
0.115854
0.11579
0.115726
0.115683
0.11565
0.115626
0.115611
0.115604
0.115612
0.115622
0.115645
0.11566
0.11569
0.11571
0.115733
0.115769
0.115793
0.11583
0.115852
0.115875
0.115891
0.115913
0.115922
0.11594
0.115952
0.115957
0.115954
0.115948
0.115935
0.115923
0.115928
0.115923
0.115932
0.115949
0.115964
0.115979
0.115982
0.115982
0.115967
0.115927
0.115883
0.115822
0.115754
0.115685
0.11562
0.115582
0.115556
0.115554
0.115568
0.115609
0.11566
0.115714
0.115792
0.115861
0.115939
0.11601
0.116084
0.116161
0.116231
0.116295
0.116339
0.116356
0.116341
0.116279
0.116161
0.115992
0.115799
0.115601
0.115443
0.115344
0.115309
0.115335
0.115398
0.115494
0.115592
0.115686
0.115767
0.115837
0.11589
0.115929
0.115958
0.115977
0.115996
0.116023
0.116054
0.116087
0.116122
0.116177
0.116229
0.116285
0.116333
0.116364
0.116375
0.116341
0.116272
0.11616
0.116006
0.115848
0.11569
0.115546
0.11544
0.115368
0.115338
0.115344
0.115385
0.115449
0.115531
0.115622
0.115716
0.115802
0.115889
0.115972
0.116059
0.116137
0.116196
0.116235
0.116248
0.116246
0.116223
0.116179
0.116121
0.116049
0.115977
0.115911
0.115857
0.115824
0.115818
0.115811
0.11582
0.115834
0.115865
0.115891
0.115922
0.115954
0.115985
0.116007
0.11604
0.116074
0.116103
0.116139
0.116178
0.116228
0.116289
0.116345
0.116407
0.116464
0.116523
0.116572
0.116601
0.116585
0.1165
0.116355
0.116167
0.115954
0.115746
0.115563
0.115433
0.115346
0.115316
0.115319
0.115356
0.115403
0.115472
0.115537
0.115598
0.115646
0.115703
0.115737
0.115765
0.11578
0.1158
0.115807
0.115816
0.115814
0.115815
0.115814
0.11581
0.115801
0.115801
0.115798
0.115793
0.115785
0.115779
0.115769
0.115757
0.115755
0.115754
0.11575
0.115739
0.115746
0.115743
0.11575
0.115759
0.115778
0.1158
0.115815
0.115833
0.115856
0.115874
0.115901
0.11593
0.115942
0.115962
0.115966
0.115975
0.115989
0.115999
0.116008
0.116038
0.116053
0.116073
0.116094
0.116099
0.116104
0.116082
0.116052
0.115997
0.115934
0.115854
0.115762
0.115667
0.115556
0.115467
0.11541
0.115394
0.115408
0.11545
0.115493
0.115517
0.115523
0.115497
0.11546
0.115411
0.115372
0.115349
0.115349
0.115378
0.115438
0.115508
0.115588
0.115669
0.115752
0.115835
0.115904
0.115964
0.116027
0.116075
0.116132
0.116192
0.11623
0.116265
0.116277
0.116283
0.116262
0.116216
0.116149
0.116057
0.115955
0.115846
0.115752
0.115661
0.115579
0.115526
0.1155
0.115499
0.115521
0.115566
0.115626
0.115696
0.115778
0.115861
0.115942
0.11603
0.116107
0.116176
0.116242
0.116285
0.116306
0.116305
0.116262
0.116173
0.116049
0.115902
0.115754
0.115625
0.115534
0.115482
0.115458
0.115459
0.115473
0.115502
0.115539
0.115585
0.115632
0.115695
0.11576
0.115842
0.115925
0.116023
0.116134
0.116236
0.116337
0.116409
0.116417
0.116355
0.116226
0.11603
0.115791
0.11558
0.115439
0.115389
0.115427
0.115517
0.115643
0.115778
0.115898
0.115994
0.116074
0.116121
0.116137
0.116133
0.116098
0.116048
0.115988
0.115931
0.115894
0.115866
0.115851
0.115846
0.115832
0.115804
0.115759
0.115689
0.115605
0.115525
0.115453
0.115396
0.115381
0.115378
0.115398
0.115447
0.115498
0.115546
0.115607
0.115647
0.115691
0.115716
0.11575
0.115787
0.115821
0.115852
0.115879
0.115896
0.115914
0.115914
0.115898
0.115887
0.115863
0.115833
0.115795
0.115762
0.115733
0.115713
0.115705
0.115721
0.115749
0.115785
0.115836
0.115884
0.115923
0.115928
0.115884
0.115791
0.115648
0.11549
0.115359
0.115262
0.115204
0.115209
0.11525
0.115326
0.115418
0.115517
0.115598
0.115685
0.115768
0.11582
0.115861
0.115874
0.11587
0.115854
0.115815
0.115787
0.115752
0.115735
0.115732
0.11574
0.115771
0.115795
0.115822
0.115851
0.115879
0.115899
0.115918
0.115931
0.115932
0.115921
0.115896
0.115854
0.115788
0.115715
0.115674
0.11567
0.115729
0.115826
0.115939
0.116032
0.116089
0.11607
0.11597
0.115807
0.115614
0.115433
0.115298
0.115217
0.115189
0.115195
0.11523
0.115289
0.115351
0.115433
0.115516
0.115595
0.115663
0.115729
0.115796
0.115865
0.115929
0.115991
0.116079
0.116149
0.116203
0.116224
0.116224
0.116189
0.116133
0.116065
0.115982
0.115909
0.115837
0.115771
0.115712
0.11567
0.115652
0.115658
0.115673
0.115692
0.1157
0.115713
0.115705
0.115697
0.115691
0.115678
0.115672
0.115645
0.115605
0.115567
0.115539
0.115507
0.11549
0.115476
0.115473
0.115478
0.115482
0.115503
0.115518
0.115541
0.11557
0.115607
0.115642
0.115665
0.115693
0.11573
0.115762
0.115798
0.115825
0.115854
0.115869
0.115879
0.115891
0.115903
0.115912
0.115929
0.115947
0.115964
0.115968
0.115967
0.11596
0.115941
0.115898
0.115839
0.115763
0.115659
0.115542
0.115421
0.115304
0.115216
0.115152
0.115125
0.115131
0.115173
0.115245
0.115333
0.115439
0.115548
0.115663
0.115778
0.115886
0.115991
0.116092
0.116198
0.116297
0.116393
0.116482
0.11655
0.116579
0.11653
0.116388
0.116121
0.115744
0.115335
0.114948
0.114663
0.114532
0.114532
0.11464
0.114792
0.114971
0.115149
0.115306
0.115442
0.115565
0.115683
0.115792
0.115891
0.115978
0.116047
0.116108
0.116139
0.116146
0.116121
0.116066
0.115991
0.115903
0.115819
0.115755
0.115709
0.115669
0.115662
0.115669
0.115684
0.115699
0.115726
0.115742
0.115754
0.115773
0.115793
0.115816
0.115846
0.115888
0.115922
0.115949
0.115963
0.115963
0.115953
0.115935
0.115916
0.115906
0.115901
0.115913
0.11592
0.115904
0.115844
0.115739
0.115601
0.115457
0.115346
0.11528
0.115264
0.115307
0.11539
0.115519
0.115661
0.115819
0.115998
0.116198
0.116413
0.11664
0.116842
0.117005
0.117118
0.117125
0.11704
0.116873
0.116657
0.116424
0.116205
0.116036
0.115903
0.115822
0.115797
0.115827
0.115892
0.115955
0.115964
0.115879
0.115694
0.115465
0.115223
0.115016
0.114881
0.11484
0.114882
0.114975
0.115101
0.115244
0.11538
0.115516
0.115634
0.115727
0.115808
0.115863
0.115922
0.115978
0.116047
0.116114
0.116187
0.116251
0.116322
0.11639
0.116448
0.116506
0.116577
0.116655
0.116748
0.116833
0.116868
0.116802
0.116605
0.116288
0.1159
0.115545
0.115273
0.115097
0.115016
0.114992
0.115028
0.115091
0.115186
0.115285
0.115401
0.115502
0.11558
0.115639
0.115676
0.115697
0.115722
0.115751
0.1158
0.115855
0.115909
0.115981
0.116042
0.116096
0.116134
0.116153
0.116131
0.116082
0.116015
0.115941
0.115867
0.115816
0.115784
0.115788
0.115807
0.115836
0.115884
0.115911
0.115934
0.115941
0.115944
0.115959
0.115988
0.116021
0.116037
0.116013
0.115915
0.115748
0.115543
0.115378
0.115271
0.115258
0.115326
0.115441
0.115581
0.11572
0.115844
0.115951
0.11602
0.116084
0.116105
0.116092
0.116058
0.116014
0.115954
0.115896
0.11587
0.115846
0.115836
0.115834
0.115825
0.1158
0.115757
0.115705
0.115642
0.115594
0.115556
0.11554
0.115552
0.115582
0.115629
0.115692
0.11576
0.115818
0.115874
0.115922
0.115949
0.115964
0.115962
0.115936
0.115896
0.115847
0.115803
0.115758
0.115735
0.11572
0.115736
0.11576
0.115802
0.115863
0.115934
0.116008
0.116078
0.116147
0.116209
0.116252
0.11628
0.116274
0.116249
0.116188
0.1161
0.116006
0.115906
0.115819
0.115756
0.115743
0.115763
0.11581
0.1159
0.116001
0.116112
0.116202
0.116257
0.116258
0.116205
0.116102
0.115984
0.11587
0.115799
0.115773
0.115794
0.115853
0.115937
0.116026
0.116112
0.116192
0.11627
0.116342
0.116421
0.116511
0.116584
0.11663
0.116623
0.116553
0.116439
0.116288
0.116138
0.116004
0.115902
0.115821
0.11573
0.115628
0.115529
0.115424
0.115344
0.115299
0.115286
0.115302
0.115361
0.115438
0.115553
0.115685
0.11583
0.115978
0.116109
0.116226
0.11632
0.116378
0.116396
0.116369
0.116319
0.116226
0.116111
0.11599
0.115867
0.11577
0.115698
0.115666
0.115678
0.115739
0.115828
0.115929
0.116032
0.116131
0.116214
0.116264
0.116288
0.116277
0.116239
0.116184
0.116114
0.116032
0.115941
0.11587
0.11582
0.115821
0.115854
0.115909
0.115958
0.115998
0.116011
0.116001
0.11596
0.115904
0.115842
0.115778
0.11573
0.115695
0.115677
0.115668
0.115685
0.115713
0.115744
0.115784
0.115822
0.115856
0.115888
0.115912
0.11593
0.115951
0.115969
0.115997
0.116021
0.116042
0.116063
0.116088
0.116107
0.116111
0.116112
0.116109
0.116103
0.116091
0.116088
0.116079
0.116069
0.116064
0.116066
0.116065
0.116064
0.116065
0.116056
0.116043
0.116028
0.116002
0.115969
0.115934
0.115894
0.115867
0.115853
0.115854
0.115863
0.11587
0.11588
0.115862
0.115824
0.115792
0.115771
0.115753
0.115767
0.115805
0.115863
0.115926
0.11599
0.116034
0.116066
0.116085
0.116072
0.116037
0.115988
0.115938
0.115904
0.115895
0.115898
0.115941
0.115999
0.116087
0.116178
0.116265
0.116325
0.116351
0.116333
0.11629
0.11621
0.116106
0.115973
0.115852
0.115744
0.115664
0.115601
0.115556
0.115525
0.115506
0.115503
0.115534
0.115594
0.115685
0.115785
0.115915
0.116032
0.116131
0.116209
0.116272
0.116319
0.116342
0.116335
0.116305
0.116228
0.116109
0.115957
0.115788
0.11564
0.115535
0.115498
0.115524
0.115588
0.115674
0.115739
0.115771
0.115772
0.115748
0.115718
0.115704
0.11572
0.11577
0.115848
0.115942
0.116045
0.116152
0.116232
0.116282
0.116316
0.116316
0.11628
0.116217
0.116127
0.116035
0.115944
0.115853
0.115783
0.115738
0.115709
0.115695
0.115697
0.115702
0.115716
0.115727
0.11575
0.115778
0.115812
0.115849
0.115882
0.115922
0.11594
0.115943
0.115935
0.115934
0.115934
0.115943
0.115961
0.115991
0.116029
0.116068
0.116098
0.116123
0.116133
0.116138
0.116132
0.116118
0.11608
0.116021
0.115939
0.115828
0.115715
0.11562
0.115548
0.115507
0.115497
0.115518
0.115566
0.115618
0.115679
0.115751
0.115819
0.115871
0.115898
0.115916
0.115903
0.11587
0.115825
0.115779
0.115725
0.1157
0.1157
0.115717
0.11575
0.115803
0.115868
0.115928
0.115992
0.116044
0.116094
0.116141
0.116163
0.116182
0.116181
0.116164
0.116115
0.116051
0.11596
0.115877
0.115799
0.115727
0.115671
0.115624
0.115594
0.11557
0.115559
0.115554
0.115553
0.115556
0.115584
0.115626
0.115668
0.115702
0.115741
0.115762
0.115793
0.115811
0.115843
0.115874
0.115907
0.115941
0.115976
0.116001
0.11603
0.11603
0.116009
0.115968
0.115913
0.115846
0.115784
0.115733
0.115701
0.115691
0.115696
0.115733
0.115767
0.115797
0.115798
0.115752
0.115654
0.115524
0.115386
0.115265
0.115192
0.11518
0.115205
0.115267
0.11534
0.115427
0.115516
0.11561
0.115699
0.115784
0.115869
0.115959
0.116042
0.116116
0.116182
0.11623
0.116252
0.116257
0.116218
0.116155
0.11608
0.11599
0.115907
0.115839
0.11579
0.115759
0.115714
0.115646
0.115558
0.115443
0.115335
0.115249
0.115193
0.115169
0.115176
0.115213
0.115264
0.115334
0.115409
0.115479
0.115534
0.115568
0.1156
0.115616
0.115618
0.115615
0.115608
0.115593
0.115586
0.115582
0.115587
0.115581
0.115579
0.115571
0.115559
0.115548
0.115533
0.115514
0.115497
0.115491
0.11549
0.115492
0.115514
0.115554
0.115598
0.115672
0.115765
0.11587
0.115972
0.116062
0.116125
0.116135
0.116062
0.115912
0.115686
0.115427
0.115201
0.115039
0.114971
0.11499
0.115058
0.115187
0.11533
0.115498
0.115673
0.115834
0.115963
0.116046
0.116049
0.115986
0.115871
0.115726
0.1156
0.115499
0.11542
0.115366
0.115329
0.115313
0.115305
0.115304
0.11532
0.115347
0.115381
0.115421
0.115468
0.115517
0.115563
0.115608
0.115653
0.115689
0.115695
0.115689
0.115646
0.115581
0.115482
0.115371
0.115253
0.115154
0.115075
0.115042
0.115048
0.11509
0.115168
0.115272
0.11539
0.115522
0.115646
0.115775
0.115876
0.115951
0.115983
0.115974
0.115912
0.115833
0.11573
0.115636
0.115556
0.115508
0.115491
0.115506
0.115536
0.115582
0.115638
0.115682
0.115724
0.115766
0.115799
0.115832
0.115858
0.11589
0.11592
0.115937
0.115932
0.115885
0.115792
0.115651
0.115474
0.11527
0.11507
0.11492
0.114836
0.11481
0.11486
0.114953
0.115068
0.115195
0.115296
0.115375
0.115416
0.115424
0.115393
0.115338
0.11528
0.115215
0.115171
0.115156
0.115175
0.115243
0.115351
0.115487
0.115628
0.115747
0.115803
0.115788
0.115708
0.11559
0.115479
0.115407
0.115393
0.115434
0.115517
0.115611
0.115697
0.115748
0.115756
0.1157
0.115569
0.115376
0.115158
0.114937
0.114742
0.114593
0.114491
0.114441
0.114432
0.114465
0.114523
0.114596
0.114675
0.11476
0.114844
0.114923
0.114997
0.115065
0.115122
0.115184
0.115251
0.115317
0.115377
0.115432
0.115488
0.115541
0.115586
0.115619
0.115657
0.11569
0.115718
0.115743
0.115757
0.115756
0.115726
0.115653
0.115523
0.115343
0.115134
0.114914
0.114723
0.114605
0.114562
0.114595
0.114699
0.114854
0.115039
0.115231
0.115415
0.115548
0.115618
0.115594
0.115443
0.115182
0.114902
0.114684
0.114604
0.114665
0.114824
0.115006
0.115166
0.11527
0.115307
0.115286
0.115222
0.115138
0.115046
0.114978
0.114937
0.114939
0.114994
0.115099
0.115253
0.115427
0.115592
0.115696
0.115694
0.115564
0.115296
0.11496
0.11466
0.114452
0.114381
0.114423
0.114529
0.114655
0.114772
0.114848
0.1149
0.114928
0.114966
0.115003
0.115058
0.115141
0.115228
0.115342
0.115454
0.115537
0.115611
0.115649
0.115667
0.11564
0.115594
0.115528
0.115451
0.115364
0.115268
0.115153
0.115049
0.114949
0.114902
0.114934
0.115065
0.115275
0.115516
0.115709
0.11579
0.11572
0.115519
0.115286
0.115111
0.115059
0.115151
0.115357
0.115641
0.115955
0.11625
0.11646
0.116496
0.116297
0.115849
0.11524
0.114648
0.114209
0.114022
0.114072
0.114283
0.114588
0.114932
0.115267
0.115581
0.115848
0.116087
0.11628
0.11644
0.116543
0.116595
0.11657
0.116452
0.116242
0.115946
0.11561
0.11532
0.115128
0.115047
0.115044
0.115067
0.115062
0.114993
0.114872
0.114733
0.114611
0.114526
0.114509
0.114539
0.114613
0.114708
0.114828
0.114945
0.115066
0.115186
0.1153
0.115399
0.115511
0.115631
0.115753
0.115894
0.116071
0.116268
0.11649
0.116703
0.116868
0.116938
0.116853
0.116614
0.116261
0.115868
0.115514
0.115242
0.115069
0.114979
0.114973
0.115057
0.1152
0.115343
0.115433
0.115395
0.115211
0.114911
0.114606
0.114399
0.114322
0.114383
0.114528
0.114725
0.114941
0.115167
0.115394
0.115622
0.115841
0.116048
0.116212
0.116292
0.116258
0.116088
0.115813
0.115512
0.11524
0.115014
0.114841
0.114716
0.114641
0.114591
0.114584
0.114607
0.114666
0.114757
0.114869
0.114994
0.115123
0.115234
0.11532
0.115389
0.115439
0.115475
0.115488
0.115493
0.115484
0.115465
0.115435
0.115385
0.115311
0.115227
0.115132
0.115035
0.114956
0.1149
0.114882
0.114876
0.11489
0.114908
0.114936
0.114962
0.114976
0.114988
0.115
0.114997
0.114999
0.115001
0.115009
0.115018
0.115049
0.115081
0.115134
0.115191
0.11526
0.115316
0.115371
0.115416
0.115448
0.11547
0.115467
0.115448
0.115404
0.115368
0.115333
0.115302
0.115287
0.115294
0.115308
0.115328
0.115337
0.115345
0.115338
0.115312
0.115254
0.115184
0.115099
0.115001
0.114907
0.114824
0.114768
0.114747
0.11476
0.114799
0.114866
0.114948
0.115037
0.115125
0.115205
0.115264
0.115306
0.115344
0.115364
0.115354
0.115325
0.115287
0.115241
0.115198
0.115181
0.115196
0.115245
0.115307
0.115348
0.115359
0.115315
0.115228
0.11514
0.115063
0.115003
0.11497
0.114959
0.114978
0.114999
0.115019
0.115023
0.114994
0.114951
0.114907
0.11487
0.114853
0.114849
0.114862
0.114884
0.11491
0.114945
0.114981
0.11503
0.11509
0.115147
0.115211
0.115258
0.115287
0.115286
0.11525
0.115172
0.115066
0.114935
0.114796
0.114671
0.114594
0.114549
0.114573
0.114652
0.114757
0.114894
0.115034
0.115184
0.115329
0.115461
0.115565
0.11566
0.115714
0.11572
0.115672
0.115561
0.115395
0.115198
0.114996
0.114839
0.114737
0.114703
0.114719
0.114787
0.114885
0.114991
0.115077
0.115155
0.115211
0.115229
0.115206
0.115163
0.115121
0.1151
0.115101
0.11512
0.115139
0.115139
0.115094
0.115015
0.114898
0.114765
0.114652
0.114562
0.114523
0.114532
0.114589
0.1147
0.114835
0.114984
0.115134
0.115258
0.115361
0.11544
0.115498
0.115521
0.115522
0.115499
0.115458
0.115406
0.115339
0.11527
0.115184
0.115099
0.115016
0.114959
0.114923
0.114927
0.114966
0.115031
0.11511
0.115176
0.115232
0.115287
0.115327
0.115349
0.115361
0.11537
0.115371
0.115367
0.115356
0.115338
0.115306
0.115255
0.115188
0.115118
0.115047
0.114968
0.114918
0.114887
0.114862
0.114855
0.11486
0.114884
0.114905
0.114918
0.114919
0.11491
0.114891
0.114882
0.114883
0.114896
0.114936
0.114978
0.115014
0.115054
0.115097
0.115109
0.115109
0.115092
0.115062
0.115028
0.11498
0.114939
0.114899
0.114879
0.11488
0.114892
0.114924
0.114976
0.115039
0.115105
0.115171
0.115234
0.115274
0.11529
0.115286
0.115267
0.115239
0.115226
0.115216
0.115223
0.115214
0.115188
0.115145
0.115075
0.115002
0.11492
0.114873
0.114842
0.114811
0.114778
0.114711
0.114619
0.114509
0.114393
0.114291
0.114238
0.114232
0.114273
0.114353
0.114456
0.114562
0.114668
0.114765
0.114851
0.114923
0.114982
0.115021
0.115043
0.115058
0.11506
0.11503
0.115
0.114968
0.114949
0.114947
0.114964
0.114987
0.115009
0.115024
0.115018
0.114995
0.114961
0.114905
0.114868
0.114848
0.114867
0.114921
0.114999
0.115085
0.115175
0.115271
0.115357
0.115431
0.115482
0.115474
0.115418
0.115266
0.115043
0.114792
0.114547
0.114353
0.114231
0.114188
0.114234
0.114342
0.114477
0.114635
0.1148
0.114953
0.115081
0.11518
0.115243
0.115252
0.115212
0.11513
0.115019
0.114885
0.11473
0.114577
0.114448
0.114359
0.114325
0.114339
0.11439
0.114474
0.114588
0.114715
0.114827
0.114929
0.115015
0.115089
0.115146
0.115179
0.115195
0.11518
0.115152
0.115098
0.11505
0.115001
0.114981
0.114962
0.114951
0.114961
0.114975
0.114995
0.11502
0.11502
0.115023
0.115012
0.115003
0.114997
0.114986
0.114979
0.114981
0.114999
0.115017
0.115038
0.115055
0.11506
0.115054
0.115039
0.115016
0.114977
0.114934
0.114914
0.114928
0.114973
0.115049
0.115146
0.115251
0.115342
0.115407
0.115441
0.115447
0.115421
0.115384
0.115336
0.115279
0.115216
0.115138
0.115049
0.114951
0.114846
0.114741
0.114656
0.114599
0.114573
0.114597
0.114637
0.114721
0.114815
0.114891
0.114947
0.114963
0.114934
0.114886
0.114826
0.114774
0.11474
0.114741
0.114772
0.114821
0.114885
0.114955
0.115027
0.1151
0.115174
0.115236
0.115299
0.115338
0.115343
0.115326
0.115275
0.115192
0.115091
0.114973
0.114864
0.114785
0.114735
0.114726
0.114744
0.114791
0.114865
0.114939
0.114993
0.115
0.114964
0.114881
0.114785
0.114692
0.11462
0.114597
0.114617
0.114677
0.114768
0.11487
0.114968
0.115075
0.115138
0.115193
0.115247
0.115284
0.115309
0.115332
0.115328
0.115283
0.115198
0.115057
0.114893
0.114733
0.114615
0.114574
0.114597
0.114665
0.114771
0.114865
0.114937
0.114961
0.114931
0.114876
0.114784
0.114691
0.114614
0.114569
0.114562
0.114589
0.11465
0.114741
0.114851
0.114969
0.115078
0.115176
0.115245
0.115286
0.115313
0.115315
0.115305
0.115264
0.1152
0.115097
0.114966
0.114819
0.114675
0.114565
0.114511
0.114525
0.114558
0.114563
0.114472
0.114263
0.113989
0.113766
0.113661
0.113702
0.113831
0.114008
0.114188
0.114325
0.114437
0.114514
0.114585
0.114642
0.114704
0.114774
0.114842
0.114918
0.11498
0.115043
0.115089
0.115113
0.115127
0.115117
0.115086
0.115027
0.114957
0.11486
0.114764
0.114671
0.11459
0.114542
0.114513
0.114512
0.114518
0.114544
0.114575
0.114597
0.114611
0.114613
0.114615
0.114618
0.114618
0.114635
0.114647
0.114657
0.11467
0.114689
0.11472
0.11476
0.114833
0.11491
0.114962
0.114988
0.114967
0.114867
0.114723
0.114572
0.11445
0.11437
0.114353
0.114383
0.114459
0.114575
0.114722
0.114898
0.115085
0.1153
0.115502
0.115679
0.115821
0.115883
0.115829
0.115651
0.115367
0.115033
0.114722
0.114481
0.114364
0.114338
0.114382
0.114475
0.114564
0.114639
0.114691
0.114718
0.114712
0.114671
0.114599
0.114516
0.114432
0.114367
0.114333
0.114333
0.114362
0.114419
0.11449
0.114565
0.114647
0.114729
0.114797
0.114862
0.1149
0.114922
0.11493
0.114926
0.114913
0.114891
0.114885
0.114885
0.114903
0.114923
0.114951
0.114966
0.11496
0.114916
0.114849
0.114756
0.114643
0.114537
0.11447
0.114457
0.114495
0.114574
0.114664
0.114727
0.114751
0.114733
0.114666
0.11458
0.114489
0.114422
0.11438
0.114352
0.114359
0.114386
0.114425
0.114483
0.114549
0.114625
0.114703
0.114796
0.114901
0.115004
0.115104
0.115185
0.115238
0.115264
0.115265
0.115225
0.115174
0.115112
0.115061
0.115017
0.114987
0.114955
0.114933
0.114912
0.114908
0.114923
0.114967
0.115043
0.115115
0.115183
0.115223
0.115213
0.115165
0.115116
0.115052
0.114972
0.114829
0.114602
0.114303
0.11403
0.113836
0.113783
0.113832
0.113951
0.114116
0.114276
0.114428
0.114563
0.114652
0.114722
0.114771
0.114803
0.114824
0.11483
0.114839
0.114855
0.114862
0.114864
0.114872
0.114871
0.114879
0.114897
0.114927
0.11497
0.115032
0.115113
0.115204
0.115309
0.115398
0.115477
0.115517
0.1155
0.115416
0.115257
0.115042
0.114808
0.114591
0.114427
0.114319
0.114261
0.114245
0.114252
0.114268
0.114303
0.114358
0.114435
0.114523
0.114629
0.11473
0.114795
0.114832
0.114852
0.114846
0.114854
0.114869
0.114907
0.114938
0.114942
0.114907
0.114836
0.114751
0.114651
0.114545
0.114453
0.114383
0.114329
0.114312
0.114345
0.114408
0.114501
0.114616
0.11474
0.114861
0.114971
0.11504
0.115062
0.115056
0.115015
0.114959
0.114899
0.114857
0.11485
0.114853
0.114875
0.11491
0.114943
0.114969
0.11501
0.115034
0.115049
0.115061
0.115048
0.115012
0.114956
0.114881
0.114783
0.114683
0.114589
0.114514
0.114448
0.11441
0.114394
0.11441
0.114474
0.114571
0.114724
0.1149
0.115089
0.115244
0.115295
0.115224
0.115029
0.114741
0.114453
0.114242
0.114117
0.114091
0.114141
0.114246
0.114391
0.114558
0.114736
0.114902
0.115043
0.115152
0.115225
0.115251
0.115247
0.115212
0.11515
0.115077
0.114985
0.114897
0.114786
0.11466
0.11454
0.114421
0.114327
0.114264
0.114237
0.11422
0.114217
0.114224
0.114226
0.114233
0.114246
0.114287
0.114352
0.11445
0.114588
0.114733
0.114904
0.115076
0.115256
0.115424
0.115586
0.115703
0.115756
0.115727
0.1156
0.115393
0.115141
0.114891
0.114674
0.114512
0.114411
0.114346
0.114311
0.114309
0.114326
0.114355
0.114396
0.114453
0.114523
0.114602
0.114697
0.114789
0.114863
0.114914
0.114925
0.114895
0.114834
0.114739
0.114636
0.114542
0.114477
0.114446
0.114447
0.114476
0.114515
0.114575
0.114627
0.114677
0.114708
0.114734
0.114743
0.114731
0.114715
0.114679
0.114652
0.114637
0.114638
0.114656
0.114698
0.114747
0.114801
0.114857
0.114893
0.114931
0.114951
0.114959
0.114963
0.114941
0.114901
0.114838
0.114752
0.114647
0.114544
0.114446
0.114363
0.114298
0.114245
0.114221
0.1142
0.114193
0.11419
0.1142
0.11423
0.11428
0.114344
0.114426
0.114531
0.114638
0.114752
0.114856
0.114954
0.115028
0.11508
0.115116
0.115135
0.115137
0.115124
0.115104
0.115084
0.11506
0.115019
0.114963
0.114866
0.114752
0.114629
0.114502
0.114384
0.114293
0.114218
0.114168
0.114135
0.114116
0.11413
0.114173
0.114257
0.114372
0.114518
0.114678
0.114827
0.114937
0.114996
0.114994
0.114921
0.11479
0.114633
0.114493
0.114381
0.114319
0.114317
0.114358
0.11443
0.114514
0.114595
0.114642
0.114672
0.114686
0.114707
0.114739
0.114787
0.114863
0.114945
0.11501
0.115041
0.11503
0.114952
0.114826
0.114684
0.114555
0.114469
0.114406
0.114377
0.114347
0.114308
0.114262
0.114199
0.114141
0.114115
0.114117
0.114136
0.114185
0.114249
0.114343
0.114435
0.114513
0.114592
0.114653
0.114709
0.114748
0.114777
0.114803
0.114813
0.114827
0.11483
0.114852
0.114883
0.114905
0.114915
0.114924
0.114904
0.114851
0.114741
0.114584
0.114399
0.11419
0.114014
0.113886
0.113827
0.113836
0.113885
0.113982
0.114098
0.114218
0.11435
0.114486
0.114624
0.114758
0.114883
0.115005
0.115115
0.115207
0.11526
0.115271
0.115244
0.11516
0.115048
0.11491
0.114772
0.114657
0.114573
0.11452
0.114503
0.114511
0.114529
0.114584
0.11464
0.114697
0.114731
0.114727
0.114682
0.114589
0.114462
0.114324
0.114201
0.11412
0.114111
0.114175
0.114278
0.114422
0.114566
0.114719
0.114866
0.115008
0.115134
0.115246
0.115323
0.115344
0.115268
0.115078
0.114775
0.114394
0.114
0.113708
0.113564
0.113546
0.113636
0.113787
0.113962
0.114132
0.114282
0.114414
0.114511
0.114585
0.114638
0.114655
0.114662
0.11466
0.114658
0.11466
0.114678
0.114702
0.114743
0.1148
0.114882
0.114955
0.115012
0.115051
0.115069
0.115044
0.114976
0.114894
0.114798
0.114725
0.11468
0.114678
0.114716
0.114752
0.114793
0.114806
0.114807
0.114787
0.114766
0.114774
0.114805
0.114865
0.114957
0.115059
0.115161
0.115232
0.115275
0.115248
0.115164
0.115024
0.114834
0.114633
0.114439
0.114269
0.114164
0.114126
0.114147
0.114219
0.114333
0.114454
0.114561
0.11464
0.114683
0.114687
0.114661
0.114606
0.114538
0.114462
0.114413
0.114374
0.114365
0.114375
0.114401
0.114446
0.114493
0.114521
0.114541
0.114544
0.11453
0.114508
0.114481
0.114457
0.11444
0.114434
0.114447
0.114477
0.114531
0.114573
0.114631
0.114694
0.11475
0.114803
0.114847
0.114884
0.114917
0.114935
0.114945
0.114946
0.114929
0.114908
0.114876
0.114832
0.114781
0.114717
0.114665
0.114617
0.114605
0.114625
0.114692
0.114805
0.114964
0.115151
0.115338
0.115474
0.115492
0.115354
0.115065
0.114681
0.114324
0.114053
0.113918
0.113899
0.113968
0.114111
0.114305
0.114532
0.114761
0.114963
0.115076
0.115085
0.114959
0.114757
0.114545
0.114401
0.114354
0.114392
0.114476
0.114582
0.114648
0.11468
0.114668
0.1146
0.114505
0.114404
0.114319
0.114264
0.114257
0.114282
0.114343
0.114425
0.114516
0.114612
0.114687
0.114719
0.114701
0.114645
0.114561
0.114468
0.114383
0.114338
0.114328
0.114357
0.114418
0.114503
0.1146
0.114709
0.114833
0.114963
0.115108
0.115271
0.115453
0.115639
0.115805
0.115871
0.115778
0.115518
0.115155
0.11478
0.114529
0.114434
0.114467
0.114549
0.114642
0.114715
0.114754
0.114778
0.114789
0.114794
0.114788
0.114792
0.114786
0.114757
0.114713
0.11463
0.114519
0.114413
0.114331
0.114271
0.114253
0.114269
0.11431
0.114368
0.114435
0.114486
0.114529
0.11456
0.114581
0.114594
0.114608
0.114628
0.114667
0.114751
0.114843
0.114958
0.11509
0.115207
0.115316
0.115391
0.11543
0.115411
0.115346
0.115248
0.115157
0.11509
0.115069
0.115086
0.115145
0.115198
0.115228
0.115208
0.115164
0.115096
0.115034
0.114986
0.114955
0.114955
0.114958
0.114954
0.114952
0.114929
0.114905
0.114885
0.114882
0.114879
0.114889
0.114908
0.114914
0.114908
0.114893
0.114866
0.114843
0.114819
0.114811
0.114803
0.114817
0.114844
0.114872
0.114916
0.114963
0.11501
0.11506
0.115102
0.115132
0.115135
0.115107
0.115049
0.114966
0.114848
0.114708
0.114558
0.114411
0.114298
0.114213
0.11417
0.114169
0.114198
0.114243
0.114309
0.114372
0.114435
0.114479
0.114519
0.114553
0.11459
0.114624
0.114686
0.114758
0.114861
0.114988
0.115131
0.115285
0.115422
0.115525
0.115593
0.115613
0.115581
0.115523
0.115445
0.115371
0.115315
0.11531
0.115354
0.11542
0.115498
