0.280536
0.281894
0.283142
0.284226
0.285121
0.285834
0.286393
0.286845
0.287245
0.287648
0.288106
0.288658
0.289326
0.290115
0.291014
0.291993
0.293012
0.294025
0.294985
0.295851
0.296588
0.297176
0.297605
0.297879
0.298012
0.298023
0.297939
0.297787
0.297596
0.297396
0.297216
0.297088
0.297046
0.297126
0.297367
0.297806
0.298472
0.299383
0.300538
0.301915
0.303469
0.305137
0.306845
0.308516
0.310075
0.311453
0.312592
0.31344
0.313952
0.314093
0.313842
0.313201
0.312207
0.310946
0.309553
0.308212
0.307134
0.30652
0.306526
0.30723
0.30862
0.310603
0.313032
0.31573
0.318518
0.321232
0.323737
0.325926
0.327726
0.329092
0.330003
0.33046
0.330473
0.330059
0.329234
0.328008
0.326386
0.324376
0.321993
0.319276
0.316297
0.31317
0.310047
0.307102
0.304515
0.302439
0.300977
0.300173
0.300006
0.300408
0.301277
0.302502
0.303971
0.305586
0.307263
0.308933
0.31054
0.312045
0.313417
0.31464
0.315706
0.316619
0.317395
0.318052
0.318618
0.319118
0.319581
0.32003
0.320487
0.320966
0.321476
0.322019
0.322588
0.32317
0.323743
0.32428
0.324749
0.325121
0.325365
0.325455
0.325371
0.325102
0.324643
0.324003
0.323198
0.322254
0.321208
0.320101
0.318978
0.317883
0.316858
0.315937
0.315145
0.3145
0.314009
0.313671
0.313478
0.313416
0.313466
0.313602
0.313796
0.314016
0.314228
0.314407
0.314534
0.314605
0.314629
0.314631
0.314641
0.314691
0.314808
0.315005
0.315285
0.315638
0.316044
0.316478
0.316914
0.317324
0.317691
0.318005
0.318271
0.318507
0.318742
0.319005
0.319325
0.319717
0.320174
0.320668
0.321145
0.321532
0.321744
0.321699
0.321323
0.320564
0.319396
0.317824
0.315888
0.313661
0.311249
0.308782
0.306403
0.304252
0.302452
0.301101
0.30026
0.299956
0.300183
0.300906
0.302063
0.303573
0.30533
0.307217
0.309108
0.310886
0.312455
0.313749
0.314736
0.31542
0.315828
0.316008
0.316016
0.315909
0.315739
0.315551
0.315377
0.315243
0.315162
0.315144
0.315187
0.315286
0.31543
0.315602
0.315783
0.31595
0.316082
0.316158
0.316162
0.316082
0.315916
0.315669
0.315358
0.315008
0.314652
0.314328
0.314077
0.313932
0.31392
0.314056
0.31434
0.314761
0.315297
0.315924
0.316615
0.31735
0.318113
0.318895
0.319695
0.320515
0.32136
0.322237
0.323153
0.324111
0.325113
0.32616
0.327248
0.328369
0.329516
0.330674
0.331827
0.332951
0.334018
0.334993
0.335832
0.336483
0.336889
0.336991
0.336731
0.336068
0.334985
0.333508
0.331725
0.329792
0.327931
0.326407
0.325478
0.325333
0.326047
0.327565
0.329725
0.332304
0.335074
0.337841
0.340459
0.342839
0.344934
0.346737
0.348268
0.349565
0.350682
0.351675
0.352604
0.353521
0.354468
0.355472
0.356544
0.357679
0.358859
0.360058
0.361246
0.362394
0.363477
0.364476
0.365381
0.366185
0.36689
0.367499
0.368016
0.368442
0.36877
0.368985
0.36906
0.368953
0.368614
0.367987
0.367017
0.365657
0.363883
0.361698
0.359143
0.356307
0.353321
0.350361
0.347628
0.345331
0.343657
0.342747
0.34268
0.343465
0.345056
0.347366
0.350287
0.353695
0.357451
0.361398
0.365361
0.36916
0.372621
0.375599
0.377989
0.379734
0.380826
0.381302
0.381231
0.380707
0.379834
0.378718
0.377456
0.376133
0.374818
0.373567
0.372429
0.371443
0.370645
0.370065
0.369722
0.369618
0.369736
0.370035
0.370459
0.370936
0.371395
0.371771
0.372018
0.372113
0.372066
0.371913
0.371713
0.371541
0.371468
0.371549
0.371809
0.372239
0.372799
0.373433
0.374082
0.374695
0.375246
0.375728
0.376152
0.376544
0.376931
0.377336
0.377773
0.378245
0.378744
0.379256
0.379762
0.380241
0.380671
0.381026
0.381272
0.381365
0.381251
0.380861
0.380122
0.378968
0.377349
0.375256
0.372732
0.369889
0.366906
0.364015
0.361463
0.35947
0.358172
0.357592
0.357635
0.358126
0.358856
0.359634
0.36033
0.360879
0.361279
0.36157
0.36181
0.362058
0.36236
0.362744
0.363222
0.363792
0.364444
0.365162
0.365933
0.366739
0.367564
0.368385
0.369174
0.369894
0.370499
0.37094
0.371166
0.371133
0.370811
0.37019
0.369284
0.368137
0.366823
0.365441
0.36411
0.362955
0.36209
0.361596
0.361505
0.361794
0.362388
0.363184
0.364067
0.364938
0.365722
0.366373
0.366871
0.367217
0.367424
0.367514
0.367512
0.367445
0.367337
0.367209
0.367075
0.366946
0.366822
0.3667
0.366572
0.366427
0.366255
0.366051
0.365816
0.365556
0.365286
0.365025
0.364796
0.364618
0.364506
0.364465
0.364487
0.364552
0.364624
0.364664
0.364627
0.364473
0.364169
0.363702
0.363074
0.362307
0.361439
0.360521
0.359608
0.358748
0.357983
0.357337
0.356822
0.35644
0.356184
0.356046
0.356019
0.356094
0.356264
0.356522
0.356862
0.35728
0.35778
0.358367
0.359055
0.35986
0.360794
0.361866
0.363067
0.364376
0.365749
0.367131
0.368454
0.369651
0.37066
0.371433
0.371942
0.37218
0.372163
0.371926
0.371521
0.371011
0.370464
0.369951
0.369533
0.369265
0.369187
0.36932
0.369669
0.370223
0.370948
0.371799
0.372715
0.373625
0.374456
0.375137
0.375607
0.375825
0.375776
0.375477
0.374981
0.374367
0.373736
0.373188
0.3728
0.372605
0.372585
0.372669
0.372752
0.372722
0.372485
0.371986
0.371226
0.370258
0.369182
0.368125
0.367222
0.366593
0.366321
0.366449
0.366974
0.367854
0.36902
0.370381
0.371838
0.373283
0.374612
0.375729
0.376548
0.377002
0.377043
0.376646
0.375808
0.37455
0.372913
0.370961
0.368773
0.366441
0.364067
0.361759
0.359627
0.357783
0.356335
0.355381
0.355
0.355235
0.35608
0.357474
0.359303
0.361411
0.363622
0.365759
0.367658
0.369182
0.370219
0.370689
0.370544
0.36977
0.3684
0.366524
0.364303
0.361966
0.359792
0.358058
0.35698
0.356652
0.357024
0.357924
0.359108
0.360326
0.361364
0.362073
0.362367
0.362228
0.361689
0.360834
0.359783
0.358688
0.357714
0.357021
0.356739
0.356951
0.357678
0.358876
0.36045
0.36227
0.36419
0.366072
0.367791
0.369251
0.37038
0.371129
0.371472
0.371404
0.370932
0.370079
0.368884
0.367398
0.365689
0.363841
0.361953
0.360137
0.358511
0.357186
0.356258
0.355791
0.355803
0.356255
0.357055
0.358066
0.359122
0.360053
0.360716
0.361012
0.360911
0.360454
0.359753
0.358965
0.358261
0.35779
0.357646
0.357859
0.358399
0.359201
0.360194
0.361319
0.362539
0.363842
0.365224
0.366681
0.368202
0.369763
0.371329
0.372865
0.374336
0.375711
0.376972
0.37811
0.379123
0.38002
0.380812
0.381515
0.382147
0.382725
0.383265
0.383782
0.384289
0.384797
0.385315
0.38585
0.386408
0.386992
0.387603
0.388241
0.388905
0.38959
0.390289
0.390994
0.391695
0.39238
0.393038
0.393655
0.39422
0.394723
0.395152
0.395499
0.395753
0.395902
0.395929
0.395816
0.395537
0.395066
0.394377
0.393446
0.392261
0.390821
0.389143
0.387272
0.385278
0.383265
0.381363
0.379725
0.378507
0.377845
0.377839
0.378529
0.379897
0.381871
0.384339
0.387171
0.390237
0.393417
0.396612
0.399743
0.402756
0.405616
0.408303
0.410808
0.413131
0.415277
0.417254
0.419074
0.42075
0.422295
0.423726
0.42506
0.426314
0.427506
0.42865
0.429761
0.430848
0.431917
0.432964
0.433981
0.434951
0.435848
0.436639
0.437286
0.437749
0.437988
0.437968
0.437663
0.437055
0.436139
0.434925
0.433431
0.431687
0.429729
0.427604
0.425367
0.423085
0.420836
0.418707
0.416788
0.415158
0.41388
0.412986
0.412481
0.412352
0.41258
0.413163
0.414122
0.415508
0.417385
0.419812
0.422815
0.426367
0.430372
0.434664
0.439033
0.443247
0.447091
0.450392
0.453038
0.454979
0.456218
0.456803
0.456811
0.456329
0.455447
0.454249
0.452809
0.451194
0.449471
0.447716
0.446017
0.444475
0.443198
0.442281
0.441782
0.441701
0.441972
0.442462
0.442994
0.443381
0.443457
0.443106
0.442282
0.441017
0.43942
0.437655
0.435918
0.434394
0.433227
0.432495
0.432208
0.432321
0.432757
0.433435
0.434274
0.435203
0.436151
0.437048
0.437822
0.438409
0.438761
0.438863
0.43874
0.438465
0.438143
0.437896
0.437837
0.438044
0.438543
0.43931
0.440281
0.441374
0.442508
0.443621
0.444669
0.445631
0.446499
0.447274
0.447963
0.448568
0.44909
0.449527
0.449874
0.450128
0.450288
0.450361
0.450355
0.450284
0.450155
0.449961
0.449671
0.449223
0.44853
0.447484
0.445979
0.443932
0.441305
0.438125
0.4345
0.430617
0.426729
0.423131
0.420117
0.417922
0.416688
0.416433
0.417063
0.41841
0.420276
0.422479
0.424872
0.427346
0.429816
0.432195
0.434387
0.436276
0.43774
0.438667
0.438973
0.438617
0.437612
0.436026
0.433972
0.431607
0.429118
0.426722
0.424655
0.423158
0.422451
0.422678
0.423868
0.425905
0.428542
0.43145
0.434286
0.436756
0.438644
0.439832
0.440285
0.440038
0.439179
0.437829
0.43613
0.434229
0.43226
0.430332
0.428511
0.42682
0.42524
0.423724
0.422211
0.420648
0.418995
0.41724
0.415392
0.413484
0.411565
0.409694
0.407932
0.406337
0.40496
0.403838
0.402994
0.402437
0.402168
0.402177
0.402447
0.402961
0.403699
0.404637
0.405749
0.407007
0.408374
0.409811
0.41127
0.412704
0.414062
0.415295
0.416358
0.417212
0.417825
0.418174
0.418237
0.418001
0.41745
0.416572
0.415357
0.413798
0.411906
0.409716
0.407295
0.404749
0.402212
0.399828
0.397723
0.395987
0.394676
0.39383
0.393495
0.393722
0.394553
0.395986
0.39795
0.400298
0.402836
0.40535
0.407645
0.409558
0.410971
0.41181
0.412043
0.41168
0.410774
0.409417
0.40774
0.4059
0.404074
0.402441
0.401165
0.400376
0.400151
0.400496
0.401345
0.402569
0.403998
0.405454
0.406783
0.407878
0.408686
0.409209
0.409491
0.409596
0.409595
0.409544
0.409479
0.409414
0.409344
0.409254
0.409128
0.408958
0.408748
0.408511
0.408272
0.408057
0.407893
0.407801
0.407797
0.407891
0.408092
0.408412
0.408868
0.40948
0.410274
0.411266
0.41246
0.413844
0.415382
0.417022
0.418702
0.420357
0.421929
0.423367
0.424637
0.425713
0.426583
0.427245
0.427704
0.427976
0.428082
0.428057
0.427944
0.427794
0.427669
0.427634
0.42775
0.428068
0.428625
0.429432
0.430483
0.431751
0.433196
0.434771
0.436424
0.438105
0.439761
0.44134
0.442793
0.44407
0.445125
0.445918
0.446419
0.446608
0.446481
0.446047
0.445336
0.444392
0.443276
0.442058
0.44081
0.439603
0.438493
0.437526
0.436731
0.436124
0.435712
0.435497
0.43548
0.435663
0.436053
0.436658
0.437488
0.438547
0.439834
0.441334
0.443014
0.444827
0.446712
0.448601
0.450424
0.452117
0.453627
0.454919
0.45597
0.456776
0.457343
0.457688
0.457838
0.457819
0.457664
0.457405
0.457077
0.456714
0.456349
0.456013
0.455732
0.455523
0.455388
0.455317
0.455282
0.455244
0.455156
0.454968
0.454634
0.45412
0.453411
0.452507
0.451434
0.450234
0.448969
0.447709
0.446529
0.445495
0.444661
0.444064
0.443718
0.443622
0.443759
0.444108
0.444649
0.445362
0.446231
0.447242
0.448378
0.449614
0.450917
0.452249
0.453568
0.454832
0.456009
0.457075
0.45802
0.45884
0.459538
0.460115
0.460564
0.460871
0.461012
0.460954
0.460668
0.460131
0.459333
0.458291
0.457047
0.455668
0.454248
0.452899
0.451736
0.450871
0.450397
0.450375
0.450828
0.451734
0.45303
0.454614
0.456356
0.458112
0.459739
0.461105
0.462095
0.462617
0.462598
0.461977
0.460711
0.458773
0.456173
0.452978
0.449333
0.445477
0.441725
0.43843
0.435904
0.434343
0.433774
0.434046
0.434891
0.436
0.437101
0.438006
0.438625
0.438957
0.439073
0.4391
0.439209
0.439596
0.440452
0.441928
0.444094
0.446913
0.450245
0.453882
0.457597
0.461181
0.464476
0.46738
0.469845
0.471863
0.473458
0.474673
0.475564
0.47619
0.476612
0.476885
0.477054
0.477147
0.477174
0.477122
0.476958
0.476632
0.476088
0.475277
0.474172
0.472785
0.471178
0.469471
0.46783
0.466445
0.465492
0.465087
0.46526
0.465942
0.466982
0.468183
0.469336
0.470264
0.470838
0.470997
0.470744
0.470139
0.469293
0.468348
0.46747
0.466834
0.466605
0.466909
0.467792
0.469183
0.470896
0.472656
0.474163
0.475156
0.475461
0.475014
0.473857
0.472123
0.470004
0.467715
0.465455
0.463369
0.461537
0.459976
0.458666
0.457583
0.456726
0.456133
0.455875
0.456026
0.456635
0.457701
0.459175
0.460977
0.463031
0.465293
0.467754
0.470433
0.473341
0.476461
0.47973
0.483034
0.486227
0.489145
0.491632
0.493558
0.494822
0.495365
0.495165
0.494239
0.492634
0.490432
0.487741
0.484686
0.48141
0.478053
0.474746
0.471601
0.468702
0.466105
0.463838
0.461902
0.460276
0.458914
0.45775
0.456696
0.455656
0.454538
0.453277
0.45186
0.450342
0.448846
0.447544
0.446599
0.446114
0.446082
0.446389
0.446851
0.447279
0.447528
0.447526
0.447272
0.446824
0.446265
0.44569
0.445189
0.444835
0.444681
0.444759
0.445078
0.445624
0.446364
0.447245
0.448202
0.449167
0.45007
0.450846
0.451446
0.451835
0.451997
0.451936
0.451673
0.451241
0.450679
0.450024
0.449299
0.448512
0.447651
0.446684
0.445574
0.444284
0.442795
0.441111
0.439274
0.437358
0.435468
0.433726
0.432247
0.431126
0.430409
0.43009
0.43011
0.430362
0.430717
0.431042
0.431224
0.431183
0.430886
0.430353
0.429648
0.428876
0.428163
0.427636
0.427406
0.427552
0.428105
0.429056
0.430353
0.43192
0.433665
0.43549
0.437307
0.439038
0.440622
0.442014
0.443185
0.444119
0.444811
0.445266
0.445498
0.445526
0.445377
0.445085
0.444687
0.444228
0.443754
0.443314
0.442955
0.442718
0.442638
0.44274
0.443039
0.443537
0.444226
0.445091
0.446108
0.447248
0.448482
0.449777
0.451104
0.452437
0.453754
0.455038
0.456276
0.457458
0.45857
0.459598
0.46052
0.461309
0.461928
0.462337
0.462487
0.462324
0.461791
0.460834
0.459414
0.457518
0.455179
0.452494
0.449626
0.4468
0.444277
0.44231
0.441096
0.440729
0.441191
0.442359
0.444048
0.446051
0.448186
0.450317
0.45236
0.454282
0.456086
0.457803
0.459476
0.461155
0.462884
0.464691
0.466582
0.468532
0.470487
0.472366
0.474073
0.475509
0.476586
0.477234
0.477408
0.477087
0.476278
0.475008
0.473326
0.471298
0.469005
0.466544
0.464021
0.461558
0.459282
0.457324
0.455805
0.454818
0.454416
0.454589
0.45527
0.456342
0.457662
0.459098
0.460556
0.461998
0.463445
0.46495
0.466566
0.468313
0.470156
0.472016
0.473793
0.475389
0.476734
0.477792
0.478554
0.479034
0.479253
0.479229
0.478975
0.47849
0.477765
0.476787
0.475538
0.474006
0.472186
0.470084
0.467721
0.465132
0.462367
0.45949
0.456585
0.453757
0.451133
0.448857
0.44708
0.445928
0.44548
0.445741
0.446641
0.44804
0.449757
0.45159
0.453343
0.454836
0.455916
0.456466
0.456409
0.455719
0.454429
0.452639
0.450511
0.448249
0.446072
0.444164
0.442644
0.441545
0.440823
0.440388
0.440138
0.439992
0.439898
0.439836
0.439811
0.439845
0.439962
0.440188
0.440543
0.44104
0.441684
0.44247
0.443388
0.44442
0.445546
0.446742
0.447985
0.449251
0.450517
0.45176
0.452957
0.454084
0.455115
0.456024
0.456783
0.457366
0.457745
0.457899
0.457812
0.457474
0.456888
0.45607
0.455048
0.453865
0.452576
0.451245
0.449944
0.448746
0.44772
0.446931
0.446438
0.446285
0.446503
0.447106
0.448087
0.449413
0.45103
0.452859
0.454799
0.45674
0.458564
0.460161
0.461437
0.462327
0.462802
0.462879
0.462617
0.462127
0.461551
0.46105
0.460765
0.460788
0.461131
0.461726
0.462439
0.463107
0.463574
0.463722
0.463485
0.462853
0.461866
0.460606
0.459178
0.457698
0.456279
0.455019
0.453992
0.453247
0.45281
0.452685
0.452864
0.453322
0.454026
0.454936
0.456006
0.45719
0.458447
0.459742
0.461051
0.462359
0.463658
0.464943
0.466207
0.467443
0.468638
0.469776
0.47084
0.471811
0.47267
0.473403
0.473998
0.474446
0.474744
0.474891
0.474889
0.474747
0.474476
0.474095
0.473631
0.473118
0.472601
0.472132
0.471767
0.47156
0.471555
0.471777
0.472225
0.472865
0.473633
0.47444
0.475179
0.475748
0.476069
0.476108
0.475891
0.475501
0.475065
0.474714
0.474552
0.474634
0.474965
0.475523
0.476274
0.477175
0.478156
0.4791
0.479844
0.480204
0.48003
0.479259
0.477959
0.47633
0.474688
0.473407
0.472848
0.473291
0.474873
0.477564
0.481179
0.48541
0.48988
0.494204
0.49803
0.50108
0.503171
0.50423
0.504298
0.503539
0.502227
0.500722
0.49942
0.498674
0.498708
0.499552
0.501034
0.502836
0.504585
0.50595
0.506707
0.506769
0.506177
0.505073
0.503656
0.502138
0.500702
0.499479
0.49854
0.497905
0.497565
0.497493
0.497663
0.498056
0.498658
0.499455
0.500424
0.501523
0.502693
0.503859
0.504942
0.505863
0.506558
0.506973
0.507071
0.506827
0.506231
0.505283
0.503994
0.502387
0.500493
0.498353
0.496013
0.49352
0.490921
0.488255
0.485556
0.482854
0.480179
0.477568
0.475073
0.472761
0.470717
0.469039
0.46783
0.467187
0.467185
0.467864
0.469216
0.471181
0.473652
0.476488
0.479535
0.482644
0.485685
0.488554
0.491177
0.493508
0.495521
0.49721
0.498579
0.49964
0.500409
0.500903
0.501139
0.50113
0.500887
0.500421
0.499738
0.498843
0.497745
0.496452
0.49498
0.493348
0.491589
0.489746
0.487874
0.486042
0.484328
0.48282
0.481603
0.480755
0.480333
0.48036
0.480819
0.481649
0.482755
0.484026
0.485349
0.486633
0.487817
0.488869
0.489786
0.490585
0.491288
0.491919
0.492498
0.493032
0.493526
0.493976
0.49438
0.494731
0.495025
0.495255
0.495413
0.495486
0.495458
0.495313
0.495032
0.494602
0.494013
0.493268
0.49238
0.491375
0.490293
0.489182
0.488094
0.487079
0.486173
0.485397
0.484745
0.484187
0.483673
0.483136
0.482513
0.481759
0.480869
0.479895
0.47895
0.47819
0.477775
0.477822
0.478362
0.479337
0.480624
0.482085
0.483607
0.485121
0.486593
0.488012
0.489366
0.490639
0.491812
0.492864
0.493777
0.494536
0.495127
0.495539
0.495767
0.495814
0.495705
0.495486
0.495233
0.49504
0.495007
0.495223
0.495743
0.496582
0.497711
0.499074
0.500604
0.502238
0.50393
0.505655
0.5074
0.509161
0.510934
0.51271
0.51447
0.516184
0.517812
0.519307
0.52061
0.521661
0.52239
0.522726
0.522592
0.521909
0.520597
0.51858
0.515789
0.512171
0.507711
0.502448
0.496518
0.490183
0.483865
0.478131
0.473626
0.470922
0.47036
0.471932
0.475302
0.479931
0.485229
0.490681
0.495887
0.500569
0.504548
0.507724
0.510072
0.511626
0.512475
0.51275
0.512608
0.512219
0.511748
0.511339
0.511108
0.511135
0.511454
0.51206
0.512908
0.513926
0.515021
0.516097
0.517061
0.517836
0.518371
0.518648
0.518686
0.518543
0.518309
0.518096
0.518017
0.518168
0.518606
0.519337
0.520314
0.521447
0.522618
0.523699
0.524572
0.525138
0.525328
0.525099
0.524436
0.523346
0.52185
0.519971
0.517735
0.515168
0.512306
0.509203
0.505948
0.502671
0.499535
0.496724
0.494415
0.492756
0.491838
0.491683
0.492242
0.493402
0.495006
0.496875
0.498835
0.500735
0.502462
0.503946
0.505155
0.506085
0.506756
0.50719
0.50741
0.507427
0.507244
0.506859
0.506267
0.505471
0.504492
0.503367
0.502159
0.50095
0.499835
0.498912
0.498261
0.497928
0.497916
0.498181
0.498642
0.499204
0.499778
0.500298
0.500734
0.501091
0.501402
0.501715
0.502079
0.502531
0.503084
0.503724
0.504413
0.505091
0.505689
0.506137
0.506373
0.506348
0.506037
0.505438
0.504577
0.503505
0.502295
0.50103
0.49979
0.498635
0.497596
0.496668
0.495817
0.494994
0.494153
0.493275
0.492372
0.491497
0.490731
0.490157
0.489836
0.489781
0.48995
0.490254
0.490585
0.490841
0.490955
0.490902
0.490698
0.490388
0.490035
0.489695
0.489417
0.489224
0.489119
0.489084
0.489088
0.489091
0.489054
0.488946
0.488747
0.488452
0.488065
0.487603
0.487085
0.48653
0.485955
0.485373
0.484796
0.484233
0.483698
0.483207
0.482783
0.482446
0.482212
0.482081
0.482032
0.48202
0.481978
0.48183
0.481501
0.480937
0.480116
0.479062
0.477846
0.476583
0.475414
0.474486
0.47392
0.473794
0.474128
0.474879
0.47596
0.477256
0.478642
0.480001
0.481234
0.482264
0.483039
0.483537
0.483759
0.483731
0.483495
0.483104
0.482613
0.482068
0.481507
0.480952
0.480411
0.479884
0.479363
0.478837
0.478294
0.477717
0.47709
0.47639
0.475594
0.474677
0.473618
0.472402
0.47103
0.469516
0.467898
0.466229
0.464584
0.463044
0.461692
0.460599
0.459814
0.459359
0.459226
0.459383
0.459782
0.460374
0.461118
0.461985
0.462961
0.464044
0.465232
0.466518
0.467883
0.46929
0.470691
0.472027
0.473239
0.474273
0.475083
0.475636
0.475904
0.475864
0.475493
0.474763
0.473641
0.472092
0.470086
0.467615
0.464703
0.461426
0.457918
0.454374
0.451024
0.448108
0.445828
0.44431
0.443585
0.443589
0.444181
0.445183
0.446419
0.447746
0.449082
0.450417
0.451798
0.453311
0.455044
0.457051
0.459332
0.461818
0.464388
0.466892
0.469176
0.471111
0.472606
0.473612
0.474122
0.474163
0.47379
0.473081
0.472132
0.471052
0.469964
0.468993
0.468259
0.467859
0.46785
0.468241
0.468988
0.470005
0.471181
0.472396
0.473541
0.474532
0.475315
0.475874
0.47623
0.476445
0.476614
0.476853
0.477285
0.478018
0.479115
0.480588
0.482395
0.484455
0.486674
0.488967
0.491279
0.493585
0.495887
0.498201
0.500544
0.502924
0.505331
0.507738
0.510102
0.512369
0.514478
0.516365
0.517971
0.519236
0.520114
0.520569
0.520584
0.520166
0.519348
0.518182
0.516734
0.51506
0.513195
0.511137
0.508859
0.506325
0.503528
0.500515
0.497408
0.4944
0.491738
0.489694
0.488522
0.488419
0.489479
0.491666
0.494819
0.498694
0.50302
0.507549
0.512079
0.516459
0.520568
0.524302
0.52757
0.530293
0.532417
0.533922
0.534837
0.535238
0.535245
0.535008
0.534682
0.534407
0.534286
0.534375
0.53468
0.535167
0.535777
0.536433
0.537053
0.537549
0.537836
0.537825
0.537434
0.536585
0.535226
0.533333
0.530941
0.528151
0.525152
0.522215
0.519662
0.517806
0.516861
0.516872
0.517689
0.519014
0.520484
0.52177
0.522638
0.522968
0.522741
0.522019
0.520908
0.519539
0.518049
0.516576
0.515254
0.514217
0.513589
0.513476
0.513935
0.514961
0.516471
0.518324
0.520349
0.522376
0.524272
0.525948
0.527362
0.528512
0.529415
0.530107
0.530622
0.530995
0.531256
0.53143
0.531535
0.531585
0.531585
0.531533
0.531413
0.531198
0.530841
0.530276
0.529412
0.528132
0.52629
0.523726
0.520288
0.515898
0.510655
0.504953
0.499557
0.495483
0.493644
0.4944
0.497357
0.501587
0.506089
0.510148
0.513438
0.515951
0.517859
0.519391
0.520757
0.522103
0.523498
0.524945
0.526405
0.527814
0.529108
0.530232
0.531148
0.531826
0.53225
0.532407
0.532289
0.531887
0.531198
0.530216
0.528942
0.527381
0.52555
0.523476
0.521207
0.518812
0.516388
0.514056
0.511955
0.510221
0.508965
0.508254
0.508095
0.508446
0.509235
0.510387
0.51184
0.51356
0.51553
0.517746
0.520197
0.522856
0.525673
0.528574
0.531471
0.534264
0.536858
0.539164
0.541109
0.542636
0.543703
0.544283
0.544361
0.543935
0.543015
0.541627
0.53982
0.537673
0.535299
0.532846
0.530475
0.528342
0.526562
0.52518
0.524173
0.523463
0.522952
0.522563
0.522267
0.522079
0.522052
0.522246
0.522705
0.523438
0.524414
0.525574
0.526843
0.528142
0.529401
0.530562
0.531577
0.532408
0.533028
0.533421
0.53359
0.533558
0.533374
0.533112
0.532869
0.532757
0.532888
0.533357
0.534231
0.535532
0.537235
0.539278
0.541568
0.544003
0.546481
0.548912
0.551226
0.553363
0.555282
0.556948
0.558333
0.559416
0.56018
0.560623
0.560762
0.560641
0.560337
0.55996
0.559645
0.559532
0.559747
0.560378
0.561462
0.562983
0.56488
0.567064
0.569434
0.571889
0.574331
0.57667
0.578821
0.580705
0.582246
0.583373
0.584019
0.58412
0.583623
0.582485
0.580685
0.578236
0.5752
0.5717
0.567931
0.564141
0.560605
0.557567
0.555189
0.553517
0.552475
0.551903
0.551616
0.55147
0.55142
0.551556
0.552093
0.553292
0.555353
0.558293
0.561909
0.565819
0.569579
0.572781
0.575118
0.576389
0.576475
0.575319
0.572905
0.569256
0.564446
0.558621
0.552022
0.545021
0.53813
0.531982
0.527228
0.524359
0.523542
0.524554
0.526879
0.529899
0.533072
0.536014
0.538511
0.54048
0.541921
0.542877
0.5434
0.54354
0.543331
0.542793
0.541943
0.5408
0.539404
0.537813
0.536112
0.534403
0.532792
0.531377
0.530232
0.529402
0.528892
0.528684
0.528733
0.528987
0.529392
0.529899
0.530466
0.531055
0.531635
0.532169
0.532616
0.532928
0.533045
0.532897
0.532411
0.531511
0.530127
0.528203
0.52571
0.522663
0.519137
0.515278
0.511309
0.507507
0.504164
0.501531
0.499775
0.498951
0.499018
0.499865
0.50134
0.503279
0.505515
0.507888
0.510254
0.512488
0.514486
0.516164
0.517457
0.518318
0.518721
0.518659
0.518155
0.517257
0.516043
0.514617
0.5131
0.51162
0.510303
0.509254
0.508555
0.508249
0.508338
0.508786
0.509521
0.510443
0.511438
0.512383
0.513164
0.513678
0.513844
0.513606
0.512941
0.511862
0.510418
0.5087
0.506832
0.50496
0.503232
0.501776
0.500681
0.499978
0.499648
0.499634
0.499861
0.500257
0.500765
0.501344
0.501971
0.502634
0.503324
0.504039
0.504774
0.505531
0.506313
0.507123
0.507964
0.508837
0.509729
0.510621
0.511473
0.512237
0.51285
0.513248
0.513376
0.513199
0.51271
0.511943
0.510968
0.509891
0.508838
0.507942
0.507322
0.507067
0.507224
0.507799
0.508759
0.510043
0.511577
0.513279
0.51507
0.516879
0.518648
0.520331
0.521898
0.523332
0.524631
0.525803
0.526864
0.527833
0.528731
0.529576
0.53038
0.53115
0.531892
0.532608
0.533301
0.533974
0.534627
0.535257
0.535853
0.536398
0.536866
0.537234
0.537479
0.537592
0.53758
0.537468
0.537295
0.537113
0.536974
0.536924
0.536992
0.537186
0.537489
0.537861
0.538248
0.538588
0.538825
0.538916
0.538844
0.538621
0.538286
0.537901
0.537535
0.537251
0.537095
0.537093
0.537246
0.537538
0.537944
0.538433
0.538976
0.539552
0.540148
0.54076
0.541391
0.542053
0.542753
0.543495
0.544275
0.545076
0.545872
0.546626
0.547297
0.54784
0.548215
0.548386
0.548333
0.548047
0.547542
0.546849
0.546023
0.545134
0.544262
0.543488
0.542887
0.542515
0.542407
0.54258
0.543037
0.54377
0.544771
0.546026
0.54752
0.54923
0.551121
0.553146
0.555245
0.557346
0.559372
0.561241
0.562873
0.564186
0.5651
0.565534
0.565412
0.564665
0.563251
0.561179
0.55854
0.555544
0.552529
0.549916
0.548122
0.547428
0.547891
0.549349
0.551504
0.554043
0.556717
0.559368
0.561904
0.564269
0.566415
0.568293
0.569854
0.571057
0.571876
0.572304
0.572349
0.572033
0.571384
0.570432
0.569198
0.567695
0.565927
0.563886
0.561563
0.558953
0.556071
0.552962
0.549714
0.546463
0.543388
0.540699
0.538604
0.53727
0.536779
0.537113
0.538158
0.539761
0.541785
0.544157
0.546865
0.549918
0.553287
0.556872
0.560499
0.56396
0.567063
0.569666
0.571692
0.573121
0.573973
0.57429
0.574122
0.573534
0.572619
0.571514
0.570411
0.569537
0.569109
0.569255
0.569954
0.571022
0.572143
0.57295
0.573101
0.572342
0.570536
0.567683
0.563937
0.55961
0.555157
0.551119
0.548008
0.546184
0.54576
0.546587
0.548332
0.550576
0.552919
0.555034
0.556691
0.557763
0.558211
0.558075
0.557454
0.556487
0.55534
0.55418
0.553159
0.552396
0.551963
0.551882
0.55213
0.552647
0.553356
0.554168
0.554996
0.55576
0.556389
0.556822
0.557007
0.556909
0.556503
0.555785
0.554772
0.553506
0.552054
0.550512
0.548994
0.547628
0.546537
0.545828
0.545569
0.545786
0.546456
0.547513
0.548862
0.550392
0.551995
0.553574
0.55505
0.556365
0.557477
0.558363
0.559007
0.559408
0.559567
0.559496
0.559213
0.558745
0.558128
0.557407
0.556631
0.555856
0.555135
0.554519
0.554051
0.553763
0.553679
0.553808
0.554146
0.554673
0.55535
0.556121
0.556913
0.557645
0.558229
0.558578
0.558609
0.558243
0.557413
0.556063
0.554156
0.551689
0.548702
0.545293
0.541627
0.537934
0.534487
0.531568
0.529418
0.528188
0.527907
0.528484
0.529733
0.531426
0.533341
0.535303
0.537208
0.539018
0.540749
0.542443
0.544138
0.545846
0.54754
0.549163
0.550649
0.551943
0.553019
0.55389
0.554598
0.555204
0.555774
0.556362
0.557003
0.557707
0.558465
0.559249
0.560025
0.560757
0.561412
0.561962
0.562387
0.562674
0.56281
0.562786
0.562591
0.562213
0.561637
0.560844
0.559816
0.558534
0.556984
0.555158
0.553064
0.550723
0.548177
0.545489
0.542743
0.540037
0.53748
0.535181
0.533244
0.531758
0.530794
0.530395
0.530572
0.531306
0.532546
0.534216
0.536221
0.53846
0.540831
0.54324
0.545605
0.547857
0.54994
0.551811
0.553441
0.554811
0.555914
0.556758
0.557365
0.557777
0.558048
0.558247
0.558447
0.558715
0.559102
0.559636
0.560315
0.561113
0.561988
0.562883
0.563743
0.564513
0.565143
0.565588
0.56581
0.565782
0.565491
0.564949
0.564198
0.563321
0.562428
0.561647
0.561095
0.560847
0.560923
0.561279
0.56183
0.562473
0.563107
0.563653
0.564057
0.56429
0.564342
0.564226
0.563973
0.563635
0.563285
0.563017
0.562935
0.563144
0.563734
0.564753
0.566202
0.568026
0.570124
0.572365
0.574612
0.576735
0.578629
0.580216
0.58145
0.582312
0.582808
0.582965
0.582825
0.582443
0.58188
0.5812
0.580467
0.579736
0.579054
0.578458
0.577973
0.577611
0.57737
0.577242
0.577205
0.577232
0.577287
0.577335
0.577333
0.577242
0.577023
0.576639
0.576065
0.575281
0.57429
0.573112
0.571796
0.570418
0.569082
0.567904
0.567008
0.566505
0.566483
0.566994
0.568058
0.569656
0.571738
0.574221
0.577
0.579953
0.582949
0.58586
0.58857
0.590979
0.593005
0.594587
0.595682
0.596265
0.59633
0.595889
0.59498
0.593668
0.592048
0.590244
0.588401
0.586667
0.585174
0.584018
0.583241
0.582825
0.582708
0.582796
0.582991
0.58321
0.583393
0.583498
0.583493
0.583344
0.583007
0.582438
0.581604
0.580492
0.579125
0.577561
0.575899
0.574262
0.572793
0.571631
0.570893
0.570653
0.570924
0.571659
0.572759
0.574094
0.575523
0.576914
0.578162
0.579186
0.579932
0.580366
0.580473
0.580246
0.579691
0.578827
0.577694
0.576354
0.574898
0.573438
0.572094
0.570973
0.570143
0.569611
0.569317
0.569142
0.568932
0.568524
0.567773
0.566568
0.564851
0.562618
0.559921
0.556872
0.553631
0.550391
0.547363
0.544743
0.542695
0.541338
0.540734
0.540892
0.541773
0.543291
0.545322
0.547707
0.550274
0.552853
0.555293
0.557477
0.559327
0.560803
0.561899
0.562636
0.563052
0.563193
0.563115
0.562873
0.562519
0.562106
0.561678
0.561273
0.56092
0.560634
0.560417
0.560259
0.560136
0.560015
0.559859
0.559636
0.559318
0.558891
0.558359
0.557739
0.557067
0.556388
0.555754
0.555215
0.554811
0.554564
0.554475
0.554526
0.554682
0.554901
0.555139
0.555365
0.55556
0.555718
0.555845
0.555948
0.556029
0.556085
0.556103
0.556081
0.55603
0.555994
0.556042
0.556261
0.55673
0.557492
0.558535
0.559792
0.561152
0.562488
0.563686
0.564662
0.565377
0.565839
0.566101
0.566259
0.566433
0.566758
0.56736
0.568331
0.569718
0.571512
0.57366
0.576077
0.578672
0.581363
0.584093
0.586823
0.589532
0.592198
0.59479
0.597258
0.599541
0.601576
0.603319
0.604768
0.605971
0.607031
0.608085
0.609275
0.610704
0.612404
0.614316
0.616295
0.618141
0.619641
0.620608
0.620916
0.620513
0.619429
0.617765
0.615691
0.613445
0.611339
0.60975
0.609071
0.609623
0.611535
0.614671
0.618659
0.623004
0.627249
0.631079
0.634368
0.63716
0.639609
0.641905
0.644195
0.646529
0.648834
0.65093
0.652577
0.653541
0.65364
0.652778
0.650962
0.648303
0.645018
0.641425
0.637942
0.635072
0.633349
0.633214
0.634839
0.638005
0.642132
0.646466
0.650302
0.653128
0.654655
0.654771
0.653487
0.650901
0.647218
0.64281
0.638295
0.634562
0.632612
0.633203
0.636457
0.641753
0.648008
0.654139
0.659381
0.663371
0.666049
0.667534
0.668015
0.667687
0.666727
0.66528
0.663466
0.661382
0.659118
0.65676
0.654398
0.652133
0.650075
0.648337
0.64703
0.646245
0.64604
0.646424
0.647357
0.648751
0.650487
0.652429
0.654446
0.656425
0.658276
0.65994
0.661379
0.662575
0.663526
0.664235
0.664711
0.664963
0.664999
0.664826
0.66445
0.663873
0.663104
0.662151
0.66103
0.659766
0.658391
0.656946
0.655478
0.654032
0.652653
0.651374
0.650216
0.649183
0.648252
0.647375
0.64648
0.645488
0.644335
0.642998
0.641509
0.63995
0.638432
0.63708
0.636031
0.635457
0.635588
0.636715
0.639149
0.643111
0.648586
0.655228
0.662395
0.669326
0.675341
0.679993
0.683107
0.68474
0.685114
0.684543
0.683369
0.681913
0.680431
0.6791
0.67801
0.677176
0.676558
0.676093
0.675715
0.675377
0.675067
0.674806
0.674642
0.674632
0.674827
0.675255
0.675923
0.676816
0.677914
0.679189
0.680615
0.682162
0.683791
0.68546
0.687119
0.688718
0.690209
0.691553
0.692717
0.693677
0.694415
0.69492
0.695186
0.695213
0.695008
0.694589
0.693984
0.693235
0.692399
0.691545
0.690754
0.690117
0.689724
0.689655
0.689966
0.690674
0.691753
0.693136
0.694719
0.696385
0.698018
0.699522
0.700824
0.701884
0.702682
0.70322
0.703505
0.70355
0.703361
0.702946
0.702309
0.701461
0.700421
0.699222
0.697922
0.696606
0.695391
0.694431
0.693902
0.693985
0.694829
0.696508
0.698988
0.702116
0.705646
0.709283
0.712743
0.715799
0.718304
0.720196
0.721481
0.722206
0.722438
0.722238
0.721654
0.720718
0.719453
0.71788
0.716028
0.713942
0.711686
0.709354
0.707066
0.704971
0.703235
0.702029
0.701508
0.701778
0.702879
0.704761
0.707286
0.710243
0.713384
0.716453
0.719216
0.721481
0.723103
0.723985
0.724075
0.723361
0.721871
0.719659
0.716806
0.713403
0.709542
0.705301
0.700749
0.695945
0.690953
0.685848
0.680729
0.675714
0.670952
0.666624
0.662948
0.660152
0.658433
0.657903
0.65855
0.660231
0.662692
0.66561
0.668639
0.671476
0.673909
0.675864
0.677414
0.678746
0.680093
0.681645
0.683486
0.685577
0.687777
0.689904
0.691782
0.693271
0.694282
0.694763
0.694688
0.694043
0.692811
0.690969
0.688492
0.68538
0.6817
0.677643
0.673573
0.670003
0.667468
0.666317
0.666524
0.667658
0.66905
0.670023
0.670081
0.668984
0.666734
0.663533
0.659728
0.655757
0.652088
0.649147
0.647241
0.646504
0.646887
0.648189
0.650123
0.652391
0.654736
0.656968
0.658958
0.66063
0.661931
0.662817
0.663244
0.663157
0.662506
0.66125
0.659377
0.656921
0.653967
0.650657
0.647175
0.64372
0.640477
0.637589
0.635155
0.633235
0.631872
0.631101
0.630948
0.631412
0.632455
0.633992
0.635897
0.638017
0.640188
0.642243
0.644031
0.645427
0.646337
0.646701
0.646501
0.645751
0.6445
0.642825
0.640823
0.63861
0.636306
0.634025
0.631876
0.62995
0.628326
0.627069
0.62623
0.625844
0.62592
0.626437
0.627334
0.628516
0.629856
0.631213
0.632446
0.633431
0.634079
0.634338
0.634202
0.633705
0.632918
0.631932
0.630855
0.629788
0.628824
0.628032
0.627456
0.627111
0.626983
0.627033
0.627206
0.627436
0.627655
0.627804
0.627833
0.627708
0.627412
0.626937
0.626288
0.625475
0.624514
0.623431
0.622256
0.621038
0.619838
0.618736
0.617825
0.617199
0.61694
0.617105
0.617702
0.618697
0.620006
0.621518
0.623105
0.624648
0.62605
0.627243
0.628189
0.62887
0.629282
0.629419
0.629275
0.628838
0.628104
0.627075
0.625775
0.624252
0.622574
0.620827
0.619103
0.617493
0.616076
0.614912
0.614039
0.613473
0.613218
0.61327
0.613623
0.614271
0.61521
0.616431
0.617912
0.619615
0.621481
0.623436
0.625394
0.62727
0.62899
0.630502
0.631785
0.632852
0.633741
0.634508
0.635209
0.635878
0.63651
0.637064
0.637457
0.637591
0.637368
0.636717
0.635611
0.63408
0.632217
0.630168
0.628116
0.626248
0.624717
0.623612
0.622929
0.622579
0.622401
0.622201
0.621789
0.621017
0.619804
0.618157
0.616185
0.614103
0.612213
0.610865
0.610381
0.610971
0.612665
0.615304
0.618584
0.622147
0.625663
0.628877
0.631628
0.633835
0.635478
0.636571
0.637149
0.637257
0.636944
0.636262
0.635261
0.633993
0.632509
0.63086
0.629096
0.627268
0.62543
0.623641
0.621963
0.620462
0.619202
0.618242
0.617623
0.617365
0.61746
0.617877
0.618568
0.619479
0.620557
0.621755
0.623035
0.624364
0.625708
0.627035
0.628308
0.629498
0.630582
0.631551
0.632409
0.63318
0.633895
0.634582
0.635259
0.635915
0.636503
0.636942
0.637122
0.636923
0.636237
0.634982
0.633124
0.630688
0.627755
0.624467
0.621006
0.617583
0.614408
0.611674
0.60954
0.608122
0.607488
0.60767
0.608658
0.610407
0.61284
0.615848
0.6193
0.623051
0.626952
0.630857
0.634631
0.638152
0.641318
0.644047
0.646277
0.647965
0.649072
0.649559
0.649382
0.648484
0.646807
0.644311
0.641009
0.637013
0.632586
0.62816
0.624288
0.621511
0.620178
0.620314
0.621639
0.623715
0.626119
0.62856
0.630887
0.633047
0.635022
0.63678
0.638268
0.639414
0.640148
0.640421
0.640216
0.63955
0.638467
0.637033
0.635315
0.63338
0.631279
0.629049
0.626716
0.624308
0.621866
0.61946
0.617189
0.615172
0.613531
0.612366
0.611738
0.611655
0.612076
0.612921
0.614087
0.615459
0.616925
0.618381
0.619746
0.620957
0.621977
0.622791
0.623404
0.623836
0.624114
0.62427
0.624327
0.624305
0.624209
0.62404
0.623797
0.62348
0.623093
0.622641
0.622124
0.621533
0.620842
0.620004
0.618961
0.617651
0.61602
0.614044
0.611739
0.609169
0.60644
0.603684
0.601044
0.598642
0.596574
0.594905
0.593674
0.592905
0.592609
0.592778
0.593372
0.594315
0.595486
0.596734
0.597893
0.598802
0.599334
0.599406
0.599007
0.598198
0.59712
0.595977
0.595003
0.594412
0.594347
0.594842
0.595818
0.597116
0.598541
0.599913
0.60109
0.601985
0.602562
0.602822
0.602795
0.602522
0.602055
0.601436
0.600704
0.59988
0.598968
0.597954
0.596806
0.595476
0.593907
0.592037
0.589811
0.587195
0.584195
0.580875
0.577378
0.573934
0.570846
0.568453
0.567061
0.566881
0.567974
0.570243
0.57346
0.577313
0.581455
0.585548
0.589293
0.592451
0.594846
0.596371
0.59698
0.596686
0.595554
0.593706
0.591315
0.588606
0.585849
0.583336
0.581344
0.580096
0.57971
0.580182
0.58139
0.583135
0.585193
0.587368
0.589529
0.591619
0.593647
0.595658
0.597704
0.59981
0.601959
0.604087
0.606094
0.607862
0.609282
0.610264
0.61076
0.610766
0.610329
0.609546
0.608557
0.607521
0.606603
0.605944
0.605643
0.605754
0.606291
0.607235
0.608545
0.61016
0.611998
0.613956
0.615915
0.617755
0.619366
0.62067
0.621627
0.62224
0.622561
0.622672
0.622681
0.622699
0.622825
0.623134
0.62367
0.624442
0.62543
0.626598
0.627899
0.629285
0.630715
0.632152
0.633574
0.634968
0.636341
0.637713
0.639121
0.64061
0.642223
0.64399
0.645912
0.647953
0.650033
0.652036
0.653819
0.655231
0.65613
0.656403
0.65598
0.654844
0.653042
0.650683
0.647934
0.644998
0.642094
0.639418
0.637119
0.635284
0.633929
0.633021
0.632492
0.632261
0.632247
0.632374
0.632573
0.632784
0.632956
0.63305
0.633035
0.632896
0.632631
0.632253
0.631794
0.631312
0.630886
0.630614
0.6306
0.630935
0.63168
0.632858
0.634441
0.636352
0.638475
0.640667
0.642773
0.644646
0.646153
0.647187
0.647665
0.647529
0.646742
0.645282
0.643144
0.640341
0.636913
0.632939
0.628548
0.623936
0.619357
0.6151
0.611437
0.60856
0.60653
0.605265
0.604573
0.604215
0.603968
0.603658
0.603173
0.602457
0.601499
0.600315
0.59895
0.597465
0.595936
0.594441
0.593057
0.591849
0.590867
0.590147
0.589709
0.589561
0.589701
0.59011
0.590754
0.591567
0.592459
0.593316
0.594018
0.594465
0.594603
0.594456
0.594141
0.593859
0.593871
0.594433
0.595724
0.597795
0.600547
0.603771
0.607199
0.610573
0.613683
0.616382
0.618585
0.620257
0.621395
0.622021
0.622171
0.621893
0.621243
0.620285
0.619087
0.617718
0.61624
0.6147
0.613123
0.611504
0.609813
0.607992
0.605974
0.603695
0.601119
0.598267
0.595236
0.592222
0.589507
0.587425
0.586284
0.586292
0.587504
0.589814
0.593005
0.596808
0.600954
0.605193
0.609296
0.613049
0.61626
0.618764
0.620442
0.621224
0.621097
0.620109
0.618371
0.616074
0.613495
0.610991
0.608972
0.60782
0.607792
0.60893
0.611031
0.613694
0.616417
0.618717
0.620215
0.620689
0.620096
0.618562
0.61636
0.613851
0.611401
0.6093
0.607696
0.606595
0.605906
0.605519
0.605358
0.605402
0.605679
0.606223
0.607041
0.60807
0.609175
0.610153
0.610769
0.610812
0.610141
0.60874
0.606746
0.604446
0.602234
0.600521
0.599632
0.599716
0.600732
0.602482
0.604703
0.607143
0.609608
0.611972
0.614169
0.616166
0.617949
0.619516
0.620866
0.621998
0.62291
0.623597
0.624052
0.624278
0.62429
0.624125
0.623839
0.623505
0.623192
0.622955
0.622815
0.622755
0.622724
0.622652
0.622464
0.622101
0.621526
0.620735
0.619752
0.618625
0.61742
0.61621
0.61507
0.614066
0.613247
0.612642
0.612253
0.612061
0.612022
0.612083
0.612184
0.612276
0.612334
0.612374
0.612454
0.612681
0.61319
0.614105
0.615508
0.617396
0.619677
0.622186
0.624718
0.627072
0.629078
0.630609
0.631585
0.631966
0.631749
0.630964
0.629679
0.627996
0.626048
0.62399
0.621975
0.620135
0.618559
0.617285
0.616315
0.61562
0.615166
0.61492
0.614861
0.614983
0.615292
0.615812
0.616574
0.617607
0.618928
0.620522
0.62234
0.624289
0.626253
0.628106
0.629731
0.631036
0.631957
0.632461
0.632541
0.632212
0.631512
0.630497
0.629241
0.627823
0.626321
0.624797
0.623291
0.621825
0.620407
0.619058
0.617825
0.616781
0.616015
0.615599
0.615564
0.615886
0.616504
0.617347
0.61836
0.619509
0.620777
0.622142
0.623568
0.624999
0.626372
0.627633
0.628743
0.629688
0.630469
0.631094
0.631573
0.631903
0.632075
0.63207
0.63187
0.631456
0.630819
0.629958
0.628884
0.62762
0.626199
0.624666
0.623069
0.621461
0.61989
0.618397
0.61701
0.61574
0.614585
0.613533
0.612573
0.611699
0.610921
0.610265
0.609767
0.609464
0.609379
0.609516
0.609844
0.610306
0.610826
0.611318
0.611708
0.611943
0.612002
0.611903
0.611702
0.611482
0.611347
0.611412
0.611784
0.612557
0.613795
0.615528
0.61774
0.620371
0.623323
0.626473
0.629691
0.632848
0.635834
0.638557
0.640947
0.642954
0.644541
0.645685
0.64637
0.646594
0.646364
0.645701
0.644648
0.643271
0.64167
0.639977
0.638356
0.636993
0.636074
0.63576
0.63616
0.637303
0.63913
0.641495
0.644188
0.646971
0.649612
0.651922
0.653767
0.655073
0.655824
0.65605
0.655821
0.655237
0.654431
0.653554
0.652766
0.652224
0.652061
0.652368
0.653192
0.654524
0.656318
0.658498
0.660977
0.663671
0.6665
0.669398
0.672303
0.675155
0.677893
0.680452
0.682774
0.68481
0.686531
0.687935
0.689049
0.689922
0.69062
0.691203
0.691714
0.692158
0.692491
0.692614
0.692377
0.691588
0.690031
0.687487
0.68377
0.678764
0.672503
0.665267
0.657682
0.650726
0.645539
0.643016
0.64341
0.646243
0.650601
0.655571
0.660517
0.665136
0.669366
0.673265
0.676919
0.680383
0.683667
0.686738
0.689533
0.691982
0.694018
0.695592
0.696676
0.697268
0.697389
0.697085
0.696421
0.695476
0.694332
0.693056
0.691691
0.690237
0.688647
0.686824
0.684625
0.68188
0.678417
0.674115
0.668974
0.663203
0.657288
0.651963
0.64804
0.646143
0.646487
0.648847
0.652719
0.657529
0.662768
0.668044
0.673068
0.677632
0.681594
0.684857
0.687368
0.689112
0.690106
0.690393
0.690021
0.689032
0.687437
0.685204
0.682271
0.678585
0.674196
0.669375
0.664707
0.661041
0.659232
0.659752
0.662441
0.666597
0.671321
0.675853
0.679719
0.682718
0.684832
0.686145
0.68679
0.686919
0.686681
0.686206
0.685594
0.684906
0.684165
0.683367
0.682484
0.681473
0.680281
0.678848
0.677122
0.675072
0.672711
0.670122
0.66747
0.665003
0.663021
0.661815
0.661595
0.662419
0.664177
0.666621
0.669425
0.672254
0.674814
0.676873
0.678272
0.678917
0.678774
0.677858
0.676226
0.673973
0.671221
0.668118
0.664842
0.661608
0.658675
0.656338
0.6549
0.65462
0.655654
0.658001
0.661482
0.665754
0.670377
0.674909
0.678994
0.682414
0.685084
0.686997
0.688164
0.688572
0.688172
0.686906
0.684757
0.681808
0.678283
0.674562
0.671135
0.668485
0.666954
0.666654
0.667479
0.669206
0.671613
0.674528
0.677819
0.681349
0.68495
0.688423
0.691562
0.694185
0.696148
0.697355
0.697764
0.697391
0.696332
0.69477
0.692972
0.691252
0.689901
0.689108
0.688919
0.68925
0.689949
0.690869
0.691914
0.693048
0.694273
0.695596
0.696999
0.698421
0.699761
0.700882
0.701631
0.701857
0.701431
0.700257
0.698289
0.695535
0.692063
0.687993
0.683491
0.678757
0.674001
0.669432
0.665246
0.66162
0.658714
0.656663
0.65557
0.655478
0.656351
0.658054
0.660364
0.662994
0.665639
0.668026
0.669947
0.67128
0.671993
0.672127
0.671771
0.671027
0.669979
0.668674
0.667113
0.66526
0.663066
0.660491
0.657531
0.654237
0.650718
0.647136
0.643679
0.640531
0.637837
0.635681
0.634081
0.633002
0.632378
0.632135
0.632207
0.632547
0.633125
0.633921
0.634917
0.636085
0.637381
0.638749
0.640123
0.641434
0.642621
0.643634
0.644437
0.645013
0.645355
0.645465
0.64535
0.645016
0.644467
0.6437
0.642708
0.641479
0.640001
0.638264
0.636268
0.634022
0.631555
0.628914
0.626165
0.623395
0.620706
0.618204
0.615995
0.614172
0.612808
0.611941
0.611572
0.61166
0.612129
0.612879
0.613801
0.614791
0.615761
0.616644
0.61739
0.61797
0.618365
0.61857
0.618588
0.618423
0.618084
0.617577
0.61691
0.616091
0.615136
0.61407
0.612926
0.611743
0.610551
0.609364
0.608168
0.606923
0.60558
0.604105
0.602505
0.600857
0.599306
0.598055
0.597313
0.597249
0.597943
0.599364
0.60139
0.603842
0.606522
0.609244
0.611844
0.614188
0.616171
0.617722
0.618808
0.619438
0.619666
0.619587
0.619319
0.618987
0.618695
0.618509
0.618451
0.6185
0.618607
0.618715
0.61877
0.61873
0.618567
0.618265
0.617817
0.617228
0.616508
0.61568
0.614777
0.613846
0.612944
0.612138
0.61149
0.611056
0.610874
0.610961
0.611309
0.611887
0.612645
0.613517
0.614426
0.615291
0.61603
0.616572
0.616864
0.61688
0.616625
0.61614
0.6155
0.614807
0.614173
0.613709
0.613506
0.613628
0.614105
0.614941
0.616115
0.61759
0.619317
0.62123
0.623252
0.625288
0.627231
0.628963
0.630364
0.631317
0.631713
0.631463
0.6305
0.628793
0.626358
0.623263
0.619639
0.61568
0.611635
0.607778
0.60437
0.601618
0.599633
0.59842
0.5979
0.597953
0.598464
0.599356
0.600579
0.602094
0.603849
0.605773
0.607791
0.609831
0.611832
0.613735
0.61548
0.617014
0.61831
0.619387
0.620331
0.621289
0.62245
0.624002
0.626088
0.628766
0.632005
0.635687
0.639644
0.643688
0.647638
0.651344
0.654691
0.657604
0.66004
0.661989
0.663459
0.664477
0.665079
0.665306
0.665198
0.664793
0.664123
0.663214
0.662086
0.660755
0.659238
0.657555
0.655735
0.65382
0.651868
0.649952
0.648158
0.646574
0.645285
0.644359
0.643841
0.643747
0.644068
0.644776
0.645835
0.647206
0.648855
0.650749
0.65285
0.65511
0.657461
0.659819
0.662087
0.664164
0.665956
0.667385
0.668395
0.668959
0.669085
0.668818
0.668235
0.667442
0.666551
0.665659
0.664827
0.664061
0.663309
0.662488
0.661512
0.660344
0.659024
0.657683
0.656506
0.655684
0.655346
0.655526
0.656164
0.657166
0.658475
0.660136
0.66229
0.665106
0.668671
0.672903
0.677541
0.682217
0.686566
0.690311
0.693295
0.695475
0.696892
0.697636
0.697818
0.697555
0.696952
0.6961
0.69507
0.693913
0.692659
0.691316
0.689878
0.68832
0.686605
0.684685
0.682503
0.680004
0.677139
0.673879
0.670227
0.666233
0.661997
0.657664
0.65341
0.6494
0.64576
0.642538
0.639698
0.637126
0.634668
0.632182
0.629585
0.626901
0.624284
0.622012
0.620439
0.619913
0.620679
0.622796
0.626125
0.630374
0.635182
0.640205
0.645155
0.649823
0.654067
0.657801
0.660975
0.66357
0.665582
0.667023
0.667916
0.668294
0.668201
0.66769
0.666823
0.665662
0.664272
0.662711
0.661029
0.659267
0.657456
0.655618
0.653771
0.651928
0.650102
0.6483
0.646528
0.644791
0.643089
0.641424
0.639796
0.638205
0.636651
0.635134
0.633651
0.632199
0.630773
0.629367
0.62798
0.626614
0.625277
0.623985
0.622759
0.621623
0.620603
0.619724
0.619003
0.618453
0.61808
0.617882
0.617852
0.617978
0.618243
0.618626
0.619101
0.619629
0.620167
0.62066
0.621051
0.621284
0.62131
0.621089
0.620585
0.619767
0.618606
0.617091
0.615248
0.613151
0.610906
0.608614
0.606337
0.604104
0.601966
0.60006
0.598628
0.597944
0.598192
0.599382
0.601343
0.603813
0.606526
0.609274
0.611918
0.61437
0.616572
0.618479
0.620063
0.621319
0.622263
0.622944
0.623426
0.623783
0.624077
0.624345
0.624592
0.62479
0.624885
0.624815
0.624519
0.623953
0.623097
0.621955
0.62056
0.618964
0.617238
0.615464
0.613726
0.612109
0.610688
0.609527
0.608675
0.608162
0.608007
0.608213
0.608773
0.609672
0.610887
0.612383
0.614116
0.616036
0.618081
0.620187
0.622285
0.6243
0.62615
0.627748
0.629002
0.629819
0.630112
0.629803
0.628833
0.627168
0.624814
0.621827
0.61833
0.614525
0.61069
0.607161
0.60428
0.60233
0.601479
0.60175
0.603034
0.605135
0.607819
0.610854
0.614037
0.617203
0.620229
0.623032
0.625559
0.627774
0.629643
0.63112
0.63215
0.63267
0.632622
0.631959
0.630651
0.628684
0.626059
0.622799
0.61895
0.61459
0.609838
0.604865
0.599901
0.595233
0.591199
0.588158
0.586434
0.586252
0.587677
0.590585
0.594683
0.599569
0.604801
0.609969
0.614734
0.618862
0.622223
0.624784
0.6266
0.627793
0.628532
0.629014
0.629436
0.629967
0.630718
0.631731
0.632975
0.63436
0.63577
0.637083
0.638191
0.639012
0.639486
0.639574
0.639246
0.638483
0.637266
0.635583
0.633427
0.630807
0.627753
0.624323
0.620614
0.616757
0.612924
0.609306
0.606099
0.603479
0.601568
0.600416
0.599984
0.600149
0.600719
0.601461
0.602136
0.602531
0.60249
0.601936
0.600886
0.59945
0.597817
0.596231
0.594947
0.594192
0.594118
0.594779
0.596112
0.597959
0.600096
0.602287
0.604328
0.60608
0.607481
0.608535
0.609296
0.609842
0.610253
0.610591
0.610894
0.611174
0.611421
0.61161
0.611716
0.611714
0.611588
0.611333
0.610948
0.610439
0.609809
0.609058
0.608177
0.607143
0.605926
0.604483
0.602774
0.600765
0.59845
0.595853
0.593045
0.590134
0.587255
0.584547
0.582139
0.58014
0.578653
0.577782
0.577636
0.578309
0.579838
0.582168
0.585142
0.588517
0.592018
0.595376
0.598367
0.600825
0.602637
0.603738
0.60412
0.603838
0.603038
0.60196
0.60093
0.600292
0.600317
0.601109
0.60257
0.60445
0.606443
0.608293
0.609853
0.611096
0.612091
0.612955
0.613803
0.614711
0.615697
0.616714
0.617667
0.618438
0.618913
0.619007
0.618677
0.617934
0.616837
0.61548
0.61397
0.612395
0.610803
0.609198
0.607558
0.605872
0.60418
0.602606
0.60136
0.6007
0.600861
0.601979
0.604046
0.606921
0.610389
0.614225
0.61823
0.622227
0.62603
0.629429
0.632208
0.634197
0.635332
0.635714
0.635602
0.635361
0.635342
0.635762
0.636626
0.637748
0.638841
0.639629
0.639933
0.639697
0.638992
0.637986
0.636895
0.63593
0.635243
0.634889
0.634824
0.634934
0.635075
0.635116
0.634965
0.634577
0.633956
0.633164
0.632308
0.631538
0.631025
0.630941
0.631429
0.63258
0.634419
0.636905
0.639942
0.643398
0.647132
0.651001
0.654873
0.658621
0.66212
0.665248
0.667879
0.669897
0.671202
0.67172
0.671416
0.670304
0.668453
0.665978
0.663029
0.659766
0.656358
0.653005
0.650008
0.647817
0.647008
0.648107
0.651334
0.65645
0.662821
0.66967
0.676318
0.682302
0.687363
0.691373
0.694277
0.69605
0.696698
0.696256
0.694802
0.692463
0.689403
0.685809
0.681875
0.677778
0.673673
0.669697
0.665982
0.662671
0.65993
0.657945
0.656902
0.656952
0.658168
0.660516
0.663839
0.667863
0.672223
0.676496
0.680253
0.683108
0.684798
0.685267
0.684749
0.683785
0.683113
0.683413
0.685025
0.687833
0.691385
0.695154
0.698731
0.701884
0.704523
0.706628
0.708214
0.709303
0.709938
0.710183
0.710135
0.709919
0.709675
0.709539
0.709618
0.709971
0.710596
0.711435
0.712392
0.713355
0.714216
0.71489
0.715311
0.715435
0.71522
0.714621
0.713582
0.712043
0.709969
0.707382
0.704403
0.70128
0.698368
0.696067
0.694708
0.694453
0.695246
0.696858
0.698979
0.701322
0.703677
0.705911
0.707935
0.709661
0.710973
0.711724
0.711763
0.710967
0.709285
0.706764
0.70355
0.699872
0.695997
0.692162
0.688526
0.685135
0.681934
0.67882
0.675718
0.672651
0.669772
0.667352
0.665737
0.665281
0.666269
0.668798
0.672664
0.677346
0.682136
0.686385
0.689711
0.692094
0.693815
0.695306
0.696956
0.698958
0.701262
0.703632
0.705759
0.707373
0.708297
0.708462
0.707897
0.7067
0.705021
0.703049
0.700986
0.699037
0.697378
0.696127
0.69533
0.694949
0.694875
0.694964
0.695067
0.695059
0.694863
0.694444
0.693809
0.693
0.692091
0.69118
0.690374
0.68977
0.689418
0.689294
0.689305
0.689311
0.689182
0.688847
0.688338
0.687787
0.687395
0.687374
0.687881
0.688971
0.690578
0.692536
0.694611
0.696554
0.698132
0.69916
0.699512
0.699121
0.697981
0.69614
0.693701
0.690819
0.687694
0.684559
0.681661
0.679233
0.677466
0.676487
0.676353
0.677056
0.678533
0.680681
0.683371
0.686456
0.689786
0.693219
0.696632
0.699927
0.703034
0.705902
0.708496
0.710789
0.712755
0.714372
0.715618
0.716483
0.716974
0.717131
0.717034
0.716811
0.716625
0.716659
0.717071
0.717956
0.719316
0.721053
0.723
0.724954
0.72673
0.728183
0.729233
0.729863
0.730116
0.730083
0.729893
0.729696
0.729647
0.72988
0.730491
0.731518
0.732933
0.734649
0.736526
0.738395
0.740071
0.741374
0.742134
0.742208
0.741489
0.739918
0.737498
0.734305
0.730494
0.726296
0.721999
0.717921
0.71438
0.711667
0.710042
0.709719
0.710865
0.713564
0.717789
0.723362
0.729959
0.737139
0.744404
0.751266
0.757299
0.762175
0.765674
0.767687
0.768216
0.767374
0.765382
0.762556
0.759256
0.755809
0.752428
0.749154
0.745883
0.742469
0.73888
0.73532
0.73227
0.73037
0.730187
0.73196
0.735487
0.74021
0.745433
0.750526
0.755038
0.758705
0.761412
0.763161
0.764047
0.764245
0.763985
0.763511
0.763037
0.762699
0.762548
0.762558
0.762663
0.762795
0.762914
0.763023
0.763165
0.763406
0.763818
0.764457
0.765355
0.76651
0.767884
0.769409
0.770993
0.772526
0.773893
0.774982
0.775693
0.775945
0.775682
0.774879
0.773542
0.771713
0.769469
0.766909
0.764151
0.761318
0.758522
0.755867
0.753449
0.751374
0.749771
0.748795
0.748592
0.749247
0.750711
0.752765
0.755039
0.75708
0.758455
0.758835
0.758061
0.756167
0.753373
0.750028
0.746526
0.743204
0.74027
0.737792
0.735731
0.734006
0.732532
0.73125
0.730125
0.729156
0.728366
0.727796
0.727484
0.727442
0.727645
0.728028
0.728502
0.728975
0.729373
0.729646
0.729771
0.729744
0.72957
0.729259
0.728823
0.72827
0.7276
0.726801
0.725845
0.724695
0.723321
0.72173
0.719995
0.718275
0.716795
0.715782
0.71536
0.715456
0.71578
0.715879
0.715256
0.713503
0.71042
0.706129
0.701142
0.696334
0.692724
0.69109
0.691613
0.69383
0.696924
0.700106
0.702854
0.704944
0.70637
0.707229
0.707646
0.707727
0.707534
0.707087
0.706369
0.705343
0.703963
0.702201
0.700062
0.697594
0.694906
0.692157
0.689548
0.687295
0.685588
0.684564
0.684271
0.684665
0.685622
0.686961
0.688478
0.689975
0.691282
0.69227
0.692847
0.692969
0.692636
0.6919
0.69087
0.689716
0.688651
0.687911
0.68771
0.688197
0.689422
0.691319
0.693718
0.696384
0.699055
0.701482
0.703456
0.70482
0.705473
0.705358
0.704461
0.702802
0.700433
0.697444
0.693967
0.69018
0.686306
0.682595
0.679296
0.676619
0.674691
0.673528
0.673022
0.672969
0.673105
0.673187
0.673071
0.672775
0.672481
0.672462
0.672951
0.674031
0.675608
0.67748
0.679442
0.681364
0.683195
0.684936
0.686593
0.688141
0.689518
0.690627
0.691353
0.691576
0.691191
0.690124
0.688343
0.685886
0.682889
0.679623
0.676517
0.674127
0.673025
0.673609
0.675915
0.679555
0.683836
0.687981
0.691338
0.693482
0.694224
0.693578
0.691708
0.688904
0.685553
0.682099
0.678991
0.676597
0.675136
0.674639
0.674974
0.675914
0.677213
0.678654
0.680071
0.681343
0.682391
0.683172
0.683676
0.683919
0.683922
0.683695
0.68323
0.682523
0.681616
0.680651
0.679889
0.679663
0.680268
0.681828
0.68422
0.687105
0.690056
0.692685
0.694731
0.69608
0.696745
0.696816
0.696429
0.695727
0.69484
0.69387
0.692888
0.691928
0.690994
0.690067
0.689105
0.688055
0.686853
0.685429
0.683715
0.681664
0.679269
0.676594
0.673803
0.671171
0.669063
0.667863
0.667855
0.66911
0.671415
0.674297
0.677132
0.679287
0.680226
0.679579
0.677177
0.673068
0.667548
0.661177
0.65474
0.649107
0.644994
0.642735
0.642224
0.643051
0.644728
0.646864
0.649218
0.65167
0.654166
0.656683
0.659197
0.661683
0.664108
0.66643
0.668606
0.670593
0.672355
0.673867
0.675112
0.676082
0.676767
0.677149
0.677207
0.676925
0.676307
0.675401
0.674316
0.67323
0.672379
0.67202
0.672359
0.673485
0.675325
0.677656
0.680174
0.682575
0.684623
0.686177
0.687187
0.687666
0.687667
0.687249
0.686464
0.685346
0.683898
0.682098
0.679902
0.677257
0.674129
0.67054
0.666623
0.662662
0.659092
0.656427
0.655108
0.655342
0.657019
0.659771
0.663122
0.666638
0.670009
0.673055
0.675696
0.677905
0.679678
0.681019
0.681927
0.6824
0.682439
0.682044
0.681219
0.67997
0.678299
0.676212
0.673714
0.670825
0.667581
0.664058
0.660369
0.656671
0.653145
0.649975
0.64732
0.645294
0.643965
0.643352
0.643442
0.644185
0.645494
0.647242
0.649269
0.651396
0.653453
0.655303
0.656859
0.658093
0.659025
0.659715
0.660239
0.660677
0.661097
0.661549
0.662068
0.662671
0.663368
0.664161
0.665054
0.666045
0.667128
0.668282
0.669474
0.670654
0.671757
0.672714
0.673454
0.673916
0.674047
0.673812
0.673194
0.672197
0.670853
0.669219
0.667381
0.66545
0.663553
0.661822
0.660377
0.65931
0.658682
0.658512
0.658787
0.659464
0.66048
0.661763
0.663233
0.664816
0.666442
0.66805
0.669591
0.671025
0.672317
0.673439
0.674363
0.675057
0.675491
0.675625
0.675419
0.674833
0.673834
0.672403
0.670548
0.668314
0.665804
0.663192
0.660725
0.658701
0.657418
0.657098
0.657817
0.659483
0.661853
0.664602
0.667398
0.669961
0.672093
0.673672
0.674633
0.67495
0.674622
0.673674
0.67216
0.670181
0.667899
0.665538
0.663379
0.661721
0.660829
0.660871
0.66187
0.663706
0.666144
0.668901
0.6717
0.674316
0.676591
0.678431
0.679796
0.680685
0.681119
0.681135
0.680773
0.680073
0.679066
0.677776
0.676214
0.674385
0.672287
0.669923
0.667302
0.66445
0.661417
0.658277
0.655124
0.652067
0.649212
0.646654
0.644459
0.642664
0.641281
0.640299
0.639696
0.639446
0.63952
0.639883
0.640499
0.64133
0.642342
0.6435
0.644765
0.646081
0.647369
0.648532
0.649464
0.650074
0.650301
0.65012
0.649541
0.648601
0.647346
0.645822
0.644067
0.642103
0.639945
0.637609
0.63512
0.632527
0.629915
0.627407
0.625157
0.623329
0.622066
0.621459
0.621525
0.622215
0.62342
0.62501
0.626848
0.628818
0.63083
0.632829
0.634788
0.636706
0.638592
0.640461
0.64232
0.644162
0.645965
0.647693
0.649297
0.65072
0.651903
0.652794
0.653355
0.653567
0.653439
0.653008
0.652335
0.651504
0.650611
0.649746
0.648982
0.648364
0.647891
0.647519
0.64716
0.646698
0.64601
0.644999
0.643623
0.641931
0.640072
0.638287
0.636863
0.636058
0.636028
0.636778
0.638167
0.639958
0.64189
0.64373
0.64531
0.646533
0.647365
0.647825
0.647973
0.647898
0.647702
0.647482
0.647315
0.647239
0.647249
0.647306
0.64735
0.647323
0.647187
0.646927
0.646558
0.646108
0.645613
0.645103
0.644595
0.644093
0.643585
0.643051
0.642465
0.641805
0.641057
0.64022
0.639309
0.638355
0.637402
0.636495
0.635678
0.634978
0.634401
0.633931
0.633528
0.633141
0.632713
0.632187
0.631509
0.630632
0.629511
0.62811
0.626407
0.624396
0.622097
0.61956
0.616862
0.614109
0.611437
0.609013
0.607035
0.605709
0.605215
0.605655
0.607016
0.609163
0.611865
0.614852
0.617876
0.620755
0.623403
0.625823
0.628093
0.630324
0.632622
0.635047
0.637592
0.640185
0.642716
0.645057
0.647097
0.648746
0.649948
0.650673
0.650913
0.65068
0.650002
0.648922
0.647504
0.645827
0.643982
0.642058
0.64013
0.63824
0.636394
0.634566
0.632723
0.630848
0.628948
0.627059
0.625218
0.623441
0.621706
0.619965
0.618173
0.616344
0.614589
0.61314
0.612311
0.612411
0.613632
0.615968
0.619215
0.62306
0.627179
0.631319
0.635316
0.639071
0.642519
0.645602
0.64826
0.650433
0.652068
0.653127
0.653594
0.653475
0.6528
0.651619
0.649999
0.64802
0.645771
0.643346
0.640838
0.638331
0.635901
0.633605
0.631482
0.629548
0.627801
0.626223
0.624782
0.623448
0.622196
0.621017
0.619926
0.618957
0.618167
0.617621
0.617385
0.617511
0.618026
0.618928
0.620178
0.621711
0.623443
0.62528
0.627134
0.628925
0.630591
0.632087
0.633386
0.634473
0.635345
0.636009
0.636487
0.63682
0.637071
0.637332
0.637712
0.63832
0.639244
0.640513
0.642084
0.643833
0.645575
0.647089
0.64815
0.64856
0.648184
0.646989
0.645092
0.642792
0.640566
0.638976
0.638499
0.639351
0.641402
0.64426
0.647441
0.650535
0.653294
0.655632
0.657583
0.659241
0.660722
0.662123
0.663513
0.66492
0.666341
0.667749
0.669107
0.670377
0.67153
0.672549
0.67343
0.674181
0.674821
0.675383
0.675904
0.676433
0.677022
0.677725
0.678589
0.679656
0.680949
0.682477
0.684226
0.686169
0.68827
0.690489
0.692791
0.695148
0.697539
0.699947
0.702352
0.704722
0.70701
0.709155
0.711084
0.712726
0.714016
0.714908
0.71538
0.715439
0.715114
0.714457
0.713536
0.712418
0.711164
0.709811
0.708364
0.706789
0.705023
0.70299
0.700641
0.697996
0.695171
0.692385
0.689923
0.688074
0.687088
0.687142
0.688327
0.690613
0.693806
0.697549
0.701393
0.704911
0.707822
0.710071
0.711837
0.713477
0.715395
0.717902
0.721106
0.724895
0.729007
0.733142
0.737035
0.740495
0.743399
0.745673
0.747271
0.748167
0.748351
0.747833
0.746649
0.744867
0.742595
0.739984
0.73722
0.734506
0.732033
0.729952
0.72835
0.727241
0.726578
0.726268
0.726197
0.726257
0.726348
0.726383
0.72628
0.725948
0.725292
0.724214
0.722634
0.720513
0.717878
0.714842
0.711614
0.708489
0.705802
0.703865
0.702892
0.702941
0.703904
0.705553
0.707614
0.709833
0.712024
0.714077
0.715934
0.717561
0.718917
0.719937
0.720531
0.720588
0.720003
0.718694
0.716638
0.713902
0.710666
0.707229
0.703965
0.701247
0.699336
0.698314
0.698083
0.698426
0.699112
0.699965
0.700887
0.701848
0.702852
0.703904
0.704995
0.706094
0.707155
0.708131
0.708975
0.709654
0.710146
0.710441
0.71054
0.710454
0.710197
0.70979
0.709251
0.708596
0.707838
0.706986
0.706051
0.705048
0.70401
0.702989
0.702063
0.701326
0.700881
0.700822
0.701223
0.702122
0.703516
0.705361
0.707563
0.709986
0.71245
0.714755
0.716702
0.718114
0.718865
0.71888
0.718146
0.716699
0.714612
0.711981
0.708921
0.70556
0.702054
0.698599
0.695439
0.692859
0.691163
0.690619
0.691403
0.693552
0.696938
0.701294
0.706268
0.711484
0.716601
0.721346
0.725522
0.728997
0.731695
0.733573
0.734613
0.734806
0.734155
0.732672
0.730381
0.727328
0.723582
0.719251
0.714476
0.709438
0.704345
0.699422
0.694902
0.691023
0.688027
0.686154
0.685611
0.686509
0.688789
0.692183
0.696254
0.700496
0.704462
0.70786
0.710575
0.712645
0.714201
0.715399
0.716375
0.71722
0.71798
0.718668
0.719281
0.719806
0.720225
0.720506
0.720606
0.720468
0.720028
0.719233
0.718055
0.716506
0.714651
0.712602
0.710519
0.708586
0.707001
0.705965
0.705674
0.706301
0.707971
0.710712
0.714426
0.718878
0.723737
0.728631
0.733214
0.73721
0.740429
0.74277
0.744201
0.744751
0.744502
0.74358
0.742166
0.740485
0.738795
0.737358
0.736389
0.736003
0.736175
0.736738
0.737416
0.737888
0.737851
0.737073
0.735418
0.732851
0.729428
0.725292
0.720648
0.715765
0.710948
0.706525
0.70281
0.700068
0.698477
0.698106
0.698903
0.700702
0.703248
0.706232
0.709351
0.712352
0.71506
0.717391
0.719357
0.721084
0.722807
0.724829
0.727417
0.73069
0.734553
0.738724
0.742836
0.746547
0.749612
0.751892
0.753323
0.753877
0.753525
0.752234
0.749983
0.746794
0.742781
0.738178
0.733345
0.728732
0.724798
0.721901
0.720212
0.719681
0.720069
0.721035
0.722217
0.723301
0.724047
0.724292
0.723944
0.722984
0.721461
0.719513
0.71736
0.715301
0.713659
0.712716
0.712621
0.713345
0.714684
0.716349
0.718059
0.719625
0.720968
0.722104
0.723099
0.724023
0.724924
0.725813
0.726658
0.727397
0.727941
0.728195
0.728064
0.727476
0.726391
0.724819
0.722829
0.72055
0.718165
0.715881
0.713896
0.712356
0.711327
0.710794
0.710683
0.710885
0.711296
0.711823
0.712396
0.71296
0.713471
0.713888
0.714168
0.714271
0.71417
0.713872
0.713439
0.712987
0.712666
0.712616
0.712912
0.713546
0.714422
0.715392
0.716294
0.716989
0.717379
0.717413
0.71708
0.716405
0.715432
0.714216
0.712817
0.711289
0.709678
0.708018
0.706334
0.704646
0.702975
0.701352
0.699825
0.698465
0.697361
0.696615
0.696322
0.696556
0.697352
0.698703
0.700553
0.702814
0.705371
0.708101
0.710876
0.713573
0.716077
0.718286
0.720104
0.72145
0.722255
0.722462
0.722039
0.720977
0.719305
0.7171
0.714497
0.711694
0.708945
0.706531
0.704725
0.70374
0.70369
0.704575
0.706288
0.708645
0.711415
0.714351
0.717206
0.719751
0.721792
0.723187
0.723873
0.72388
0.723336
0.722448
0.721464
0.720616
0.720062
0.719858
0.719947
0.720182
0.720341
0.720153
0.71931
0.717501
0.71448
0.710185
0.704893
0.699335
0.69461
0.691794
0.691387
0.693011
0.695643
0.698169
0.699842
0.700441
0.700207
0.69968
0.69951
0.700275
0.702317
0.70566
0.710048
0.715057
0.720251
0.725279
0.729917
0.734048
0.737624
0.740627
0.743044
0.744858
0.746047
0.746595
0.746495
0.745757
0.744416
0.742526
0.740167
0.737434
0.734425
0.731226
0.727888
0.724407
0.720713
0.716682
0.712174
0.707123
0.701655
0.696204
0.69151
0.688409
0.687452
0.688581
0.69114
0.69422
0.697068
0.699309
0.700944
0.702212
0.703419
0.704803
0.706464
0.708366
0.710387
0.712388
0.714253
0.715913
0.717335
0.71851
0.719438
0.720126
0.720587
0.72084
0.720915
0.720842
0.720654
0.720379
0.720038
0.719651
0.719241
0.718838
0.718476
0.718182
0.717959
0.717774
0.717558
0.717227
0.716707
0.715966
0.715024
0.71395
0.712845
0.711812
0.710934
0.710257
0.709783
0.709476
0.709271
0.709089
0.70885
0.708486
0.707951
0.707229
0.706338
0.705333
0.704301
0.703352
0.702612
0.702201
0.702217
0.702717
0.7037
0.705108
0.70683
0.70872
0.71062
0.712382
0.713884
0.715035
0.715781
0.716096
0.715975
0.715425
0.714461
0.713104
0.71138
0.709329
0.707011
0.704519
0.701986
0.699587
0.697526
0.696021
0.695257
0.695354
0.696325
0.698063
0.700353
0.702907
0.705416
0.707592
0.709211
0.710129
0.710289
0.709714
0.708485
0.706715
0.704511
0.701957
0.699122
0.696104
0.693114
0.690522
0.688845
0.688596
0.69007
0.693177
0.697452
0.702231
0.706852
0.710797
0.713717
0.715422
0.715845
0.715038
0.71317
0.710526
0.707483
0.704461
0.701838
0.699871
0.698635
0.698028
0.69784
0.697846
0.697906
0.698024
0.698354
0.699135
0.700579
0.702756
0.705533
0.708611
0.711617
0.714211
0.716142
0.717259
0.717495
0.716838
0.715318
0.713002
0.71
0.706474
0.702644
0.698787
0.695213
0.692228
0.690079
0.68891
0.688732
0.689434
0.690829
0.6927
0.694836
0.697053
0.699188
0.701106
0.702704
0.703912
0.704707
0.705102
0.705149
0.70492
0.704499
0.703963
0.703374
0.702771
0.702172
0.701577
0.700975
0.700353
0.699705
0.699028
0.698329
0.697614
0.69689
0.696157
0.695406
0.694627
0.693808
0.692945
0.692046
0.691139
0.690269
0.689494
0.688881
0.688484
0.688337
0.688435
0.688733
0.689148
0.689569
0.689882
0.689986
0.689807
0.689312
0.688505
0.687427
0.686147
0.684756
0.683352
0.682028
0.680863
0.67991
0.679187
0.678679
0.67834
0.6781
0.677875
0.677583
0.677146
0.676501
0.675602
0.674417
0.672931
0.671144
0.669073
0.66675
0.664234
0.661607
0.658987
0.656521
0.654391
0.652787
0.651886
0.651811
0.652599
0.654177
0.656372
0.658943
0.661628
0.664186
0.666425
0.668215
0.669481
0.670192
0.670352
0.669985
0.66913
0.667838
0.666169
0.664192
0.661988
0.659653
0.657289
0.655009
0.652926
0.651149
0.649768
0.648852
0.64844
0.648536
0.649114
0.650123
0.651495
0.653149
0.655004
0.656983
0.659015
0.661039
0.663004
0.664868
0.666598
0.66817
0.669568
0.670781
0.671804
0.672635
0.673279
0.67374
0.674028
0.674155
0.674138
0.673997
0.673757
0.67345
0.673108
0.672766
0.672451
0.672184
0.671971
0.671802
0.671649
0.671475
0.67124
0.670912
0.670483
0.669972
0.669435
0.668959
0.668652
0.66863
0.66899
0.6698
0.671077
0.672785
0.674838
0.677119
0.67949
0.681818
0.683979
0.68587
0.687405
0.688517
0.689156
0.689289
0.688899
0.687984
0.686556
0.684641
0.682282
0.679556
0.676589
0.673581
0.670817
0.668645
0.667414
0.667389
0.668663
0.671115
0.674443
0.678236
0.682077
0.685618
0.688627
0.69099
0.692692
0.69379
0.694381
0.694573
0.69447
0.694154
0.693681
0.693075
0.692335
0.691436
0.690333
0.688976
0.687311
0.685298
0.68292
0.680195
0.677199
0.67407
0.671017
0.668302
0.666206
0.664978
0.664787
0.665685
0.667603
0.67037
0.673745
0.677462
0.681259
0.684905
0.688213
0.691047
0.693317
0.694974
0.696001
0.696403
0.696203
0.695441
0.694169
0.692462
0.690414
0.688143
0.685788
0.683502
0.681434
0.679714
0.678429
0.677616
0.677252
0.677269
0.677566
0.67803
0.678551
0.679035
0.679411
0.679628
0.679656
0.679479
0.679091
0.678494
0.677689
0.676677
0.675455
0.674017
0.67235
0.670436
0.668248
0.665755
0.66292
0.659708
0.65609
0.652063
0.647673
0.643047
0.63841
0.634096
0.6305
0.628001
0.626862
0.627161
0.628778
0.631449
0.634843
0.63863
0.64252
0.646288
0.649775
0.652884
0.655575
0.657851
0.659744
0.661307
0.662597
0.663673
0.664587
0.665382
0.666095
0.666755
0.667383
0.667997
0.668611
0.669232
0.669867
0.670518
0.671186
0.671873
0.67258
0.673309
0.674065
0.674856
0.675685
0.676556
0.67747
0.678418
0.679389
0.680363
0.681318
0.682226
0.683059
0.68379
0.684396
0.684859
0.685171
0.68533
0.685346
0.685235
0.685019
0.684719
0.684352
0.683928
0.683445
0.682889
0.682242
0.681483
0.680596
0.679581
0.678454
0.677254
0.676041
0.674893
0.673905
0.673179
0.672819
0.672925
0.673593
0.6749
0.676879
0.679484
0.682566
0.685895
0.68922
0.692349
0.6952
0.697816
0.700329
0.702912
0.705715
0.708824
0.712242
0.715885
0.71961
0.723236
0.726587
0.729513
0.731916
0.733746
0.735008
0.735738
0.735991
0.735821
0.735266
0.734341
0.733043
0.731364
0.729308
0.726914
0.724266
0.721495
0.718766
0.716258
0.714144
0.712569
0.711633
0.711388
0.711834
0.712918
0.714548
0.716593
0.718904
0.721322
0.723689
0.725862
0.727712
0.729138
0.730064
0.730441
0.730246
0.729476
0.728146
0.726286
0.723949
0.721215
0.718209
0.715116
0.712176
0.709665
0.707853
0.70694
0.707007
0.707997
0.709735
0.711984
0.7145
0.717082
0.719582
0.721909
0.724007
0.725837
0.72736
0.728529
0.729283
0.72955
0.729253
0.72832
0.726699
0.724371
0.721381
0.717858
0.714056
0.710362
0.707275
0.705299
0.704783
0.705768
0.707951
0.710787
0.71368
0.71614
0.717859
0.718706
0.718685
0.717889
0.716464
0.714589
0.712461
0.710285
0.708251
0.70651
0.705148
0.704177
0.703535
0.703122
0.702834
0.702608
0.702445
0.702415
0.702636
0.703244
0.704343
0.705981
0.708135
0.710709
0.713559
0.716508
0.719382
0.722027
0.72434
0.726273
0.727829
0.729045
0.729964
0.730623
0.731039
0.731214
0.731145
0.730838
0.730317
0.729622
0.728809
0.727941
0.727084
0.726302
0.72565
0.725175
0.724911
0.724871
0.725042
0.725383
0.725815
0.726235
0.726521
0.726555
0.726249
0.725575
0.724594
0.72348
0.722508
0.72202
0.722333
0.723646
0.725966
0.729108
0.732752
0.736538
0.740146
0.743338
0.745968
0.747969
0.749334
0.750099
0.750333
0.750129
0.749601
0.748875
0.748088
0.747367
0.746814
0.746488
0.746395
0.746487
0.746683
0.746881
0.746991
0.74694
0.746688
0.746222
0.745556
0.744721
0.743753
0.742691
0.741578
0.740477
0.739487
0.738745
0.738393
0.738509
0.739029
0.739721
0.740237
0.740228
0.739466
0.737937
0.735859
0.733656
0.731853
0.730941
0.73123
0.732769
0.73536
0.738663
0.742316
0.746016
0.749541
0.752745
0.75553
0.757828
0.759602
0.76084
0.761562
0.761804
0.761602
0.760972
0.7599
0.758355
0.756317
0.753806
0.750902
0.747739
0.744492
0.741346
0.738468
0.735989
0.73399
0.732508
0.731538
0.73104
0.730939
0.731134
0.731503
0.731922
0.732294
0.732567
0.732737
0.732843
0.73294
0.733078
0.733296
0.733617
0.734063
0.734658
0.735428
0.736393
0.737563
0.738927
0.740461
0.742123
0.743866
0.745639
0.747391
0.749075
0.750649
0.752074
0.75332
0.754362
0.755181
0.755768
0.756118
0.756237
0.756134
0.755828
0.755339
0.754694
0.753918
0.753034
0.752058
0.751003
0.749871
0.748659
0.747363
0.745983
0.744528
0.743027
0.741533
0.740126
0.738918
0.738041
0.73764
0.737852
0.738789
0.740508
0.742996
0.746166
0.749854
0.753849
0.757916
0.761827
0.765387
0.768442
0.770881
0.772636
0.773668
0.773962
0.773518
0.77235
0.770476
0.767918
0.764699
0.760843
0.756388
0.751424
0.746149
0.740925
0.736317
0.733062
0.731915
0.733422
0.737677
0.744234
0.752246
0.760745
0.768913
0.776215
0.782396
0.787402
0.791292
0.79417
0.796143
0.797301
0.797719
0.797459
0.796582
0.795164
0.793302
0.791131
0.788822
0.786571
0.784582
0.783032
0.782037
0.781634
0.781772
0.782332
0.783162
0.784112
0.785063
0.785938
0.786702
0.787349
0.787884
0.788312
0.788623
0.788798
0.788805
0.788613
0.788197
0.78755
0.786696
0.785691
0.784617
0.783566
0.782612
0.781785
0.78106
0.780366
0.77963
0.778834
0.778065
0.77754
0.777553
0.778381
0.780158
0.782809
0.786072
0.789584
0.792977
0.795941
0.798234
0.799668
0.800086
0.799345
0.797319
0.793901
0.789035
0.782746
0.775192
0.766701
0.757774
0.749032
0.741095
0.73444
0.729297
0.725649
0.723311
0.722021
0.721468
0.721295
0.721118
0.720615
0.719671
0.718478
0.71752
0.717419
0.718713
0.721653
0.72613
0.731735
0.737911
0.744104
0.749868
0.7549
0.759045
0.762259
0.764583
0.76611
0.766955
0.767233
0.76704
0.766435
0.765443
0.764053
0.762236
0.759961
0.75721
0.753989
0.750327
0.74626
0.741809
0.736953
0.731615
0.725696
0.719164
0.712187
0.705257
0.699173
0.694828
0.692862
0.693398
0.696067
0.700242
0.705287
0.710688
0.716066
0.721135
0.72568
0.729553
0.73269
0.735117
0.736944
0.738332
0.739444
0.740398
0.741238
0.741935
0.742408
0.742562
0.742321
0.74164
0.740521
0.73901
0.737198
0.735221
0.73325
0.731476
0.730072
0.729152
0.728736
0.728741
0.729009
0.729351
0.729603
0.729652
0.729457
0.729037
0.728447
0.72775
0.726983
0.726138
0.725165
0.724012
0.7227
0.721409
0.720512
0.720484
0.721706
0.724247
0.727799
0.731803
0.735665
0.738934
0.741354
0.742845
0.743442
0.743251
0.742425
0.741145
0.739611
0.738027
0.736579
0.735415
0.734617
0.734198
0.734098
0.734219
0.734451
0.734722
0.735016
0.735392
0.735955
0.736825
0.738082
0.739737
0.741712
0.743869
0.746036
0.748052
0.74979
0.751167
0.752143
0.752719
0.752926
0.752821
0.752487
0.752021
0.751537
0.751152
0.75097
0.751071
0.751494
0.752227
0.753209
0.75434
0.755498
0.756551
0.757378
0.757877
0.75797
0.757604
0.756756
0.755432
0.753672
0.751554
0.749199
0.746769
0.744455
0.74246
0.740969
0.74011
0.739928
0.740373
0.741307
0.742523
0.743777
0.744816
0.745408
0.745378
0.744639
0.743228
0.741321
0.739221
0.737304
0.735919
0.735297
0.735476
0.736303
0.737488
0.738699
0.739645
0.740129
0.740055
0.739409
0.738217
0.736509
0.734294
0.731553
0.728269
0.72447
0.720279
0.715949
0.71184
0.708335
0.705728
0.704135
0.703486
0.703613
0.70437
0.705707
0.707665
0.710313
0.713661
0.717616
0.722002
0.726598
0.731178
0.735517
0.739396
0.742609
0.744986
0.746411
0.746843
0.746316
0.744931
0.742843
0.740254
0.737393
0.734511
0.731861
0.729681
0.728169
0.727456
0.727583
0.72848
0.729977
0.731826
0.733738
0.735433
0.736672
0.737282
0.737174
0.736344
0.73488
0.732942
0.730741
0.728498
0.726405
0.724618
0.723267
0.722454
0.722235
0.722563
0.723273
0.72411
0.724815
0.725208
0.725227
0.724922
0.724424
0.723901
0.723519
0.723418
0.723691
0.724373
0.725442
0.726828
0.728427
0.73012
0.73179
0.733338
0.734691
0.735804
0.736663
0.73728
0.737681
0.737902
0.737974
0.737918
0.737742
0.737436
0.736985
0.736369
0.73558
0.734624
0.733528
0.732331
0.731082
0.72983
0.728615
0.72746
0.726374
0.725351
0.724375
0.723428
0.722492
0.721554
0.720605
0.719647
0.718691
0.717763
0.716909
0.716189
0.715671
0.715403
0.7154
0.715629
0.716008
0.716434
0.716816
0.717115
0.717356
0.717627
0.718035
0.718656
0.719498
0.720479
0.721458
0.722268
0.722768
0.722868
0.722545
0.72184
0.72085
0.719712
0.718581
0.717608
0.716906
0.716525
0.716434
0.716521
0.716617
0.716529
0.716076
0.715119
0.713583
0.711469
0.70886
0.705916
0.702861
0.699959
0.697476
0.695636
0.69458
0.694348
0.694883
0.696068
0.697772
0.699871
0.702261
0.704831
0.707448
0.709944
0.712127
0.713816
0.714868
0.715198
0.714787
0.713673
0.711936
0.709686
0.707048
0.704159
0.701181
0.698312
0.695793
0.693902
0.692901
0.692964
0.694093
0.696077
0.698536
0.70102
0.703154
0.704741
0.705797
0.706504
0.707113
0.707828
0.708736
0.709786
0.710823
0.711642
0.71204
0.711859
0.711008
0.70948
0.707343
0.704732
0.701829
0.69884
0.69598
0.693445
0.691402
0.689965
0.689183
0.689035
0.689431
0.690243
0.691323
0.69254
0.693798
0.695038
0.696231
0.697358
0.69839
0.699274
0.699945
0.700345
0.700453
0.700296
0.69995
0.699515
0.699073
0.698665
0.698272
0.697832
0.697263
0.696496
0.695485
0.694222
0.692727
0.691039
0.689208
0.68729
0.685353
0.683484
0.681796
0.680433
0.679552
0.679288
0.679724
0.680849
0.68256
0.684674
0.686975
0.689244
0.691296
0.69299
0.694242
0.695016
0.695328
0.695239
0.694855
0.694316
0.693775
0.693382
0.693252
0.69344
0.693936
0.694663
0.695499
0.696298
0.696918
0.69724
0.697176
0.696676
0.695729
0.694353
0.692587
0.690488
0.688121
0.685572
0.682947
0.680383
0.678039
0.676076
0.674622
0.673745
0.673441
0.67365
0.674281
0.675244
0.676459
0.677855
0.679363
0.680914
0.68243
0.683839
0.685076
0.686097
0.686875
0.687406
0.687701
0.687778
0.687658
0.687351
0.686857
0.686162
0.685246
0.684091
0.682692
0.681074
0.679295
0.67745
0.67566
0.674056
0.672756
0.671841
0.671337
0.671211
0.671371
0.671678
0.671975
0.672117
0.672016
0.671679
0.671242
0.67096
0.671157
0.672123
0.674011
0.676776
0.680186
0.683909
0.687614
0.691032
0.693992
0.696401
0.698223
0.699449
0.700082
0.700126
0.699585
0.698469
0.696797
0.694605
0.691949
0.688915
0.685623
0.682229
0.678919
0.675895
0.673332
0.671341
0.669936
0.669037
0.668515
0.668263
0.668261
0.668598
0.669434
0.670919
0.673117
0.675968
0.679308
0.682915
0.686563
0.690053
0.693234
0.696001
0.698307
0.700149
0.701573
0.702653
0.703484
0.704161
0.704769
0.705373
0.706012
0.706702
0.707443
0.70822
0.709019
0.709828
0.710646
0.711481
0.71235
0.713276
0.714282
0.71538
0.716569
0.717829
0.719117
0.720368
0.721495
0.722398
0.722962
0.723074
0.722624
0.721523
0.719724
0.717249
0.714227
0.710931
0.707791
0.705347
0.70413
0.704483
0.706432
0.709673
0.713685
0.717903
0.721838
0.725127
0.727517
0.728848
0.729039
0.728102
0.726176
0.72354
0.720602
0.717824
0.715614
0.714226
0.713716
0.713986
0.714861
0.716168
0.717768
0.719554
0.721439
0.723334
0.725152
0.726805
0.728219
0.729338
0.730127
0.730571
0.730672
0.730445
0.729923
0.729156
0.728226
0.727253
0.726401
0.725868
0.725859
0.726545
0.728012
0.730233
0.733062
0.736264
0.739562
0.742686
0.745397
0.747511
0.748892
0.749454
0.749159
0.748023
0.746125
0.743616
0.740719
0.737715
0.734905
0.732556
0.730844
0.729815
0.72939
0.729388
0.729589
0.729778
0.729786
0.729504
0.728887
0.727936
0.72668
0.725157
0.723401
0.721425
0.71923
0.71681
0.714169
0.711352
0.708466
0.705697
0.703317
0.701648
0.701011
0.701634
0.703584
0.706718
0.710707
0.715107
0.719455
0.723355
0.726543
0.728906
0.730472
0.731385
0.731859
0.732143
0.732476
0.733055
0.734011
0.735393
0.737152
0.739141
0.741126
0.742818
0.74392
0.744189
0.743507
0.741935
0.739739
0.737356
0.735272
0.73386
0.733245
0.733276
0.733613
0.73387
0.73373
0.733006
0.731666
0.72983
0.727767
0.725864
0.724575
0.724327
0.725433
0.728019
0.732011
0.737178
0.743197
0.749721
0.756428
0.763044
0.769355
0.775204
0.780496
0.785192
0.789296
0.792846
0.795893
0.798484
0.800651
0.802406
0.803747
0.804669
0.805169
0.805258
0.804959
0.804306
0.803334
0.802075
0.800553
0.798787
0.796792
0.794593
0.792235
0.789807
0.787464
0.785448
0.784075
0.7837
0.784624
0.786998
0.790746
0.795563
0.800975
0.806441
0.811454
0.815606
0.818622
0.820365
0.820839
0.820203
0.818811
0.817243
0.816267
0.816655
0.818866
0.822788
0.827747
0.832804
0.837148
0.840331
0.842313
0.843354
0.843872
0.844302
0.845007
0.84622
0.848032
0.850399
0.853162
0.856071
0.858807
0.861015
0.862358
0.862583
0.861619
0.859673
0.857291
0.855308
0.854645
0.855983
0.859482
0.86472
0.870895
0.877162
0.882903
0.887829
0.891938
0.895393
0.8984
0.901121
0.903628
0.905902
0.907853
0.909357
0.910283
0.910531
0.910057
0.908891
0.907143
0.904994
0.902662
0.90037
0.898311
0.896629
0.895423
0.894761
0.894712
0.895355
0.896759
0.898904
0.90158
0.904344
0.906578
0.907664
0.90721
0.905243
0.902293
0.899285
0.897193
0.89661
0.897471
0.899129
0.900674
0.901242
0.900182
0.897112
0.89196
0.885048
0.87721
0.869816
0.864544
0.862832
0.865257
0.871263
0.879446
0.888153
0.895997
0.902077
0.905961
0.907558
0.906986
0.904462
0.90024
0.894569
0.887695
0.879879
0.871448
0.862841
0.854643
0.847542
0.842188
0.838979
0.837883
0.838428
0.8399
0.841646
0.843308
0.844897
0.846703
0.849106
0.852374
0.856535
0.86138
0.866555
0.871674
0.876413
0.88054
0.883918
0.886479
0.888212
0.889139
0.889301
0.88874
0.887477
0.885502
0.882753
0.879111
0.874413
0.868465
0.861099
0.852255
0.842085
0.831066
0.820025
0.810007
0.801974
0.796478
0.793531
0.792726
0.793459
0.795095
0.797025
0.798679
0.79959
0.799517
0.798601
0.797447
0.796995
0.798152
0.801338
0.80628
0.81219
0.818158
0.82345
0.827606
0.83039
0.831698
0.831483
0.82972
0.826411
0.821626
0.815573
0.808675
0.801599
0.795171
0.790167
0.787069
0.785939
0.786511
0.788387
0.791201
0.794672
0.798567
0.802658
0.806702
0.81045
0.813678
0.816214
0.817953
0.818872
0.819017
0.818488
0.817421
0.815959
0.814231
0.812339
0.810361
0.808361
0.806408
0.804596
0.803044
0.801894
0.801277
0.801281
0.801926
0.803146
0.804809
0.806748
0.808794
0.810809
0.812703
0.81443
0.815989
0.817405
0.818719
0.819976
0.82121
0.822441
0.823666
0.824862
0.825983
0.826967
0.827747
0.82825
0.828417
0.828201
0.827586
0.826582
0.825238
0.823637
0.821888
0.820119
0.818452
0.816987
0.815782
0.814843
0.814125
0.813542
0.812997
0.812396
0.811679
0.810831
0.80989
0.808942
0.808112
0.807542
0.807371
0.807717
0.80865
0.810184
0.812262
0.814756
0.817488
0.820248
0.822827
0.825038
0.826745
0.827866
0.828381
0.828329
0.827786
0.826855
0.825642
0.824254
0.822804
0.821412
0.820204
0.819273
0.81864
0.818212
0.817798
0.817165
0.816149
0.814752
0.81317
0.811718
0.810695
0.810258
0.810401
0.81101
0.811922
0.812956
0.813949
0.814794
0.815485
0.816118
0.816842
0.817799
0.819063
0.820621
0.822391
0.824251
0.826081
0.827789
0.829314
0.830622
0.831679
0.832447
0.832877
0.832924
0.832569
0.831844
0.830846
0.829742
0.828758
0.828153
0.828171
0.828997
0.830708
0.833254
0.836453
0.840029
0.843649
0.846977
0.849721
0.851657
0.852645
0.852622
0.851595
0.849621
0.846803
0.843288
0.83927
0.835009
0.830841
0.827167
0.824399
0.822862
0.822685
0.823743
0.825699
0.828116
0.830574
0.832746
0.834414
0.835454
0.835829
0.835588
0.834878
0.833926
0.832984
0.832252
0.831808
0.831593
0.831458
0.831254
0.830913
0.830501
0.830208
0.830295
0.831017
0.832548
0.834922
0.838015
0.841568
0.845234
0.848642
0.851464
0.853459
0.854491
0.854534
0.853647
0.851955
0.849623
0.846834
0.843776
0.840625
0.837538
0.834644
0.83205
0.82984
0.828087
0.826852
0.826168
0.826022
0.826328
0.826927
0.827606
0.82814
0.828338
0.828074
0.827306
0.82606
0.824414
0.822471
0.820332
0.81808
0.815774
0.813449
0.811134
0.808863
0.80669
0.804694
0.80297
0.801616
0.800712
0.800304
0.800391
0.800923
0.801804
0.80291
0.804105
0.805269
0.806318
0.807222
0.808005
0.808728
0.809465
0.810266
0.811139
0.812044
0.812899
0.813608
0.814083
0.814272
0.814165
0.813797
0.813241
0.812595
0.811968
0.811462
0.811161
0.811119
0.811347
0.81182
0.812472
0.813209
0.813919
0.81448
0.81477
0.814687
0.814156
0.813148
0.811695
0.80989
0.807875
0.805808
0.80382
0.801977
0.800267
0.798628
0.796997
0.795366
0.793815
0.792492
0.791561
0.791129
0.791199
0.791682
0.792459
0.793452
0.794681
0.79626
0.798361
0.80114
0.80467
0.808895
0.81363
0.818593
0.823467
0.827958
0.831848
0.835014
0.837427
0.839132
0.840214
0.840774
0.840908
0.840705
0.840253
0.839655
0.839026
0.838481
0.83811
0.837943
0.837945
0.838024
0.838063
0.837967
0.837692
0.83727
0.836798
0.836417
0.836259
0.836402
0.836832
0.837439
0.838044
0.838443
0.838456
0.837947
0.836833
0.83508
0.832698
0.829746
0.826362
0.822792
0.819422
0.816744
0.815269
0.815376
0.817187
0.82052
0.824953
0.829945
0.83496
0.83954
0.843341
0.846145
0.847858
0.848493
0.848162
0.847052
0.845406
0.843503
0.841641
0.840119
0.839218
0.839173
0.840143
0.842175
0.845182
0.848953
0.853182
0.857529
0.861672
0.865352
0.868389
0.870683
0.872208
0.872989
0.873097
0.872634
0.871727
0.87052
0.869168
0.867823
0.866627
0.865686
0.865066
0.864774
0.864766
0.864957
0.865243
0.865524
0.865728
0.865818
0.865792
0.865679
0.865522
0.865369
0.865258
0.865213
0.865236
0.865309
0.865391
0.865431
0.865378
0.865192
0.864866
0.864429
0.863952
0.863533
0.863277
0.86326
0.863495
0.863913
0.864362
0.864633
0.864505
0.863799
0.862422
0.860394
0.857847
0.85499
0.852048
0.849205
0.846579
0.844234
0.842215
0.840577
0.839395
0.838757
0.838744
0.839404
0.840738
0.842685
0.84511
0.847809
0.850527
0.852998
0.855
0.856402
0.857202
0.857529
0.85761
0.857711
0.858067
0.858815
0.859968
0.86142
0.862997
0.86451
0.865798
0.86675
0.867295
0.867393
0.867017
0.866148
0.864789
0.862975
0.860797
0.858405
0.855998
0.853807
0.85206
0.850939
0.850556
0.850923
0.85196
0.853495
0.855297
0.857106
0.858671
0.859803
0.86042
0.860584
0.860501
0.860471
0.860797
0.861688
0.863197
0.865219
0.867527
0.869842
0.871888
0.87344
0.874354
0.874577
0.874134
0.873103
0.871587
0.869681
0.867465
0.864999
0.862355
0.85965
0.857082
0.854937
0.853539
0.853143
0.853819
0.85539
0.85747
0.859593
0.861348
0.862482
0.862936
0.862823
0.862388
0.861938
0.861768
0.862098
0.863029
0.864533
0.866465
0.868603
0.870687
0.87246
0.873697
0.874233
0.873981
0.872939
0.871183
0.868844
0.866083
0.863059
0.859918
0.85679
0.853808
0.851134
0.848964
0.847519
0.846986
0.84744
0.848769
0.850656
0.852672
0.854479
0.856067
0.857887
0.8607
0.865154
0.871343
0.878703
0.88633
0.893406
0.899453
0.904346
0.908193
0.911201
0.913576
0.915467
0.916951
0.918037
0.918694
0.918881
0.918571
0.917767
0.916508
0.914865
0.912936
0.91084
0.908715
0.906711
0.904985
0.903687
0.902936
0.902801
0.903281
0.904301
0.905729
0.907399
0.909148
0.910847
0.912414
0.91382
0.915078
0.916225
0.917301
0.918339
0.919354
0.920345
0.921297
0.922193
0.923016
0.923749
0.924362
0.924804
0.924991
0.924822
0.924209
0.92315
0.921784
0.92041
0.919432
0.919218
0.919968
0.921638
0.923978
0.926642
0.929274
0.931557
0.933216
0.934013
0.933745
0.93225
0.92942
0.925218
0.919704
0.913086
0.905769
0.898377
0.891707
0.886557
0.883496
0.882656
0.883701
0.885976
0.888751
0.891428
0.893634
0.895222
0.896212
0.896729
0.896962
0.897129
0.897455
0.898139
0.899319
0.901041
0.903249
0.9058
0.908498
0.911132
0.913508
0.915474
0.916928
0.917823
0.918163
0.917998
0.91741
0.916496
0.915362
0.914109
0.912827
0.911584
0.910421
0.909339
0.908298
0.907226
0.906044
0.904698
0.90319
0.901601
0.900096
0.898899
0.898246
0.898311
0.89913
0.900557
0.902291
0.903961
0.905246
0.905977
0.906186
0.906078
0.905958
0.906134
0.906825
0.908117
0.90996
0.9122
0.914642
0.917094
0.919403
0.921456
0.923173
0.924488
0.925333
0.925635
0.925322
0.92434
0.922666
0.920326
0.917397
0.914011
0.910344
0.906594
0.902953
0.899577
0.896557
0.893917
0.891622
0.889609
0.887818
0.886205
0.88474
0.883374
0.882005
0.880466
0.878563
0.876149
0.873209
0.869898
0.866485
0.863228
0.860268
0.857645
0.855451
0.853988
0.853767
0.855286
0.858722
0.863758
0.86969
0.875709
0.88116
0.885657
0.889066
0.891429
0.892883
0.893601
0.893759
0.893515
0.893
0.892316
0.891532
0.890693
0.889818
0.888914
0.887982
0.887016
0.886005
0.884927
0.883741
0.882383
0.880773
0.878815
0.876413
0.87348
0.869948
0.865795
0.861069
0.855922
0.850646
0.845664
0.841474
0.83853
0.837107
0.837212
0.838608
0.840912
0.843738
0.846779
0.849841
0.852814
0.855617
0.858151
0.860284
0.86187
0.862803
0.863072
0.862789
0.862153
0.861374
0.860574
0.859749
0.858801
0.857637
0.856256
0.854779
0.853409
0.852369
0.85184
0.851931
0.852684
0.854074
0.856015
0.858359
0.860904
0.863413
0.865643
0.867372
0.868426
0.868695
0.868154
0.86687
0.865007
0.862803
0.860528
0.858425
0.856654
0.855254
0.854163
0.853248
0.85236
0.851375
0.850207
0.848812
0.847177
0.845316
0.843259
0.841053
0.838766
0.836492
0.834351
0.832484
0.831042
0.830154
0.829898
0.830285
0.831257
0.832709
0.834507
0.836494
0.838481
0.840224
0.84143
0.84178
0.841
0.838951
0.835739
0.831795
0.827861
0.824816
0.82338
0.82385
0.826031
0.829389
0.833279
0.837112
0.840416
0.842858
0.844224
0.84442
0.843452
0.841423
0.838513
0.834967
0.831063
0.827077
0.82325
0.819762
0.816731
0.814239
0.812359
0.81117
0.810753
0.811154
0.812355
0.814252
0.816675
0.819435
0.822374
0.825388
0.828428
0.831471
0.834482
0.83739
0.840072
0.842368
0.844097
0.845078
0.84515
0.844179
0.842067
0.838754
0.834234
0.828574
0.821953
0.814701
0.807317
0.800422
0.79464
0.790424
0.787939
0.787053
0.787441
0.788727
0.79058
0.792746
0.795042
0.797324
0.799472
0.801373
0.802921
0.804016
0.804575
0.804544
0.803913
0.802736
0.801136
0.799314
0.797529
0.796054
0.795123
0.794868
0.79529
0.796263
0.797587
0.799036
0.80041
0.801556
0.802378
0.802834
0.802924
0.80269
0.802211
0.801593
0.800958
0.800422
0.800069
0.799923
0.799941
0.800022
0.80003
0.799833
0.799332
0.798476
0.797264
0.795728
0.793919
0.791897
0.789731
0.787502
0.785319
0.783315
0.781647
0.780472
0.779917
0.780053
0.780874
0.782308
0.784233
0.786515
0.789041
0.791728
0.794518
0.79736
0.800183
0.802888
0.805351
0.807439
0.809028
0.810019
0.810341
0.809957
0.808865
0.807101
0.80474
0.801894
0.798708
0.795335
0.791915
0.788554
0.785309
0.782206
0.779269
0.776557
0.774181
0.772297
0.771067
0.770613
0.770985
0.772149
0.774015
0.776465
0.779371
0.782603
0.786016
0.789439
0.792669
0.795479
0.797639
0.798947
0.79927
0.798589
0.797028
0.794871
0.792521
0.790435
0.78902
0.788545
0.789076
0.790478
0.79246
0.794655
0.79671
0.798362
0.799476
0.800048
0.80017
0.799977
0.799583
0.799039
0.798313
0.797305
0.795887
0.793957
0.791506
0.788658
0.785696
0.783011
0.780997
0.779905
0.779756
0.780359
0.78144
0.782782
0.7843
0.786035
0.788077
0.790496
0.793286
0.796359
0.799563
0.802713
0.805627
0.80815
0.810171
0.811626
0.812502
0.812826
0.812656
0.812067
0.811145
0.809968
0.808607
0.807113
0.805514
0.803819
0.802019
0.8001
0.798048
0.795877
0.793641
0.791457
0.789522
0.788106
0.787523
0.788062
0.789896
0.793005
0.797162
0.80198
0.807018
0.811873
0.816236
0.819903
0.822763
0.824758
0.825864
0.826072
0.825382
0.823808
0.821388
0.818195
0.814356
0.810059
0.80555
0.801118
0.797061
0.793639
0.791032
0.789306
0.788411
0.788201
0.788475
0.789011
0.7896
0.790061
0.790255
0.790098
0.789573
0.788748
0.787789
0.786951
0.786546
0.786873
0.788116
0.79027
0.793117
0.796277
0.799315
0.801843
0.803579
0.804366
0.80415
0.802944
0.800794
0.797761
0.793932
0.789461
0.784636
0.779947
0.776101
0.773915
0.774079
0.776872
0.781999
0.788697
0.796012
0.803095
0.809362
0.814517
0.818488
0.821348
0.823249
0.824379
0.824932
0.825095
0.825036
0.824888
0.82474
0.824633
0.824556
0.82445
0.824226
0.823776
0.822993
0.821793
0.820126
0.818003
0.815509
0.812808
0.810135
0.80775
0.805874
0.804617
0.80394
0.803666
0.803542
0.803328
0.80287
0.802138
0.801222
0.800276
0.799447
0.798788
0.798227
0.797574
0.796587
0.795044
0.79281
0.789867
0.786329
0.782431
0.778504
0.774937
0.772122
0.770397
0.769982
0.770933
0.773122
0.776251
0.779903
0.783622
0.786995
0.789729
0.791678
0.792852
0.793391
0.793516
0.793489
0.793563
0.793946
0.794775
0.796098
0.797878
0.8
0.802302
0.804605
0.806758
0.808658
0.81027
0.811623
0.812794
0.813886
0.815003
0.81623
0.817622
0.81919
0.820902
0.822687
0.824444
0.826064
0.82744
0.828489
0.829156
0.829417
0.829278
0.828764
0.827917
0.82679
0.825442
0.823938
0.822346
0.820736
0.819181
0.817759
0.816543
0.815609
0.815021
0.81482
0.815012
0.815546
0.816302
0.817086
0.817635
0.817639
0.816774
0.814769
0.811496
0.807099
0.802105
0.797431
0.794172
0.79319
0.794756
0.798484
0.803594
0.809249
0.814743
0.81954
0.823233
0.825536
0.826313
0.825643
0.823888
0.821695
0.819867
0.819103
0.819722
0.821549
0.824054
0.826617
0.828766
0.83028
0.831187
0.831699
0.832129
0.832805
0.833986
0.835808
0.838262
0.841214
0.844435
0.847653
0.850602
0.85306
0.854897
0.85609
0.856737
0.857041
0.857275
0.857726
0.858631
0.860121
0.862186
0.864692
0.867416
0.870107
0.872534
0.874512
0.875908
0.876632
0.876617
0.875791
0.874063
0.871308
0.867388
0.862205
0.855823
0.848617
0.841386
0.835251
0.831245
0.829796
0.830499
0.832401
0.834528
0.836254
0.837361
0.837911
0.838079
0.838043
0.837923
0.837777
0.837617
0.837451
0.837317
0.837314
0.837597
0.838354
0.839753
0.841875
0.84468
0.848007
0.851614
0.855243
0.858676
0.861767
0.864455
0.866744
0.86869
0.870377
0.871888
0.873289
0.874604
0.875806
0.876806
0.87746
0.877595
0.877042
0.875681
0.87347
0.870474
0.866859
0.862871
0.85881
0.854987
0.851669
0.848998
0.846917
0.845173
0.843419
0.841366
0.838914
0.836171
0.83339
0.830841
0.828714
0.827056
0.825793
0.824783
0.823882
0.823
0.822118
0.821274
0.820534
0.819947
0.819514
0.819188
0.818892
0.818555
0.818138
0.817658
0.817175
0.816776
0.81654
0.816513
0.816688
0.817009
0.817388
0.817726
0.81793
0.817928
0.817662
0.817094
0.816201
0.814982
0.813467
0.811728
0.809884
0.808103
0.806589
0.805563
0.805232
0.805766
0.807267
0.809744
0.813109
0.817182
0.821718
0.82645
0.831135
0.835582
0.839672
0.843358
0.846652
0.849601
0.852267
0.854704
0.856933
0.858932
0.860623
0.861886
0.862565
0.862497
0.861545
0.859627
0.856752
0.853038
0.848701
0.844039
0.839376
0.835002
0.831118
0.827783
0.824901
0.822232
0.819467
0.816337
0.812728
