0.447349
0.432065
0.408059
0.376456
0.338735
0.296836
0.253044
0.209977
0.170298
0.136519
0.110722
0.0942834
0.087723
0.0906648
0.101894
0.119593
0.141556
0.165493
0.189232
0.21091
0.229076
0.24276
0.251491
0.2552
0.254226
0.249255
0.241183
0.231101
0.220162
0.209486
0.200113
0.192925
0.188555
0.187382
0.189506
0.194716
0.202574
0.212414
0.223428
0.234742
0.245482
0.254823
0.262057
0.26669
0.268418
0.267127
0.262932
0.256163
0.247339
0.237121
0.226263
0.215573
0.205802
0.197628
0.191567
0.187966
0.187002
0.188662
0.192762
0.199018
0.207053
0.216411
0.226625
0.237189
0.247617
0.257419
0.266182
0.273532
0.279151
0.282786
0.284281
0.283612
0.28086
0.276241
0.270055
0.262704
0.254662
0.246408
0.238409
0.231099
0.224797
0.219705
0.215885
0.213295
0.211767
0.211052
0.210871
0.210962
0.211089
0.211068
0.210788
0.210196
0.209287
0.208079
0.20664
0.205031
0.203298
0.201543
0.199862
0.198363
0.197183
0.196474
0.196356
0.196928
0.198291
0.200521
0.20366
0.207736
0.212734
0.218603
0.225225
0.232379
0.239786
0.247142
0.254095
0.260328
0.26554
0.269539
0.272232
0.273611
0.273734
0.272698
0.270617
0.267619
0.263772
0.25915
0.253824
0.247866
0.241357
0.234411
0.227164
0.219784
0.212527
0.205683
0.199586
0.194601
0.191065
0.189256
0.189369
0.191461
0.195477
0.201217
0.208379
0.216579
0.22537
0.234241
0.242693
0.250264
0.256523
0.261095
0.263734
0.2643
0.262791
0.259339
0.254189
0.247682
0.240279
0.23246
0.224727
0.217572
0.211402
0.206563
0.203272
0.201626
0.201594
0.203042
0.205741
0.209324
0.213411
0.21762
0.22159
0.225018
0.227651
0.229334
0.229996
0.229636
0.22834
0.22625
0.22355
0.220485
0.217339
0.214425
0.212068
0.210563
0.210106
0.210814
0.212735
0.215808
0.219868
0.224717
0.23009
0.235713
0.241312
0.246592
0.251278
0.255107
0.25778
0.259049
0.258725
0.256717
0.253062
0.247954
0.241736
0.234889
0.22792
0.221414
0.215924
0.211936
0.20981
0.209747
0.211833
0.215957
0.22183
0.229084
0.237212
0.245654
0.253791
0.261053
0.266905
0.270894
0.272654
0.271962
0.268734
0.263043
0.255087
0.245211
0.233873
0.221632
0.209124
0.197015
0.18599
0.176663
0.169526
0.16495
0.163124
0.164074
0.167669
0.173628
0.181567
0.191068
0.201661
0.212848
0.224154
0.235094
0.245217
0.254085
0.261291
0.266522
0.269527
0.270179
0.26849
0.264612
0.258864
0.251693
0.243682
0.235456
0.227604
0.220667
0.215066
0.211067
0.208806
0.208286
0.20938
0.211893
0.215564
0.220137
0.225332
0.230913
0.236614
0.242177
0.247378
0.252002
0.255851
0.258777
0.260631
0.261311
0.260793
0.259084
0.256293
0.252487
0.247838
0.242528
0.23679
0.230865
0.225002
0.219443
0.214395
0.210074
0.206621
0.204144
0.202674
0.202185
0.202594
0.20375
0.205464
0.207511
0.209689
0.211773
0.213559
0.214913
0.215735
0.215999
0.215746
0.215102
0.214215
0.21327
0.212486
0.212064
0.212184
0.213008
0.214657
0.217209
0.220695
0.225111
0.230388
0.23639
0.242922
0.249698
0.2564
0.26267
0.2681
0.272321
0.275026
0.275966
0.275
0.272098
0.267385
0.2611
0.253555
0.245183
0.23644
0.22783
0.219838
0.212859
0.207204
0.203061
0.200489
0.199441
0.199766
0.201237
0.203576
0.2065
0.209731
0.21302
0.216153
0.218935
0.221255
0.223033
0.224254
0.224928
0.225144
0.225002
0.224612
0.224114
0.223621
0.223232
0.222991
0.22294
0.223105
0.223441
0.223926
0.224571
0.225378
0.226383
0.227637
0.229212
0.231178
0.233542
0.236295
0.239332
0.242452
0.245394
0.247834
0.249401
0.249739
0.248604
0.245903
0.241702
0.236266
0.229969
0.223346
0.216973
0.211407
0.207135
0.204546
0.203871
0.205169
0.20832
0.213064
0.21899
0.225612
0.232409
0.238881
0.244606
0.249263
0.252669
0.25478
0.25566
0.255466
0.254389
0.252678
0.250562
0.248189
0.245692
0.243141
0.240517
0.237776
0.234869
0.231683
0.228148
0.224238
0.21996
0.215363
0.210582
0.205809
0.201254
0.197163
0.193781
0.191291
0.189813
0.189391
0.190003
0.191569
0.193965
0.197007
0.200533
0.2044
0.208471
0.212636
0.216841
0.221073
0.225323
0.229607
0.23396
0.238354
0.242801
0.247281
0.251751
0.25614
0.260337
0.264152
0.2674
0.269891
0.271425
0.271799
0.270862
0.268502
0.264682
0.259462
0.252982
0.245477
0.237251
0.228672
0.220177
0.212253
0.205343
0.199824
0.196025
0.194173
0.194338
0.196427
0.200197
0.205282
0.211232
0.217549
0.223764
0.229449
0.234284
0.238058
0.240648
0.242021
0.242198
0.241263
0.23932
0.236505
0.232993
0.229005
0.224837
0.220787
0.21714
0.214132
0.211967
0.210779
0.210629
0.211501
0.213292
0.215851
0.219015
0.222603
0.226396
0.230218
0.233895
0.237265
0.240204
0.242606
0.244388
0.245512
0.245979
0.245808
0.245039
0.243756
0.242076
0.240124
0.238053
0.236009
0.23414
0.232565
0.231351
0.230513
0.230054
0.229901
0.229967
0.230144
0.230341
0.230458
0.230453
0.230312
0.230086
0.229865
0.229754
0.229822
0.230151
0.230771
0.231658
0.232709
0.23378
0.234704
0.235272
0.235285
0.234576
0.233053
0.230704
0.227593
0.223892
0.219865
0.215797
0.212021
0.208859
0.206592
0.205415
0.20544
0.206675
0.209026
0.212292
0.216231
0.22052
0.224814
0.228772
0.232098
0.234572
0.236082
0.236595
0.236148
0.234889
0.233008
0.230743
0.228341
0.226035
0.224027
0.222502
0.221582
0.221355
0.221885
0.223162
0.225098
0.227577
0.230437
0.23347
0.236457
0.239174
0.241447
0.243125
0.244082
0.244273
0.243731
0.242564
0.24092
0.238954
0.236869
0.234859
0.233084
0.231673
0.230703
0.230174
0.230074
0.230373
0.230987
0.23184
0.232861
0.233949
0.234981
0.235816
0.2363
0.236293
0.235669
0.234346
0.232324
0.229696
0.22661
0.223305
0.220028
0.217017
0.214464
0.212488
0.211136
0.21036
0.210051
0.210091
0.210311
0.210548
0.210678
0.210637
0.210451
0.210218
0.210096
0.210295
0.211018
0.212423
0.214594
0.217524
0.221136
0.225279
0.229766
0.23437
0.238869
0.243093
0.246868
0.250044
0.252495
0.254137
0.254878
0.254652
0.253453
0.251301
0.24827
0.244481
0.240082
0.23526
0.230233
0.225208
0.220394
0.216009
0.212247
0.2093
0.207344
0.206492
0.206829
0.208396
0.211186
0.215126
0.220057
0.225775
0.232039
0.238576
0.245062
0.251199
0.25669
0.261233
0.264564
0.266479
0.266829
0.26555
0.262658
0.258264
0.252582
0.245886
0.238529
0.230886
0.223341
0.216274
0.210026
0.204843
0.200912
0.198313
0.197035
0.196979
0.197979
0.199806
0.202194
0.204878
0.207592
0.210153
0.212407
0.214288
0.215784
0.216941
0.217853
0.218619
0.219323
0.220041
0.22081
0.221691
0.222756
0.224054
0.225637
0.22754
0.229777
0.232291
0.23499
0.237781
0.240547
0.243144
0.245476
0.247462
0.24907
0.25029
0.251138
0.251652
0.251887
0.251865
0.251607
0.251077
0.250252
0.249068
0.247449
0.245326
0.242624
0.239323
0.235438
0.231048
0.226324
0.221495
0.216854
0.212694
0.209285
0.206866
0.205598
0.205522
0.20658
0.208599
0.21133
0.2145
0.217813
0.220943
0.223615
0.225643
0.226895
0.227334
0.22703
0.226134
0.224846
0.223473
0.222352
0.221791
0.22202
0.223143
0.225109
0.22772
0.230626
0.233431
0.235693
0.237058
0.237279
0.236264
0.234095
0.230975
0.227237
0.223293
0.219557
0.216434
0.214263
0.21332
0.213752
0.215554
0.218626
0.222765
0.227669
0.233005
0.238395
0.243474
0.247906
0.251443
0.253918
0.2552
0.255265
0.254195
0.252123
0.249244
0.24577
0.241931
0.237943
0.234008
0.230283
0.226873
0.223855
0.221269
0.219116
0.21737
0.215987
0.214943
0.214257
0.213937
0.214031
0.214593
0.215645
0.217179
0.219144
0.221429
0.223869
0.226212
0.228221
0.229678
0.230424
0.230353
0.229438
0.227767
0.225517
0.22293
0.220284
0.217868
0.21593
0.214671
0.214204
0.214564
0.215701
0.217497
0.219796
0.222423
0.225194
0.227927
0.23041
0.232473
0.233936
0.234657
0.234566
0.233673
0.232043
0.229861
0.227359
0.224788
0.222424
0.22052
0.219321
0.218973
0.219544
0.221039
0.223379
0.226367
0.229759
0.233284
0.236663
0.239633
0.242026
0.243732
0.24472
0.245042
0.244812
0.24419
0.243348
0.242467
0.241724
0.241273
0.241208
0.241568
0.242277
0.243164
0.244002
0.244528
0.244478
0.243595
0.241722
0.238793
0.234858
0.230089
0.224734
0.219111
0.21357
0.208448
0.204059
0.200658
0.198392
0.197329
0.19746
0.198695
0.200887
0.20384
0.207372
0.21131
0.215499
0.219789
0.224028
0.22808
0.23181
0.235101
0.237835
0.239954
0.241385
0.242075
0.242033
0.241306
0.239989
0.238168
0.23596
0.233526
0.230983
0.228462
0.226057
0.223871
0.221967
0.220404
0.219219
0.218448
0.218118
0.218236
0.21882
0.219813
0.221125
0.222641
0.22424
0.225797
0.227245
0.228532
0.229632
0.230559
0.23136
0.232103
0.232871
0.233733
0.234748
0.235961
0.237371
0.238953
0.240655
0.242386
0.244018
0.245415
0.246461
0.247014
0.246937
0.246141
0.244599
0.242351
0.239449
0.235996
0.232154
0.22812
0.224092
0.220254
0.216762
0.213767
0.211361
0.209585
0.208468
0.208039
0.208272
0.209146
0.210626
0.212661
0.215179
0.218076
0.221238
0.224537
0.22783
0.230989
0.233917
0.236533
0.238758
0.240587
0.241983
0.242968
0.243537
0.243702
0.243505
0.24298
0.242165
0.241127
0.23994
0.238627
0.237217
0.235682
0.233969
0.232033
0.229837
0.227321
0.224513
0.221501
0.21843
0.215489
0.212942
0.211065
0.210105
0.210213
0.211451
0.213784
0.217078
0.221116
0.225607
0.230231
0.234631
0.238478
0.241463
0.243365
0.244019
0.243359
0.241452
0.238455
0.234638
0.230358
0.22599
0.221899
0.775724
0.773252
0.769109
0.763157
0.755223
0.745108
0.732594
0.71744
0.699409
0.67828
0.653883
0.626168
0.595235
0.561374
0.525128
0.487331
0.449094
0.411737
0.376668
0.345261
0.318704
0.29787
0.283225
0.274838
0.272388
0.275247
0.282586
0.29347
0.306921
0.322015
0.33791
0.35388
0.369327
0.383785
0.396899
0.408419
0.418184
0.426115
0.432181
0.436407
0.438863
0.439664
0.438932
0.436838
0.433576
0.429363
0.424436
0.419044
0.413442
0.407893
0.402634
0.397874
0.39379
0.390506
0.388089
0.386549
0.385853
0.385904
0.386587
0.387765
0.389291
0.391009
0.392796
0.394541
0.396143
0.397541
0.398691
0.399585
0.40022
0.400617
0.400819
0.400869
0.400817
0.400727
0.400675
0.400736
0.400977
0.401462
0.402238
0.40333
0.404743
0.406457
0.40842
0.41056
0.412785
0.415009
0.417138
0.419077
0.420747
0.42209
0.423074
0.423685
0.423931
0.423844
0.423479
0.422886
0.422132
0.421287
0.420418
0.419597
0.41891
0.418441
0.41829
0.418539
0.419252
0.420437
0.422054
0.424014
0.426174
0.42838
0.430473
0.432314
0.433813
0.434915
0.435598
0.435877
0.435788
0.435362
0.434624
0.433593
0.432293
0.430726
0.428894
0.426805
0.42449
0.422
0.4194
0.416779
0.414246
0.411926
0.409946
0.40842
0.407453
0.407111
0.407421
0.40836
0.40987
0.411863
0.414203
0.416751
0.41935
0.421851
0.42411
0.426008
0.427437
0.428322
0.42863
0.428365
0.427569
0.42634
0.424798
0.423087
0.421351
0.419723
0.418329
0.417269
0.41662
0.416425
0.416703
0.417433
0.418568
0.420039
0.421744
0.423565
0.425388
0.427073
0.428497
0.429558
0.430186
0.430358
0.430096
0.42948
0.428644
0.42777
0.427077
0.426808
0.42716
0.428293
0.430293
0.433163
0.43682
0.441139
0.445928
0.450988
0.456133
0.461187
0.465976
0.470345
0.474161
0.477306
0.47968
0.481197
0.481775
0.481371
0.479969
0.477606
0.474368
0.470387
0.465867
0.461059
0.456249
0.451716
0.447703
0.444352
0.441741
0.439858
0.438626
0.437937
0.437678
0.437731
0.437996
0.438416
0.438948
0.439584
0.440339
0.44125
0.442369
0.443745
0.445417
0.447401
0.449677
0.452185
0.454835
0.457493
0.459993
0.46215
0.463794
0.464758
0.464901
0.464135
0.462429
0.459799
0.45631
0.452086
0.447281
0.442097
0.436759
0.431532
0.426696
0.422502
0.419176
0.416894
0.415724
0.415618
0.416399
0.417801
0.4195
0.421158
0.422465
0.423194
0.423204
0.422445
0.420958
0.418844
0.416255
0.413363
0.410325
0.407283
0.404335
0.401531
0.398876
0.396331
0.393848
0.391395
0.388977
0.386653
0.384518
0.382703
0.381347
0.380556
0.380388
0.380846
0.381872
0.383355
0.385155
0.387127
0.389129
0.391043
0.392774
0.394252
0.395427
0.39627
0.396769
0.396911
0.396705
0.396165
0.395319
0.394203
0.392849
0.391294
0.38958
0.387759
0.3859
0.384064
0.382309
0.380696
0.379293
0.378169
0.377365
0.376935
0.376933
0.377399
0.378357
0.379809
0.381736
0.384079
0.386748
0.389633
0.392607
0.395544
0.398326
0.400875
0.403111
0.405007
0.406576
0.407835
0.408838
0.409664
0.410395
0.411111
0.411866
0.412693
0.413617
0.414625
0.415695
0.416788
0.417864
0.418901
0.41989
0.420844
0.421783
0.422748
0.423785
0.424938
0.426239
0.427718
0.429383
0.431232
0.433233
0.435336
0.437489
0.439633
0.441703
0.44366
0.445479
0.447162
0.448723
0.450189
0.451591
0.452956
0.454286
0.455582
0.456828
0.45798
0.45898
0.459772
0.460282
0.460444
0.460208
0.459522
0.458345
0.45665
0.454439
0.451722
0.448521
0.444876
0.440858
0.436574
0.432141
0.427719
0.42352
0.41976
0.41668
0.414517
0.413493
0.413762
0.415403
0.418412
0.422677
0.428007
0.434141
0.440779
0.447596
0.454281
0.460565
0.466225
0.471099
0.475076
0.478104
0.48018
0.48135
0.481696
0.481323
0.480364
0.478963
0.477286
0.475479
0.473684
0.472028
0.470602
0.46946
0.468617
0.468042
0.467654
0.46733
0.466924
0.46629
0.465286
0.463795
0.461761
0.4592
0.456191
0.45289
0.449519
0.446317
0.443505
0.44128
0.439783
0.439071
0.439096
0.439753
0.440874
0.442274
0.443773
0.445184
0.446361
0.4472
0.447652
0.447701
0.447357
0.446676
0.445744
0.444666
0.443558
0.442544
0.441717
0.441156
0.440903
0.440953
0.44128
0.441846
0.442612
0.44354
0.44459
0.445735
0.446938
0.448138
0.449271
0.450235
0.450914
0.451168
0.450865
0.449885
0.448143
0.445579
0.442194
0.43805
0.43327
0.428037
0.422586
0.417173
0.412053
0.407457
0.403559
0.400472
0.398236
0.396824
0.39617
0.396167
0.396708
0.397696
0.39904
0.400668
0.40253
0.404578
0.406772
0.40908
0.411459
0.41387
0.416235
0.41847
0.420491
0.42222
0.423578
0.4245
0.424941
0.424872
0.424269
0.423142
0.421519
0.419444
0.416964
0.414152
0.411098
0.407911
0.404731
0.401712
0.399033
0.396876
0.395419
0.39482
0.395195
0.396617
0.399104
0.402633
0.40713
0.412484
0.418556
0.425177
0.432157
0.439269
0.446266
0.452893
0.458904
0.464072
0.46822
0.471233
0.473068
0.473749
0.47335
0.471992
0.469816
0.466956
0.463522
0.459593
0.455215
0.450424
0.445253
0.439752
0.43402
0.428204
0.422488
0.417073
0.412156
0.407916
0.404492
0.401966
0.400377
0.39973
0.400011
0.401175
0.403163
0.405888
0.409237
0.41306
0.417178
0.421392
0.425509
0.429362
0.43282
0.435799
0.438273
0.440278
0.441903
0.443288
0.444602
0.446013
0.447649
0.449588
0.451837
0.454328
0.456924
0.45944
0.461656
0.463383
0.464485
0.464867
0.464521
0.463503
0.46191
0.459859
0.457453
0.454788
0.451945
0.449016
0.446104
0.443341
0.440876
0.438853
0.437394
0.436574
0.436394
0.436803
0.437703
0.438949
0.440377
0.44182
0.443124
0.444173
0.444883
0.445199
0.445082
0.444524
0.44355
0.442188
0.440514
0.438632
0.436687
0.434861
0.433362
0.432388
0.432134
0.432733
0.434223
0.436575
0.43965
0.443233
0.447071
0.450897
0.454462
0.457572
0.460094
0.461949
0.463123
0.46364
0.463558
0.462951
0.461876
0.460371
0.458443
0.456071
0.453205
0.449787
0.445785
0.44118
0.436007
0.430368
0.424422
0.418391
0.412539
0.40715
0.402501
0.398817
0.396258
0.394901
0.394722
0.395603
0.39736
0.399761
0.402588
0.405657
0.408839
0.412065
0.415315
0.418607
0.421936
0.425267
0.428516
0.431563
0.434256
0.436438
0.43795
0.438675
0.438541
0.437553
0.435762
0.433307
0.430399
0.427269
0.424157
0.421258
0.41871
0.41658
0.414877
0.413594
0.412723
0.412271
0.41227
0.412758
0.413774
0.415322
0.41739
0.419964
0.423017
0.426503
0.430361
0.434504
0.438823
0.443183
0.447437
0.451424
0.455007
0.458063
0.460478
0.462183
0.463153
0.46339
0.462949
0.461914
0.460393
0.458521
0.456434
0.454252
0.452062
0.449909
0.447768
0.445599
0.443346
0.440969
0.438471
0.435896
0.433321
0.430857
0.428618
0.426707
0.425185
0.424077
0.423362
0.422977
0.422809
0.422731
0.422599
0.422271
0.421632
0.420612
0.419174
0.417313
0.415065
0.412489
0.409663
0.406673
0.403622
0.400621
0.397783
0.395235
0.393089
0.391451
0.390415
0.390024
0.390285
0.391165
0.392584
0.394429
0.396585
0.398956
0.40146
0.404056
0.406729
0.409484
0.412338
0.415296
0.418344
0.421428
0.424463
0.427349
0.429971
0.432222
0.434002
0.435239
0.435895
0.435968
0.435479
0.434476
0.433033
0.431236
0.429183
0.426974
0.424711
0.422486
0.420407
0.418567
0.417057
0.415972
0.415373
0.41529
0.415716
0.416586
0.417788
0.419184
0.420631
0.421988
0.423123
0.423933
0.424367
0.424407
0.424092
0.423493
0.422741
0.421958
0.421303
0.420927
0.420962
0.42152
0.42267
0.424443
0.426828
0.42978
0.433211
0.437009
0.441048
0.445176
0.449241
0.453095
0.456616
0.459703
0.462283
0.46429
0.465693
0.466469
0.466617
0.466149
0.465106
0.463537
0.461504
0.459095
0.456407
0.453519
0.450511
0.447455
0.444394
0.441358
0.438367
0.435429
0.432565
0.429772
0.427066
0.424473
0.422023
0.419735
0.417602
0.41562
0.413776
0.412072
0.410514
0.409147
0.408067
0.407417
0.407338
0.40799
0.409478
0.411852
0.415063
0.418993
0.423473
0.428313
0.433327
0.438359
0.443275
0.447957
0.452311
0.456262
0.459744
0.462698
0.465075
0.466817
0.467882
0.468234
0.467836
0.466665
0.464726
0.462041
0.458654
0.454638
0.450085
0.445113
0.439857
0.43445
0.429035
0.423749
0.418701
0.413984
0.409667
0.405785
0.402342
0.399335
0.396736
0.394512
0.392638
0.391094
0.389856
0.388906
0.388221
0.387772
0.387513
0.38741
0.387413
0.387464
0.38752
0.387549
0.387537
0.387503
0.387494
0.387589
0.387856
0.388391
0.389282
0.390589
0.392348
0.394532
0.397071
0.399878
0.402849
0.405878
0.408873
0.411751
0.414474
0.417022
0.419409
0.421657
0.423796
0.425871
0.427921
0.429974
0.432054
0.434181
0.436366
0.43862
0.440912
0.443212
0.445485
0.447697
0.449807
0.451781
0.45359
0.455211
0.456619
0.457788
0.458699
0.459335
0.45968
0.459717
0.459433
0.458829
0.457888
0.456606
0.454984
0.453011
0.450685
0.448015
0.445026
0.441759
0.438279
0.434668
0.431009
0.427396
0.423902
0.420602
0.417557
0.414812
0.41239
0.4103
0.40854
0.407109
0.406015
0.40527
0.404886
0.404871
0.405242
0.405995
0.407107
0.408535
0.410226
0.412105
0.414082
0.416076
0.418026
0.41987
0.421587
0.423161
0.424592
0.425886
0.427047
0.428057
0.428898
0.429549
0.429976
0.430149
0.430036
0.429631
0.428951
0.428053
0.427014
0.425909
0.424833
0.423886
0.423121
0.422568
0.422207
0.422
0.421889
0.421821
0.421753
0.42169
0.421687
0.421835
0.422223
0.422936
0.424037
0.425565
0.427528
0.429913
0.432688
0.435805
0.439184
0.442733
0.446347
0.449919
0.453359
0.456583
0.459506
2.46401
2.46402
2.46404
2.46407
2.46411
2.46415
2.4642
2.46426
2.46434
2.46441
2.4645
2.4646
2.4647
2.46482
2.46494
2.46508
2.46522
2.46538
2.46554
2.46572
2.4659
2.4661
2.46631
2.46652
2.46675
2.467
2.46725
2.46752
2.46779
2.46809
2.46839
2.46871
2.46904
2.46939
2.46975
2.47013
2.47052
2.47093
2.47136
2.4718
2.47227
2.47275
2.47326
2.47378
2.47433
2.4749
2.4755
2.47612
2.47677
2.47744
2.47815
2.47888
2.47965
2.48046
2.4813
2.48217
2.48309
2.48405
2.48506
2.48611
2.48722
2.48838
2.4896
2.49087
2.49222
2.49363
2.49512
2.49669
2.49834
2.50008
2.50191
2.50385
2.50589
2.50805
2.51032
2.51273
2.51527
2.51794
2.52077
2.52374
2.52685
2.53012
2.53353
2.53707
2.54073
2.54446
2.54822
2.55196
2.55556
2.55892
2.56185
2.56416
2.56558
2.56582
2.56459
2.56166
2.55698
2.5508
2.54382
2.53717
2.53223
2.5302
2.53171
2.53657
2.54388
2.5523
2.56044
2.56714
2.5718
2.57451
2.57618
2.57828
2.58235
2.58928
2.59886
2.60992
2.62082
2.63009
2.63676
2.64048
2.64135
2.63989
2.63681
2.63289
2.62883
2.62512
2.62199
2.61946
2.6174
2.61553
2.61347
2.61086
2.60759
2.60407
2.60123
2.60035
2.60247
2.608
2.61652
2.62699
2.63814
2.64874
2.65784
2.66482
2.66942
2.67171
2.67205
2.67104
2.66936
2.66773
2.66676
2.66687
2.66826
2.67086
2.67441
2.67854
2.68285
2.68696
2.69062
2.69366
2.69607
2.69793
2.69939
2.7006
2.70168
2.7027
2.70369
2.70465
2.70562
2.70665
2.70781
2.70913
2.71062
2.71222
2.71386
2.71546
2.71698
2.71839
2.71973
2.72104
2.72242
2.72393
2.72565
2.7276
2.72979
2.73221
2.73477
2.73741
2.74
2.74243
2.74457
2.74629
2.74748
2.74803
2.74787
2.74694
2.74522
2.74269
2.73936
2.73519
2.73016
2.72424
2.71752
2.71028
2.70317
2.69716
2.69334
2.6926
2.69519
2.70065
2.70796
2.71579
2.72282
2.72783
2.72985
2.72836
2.72353
2.71649
2.70942
2.70486
2.70458
2.70862
2.7154
2.72268
2.72837
2.73097
2.72955
2.72379
2.71408
2.70156
2.68808
2.67584
2.66683
2.66233
2.66272
2.6675
2.6757
2.68612
2.6976
2.70913
2.71988
2.72926
2.73694
2.7428
2.74693
2.74954
2.75091
2.75138
2.75128
2.75089
2.75047
2.7502
2.75021
2.75053
2.75116
2.75203
2.75308
2.7542
2.75531
2.75631
2.75709
2.7575
2.75739
2.75652
2.75463
2.75138
2.74646
2.73964
2.73099
2.72112
2.71131
2.70333
2.69878
2.69836
2.70147
2.70672
2.71268
2.71842
2.72359
2.72816
2.73224
2.73588
2.73903
2.7416
2.74344
2.74442
2.74444
2.74346
2.7415
2.73867
2.73514
2.73116
2.72704
2.72314
2.71982
2.7174
2.7161
2.71604
2.71718
2.71938
2.72244
2.72608
2.73005
2.73413
2.73812
2.74186
2.74524
2.74821
2.75072
2.75274
2.75428
2.75531
2.75584
2.75582
2.75521
2.75395
2.75197
2.74922
2.74565
2.74129
2.73622
2.73061
2.72471
2.71883
2.71334
2.70867
2.70533
2.70383
2.70462
2.70778
2.71298
2.71945
2.72621
2.73237
2.73727
2.74051
2.74194
2.74153
2.73939
2.73567
2.7306
2.72451
2.71788
2.7114
2.70597
2.70259
2.70202
2.7045
2.70954
2.71611
2.72306
2.72945
2.73476
2.73881
2.74172
2.74371
2.74506
2.74601
2.74676
2.74742
2.74802
2.74854
2.74887
2.7489
2.74847
2.74741
2.74563
2.74309
2.7399
2.73636
2.73295
2.73028
2.72888
2.72899
2.73049
2.73283
2.73531
2.73722
2.73804
2.73746
2.73542
2.73203
2.7276
2.72258
2.7175
2.71296
2.70949
2.70745
2.70696
2.70786
2.70977
2.71219
2.71461
2.71658
2.71783
2.71819
2.71765
2.71629
2.71428
2.71186
2.70931
2.70695
2.70506
2.70392
2.7037
2.70449
2.70624
2.70882
2.712
2.71554
2.71922
2.72284
2.72629
2.72949
2.73242
2.73509
2.73753
2.73977
2.74184
2.74375
2.7455
2.74708
2.74844
2.74951
2.75018
2.75033
2.74978
2.74837
2.7459
2.7422
2.73719
2.73087
2.72345
2.71543
2.70754
2.70073
2.69591
2.69353
2.69337
2.69445
2.6954
2.69496
2.69236
2.68764
2.68149
2.67513
2.66984
2.66661
2.66592
2.66775
2.67175
2.67742
2.68426
2.69185
2.69991
2.70837
2.71732
2.72683
2.73683
2.74701
2.75692
2.76609
2.77414
2.78089
2.78632
2.79052
2.79364
2.79584
2.79727
2.79803
2.79821
2.79782
2.79689
2.79539
2.79332
2.7907
2.78757
2.78399
2.78007
2.77589
2.77147
2.7668
2.76183
2.7566
2.7513
2.74629
2.74208
2.73905
2.73738
2.73692
2.73731
2.73816
2.73909
2.73977
2.73982
2.73884
2.73641
2.73236
2.72684
2.72035
2.71371
2.70779
2.70337
2.70106
2.70126
2.70422
2.70989
2.71789
2.72748
2.73777
2.74782
2.75688
2.76433
2.76975
2.77277
2.77313
2.77062
2.76514
2.75687
2.74647
2.73528
2.72528
2.71872
2.71721
2.72095
2.72874
2.73856
2.74845
2.75697
2.76329
2.76708
2.76834
2.7673
2.76437
2.76011
2.75513
2.75013
2.74572
2.74233
2.74018
2.73926
2.73942
2.74036
2.74175
2.74311
2.74385
2.74325
2.74056
2.73516
2.72704
2.71728
2.70843
2.70381
2.70581
2.71416
2.72612
2.73835
2.74845
2.75541
2.75921
2.76039
2.75967
2.75781
2.75554
2.75335
2.75147
2.74979
2.74796
2.74561
2.74259
2.7391
2.73586
2.73384
2.73398
2.73667
2.74154
2.74757
2.75352
2.75829
2.76112
2.76164
2.75977
2.75575
2.75013
2.74373
2.73761
2.73286
2.73032
2.73029
2.73246
2.736
2.7398
2.74284
2.74443
2.74436
2.74287
2.74053
2.73802
2.73588
2.73443
2.73375
2.73387
2.73484
2.73669
2.73936
2.74261
2.74608
2.74938
2.75216
2.75421
2.75545
2.7559
2.75561
2.75465
2.75309
2.75098
2.74837
2.74535
2.74206
2.7387
2.73549
2.73269
2.73053
2.72915
2.72861
2.72886
2.72979
2.73124
2.73303
2.73495
2.73682
2.73849
2.73983
2.74074
2.74119
2.74116
2.74066
2.73974
2.73841
2.7367
2.73462
2.73217
2.72936
2.72621
2.72281
2.71934
2.71606
2.71334
2.71151
2.71073
2.71093
2.71182
2.71296
2.71396
2.71455
2.71468
2.71441
2.71388
2.71323
2.71254
2.71181
2.71102
2.71007
2.70887
2.70737
2.70557
2.70354
2.70141
2.69927
2.69709
2.69476
2.69225
2.68987
2.68834
2.68854
2.69096
2.69524
2.70021
2.70443
2.70682
2.70703
2.7055
2.70327
2.7016
2.70151
2.70347
2.70724
2.71213
2.71734
2.72219
2.72622
2.72917
2.73087
2.73128
2.73039
2.72825
2.72501
2.72076
2.71545
2.70863
2.69944
2.687
2.67165
2.65648
2.64748
2.64994
2.66362
2.68273
2.70074
2.71397
2.72174
2.72501
2.72521
2.72378
2.72191
2.72054
2.72018
2.72102
2.72289
2.7255
2.72848
2.73156
2.73454
2.73732
2.73986
2.74216
2.74424
2.74614
2.74791
2.74961
2.75128
2.75296
2.75467
2.75643
2.75822
2.76002
2.76179
2.7635
2.76511
2.7666
2.76797
2.76922
2.77036
2.7714
2.77234
2.77316
2.77379
2.77414
2.77406
2.7734
2.77199
2.76968
2.76637
2.76204
2.75674
2.75065
2.74403
2.73724
2.73067
2.72472
2.71971
2.71584
2.71318
2.71181
2.7119
2.71371
2.71742
2.72295
2.72983
2.73725
2.74425
2.74996
2.75367
2.75488
2.75331
2.74892
2.74199
2.73325
2.72402
2.71605
2.71114
2.71037
2.71359
2.71952
2.72641
2.73277
2.73777
2.74118
2.7432
2.74425
2.7448
2.74525
2.74585
2.74672
2.74784
2.74908
2.75025
2.75115
2.75159
2.75137
2.75034
2.7484
2.74548
2.74154
2.73654
2.73039
2.723
2.71438
2.70511
2.69668
2.69151
2.69182
2.69817
2.70882
2.72078
2.73142
2.73924
2.74385
2.7455
2.74467
2.74192
2.73778
2.73273
2.72726
2.72184
2.71693
2.71303
2.71055
2.70981
2.71089
2.71356
2.71733
2.72161
2.72584
2.72959
2.73261
2.73482
2.73622
2.73686
2.73683
2.73621
2.73508
2.73351
2.73157
2.72937
2.727
2.72458
2.72224
2.72009
2.71827
2.71686
2.71594
2.71551
2.71556
2.71603
2.71682
2.71783
2.71894
2.72006
2.72112
2.72206
2.72288
2.72358
2.72416
2.72467
2.72513
2.72557
2.72599
2.72642
2.72684
2.72721
2.7275
2.72764
2.72751
2.72701
2.72596
2.72419
2.72151
2.71777
2.71292
2.70712
2.70087
2.69501
2.69059
2.68856
2.68934
2.69262
2.69752
2.70295
2.70801
2.71211
2.71498
2.71657
2.71693
2.71618
2.71443
2.7118
2.70842
2.70441
2.69996
2.69526
2.69055
2.68611
2.68226
2.67933
2.67766
2.67749
2.67889
2.68175
2.68573
2.69043
2.6954
2.7003
2.70491
2.70912
2.71294
2.71639
2.71954
2.72243
2.72507
2.72747
2.72962
2.73152
2.73313
2.73447
2.73552
2.7363
2.7368
2.73704
2.73703
2.73674
2.73616
2.73522
2.73386
2.73195
2.72943
2.72623
2.72242
2.71826
2.71421
2.71093
2.70911
2.70923
2.71141
2.71529
2.72028
2.72567
2.7309
2.73561
2.73959
2.7428
2.74526
2.74701
2.74812
2.74865
2.74865
2.74816
2.74721
2.74584
2.74413
2.74225
2.74048
2.73923
2.73895
2.73997
2.74237
2.74585
2.74981
2.75347
2.75607
2.75689
2.75538
2.7511
2.74385
2.73386
2.72201
2.70986
2.69925
2.69149
2.68706
2.6859
2.68812
2.69381
2.70238
2.71227
2.72167
2.72935
2.73498
2.73898
2.74203
2.74468
2.74716
2.74935
2.75087
2.75122
2.74996
2.74674
2.74141
2.73395
2.72461
