-7.84332
-7.82713
-7.79745
-7.75804
-7.71106
-7.66303
-7.61239
-7.56339
-7.51966
-7.48206
-7.45456
-7.43813
-7.42996
-7.43315
-7.44318
-7.46043
-7.48464
-7.50768
-7.53194
-7.55235
-7.57076
-7.58493
-7.59316
-7.59702
-7.59626
-7.59223
-7.58391
-7.57271
-7.5624
-7.5531
-7.54585
-7.5399
-7.53842
-7.53693
-7.53841
-7.54488
-7.55264
-7.56297
-7.57405
-7.58794
-7.59857
-7.60644
-7.61214
-7.61616
-7.61662
-7.61503
-7.6138
-7.60582
-7.59683
-7.58748
-7.57758
-7.56533
-7.55374
-7.54511
-7.53864
-7.53432
-7.53363
-7.53554
-7.54019
-7.54762
-7.55516
-7.56463
-7.57619
-7.58838
-7.59974
-7.61173
-7.62166
-7.63274
-7.63655
-7.64127
-7.64481
-7.64458
-7.6413
-7.63554
-7.62954
-7.62145
-7.61305
-7.60318
-7.59329
-7.58477
-7.57696
-7.57038
-7.56539
-7.56194
-7.55857
-7.55824
-7.5581
-7.55658
-7.55606
-7.55731
-7.55603
-7.55508
-7.55349
-7.55064
-7.55047
-7.5482
-7.54679
-7.54439
-7.54272
-7.54189
-7.54043
-7.54042
-7.54069
-7.54166
-7.54408
-7.54672
-7.54898
-7.55283
-7.55727
-7.56452
-7.57153
-7.58034
-7.5884
-7.59703
-7.60716
-7.61687
-7.62391
-7.62843
-7.63099
-7.63062
-7.63062
-7.63045
-7.62924
-7.62518
-7.62061
-7.61494
-7.60728
-7.60159
-7.59179
-7.58513
-7.57754
-7.57016
-7.56228
-7.55485
-7.54852
-7.54432
-7.53997
-7.53899
-7.53963
-7.54159
-7.54547
-7.55072
-7.55833
-7.56823
-7.57705
-7.5859
-7.59299
-7.59948
-7.60558
-7.60965
-7.61111
-7.61179
-7.60976
-7.60548
-7.60147
-7.59355
-7.58414
-7.57664
-7.56861
-7.56057
-7.55322
-7.54853
-7.54443
-7.54424
-7.54599
-7.54789
-7.55038
-7.55532
-7.56009
-7.56526
-7.57146
-7.57514
-7.57865
-7.57991
-7.57982
-7.58033
-7.57701
-7.57517
-7.57178
-7.56772
-7.56393
-7.56074
-7.55651
-7.55607
-7.55508
-7.55559
-7.55633
-7.56113
-7.56463
-7.57246
-7.58143
-7.58642
-7.59297
-7.59788
-7.60379
-7.60784
-7.61135
-7.61344
-7.61133
-7.6098
-7.60664
-7.60043
-7.5951
-7.58595
-7.5777
-7.57225
-7.56559
-7.56275
-7.5605
-7.56129
-7.56489
-7.56855
-7.57264
-7.57806
-7.58787
-7.59857
-7.60698
-7.61477
-7.61883
-7.62326
-7.62705
-7.62611
-7.6236
-7.61605
-7.60464
-7.59492
-7.5812
-7.56955
-7.55738
-7.54308
-7.5309
-7.52177
-7.51456
-7.50895
-7.50546
-7.50734
-7.50989
-7.51671
-7.5245
-7.53737
-7.54837
-7.55991
-7.5725
-7.58435
-7.59663
-7.60632
-7.61464
-7.62193
-7.6247
-7.62252
-7.61963
-7.61588
-7.60899
-7.603
-7.59332
-7.58576
-7.57733
-7.56986
-7.56149
-7.55766
-7.55817
-7.5562
-7.5568
-7.55814
-7.56418
-7.56818
-7.57246
-7.58065
-7.58797
-7.5948
-7.59963
-7.60613
-7.61054
-7.61336
-7.61608
-7.61696
-7.61535
-7.61223
-7.60739
-7.6009
-7.59489
-7.58758
-7.58019
-7.57588
-7.56712
-7.5629
-7.55954
-7.55594
-7.55162
-7.54956
-7.54852
-7.54715
-7.54732
-7.54563
-7.54965
-7.55139
-7.55293
-7.55596
-7.55771
-7.56063
-7.56367
-7.56387
-7.56325
-7.56387
-7.56265
-7.56009
-7.55933
-7.55993
-7.56303
-7.56522
-7.56728
-7.57025
-7.5748
-7.57963
-7.58499
-7.59138
-7.59698
-7.60279
-7.61238
-7.6215
-7.62747
-7.62864
-7.63118
-7.63128
-7.62851
-7.62477
-7.61794
-7.60925
-7.60192
-7.59349
-7.58474
-7.5752
-7.56632
-7.55881
-7.55395
-7.55126
-7.54949
-7.54859
-7.54872
-7.55093
-7.55173
-7.55502
-7.55859
-7.56155
-7.56271
-7.5661
-7.57031
-7.57365
-7.57385
-7.57188
-7.57108
-7.57123
-7.57018
-7.57065
-7.57113
-7.57108
-7.57086
-7.57277
-7.57166
-7.57169
-7.57251
-7.57414
-7.57659
-7.57826
-7.57825
-7.58051
-7.58154
-7.58395
-7.58868
-7.59271
-7.59452
-7.59549
-7.59624
-7.5977
-7.5979
-7.59467
-7.59181
-7.58812
-7.58387
-7.57784
-7.57122
-7.5649
-7.55782
-7.55338
-7.55033
-7.54952
-7.55166
-7.55466
-7.56149
-7.56816
-7.5732
-7.58063
-7.58834
-7.5943
-7.60272
-7.60632
-7.6096
-7.61036
-7.61201
-7.61021
-7.60813
-7.60501
-7.60262
-7.59979
-7.59529
-7.59298
-7.59152
-7.58762
-7.5844
-7.58148
-7.57365
-7.56869
-7.56147
-7.55604
-7.54998
-7.54481
-7.54013
-7.53716
-7.53444
-7.53371
-7.5334
-7.5354
-7.53609
-7.53856
-7.5423
-7.54749
-7.55138
-7.5545
-7.55802
-7.56287
-7.56775
-7.57039
-7.57597
-7.58228
-7.58797
-7.59307
-7.5982
-7.60396
-7.6106
-7.61315
-7.61757
-7.62107
-7.62542
-7.62684
-7.62612
-7.6257
-7.62287
-7.61987
-7.6129
-7.60533
-7.59677
-7.58784
-7.57698
-7.5695
-7.56101
-7.55487
-7.54918
-7.54654
-7.54521
-7.54493
-7.5472
-7.55112
-7.55567
-7.56265
-7.56768
-7.57354
-7.57753
-7.58292
-7.58819
-7.58872
-7.59159
-7.58939
-7.59158
-7.59019
-7.5873
-7.58308
-7.57874
-7.57586
-7.57022
-7.56825
-7.56532
-7.56292
-7.56119
-7.56146
-7.56179
-7.56237
-7.56726
-7.56821
-7.57312
-7.57725
-7.58204
-7.58472
-7.5874
-7.59029
-7.59393
-7.59565
-7.59865
-7.59776
-7.59688
-7.59508
-7.59343
-7.59333
-7.59266
-7.5922
-7.5892
-7.58735
-7.58614
-7.58366
-7.58416
-7.58374
-7.58523
-7.58693
-7.58711
-7.58666
-7.58676
-7.58545
-7.58303
-7.5815
-7.57902
-7.58055
-7.57869
-7.57711
-7.57808
-7.57867
-7.5794
-7.57917
-7.58137
-7.58221
-7.58345
-7.58234
-7.58074
-7.58025
-7.57513
-7.57106
-7.56572
-7.56231
-7.5589
-7.55647
-7.55301
-7.5513
-7.55048
-7.55118
-7.55266
-7.55666
-7.56097
-7.56625
-7.57344
-7.57961
-7.58383
-7.58751
-7.59086
-7.59095
-7.59074
-7.58908
-7.5865
-7.58389
-7.58052
-7.57823
-7.57432
-7.57188
-7.57135
-7.57217
-7.5731
-7.57445
-7.57515
-7.57638
-7.58088
-7.58392
-7.58722
-7.5899
-7.59373
-7.59599
-7.59785
-7.59796
-7.59832
-7.59742
-7.59444
-7.59051
-7.58908
-7.58611
-7.58599
-7.58624
-7.58499
-7.58353
-7.58283
-7.58316
-7.58348
-7.5837
-7.58377
-7.58388
-7.5849
-7.58474
-7.58518
-7.58479
-7.58475
-7.584
-7.58126
-7.57858
-7.57482
-7.57086
-7.56598
-7.56268
-7.55985
-7.55762
-7.556
-7.55431
-7.55566
-7.55378
-7.55401
-7.55619
-7.55533
-7.55495
-7.55507
-7.55646
-7.55766
-7.55919
-7.56095
-7.56373
-7.56662
-7.5693
-7.57265
-7.57781
-7.58232
-7.58724
-7.59205
-7.59461
-7.59931
-7.60501
-7.60706
-7.607
-7.60602
-7.60505
-7.60181
-7.59924
-7.59516
-7.59162
-7.58847
-7.58232
-7.57664
-7.57195
-7.56878
-7.56543
-7.56368
-7.56277
-7.56092
-7.5605
-7.55967
-7.5633
-7.5633
-7.5667
-7.57269
-7.57977
-7.58607
-7.59359
-7.60167
-7.60484
-7.6109
-7.61728
-7.6208
-7.62289
-7.62049
-7.61839
-7.61373
-7.6079
-7.60146
-7.595
-7.58922
-7.58157
-7.57308
-7.56576
-7.55766
-7.55163
-7.54588
-7.54342
-7.54065
-7.53974
-7.5418
-7.54337
-7.54645
-7.54947
-7.55121
-7.55472
-7.55823
-7.55975
-7.56218
-7.56493
-7.56647
-7.56755
-7.56728
-7.56832
-7.57169
-7.57291
-7.57529
-7.57694
-7.57855
-7.58017
-7.58243
-7.584
-7.58509
-7.5908
-7.59356
-7.5971
-7.59941
-7.60297
-7.60422
-7.60702
-7.60783
-7.60831
-7.60755
-7.60686
-7.60593
-7.60537
-7.60516
-7.60232
-7.60065
-7.59815
-7.59539
-7.5917
-7.58776
-7.58301
-7.57956
-7.57344
-7.56721
-7.56344
-7.56012
-7.55651
-7.55504
-7.55638
-7.55722
-7.559
-7.56243
-7.56304
-7.56603
-7.56945
-7.57044
-7.57305
-7.57583
-7.57587
-7.57712
-7.57585
-7.57551
-7.57415
-7.57339
-7.57387
-7.57419
-7.5754
-7.57712
-7.57978
-7.58431
-7.58643
-7.587
-7.58632
-7.5861
-7.58593
-7.58268
-7.58046
-7.57603
-7.57338
-7.57196
-7.56956
-7.56718
-7.5667
-7.56694
-7.5692
-7.57174
-7.5763
-7.58256
-7.58824
-7.592
-7.59638
-7.59943
-7.60287
-7.60556
-7.60736
-7.60796
-7.60807
-7.60462
-7.59876
-7.59459
-7.59137
-7.58738
-7.58184
-7.5775
-7.5738
-7.56985
-7.56504
-7.56552
-7.56349
-7.56311
-7.56308
-7.56372
-7.56409
-7.56455
-7.56516
-7.56756
-7.57011
-7.57373
-7.5728
-7.57687
-7.57983
-7.58277
-7.58416
-7.58386
-7.58273
-7.58206
-7.58032
-7.57673
-7.57542
-7.57149
-7.56749
-7.56788
-7.56767
-7.56696
-7.56934
-7.56893
-7.57014
-7.57183
-7.57351
-7.5779
-7.57965
-7.58145
-7.58249
-7.58129
-7.58129
-7.58144
-7.58047
-7.57942
-7.57719
-7.57662
-7.57567
-7.57367
-7.57182
-7.572
-7.57142
-7.57241
-7.57399
-7.57608
-7.57912
-7.58416
-7.58606
-7.58876
-7.59233
-7.59498
-7.59662
-7.59754
-7.59909
-7.60205
-7.60237
-7.6012
-7.60032
-7.60089
-7.6008
-7.60013
-7.59859
-7.599
-7.59892
-7.60072
-7.59893
-7.59816
-7.59524
-7.59326
-7.58958
-7.58393
-7.57845
-7.5724
-7.56612
-7.56061
-7.55652
-7.55124
-7.54795
-7.54354
-7.54033
-7.5409
-7.54256
-7.54484
-7.54818
-7.55209
-7.55865
-7.56382
-7.56682
-7.57202
-7.57702
-7.58103
-7.58557
-7.59115
-7.59224
-7.5936
-7.59551
-7.59572
-7.59493
-7.59161
-7.58942
-7.58848
-7.58441
-7.58251
-7.57903
-7.57502
-7.57448
-7.57131
-7.56946
-7.56799
-7.56629
-7.56633
-7.56455
-7.56713
-7.56848
-7.56885
-7.5707
-7.57262
-7.57385
-7.57528
-7.5759
-7.57699
-7.57887
-7.57998
-7.58008
-7.57988
-7.57978
-7.58341
-7.58464
-7.58639
-7.58864
-7.59197
-7.59596
-7.5979
-7.59927
-7.60254
-7.60174
-7.60192
-7.60104
-7.59716
-7.59258
-7.588
-7.58612
-7.57998
-7.57561
-7.57224
-7.56746
-7.56466
-7.56043
-7.55809
-7.55767
-7.55662
-7.55626
-7.55785
-7.55749
-7.56
-7.56306
-7.56692
-7.56984
-7.57076
-7.57439
-7.57962
-7.58146
-7.58533
-7.58856
-7.59236
-7.59221
-7.59389
-7.59483
-7.59698
-7.59646
-7.59817
-7.59664
-7.59418
-7.59442
-7.5916
-7.58769
-7.58594
-7.58375
-7.58363
-7.58232
-7.58042
-7.57657
-7.57309
-7.56845
-7.56603
-7.56311
-7.56192
-7.56109
-7.56088
-7.56175
-7.5618
-7.56262
-7.56471
-7.57075
-7.57721
-7.58183
-7.58554
-7.58802
-7.59155
-7.59139
-7.58997
-7.58789
-7.58716
-7.58568
-7.58148
-7.57653
-7.57249
-7.56877
-6.36366
-6.36103
-6.35671
-6.35057
-6.34243
-6.33178
-6.31811
-6.30132
-6.28163
-6.25852
-6.23273
-6.20212
-6.16921
-6.13418
-6.09713
-6.05787
-6.0183
-5.97945
-5.94363
-5.91205
-5.88573
-5.86535
-5.85028
-5.8425
-5.84062
-5.84366
-5.8517
-5.86289
-5.87579
-5.89145
-5.90769
-5.92393
-5.9393
-5.95439
-5.9669
-5.9784
-5.98814
-5.99588
-6.00176
-6.00641
-6.009
-6.00964
-6.00922
-6.00745
-6.00363
-5.99964
-5.99541
-5.99013
-5.98468
-5.97839
-5.97302
-5.96878
-5.96462
-5.96096
-5.95894
-5.95703
-5.95656
-5.95669
-5.95773
-5.9594
-5.9608
-5.96223
-5.96341
-5.96409
-5.96658
-5.9675
-5.96908
-5.9704
-5.97071
-5.97138
-5.97172
-5.97161
-5.97155
-5.97161
-5.97157
-5.97073
-5.97115
-5.97151
-5.97232
-5.97359
-5.97549
-5.97708
-5.97861
-5.98092
-5.98345
-5.98536
-5.98778
-5.98969
-5.99103
-5.99294
-5.99314
-5.99371
-5.99437
-5.99395
-5.99326
-5.99325
-5.99249
-5.99149
-5.99092
-5.99056
-5.98974
-5.98885
-5.98903
-5.98933
-5.99054
-5.99147
-5.99373
-5.99587
-5.99834
-5.99979
-6.00247
-6.00473
-6.00664
-6.00831
-6.00895
-6.00919
-6.00861
-6.00785
-6.00708
-6.00588
-6.00515
-6.00356
-6.00155
-5.99974
-5.99801
-5.9955
-5.99199
-5.98892
-5.98716
-5.98517
-5.98353
-5.98266
-5.98175
-5.98133
-5.98185
-5.9827
-5.98426
-5.9866
-5.98912
-5.99138
-5.99397
-5.99661
-5.99853
-6.00069
-6.00146
-6.00229
-6.00224
-6.00177
-6.00077
-5.9992
-5.99824
-5.99698
-5.9957
-5.99469
-5.99287
-5.99155
-5.99125
-5.9914
-5.99127
-5.99235
-5.99382
-5.99502
-5.99735
-5.99963
-6.00084
-6.0028
-6.00374
-6.00491
-6.00519
-6.00577
-6.00547
-6.00528
-6.00519
-6.00432
-6.00351
-6.00284
-6.00311
-6.00493
-6.00732
-6.01013
-6.01401
-6.01778
-6.0229
-6.02768
-6.03192
-6.0368
-6.04171
-6.04663
-6.05084
-6.05346
-6.05545
-6.05642
-6.05614
-6.05609
-6.05414
-6.05138
-6.04852
-6.04493
-6.04052
-6.0363
-6.03135
-6.02671
-6.02261
-6.01918
-6.01679
-6.01468
-6.01396
-6.01347
-6.01385
-6.01408
-6.01466
-6.01615
-6.01655
-6.01689
-6.01751
-6.01844
-6.01988
-6.02083
-6.02223
-6.02485
-6.027
-6.02938
-6.03189
-6.03408
-6.03656
-6.03792
-6.03905
-6.04009
-6.04059
-6.03928
-6.03673
-6.03295
-6.02923
-6.02479
-6.01933
-6.01427
-6.00908
-6.00343
-5.99865
-5.99438
-5.991
-5.98883
-5.98777
-5.98806
-5.98847
-5.99037
-5.99253
-5.99462
-5.99603
-5.99609
-5.99602
-5.99549
-5.99423
-5.99222
-5.98944
-5.98668
-5.98378
-5.98135
-5.97827
-5.97578
-5.97329
-5.97075
-5.96737
-5.96461
-5.96205
-5.96034
-5.95778
-5.95555
-5.9547
-5.95307
-5.95326
-5.95408
-5.95501
-5.95638
-5.95896
-5.96109
-5.96249
-5.96454
-5.9664
-5.968
-5.96914
-5.96935
-5.97011
-5.96976
-5.97013
-5.96971
-5.96823
-5.96663
-5.96601
-5.96384
-5.96196
-5.96013
-5.95797
-5.95659
-5.95485
-5.9531
-5.95142
-5.95018
-5.9488
-5.94871
-5.94876
-5.94988
-5.95058
-5.95254
-5.95526
-5.95779
-5.96079
-5.96339
-5.96576
-5.96884
-5.97175
-5.97488
-5.97723
-5.97773
-5.98003
-5.98065
-5.98193
-5.98229
-5.98302
-5.98465
-5.98556
-5.98609
-5.98597
-5.98713
-5.98821
-5.9893
-5.98992
-5.99186
-5.99269
-5.99334
-5.99474
-5.99616
-5.99736
-5.99852
-5.99984
-6.00209
-6.00468
-6.00685
-6.00826
-6.01113
-6.01298
-6.01512
-6.01748
-6.01943
-6.02153
-6.02335
-6.0249
-6.02576
-6.02791
-6.02852
-6.02999
-6.03129
-6.03177
-6.03306
-6.03329
-6.03375
-6.03453
-6.03466
-6.03408
-6.03334
-6.03287
-6.03112
-6.02841
-6.02534
-6.02194
-6.0184
-6.01481
-6.0099
-6.00561
-6.0009
-5.99734
-5.99333
-5.99033
-5.98782
-5.98632
-5.98612
-5.98714
-5.98998
-5.99391
-5.99918
-6.00523
-6.01175
-6.01887
-6.02598
-6.03221
-6.0378
-6.04258
-6.04541
-6.04804
-6.05048
-6.0505
-6.05107
-6.05124
-6.04962
-6.04819
-6.04634
-6.04453
-6.04259
-6.04095
-6.0394
-6.03859
-6.03718
-6.03708
-6.03746
-6.03683
-6.03611
-6.03574
-6.03485
-6.0336
-6.03197
-6.02951
-6.02601
-6.02209
-6.01902
-6.01615
-6.01384
-6.01184
-6.01072
-6.01024
-6.01063
-6.01134
-6.0122
-6.01452
-6.01602
-6.01726
-6.01886
-6.01952
-6.02038
-6.01979
-6.0194
-6.01869
-6.01729
-6.01575
-6.01465
-6.01289
-6.01209
-6.01216
-6.01179
-6.01187
-6.01222
-6.01311
-6.0142
-6.01484
-6.01574
-6.0169
-6.0181
-6.01915
-6.02027
-6.02151
-6.02276
-6.02251
-6.0223
-6.0217
-6.02018
-6.01692
-6.01406
-6.01
-6.00517
-6.0002
-5.99474
-5.98905
-5.98397
-5.98004
-5.97667
-5.97337
-5.97182
-5.96973
-5.96915
-5.96905
-5.96995
-5.97022
-5.97144
-5.97325
-5.97453
-5.97583
-5.97759
-5.98051
-5.98289
-5.98561
-5.98736
-5.98927
-5.99157
-5.99417
-5.99534
-5.99576
-5.99676
-5.99603
-5.99507
-5.9942
-5.99162
-5.9895
-5.98714
-5.9849
-5.98213
-5.97879
-5.97546
-5.97262
-5.97029
-5.96819
-5.96666
-5.96555
-5.96754
-5.96846
-5.97212
-5.97529
-5.97897
-5.98456
-5.99084
-5.99736
-6.00391
-6.01163
-6.01814
-6.02457
-6.03066
-6.03573
-6.03932
-6.04176
-6.04423
-6.04525
-6.04536
-6.04436
-6.04211
-6.03874
-6.03586
-6.03233
-6.02791
-6.02263
-6.01757
-6.0122
-6.00675
-6.00033
-5.99388
-5.98896
-5.98456
-5.98054
-5.97706
-5.97477
-5.97313
-5.97303
-5.97355
-5.9748
-5.97762
-5.97996
-5.98382
-5.98768
-5.99197
-5.99618
-6.00043
-6.00485
-6.00766
-6.01059
-6.01301
-6.01528
-6.01702
-6.01749
-6.0185
-6.02023
-6.02114
-6.0222
-6.02463
-6.02669
-6.02928
-6.03133
-6.03441
-6.03668
-6.03802
-6.03803
-6.0367
-6.03502
-6.03262
-6.03068
-6.02809
-6.0254
-6.0227
-6.01992
-6.01656
-6.01412
-6.012
-6.01018
-6.00848
-6.00757
-6.00791
-6.00867
-6.01007
-6.01089
-6.01232
-6.01391
-6.0155
-6.01697
-6.01779
-6.01791
-6.0176
-6.01776
-6.0172
-6.01565
-6.01334
-6.0113
-6.00996
-6.00846
-6.00625
-6.00503
-6.00456
-6.0054
-6.00728
-6.00986
-6.01345
-6.01707
-6.02137
-6.02488
-6.02796
-6.03011
-6.03257
-6.03405
-6.0347
-6.03531
-6.03457
-6.03406
-6.03324
-6.03215
-6.03033
-6.02836
-6.0256
-6.02227
-6.01836
-6.0137
-6.00832
-6.00234
-5.99743
-5.99171
-5.98529
-5.97996
-5.97525
-5.97212
-5.96983
-5.9692
-5.96838
-5.96906
-5.97074
-5.97304
-5.9765
-5.97913
-5.98202
-5.98555
-5.98775
-5.99119
-5.99453
-5.99785
-6.00139
-6.00411
-6.00661
-6.00903
-6.01077
-6.01171
-6.01134
-6.00997
-6.0081
-6.00544
-6.00295
-6.00012
-5.99686
-5.99384
-5.99119
-5.98925
-5.98774
-5.9862
-5.98476
-5.98435
-5.98455
-5.98524
-5.98601
-5.98791
-5.99018
-5.99326
-5.9959
-5.99898
-6.00241
-6.00658
-6.01151
-6.01572
-6.0195
-6.02345
-6.02729
-6.03014
-6.03188
-6.03351
-6.03426
-6.03457
-6.03452
-6.03358
-6.03278
-6.03163
-6.02923
-6.02644
-6.02365
-6.02195
-6.01875
-6.01627
-6.01416
-6.01147
-6.00896
-6.00668
-6.00487
-6.00242
-5.99976
-5.99758
-5.9961
-5.99488
-5.9936
-5.99339
-5.99339
-5.99286
-5.99302
-5.99236
-5.99214
-5.99184
-5.99005
-5.98755
-5.98541
-5.98251
-5.97996
-5.97711
-5.97421
-5.97152
-5.96871
-5.96559
-5.96349
-5.96206
-5.96109
-5.96092
-5.96064
-5.96157
-5.96319
-5.96522
-5.96725
-5.97025
-5.97261
-5.97476
-5.97744
-5.9799
-5.98231
-5.98528
-5.98894
-5.99263
-5.99626
-5.99988
-6.00232
-6.00498
-6.00671
-6.00804
-6.00863
-6.00895
-6.00886
-6.00766
-6.00618
-6.0045
-6.00258
-6.00051
-5.99855
-5.99649
-5.99443
-5.99246
-5.99069
-5.98859
-5.98805
-5.98786
-5.98864
-5.99015
-5.99078
-5.99158
-5.99318
-5.99512
-5.99653
-5.99761
-5.99861
-5.99831
-5.99811
-5.99824
-5.99658
-5.99565
-5.99456
-5.99407
-5.99415
-5.99552
-5.99673
-5.99842
-6.00101
-6.00341
-6.00674
-6.01072
-6.01522
-6.01981
-6.02386
-6.02783
-6.03131
-6.03481
-6.03763
-6.03883
-6.04002
-6.04043
-6.04051
-6.04029
-6.03934
-6.03682
-6.03459
-6.03185
-6.02868
-6.02623
-6.02337
-6.02001
-6.0174
-6.01316
-6.01002
-6.00785
-6.00529
-6.0019
-5.99905
-5.99617
-5.99434
-5.99207
-5.98995
-5.98768
-5.986
-5.98416
-5.98247
-5.98113
-5.98008
-5.97918
-5.97886
-5.97944
-5.98087
-5.98363
-5.98722
-5.99076
-5.99544
-6.00046
-6.00533
-6.01066
-6.01661
-6.02187
-6.02619
-6.02994
-6.03337
-6.03688
-6.03934
-6.04117
-6.04232
-6.0429
-6.04197
-6.04102
-6.03901
-6.03565
-6.03189
-6.02827
-6.02427
-6.01987
-6.01399
-6.00827
-6.00287
-5.9973
-5.99228
-5.9876
-5.98287
-5.97933
-5.97548
-5.97252
-5.9695
-5.96717
-5.96517
-5.96381
-5.9623
-5.96198
-5.96193
-5.96195
-5.96171
-5.96132
-5.96058
-5.96002
-5.96008
-5.9601
-5.95933
-5.95854
-5.95809
-5.95865
-5.95879
-5.95966
-5.96074
-5.96179
-5.96359
-5.96642
-5.96884
-5.97136
-5.97435
-5.97768
-5.98081
-5.98489
-5.98759
-5.99043
-5.99234
-5.99458
-5.99611
-5.99833
-6.00008
-6.00228
-6.00421
-6.00665
-6.00839
-6.01004
-6.01264
-6.01524
-6.01721
-6.02001
-6.02181
-6.02347
-6.02616
-6.02731
-6.02809
-6.02999
-6.03057
-6.03058
-6.03089
-6.0306
-6.03058
-6.02964
-6.02867
-6.02781
-6.0266
-6.02429
-6.02178
-6.01908
-6.01621
-6.01322
-6.01078
-6.00807
-6.00486
-6.00065
-5.99702
-5.99375
-5.98997
-5.98771
-5.98593
-5.98387
-5.9826
-5.9809
-5.97908
-5.97807
-5.97757
-5.97684
-5.97831
-5.97865
-5.97979
-5.9814
-5.98311
-5.98455
-5.98638
-5.98868
-5.99032
-5.99154
-5.9931
-5.99345
-5.99441
-5.99569
-5.99744
-5.99889
-5.99926
-5.99929
-5.99984
-5.99953
-5.99939
-5.99865
-5.99825
-5.99824
-5.99674
-5.99458
-5.99442
-5.99379
-5.99395
-5.99342
-5.99262
-5.99227
-5.99262
-5.99301
-5.99264
-5.99288
-5.99259
-5.99275
-5.99332
-5.99407
-5.99446
-5.99633
-5.99849
-6.00152
-6.00403
-6.00733
-6.01103
-6.01474
-6.01851
-6.02162
-6.02459
-6.02809
-6.03128
-0.0318395
-0.0318503
-0.0318697
-0.0318977
-0.0319344
-0.0319798
-0.0320337
-0.0320963
-0.0321676
-0.0322476
-0.0323364
-0.0324412
-0.0325576
-0.0326808
-0.0328278
-0.0329868
-0.0331558
-0.0333349
-0.0335264
-0.0337236
-0.0339408
-0.034176
-0.0344152
-0.0346704
-0.0349324
-0.0351942
-0.0354822
-0.0357635
-0.0360717
-0.036388
-0.0367177
-0.037054
-0.0374045
-0.0377625
-0.0381356
-0.0385195
-0.0389243
-0.0393625
-0.0397968
-0.0402515
-0.0407203
-0.0412229
-0.0417318
-0.042262
-0.0428216
-0.0434046
-0.0440121
-0.0446522
-0.045312
-0.0460002
-0.0467131
-0.0474714
-0.048246
-0.0490598
-0.0499124
-0.0508011
-0.0517329
-0.0527031
-0.0537166
-0.0547785
-0.0558918
-0.057062
-0.0582926
-0.0595897
-0.0609477
-0.0623756
-0.0638754
-0.065445
-0.0670966
-0.0688524
-0.0707015
-0.0726523
-0.0747136
-0.07688
-0.0791723
-0.0815994
-0.0841535
-0.0868522
-0.089691
-0.0926782
-0.0958102
-0.0990973
-0.102521
-0.106072
-0.109746
-0.113486
-0.117254
-0.120973
-0.124575
-0.127899
-0.13079
-0.133021
-0.134332
-0.134445
-0.133056
-0.129946
-0.125105
-0.118806
-0.111803
-0.105264
-0.100559
-0.0988692
-0.10074
-0.105899
-0.113386
-0.121838
-0.129875
-0.13639
-0.140832
-0.143393
-0.145028
-0.147258
-0.151585
-0.158808
-0.16861
-0.179727
-0.190526
-0.199557
-0.205937
-0.209347
-0.209962
-0.208307
-0.205101
-0.201141
-0.197117
-0.193464
-0.190404
-0.187924
-0.185905
-0.18404
-0.18194
-0.179258
-0.175941
-0.172425
-0.169723
-0.169096
-0.171554
-0.177424
-0.186191
-0.196789
-0.207928
-0.218418
-0.227336
-0.234096
-0.238462
-0.24053
-0.240713
-0.239596
-0.237905
-0.236314
-0.235439
-0.235677
-0.237192
-0.239894
-0.243529
-0.247694
-0.252002
-0.256085
-0.259689
-0.26267
-0.265024
-0.266835
-0.268258
-0.269452
-0.270532
-0.271558
-0.272543
-0.273497
-0.274461
-0.27551
-0.27668
-0.278018
-0.279521
-0.281132
-0.282772
-0.284366
-0.285865
-0.287276
-0.288604
-0.289928
-0.291313
-0.292846
-0.294586
-0.296562
-0.298788
-0.301222
-0.303796
-0.306429
-0.309007
-0.311417
-0.313511
-0.315186
-0.316322
-0.316818
-0.316581
-0.315575
-0.313772
-0.311162
-0.307747
-0.303497
-0.298381
-0.292377
-0.285579
-0.278322
-0.271269
-0.265411
-0.261877
-0.261473
-0.264379
-0.270074
-0.277504
-0.285326
-0.29219
-0.296937
-0.298624
-0.296783
-0.291656
-0.284514
-0.277583
-0.273404
-0.273577
-0.277974
-0.284909
-0.292113
-0.297555
-0.299794
-0.297943
-0.291775
-0.281714
-0.269002
-0.255549
-0.24355
-0.234949
-0.230944
-0.231803
-0.236981
-0.245449
-0.25602
-0.267554
-0.279038
-0.289658
-0.29889
-0.306387
-0.312089
-0.316051
-0.318522
-0.319791
-0.320204
-0.320059
-0.319658
-0.319245
-0.319004
-0.319041
-0.319395
-0.320044
-0.320942
-0.321992
-0.323118
-0.324217
-0.325205
-0.325967
-0.326343
-0.326167
-0.325214
-0.323204
-0.319806
-0.314696
-0.307689
-0.298879
-0.288937
-0.279223
-0.271515
-0.267367
-0.267349
-0.270746
-0.276124
-0.28209
-0.287783
-0.292889
-0.297404
-0.301432
-0.305016
-0.30812
-0.310628
-0.312378
-0.313254
-0.313174
-0.312088
-0.310047
-0.307132
-0.303545
-0.299529
-0.29541
-0.29155
-0.288319
-0.286007
-0.284828
-0.28489
-0.28614
-0.288441
-0.29156
-0.295234
-0.299221
-0.3033
-0.307264
-0.310971
-0.314327
-0.317254
-0.319709
-0.321682
-0.323165
-0.324155
-0.324628
-0.32457
-0.323898
-0.322571
-0.320513
-0.317677
-0.314028
-0.309595
-0.304462
-0.298813
-0.292903
-0.287042
-0.281621
-0.277068
-0.27388
-0.272591
-0.273629
-0.277031
-0.2824
-0.288941
-0.295677
-0.301747
-0.306497
-0.309578
-0.310807
-0.310231
-0.307927
-0.304052
-0.298857
-0.292679
-0.286042
-0.279617
-0.274357
-0.271225
-0.270955
-0.273729
-0.278978
-0.285638
-0.292556
-0.298864
-0.304044
-0.307978
-0.310795
-0.312709
-0.313996
-0.314916
-0.315643
-0.316285
-0.316892
-0.317398
-0.317712
-0.317713
-0.317207
-0.31609
-0.314241
-0.311625
-0.308385
-0.30484
-0.301482
-0.298911
-0.297655
-0.297927
-0.299529
-0.30193
-0.304379
-0.306196
-0.306879
-0.306163
-0.303984
-0.300486
-0.295972
-0.290913
-0.285863
-0.2814
-0.278053
-0.276165
-0.275817
-0.276835
-0.27882
-0.281266
-0.28366
-0.285581
-0.286747
-0.287017
-0.286396
-0.284959
-0.282897
-0.280443
-0.277911
-0.275577
-0.273749
-0.272685
-0.272563
-0.273452
-0.275299
-0.27795
-0.281184
-0.284746
-0.288433
-0.292047
-0.295464
-0.298635
-0.301546
-0.304198
-0.306617
-0.308832
-0.310877
-0.312761
-0.314504
-0.31606
-0.317397
-0.318423
-0.319062
-0.319145
-0.318527
-0.31702
-0.314435
-0.31061
-0.30545
-0.299011
-0.291511
-0.283458
-0.27562
-0.26898
-0.264392
-0.262248
-0.262256
-0.26339
-0.264251
-0.263613
-0.260797
-0.255884
-0.249658
-0.243355
-0.238232
-0.235235
-0.234782
-0.236842
-0.241034
-0.246854
-0.253786
-0.261423
-0.269525
-0.278029
-0.287041
-0.296598
-0.306625
-0.316805
-0.326664
-0.335733
-0.34366
-0.350281
-0.355583
-0.359662
-0.362674
-0.364805
-0.366163
-0.36687
-0.366988
-0.366543
-0.365549
-0.363991
-0.36187
-0.359206
-0.356027
-0.352415
-0.348461
-0.344255
-0.339813
-0.335114
-0.330114
-0.324867
-0.319578
-0.314633
-0.310532
-0.307639
-0.306106
-0.305749
-0.306197
-0.307062
-0.307976
-0.308602
-0.308581
-0.307462
-0.304879
-0.300675
-0.295013
-0.288477
-0.281866
-0.276064
-0.271836
-0.269761
-0.270237
-0.273484
-0.279416
-0.287605
-0.297307
-0.307613
-0.31761
-0.326536
-0.333802
-0.33899
-0.341762
-0.34184
-0.339033
-0.333261
-0.324747
-0.314186
-0.303012
-0.293261
-0.287152
-0.286175
-0.290414
-0.298503
-0.308409
-0.318216
-0.326541
-0.332632
-0.336163
-0.337176
-0.335932
-0.332837
-0.328471
-0.323476
-0.318521
-0.314189
-0.310921
-0.308893
-0.308097
-0.308337
-0.309349
-0.31076
-0.312096
-0.312745
-0.311964
-0.309015
-0.303332
-0.294964
-0.285167
-0.27659
-0.272562
-0.275248
-0.284113
-0.296253
-0.308365
-0.318176
-0.324804
-0.328321
-0.32927
-0.328394
-0.326472
-0.324185
-0.322025
-0.320188
-0.318504
-0.316626
-0.314215
-0.311114
-0.307613
-0.304451
-0.302613
-0.30301
-0.30595
-0.310984
-0.317066
-0.322941
-0.327554
-0.33017
-0.330443
-0.32835
-0.324141
-0.318389
-0.311974
-0.305944
-0.301389
-0.299083
-0.299283
-0.301633
-0.305231
-0.308996
-0.311914
-0.313341
-0.313107
-0.311506
-0.309117
-0.306628
-0.30455
-0.303171
-0.302568
-0.302776
-0.303845
-0.305782
-0.308523
-0.311817
-0.315289
-0.318533
-0.321256
-0.323226
-0.324387
-0.324759
-0.324397
-0.323383
-0.321751
-0.319583
-0.31692
-0.313873
-0.310561
-0.307196
-0.30401
-0.301272
-0.299181
-0.297877
-0.297413
-0.297738
-0.29873
-0.300228
-0.302041
-0.303956
-0.305821
-0.307462
-0.308776
-0.309644
-0.310035
-0.309959
-0.309425
-0.308471
-0.307109
-0.305355
-0.303245
-0.300756
-0.297912
-0.294736
-0.291315
-0.287843
-0.284612
-0.281966
-0.280226
-0.279556
-0.279841
-0.280771
-0.281914
-0.282877
-0.283428
-0.283508
-0.283201
-0.282651
-0.281992
-0.281296
-0.28057
-0.279768
-0.278791
-0.277572
-0.276037
-0.274192
-0.272154
-0.270028
-0.267884
-0.265696
-0.263345
-0.26083
-0.258491
-0.257089
-0.257499
-0.260132
-0.264549
-0.269518
-0.273594
-0.275776
-0.275795
-0.274141
-0.271905
-0.270346
-0.270452
-0.27261
-0.276529
-0.281492
-0.28669
-0.291476
-0.295401
-0.298229
-0.299808
-0.30008
-0.299058
-0.296809
-0.293447
-0.289105
-0.283676
-0.276661
-0.267165
-0.254383
-0.238852
-0.224005
-0.215973
-0.219678
-0.234212
-0.253483
-0.27112
-0.283807
-0.291074
-0.293969
-0.293939
-0.292415
-0.290567
-0.289264
-0.289026
-0.289982
-0.291945
-0.294609
-0.297614
-0.30069
-0.30365
-0.306406
-0.308916
-0.31119
-0.313244
-0.315135
-0.316899
-0.318595
-0.320275
-0.321958
-0.323684
-0.325445
-0.327248
-0.329048
-0.330815
-0.332506
-0.334108
-0.335587
-0.336943
-0.338174
-0.339305
-0.340332
-0.34127
-0.342077
-0.342687
-0.342995
-0.342865
-0.342134
-0.340647
-0.33824
-0.334827
-0.330389
-0.325013
-0.318863
-0.312218
-0.305431
-0.298911
-0.293042
-0.288144
-0.284383
-0.281859
-0.280626
-0.280882
-0.282874
-0.286782
-0.292487
-0.299458
-0.306869
-0.313784
-0.319314
-0.322782
-0.323722
-0.321874
-0.317207
-0.310061
-0.301201
-0.292006
-0.284267
-0.279739
-0.279397
-0.282963
-0.28907
-0.295957
-0.302216
-0.307056
-0.310311
-0.31221
-0.31318
-0.313708
-0.314159
-0.314784
-0.315668
-0.3168
-0.318029
-0.319178
-0.32005
-0.320418
-0.320122
-0.319007
-0.316975
-0.313966
-0.309924
-0.304812
-0.298548
-0.291019
-0.282308
-0.273032
-0.264815
-0.260101
-0.261017
-0.267898
-0.278823
-0.290759
-0.301167
-0.308684
-0.312983
-0.314362
-0.313316
-0.310406
-0.306155
-0.301048
-0.29556
-0.290169
-0.285338
-0.281551
-0.279236
-0.278683
-0.279941
-0.282736
-0.286589
-0.290895
-0.295091
-0.298774
-0.301716
-0.303848
-0.305167
-0.305739
-0.305649
-0.304977
-0.303781
-0.302174
-0.300217
-0.298002
-0.295624
-0.293209
-0.290882
-0.288766
-0.286988
-0.285633
-0.284752
-0.284377
-0.284464
-0.284976
-0.285793
-0.286816
-0.287942
-0.289056
-0.290105
-0.29103
-0.291826
-0.292505
-0.293069
-0.293569
-0.294035
-0.294475
-0.294903
-0.29532
-0.295733
-0.296104
-0.296385
-0.296494
-0.296331
-0.29577
-0.294658
-0.292811
-0.290024
-0.286165
-0.281195
-0.275326
-0.269061
-0.263277
-0.259063
-0.257307
-0.258361
-0.26185
-0.266864
-0.272304
-0.277284
-0.281265
-0.284012
-0.285482
-0.285734
-0.284884
-0.283043
-0.280327
-0.27688
-0.272817
-0.268319
-0.263609
-0.258913
-0.254517
-0.250745
-0.247933
-0.246407
-0.246393
-0.247955
-0.250929
-0.255016
-0.259763
-0.264736
-0.269611
-0.274185
-0.278352
-0.282134
-0.28556
-0.288683
-0.29154
-0.29416
-0.296538
-0.298679
-0.300535
-0.302121
-0.303423
-0.304438
-0.305195
-0.30567
-0.305899
-0.30585
-0.305549
-0.304933
-0.303956
-0.302545
-0.300574
-0.297978
-0.294701
-0.290839
-0.286659
-0.282639
-0.279477
-0.277831
-0.278165
-0.280528
-0.284557
-0.289613
-0.295014
-0.300203
-0.304837
-0.308745
-0.311876
-0.314259
-0.315922
-0.31697
-0.317455
-0.317406
-0.316879
-0.315875
-0.314465
-0.312722
-0.310849
-0.309112
-0.307935
-0.307765
-0.308947
-0.311467
-0.315025
-0.318981
-0.322575
-0.325019
-0.32564
-0.323866
-0.319302
-0.311765
-0.301533
-0.289569
-0.277489
-0.267114
-0.259684
-0.255571
-0.254733
-0.257303
-0.263327
-0.272105
-0.282025
-0.291293
-0.298765
-0.30421
-0.308082
-0.311075
-0.313708
-0.316176
-0.318325
-0.319753
-0.319962
-0.318515
-0.315097
-0.309547
-0.301892
-0.292396
