-7.39597
-7.39506
-7.38939
-7.38158
-7.37233
-7.3662
-7.35935
-7.35341
-7.34936
-7.34554
-7.34384
-7.34385
-7.34224
-7.34249
-7.34128
-7.34084
-7.34309
-7.34219
-7.34271
-7.34145
-7.34168
-7.34217
-7.34167
-7.34182
-7.34204
-7.34298
-7.34272
-7.34161
-7.34224
-7.34362
-7.34574
-7.34697
-7.34987
-7.34955
-7.3489
-7.35016
-7.35007
-7.35055
-7.35062
-7.35319
-7.35309
-7.35161
-7.35008
-7.34947
-7.3482
-7.3479
-7.35087
-7.34966
-7.34949
-7.35036
-7.35131
-7.34975
-7.34794
-7.34748
-7.34707
-7.34636
-7.34662
-7.34688
-7.34743
-7.3486
-7.34811
-7.34821
-7.34957
-7.35119
-7.35213
-7.35431
-7.35548
-7.3592
-7.3574
-7.35848
-7.36053
-7.36097
-7.36044
-7.3593
-7.35949
-7.35875
-7.35838
-7.35677
-7.35488
-7.35367
-7.35216
-7.35067
-7.3495
-7.34865
-7.3468
-7.34719
-7.34723
-7.34562
-7.34497
-7.34624
-7.34524
-7.34488
-7.3442
-7.34256
-7.34383
-7.34317
-7.34349
-7.34284
-7.34286
-7.34353
-7.34325
-7.34395
-7.34433
-7.34473
-7.34579
-7.3462
-7.34532
-7.34509
-7.34454
-7.34591
-7.3463
-7.34796
-7.34862
-7.34989
-7.35307
-7.35654
-7.35837
-7.35889
-7.35875
-7.35701
-7.35689
-7.35775
-7.35862
-7.35756
-7.35684
-7.35579
-7.35346
-7.35372
-7.35043
-7.35072
-7.35037
-7.35037
-7.34975
-7.34917
-7.34894
-7.34971
-7.3489
-7.34974
-7.35026
-7.35013
-7.34999
-7.3495
-7.34995
-7.35165
-7.35168
-7.35166
-7.3503
-7.34921
-7.34906
-7.34855
-7.34738
-7.34749
-7.34697
-7.34614
-7.34728
-7.34587
-7.34387
-7.34418
-7.34389
-7.343
-7.34182
-7.34197
-7.34116
-7.34262
-7.34439
-7.34485
-7.34464
-7.346
-7.34668
-7.34764
-7.34987
-7.35012
-7.351
-7.35058
-7.34983
-7.3507
-7.34867
-7.34892
-7.34823
-7.34723
-7.3466
-7.34631
-7.34444
-7.34551
-7.34498
-7.34477
-7.3436
-7.34532
-7.34476
-7.34774
-7.35134
-7.35071
-7.35166
-7.35129
-7.35251
-7.35273
-7.35357
-7.35439
-7.35261
-7.35309
-7.35358
-7.35248
-7.35336
-7.35106
-7.34978
-7.35083
-7.34967
-7.35081
-7.35069
-7.35155
-7.35305
-7.3526
-7.35081
-7.34898
-7.35066
-7.35292
-7.35318
-7.35371
-7.35193
-7.35237
-7.3544
-7.35414
-7.35486
-7.35301
-7.34956
-7.34971
-7.34733
-7.34792
-7.34825
-7.34607
-7.34491
-7.34511
-7.34503
-7.344
-7.34234
-7.34326
-7.34222
-7.34308
-7.34293
-7.3463
-7.34671
-7.34707
-7.34835
-7.34926
-7.35142
-7.35224
-7.35335
-7.3554
-7.35517
-7.35235
-7.35114
-7.35126
-7.35013
-7.35131
-7.34964
-7.3503
-7.34972
-7.34919
-7.34643
-7.3466
-7.34936
-7.34791
-7.34742
-7.34625
-7.34862
-7.34805
-7.34712
-7.34974
-7.35136
-7.35262
-7.35225
-7.35413
-7.35469
-7.35459
-7.35544
-7.35565
-7.35456
-7.35315
-7.3511
-7.34842
-7.34705
-7.34505
-7.3434
-7.34502
-7.34212
-7.34346
-7.34514
-7.34587
-7.34499
-7.34542
-7.34584
-7.34497
-7.34472
-7.34188
-7.34419
-7.34388
-7.34324
-7.34419
-7.34415
-7.34572
-7.34793
-7.34787
-7.34751
-7.34877
-7.34843
-7.34682
-7.34685
-7.34786
-7.35084
-7.35221
-7.35262
-7.35304
-7.35411
-7.35452
-7.3546
-7.35499
-7.35405
-7.35309
-7.35598
-7.35883
-7.35937
-7.35632
-7.35615
-7.35532
-7.35351
-7.35267
-7.35056
-7.34815
-7.34837
-7.34831
-7.3483
-7.34737
-7.34648
-7.34595
-7.34675
-7.3482
-7.349
-7.34915
-7.34895
-7.3497
-7.34815
-7.34852
-7.34886
-7.34853
-7.34656
-7.34717
-7.34906
-7.35062
-7.34959
-7.34695
-7.34594
-7.34623
-7.34557
-7.34653
-7.34751
-7.34785
-7.34787
-7.34983
-7.34856
-7.34825
-7.34858
-7.34957
-7.35121
-7.35188
-7.35061
-7.3513
-7.35036
-7.35041
-7.35238
-7.35337
-7.35207
-7.3501
-7.34841
-7.3483
-7.34816
-7.34606
-7.34591
-7.34642
-7.34761
-7.34787
-7.34787
-7.34792
-7.34641
-7.34624
-7.34578
-7.34565
-7.34649
-7.34634
-7.34843
-7.34917
-7.34759
-7.34822
-7.34946
-7.34969
-7.35346
-7.35365
-7.35482
-7.3547
-7.35655
-7.35583
-7.35545
-7.35445
-7.35443
-7.3541
-7.35215
-7.35247
-7.35375
-7.35275
-7.35272
-7.35333
-7.34941
-7.34873
-7.34611
-7.34545
-7.34417
-7.34356
-7.34297
-7.34338
-7.34315
-7.3439
-7.34401
-7.3454
-7.34452
-7.34459
-7.3453
-7.34696
-7.34698
-7.34602
-7.34538
-7.34603
-7.34668
-7.34507
-7.34637
-7.34832
-7.34961
-7.35027
-7.35092
-7.35221
-7.35446
-7.35281
-7.35341
-7.35367
-7.35553
-7.35542
-7.35432
-7.35483
-7.35436
-7.35519
-7.35344
-7.35235
-7.35129
-7.35059
-7.34831
-7.34932
-7.34875
-7.34952
-7.34936
-7.35051
-7.35104
-7.35059
-7.35077
-7.35092
-7.35038
-7.35141
-7.35013
-7.34977
-7.34808
-7.34863
-7.35013
-7.34807
-7.34957
-7.34719
-7.35032
-7.35087
-7.35079
-7.35009
-7.34973
-7.35103
-7.34943
-7.35111
-7.35118
-7.35095
-7.35041
-7.35084
-7.35029
-7.34907
-7.35141
-7.34919
-7.35052
-7.35085
-7.35182
-7.35082
-7.35014
-7.35009
-7.35133
-7.35126
-7.35314
-7.35178
-7.35107
-7.35004
-7.34967
-7.35126
-7.35253
-7.35415
-7.35319
-7.35321
-7.35357
-7.35231
-7.35365
-7.35368
-7.35533
-7.35696
-7.35697
-7.35631
-7.3563
-7.35499
-7.35272
-7.35142
-7.34916
-7.35079
-7.34887
-7.34696
-7.34731
-7.34701
-7.34669
-7.34539
-7.34666
-7.34694
-7.34817
-7.34777
-7.34768
-7.34955
-7.34754
-7.34717
-7.34585
-7.34651
-7.34688
-7.34761
-7.34642
-7.34589
-7.34503
-7.34451
-7.34364
-7.34436
-7.34474
-7.34573
-7.34862
-7.35084
-7.35173
-7.35293
-7.35478
-7.35435
-7.35459
-7.35419
-7.3535
-7.35315
-7.35217
-7.3522
-7.35029
-7.34938
-7.34977
-7.35081
-7.35121
-7.35128
-7.35005
-7.3488
-7.35045
-7.35045
-7.35076
-7.35072
-7.35229
-7.35287
-7.35376
-7.35369
-7.35459
-7.35486
-7.35352
-7.35156
-7.35221
-7.35125
-7.3529
-7.35456
-7.35428
-7.35336
-7.35275
-7.35279
-7.35249
-7.35186
-7.3509
-7.34993
-7.34992
-7.34892
-7.34888
-7.3485
-7.34908
-7.34966
-7.34894
-7.34889
-7.34821
-7.34755
-7.34595
-7.34566
-7.34539
-7.34513
-7.34487
-7.34395
-7.34561
-7.34369
-7.3437
-7.34564
-7.34465
-7.34431
-7.34462
-7.34624
-7.34756
-7.3489
-7.34993
-7.3513
-7.35203
-7.35178
-7.35151
-7.35253
-7.35255
-7.35287
-7.35318
-7.35152
-7.35244
-7.35497
-7.35456
-7.35286
-7.35114
-7.3504
-7.34836
-7.34794
-7.34689
-7.34714
-7.34839
-7.34706
-7.34641
-7.34674
-7.34839
-7.34942
-7.35143
-7.35347
-7.35357
-7.35401
-7.35284
-7.3549
-7.35211
-7.35157
-7.35263
-7.35399
-7.35403
-7.35501
-7.35661
-7.35365
-7.35421
-7.35604
-7.35623
-7.35641
-7.35366
-7.35285
-7.35107
-7.34964
-7.34887
-7.34911
-7.35069
-7.35068
-7.34974
-7.34948
-7.34764
-7.34678
-7.34497
-7.34511
-7.34361
-7.34276
-7.34382
-7.34357
-7.34426
-7.3446
-7.34362
-7.34456
-7.34582
-7.34546
-7.34639
-7.34798
-7.34861
-7.34893
-7.34795
-7.34828
-7.35088
-7.35122
-7.35253
-7.35288
-7.35291
-7.35263
-7.35266
-7.35171
-7.3501
-7.35302
-7.35301
-7.35396
-7.35393
-7.35551
-7.35515
-7.35673
-7.35669
-7.35666
-7.35567
-7.35499
-7.35432
-7.35429
-7.35491
-7.35325
-7.3532
-7.35282
-7.35276
-7.35238
-7.35232
-7.35196
-7.35323
-7.35194
-7.35036
-7.35074
-7.35083
-7.34965
-7.34944
-7.35086
-7.35064
-7.3504
-7.3511
-7.34854
-7.34821
-7.3485
-7.34683
-7.3474
-7.34894
-7.34854
-7.35009
-7.34972
-7.35066
-7.35067
-7.35104
-7.35208
-7.35217
-7.35226
-7.35201
-7.35206
-7.35369
-7.353
-7.35131
-7.34926
-7.34882
-7.34967
-7.34859
-7.34948
-7.34879
-7.35009
-7.3524
-7.35313
-7.35292
-7.35338
-7.35319
-7.35365
-7.35312
-7.35353
-7.35489
-7.35523
-7.3536
-7.3529
-7.35153
-7.35143
-7.35164
-7.35216
-7.35269
-7.35388
-7.35249
-7.34951
-7.34882
-7.34944
-7.34944
-7.34783
-7.34721
-7.34692
-7.346
-7.34377
-7.34641
-7.34612
-7.34713
-7.34813
-7.34947
-7.35015
-7.35052
-7.35057
-7.35191
-7.35293
-7.35459
-7.35138
-7.353
-7.35362
-7.35455
-7.35448
-7.35343
-7.35238
-7.35262
-7.35255
-7.35121
-7.35249
-7.3512
-7.34962
-7.35195
-7.35299
-7.35275
-7.35478
-7.35323
-7.35264
-7.35203
-7.35109
-7.35271
-7.35172
-7.35104
-7.35002
-7.34736
-7.34663
-7.34687
-7.34679
-7.34738
-7.34733
-7.34926
-7.35089
-7.35124
-7.3513
-7.35268
-7.35245
-7.35286
-7.35295
-7.3527
-7.35276
-7.3544
-7.35278
-7.3521
-7.3527
-7.35296
-7.35289
-7.35282
-7.35405
-7.35724
-7.35818
-7.35785
-7.35785
-7.35917
-7.35953
-7.35892
-7.35702
-7.35673
-7.35576
-7.35671
-7.3544
-7.35368
-7.35164
-7.35154
-7.35079
-7.34907
-7.34836
-7.34767
-7.34701
-7.34704
-7.34807
-7.34719
-7.34729
-7.34515
-7.343
-7.34344
-7.34387
-7.34395
-7.34434
-7.34472
-7.34734
-7.34833
-7.34703
-7.34799
-7.34894
-7.34922
-7.35046
-7.35332
-7.35228
-7.35221
-7.35343
-7.35368
-7.35362
-7.35162
-7.35125
-7.35252
-7.35089
-7.35153
-7.35057
-7.34896
-7.35061
-7.34935
-7.34906
-7.34877
-7.34785
-7.34822
-7.34632
-7.34831
-7.34867
-7.34772
-7.34806
-7.34838
-7.34805
-7.34804
-7.34737
-7.34735
-7.34831
-7.34862
-7.34797
-7.34701
-7.34605
-7.34866
-7.34868
-7.34902
-7.34968
-7.35131
-7.35358
-7.35388
-7.35385
-7.35608
-7.35472
-7.35498
-7.3549
-7.35257
-7.35023
-7.34855
-7.35012
-7.34783
-7.34749
-7.34815
-7.34721
-7.3479
-7.34666
-7.34672
-7.34808
-7.34815
-7.34822
-7.34958
-7.34835
-7.34938
-7.3504
-7.35174
-7.35177
-7.34952
-7.34985
-7.35179
-7.35047
-7.35142
-7.35203
-7.35361
-7.35162
-7.3519
-7.35186
-7.35344
-7.35275
-7.35466
-7.35366
-7.35202
-7.35329
-7.35166
-7.34906
-7.34873
-7.34806
-7.34966
-7.35029
-7.35058
-7.34925
-7.34858
-7.34695
-7.3476
-7.34763
-7.34897
-7.35003
-7.35078
-7.35154
-7.35035
-7.34884
-7.34763
-7.34963
-7.3516
-7.3516
-7.35091
-7.34954
-7.35009
-7.34803
-7.34595
-7.34453
-7.34571
-7.34723
-7.34684
-7.34617
-7.3465
-7.34687
-5.58794
-5.58778
-5.5876
-5.58741
-5.58721
-5.58667
-5.58551
-5.58388
-5.58222
-5.58024
-5.57885
-5.57595
-5.57398
-5.5728
-5.572
-5.57054
-5.56921
-5.56771
-5.56696
-5.56679
-5.56703
-5.56748
-5.56705
-5.56767
-5.56823
-5.56841
-5.56911
-5.56942
-5.56887
-5.56944
-5.56978
-5.57005
-5.56997
-5.57061
-5.57
-5.56999
-5.56996
-5.56977
-5.56958
-5.57001
-5.57014
-5.56998
-5.57029
-5.57061
-5.57006
-5.57027
-5.57097
-5.57109
-5.57124
-5.5705
-5.57039
-5.5709
-5.57083
-5.57046
-5.57085
-5.57048
-5.57071
-5.57078
-5.57114
-5.57163
-5.57151
-5.57122
-5.57062
-5.56955
-5.57044
-5.56996
-5.57039
-5.57081
-5.57049
-5.57077
-5.5709
-5.57074
-5.57073
-5.57088
-5.57089
-5.57
-5.57017
-5.57005
-5.57008
-5.57026
-5.57075
-5.57062
-5.57019
-5.57035
-5.57066
-5.57035
-5.57064
-5.57062
-5.57028
-5.57085
-5.57006
-5.57002
-5.57044
-5.57011
-5.56978
-5.57037
-5.57036
-5.5702
-5.5705
-5.57096
-5.57083
-5.57041
-5.57074
-5.57079
-5.57129
-5.57103
-5.57168
-5.57185
-5.57217
-5.57141
-5.57199
-5.57242
-5.57283
-5.57339
-5.57335
-5.57331
-5.57283
-5.57249
-5.57246
-5.57228
-5.57286
-5.57283
-5.57266
-5.57293
-5.57352
-5.5735
-5.57259
-5.57214
-5.57291
-5.57324
-5.57359
-5.57424
-5.5743
-5.57421
-5.57443
-5.57434
-5.57439
-5.57474
-5.57491
-5.57462
-5.57462
-5.57475
-5.57442
-5.57468
-5.57403
-5.57397
-5.57361
-5.5734
-5.5732
-5.57286
-5.57344
-5.57389
-5.57435
-5.57497
-5.57454
-5.57428
-5.57463
-5.57498
-5.57457
-5.57491
-5.57525
-5.57498
-5.5756
-5.57606
-5.57545
-5.57573
-5.57524
-5.57536
-5.57501
-5.57542
-5.57538
-5.5758
-5.57654
-5.57655
-5.57643
-5.57603
-5.57595
-5.57664
-5.57703
-5.57696
-5.57719
-5.57664
-5.57698
-5.57669
-5.57578
-5.57561
-5.57573
-5.57628
-5.57668
-5.57615
-5.57577
-5.57522
-5.57437
-5.57472
-5.57417
-5.57378
-5.57415
-5.57454
-5.57465
-5.57524
-5.5751
-5.575
-5.5749
-5.57483
-5.57505
-5.57482
-5.57533
-5.57553
-5.57617
-5.57635
-5.57667
-5.57774
-5.5776
-5.57731
-5.57717
-5.57719
-5.57751
-5.57709
-5.57682
-5.57745
-5.57733
-5.5772
-5.57705
-5.57659
-5.57657
-5.57577
-5.57525
-5.57533
-5.57569
-5.57515
-5.5743
-5.57315
-5.57292
-5.5727
-5.57205
-5.57217
-5.57232
-5.5719
-5.57195
-5.57188
-5.57182
-5.57193
-5.57204
-5.57245
-5.57207
-5.57257
-5.57303
-5.57346
-5.57356
-5.57289
-5.57282
-5.57304
-5.57328
-5.57337
-5.57318
-5.57331
-5.57346
-5.57407
-5.57393
-5.57425
-5.57441
-5.57442
-5.57352
-5.57322
-5.57307
-5.57369
-5.57326
-5.57285
-5.57336
-5.57251
-5.57288
-5.57324
-5.57314
-5.57303
-5.5738
-5.57397
-5.57336
-5.57349
-5.57362
-5.57375
-5.57371
-5.57307
-5.57334
-5.57285
-5.57342
-5.57354
-5.57291
-5.57243
-5.57316
-5.57254
-5.57238
-5.57237
-5.57207
-5.57253
-5.57254
-5.5724
-5.57213
-5.57201
-5.57144
-5.57178
-5.57182
-5.57248
-5.57223
-5.57273
-5.57353
-5.57372
-5.57405
-5.57376
-5.57316
-5.5733
-5.57343
-5.574
-5.57412
-5.57273
-5.57345
-5.57282
-5.5731
-5.57263
-5.57263
-5.57353
-5.57369
-5.5734
-5.57235
-5.57251
-5.57251
-5.57251
-5.57206
-5.57296
-5.5728
-5.5725
-5.57295
-5.57341
-5.57357
-5.57358
-5.5736
-5.57438
-5.5753
-5.57562
-5.57503
-5.57579
-5.57549
-5.57549
-5.57578
-5.57577
-5.57605
-5.57619
-5.57618
-5.57557
-5.57632
-5.57556
-5.57571
-5.5757
-5.57494
-5.57508
-5.57431
-5.57398
-5.57425
-5.57421
-5.57387
-5.57382
-5.57452
-5.57447
-5.57397
-5.57362
-5.57342
-5.57353
-5.57395
-5.57333
-5.57347
-5.57318
-5.57382
-5.57357
-5.57365
-5.5733
-5.57282
-5.57235
-5.57174
-5.57157
-5.57123
-5.57117
-5.57109
-5.57097
-5.57127
-5.5717
-5.57164
-5.57157
-5.57148
-5.57033
-5.56993
-5.5703
-5.56915
-5.56938
-5.56992
-5.56926
-5.56922
-5.56905
-5.56905
-5.56891
-5.56893
-5.5688
-5.56913
-5.56856
-5.56903
-5.5698
-5.5695
-5.56918
-5.56945
-5.56956
-5.56981
-5.57021
-5.57031
-5.56982
-5.56919
-5.5695
-5.56983
-5.57034
-5.57056
-5.57094
-5.57116
-5.57154
-5.57159
-5.57133
-5.57225
-5.57225
-5.57208
-5.5725
-5.57232
-5.57273
-5.57208
-5.57205
-5.57202
-5.57155
-5.57108
-5.57109
-5.57035
-5.57037
-5.571
-5.57088
-5.57091
-5.57094
-5.57126
-5.57158
-5.5713
-5.57115
-5.57116
-5.57116
-5.57101
-5.571
-5.57128
-5.57185
-5.57134
-5.57143
-5.57181
-5.57203
-5.57135
-5.57187
-5.57195
-5.5719
-5.57217
-5.57216
-5.57187
-5.57192
-5.57258
-5.57311
-5.5729
-5.57358
-5.57291
-5.57298
-5.57289
-5.57324
-5.57252
-5.5724
-5.57258
-5.572
-5.57126
-5.57082
-5.57143
-5.57143
-5.57174
-5.57112
-5.5708
-5.57108
-5.57195
-5.57176
-5.57126
-5.57182
-5.57116
-5.5708
-5.57105
-5.5701
-5.57006
-5.57017
-5.57075
-5.57103
-5.57087
-5.57073
-5.57091
-5.57125
-5.57132
-5.57124
-5.57073
-5.57235
-5.57185
-5.57301
-5.57266
-5.57184
-5.57207
-5.57229
-5.57218
-5.57175
-5.57236
-5.57188
-5.57168
-5.57175
-5.57166
-5.5711
-5.57053
-5.57116
-5.5715
-5.57201
-5.57237
-5.5723
-5.57178
-5.57233
-5.57274
-5.5727
-5.57221
-5.57232
-5.57244
-5.57273
-5.57213
-5.57139
-5.57189
-5.5724
-5.57263
-5.57256
-5.57281
-5.57275
-5.5733
-5.57354
-5.57362
-5.57446
-5.57407
-5.57458
-5.57462
-5.57479
-5.57479
-5.57492
-5.57549
-5.57484
-5.57479
-5.57474
-5.575
-5.57512
-5.5742
-5.5739
-5.57422
-5.57349
-5.57262
-5.57279
-5.57236
-5.57236
-5.57189
-5.57275
-5.5733
-5.57353
-5.57316
-5.57218
-5.57151
-5.57071
-5.57082
-5.57064
-5.57062
-5.57076
-5.5709
-5.57046
-5.57078
-5.57112
-5.57132
-5.57108
-5.571
-5.57151
-5.57187
-5.57237
-5.57194
-5.57195
-5.57209
-5.57237
-5.5728
-5.57291
-5.57272
-5.57252
-5.57323
-5.57365
-5.57346
-5.57283
-5.57266
-5.57327
-5.5736
-5.57289
-5.57265
-5.57243
-5.57267
-5.57306
-5.57329
-5.5738
-5.57384
-5.5743
-5.57399
-5.5735
-5.57254
-5.57247
-5.5721
-5.57158
-5.57167
-5.57101
-5.57111
-5.57137
-5.57178
-5.57189
-5.57229
-5.57239
-5.57249
-5.57258
-5.57252
-5.57231
-5.57197
-5.57301
-5.57332
-5.57275
-5.57281
-5.57275
-5.57331
-5.57357
-5.5743
-5.57366
-5.57345
-5.57338
-5.57328
-5.57391
-5.57348
-5.57318
-5.57349
-5.57243
-5.57259
-5.57259
-5.57259
-5.57287
-5.57254
-5.57235
-5.57259
-5.57282
-5.57304
-5.5728
-5.57241
-5.57234
-5.57213
-5.57255
-5.57285
-5.57271
-5.57259
-5.57248
-5.57267
-5.57286
-5.5726
-5.57204
-5.57208
-5.57228
-5.57248
-5.57223
-5.57259
-5.57279
-5.57329
-5.57289
-5.57247
-5.57205
-5.57208
-5.57269
-5.57254
-5.57206
-5.57203
-5.57228
-5.57207
-5.5714
-5.57133
-5.5711
-5.57118
-5.57157
-5.57167
-5.57238
-5.57311
-5.57279
-5.57219
-5.57158
-5.57204
-5.57098
-5.57067
-5.57081
-5.5705
-5.57049
-5.57079
-5.57155
-5.57157
-5.57114
-5.57088
-5.57092
-5.57081
-5.57024
-5.57042
-5.57058
-5.57013
-5.57042
-5.57009
-5.57051
-5.57122
-5.57088
-5.57023
-5.57035
-5.57002
-5.5703
-5.57044
-5.57059
-5.5709
-5.57093
-5.57036
-5.5704
-5.57061
-5.57067
-5.57089
-5.57035
-5.57041
-5.57061
-5.57079
-5.57067
-5.57129
-5.57115
-5.5707
-5.57071
-5.57042
-5.56998
-5.56999
-5.5706
-5.5712
-5.57179
-5.57253
-5.57235
-5.57276
-5.5727
-5.5728
-5.57274
-5.57298
-5.57338
-5.57318
-5.57314
-5.57327
-5.5734
-5.57354
-5.57384
-5.574
-5.57402
-5.5739
-5.57363
-5.57262
-5.57267
-5.57257
-5.57293
-5.57357
-5.57299
-5.5724
-5.57255
-5.57313
-5.57341
-5.57367
-5.57424
-5.5739
-5.57402
-5.57475
-5.57384
-5.57369
-5.57326
-5.57314
-5.57319
-5.574
-5.57406
-5.57397
-5.57419
-5.57363
-5.57353
-5.57371
-5.57418
-5.57463
-5.57462
-5.57474
-5.5747
-5.5751
-5.57535
-5.57454
-5.57432
-5.57396
-5.5739
-5.57414
-5.57423
-5.57328
-5.57309
-5.57275
-5.57227
-5.57271
-5.57286
-5.57255
-5.57301
-5.5718
-5.57165
-5.57242
-5.57273
-5.57213
-5.57199
-5.5717
-5.57232
-5.57234
-5.57235
-5.57206
-5.57223
-5.57209
-5.57195
-5.57198
-5.57201
-5.57176
-5.57153
-5.57145
-5.57139
-5.57178
-5.57216
-5.57177
-5.57197
-5.57214
-5.572
-5.5723
-5.57334
-5.57391
-5.57387
-5.57368
-5.57363
-5.57418
-5.57427
-5.57435
-5.57443
-5.57466
-5.57413
-5.57436
-5.57428
-5.57361
-5.57324
-5.57363
-5.57419
-5.57476
-5.57413
-5.57382
-5.57383
-5.57355
-5.57358
-5.57361
-5.5732
-5.57355
-5.57314
-5.57318
-5.57277
-5.57265
-5.57254
-5.57272
-5.57245
-5.57308
-5.57371
-5.57418
-5.5742
-5.57391
-5.57316
-5.57256
-5.57256
-5.57256
-5.5718
-5.57104
-5.57059
-5.57106
-5.57093
-5.57127
-5.57146
-5.5712
-5.57124
-5.57189
-5.57177
-5.57149
-5.5715
-5.5718
-5.57194
-5.57314
-5.57312
-5.5734
-5.57294
-5.57292
-5.57231
-5.57246
-5.57215
-5.57231
-5.57216
-5.57247
-5.57202
-5.57142
-5.57173
-5.57203
-5.57172
-5.57232
-5.572
-5.57169
-5.57257
-5.5721
-5.57147
-5.5722
-5.57188
-5.57124
-5.57121
-5.57088
-5.57115
-5.57081
-5.57078
-5.5712
-5.57162
-5.57128
-5.57109
-5.57106
-5.57118
-5.57146
-5.5725
-5.5734
-5.57385
-5.57326
-5.57312
-5.57314
-5.57242
-5.5729
-5.57354
-5.57357
-5.57406
-5.57379
-5.57307
-5.5728
-5.57269
-5.57197
-5.57307
-5.57265
-5.57268
-5.57286
-5.57289
-5.57245
-5.5723
-5.5726
-5.57229
-5.57167
-5.57151
-5.57029
-5.56982
-5.56981
-5.5704
-5.57083
-5.57036
-5.56974
-5.56987
-5.56938
-5.56935
-5.56902
-5.5693
-5.57019
-5.56973
-5.56867
-5.56958
-5.5699
-5.57083
-5.57085
-5.57041
-5.57027
-5.57073
-5.57119
-5.57089
-5.57119
-5.5709
-5.57092
-5.5711
-5.57114
-5.57042
-5.57077
-5.57096
-5.57161
-5.57134
-5.57152
-5.57185
-5.57201
-5.57216
-5.5717
-5.57123
-5.5715
-5.57177
2.43217
2.43217
2.43217
2.43217
2.43217
2.43217
2.43217
2.43217
2.43217
2.43217
2.43217
2.43216
2.43215
2.43214
2.43212
2.43209
2.43207
2.43204
2.43202
2.43199
2.43196
2.43192
2.43189
2.43185
2.43182
2.4318
2.43177
2.43175
2.43172
2.4317
2.43167
2.43165
2.43164
2.43163
2.43161
2.43161
2.4316
2.43157
2.43156
2.43155
2.43155
2.43153
2.43153
2.43152
2.43151
2.4315
2.43149
2.43147
2.43145
2.43144
2.43143
2.43141
2.43141
2.4314
2.43138
2.43137
2.43136
2.43135
2.43134
2.43133
2.43133
2.43132
2.4313
2.43129
2.43127
2.43126
2.43124
2.43124
2.43124
2.43122
2.43121
2.43119
2.43118
2.43117
2.43115
2.43113
2.43111
2.43109
2.43107
2.43106
2.43104
2.43102
2.43101
2.431
2.43098
2.43097
2.43097
2.43098
2.43099
2.43102
2.43106
2.43114
2.43125
2.43138
2.43154
2.43172
2.43188
2.432
2.43202
2.43191
2.43167
2.43133
2.43097
2.43067
2.43049
2.43046
2.43056
2.43075
2.43097
2.43112
2.43115
2.43102
2.43076
2.43047
2.43025
2.43019
2.43029
2.43053
2.43083
2.43113
2.43139
2.43158
2.43171
2.43175
2.43171
2.43165
2.43159
2.43154
2.4315
2.43149
2.43153
2.4316
2.43165
2.43164
2.43151
2.43125
2.43091
2.43057
2.43032
2.4302
2.43021
2.43032
2.43051
2.43073
2.43096
2.43118
2.43134
2.43144
2.43145
2.43141
2.43132
2.4312
2.43107
2.43096
2.43088
2.43085
2.43085
2.43088
2.43093
2.43099
2.43105
2.43109
2.43113
2.43114
2.43115
2.43115
2.43115
2.43115
2.43116
2.43114
2.43113
2.43112
2.4311
2.43109
2.43109
2.4311
2.43111
2.43111
2.43112
2.43112
2.43111
2.43109
2.43106
2.43104
2.43101
2.43099
2.43098
2.43098
2.431
2.43101
2.43106
2.4311
2.43116
2.43121
2.43129
2.43137
2.43145
2.43153
2.43161
2.43169
2.43178
2.43187
2.43194
2.43196
2.4319
2.43174
2.43147
2.43113
2.43081
2.43058
2.43045
2.43047
2.43063
2.43089
2.43123
2.43158
2.43187
2.43198
2.43184
2.43146
2.431
2.43064
2.43049
2.43056
2.43082
2.43117
2.4316
2.43201
2.43236
2.43256
2.43253
2.43229
2.43188
2.43139
2.43091
2.43052
2.43025
2.4301
2.43004
2.43009
2.43022
2.43037
2.43055
2.43071
2.43088
2.43101
2.43112
2.43118
2.43122
2.43123
2.43122
2.4312
2.43117
2.43113
2.43111
2.43109
2.43108
2.43108
2.4311
2.43111
2.43112
2.43116
2.43122
2.43131
2.43142
2.43158
2.43176
2.43195
2.43211
2.43219
2.43209
2.43181
2.43142
2.43101
2.43073
2.4306
2.43059
2.43064
2.4307
2.43076
2.43081
2.43086
2.43091
2.43097
2.43106
2.43117
2.43126
2.43137
2.43146
2.43154
2.43159
2.43163
2.43163
2.43159
2.4315
2.43139
2.43128
2.43115
2.43104
2.43094
2.43088
2.43084
2.43083
2.43083
2.43085
2.43088
2.43092
2.43096
2.43101
2.43106
2.43111
2.43116
2.43121
2.43125
2.43131
2.43138
2.43146
2.43154
2.43162
2.4317
2.43176
2.43179
2.4318
2.43179
2.43172
2.43161
2.43145
2.43124
2.43099
2.43075
2.43058
2.4305
2.43053
2.43062
2.43077
2.43093
2.43113
2.4313
2.43146
2.43162
2.43174
2.43183
2.43184
2.43178
2.43162
2.43136
2.43107
2.43077
2.43056
2.43047
2.4305
2.43059
2.43071
2.43084
2.43093
2.431
2.43106
2.4311
2.43112
2.43113
2.43113
2.43114
2.43116
2.43119
2.43126
2.43132
2.43139
2.43146
2.43151
2.43152
2.43147
2.43137
2.43122
2.43107
2.43096
2.4309
2.43093
2.43103
2.43116
2.4313
2.43143
2.43154
2.43163
2.43167
2.43164
2.43156
2.43144
2.43128
2.43114
2.43103
2.43095
2.43093
2.43095
2.431
2.43108
2.43118
2.43125
2.43133
2.43138
2.43142
2.4314
2.43137
2.43131
2.43123
2.43113
2.43103
2.43094
2.43087
2.43082
2.4308
2.43079
2.4308
2.43083
2.43085
2.43087
2.43089
2.43091
2.43094
2.43096
2.43098
2.431
2.43102
2.43105
2.43109
2.43112
2.43118
2.43125
2.43135
2.43146
2.43159
2.43174
2.43185
2.43194
2.43197
2.43192
2.43175
2.43151
2.43128
2.43112
2.43106
2.43115
2.43134
2.43157
2.43175
2.43184
2.43178
2.43161
2.43138
2.43114
2.43091
2.43071
2.43057
2.43048
2.43043
2.43038
2.43035
2.43028
2.43023
2.4302
2.4302
2.43026
2.43035
2.43048
2.43061
2.43073
2.43085
2.43096
2.43103
2.4311
2.43116
2.43122
2.43128
2.43134
2.4314
2.43145
2.4315
2.43154
2.43158
2.43161
2.43163
2.43166
2.43169
2.43172
2.43174
2.43172
2.43166
2.43154
2.43141
2.43128
2.43117
2.43112
2.4311
2.43111
2.43116
2.43124
2.43138
2.43153
2.43169
2.43182
2.43188
2.43185
2.43173
2.43154
2.43129
2.43102
2.43073
2.43047
2.43028
2.43018
2.43016
2.43021
2.43034
2.43053
2.43076
2.43101
2.43129
2.43158
2.43188
2.43213
2.43229
2.43226
2.43202
2.43157
2.43103
2.43054
2.43024
2.43015
2.43023
2.43043
2.43066
2.43091
2.43116
2.43137
2.43154
2.43163
2.43166
2.43161
2.43153
2.43141
2.43128
2.43117
2.43108
2.43102
2.43099
2.43101
2.43111
2.43129
2.43154
2.43183
2.43207
2.43211
2.43184
2.43125
2.43056
2.43004
2.42987
2.42999
2.43028
2.4306
2.43089
2.43112
2.43127
2.43134
2.43135
2.43133
2.43128
2.43128
2.43133
2.4314
2.43147
2.43149
2.43141
2.43123
2.43097
2.43072
2.43056
2.43051
2.43058
2.43073
2.43095
2.43119
2.43142
2.43161
2.43174
2.43175
2.43167
2.43147
2.43123
2.43101
2.43083
2.43077
2.4308
2.43092
2.43109
2.43125
2.43136
2.43141
2.43139
2.43133
2.43126
2.43118
2.4311
2.431
2.43091
2.43083
2.43079
2.43079
2.43084
2.4309
2.43098
2.43106
2.43114
2.43121
2.43127
2.43134
2.43139
2.43145
2.43148
2.4315
2.4315
2.43148
2.43142
2.43135
2.43128
2.4312
2.43112
2.43106
2.43102
2.43099
2.43099
2.431
2.43103
2.43105
2.4311
2.43115
2.4312
2.43124
2.43127
2.4313
2.43134
2.43137
2.43141
2.43145
2.43147
2.4315
2.43149
2.43145
2.43138
2.43128
2.43117
2.43109
2.43105
2.43105
2.43108
2.43113
2.43117
2.43121
2.43123
2.43124
2.43124
2.43124
2.43125
2.43128
2.4313
2.43133
2.43138
2.43139
2.43139
2.43139
2.43139
2.43141
2.43142
2.43138
2.43125
2.43104
2.43082
2.43069
2.43069
2.43083
2.43104
2.43123
2.43136
2.43137
2.43125
2.43106
2.43086
2.43071
2.43064
2.43065
2.43072
2.43082
2.43094
2.43107
2.4312
2.43133
2.43144
2.43156
2.43165
2.43177
2.43197
2.43228
2.43262
2.43279
2.43248
2.43151
2.43026
2.4294
2.42925
2.42962
2.43016
2.43067
2.43104
2.43127
2.43136
2.43135
2.43127
2.43116
2.43103
2.43095
2.43089
2.43087
2.43087
2.43089
2.43092
2.43095
2.43097
2.43099
2.431
2.43101
2.43101
2.431
2.431
2.43099
2.43099
2.43098
2.43097
2.43098
2.43099
2.431
2.43102
2.43103
2.43104
2.43105
2.43107
2.43107
2.43108
2.43111
2.43115
2.4312
2.43127
2.43134
2.43144
2.43154
2.43165
2.43173
2.43179
2.43181
2.43181
2.43176
2.43168
2.43157
2.43145
2.43132
2.43118
2.43102
2.43083
2.43064
2.43047
2.43037
2.43038
2.43047
2.43065
2.43089
2.43115
2.43143
2.43171
2.43192
2.43205
2.43201
2.43178
2.4314
2.43097
2.43063
2.43045
2.43045
2.43056
2.43072
2.43087
2.43099
2.43107
2.43109
2.43109
2.43107
2.43106
2.43104
2.43105
2.43107
2.4311
2.43117
2.43124
2.43134
2.43143
2.43152
2.43162
2.43172
2.43185
2.43198
2.43208
2.43208
2.43187
2.43141
2.4308
2.43027
2.42999
2.43002
2.43025
2.43056
2.43087
2.43114
2.43136
2.43152
2.43162
2.43169
2.4317
2.43167
2.43159
2.43147
2.43131
2.43113
2.43095
2.43082
2.43074
2.43072
2.43075
2.43081
2.43089
2.43097
2.43105
2.43112
2.43118
2.43124
2.4313
2.43133
2.43136
2.43137
2.43138
2.43137
2.43135
2.43133
2.43128
2.43123
2.43118
2.43113
2.4311
2.43105
2.43103
2.43101
2.431
2.43101
2.43101
2.43103
2.43106
2.43107
2.43109
2.4311
2.4311
2.43109
2.43109
2.4311
2.4311
2.43111
2.43112
2.43114
2.43118
2.43124
2.4313
2.43138
2.43148
2.4316
2.43172
2.4318
2.43181
2.43173
2.43152
2.43125
2.43098
2.43077
2.43065
2.43065
2.43073
2.43084
2.43097
2.43109
2.4312
2.4313
2.43139
2.43148
2.43153
2.43159
2.43164
2.43165
2.43164
2.43159
2.43151
2.4314
2.43126
2.4311
2.43094
2.43082
2.43072
2.43067
2.43066
2.43069
2.43072
2.43077
2.4308
2.43083
2.43086
2.43089
2.43091
2.43093
2.43094
2.43098
2.43101
2.43105
2.43108
2.4311
2.43113
2.43115
2.43118
2.43119
2.43123
2.43127
2.43131
2.43138
2.43145
2.43153
2.43158
2.4316
2.43158
2.43146
2.43128
2.43107
2.43088
2.43074
2.43066
2.43065
2.4307
2.43077
2.43085
2.43093
2.431
2.43109
2.43115
2.43119
2.43124
2.43128
2.43134
2.43138
2.43141
2.4314
2.43136
2.43129
2.43118
2.43103
2.43091
2.43083
2.43083
2.4309
2.43105
2.43125
2.43152
2.4318
2.43209
2.43233
2.43245
2.43238
2.43213
2.43181
2.43148
2.43117
2.43082
2.43049
2.43027
2.43025
2.43038
2.43058
2.43077
2.4309
2.43095
2.43097
2.43098
2.43103
2.43111
2.43126
2.43144
2.43165
2.43186
2.43206
2.43222
