35.3528
35.4429
35.58
35.7576
35.9665
36.1952
36.4305
36.6581
36.8641
37.0355
37.1624
37.2384
37.2618
37.2352
37.1655
37.0626
36.9382
36.8047
36.6736
36.5549
36.4564
36.3836
36.3391
36.3234
36.3343
36.3682
36.4198
36.4828
36.5506
36.6166
36.6747
36.72
36.7485
36.7582
36.7485
36.7204
36.6765
36.6207
36.5575
36.4922
36.4297
36.3749
36.3318
36.3034
36.2917
36.2973
36.3195
36.3565
36.4052
36.4621
36.5226
36.5826
36.6376
36.6839
36.7185
36.7393
36.7454
36.7366
36.7138
36.6787
36.6334
36.5805
36.5229
36.4636
36.4054
36.3512
36.3036
36.2647
36.2362
36.2193
36.2147
36.2223
36.2413
36.2703
36.3073
36.3499
36.3954
36.4409
36.484
36.5222
36.5541
36.5786
36.5955
36.6052
36.6088
36.6077
36.6036
36.5981
36.5927
36.5884
36.5861
36.5863
36.589
36.5943
36.6018
36.6111
36.6218
36.6331
36.6443
36.6547
36.6632
36.6692
36.6718
36.6703
36.6644
36.6536
36.6377
36.6166
36.5904
36.5596
36.525
36.4876
36.449
36.4107
36.3746
36.3423
36.3151
36.2938
36.279
36.2708
36.269
36.2733
36.2833
36.2986
36.3188
36.3437
36.3727
36.4057
36.4419
36.4809
36.5217
36.5631
36.6037
36.6418
36.6754
36.7025
36.7214
36.7305
36.7289
36.7163
36.6929
36.6598
36.6189
36.5723
36.5227
36.4729
36.4258
36.3841
36.3502
36.3262
36.3134
36.3125
36.3235
36.3457
36.3775
36.4166
36.4606
36.5065
36.5513
36.5924
36.6273
36.6541
36.6716
36.6792
36.6771
36.6661
36.6478
36.6241
36.5972
36.5694
36.5428
36.5195
36.5009
36.4881
36.4817
36.4819
36.4882
36.4999
36.5158
36.5345
36.554
36.5726
36.5884
36.5997
36.6052
36.6039
36.5955
36.5803
36.559
36.5326
36.5028
36.4709
36.4389
36.4085
36.3814
36.3595
36.3445
36.3378
36.3404
36.3527
36.3743
36.4041
36.44
36.4795
36.5194
36.5567
36.5882
36.6113
36.6239
36.6248
36.6137
36.5909
36.558
36.517
36.4709
36.4228
36.376
36.334
36.2999
36.2763
36.2652
36.2679
36.2849
36.316
36.3598
36.4145
36.4774
36.5452
36.6143
36.6809
36.7414
36.7922
36.8308
36.855
36.8639
36.8573
36.836
36.8015
36.7559
36.7017
36.6417
36.5787
36.5156
36.4551
36.3999
36.3526
36.3151
36.2891
36.2759
36.2759
36.2886
36.313
36.347
36.388
36.4328
36.4782
36.521
36.5582
36.5879
36.6085
36.6194
36.6208
36.6133
36.5981
36.5766
36.5502
36.5206
36.4894
36.4581
36.4282
36.4009
36.3774
36.3588
36.3459
36.3393
36.3393
36.3458
36.3587
36.3774
36.4011
36.4288
36.4593
36.4912
36.5232
36.554
36.5822
36.6069
36.627
36.642
36.6515
36.6555
36.6542
36.6483
36.6386
36.6262
36.6122
36.598
36.5847
36.5732
36.5645
36.559
36.5567
36.5575
36.5607
36.5655
36.5708
36.5756
36.5787
36.5792
36.576
36.5684
36.5561
36.5386
36.516
36.4887
36.4575
36.4234
36.388
36.3531
36.3209
36.2933
36.2723
36.2596
36.2564
36.2635
36.2808
36.3077
36.3431
36.3852
36.4315
36.4795
36.5265
36.5701
36.608
36.6386
36.6607
36.6741
36.6788
36.6757
36.6658
36.6507
36.6319
36.611
36.5896
36.5691
36.5506
36.5349
36.5227
36.5142
36.5094
36.5081
36.5096
36.5133
36.5184
36.5242
36.5301
36.5355
36.5399
36.5431
36.5449
36.545
36.5433
36.5394
36.5332
36.5244
36.5128
36.4983
36.4813
36.4621
36.4419
36.4218
36.4038
36.3897
36.3816
36.3812
36.3894
36.4068
36.4325
36.4651
36.5021
36.5408
36.5779
36.6102
36.6351
36.6504
36.6548
36.648
36.6307
36.6044
36.5712
36.5338
36.495
36.4577
36.4241
36.3961
36.3749
36.3609
36.354
36.3536
36.3587
36.3682
36.381
36.396
36.4125
36.43
36.4481
36.4669
36.4864
36.5069
36.5284
36.5511
36.5748
36.5991
36.6233
36.6465
36.6677
36.686
36.7004
36.7102
36.715
36.7148
36.7099
36.7007
36.6882
36.673
36.6561
36.6382
36.6198
36.6011
36.5824
36.5634
36.544
36.524
36.5032
36.4812
36.4582
36.4342
36.4096
36.385
36.3611
36.3391
36.3199
36.3049
36.2953
36.2922
36.2965
36.3085
36.3285
36.3561
36.3903
36.4299
36.473
36.5176
36.5612
36.6016
36.6365
36.6637
36.6817
36.6897
36.6873
36.675
36.6542
36.6268
36.5951
36.5618
36.5292
36.4995
36.4743
36.455
36.442
36.4357
36.436
36.4424
36.4543
36.4707
36.4907
36.5128
36.5357
36.5579
36.5778
36.5942
36.6059
36.6124
36.6135
36.6091
36.5999
36.5865
36.5699
36.551
36.531
36.5108
36.4913
36.4734
36.4578
36.445
36.4353
36.429
36.4262
36.4266
36.4299
36.4357
36.4434
36.4523
36.4617
36.4708
36.4793
36.4865
36.4923
36.4965
36.4994
36.5011
36.5022
36.5031
36.5041
36.5055
36.5074
36.5096
36.5119
36.5138
36.5147
36.5142
36.5119
36.5078
36.5021
36.4955
36.4887
36.4829
36.4792
36.4786
36.4821
36.4901
36.5027
36.5193
36.5391
36.5607
36.5824
36.6024
36.6192
36.6311
36.6373
36.6371
36.6305
36.6181
36.6009
36.5803
36.5581
36.5361
36.5159
36.4991
36.4869
36.4799
36.4783
36.4819
36.4897
36.5009
36.514
36.5278
36.5409
36.5521
36.5604
36.5651
36.5657
36.5618
36.5536
36.5416
36.5263
36.5088
36.4903
36.4719
36.455
36.4407
36.4298
36.4231
36.4206
36.4225
36.4281
36.4369
36.4478
36.4597
36.4715
36.4825
36.4917
36.4989
36.5036
36.506
36.5061
36.5043
36.5009
36.4964
36.4913
36.4863
36.4822
36.4799
36.4801
36.4834
36.4903
36.5006
36.514
36.5296
36.5464
36.5632
36.5787
36.5922
36.6028
36.6104
36.6152
36.6175
36.6181
36.6178
36.6172
36.6168
36.6169
36.6171
36.6171
36.616
36.6129
36.6069
36.5972
36.5835
36.566
36.545
36.5215
36.4965
36.4711
36.4466
36.424
36.4041
36.3879
36.3758
36.3685
36.3664
36.3697
36.3784
36.3922
36.4106
36.4329
36.4581
36.4852
36.5131
36.5406
36.5664
36.5895
36.6088
36.6232
36.6319
36.6343
36.6299
36.6187
36.601
36.5772
36.5484
36.5157
36.4806
36.4447
36.4097
36.3773
36.3491
36.3266
36.3111
36.3037
36.3048
36.3148
36.3332
36.3594
36.3919
36.4292
36.4692
36.51
36.5493
36.5854
36.6165
36.6414
36.6594
36.67
36.6736
36.6708
36.6626
36.6504
36.6356
36.6196
36.6039
36.5896
36.5774
36.5677
36.5604
36.5554
36.5521
36.5501
36.5487
36.5475
36.5461
36.5439
36.5406
36.5358
36.5292
36.5207
36.5103
36.4982
36.485
36.4712
36.4575
36.4446
36.4331
36.4232
36.4153
36.4095
36.4055
36.4032
36.4025
36.4031
36.405
36.4082
36.413
36.4195
36.4281
36.4392
36.4529
36.4694
36.4885
36.5095
36.5318
36.5541
36.5751
36.5936
36.6081
36.6176
36.6216
36.6199
36.613
36.6017
36.5874
36.5714
36.5553
36.5406
36.5285
36.5199
36.5153
36.5147
36.5178
36.5235
36.5306
36.5375
36.5426
36.5445
36.5422
36.5353
36.5243
36.5103
36.4951
36.4808
36.4696
36.463
36.4624
36.4681
36.4797
36.4961
36.5156
36.5361
36.5553
36.5713
36.5821
36.5865
36.5839
36.5741
36.5577
36.5358
36.51
36.4822
36.4543
36.4284
36.406
36.3888
36.3776
36.3729
36.3747
36.3827
36.3961
36.4138
36.4346
36.4573
36.4805
36.5032
36.5245
36.5435
36.5599
36.5734
36.5841
36.592
36.5973
36.6001
36.6005
36.5985
36.5941
36.5873
36.5781
36.5669
36.5541
36.5406
36.5272
36.5151
36.5053
36.4989
36.4965
36.4985
36.5048
36.5147
36.5274
36.5415
36.5555
36.5682
36.5781
36.5843
36.5863
36.584
36.5776
36.5677
36.5551
36.5407
36.5257
36.5111
36.498
36.4873
36.48
36.4767
36.4776
36.4827
36.4914
36.5027
36.5156
36.5286
36.5402
36.5491
36.5542
36.5549
36.5508
36.542
36.5293
36.5135
36.4959
36.478
36.4612
36.4465
36.4349
36.4269
36.4225
36.4213
36.4228
36.4262
36.4304
36.4346
36.4377
36.4392
36.4386
36.4359
36.4316
36.4265
36.4221
36.4196
36.4204
36.4258
36.4365
36.4527
36.4741
36.4997
36.5283
36.5581
36.5874
36.6145
36.6377
36.6559
36.6682
36.6742
36.6741
36.6681
36.657
36.6416
36.6229
36.6017
36.5791
36.5558
36.5326
36.5103
36.4897
36.4713
36.4558
36.4437
36.4353
36.4308
36.4302
36.4332
36.4396
36.4488
36.4601
36.4727
36.4861
36.4995
36.5123
36.524
36.5343
36.5428
36.5493
36.5536
36.5555
36.5551
36.5525
36.5479
36.5418
36.5346
36.527
36.5194
36.5122
36.5056
36.4998
36.4945
36.4896
36.4847
36.4795
36.4738
36.4674
36.4602
36.4522
36.4436
36.4348
36.4263
36.4185
36.4123
36.4082
36.407
36.409
36.4147
36.424
36.4367
36.4526
36.4707
36.4904
36.5108
36.5308
36.5496
36.5665
36.581
36.5926
36.6011
36.6063
36.6083
36.607
36.6025
36.595
36.5846
36.5719
36.5571
36.541
36.524
36.5069
36.4902
36.4745
36.4602
36.4477
36.4372
36.429
36.4232
36.4198
36.4186
36.4198
36.423
36.428
36.4345
36.4424
36.4514
36.4612
36.4719
36.4835
36.496
36.5096
36.5242
36.5395
36.555
36.5698
36.5829
36.5931
36.5991
36.6001
36.5954
36.585
36.5692
36.549
36.5256
36.5007
36.4761
36.4535
36.4347
36.4211
36.4139
36.4138
36.4206
36.4341
36.4529
36.4756
36.5001
36.5245
36.5467
10.2011
10.2408
10.3045
10.3926
10.5058
10.6444
10.8091
11.0002
11.2176
11.4611
11.7298
12.0219
12.3346
12.6639
13.0045
13.3496
13.691
14.0199
14.3273
14.6044
14.8442
15.0412
15.1926
15.2978
15.3586
15.3784
15.3622
15.3158
15.2453
15.1569
15.0563
14.9489
14.8394
14.7316
14.6288
14.5336
14.4479
14.3732
14.3104
14.2599
14.2219
14.1959
14.1814
14.1775
14.183
14.1965
14.2165
14.2413
14.2692
14.2985
14.3278
14.3554
14.3804
14.4017
14.4188
14.4316
14.44
14.4446
14.4458
14.4445
14.4414
14.4372
14.4329
14.429
14.4261
14.4246
14.4246
14.4265
14.4301
14.4353
14.442
14.4498
14.4584
14.4675
14.4765
14.4851
14.4927
14.4991
14.5038
14.5067
14.5077
14.5068
14.5044
14.5007
14.4963
14.4915
14.4869
14.4831
14.4804
14.4794
14.4802
14.483
14.4878
14.4945
14.5029
14.5126
14.5235
14.5351
14.5472
14.5592
14.571
14.582
14.5918
14.6002
14.6069
14.6119
14.6155
14.6183
14.6209
14.6241
14.6286
14.6353
14.6444
14.6562
14.6708
14.688
14.7077
14.7294
14.7531
14.7785
14.8053
14.8334
14.8626
14.8926
14.9233
14.954
14.9845
15.0139
15.0418
15.0673
15.0897
15.1086
15.1232
15.1334
15.1391
15.1404
15.1378
15.132
15.1237
15.1138
15.1035
15.0935
15.0848
15.0782
15.0744
15.0739
15.0768
15.0832
15.0929
15.1052
15.1195
15.135
15.1507
15.1657
15.1793
15.1907
15.1994
15.205
15.2072
15.2061
15.2017
15.1945
15.1849
15.1734
15.1609
15.1479
15.1351
15.123
15.1117
15.1016
15.0923
15.0834
15.0743
15.0641
15.0515
15.0357
15.0155
14.9904
14.9601
14.9246
14.8847
14.8412
14.7952
14.748
14.7006
14.6545
14.6106
14.57
14.5337
14.5025
14.4771
14.4581
14.4458
14.4406
14.4422
14.4505
14.4648
14.4842
14.5073
14.5328
14.5588
14.584
14.6069
14.6265
14.6422
14.654
14.6619
14.6662
14.6674
14.6659
14.6619
14.6559
14.648
14.6382
14.6265
14.6128
14.5971
14.5792
14.5591
14.5371
14.5134
14.4886
14.4634
14.4388
14.4157
14.3953
14.3787
14.3667
14.36
14.359
14.3638
14.3743
14.39
14.41
14.4333
14.4588
14.4849
14.5103
14.5335
14.5531
14.568
14.5775
14.5815
14.5803
14.575
14.567
14.5581
14.5501
14.5444
14.5424
14.5448
14.5518
14.5633
14.5788
14.5975
14.6185
14.641
14.6641
14.6873
14.71
14.7321
14.7535
14.7741
14.7938
14.8125
14.8294
14.8442
14.856
14.8641
14.8681
14.8676
14.8627
14.8537
14.8413
14.8262
14.8093
14.7915
14.7734
14.7557
14.7389
14.7234
14.7095
14.6974
14.6871
14.6789
14.6727
14.6684
14.6659
14.6649
14.6652
14.6666
14.6685
14.6707
14.6727
14.674
14.6743
14.6731
14.6701
14.6649
14.6572
14.6467
14.6333
14.6169
14.5976
14.5758
14.5517
14.5261
14.4997
14.4732
14.4474
14.4229
14.4003
14.38
14.3623
14.3471
14.3343
14.3236
14.3147
14.3071
14.3003
14.2942
14.2883
14.2825
14.2768
14.2712
14.2658
14.2605
14.2553
14.2502
14.245
14.2394
14.2332
14.2261
14.2177
14.2078
14.1962
14.183
14.168
14.1515
14.1337
14.115
14.0956
14.076
14.0565
14.0371
14.0181
13.9996
13.9815
13.964
13.947
13.9307
13.9153
13.9011
13.8885
13.8779
13.8699
13.8648
13.8631
13.8653
13.8715
13.8819
13.8965
13.9152
13.9378
13.9638
13.9928
14.0239
14.0563
14.0889
14.1203
14.1492
14.174
14.1931
14.2052
14.2089
14.2035
14.1885
14.1642
14.1312
14.0909
14.0447
13.9947
13.9429
13.8911
13.8412
13.7948
13.753
13.7168
13.6866
13.6628
13.6453
13.6337
13.6275
13.626
13.6284
13.6338
13.6413
13.65
13.6591
13.6682
13.6767
13.6846
13.692
13.6993
13.7069
13.7155
13.7258
13.7384
13.7538
13.7719
13.7926
13.8153
13.839
13.8626
13.8847
13.9042
13.9201
13.9315
13.9384
13.9409
13.9396
13.9355
13.9296
13.923
13.9167
13.9117
13.9085
13.9078
13.9096
13.914
13.9209
13.9299
13.9405
13.9521
13.9643
13.9764
13.9882
13.9994
14.01
14.0201
14.0298
14.0394
14.049
14.0589
14.0693
14.0803
14.0923
14.1059
14.1214
14.1397
14.1613
14.1869
14.217
14.2519
14.2918
14.3363
14.3848
14.4366
14.4903
14.5444
14.5974
14.6477
14.6938
14.7346
14.7694
14.7978
14.8196
14.8352
14.8449
14.8492
14.8487
14.8439
14.8355
14.8238
14.8095
14.793
14.7747
14.7553
14.7354
14.7157
14.6967
14.6791
14.6636
14.6506
14.6405
14.6336
14.6301
14.6298
14.6327
14.6384
14.6467
14.6569
14.6685
14.6807
14.6929
14.704
14.7131
14.7192
14.7212
14.7182
14.7094
14.6941
14.6722
14.6435
14.6084
14.5674
14.5212
14.4708
14.4174
14.3624
14.3072
14.2535
14.2029
14.157
14.1173
14.0847
14.0601
14.0439
14.0359
14.036
14.0433
14.0573
14.0771
14.102
14.1315
14.1649
14.202
14.242
14.2845
14.3284
14.3729
14.4166
14.4585
14.4971
14.5314
14.5605
14.5838
14.6009
14.6116
14.616
14.6141
14.6063
14.5929
14.5749
14.5529
14.528
14.5014
14.4742
14.4474
14.4219
14.3982
14.3767
14.3573
14.3398
14.3237
14.3083
14.2931
14.2775
14.2614
14.2448
14.2282
14.2123
14.1981
14.1866
14.1789
14.1755
14.1767
14.1827
14.193
14.2071
14.2242
14.2438
14.265
14.2873
14.31
14.3322
14.3531
14.3718
14.3876
14.3998
14.4081
14.4123
14.4129
14.4104
14.4058
14.3998
14.3935
14.3877
14.3832
14.3805
14.3801
14.3821
14.3866
14.3936
14.4027
14.4136
14.4255
14.4376
14.4488
14.4582
14.4646
14.4671
14.4651
14.4583
14.4471
14.4323
14.415
14.3964
14.378
14.3612
14.3469
14.336
14.3291
14.3262
14.3273
14.3323
14.341
14.353
14.3684
14.3869
14.4086
14.4337
14.4623
14.4942
14.5294
14.5673
14.607
14.6475
14.6874
14.725
14.7587
14.787
14.8086
14.8226
14.8288
14.8273
14.8188
14.8044
14.7851
14.7624
14.7374
14.711
14.6839
14.6564
14.629
14.6019
14.5757
14.5509
14.5283
14.5088
14.4931
14.4819
14.4758
14.475
14.4794
14.4883
14.5011
14.5164
14.5329
14.5494
14.5646
14.5778
14.5884
14.5962
14.6011
14.603
14.6018
14.5973
14.5894
14.578
14.5633
14.5454
14.5245
14.5011
14.4756
14.4484
14.4202
14.3917
14.364
14.3377
14.314
14.2936
14.2773
14.2657
14.2589
14.2573
14.2607
14.2688
14.281
14.2967
14.315
14.3353
14.3568
14.3789
14.4014
14.4241
14.4471
14.4704
14.494
14.5177
14.5413
14.5642
14.5858
14.6056
14.623
14.6379
14.65
14.6598
14.6675
14.6738
14.6796
14.6855
14.6924
14.7007
14.711
14.7233
14.7376
14.7537
14.7711
14.7893
14.8077
14.8257
14.8425
14.8575
14.8698
14.8789
14.8841
14.885
14.8814
14.8731
14.8604
14.8438
14.8237
14.8007
14.7754
14.7482
14.7194
14.6892
14.6577
14.6251
14.5914
14.5571
14.5227
14.4886
14.4558
14.4251
14.3972
14.3729
14.3527
14.337
14.326
14.3196
14.3175
14.3195
14.3248
14.333
14.3433
14.3551
14.3676
14.38
14.3916
14.4017
14.4098
14.4153
14.4181
14.4181
14.4157
14.4113
14.4056
14.3993
14.3932
14.388
14.3841
14.3817
14.381
14.3817
14.3834
14.3854
14.387
14.3874
14.3857
14.3813
14.3737
14.3625
14.3477
14.3294
14.308
14.2841
14.2585
14.2319
14.2054
14.1797
14.1559
14.1347
14.1167
14.1024
14.0923
14.0864
14.0851
14.0882
14.0957
14.1075
14.1231
14.1422
14.1643
14.1889
14.2153
14.2431
14.2717
14.3009
14.3303
14.3597
14.3889
14.4176
14.4458
14.4731
14.4993
14.5243
14.5478
14.5698
14.5901
14.6087
14.6255
14.6402
14.6525
14.6617
14.6671
14.668
14.6635
14.653
14.6365
14.6141
14.5866
14.5548
14.5199
14.483
14.4452
14.4075
14.3707
14.3358
14.3033
14.274
14.2485
14.2274
14.2111
14.2001
14.1947
14.1952
14.2017
14.2142
14.2324
14.2562
14.2848
14.3177
14.3541
14.393
14.4336
14.4747
14.5156
14.5553
14.5931
14.6285
14.6611
14.6907
14.7172
14.7404
14.7605
14.7774
14.7914
14.8023
14.8103
14.8157
14.8185
14.8191
14.8177
14.8147
14.8104
14.8051
14.7991
14.7924
14.7851
14.7769
14.7677
14.757
14.7444
14.7296
14.7123
14.6926
14.6705
14.6463
14.6207
14.594
14.567
14.54
14.5135
14.4878
14.4629
14.4388
14.4155
14.3929
14.3707
14.3489
14.3273
14.3058
14.2843
14.2628
14.2414
14.2201
14.199
14.1785
14.1587
14.1399
14.1223
14.1062
14.0916
14.0789
14.0683
14.0598
14.0538
14.0502
14.0492
14.051
14.0556
14.063
14.0734
14.0868
14.1032
14.1225
14.1448
14.1697
14.1969
14.2261
14.2567
14.2883
14.3201
14.3518
14.3827
14.4124
14.4406
14.467
14.4913
14.5136
14.5335
14.551
14.5659
14.5781
14.5876
14.5942
14.598
14.5992
14.5979
14.5947
14.5899
14.584
14.5777
14.5714
14.5654
14.56
14.5555
14.5519
14.5492
14.5476
14.5471
14.5476
14.5493
14.5522
14.5564
14.5616
14.5678
14.5747
14.5818
14.5886
14.5946
14.5992
14.6018
14.6022
14.6002
14.5959
14.5895
14.5813
14.5717
14.561
14.549
14.5358
14.5209
14.5042
14.4853
14.4642
14.4408
14.4154
14.3881
14.3592
14.3293
14.2989
14.2686
14.2392
14.2113
14.1857
14.1629
14.1436
0.12189
0.12189
0.12189
0.121891
0.121892
0.121893
0.121895
0.121896
0.121898
0.1219
0.121903
0.121905
0.121909
0.121912
0.121916
0.12192
0.121924
0.121929
0.121934
0.121939
0.121945
0.121952
0.121959
0.121966
0.121974
0.121983
0.121992
0.122002
0.122012
0.122023
0.122035
0.122048
0.122062
0.122077
0.122093
0.12211
0.122129
0.122149
0.12217
0.122193
0.122218
0.122245
0.122274
0.122306
0.122341
0.122378
0.12242
0.122464
0.122514
0.122568
0.122627
0.122692
0.122764
0.122844
0.122933
0.123032
0.123142
0.123265
0.123403
0.123558
0.123733
0.123931
0.124156
0.124411
0.124702
0.125034
0.125416
0.125855
0.126363
0.12695
0.127632
0.128427
0.129356
0.130446
0.131729
0.133243
0.135037
0.13717
0.139715
0.142761
0.14642
0.150832
0.156171
0.162655
0.170557
0.180218
0.19207
0.206646
0.224614
0.246791
0.274161
0.307878
0.349221
0.399496
0.459809
0.530682
0.611496
0.699837
0.791029
0.878311
0.954053
1.01186
1.04866
1.06564
1.0677
1.06185
1.05539
1.05425
1.06151
1.07648
1.09457
1.10855
1.11137
1.09952
1.07494
1.04432
1.0163
0.998604
0.996287
1.01135
1.0431
1.0888
1.14444
1.20556
1.26814
1.32919
1.38695
1.44078
1.49089
1.53817
1.58402
1.62956
1.67449
1.71603
1.74888
1.76666
1.76449
1.74105
1.69923
1.64502
1.58564
1.52795
1.47745
1.43778
1.41053
1.39535
1.39023
1.39193
1.39651
1.39998
1.39888
1.39083
1.37474
1.3509
1.32069
1.28615
1.24955
1.21299
1.1781
1.1459
1.11671
1.09032
1.06617
1.04363
1.02224
1.00174
0.982088
0.963236
0.945064
0.927344
0.90983
0.892398
0.875139
0.858354
0.842468
0.827889
0.814889
0.803542
0.793713
0.785117
0.777392
0.770188
0.763247
0.756465
0.749929
0.743924
0.738926
0.735561
0.734566
0.736728
0.742839
0.75364
0.769775
0.791745
0.819864
0.854233
0.894739
0.941088
0.992882
1.04969
1.11104
1.17626
1.24402
1.31182
1.37548
1.42943
1.46783
1.48649
1.48455
1.46496
1.4336
1.39782
1.36509
1.34208
1.3339
1.34308
1.36825
1.40294
1.436
1.45509
1.45246
1.42893
1.39301
1.35628
1.32929
1.31978
1.33222
1.3676
1.423
1.49131
1.56194
1.62286
1.66338
1.6767
1.66094
1.61861
1.55504
1.47677
1.39037
1.3018
1.21609
1.13697
1.06687
1.00686
0.956982
0.916457
0.884011
0.858096
0.837092
0.819475
0.803945
0.789537
0.775662
0.762109
0.748988
0.736646
0.725583
0.716377
0.709654
0.706077
0.706371
0.711363
0.722027
0.739516
0.765153
0.800311
0.846122
0.902874
0.969076
1.04042
1.10933
1.16627
1.20307
1.21664
1.21013
1.19057
1.16507
1.13844
1.11293
1.08917
1.06722
1.04729
1.02991
1.01591
1.00612
1.00131
1.0019
1.00799
1.01923
1.03479
1.05342
1.0734
1.0927
1.10912
1.12047
1.12492
1.12119
1.10875
1.08787
1.05947
1.02496
0.986051
0.944472
0.901892
0.859795
0.819437
0.781833
0.747772
0.717843
0.692488
0.672043
0.656793
0.647004
0.642953
0.644931
0.653227
0.668079
0.689597
0.717656
0.751777
0.791023
0.833968
0.878727
0.923065
0.964478
1.0002
1.02726
1.04275
1.04465
1.03282
1.00955
0.979274
0.947347
0.918769
0.897339
0.885428
0.884155
0.893686
0.913489
0.942466
0.978958
1.02063
1.06428
1.10562
1.13948
1.16056
1.16502
1.15206
1.12455
1.08798
1.04846
1.01097
0.978567
0.952405
0.93231
0.917339
0.906268
0.897926
0.891389
0.886085
0.88182
0.878747
0.877299
0.878099
0.88184
0.889138
0.900338
0.915275
0.933014
0.951663
0.968455
0.980242
0.984426
0.979971
0.96796
0.951345
0.934012
0.919714
0.91129
0.910334
0.917179
0.931015
0.950047
0.971669
0.992731
1.00995
1.02043
1.0223
1.01503
0.999609
0.978205
0.95364
0.928786
0.906082
0.887262
0.873264
0.864279
0.85985
0.858999
0.860351
0.86226
0.862964
0.860763
0.854226
0.8424
0.824963
0.802279
0.77532
0.745479
0.714329
0.683388
0.65396
0.62705
0.603362
0.583341
0.567237
0.55518
0.547238
0.543472
0.543977
0.548911
0.558519
0.573146
0.593254
0.619417
0.652315
0.692701
0.741344
0.798924
0.865869
0.942125
1.02685
1.1181
1.21256
1.30556
1.39173
1.4663
1.52688
1.57482
1.61499
1.65401
1.69775
1.74923
1.80763
1.86854
1.9253
1.97095
2.00019
2.01036
2.00141
1.97509
1.93406
1.88119
1.8191
1.7497
1.67404
1.59261
1.50598
1.4156
1.32395
1.23425
1.14969
1.0728
1.00513
0.947348
0.899428
0.860967
0.831397
0.810152
0.796757
0.790861
0.792234
0.800726
0.816206
0.838475
0.86719
0.901799
0.94155
0.985573
1.03305
1.08334
1.13602
1.19068
1.24646
1.3017
1.35388
1.40013
1.43816
1.46705
1.48748
1.50126
1.51053
1.51736
1.52377
1.53197
1.54428
1.56264
1.58772
1.61836
1.65141
1.68238
1.70641
1.71919
1.71742
1.69891
1.66275
1.6097
1.54257
1.46596
1.38549
1.30676
1.23471
1.17326
1.12545
1.09357
1.07925
1.0834
1.10584
1.14459
1.19496
1.24874
1.29473
1.32125
1.32052
1.292
1.2424
1.18217
1.12165
1.06869
1.02817
1.00239
0.991751
0.995195
1.01056
1.03479
1.06423
1.09502
1.12371
1.14776
1.16587
1.17793
1.18476
1.18784
1.18917
1.19132
1.19747
1.2112
1.23602
1.27406
1.32412
1.37918
1.42557
1.44684
1.43263
1.38581
1.32064
1.25396
1.19787
1.15796
1.13487
1.12651
1.12946
1.13988
1.15417
1.16967
1.18514
1.20091
1.2183
1.23867
1.26222
1.28718
1.30962
1.32443
1.32722
1.31651
1.29473
1.26738
1.24103
1.22141
1.21249
1.21626
1.2329
1.26085
1.29682
1.33594
1.37231
1.4001
1.415
1.41554
1.4035
1.38329
1.36057
1.34056
1.32675
1.32027
1.31994
1.32301
1.32627
1.32717
1.32431
1.31721
1.30576
1.28979
1.26929
1.24482
1.21775
1.19013
1.16418
1.14176
1.12412
1.11182
1.10494
1.10324
1.10634
1.11386
1.12532
1.14017
1.15765
1.17669
1.19594
1.21384
1.22882
1.23957
1.24518
1.24532
1.24021
1.2305
1.21718
1.20138
1.18433
1.1672
1.15107
1.13679
1.12501
1.11613
1.11031
1.10756
1.10777
1.11079
1.11643
1.12456
1.13501
1.14755
1.16178
1.17694
1.19184
1.20479
1.21386
1.21738
1.21459
1.20602
1.19342
1.17911
1.16524
1.15323
1.14358
1.13609
1.13023
1.12546
1.12147
1.11825
1.11606
1.11531
1.11642
1.11962
1.12479
1.13142
1.13881
1.14645
1.15429
1.16257
1.17094
1.17749
1.17843
1.16962
1.14926
1.1198
1.08748
1.05951
1.04107
1.03362
1.0347
1.03901
1.04026
1.03353
1.01688
0.991757
0.961839
0.93142
0.904202
0.882843
0.869049
0.863834
0.867711
0.880743
0.902525
0.932285
0.969282
1.01358
1.06686
1.13235
1.21228
1.30204
1.38347
1.42674
1.40869
1.33388
1.23179
1.134
1.05834
1.00875
0.981439
0.969796
0.966873
0.966509
0.963982
0.956431
0.942946
0.924206
0.90181
0.877587
0.85313
0.829612
0.807791
0.788109
0.770778
0.755857
0.743292
0.732955
0.724681
0.718308
0.713713
0.71084
0.709717
0.710452
0.713219
0.718225
0.725678
0.73575
0.748551
0.764116
0.782411
0.803358
0.826888
0.852997
0.881811
0.913625
0.948914
0.988303
1.03249
1.08212
1.13766
1.19926
1.26657
1.33871
1.41418
1.49095
1.56653
1.63822
1.7034
1.75991
1.80627
1.84159
1.86512
1.87582
1.87255
1.85479
1.8237
1.78254
1.73623
1.69034
1.65007
1.61959
1.60182
1.59828
1.60894
1.63179
1.66225
1.69288
1.71421
1.71723
1.69696
1.65474
1.59743
1.53399
1.47207
1.41627
1.36816
1.32714
1.29149
1.25917
1.22843
1.19816
1.16797
1.13818
1.1096
1.08335
1.06064
1.04265
1.03041
1.02474
1.02616
1.03491
1.05094
1.0741
1.10427
1.14119
1.18352
1.22706
1.26307
1.27929
1.26544
1.2203
1.15362
1.08066
1.01482
0.963873
0.930387
0.91364
0.911356
0.920685
0.938611
0.962078
0.987998
1.01326
1.03477
1.04953
1.05499
1.04944
1.03265
1.00599
0.972256
0.934878
0.897141
0.861616
0.829977
0.803097
0.78127
0.76443
0.752319
0.744574
0.740768
0.740412
0.742938
0.747689
0.753914
0.760782
0.76742
0.772966
0.776638
0.777803
0.776045
0.771206
0.763399
0.752988
0.740527
0.726678
0.71212
0.69747
0.683225
0.669742
0.657232
0.645786
0.635406
0.626041
0.617627
0.610112
0.603487
0.597809
0.593212
0.589928
0.588292
0.588754
0.591882
0.59836
0.608964
0.624511
0.645722
0.672989
0.705991
0.743189
0.781389
0.815729
0.84055
0.851177
0.845856
0.826583
0.798216
0.766548
0.736582
0.711723
0.693815
0.683561
0.680975
0.685703
0.697185
0.71472
0.737454
0.764354
0.794182
0.825479
0.856563
0.885546
0.910385
0.929012
0.939581
0.940835
0.932473
0.91535
0.891337
0.862899
0.83254
0.802353
0.7738
0.747713
0.724449
0.704084
0.686586
0.671929
0.660139
0.651296
0.645509
0.642882
0.643483
0.647332
0.654391
0.664569
0.67774
0.693764
0.712511
0.7339
0.757924
0.784675
0.814333
0.847106
0.883088
0.922038
0.963059
1.00431
1.04287
1.07507
1.09732
1.10725
1.10462
1.09145
1.07117
1.04758
1.02393
1.00251
0.984674
0.971114
0.962053
0.957461
0.95717
0.960953
0.968562
0.97975
0.994242
1.01165
1.0313
1.05206
1.07221
1.08952
1.10176
1.10745
1.10664
1.10123
1.09471
1.09135
1.09539
1.11056
1.13976
1.18486
1.24618
1.32149
1.40515
1.48822
1.5609
1.6161
1.65111
1.66554
1.65886
1.63134
1.58717
1.53493
1.4841
1.44115
1.40803
1.38329
1.36417
1.34845
1.33539
1.32594
1.32211
1.3263
1.34051
1.36597
1.40284
1.45005
1.50507
