0.298233
0.288043
0.272039
0.250971
0.225824
0.19789
0.168696
0.139985
0.113532
0.0910129
0.073815
0.0628556
0.058482
0.0604432
0.0679296
0.0797286
0.0943707
0.110329
0.126155
0.140606
0.152717
0.16184
0.16766
0.170133
0.169484
0.16617
0.160788
0.154067
0.146775
0.139657
0.133409
0.128617
0.125704
0.124921
0.126337
0.129811
0.135049
0.14161
0.148952
0.156495
0.163655
0.169882
0.174705
0.177793
0.178946
0.178085
0.175288
0.170775
0.164892
0.158081
0.150842
0.143715
0.137201
0.131752
0.127711
0.125311
0.124668
0.125775
0.128508
0.132679
0.138035
0.144274
0.151084
0.158126
0.165078
0.171613
0.177454
0.182354
0.186101
0.188524
0.189521
0.189075
0.18724
0.18416
0.180037
0.175136
0.169775
0.164272
0.158939
0.154066
0.149865
0.14647
0.143923
0.142197
0.141178
0.140701
0.140581
0.140641
0.140726
0.140712
0.140525
0.140131
0.139525
0.138719
0.13776
0.136687
0.135532
0.134362
0.133242
0.132242
0.131455
0.130983
0.130904
0.131285
0.132194
0.133681
0.135773
0.13849
0.141822
0.145736
0.15015
0.154919
0.159858
0.164761
0.169397
0.173552
0.177026
0.179693
0.181488
0.182407
0.182489
0.181799
0.180411
0.178412
0.175848
0.172767
0.169216
0.165244
0.160905
0.156274
0.151442
0.146523
0.141685
0.137122
0.133057
0.129734
0.127376
0.126171
0.126246
0.127641
0.130318
0.134145
0.13892
0.144386
0.150247
0.156161
0.161795
0.166843
0.171016
0.174064
0.175823
0.1762
0.175194
0.172893
0.169459
0.165122
0.160186
0.154973
0.149818
0.145048
0.140935
0.137709
0.135515
0.134417
0.134396
0.135361
0.137161
0.13955
0.142274
0.14508
0.147727
0.150012
0.151767
0.152889
0.15333
0.153091
0.152227
0.150833
0.149033
0.14699
0.144893
0.14295
0.141378
0.140375
0.14007
0.140542
0.141823
0.143872
0.146579
0.149811
0.153394
0.157142
0.160875
0.164395
0.167519
0.170071
0.171853
0.1727
0.172483
0.171145
0.168708
0.165302
0.161158
0.156593
0.151947
0.147609
0.14395
0.141291
0.139874
0.139831
0.141222
0.143972
0.147887
0.152723
0.158141
0.163769
0.169194
0.174035
0.177937
0.180596
0.181769
0.181308
0.179156
0.175362
0.170058
0.163474
0.155915
0.147755
0.139416
0.131343
0.123993
0.117776
0.113017
0.109967
0.10875
0.109383
0.111779
0.115752
0.121045
0.127378
0.134441
0.141899
0.149436
0.156729
0.163478
0.16939
0.174194
0.177681
0.179684
0.18012
0.178993
0.176408
0.172576
0.167795
0.162454
0.156971
0.151736
0.147112
0.143377
0.140711
0.139204
0.138857
0.139587
0.141262
0.143709
0.146758
0.150221
0.153942
0.157742
0.161452
0.164919
0.168001
0.170568
0.172518
0.173754
0.174207
0.173862
0.172723
0.170862
0.168325
0.165225
0.161685
0.15786
0.15391
0.150002
0.146295
0.14293
0.14005
0.137748
0.136096
0.135116
0.13479
0.135062
0.135833
0.136976
0.138341
0.139793
0.141182
0.142373
0.143276
0.143823
0.143999
0.14383
0.143401
0.14281
0.14218
0.141657
0.141376
0.141456
0.142005
0.143105
0.144806
0.14713
0.150074
0.153592
0.157593
0.161948
0.166465
0.170934
0.175113
0.178733
0.181547
0.18335
0.183977
0.183333
0.181399
0.178257
0.174067
0.169037
0.163455
0.157627
0.151887
0.146559
0.141906
0.138136
0.135374
0.133659
0.13296
0.133177
0.134158
0.135717
0.137667
0.13982
0.142013
0.144102
0.145956
0.147503
0.148689
0.149502
0.149952
0.150096
0.150001
0.149741
0.149409
0.149081
0.148821
0.148661
0.148627
0.148737
0.148961
0.149284
0.149714
0.150252
0.150922
0.151758
0.152808
0.154118
0.155695
0.15753
0.159554
0.161634
0.163596
0.165223
0.166267
0.166493
0.165736
0.163935
0.161134
0.157511
0.153313
0.148897
0.144649
0.140938
0.13809
0.136364
0.135914
0.136779
0.13888
0.142043
0.145993
0.150408
0.154939
0.159254
0.163071
0.166175
0.168446
0.169853
0.17044
0.17031
0.169592
0.168452
0.167041
0.165459
0.163795
0.162094
0.160345
0.158517
0.156579
0.154455
0.152098
0.149492
0.14664
0.143575
0.140388
0.137206
0.13417
0.131442
0.129188
0.127527
0.126542
0.126261
0.126669
0.127713
0.12931
0.131338
0.133689
0.136266
0.138981
0.141757
0.144561
0.147382
0.150215
0.153071
0.155973
0.158902
0.161867
0.164854
0.167834
0.17076
0.173558
0.176101
0.178267
0.179927
0.18095
0.181199
0.180575
0.179001
0.176454
0.172974
0.168654
0.163652
0.158167
0.152448
0.146785
0.141502
0.136896
0.133216
0.130683
0.129449
0.129558
0.130951
0.133465
0.136855
0.140821
0.145033
0.149176
0.152966
0.15619
0.158705
0.160432
0.161347
0.161465
0.160842
0.159547
0.15767
0.155329
0.15267
0.149891
0.147191
0.14476
0.142754
0.141311
0.140519
0.140419
0.141001
0.142194
0.143901
0.14601
0.148402
0.150931
0.153479
0.15593
0.158176
0.160136
0.161737
0.162925
0.163674
0.163986
0.163872
0.163359
0.162504
0.161384
0.160082
0.158702
0.157339
0.156094
0.155044
0.154234
0.153675
0.153369
0.153267
0.153311
0.153429
0.153561
0.153638
0.153635
0.153542
0.15339
0.153243
0.15317
0.153214
0.153434
0.153847
0.154438
0.155139
0.155853
0.15647
0.156848
0.156857
0.156384
0.155368
0.153802
0.151729
0.149261
0.146577
0.143865
0.141347
0.13924
0.137728
0.136944
0.13696
0.137784
0.139351
0.141528
0.144154
0.147013
0.149876
0.152515
0.154732
0.156381
0.157388
0.15773
0.157432
0.156592
0.155339
0.153829
0.152227
0.15069
0.149351
0.148334
0.147721
0.14757
0.147923
0.148775
0.150065
0.151718
0.153625
0.155647
0.157638
0.159449
0.160965
0.162084
0.162721
0.162849
0.162488
0.161709
0.160613
0.159302
0.157912
0.156573
0.155389
0.154449
0.153802
0.153449
0.153382
0.153582
0.153991
0.15456
0.155241
0.155966
0.156654
0.157211
0.157534
0.157528
0.157112
0.156231
0.154882
0.153131
0.151074
0.14887
0.146685
0.144678
0.142976
0.141659
0.140757
0.14024
0.140034
0.140061
0.140207
0.140366
0.140452
0.140425
0.1403
0.140145
0.140064
0.140197
0.140679
0.141615
0.143062
0.145016
0.147424
0.150186
0.153177
0.156247
0.159246
0.162062
0.164578
0.166696
0.16833
0.169425
0.169919
0.169768
0.168969
0.167534
0.165514
0.162987
0.160055
0.15684
0.153489
0.150139
0.146929
0.144006
0.141498
0.139533
0.13823
0.137661
0.137886
0.138931
0.140791
0.143418
0.146705
0.150517
0.154692
0.159051
0.163374
0.167466
0.171127
0.174156
0.176376
0.177653
0.177886
0.177033
0.175105
0.172176
0.168388
0.163924
0.159019
0.153924
0.148894
0.144182
0.140017
0.136562
0.133941
0.132209
0.131356
0.131319
0.131986
0.133204
0.134796
0.136585
0.138394
0.140102
0.141604
0.142859
0.143856
0.144628
0.145235
0.145746
0.146215
0.146694
0.147207
0.147794
0.148504
0.14937
0.150425
0.151694
0.153184
0.15486
0.15666
0.158521
0.160364
0.162096
0.163651
0.164974
0.166047
0.16686
0.167425
0.167768
0.167924
0.16791
0.167738
0.167385
0.166835
0.166045
0.164966
0.163551
0.161749
0.159548
0.156959
0.154032
0.150882
0.147663
0.14457
0.141796
0.139523
0.13791
0.137066
0.137015
0.13772
0.139066
0.140886
0.143
0.145209
0.147296
0.149077
0.150429
0.151263
0.151556
0.151354
0.150756
0.149897
0.148982
0.148235
0.147861
0.148013
0.148762
0.150072
0.151813
0.153751
0.15562
0.157129
0.158039
0.158186
0.157509
0.156063
0.153984
0.151491
0.148862
0.146371
0.144289
0.142842
0.142213
0.142502
0.143702
0.145751
0.14851
0.15178
0.155336
0.15893
0.162316
0.16527
0.167628
0.169279
0.170133
0.170177
0.169463
0.168082
0.166163
0.163847
0.161287
0.158629
0.156006
0.153522
0.151249
0.149237
0.147513
0.146078
0.144913
0.143991
0.143296
0.142838
0.142625
0.142687
0.143062
0.143764
0.144786
0.146096
0.147619
0.149246
0.150808
0.152147
0.153119
0.153616
0.153569
0.152958
0.151845
0.150345
0.14862
0.146856
0.145245
0.143953
0.143114
0.142803
0.143043
0.143801
0.144998
0.146531
0.148282
0.150129
0.151951
0.153607
0.154982
0.155957
0.156438
0.156377
0.155782
0.154695
0.153241
0.151573
0.149858
0.148283
0.147013
0.146214
0.145982
0.146362
0.147359
0.14892
0.150912
0.153173
0.155523
0.157775
0.159756
0.16135
0.162488
0.163146
0.163361
0.163208
0.162793
0.162232
0.161645
0.161149
0.160849
0.160805
0.161046
0.161518
0.162109
0.162668
0.163019
0.162985
0.162397
0.161148
0.159195
0.156572
0.153393
0.149822
0.146074
0.14238
0.138966
0.136039
0.133772
0.132261
0.131553
0.13164
0.132463
0.133925
0.135893
0.138248
0.140873
0.143666
0.146526
0.149352
0.152053
0.15454
0.156734
0.158557
0.159969
0.160923
0.161384
0.161355
0.160871
0.159992
0.158778
0.157307
0.155684
0.153989
0.152308
0.150705
0.149248
0.147978
0.146936
0.146146
0.145632
0.145412
0.145491
0.14588
0.146542
0.147417
0.148427
0.149493
0.150532
0.151497
0.152355
0.153088
0.153706
0.15424
0.154735
0.155247
0.155822
0.156499
0.157307
0.158247
0.159302
0.160436
0.161591
0.162678
0.16361
0.164307
0.164676
0.164625
0.164094
0.163066
0.161568
0.159633
0.157331
0.154769
0.15208
0.149394
0.146836
0.144508
0.142511
0.140908
0.139723
0.138979
0.138693
0.138848
0.139431
0.140418
0.141774
0.143453
0.145384
0.147492
0.149692
0.151887
0.153993
0.155945
0.157688
0.159172
0.160391
0.161322
0.161979
0.162358
0.162468
0.162337
0.161987
0.161443
0.160752
0.15996
0.159085
0.158145
0.157122
0.155979
0.154688
0.153225
0.151548
0.149675
0.147668
0.14562
0.14366
0.141961
0.14071
0.14007
0.140142
0.140967
0.142523
0.144718
0.147411
0.150405
0.153487
0.156421
0.158985
0.160975
0.162243
0.162679
0.162239
0.160968
0.15897
0.156426
0.153572
0.15066
0.147933
0.51715
0.515501
0.512739
0.508771
0.503482
0.496739
0.488396
0.478293
0.466273
0.452187
0.435922
0.417446
0.396823
0.37425
0.350086
0.324887
0.299396
0.274491
0.251112
0.230174
0.21247
0.19858
0.188817
0.183225
0.181592
0.183498
0.188391
0.195647
0.204614
0.214676
0.225273
0.23592
0.246218
0.255856
0.2646
0.272279
0.278789
0.284077
0.288121
0.290938
0.292575
0.293109
0.292622
0.291225
0.289051
0.286242
0.282958
0.279363
0.275628
0.271928
0.268423
0.265249
0.262526
0.260337
0.258726
0.257699
0.257235
0.25727
0.257725
0.25851
0.259528
0.260673
0.261864
0.263028
0.264096
0.265027
0.265794
0.26639
0.266813
0.267078
0.267213
0.267246
0.267211
0.267152
0.267117
0.267157
0.267318
0.267642
0.268159
0.268886
0.269829
0.270972
0.27228
0.273707
0.27519
0.276672
0.278092
0.279384
0.280498
0.281393
0.282049
0.282457
0.282621
0.282563
0.282319
0.281924
0.281421
0.280858
0.280278
0.279731
0.279273
0.278961
0.27886
0.279026
0.279501
0.280291
0.281369
0.282676
0.284116
0.285587
0.286982
0.288209
0.289208
0.289943
0.290399
0.290585
0.290525
0.290242
0.289749
0.289062
0.288195
0.287151
0.28593
0.284536
0.282993
0.281333
0.2796
0.277853
0.276164
0.274618
0.273298
0.27228
0.271635
0.271408
0.271614
0.27224
0.273247
0.274576
0.276136
0.277834
0.279567
0.281234
0.28274
0.284006
0.284958
0.285548
0.285753
0.285577
0.285046
0.284227
0.283199
0.282058
0.2809
0.279815
0.278886
0.27818
0.277747
0.277617
0.277802
0.278289
0.279045
0.280026
0.281163
0.282377
0.283592
0.284715
0.285665
0.286372
0.286791
0.286905
0.28673
0.28632
0.285763
0.28518
0.284718
0.284539
0.284773
0.285529
0.286862
0.288776
0.291213
0.294093
0.297285
0.300659
0.304089
0.307458
0.310651
0.313563
0.316107
0.318204
0.319787
0.320798
0.321183
0.320914
0.319979
0.318404
0.316245
0.313592
0.310578
0.307373
0.304166
0.301144
0.298469
0.296235
0.294494
0.293239
0.292417
0.291958
0.291785
0.291821
0.291998
0.292277
0.292632
0.293056
0.293559
0.294167
0.294912
0.29583
0.296944
0.298268
0.299784
0.301457
0.303223
0.304996
0.306662
0.3081
0.309196
0.309838
0.309934
0.309423
0.308286
0.306533
0.304207
0.301391
0.298187
0.294732
0.291173
0.287688
0.284464
0.281668
0.279451
0.27793
0.277149
0.277079
0.277599
0.278534
0.279667
0.280772
0.281643
0.282129
0.282136
0.28163
0.280638
0.279229
0.277503
0.275575
0.27355
0.271522
0.269557
0.267687
0.265918
0.26422
0.262565
0.26093
0.259318
0.257768
0.256345
0.255135
0.254231
0.253704
0.253592
0.253897
0.254581
0.25557
0.25677
0.258085
0.259419
0.260696
0.261849
0.262834
0.263618
0.26418
0.264513
0.264608
0.26447
0.26411
0.263546
0.262802
0.2619
0.260862
0.25972
0.258506
0.257266
0.256043
0.254873
0.253798
0.252862
0.252112
0.251577
0.25129
0.251289
0.251599
0.252238
0.253206
0.25449
0.256053
0.257832
0.259755
0.261738
0.263696
0.265551
0.26725
0.268741
0.270005
0.27105
0.27189
0.272558
0.273109
0.273597
0.274074
0.274578
0.275129
0.275745
0.276417
0.27713
0.277859
0.278576
0.279267
0.279927
0.280563
0.281189
0.281832
0.282523
0.283292
0.284159
0.285145
0.286255
0.287488
0.288822
0.290224
0.29166
0.293089
0.294469
0.295774
0.296986
0.298108
0.299148
0.300126
0.30106
0.30197
0.302858
0.303721
0.304552
0.30532
0.305986
0.306515
0.306854
0.306963
0.306805
0.306348
0.305563
0.304433
0.30296
0.301148
0.299014
0.296584
0.293905
0.291049
0.288094
0.285146
0.282347
0.27984
0.277787
0.276345
0.275662
0.275841
0.276936
0.278941
0.281785
0.285338
0.289427
0.293853
0.298397
0.302854
0.307043
0.310816
0.314066
0.316717
0.318736
0.32012
0.3209
0.321131
0.320882
0.320243
0.319309
0.31819
0.316986
0.315789
0.314685
0.313735
0.312973
0.312411
0.312028
0.31177
0.311553
0.311283
0.31086
0.310191
0.309197
0.307841
0.306133
0.304127
0.301927
0.29968
0.297544
0.29567
0.294187
0.293189
0.292714
0.292731
0.293169
0.293916
0.294849
0.295849
0.296789
0.297574
0.298133
0.298435
0.298467
0.298238
0.297784
0.297163
0.296444
0.295706
0.295029
0.294478
0.294104
0.293935
0.293968
0.294187
0.294564
0.295074
0.295693
0.296393
0.297157
0.297958
0.298759
0.299514
0.300157
0.300609
0.300778
0.300577
0.299923
0.298762
0.297053
0.294796
0.292033
0.288847
0.285358
0.281724
0.278115
0.274702
0.271638
0.269039
0.266982
0.265491
0.264549
0.264113
0.264111
0.264472
0.265131
0.266027
0.267112
0.268353
0.269719
0.271181
0.27272
0.274306
0.275913
0.27749
0.27898
0.280327
0.28148
0.282385
0.283
0.283294
0.283248
0.282846
0.282094
0.281013
0.279629
0.277976
0.276101
0.274065
0.271941
0.269821
0.267808
0.266022
0.264584
0.263613
0.263213
0.263464
0.264411
0.266069
0.268422
0.27142
0.27499
0.279037
0.283451
0.288105
0.292846
0.297511
0.301929
0.305936
0.309381
0.312147
0.314155
0.315379
0.315833
0.315567
0.314661
0.313211
0.311304
0.309015
0.306395
0.303477
0.300283
0.296836
0.293168
0.289346
0.28547
0.281658
0.278049
0.274771
0.271944
0.269662
0.267977
0.266918
0.266487
0.266674
0.26745
0.268775
0.270592
0.272825
0.275373
0.278119
0.280928
0.283673
0.286242
0.288547
0.290532
0.292182
0.293518
0.294602
0.295525
0.296402
0.297342
0.298433
0.299725
0.301224
0.302886
0.304616
0.306293
0.30777
0.308922
0.309657
0.309912
0.309681
0.309002
0.30794
0.306573
0.304968
0.303192
0.301297
0.299344
0.297403
0.295561
0.293917
0.292569
0.291596
0.291049
0.290929
0.291202
0.291802
0.292633
0.293585
0.294547
0.295416
0.296115
0.296588
0.296799
0.296721
0.29635
0.2957
0.294792
0.293676
0.292422
0.291124
0.289908
0.288908
0.288259
0.288089
0.288489
0.289482
0.29105
0.2931
0.295489
0.298047
0.300598
0.302975
0.305048
0.306729
0.307966
0.308749
0.309094
0.309039
0.308634
0.307917
0.306914
0.305629
0.304047
0.302136
0.299858
0.29719
0.29412
0.290672
0.286912
0.282948
0.278927
0.275026
0.271433
0.268334
0.265878
0.264172
0.263267
0.263148
0.263735
0.264906
0.266507
0.268392
0.270438
0.272559
0.27471
0.276876
0.279071
0.28129
0.283511
0.285678
0.287709
0.289504
0.290959
0.291967
0.29245
0.292361
0.291702
0.290508
0.288871
0.286933
0.284846
0.282771
0.280839
0.27914
0.27772
0.276584
0.275729
0.275149
0.274848
0.274847
0.275172
0.275849
0.276881
0.27826
0.279976
0.282011
0.284335
0.286907
0.28967
0.292548
0.295455
0.298291
0.300949
0.303338
0.305375
0.306985
0.308122
0.308768
0.308926
0.308633
0.307943
0.306929
0.305681
0.30429
0.302835
0.301375
0.299939
0.298512
0.297066
0.295564
0.293979
0.292314
0.290597
0.288881
0.287238
0.285745
0.284471
0.283457
0.282718
0.282241
0.281984
0.281873
0.281821
0.281733
0.281514
0.281088
0.280408
0.27945
0.278209
0.27671
0.274993
0.273109
0.271116
0.269081
0.26708
0.265188
0.26349
0.262059
0.260968
0.260277
0.260016
0.26019
0.260777
0.261723
0.262952
0.26439
0.265971
0.26764
0.269371
0.271153
0.272989
0.274892
0.276864
0.278896
0.280952
0.282975
0.284899
0.286647
0.288148
0.289335
0.29016
0.290596
0.290645
0.29032
0.28965
0.288689
0.287491
0.286122
0.28465
0.283141
0.281657
0.280271
0.279044
0.278038
0.277315
0.276916
0.27686
0.277144
0.277724
0.278525
0.279456
0.280421
0.281325
0.282082
0.282622
0.282911
0.282938
0.282728
0.282328
0.281827
0.281305
0.280869
0.280618
0.280642
0.281013
0.28178
0.282962
0.284552
0.28652
0.288807
0.29134
0.294032
0.296784
0.299494
0.302063
0.304411
0.306469
0.308188
0.309526
0.310462
0.310979
0.311078
0.310766
0.310071
0.309024
0.307669
0.306063
0.304271
0.302346
0.300341
0.298303
0.296262
0.294239
0.292245
0.290286
0.288376
0.286514
0.284711
0.282982
0.281348
0.279823
0.278402
0.27708
0.275851
0.274715
0.273676
0.272765
0.272045
0.271612
0.271559
0.271993
0.272985
0.274568
0.276709
0.279329
0.282315
0.285542
0.288885
0.292239
0.295516
0.298638
0.301541
0.304175
0.306496
0.308465
0.31005
0.311211
0.311922
0.312156
0.311891
0.31111
0.309817
0.308027
0.305769
0.303092
0.300057
0.296742
0.293238
0.289633
0.286023
0.2825
0.279134
0.275989
0.273111
0.270523
0.268228
0.266223
0.264491
0.263008
0.261759
0.260729
0.259904
0.25927
0.258814
0.258514
0.258342
0.258273
0.258276
0.258309
0.258347
0.258366
0.258358
0.258336
0.258329
0.258392
0.258571
0.258927
0.259521
0.260393
0.261565
0.263021
0.264714
0.266586
0.268566
0.270585
0.272582
0.274501
0.276316
0.278015
0.279606
0.281104
0.282531
0.283914
0.285281
0.286649
0.288036
0.289454
0.290911
0.292413
0.293941
0.295474
0.29699
0.298464
0.299872
0.301187
0.302393
0.303474
0.304413
0.305192
0.3058
0.306223
0.306453
0.306478
0.306289
0.305886
0.305259
0.304404
0.303323
0.302007
0.300456
0.298676
0.296684
0.294506
0.292186
0.289779
0.28734
0.284931
0.282601
0.280401
0.278371
0.276542
0.274927
0.273533
0.27236
0.271406
0.270676
0.27018
0.269924
0.269914
0.270162
0.270663
0.271404
0.272357
0.273484
0.274737
0.276054
0.277384
0.278684
0.279913
0.281058
0.282107
0.283061
0.283924
0.284698
0.285371
0.285932
0.286366
0.286651
0.286766
0.286691
0.286421
0.285968
0.285369
0.284676
0.283939
0.283222
0.28259
0.282081
0.281712
0.281471
0.281333
0.281259
0.281214
0.281169
0.281127
0.281125
0.281223
0.281482
0.281957
0.282691
0.28371
0.285019
0.286609
0.288459
0.290537
0.29279
0.295155
0.297565
0.299946
0.302239
0.304389
0.306337
1.64268
1.64268
1.64269
1.64271
1.64274
1.64277
1.6428
1.64284
1.64289
1.64294
1.643
1.64307
1.64314
1.64321
1.6433
1.64339
1.64348
1.64359
1.64369
1.64381
1.64393
1.64407
1.6442
1.64435
1.6445
1.64466
1.64483
1.64501
1.6452
1.64539
1.64559
1.64581
1.64603
1.64626
1.6465
1.64675
1.64701
1.64729
1.64757
1.64787
1.64818
1.6485
1.64884
1.64919
1.64955
1.64994
1.65033
1.65075
1.65118
1.65163
1.6521
1.65259
1.6531
1.65364
1.6542
1.65478
1.65539
1.65603
1.65671
1.65741
1.65815
1.65892
1.65973
1.66058
1.66148
1.66242
1.66341
1.66446
1.66556
1.66672
1.66794
1.66923
1.67059
1.67203
1.67355
1.67515
1.67684
1.67863
1.68051
1.68249
1.68457
1.68675
1.68902
1.69138
1.69382
1.69631
1.69882
1.7013
1.70371
1.70594
1.7079
1.70944
1.71039
1.71055
1.70973
1.70778
1.70465
1.70054
1.69588
1.69145
1.68815
1.6868
1.68781
1.69105
1.69592
1.70153
1.70696
1.71143
1.71453
1.71634
1.71745
1.71885
1.72157
1.72618
1.73257
1.73995
1.74721
1.75339
1.75784
1.76032
1.7609
1.75993
1.75787
1.75526
1.75255
1.75008
1.74799
1.74631
1.74494
1.74369
1.74232
1.74058
1.7384
1.73604
1.73415
1.73356
1.73498
1.73867
1.74434
1.75133
1.75876
1.76583
1.77189
1.77655
1.77961
1.78114
1.78137
1.78069
1.77957
1.77849
1.77784
1.77792
1.77884
1.78057
1.78294
1.78569
1.78857
1.79131
1.79375
1.79577
1.79738
1.79862
1.79959
1.8004
1.80112
1.8018
1.80246
1.8031
1.80375
1.80444
1.80521
1.80609
1.80708
1.80815
1.80924
1.81031
1.81132
1.81226
1.81315
1.81403
1.81495
1.81596
1.8171
1.8184
1.81986
1.82147
1.82318
1.82494
1.82667
1.82829
1.82971
1.83086
1.83165
1.83202
1.83191
1.8313
1.83015
1.82846
1.82624
1.82346
1.82011
1.81616
1.81168
1.80685
1.80211
1.7981
1.79556
1.79507
1.79679
1.80043
1.8053
1.81053
1.81521
1.81855
1.8199
1.81891
1.81568
1.811
1.80628
1.80324
1.80305
1.80574
1.81027
1.81512
1.81891
1.82065
1.8197
1.81586
1.80938
1.80104
1.79205
1.78389
1.77788
1.77489
1.77514
1.77834
1.7838
1.79074
1.7984
1.80608
1.81325
1.81951
1.82463
1.82853
1.83129
1.83302
1.83394
1.83426
1.83418
1.83392
1.83364
1.83347
1.83347
1.83369
1.8341
1.83469
1.83538
1.83613
1.83688
1.83754
1.83806
1.83834
1.83826
1.83768
1.83642
1.83425
1.83097
1.82642
1.82066
1.81408
1.80754
1.80222
1.79919
1.79891
1.80098
1.80448
1.80845
1.81228
1.81572
1.81877
1.82149
1.82392
1.82602
1.82773
1.82896
1.82961
1.82963
1.82897
1.82767
1.82578
1.82343
1.82077
1.81803
1.81543
1.81321
1.8116
1.81074
1.81069
1.81145
1.81292
1.81496
1.81738
1.82004
1.82275
1.82541
1.8279
1.83016
1.83214
1.83381
1.83516
1.83618
1.83687
1.83722
1.83721
1.8368
1.83596
1.83465
1.83281
1.83044
1.82753
1.82415
1.8204
1.81647
1.81255
1.80889
1.80578
1.80355
1.80256
1.80308
1.80519
1.80866
1.81296
1.81747
1.82158
1.82484
1.82701
1.82796
1.82769
1.82626
1.82378
1.8204
1.81634
1.81192
1.8076
1.80398
1.80173
1.80135
1.803
1.80636
1.81074
1.81537
1.81963
1.82317
1.82588
1.82781
1.82914
1.83004
1.83067
1.83117
1.83161
1.83201
1.83236
1.83258
1.8326
1.83231
1.83161
1.83042
1.82873
1.8266
1.82424
1.82197
1.82019
1.81925
1.81933
1.82032
1.82189
1.82354
1.82481
1.82536
1.82497
1.82361
1.82135
1.8184
1.81505
1.81167
1.80864
1.80633
1.80497
1.80464
1.80524
1.80652
1.80813
1.80974
1.81106
1.81189
1.81213
1.81177
1.81086
1.80952
1.80791
1.80621
1.80463
1.80337
1.80261
1.80247
1.80299
1.80416
1.80588
1.808
1.81036
1.81281
1.81523
1.81753
1.81966
1.82161
1.82339
1.82502
1.82651
1.82789
1.82916
1.83033
1.83139
1.8323
1.83301
1.83345
1.83355
1.83319
1.83224
1.8306
1.82814
1.82479
1.82058
1.81564
1.81028
1.80502
1.80049
1.79727
1.79569
1.79558
1.7963
1.79694
1.79664
1.79491
1.79176
1.78766
1.78342
1.77989
1.77774
1.77728
1.7785
1.78116
1.78495
1.78951
1.79457
1.79994
1.80558
1.81155
1.81789
1.82455
1.83134
1.83795
1.84406
1.84943
1.85393
1.85754
1.86034
1.86242
1.86389
1.86485
1.86536
1.86547
1.86521
1.86459
1.86359
1.86222
1.86047
1.85838
1.85599
1.85338
1.85059
1.84765
1.84453
1.84122
1.83774
1.8342
1.83086
1.82805
1.82603
1.82492
1.82461
1.82488
1.82544
1.82606
1.82651
1.82655
1.82589
1.82428
1.82158
1.81789
1.81357
1.80914
1.8052
1.80225
1.8007
1.80084
1.80281
1.80659
1.81192
1.81832
1.82518
1.83188
1.83792
1.84289
1.8465
1.84851
1.84876
1.84708
1.84343
1.83791
1.83098
1.82352
1.81685
1.81248
1.81147
1.81397
1.81916
1.82571
1.8323
1.83798
1.84219
1.84472
1.84556
1.84487
1.84292
1.84007
1.83676
1.83342
1.83048
1.82822
1.82679
1.82618
1.82628
1.82691
1.82783
1.82874
1.82923
1.82884
1.82704
1.82344
1.81802
1.81152
1.80562
1.80254
1.80388
1.80944
1.81742
1.82557
1.8323
1.83694
1.83948
1.84026
1.83978
1.83854
1.83703
1.83557
1.83431
1.83319
1.83197
1.83041
1.82839
1.82607
1.8239
1.82256
1.82265
1.82445
1.82769
1.83172
1.83568
1.83886
1.84075
1.84109
1.83985
1.83717
1.83342
1.82915
1.82507
1.82191
1.82021
1.82019
1.82164
1.824
1.82653
1.82856
1.82962
1.82957
1.82858
1.82702
1.82535
1.82392
1.82295
1.8225
1.82258
1.82323
1.82446
1.82624
1.82841
1.83072
1.83292
1.83477
1.83614
1.83697
1.83726
1.83707
1.83643
1.83539
1.83399
1.83225
1.83023
1.82804
1.8258
1.82366
1.8218
1.82036
1.81944
1.81907
1.81924
1.81986
1.82083
1.82202
1.8233
1.82455
1.82566
1.82655
1.82716
1.82746
1.82744
1.82711
1.82649
1.8256
1.82446
1.82308
1.82145
1.81957
1.81747
1.81521
1.81289
1.81071
1.8089
1.80767
1.80715
1.80729
1.80788
1.80864
1.80931
1.8097
1.80979
1.80961
1.80926
1.80882
1.80836
1.80787
1.80734
1.80671
1.80591
1.80491
1.80371
1.80236
1.80094
1.79951
1.79806
1.7965
1.79483
1.79325
1.79223
1.79236
1.79397
1.79682
1.80014
1.80295
1.80454
1.80469
1.80367
1.80218
1.80107
1.80101
1.80231
1.80482
1.80809
1.81156
1.8148
1.81748
1.81944
1.82058
1.82085
1.82026
1.81883
1.81667
1.81384
1.8103
1.80575
1.79963
1.79134
1.7811
1.77099
1.76499
1.76662
1.77574
1.78849
1.80049
1.80931
1.81449
1.81667
1.81681
1.81585
1.81461
1.81369
1.81345
1.81401
1.81526
1.817
1.81899
1.82104
1.82303
1.82488
1.82657
1.82811
1.82949
1.83076
1.83194
1.83307
1.83418
1.8353
1.83645
1.83762
1.83882
1.84001
1.84119
1.84233
1.84341
1.8444
1.84531
1.84615
1.8469
1.8476
1.84823
1.84877
1.8492
1.84943
1.84938
1.84894
1.84799
1.84645
1.84425
1.84136
1.83783
1.83377
1.82935
1.82483
1.82045
1.81648
1.81314
1.81056
1.80878
1.80787
1.80794
1.80914
1.81161
1.8153
1.81989
1.82483
1.8295
1.83331
1.83578
1.83658
1.83554
1.83261
1.82799
1.82217
1.81601
1.8107
1.80742
1.80691
1.80906
1.81301
1.81761
1.82185
1.82518
1.82745
1.8288
1.8295
1.82987
1.83017
1.83057
1.83115
1.83189
1.83272
1.8335
1.8341
1.83439
1.83424
1.83356
1.83227
1.83032
1.82769
1.82436
1.82026
1.81533
1.80959
1.80341
1.79779
1.79434
1.79455
1.79878
1.80588
1.81385
1.82094
1.82616
1.82924
1.83033
1.82978
1.82795
1.82519
1.82182
1.81818
1.81456
1.81129
1.80868
1.80703
1.80654
1.80726
1.80904
1.81155
1.81441
1.81723
1.81972
1.82174
1.82321
1.82414
1.82457
1.82456
1.82414
1.82339
1.82234
1.82105
1.81958
1.818
1.81639
1.81482
1.8134
1.81218
1.81124
1.81062
1.81034
1.81037
1.81069
1.81122
1.81189
1.81263
1.81337
1.81408
1.81471
1.81526
1.81572
1.81611
1.81645
1.81675
1.81704
1.81733
1.81761
1.81789
1.81814
1.81834
1.81842
1.81834
1.818
1.8173
1.81612
1.81434
1.81184
1.80861
1.80475
1.80058
1.79667
1.79373
1.79237
1.79289
1.79508
1.79835
1.80197
1.80534
1.80807
1.80999
1.81104
1.81129
1.81079
1.80962
1.80787
1.80561
1.80294
1.79997
1.79684
1.7937
1.79074
1.78817
1.78622
1.78511
1.78499
1.78593
1.78783
1.79049
1.79362
1.79693
1.8002
1.80327
1.80608
1.80862
1.81093
1.81303
1.81495
1.81671
1.81831
1.81975
1.82101
1.82209
1.82298
1.82368
1.8242
1.82453
1.8247
1.82469
1.8245
1.82411
1.82348
1.82257
1.8213
1.81962
1.81749
1.81495
1.81217
1.80948
1.80729
1.80607
1.80616
1.8076
1.8102
1.81352
1.81711
1.8206
1.82374
1.8264
1.82854
1.83017
1.83134
1.83208
1.83243
1.83243
1.83211
1.83148
1.83056
1.82942
1.82816
1.82698
1.82615
1.82596
1.82665
1.82825
1.83057
1.83321
1.83565
1.83738
1.83793
1.83692
1.83407
1.82924
1.82258
1.81468
1.80658
1.7995
1.79433
1.79137
1.7906
1.79208
1.79588
1.80159
1.80818
1.81445
1.81956
1.82332
1.82599
1.82802
1.82978
1.83144
1.8329
1.83391
1.83415
1.8333
1.83116
1.8276
1.82263
1.81641
