0.412887 0
0.402919 0.009968
0.407368 0.00727416
0.404904 0.00570359
0.411216 0.00770505
0.406859 0.00765262
0.408508 0.00667443
0.408877 0.00579198
0.406875 0.00548627
0.408734 0.00524744
0.407857 0.00482674
0.408307 0.00442907
0.408619 0.0040861
0.409298 0.00384334
0.40879 0.0036138
0.409123 0.00339679
0.408205 0.00332022
0.409032 0.00323776
0.408481 0.0031118
0.408367 0.00295433
0.409561 0.0030533
0.408759 0.00301953
0.408861 0.00288704
0.409293 0.00279769
0.409192 0.00268531
0.409448 0.00259257
0.40953 0.00249605
0.408729 0.00253508
0.409123 0.00247769
0.409097 0.00239382
0.409355 0.00232972
0.408893 0.00230269
0.40871 0.00223931
0.408839 0.00217631
0.408889 0.00211379
0.408953 0.00205525
0.408815 0.00200366
0.409128 0.00197507
0.408989 0.00192879
0.408922 0.00188115
0.409297 0.00187281
0.40892 0.00186616
0.409144 0.00183589
0.408734 0.00183987
0.40912 0.00183944
0.409004 0.00180275
0.409086 0.0017659
0.408867 0.00174257
0.409239 0.00174675
0.408856 0.00175388
