0.619331 0
0.604379 0.014952
0.611053 0.0109112
0.607356 0.00855538
0.616825 0.0115576
0.610289 0.0114789
0.612762 0.0100116
0.613315 0.00868796
0.610312 0.00822941
0.613101 0.00787116
0.611786 0.00724011
0.612461 0.00664361
0.612929 0.00612914
0.613946 0.005765
0.613185 0.0054207
0.613685 0.00509519
0.612307 0.00498033
0.613548 0.00485664
0.612722 0.0046677
0.61255 0.0044315
0.614341 0.00457995
0.613139 0.00452929
0.613291 0.00433056
0.613939 0.00419653
0.613789 0.00402797
0.614172 0.00388886
0.614295 0.00374407
0.613093 0.00380262
0.613685 0.00371653
0.613645 0.00359074
0.614033 0.00349458
0.613339 0.00345403
0.613064 0.00335896
0.613259 0.00326447
0.613333 0.00317069
0.613429 0.00308287
0.613223 0.00300549
0.613692 0.00296261
0.613483 0.00289319
0.613382 0.00282173
0.613946 0.00280921
0.613381 0.00279923
0.613716 0.00275383
0.613101 0.0027598
0.61368 0.00275916
0.613506 0.00270413
0.613629 0.00264885
0.6133 0.00261386
0.613858 0.00262012
0.613283 0.00263081
