111.906
112.39
112.726
112.889
112.887
112.761
112.575
112.387
112.24
112.143
112.082
112.03
111.968
111.886
111.794
111.7
111.607
111.505
111.376
111.204
110.987
110.73
110.445
110.144
109.829
109.485
109.097
108.653
108.16
107.654
107.188
106.823
106.614
106.598
106.803
107.246
107.928
108.829
109.908
111.101
112.325
113.486
114.489
115.25
115.699
115.789
115.506
114.874
113.971
112.915
111.854
110.937
110.29
109.979
109.996
110.273
110.716
111.215
111.673
112.023
112.231
112.279
112.176
111.939
111.596
111.167
110.669
110.111
109.505
108.876
108.241
107.644
107.135
106.772
106.621
106.747
107.219
108.089
109.382
111.053
112.991
115.016
116.912
118.48
119.574
120.143
120.23
119.934
119.382
118.692
117.948
117.187
116.404
115.569
114.663
113.683
112.658
111.654
110.743
109.991
109.434
109.069
108.844
108.684
108.492
108.184
107.7
107.021
106.173
105.232
104.328
103.62
103.278
103.447
104.22
105.601
107.503
109.751
112.126
114.416
116.452
118.103
119.282
119.932
120.023
119.549
118.543
117.087
115.317
113.399
111.518
109.844
108.509
107.578
107.06
106.907
107.041
107.393
107.912
108.562
109.309
110.106
110.879
111.547
112.034
112.289
112.304
112.113
111.783
111.403
111.066
110.852
110.823
111.009
111.412
112.011
112.76
113.586
114.404
115.117
115.639
115.89
115.811
115.368
114.557
113.386
111.893
110.144
108.232
106.28
104.437
102.865
101.724
101.151
101.236
102.004
103.408
105.338
107.635
110.104
112.549
114.784
116.657
118.054
118.915
119.248
119.102
118.563
117.736
116.723
115.623
114.507
113.421
112.391
111.417
110.489
109.596
108.757
108.029
107.483
107.194
107.204
107.499
108.026
108.702
109.435
110.138
110.737
111.175
111.425
111.478
111.35
111.073
110.701
110.289
109.908
109.63
109.524
109.636
109.99
110.575
111.357
112.272
113.236
114.154
114.927
115.471
115.722
115.639
115.224
114.513
113.581
112.517
111.413
110.356
109.414
108.648
108.111
107.845
107.869
108.173
108.705
109.395
110.157
110.916
111.609
112.199
112.679
113.064
113.37
113.611
113.792
113.901
113.916
113.799
113.514
113.034
112.347
111.457
110.403
109.251
108.111
107.115
106.4
106.091
106.286
107.021
108.27
109.948
111.913
113.993
116.012
117.794
119.187
120.072
120.361
120.009
119.023
117.462
115.441
113.121
110.703
108.413
106.461
105.026
104.221
104.082
104.569
105.571
106.933
108.488
110.074
111.565
112.871
113.947
114.784
115.388
115.782
115.987
116.017
115.888
115.615
115.21
114.686
114.051
113.318
112.513
111.677
110.867
110.157
109.619
109.314
109.283
109.541
110.076
110.852
111.803
112.85
113.891
114.821
115.524
115.903
115.875
115.399
114.475
113.155
111.532
109.732
107.906
106.21
104.789
103.753
103.161
103.026
103.325
104.011
105.033
106.335
107.861
109.548
111.318
113.07
114.692
116.065
117.088
117.693
117.848
117.569
116.913
115.968
114.848
113.683
112.596
111.69
111.026
110.64
110.532
110.672
111.012
111.489
112.042
112.6
113.106
113.508
113.747
113.776
113.564
113.098
112.381
111.433
110.3
109.043
107.748
106.521
105.483
104.759
104.452
104.626
105.289
106.386
107.802
109.394
111.014
112.522
113.805
114.78
115.385
115.583
115.362
114.737
113.758
112.505
111.091
109.654
108.346
107.299
106.611
106.322
106.442
106.938
107.769
108.892
110.254
111.803
113.464
115.154
116.78
118.253
119.497
120.448
121.047
121.239
120.976
120.231
119.006
117.353
115.373
113.213
111.056
109.113
107.586
106.631
106.318
106.602
107.328
108.261
109.153
109.785
110.02
109.832
109.299
108.585
107.898
107.431
107.326
107.649
108.394
109.494
110.833
112.278
113.687
114.923
115.878
116.465
116.635
116.388
115.768
114.853
113.742
112.548
111.368
110.28
109.336
108.56
107.955
107.525
107.28
107.244
107.439
107.873
108.537
109.4
110.419
111.542
112.722
113.9
115.014
115.974
116.699
117.11
117.155
116.821
116.143
115.192
114.065
112.86
111.657
110.519
109.501
108.64
107.974
107.532
107.334
107.386
107.677
108.183
108.874
109.72
110.687
111.723
112.753
113.683
114.408
114.835
114.901
114.586
113.91
112.931
111.732
110.427
109.136
108.001
107.163
106.735
106.794
107.36
108.396
109.804
111.452
113.177
114.82
116.24
117.326
117.997
118.208
117.943
117.228
116.129
114.748
113.216
111.682
110.298
109.183
108.421
108.057
108.087
108.473
109.153
110.044
111.045
112.052
112.978
113.761
114.377
114.825
115.116
115.256
115.246
115.072
114.719
114.165
113.392
112.395
111.187
109.803
108.297
106.754
105.283
104.001
103.033
102.492
102.447
102.921
103.877
105.218
106.802
108.471
110.078
111.511
112.708
113.663
114.404
114.965
115.366
115.601
115.644
115.466
115.061
114.441
113.662
112.805
111.972
111.272
110.805
110.646
110.822
111.304
112.016
112.842
113.646
114.301
114.712
114.832
114.662
114.234
113.598
112.814
111.946
111.057
110.204
109.445
108.831
108.406
108.204
108.251
108.563
109.139
109.952
110.959
112.09
113.263
114.388
115.375
116.146
116.639
116.814
116.661
116.198
115.472
114.547
113.495
112.401
111.342
110.391
109.609
109.037
108.696
108.576
108.624
108.763
108.912
108.994
108.96
108.814
108.593
108.364
108.203
108.167
108.287
108.542
108.884
109.248
109.563
109.775
109.852
109.791
109.609
109.336
108.995
108.602
108.155
107.647
107.08
106.477
105.894
105.408
105.115
105.109
105.461
106.206
107.331
108.791
110.505
112.37
114.273
116.091
117.695
118.959
119.761
120.011
119.648
118.671
117.124
115.125
112.852
110.528
108.398
106.698
105.619
105.275
105.685
106.779
108.39
110.295
112.251
114.03
115.453
116.412
116.866
116.84
116.414
115.703
114.846
113.971
113.173
112.494
111.929
111.436
110.97
110.501
110.024
109.572
109.215
109.03
109.093
109.455
110.117
111.023
112.058
113.079
113.946
114.549
114.822
114.746
114.347
113.681
112.816
111.844
110.862
109.961
109.229
108.744
108.563
108.711
109.188
109.952
110.935
112.045
113.167
114.179
114.965
115.419
115.474
115.105
114.334
113.246
111.954
110.587
109.261
108.067
107.068
106.339
105.953
105.986
106.479
107.423
108.732
110.254
111.799
113.185
114.268
114.975
115.294
115.273
114.985
114.495
113.861
113.139
112.387
111.684
111.119
110.776
110.715
110.961
111.509
112.314
113.314
114.432
115.577
116.638
117.502
118.057
118.213
117.919
117.159
115.961
114.384
112.528
110.537
108.582
106.833
105.436
104.495
104.056
104.125
104.658
105.588
106.819
108.243
109.74
111.194
112.492
113.547
114.305
114.744
114.876
114.718
114.284
113.592
112.679
111.615
110.494
109.422
108.485
107.735
107.195
106.871
106.773
106.912
107.296
107.935
108.833
109.97
111.312
112.812
114.409
116.022
117.541
118.841
119.797
120.284
120.204
119.498
118.17
116.305
114.052
111.628
109.302
107.352
106.011
105.436
105.652
106.548
107.897
109.406
110.78
111.768
112.202
112.016
111.26
110.088
108.732
107.454
106.501
106.066
106.245
107.047
108.401
110.169
112.173
114.223
116.125
117.703
118.824
119.406
119.425
118.919
117.977
116.717
115.268
113.737
112.222
110.787
109.477
108.324
107.362
106.611
106.088
105.803
105.749
105.907
106.253
106.757
107.384
108.093
108.83
109.527
110.104
110.475
110.576
110.372
109.885
109.192
108.419
107.721
107.241
107.085
107.296
107.842
108.623
109.517
110.416
111.249
111.999
112.684
113.338
113.988
114.628
115.233
115.757
116.155
116.407
116.501
116.449
116.267
115.982
115.612
115.166
114.66
114.116
113.561
113.026
112.531
112.082
111.672
111.282
110.885
110.474
110.058
109.662
109.318
109.066
108.937
108.953
109.119
109.415
109.794
110.196
110.564
110.859
111.071
111.219
111.344
111.488
111.683
111.935
112.213
112.457
112.598
112.582
112.388
112.058
111.694
111.434
111.407
111.675
112.19
112.817
113.371
113.677
113.619
113.16
112.339
111.248
110.016
108.778
107.663
106.766
106.157
105.878
105.94
106.329
107.007
107.915
108.975
110.108
111.239
112.307
113.273
114.117
114.829
115.408
115.855
116.163
116.328
116.346
116.223
115.972
115.614
115.179
114.699
114.212
113.748
113.332
112.983
112.719
112.552
112.492
112.545
112.697
112.913
113.134
113.284
113.276
113.031
112.486
111.621
110.459
109.069
107.559
106.057
104.701
103.632
102.971
102.801
103.153
103.98
105.165
106.543
107.937
