0.411678
0.414513
0.416488
0.417445
0.417434
0.416697
0.415603
0.414503
0.413641
0.413076
0.41273
0.412435
0.412086
0.411622
0.411108
0.410586
0.410068
0.409497
0.408767
0.407774
0.406507
0.405
0.403314
0.401531
0.399646
0.397584
0.395257
0.392598
0.389656
0.386643
0.383878
0.381717
0.380477
0.380389
0.381615
0.384245
0.388288
0.393624
0.400006
0.407053
0.414284
0.421131
0.427045
0.431526
0.434161
0.434679
0.432991
0.429254
0.423919
0.41769
0.411441
0.406045
0.402241
0.400424
0.400543
0.402197
0.404829
0.407795
0.410522
0.41261
0.413855
0.41416
0.413563
0.412171
0.410141
0.4076
0.404642
0.401329
0.39773
0.393985
0.390211
0.386664
0.383641
0.381485
0.38059
0.381336
0.384128
0.389279
0.396914
0.406776
0.418207
0.430145
0.441317
0.450547
0.456985
0.460337
0.460846
0.459097
0.455839
0.451768
0.44738
0.442886
0.438261
0.43334
0.428
0.422238
0.416221
0.410334
0.404998
0.400595
0.397344
0.395206
0.39389
0.392939
0.391789
0.389947
0.387067
0.383034
0.378006
0.372441
0.367107
0.362938
0.360939
0.36197
0.366563
0.37475
0.386009
0.399305
0.413347
0.42689
0.43893
0.448685
0.455647
0.459478
0.459992
0.457164
0.45119
0.442562
0.432075
0.420718
0.409584
0.39968
0.391777
0.386269
0.383202
0.382296
0.383099
0.385193
0.388284
0.392154
0.396593
0.401317
0.405895
0.409841
0.412707
0.4142
0.414262
0.413107
0.411131
0.408861
0.406843
0.405559
0.405371
0.406455
0.408834
0.412376
0.416803
0.421696
0.42654
0.430769
0.433861
0.435354
0.434891
0.432275
0.427477
0.42055
0.411719
0.401373
0.390067
0.378536
0.367648
0.358375
0.351657
0.348294
0.348821
0.353388
0.361713
0.373142
0.386732
0.401341
0.415804
0.429022
0.440097
0.44835
0.45344
0.455401
0.454524
0.451327
0.446416
0.440406
0.433876
0.427247
0.4208
0.414677
0.408894
0.40338
0.398092
0.393129
0.388827
0.385611
0.383917
0.383982
0.385729
0.388841
0.392832
0.397158
0.401303
0.404838
0.407428
0.408906
0.409229
0.40848
0.406857
0.404679
0.402265
0.400033
0.398419
0.397817
0.398507
0.400624
0.40411
0.408753
0.414181
0.419896
0.425333
0.429904
0.433111
0.434576
0.434062
0.43158
0.427344
0.421792
0.415453
0.40887
0.402561
0.396935
0.392349
0.389123
0.387508
0.387617
0.389393
0.392527
0.396607
0.401133
0.405655
0.409803
0.413356
0.416268
0.41862
0.42051
0.422006
0.423138
0.42383
0.423946
0.423263
0.421574
0.418712
0.414614
0.409312
0.40303
0.396172
0.389394
0.383468
0.379214
0.377371
0.378516
0.382853
0.390236
0.400158
0.411771
0.424071
0.436002
0.446535
0.454762
0.459977
0.461663
0.459559
0.453698
0.444443
0.432475
0.418745
0.404452
0.390921
0.379403
0.370946
0.366218
0.365435
0.368347
0.374301
0.382383
0.391603
0.401009
0.409845
0.417588
0.42397
0.428925
0.432501
0.434826
0.436024
0.436181
0.435393
0.433747
0.431321
0.428187
0.424394
0.420034
0.41525
0.410291
0.405501
0.401312
0.398153
0.39638
0.396237
0.397811
0.401022
0.405654
0.411316
0.417535
0.423708
0.429205
0.433344
0.435551
0.435343
0.43247
0.426951
0.419087
0.409439
0.398755
0.387925
0.377883
0.369474
0.363352
0.35987
0.3591
0.360905
0.365008
0.371101
0.378851
0.387925
0.397944
0.408445
0.418832
0.428431
0.436546
0.442585
0.446135
0.447027
0.445341
0.441425
0.435797
0.42914
0.422223
0.415765
0.410377
0.406431
0.40413
0.403479
0.404301
0.406311
0.409143
0.412424
0.415739
0.418747
0.421138
0.422565
0.422744
0.42149
0.418733
0.414482
0.408862
0.402144
0.394694
0.387021
0.37976
0.373623
0.369349
0.367549
0.368594
0.372538
0.379044
0.387436
0.396869
0.406465
0.415393
0.422991
0.42876
0.432339
0.433504
0.432185
0.428476
0.422675
0.41526
0.406895
0.398403
0.390673
0.384492
0.380428
0.378734
0.37945
0.382399
0.387332
0.393996
0.402076
0.411259
0.421108
0.431123
0.440754
0.449476
0.456845
0.462471
0.466011
0.467142
0.465575
0.461158
0.453907
0.444131
0.432425
0.419663
0.406927
0.395463
0.386452
0.380811
0.378956
0.38061
0.384857
0.390319
0.39554
0.399229
0.400581
0.399447
0.396295
0.39209
0.388059
0.385328
0.384739
0.386686
0.391126
0.397655
0.405603
0.414169
0.422516
0.429837
0.435487
0.438955
0.439951
0.438477
0.43479
0.429356
0.422757
0.415655
0.408638
0.402157
0.396526
0.391881
0.388256
0.385668
0.384191
0.383958
0.385098
0.387669
0.39161
0.396736
0.402787
0.409465
0.416482
0.423483
0.430091
0.435785
0.440075
0.442497
0.442742
0.440746
0.436707
0.431052
0.424354
0.417197
0.410051
0.403297
0.397259
0.392168
0.38824
0.385654
0.384524
0.384893
0.38668
0.389747
0.393908
0.398978
0.404754
0.410925
0.417034
0.422525
0.426786
0.429263
0.42959
0.427659
0.423585
0.417721
0.410567
0.402791
0.395119
0.388389
0.383435
0.380927
0.381313
0.384717
0.390898
0.399294
0.409101
0.419364
0.429128
0.437571
0.444016
0.447996
0.449241
0.447654
0.443403
0.436861
0.428657
0.41955
0.410439
0.402215
0.395579
0.391045
0.388869
0.389035
0.391312
0.395339
0.400619
0.406558
0.412541
0.418053
0.422729
0.426415
0.429103
0.430857
0.431706
0.431649
0.430613
0.428499
0.425182
0.420565
0.414618
0.407421
0.399186
0.390239
0.38109
0.372376
0.364798
0.359099
0.355929
0.355708
0.358568
0.364272
0.372254
0.381673
0.391592
0.401136
0.409645
0.416757
0.422424
0.426808
0.430112
0.432455
0.433795
0.433991
0.43288
0.43042
0.426706
0.422055
0.416964
0.412028
0.40789
0.405146
0.404235
0.405303
0.408185
0.412432
0.417351
0.42214
0.426049
0.428516
0.429261
0.428287
0.42578
0.422034
0.417401
0.412257
0.406973
0.401895
0.39736
0.39368
0.391116
0.389871
0.3901
0.391907
0.395275
0.400058
0.40599
0.412668
0.419597
0.426247
0.432092
0.436661
0.439586
0.440639
0.439749
0.437027
0.432756
0.427302
0.421101
0.414649
0.408409
0.402805
0.398199
0.394834
0.392836
0.392132
0.39242
0.393244
0.394128
0.394618
0.394423
0.393577
0.392294
0.390964
0.390039
0.389857
0.390582
0.392104
0.394129
0.396276
0.398127
0.399353
0.399777
0.399374
0.398251
0.396573
0.39449
0.392092
0.389373
0.386299
0.382888
0.379284
0.375816
0.372947
0.37124
0.37125
0.373388
0.377864
0.384595
0.39331
0.403519
0.414616
0.425922
0.436706
0.446209
0.453673
0.458386
0.459813
0.457606
0.451756
0.44254
0.430653
0.417159
0.403377
0.390759
0.380705
0.374338
0.372324
0.374785
0.381293
0.390864
0.402172
0.413794
0.424367
0.432836
0.438559
0.441292
0.441179
0.438685
0.434493
0.429417
0.42422
0.419455
0.415375
0.41196
0.408966
0.406139
0.403307
0.400442
0.397746
0.395626
0.394546
0.394944
0.397122
0.401073
0.406461
0.41261
0.418673
0.423814
0.427388
0.429006
0.428556
0.426189
0.422236
0.417105
0.411335
0.405511
0.400171
0.395842
0.392979
0.391921
0.392819
0.395667
0.40022
0.406069
0.412663
0.419327
0.425337
0.429993
0.432684
0.433004
0.430804
0.426228
0.41976
0.412085
0.403956
0.396068
0.38895
0.383002
0.378649
0.376346
0.376528
0.379442
0.385029
0.392779
0.401793
0.410953
0.419181
0.425624
0.429844
0.431775
0.431687
0.430019
0.427141
0.423413
0.419155
0.414724
0.410587
0.407271
0.405274
0.404943
0.406435
0.409711
0.414509
0.420455
0.427094
0.433882
0.440161
0.445262
0.44852
0.4494
0.447608
0.443051
0.435901
0.426506
0.415463
0.403621
0.392008
0.381614
0.373317
0.367724
0.365118
0.365522
0.368693
0.374216
0.381538
0.39
0.398907
0.407557
0.415282
0.421569
0.426096
0.428732
0.429538
0.42862
0.42606
0.421963
0.416555
0.410252
0.403606
0.397246
0.391681
0.387211
0.383984
0.382035
0.381432
0.382227
0.384486
0.388265
0.393578
0.400316
0.408273
0.417171
0.426645
0.436206
0.445208
0.452913
0.458569
0.461443
0.460956
0.456771
0.448911
0.437879
0.424566
0.410257
0.39654
0.385046
0.377156
0.373792
0.37508
0.380373
0.388324
0.397209
0.405284
0.411072
0.413588
0.412448
0.407949
0.401003
0.392982
0.385426
0.379807
0.377252
0.378333
0.383096
0.391128
0.401606
0.413489
0.425637
0.436903
0.446257
0.452897
0.456343
0.456455
0.453446
0.447853
0.440373
0.431757
0.422657
0.413643
0.405105
0.397322
0.390479
0.384778
0.380349
0.377285
0.37564
0.375372
0.376367
0.378476
0.381513
0.385271
0.3895
0.393879
0.398004
0.401403
0.403571
0.404133
0.402899
0.399993
0.395876
0.391302
0.387174
0.384344
0.383438
0.384698
0.38794
0.392572
0.397879
0.403216
0.408169
0.412627
0.416696
0.420573
0.42441
0.428178
0.431723
0.43478
0.437089
0.438522
0.439028
0.438669
0.437543
0.435811
0.433577
0.430905
0.427888
0.424654
0.421363
0.418195
0.415272
0.412629
0.410213
0.407922
0.405594
0.403187
0.400754
0.398431
0.396423
0.394947
0.394192
0.394286
0.395256
0.396986
0.399203
0.401552
0.403703
0.405433
0.406682
0.407567
0.408321
0.409205
0.410395
0.411923
0.41361
0.415094
0.415969
0.415921
0.41483
0.412936
0.410845
0.409359
0.409231
0.410828
0.413867
0.417544
0.420778
0.42254
0.422152
0.419401
0.414512
0.408032
0.400723
0.393385
0.386778
0.381466
0.377864
0.376222
0.376606
0.378926
0.382958
0.388351
0.394652
0.401376
0.408087
0.41442
0.420145
0.425135
0.429339
0.432749
0.435362
0.437151
0.438086
0.43815
0.437376
0.435844
0.43368
0.431066
0.428195
0.425285
0.422519
0.42005
0.417994
0.416454
0.415499
0.41519
0.415556
0.416513
0.417851
0.419217
0.420153
0.420148
0.418735
0.415535
0.410439
0.403578
0.395363
0.386432
0.377548
0.369523
0.363186
0.359258
0.358233
0.360282
0.365136
0.372106
0.380213
0.388435
