1000 3.58797 0
1100 3.59675 0.00878187
1200 3.60247 0.0076445
1300 3.78582 0.183431
1400 3.85787 0.15931
1500 3.9254 0.146559
1600 3.96845 0.131133
1700 4.10233 0.175562
1800 4.22104 0.195104
1900 4.26711 0.180483
2000 4.3309 0.175274
2100 4.41227 0.179504
2200 4.50337 0.188587
2300 4.54182 0.178781
2400 4.61027 0.179961
2500 4.65144 0.173299
2600 4.71811 0.175909
2700 4.7732 0.17476
2800 4.84014 0.178347
2900 4.89693 0.178471
3000 4.93218 0.17338
3100 4.95499 0.166878
3200 5.01667 0.170969
3300 5.06736 0.17136
3400 5.13945 0.179478
3500 5.17266 0.175606
3600 5.21575 0.174383
3700 5.26889 0.176245
3800 5.31022 0.175008
3900 5.34941 0.173555
4000 5.40263 0.176101
4100 5.43412 0.173391
4200 5.50381 0.181931
4300 5.57706 0.191097
4400 5.66624 0.205872
4500 5.72536 0.208624
4600 5.77278 0.208376
4700 5.8169 0.207561
4800 5.85682 0.206073
4900 5.89016 0.203603
5000 5.93242 0.203021
5100 5.96891 0.201462
5200 6.00025 0.199201
5300 6.03241 0.19726
5400 6.08347 0.199472
5500 6.13388 0.201495
5600 6.16845 0.200169
5700 6.19027 0.197166
5800 6.22555 0.196296
5900 6.25733 0.194938
6000 6.2819 0.192652
6100 6.30141 0.189915
6200 6.32203 0.187435
6300 6.35887 0.187584
6400 6.39752 0.188154
6500 6.44284 0.190242
6600 6.48791 0.192232
6700 6.51807 0.191281
6800 6.54746 0.190294
6900 6.57334 0.188877
7000 6.5971 0.187268
7100 6.61538 0.185128
7200 6.63304 0.183019
7300 6.65308 0.181248
7400 6.6871 0.181654
7500 6.71795 0.18152
7600 6.75346 0.182284
7700 6.7794 0.181447
7800 6.80916 0.181257
7900 6.83743 0.180872
8000 6.85776 0.179462
8100 6.87673 0.177965
8200 6.89205 0.176178
8300 6.91868 0.175809
8400 6.94243 0.175067
8500 6.9735 0.175521
8600 7.00818 0.176664
8700 7.03887 0.177063
8800 7.06626 0.176941
8900 7.08975 0.176287
9000 7.11006 0.175278
9100 7.12428 0.17371
9200 7.14014 0.172336
9300 7.16072 0.171512
9400 7.19811 0.173557
9500 7.24435 0.177651
9600 7.27329 0.177966
9700 7.30771 0.179267
9800 7.33586 0.179463
9900 7.36912 0.180547
10000 7.40323 0.181781
10100 7.44387 0.184331
10200 7.48732 0.187443
10300 7.52244 0.188734
10400 7.54804 0.188484
10500 7.56962 0.187755
10600 7.59402 0.187405
10700 7.61509 0.186675
10800 7.646 0.187348
10900 7.66994 0.187004
