1000 -0.341414 0
1100 -0.349584 0.0081694
1200 -0.360556 0.0119433
1300 -0.379682 0.0209072
1400 -0.389626 0.019004
1500 -0.397375 0.0173443
1600 -0.403682 0.0159576
1700 -0.417727 0.0197038
1800 -0.431154 0.0219604
1900 -0.438015 0.0208056
2000 -0.446798 0.0207683
2100 -0.456302 0.0212076
2200 -0.466553 0.0220375
2300 -0.472274 0.0211895
2400 -0.479259 0.0209268
2500 -0.484435 0.0202479
2600 -0.491431 0.0202655
2700 -0.498589 0.0204032
2800 -0.505432 0.0204766
2900 -0.512386 0.0206332
3000 -0.516789 0.0201138
3100 -0.520379 0.0195109
3200 -0.526705 0.0196874
3300 -0.532645 0.019763
3400 -0.539999 0.0203327
3500 -0.544453 0.0200363
3600 -0.54957 0.0199476
3700 -0.555739 0.0201874
3800 -0.561055 0.0201914
3900 -0.56628 0.0201944
4000 -0.572307 0.0204407
4100 -0.577029 0.0203471
4200 -0.58467 0.0211496
4300 -0.5935 0.0223374
4400 -0.603173 0.0237489
4500 -0.610381 0.0241793
4600 -0.61607 0.0241949
4700 -0.621599 0.0241899
4800 -0.626258 0.0240177
4900 -0.630413 0.0237754
5000 -0.63491 0.0236205
5100 -0.638839 0.0233836
5200 -0.642953 0.023201
5300 -0.647295 0.0230796
5400 -0.652908 0.0232486
5500 -0.658375 0.0233858
5600 -0.662388 0.023232
5700 -0.665347 0.0229345
5800 -0.669406 0.0228254
5900 -0.67309 0.0226656
6000 -0.675764 0.0223771
6100 -0.678168 0.0220739
6200 -0.680572 0.0217864
6300 -0.684746 0.0217828
6400 -0.689103 0.0218225
6500 -0.694194 0.0220255
6600 -0.699572 0.022294
6700 -0.70334 0.0222281
6800 -0.706666 0.0220998
6900 -0.70966 0.0219336
7000 -0.712433 0.0217486
7100 -0.714599 0.0215043
7200 -0.716447 0.0212407
7300 -0.718977 0.0210588
7400 -0.722636 0.0210526
7500 -0.726066 0.0210131
7600 -0.72975 0.0210224
7700 -0.733059 0.0209736
7800 -0.736294 0.020919
7900 -0.739234 0.0208266
8000 -0.741602 0.0206672
8100 -0.743743 0.0204903
8200 -0.745724 0.0203046
8300 -0.748427 0.0202098
8400 -0.751378 0.0201557
8500 -0.754656 0.0201572
8600 -0.758409 0.0202446
8700 -0.76136 0.0202
8800 -0.764322 0.0201615
8900 -0.766971 0.0200833
9000 -0.769167 0.019955
9100 -0.770945 0.0197902
9200 -0.772896 0.0196474
9300 -0.775331 0.0195642
9400 -0.779258 0.0197275
9500 -0.784062 0.02008
9600 -0.787735 0.0201849
9700 -0.7916 0.0203249
9800 -0.795155 0.0204074
9900 -0.799125 0.0205661
10000 -0.803238 0.0207506
10100 -0.807839 0.0210331
10200 -0.812507 0.021323
10300 -0.81642 0.0214548
10400 -0.819567 0.0214597
10500 -0.822221 0.0214003
10600 -0.824902 0.0213475
10700 -0.827677 0.02131
10800 -0.830855 0.0213317
10900 -0.833943 0.0213419
