1000 0.305207 0
1100 0.310652 0.00544589
1200 0.317938 0.00793486
1300 0.330689 0.0139307
1400 0.337317 0.0126636
1500 0.34249 0.011562
1600 0.346696 0.0106383
1700 0.356059 0.0131359
1800 0.365019 0.0146451
1900 0.369601 0.0138773
2000 0.375459 0.0138522
2100 0.381799 0.0141453
2200 0.388637 0.0146995
2300 0.392453 0.0141337
2400 0.39711 0.0139578
2500 0.400556 0.0135035
2600 0.405214 0.0135124
2700 0.409982 0.0136027
2800 0.414537 0.0136493
2900 0.419168 0.0137519
3000 0.422099 0.0134052
3100 0.424486 0.0130024
3200 0.428701 0.0131194
3300 0.432657 0.0131692
3400 0.437557 0.0135485
3500 0.440526 0.0133514
3600 0.443938 0.0132926
3700 0.448049 0.0134528
3800 0.451592 0.0134555
3900 0.455072 0.0134569
4000 0.459085 0.0136203
4100 0.462228 0.0135571
4200 0.467314 0.0140899
4300 0.473192 0.0148795
4400 0.479632 0.0158182
4500 0.484429 0.0161036
4600 0.488212 0.0161126
4700 0.491887 0.0161079
4800 0.494986 0.0159926
4900 0.497749 0.0158305
5000 0.500743 0.0157271
5100 0.503356 0.0155691
5200 0.506094 0.0154473
5300 0.508983 0.0153661
5400 0.51272 0.0154786
5500 0.51636 0.0155699
5600 0.519033 0.0154677
5700 0.521002 0.0152696
5800 0.523703 0.0151967
5900 0.526157 0.0150905
6000 0.527935 0.0148981
6100 0.529534 0.014696
6200 0.531132 0.0145044
6300 0.53391 0.0145018
6400 0.536813 0.0145286
6500 0.540202 0.0146639
6600 0.543786 0.0148436
6700 0.546297 0.0147999
6800 0.548512 0.0147146
6900 0.550506 0.0146041
7000 0.552353 0.0144809
7100 0.553795 0.0143182
7200 0.555025 0.0141427
7300 0.556708 0.0140214
7400 0.559146 0.0140175
7500 0.561431 0.0139915
7600 0.563886 0.0139979
7700 0.56609 0.0139656
7800 0.568245 0.0139294
7900 0.570204 0.0138681
8000 0.571782 0.0137621
8100 0.573208 0.0136443
8200 0.574527 0.0135206
8300 0.576326 0.0134575
8400 0.578291 0.0134214
8500 0.580474 0.0134223
8600 0.582973 0.0134805
8700 0.584939 0.013451
8800 0.586913 0.0134256
8900 0.588678 0.0133737
9000 0.590141 0.0132883
9100 0.591325 0.0131785
9200 0.592622 0.0130833
9300 0.59424 0.0130275
9400 0.596852 0.0131355
9500 0.60005 0.0133701
9600 0.602492 0.0134393
9700 0.605061 0.0135318
9800 0.607425 0.0135861
9900 0.610063 0.0136909
10000 0.612798 0.013813
10100 0.615856 0.0140001
10200 0.61896 0.0141924
10300 0.621561 0.0142794
10400 0.62365 0.0142819
10500 0.625411 0.0142417
10600 0.627189 0.0142058
10700 0.629031 0.0141802
10800 0.631141 0.014194
10900 0.633194 0.0142005
