1000 0.116396 0
1100 0.116395 5.72185e-07
1200 0.116351 4.45076e-05
1300 0.116351 3.1476e-05
1400 0.116349 2.44777e-05
1500 0.11636 2.28202e-05
1600 0.116362 1.9413e-05
1700 0.116363 1.68137e-05
1800 0.116374 1.889e-05
1900 0.116387 2.13374e-05
2000 0.116391 1.96498e-05
2100 0.116396 1.85544e-05
2200 0.116403 1.85007e-05
2300 0.116405 1.72974e-05
2400 0.116406 1.61115e-05
2500 0.1164 1.62703e-05
2600 0.116389 1.84055e-05
2700 0.116384 1.81561e-05
2800 0.116374 1.99401e-05
2900 0.116365 2.07622e-05
3000 0.11636 2.04735e-05
3100 0.116351 2.15024e-05
3200 0.116346 2.10862e-05
3300 0.116341 2.09298e-05
3400 0.116336 2.06555e-05
3500 0.116336 1.98562e-05
3600 0.116336 1.91176e-05
3700 0.116335 1.84347e-05
3800 0.116333 1.79185e-05
3900 0.116327 1.82072e-05
4000 0.116321 1.87857e-05
4100 0.116313 1.96543e-05
4200 0.116301 2.26291e-05
4300 0.116289 2.53223e-05
4400 0.116275 2.8042e-05
4500 0.116262 3.0271e-05
4600 0.116248 3.2732e-05
4700 0.116233 3.52382e-05
4800 0.116222 3.5893e-05
4900 0.11621 3.68929e-05
5000 0.116204 3.66088e-05
5100 0.116195 3.66238e-05
5200 0.116189 3.64153e-05
5300 0.11618 3.66387e-05
5400 0.116172 3.66047e-05
5500 0.116165 3.65285e-05
5600 0.116162 3.58817e-05
5700 0.116157 3.54879e-05
5800 0.116149 3.55811e-05
5900 0.116146 3.49932e-05
6000 0.116139 3.5005e-05
6100 0.116133 3.49209e-05
6200 0.116126 3.49783e-05
6300 0.116119 3.50235e-05
6400 0.116115 3.45409e-05
6500 0.11611 3.44301e-05
6600 0.116108 3.38524e-05
6700 0.116105 3.34303e-05
6800 0.116102 3.2949e-05
6900 0.1161 3.24815e-05
7000 0.116097 3.20885e-05
7100 0.116093 3.17581e-05
7200 0.11609 3.14156e-05
7300 0.116085 3.13064e-05
7400 0.116083 3.09349e-05
7500 0.116081 3.0531e-05
7600 0.116078 3.01654e-05
7700 0.116076 2.98158e-05
7800 0.116074 2.94355e-05
7900 0.116073 2.90404e-05
8000 0.116071 2.86613e-05
8100 0.116069 2.83799e-05
8200 0.116066 2.81198e-05
8300 0.116063 2.79422e-05
8400 0.116059 2.78398e-05
8500 0.116055 2.77791e-05
8600 0.11605 2.77909e-05
8700 0.116048 2.74796e-05
8800 0.116047 2.7172e-05
8900 0.116046 2.68692e-05
9000 0.116044 2.65816e-05
9100 0.116042 2.63629e-05
9200 0.116037 2.65083e-05
9300 0.11603 2.70051e-05
9400 0.116019 2.8743e-05
9500 0.116013 2.91253e-05
9600 0.116003 3.0401e-05
9700 0.115993 3.18377e-05
9800 0.115982 3.31218e-05
9900 0.11597 3.49805e-05
10000 0.115959 3.62556e-05
10100 0.115946 3.83704e-05
10200 0.115934 3.98158e-05
10300 0.115921 4.13273e-05
10400 0.115908 4.28e-05
10500 0.115895 4.429e-05
10600 0.115882 4.59865e-05
10700 0.115869 4.71453e-05
10800 0.115857 4.81962e-05
10900 0.115848 4.85877e-05
