1000 0.45781 0
1100 0.465979 0.00816883
1200 0.476907 0.0119023
1300 0.496033 0.020896
1400 0.505975 0.0189954
1500 0.513736 0.017343
1600 0.520044 0.0159575
1700 0.534089 0.0197039
1800 0.547528 0.0219676
1900 0.554402 0.020816
2000 0.563189 0.0207784
2100 0.572698 0.0212179
2200 0.582956 0.0220492
2300 0.588679 0.0212006
2400 0.595665 0.0209368
2500 0.600835 0.0202553
2600 0.607821 0.0202686
2700 0.614973 0.020404
2800 0.621805 0.0204739
2900 0.628751 0.0206279
3000 0.633149 0.0201078
3100 0.63673 0.0195035
3200 0.643051 0.0196792
3300 0.648985 0.0197539
3400 0.656335 0.0203228
3500 0.660789 0.0200272
3600 0.665906 0.0199389
3700 0.672074 0.0201793
3800 0.677388 0.0201833
3900 0.682608 0.0201853
4000 0.688628 0.0204304
4100 0.693342 0.0203357
4200 0.700971 0.0211348
4300 0.709789 0.0223193
4400 0.719448 0.0237273
4500 0.726643 0.0241553
4600 0.732317 0.0241689
4700 0.737831 0.0241618
4800 0.74248 0.0239888
4900 0.746623 0.0237457
5000 0.751114 0.0235907
5100 0.755035 0.0233537
5200 0.759142 0.0231709
5300 0.763474 0.0230491
5400 0.76908 0.0232179
5500 0.77454 0.0233549
5600 0.77855 0.0232016
5700 0.781503 0.0229044
5800 0.785555 0.022795
5900 0.789236 0.0226358
6000 0.791903 0.0223472
6100 0.794301 0.0220441
6200 0.796698 0.0217565
6300 0.800865 0.0217527
6400 0.805219 0.0217929
6500 0.810303 0.0219959
6600 0.81568 0.0222654
6700 0.819445 0.0221999
6800 0.822768 0.022072
6900 0.82576 0.0219062
7000 0.82853 0.0217214
7100 0.830692 0.0214774
7200 0.832537 0.021214
7300 0.835063 0.0210321
7400 0.838718 0.0210263
7500 0.842147 0.0209872
7600 0.845829 0.0209969
7700 0.849135 0.0209484
7800 0.852368 0.0208942
7900 0.855307 0.0208021
8000 0.857673 0.0206432
8100 0.859812 0.0204665
8200 0.86179 0.0202809
8300 0.864489 0.0201862
8400 0.867436 0.0201321
8500 0.870711 0.0201335
8600 0.874459 0.0202208
8700 0.877408 0.0201766
8800 0.880369 0.0201384
8900 0.883017 0.0200605
9000 0.885211 0.0199324
9100 0.886987 0.0197678
9200 0.888933 0.0196249
9300 0.891361 0.0195413
9400 0.895277 0.0197032
9500 0.900075 0.0200551
9600 0.903739 0.0201589
9700 0.907592 0.0202977
9800 0.911138 0.0203791
9900 0.915095 0.0205363
10000 0.919197 0.0207195
10100 0.923784 0.0210002
10200 0.92844 0.0212886
10300 0.932341 0.021419
10400 0.935475 0.0214229
10500 0.938117 0.0213625
10600 0.940784 0.0213087
10700 0.943546 0.0212703
10800 0.946712 0.021291
10900 0.949791 0.0213007
