0.950297
0.954069
0.956643
0.958
0.958271
0.957776
0.956988
0.956403
0.956449
0.957506
0.959813
0.963466
0.968448
0.974579
0.981509
0.988757
0.995795
1.00211
1.00721
1.01072
1.01234
1.01191
1.00932
1.00459
0.997848
0.98936
0.97949
0.968696
0.957421
0.946082
0.935008
0.924466
0.914647
0.905716
0.897788
0.890916
0.885113
0.880524
0.877558
0.876921
0.879545
0.886256
0.897367
0.912455
0.930317
0.949218
0.967384
0.983496
0.996903
1.00764
1.01621
1.02325
1.02935
1.03482
1.03959
1.04327
1.04525
1.04478
1.04117
1.0339
1.02288
1.00862
0.992406
0.976082
0.961506
0.949779
0.940865
0.93394
0.928104
0.922962
0.918619
0.915455
0.913807
0.913808
0.915383
0.918305
0.922202
0.926558
0.930724
0.934013
0.935797
0.935667
0.933573
0.929871
0.925314
0.920947
0.917993
0.917568
0.920412
0.926673
0.935813
0.946729
0.957882
0.967676
0.974684
0.977804
0.976411
0.970328
0.959784
0.945365
0.927892
0.908363
0.887902
0.867733
0.849084
0.833075
0.820619
0.81232
0.808408
0.808763
0.812974
0.820425
0.83041
0.842179
0.854982
0.868065
0.880671
0.89208
0.901598
0.90858
0.912456
0.912829
0.909545
0.90292
0.893834
0.883793
0.874759
0.8687
0.867023
0.870173
0.877679
0.888558
0.901781
0.916537
0.932271
0.948595
0.965197
0.981746
0.997927
1.01341
1.02788
1.04106
1.05265
1.06227
1.06952
1.07402
1.07553
1.07399
1.06955
1.06254
1.05345
1.04284
1.03133
1.01952
1.00805
0.997472
0.988251
0.980624
0.974555
0.969762
0.965914
0.962689
0.959895
0.957395
0.955005
0.952321
0.948731
0.943526
0.936135
0.926345
0.914466
0.901395
0.888467
0.877153
0.868662
0.863628
0.862024
0.863269
0.866394
0.87028
0.87388
0.876415
0.877529
0.87737
0.876573
0.876121
0.877157
0.880682
0.88732
0.897082
0.90933
0.922897
0.936265
0.947801
0.955993
0.959672
0.958146
0.951366
0.939972
0.925212
0.908882
0.892977
0.879399
0.869615
0.864485
0.864247
0.868601
0.876834
0.887926
0.900708
0.914011
0.926848
0.938494
0.948493
0.956636
0.962868
0.967309
0.970265
0.972223
0.973738
0.975245
0.976961
0.978785
0.980386
0.981435
0.981864
0.981906
0.982049
0.982866
0.984753
0.98779
0.991664
0.995738
0.999194
1.00123
1.00119
0.99864
0.993401
0.985541
0.975346
0.963288
0.949959
0.936028
0.922197
0.909136
0.897462
0.887685
0.8802
0.875268
0.873023
0.873468
0.876446
0.881665
0.888707
0.897044
0.906037
0.914945
0.922868
0.928785
0.931703
0.930893
0.926145
0.917953
0.907488
0.896473
0.886717
0.879688
0.876161
0.876134
0.878916
0.883449
0.888644
0.893682
0.898122
0.901994
0.905678
0.909706
0.914549
0.920398
0.927045
0.933894
0.94004
0.944436
0.946223
0.944983
0.940975
0.935086
0.928561
0.922576
0.91781
0.914267
0.911419
0.908542
0.905137
0.90113
0.896882
0.892878
0.889323
0.885962
0.882305
0.878031
0.873395
0.869229
0.866546
0.865956
0.867415
0.870353
0.874005
0.877717
0.880968
0.883351
0.88461
0.884702
0.883918
0.882854
0.882301
0.883027
0.88557
0.890006
0.895814
0.901983
0.907239
0.910405
0.910694
0.907925
0.902515
0.895337
0.887434
0.879899
0.87369
0.869541
0.867897
0.868858
0.872287
0.877822
0.884985
0.893228
0.902021
0.910953
0.919787
0.928525
0.937316
0.946356
0.955703
0.965157
0.974165
0.981934
0.987665
0.990746
0.990858
0.987995
0.982378
0.974413
0.964644
0.953685
0.942227
0.930937
0.920437
0.911348
0.904214
0.899469
0.897355
0.897845
0.900613
0.905135
0.910799
0.917
0.923133
0.928626
0.932896
0.935443
0.935893
0.934105
0.930259
0.924951
0.91911
0.913906
0.91045
0.909428
0.910912
0.914346
0.918749
0.923111
0.926586
0.928625
0.928887
0.92724
0.923752
0.918647
0.9124
0.905566
0.898623
0.891811
0.885102
0.878315
0.871285
0.864057
0.856967
0.85059
0.845519
0.842153
0.840547
0.840476
0.841591
0.843686
0.846899
0.851753
0.859017
0.869463
0.883548
0.901166
0.921585
0.943532
0.965454
0.985808
1.00322
1.01659
1.02516
1.02855
1.02678
1.02036
1.01015
0.997247
0.98287
0.96819
0.954268
0.941978
0.931955
0.924486
0.919451
0.916326
0.914327
0.912648
0.910682
0.908082
0.904743
0.900715
0.896153
0.891316
0.886655
0.882863
0.880844
0.881512
0.885403
0.892386
0.901617
0.911787
0.921508
0.929638
0.935484
0.938948
0.94063
0.941673
0.943263
0.94593
0.949049
0.951036
0.950174
0.945538
0.937514
0.927644
0.91807
0.910816
0.907301
0.908162
0.913278
0.921864
0.932589
0.943814
0.953858
0.96126
0.965022
0.96467
0.960306
0.952533
0.942345
0.930941
0.919561
0.909278
0.900836
0.89463
0.890793
0.889293
0.889998
0.892715
0.897106
0.90263
0.908561
0.914109
0.918547
0.921377
0.922415
0.921765
0.919698
0.916605
0.912925
0.909152
0.90586
0.903724
0.903404
0.905454
0.910181
0.917499
0.926939
0.937742
0.948991
0.95979
0.969388
0.977266
0.983201
0.987253
0.989697
0.990917
0.991239
0.990832
0.989593
0.987196
0.983156
0.976993
0.96839
0.957283
0.943947
0.928985
0.913369
0.898376
0.885572
0.876628
0.87292
0.874963
0.882107
0.892757
0.90498
0.917096
0.927961
0.936897
0.943472
0.947386
0.948333
0.946073
0.940561
0.932114
0.921559
0.910431
0.900814
0.894817
0.89375
0.897447
0.904313
0.91208
0.918719
0.922976
0.924388
0.92314
0.919833
0.915309
0.910549
0.906536
0.904085
0.903711
0.905547
0.909442
0.915109
0.922353
0.931142
0.941535
0.95357
0.967074
0.981591
0.996359
1.01044
1.02288
1.03288
1.03989
1.04364
1.04411
1.0414
1.03576
1.02747
1.01687
1.00441
0.990734
0.976701
0.963367
0.951805
0.942841
0.936913
0.934077
0.93416
0.936843
0.941649
0.947862
0.954594
0.960949
0.966155
0.969737
0.971579
0.9719
0.971142
0.969858
0.968549
0.967578
0.967144
0.967291
0.967975
0.969039
0.97027
0.971409
0.972145
0.972181
0.971298
0.969361
0.96635
0.962365
0.957633
0.952456
0.947183
0.94217
0.937746
0.934213
0.931856
0.930974
0.931947
0.935194
0.941086
0.94973
0.960766
0.973304
0.986088
0.997744
1.00704
1.01309
1.0154
1.01399
1.00936
1.00236
0.994141
0.985963
0.979002
0.974196
0.972085
0.972689
0.975476
0.979528
0.983752
0.987141
0.988994
0.989031
0.9874
0.98456
0.981156
0.977842
0.975113
0.973201
0.971968
0.970965
0.969529
0.96695
0.962601
0.956167
0.947702
0.93764
0.926746
0.915943
0.906085
0.897759
0.891286
0.886886
0.884827
0.885527
0.88949
0.897059
0.908149
0.922184
0.938141
0.954809
0.97104
0.985926
0.998885
1.00957
1.01781
1.02356
1.0269
1.02792
1.02686
1.02396
1.01952
1.01381
1.00709
0.999566
0.991444
0.982927
0.974279
0.965888
0.958284
0.952016
0.947465
0.944579
0.942769
0.941164
0.938974
0.935879
0.932153
0.928461
0.925504
0.923686
0.923058
0.923574
0.925426
0.929127
0.935234
0.943986
0.954906
0.966709
0.977628
0.985946
0.99051
0.991112
0.988599
0.98463
0.981124
0.979515
0.980202
0.982673
0.985898
0.988795
0.990631
0.991044
0.989981
0.987505
0.983673
0.978495
0.971892
0.963801
0.954189
0.943163
0.930976
0.917988
0.904644
0.891403
0.878801
0.867428
0.857937
0.850898
0.846623
0.845004
0.84548
0.847199
0.849299
0.851212
0.852825
0.854522
0.85709
0.861466
0.868338
0.877819
0.88943
0.90234
0.915639
0.928442
0.939886
0.949162
0.955542
0.958447
0.957553
0.95289
0.944813
0.934024
0.92155
0.908604
0.89651
0.886515
0.879649
0.876515
0.877154
0.881041
0.887254
0.894776
0.902743
0.910606
0.918073
0.924999
0.931292
0.936881
0.941698
0.945707
0.948914
0.95141
0.953446
0.955349
0.957376
0.959506
0.961289
0.961956
0.960681
0.956969
0.950839
0.94286
0.933919
0.924995
0.916933
0.910335
0.905551
0.902692
0.90169
0.902325
0.904323
0.907358
0.911107
0.915281
0.919675
0.924181
0.928724
0.933285
0.937751
0.941895
0.945359
0.947732
0.948653
0.947874
0.945297
0.940998
0.935255
0.928462
0.921103
0.913679
0.906589
0.900091
0.894316
0.889317
0.885168
0.882098
0.880536
0.881014
0.884006
0.889767
0.898149
0.908568
0.920119
0.931744
0.94246
0.951474
0.958242
0.962471
0.964098
0.963347
0.960749
0.957215
0.953947
0.952255
0.953172
0.957153
0.963842
0.972157
0.980579
0.987515
0.991551
0.991578
0.986842
0.977041
0.96239
0.943766
0.922804
0.90178
0.883249
0.869446
0.861673
0.860047
0.863747
0.871493
0.88205
0.894408
0.907759
0.921383
0.934544
0.946478
0.956459
0.963906
0.968486
0.97016
0.96921
0.966185
0.96182
0.95692
0.952174
0.948036
0.94462
0.941722
0.939003
0.936212
0.933361
0.930743
0.928773
0.927788
0.927933
0.929121
0.931093
0.933575
0.936343
0.93925
0.942231
0.945239
0.948167
0.950834
0.952999
0.954434
0.955019
0.954709
0.953596
0.951875
0.949802
0.947584
0.945387
0.943265
0.941223
0.939241
0.937325
0.935515
0.933836
0.932242
0.93066
0.929095
0.927692
0.926841
0.927072
0.928885
0.932546
0.937892
0.944362
0.951189
0.957612
0.963089
0.96733
0.970334
0.972304
0.973637
0.974785
0.976045
0.977381
0.978335
0.97814
0.975967
0.971194
0.963613
0.953583
0.942025
0.930315
0.919965
0.912194
0.90758
0.905978
0.906702
0.908883
0.911747
0.914757
0.91761
0.920191
0.922493
0.924545
0.926379
0.927966
0.929175
0.929743
0.929254
0.927244
0.923283
0.917153
0.90896
0.899187
0.888671
0.878486
0.869812
0.863812
0.861447
0.863345
0.869624
0.879779
0.892746
0.90716
0.921613
0.934883
0.946034
0.954463
0.959953
0.962636
0.962948
0.96144
0.958624
0.954746
0.949723
0.943271
0.935166
0.925515
0.914882
0.904266
0.894915
0.888144
0.88506
0.886393
0.892366
0.902786
0.917213
0.935157
0.95608
0.979204
1.00325
1.02635
1.04633
1.06126
1.06989
1.07178
1.06724
1.05716
1.04279
1.02556
1.00687
0.988044
0.970219
0.954291
0.940901
0.930386
0.922853
0.918287
0.916623
0.917734
0.921419
0.927337
0.9349
0.94327
0.951418
0.958246
0.962751
0.964236
0.962478
0.957789
0.950926
0.942764
0.933969
0.924812
0.915263
0.905262
0.894943
0.884721
0.875292
0.867515
0.862246
0.860104
0.861275
0.865437
0.871889
0.879752
0.888203
0.896601
0.904582
0.911979
0.918754
0.924838
0.929979
0.933721
0.935483
0.93477
0.931405
0.925702
0.918439
0.910733
0.903846
0.898894
0.896632
0.897316
0.90075
0.906347
0.91322
0.920351
0.926702
0.931336
0.933559
0.933037
0.929819
0.924321
0.917253
0.909487
0.90202
0.895809
0.891677
0.890182
0.891536
0.895574
0.901799
0.90954
0.918129
0.92698
0.935632
0.94368
0.950749
0.956494
0.960703
0.963449
0.965151
0.966487
0.968196
0.970751
0.974247
0.97834
0.98238
0.985594
0.987237
0.986749
0.98384
0.978471
0.970895
0.961683
0.951696
0.941963
0.933573
0.927483
0.924337
0.9244
0.927456
0.932868
0.939707
0.946938
0.953658
0.959279
0.963647
0.96701
0.969845
0.972607
0.975571
0.978698
0.981667
0.984038
0.985362
0.985336
0.983891
0.981215
0.977797
0.974339
0.971612
0.970208
0.970383
0.972006
0.974635
0.977705
0.980677
0.983152
0.984809
0.98532
0.984381
0.981725
0.977232
0.97097
0.963257
0.954678
0.946023
0.938132
0.931658
0.926848
0.92354
0.921259
0.919427
0.917513
0.915142
0.912167
0.908684
0.905059
0.90185
0.89965
0.898839
0.899393
0.900804
0.902276
0.90291
0.901898
0.898607
0.892703
0.884286
0.873973
0.862969
0.85281
0.844892
0.839941
0.837878
0.838225
0.840606
0.845031
0.85166
0.86052
0.871305
0.883476
0.896373
0.90936
0.92193
0.933697
0.944402
0.953885
0.96199
0.968567
0.973423
0.976379
0.977246
0.976013
0.972791
0.967711
0.960878
0.952336
0.942228
0.930935
0.919195
0.908044
0.898663
0.892113
0.889137
0.890001
0.894488
0.901986
0.911681
0.922669
0.934099
0.94526
0.955545
0.96452
0.971918
0.977629
0.981705
0.984308
0.985621
0.985834
0.98509
0.983474
0.981005
0.977695
0.973556
0.968624
0.962989
0.956859
0.950564
0.944612
0.939663
0.936415
0.935446
0.937043
0.940993
0.946608
0.952863
0.958618
0.962899
0.965095
0.965076
0.963244
0.960414
0.957523
0.955289
0.953928
0.953093
0.952029
0.949945
0.946291
0.941013
0.934607
0.928016
0.92245
0.919047
0.91855
0.92109
0.926093
0.932368
0.938426
0.942938
0.945199
0.945494
0.945174
0.946132
0.949701
0.955788
0.962952
0.969232
0.973017
0.973431
0.970287
0.963923
0.955093
0.944982
0.935143
0.927301
0.923019
0.923332
0.928491
0.937983
0.950655
0.965015
0.979435
0.992339
1.00236
1.00852
1.01041
1.00817
1.00244
0.99423
0.984757
0.975277
0.966893
0.960545
0.956865
0.956187
0.958483
0.963423
0.970437
0.978799
0.987708
0.99638
1.00408
1.01019
1.01428
1.01619
1.01599
1.01406
1.01104
1.00791
1.00587
1.00622
1.00978
1.01644
1.02498
1.03345
1.03988
1.04284
1.04152
1.03579
1.02594
1.01279
0.997538
0.981674
0.96677
0.954182
0.94475
0.938586
0.935139
0.93344
0.932491
0.931511
0.929954
0.927534
0.924189
0.920042
0.915392
0.910719
0.906537
0.903312
0.901345
0.900824
0.901833
0.904422
0.908636
0.914555
0.922292
0.931926
0.943414
0.956534
0.970857
0.985808
1.0007
1.0148
1.02743
1.03804
1.04627
1.052
1.05528
1.05634
1.05545
1.0529
1.04896
1.04382
1.03763
1.03049
1.02258
1.01412
1.00552
0.997356
0.990416
0.985549
0.98351
0.984755
0.989227
0.996343
1.00507
1.01398
1.02146
1.02595
1.02624
1.0217
1.01247
0.999459
0.98429
0.969007
0.95569
0.946109
0.941288
0.941307
0.945299
0.951702
0.958642
0.964402
0.96786
0.968673
0.967201
0.964221
0.960544
0.956786
0.953303
0.9503
0.947915
0.946338
0.945809
0.946665
0.94918
0.953456
0.959304
0.966258
0.973614
0.980589
0.986506
0.990855
0.993386
0.99406
0.992887
0.989918
0.985244
0.97921
0.972489
0.966098
0.961218
0.958803
0.959242
0.962206
0.966721
0.97152
0.975612
0.978471
0.979998
0.980271
0.97933
0.977063
0.973299
0.968008
0.96158
0.954972
0.9498
0.948092
0.951713
0.961618
0.977389
0.997233
1.01851
1.03863
1.05565
1.06849
1.07684
1.08087
1.08098
1.07754
1.0709
1.06134
1.04907
1.03433
1.01742
0.998796
0.979056
0.958874
0.938986
0.920192
0.903384
0.889447
0.879162
0.873019
0.871011
0.872566
0.876608
0.881722
0.886508
0.889906
0.891568
0.892111
0.892959
0.895785
0.901671
0.910592
0.921548
0.933151
0.944162
0.953727
0.961361
0.96689
0.970347
0.971969
0.972067
0.971024
0.969208
0.966961
0.964559
0.962229
0.960138
0.958424
0.957178
0.956427
0.956155
0.956291
0.95678
0.957577
0.958699
0.960218
0.96226
0.96494
0.968303
0.972186
0.976191
0.979639
0.98165
0.981359
0.978127
0.971698
0.962292
0.950589
0.937579
0.924338
0.911848
0.900913
0.892152
0.886016
0.882828
0.88265
0.885221
0.889926
0.895837
0.901874
0.907018
0.910556
0.912272
0.912508
0.912121
0.912185
0.913621
0.91681
0.921447
0.926636
0.93123
0.934243
0.935152
0.933954
0.931003
0.926835
0.922021
0.917151
0.912916
0.910137
0.909523
0.911323
0.915057
0.919778
0.924564
0.929051
0.93347
0.938248
0.943619
0.949482
0.95539
0.960734
0.96485
0.96723
0.967597
0.965944
0.962474
0.957519
0.951403
0.944424
0.936861
0.928928
0.920832
0.912789
0.904991
0.897647
0.890984
0.885245
0.880714
0.877694
0.876472
0.877281
0.880266
0.885395
0.892387
0.900696
0.90964
0.918548
0.926843
0.934149
0.940238
0.945038
0.948566
0.950961
0.952444
0.953234
0.953466
0.953052
0.95166
0.948813
0.944018
0.937009
0.927968
0.917713
0.90773
0.899886
0.895811
0.896224
0.900745
0.908236
0.917319
0.926684
0.935179
0.941817
0.945849
0.946898
0.945024
0.940712
0.934714
0.927858
0.920872
0.914322
0.908589
0.904002
0.900956
0.899886
0.901166
0.904888
0.910759
0.918077
0.925897
0.93324
0.939403
0.94404
0.947004
0.948172
0.947427
0.944855
0.940991
0.936855
0.93366
0.932308
0.933208
0.936212
0.940733
0.945986
0.951134
0.955419
0.958242
0.959171
0.957935
0.954417
0.948626
0.94075
0.931127
0.920208
0.908525
0.8967
0.885442
0.875587
0.868081
0.863836
0.863526
0.867264
0.874469
0.88393
0.894054
0.903224
0.910116
0.913874
0.914186
0.91123
0.905648
0.898406
0.890682
0.883695
0.878542
0.875988
0.876441
0.879889
0.885929
0.893874
0.902865
0.912069
0.920797
0.928574
0.935223
0.940722
0.945051
0.948016
0.949157
0.947973
0.944196
0.938053
0.930306
0.92224
0.915328
0.910858
0.909616
0.911748
0.916806
0.923872
0.931759
0.93924
0.945193
0.948766
0.949479
0.94729
0.942599
0.936146
0.928829
0.921564
0.915178
0.910191
0.906836
0.90499
0.904226
0.903984
0.903717
0.903097
0.902106
0.90104
0.900341
0.90045
0.901682
0.904164
0.907856
0.912584
0.91811
0.924165
0.930514
0.936947
0.943319
0.949576
0.955794
0.962143
0.968836
0.976073
0.983919
0.992248
1.00068
1.00868
1.01572
1.02137
1.02539
1.02775
1.02855
1.02786
1.02565
1.02183
1.01625
1.00888
0.999898
0.989706
0.978936
0.968386
0.958907
0.951288
0.946132
0.943752
0.944099
0.946784
0.951181
0.956498
0.961916
0.966747
0.970512
0.973005
0.974348
0.97493
0.97541
0.976495
0.978721
0.982181
0.986462
0.990719
0.993991
0.995557
0.995167
0.993152
0.990359
0.987843
0.986423
0.986183
0.986276
0.985204
0.981422
0.97409
0.963493
0.951145
0.939516
0.931287
0.928347
0.9311
0.938639
0.949426
0.962069
0.975623
0.989497
1.00326
1.01641
1.02828
1.03813
1.04523
1.04899
1.04911
1.04547
1.03826
1.02789
1.01503
1.00056
0.985469
0.970728
0.957145
0.945393
0.936008
0.929371
0.925516
0.923995
0.923852
0.923734
0.922173
0.917901
0.910097
0.898574
0.883825
0.866993
0.849745
0.834075
0.822
0.815172
0.8145
0.820009
0.830826
0.845421
0.861884
0.878331
0.893307
0.905974
0.916026
0.923516
0.92867
0.931759
0.933085
0.933007
0.931987
0.93057
0.929362
0.928936
0.929712
0.931933
0.935665
0.940829
0.947165
0.954264
0.961564
0.968404
0.974098
0.978067
0.979912
0.979443
0.97671
0.971969
0.965633
0.958167
0.94997
0.941314
0.93237
0.923279
0.914238
0.905504
0.89729
0.889764
0.883174
0.877974
0.874864
0.87472
0.878283
0.885858
0.897189
0.911487
0.927677
0.944639
0.961395
0.977113
0.991071
1.00258
1.011
1.01582
1.01684
1.01422
1.00844
1.00024
0.990419
0.979687
0.968555
0.957425
0.946699
0.93696
0.928984
0.92361
0.921486
0.922862
0.927506
0.934744
0.943721
0.953611
0.963756
0.973726
0.983284
0.992313
1.00078
1.00873
1.01622
1.02326
1.02979
1.03566
1.04053
1.04404
1.04584
1.04569
1.04353
1.03952
1.03398
1.02735
1.02008
1.0125
1.00472
0.996711
0.988374
0.979603
0.970323
0.960451
0.949837
0.938326
0.92587
0.912654
0.899223
0.886514
0.875749
0.868138
0.864481
0.864785
0.868257
0.873643
0.879753
0.885809
0.891478
0.896694
0.901412
0.905494
0.908743
0.911061
0.912634
0.914015
0.91597
0.919253
0.924196
0.930447
0.936995
0.942559
0.946092
0.947173
0.946073
0.943578
0.940643
0.938174
0.936856
0.937192
0.939562
0.944184
0.951085
0.960035
0.97045
0.981479
0.992089
1.00123
1.00794
1.01144
1.01121
1.00719
0.999834
0.990111
0.979336
0.968871
0.959784
0.952734
0.948009
0.945692
0.945818
0.948455
0.953696
0.961533
0.971667
0.983375
0.995545
1.00683
1.01599
1.02214
1.02486
1.0242
1.02066
1.01506
1.00852
1.00218
0.996875
0.992833
0.989519
0.985908
0.981014
0.974544
0.96734
0.961291
0.958617
0.960639
0.966913
0.975435
0.983635
0.989457
0.991802
0.990377
0.985336
0.977162
0.966669
0.955095
0.944005
0.934906
0.928723
0.925569
0.924894
0.925936
0.928038
0.930846
0.934307
0.938559
0.943866
0.950496
0.95865
0.968376
0.979572
0.991954
1.00514
1.01865
1.03195
1.04441
1.05535
1.06402
1.06975
1.07207
1.07081
1.06615
1.05852
1.04843
1.03633
1.02256
1.00737
0.991132
0.974283
0.957377
0.941027
0.925884
0.912541
0.901564
0.893336
0.887992
0.885286
0.884565
0.884916
0.885449
0.88551
0.884805
0.883379
0.881531
0.879694
0.8783
0.877744
0.8783
0.880112
0.883132
0.887066
0.891433
0.89561
0.89901
0.901248
0.902212
0.902079
0.901196
0.899924
0.898499
0.897028
0.895556
0.894157
0.893111
0.89289
0.893999
0.896742
0.90099
0.906148
0.911322
0.915592
0.918273
0.919112
0.918299
0.916371
0.913974
0.911616
0.909483
0.90746
0.905249
0.902633
0.899633
0.896553
0.893921
0.892411
0.892664
0.895085
0.89973
0.906166
0.913537
0.920729
0.926522
0.929847
0.92996
0.926564
0.919825
0.910332
0.89899
0.886853
0.875004
0.86448
0.856143
0.850603
0.848116
0.848515
0.85127
0.855661
0.861052
0.867095
0.873706
0.880958
0.8888
0.896843
0.904237
0.909872
0.912648
0.911745
0.906813
0.898108
0.886553
0.873723
0.861586
0.851957
0.846009
0.843902
0.844806
0.847419
0.850473
0.853196
0.855437
0.857584
0.860202
0.863729
0.868224
0.873385
0.878719
0.883831
0.888695
0.893734
0.899702
0.907335
0.916889
0.927914
0.939299
0.949705
0.958099
0.964158
0.968223
0.970916
0.972652
0.973438
0.973071
0.971474
0.968784
0.965379
0.961863
0.958917
0.957115
0.956662
0.95732
0.958548
0.95973
0.960388
0.960291
0.95946
0.958104
0.956523
0.954966
0.953538
0.952112
0.950343
0.947756
0.943829
0.938133
0.930435
0.920819
0.909711
0.897811
0.886022
0.875225
0.866139
0.859217
0.854672
0.852534
0.852666
0.854778
0.858435
0.863137
0.868424
0.873951
0.879633
0.885607
0.892083
0.899183
0.906729
0.914175
0.920598
0.924981
0.926434
0.924416
0.918961
0.91076
0.901087
0.891588
0.883882
0.879187
0.878007
0.88014
0.884837
0.89113
0.898081
0.904978
0.911423
0.917271
0.922555
0.927437
0.932179
0.937093
0.942425
0.948281
0.954474
0.960565
0.965987
0.970214
0.972851
0.973716
0.972849
0.970437
0.966806
0.962393
0.957676
0.953142
0.949248
0.946297
0.94435
0.943204
0.942436
0.94155
0.940055
0.937609
0.934061
0.929457
0.92413
0.91858
0.913444
0.909372
0.906897
0.906323
0.907651
0.910582
0.914573
0.918926
0.922908
0.925805
0.927063
0.926339
0.923634
0.919328
0.914165
0.909167
0.905378
0.903568
0.904006
0.906419
0.910155
0.914514
0.919006
0.923437
0.92787
0.932453
0.937284
0.942251
0.946989
0.950912
0.953398
0.953941
0.952317
0.94869
0.94361
0.937944
0.932732
0.929061
0.927923
0.930062
0.935873
0.945297
0.95773
0.972083
0.986912
1.00062
1.01165
1.01871
1.02086
1.01762
1.00907
0.995842
0.979112
0.960406
0.941274
0.922958
0.906107
0.890845
0.87698
0.864278
0.85265
0.842286
0.833615
0.827268
0.823954
0.824307
0.82865
0.836798
0.848102
0.861571
0.876155
0.890979
0.905462
0.919333
0.93253
0.945099
0.95704
0.968248
0.978478
0.987448
0.994959
1.00096
1.00555
1.00902
1.0116
1.01349
1.01464
1.01483
1.01374
1.01096
1.00613
0.999011
0.989477
0.977621
0.963766
0.948579
0.933108
0.918768
0.907217
0.899975
0.89805
0.901613
0.909997
0.921947
0.935959
0.950685
0.965129
0.97873
0.991274
1.00271
1.01299
1.02191
1.02912
1.03419
1.03664
1.0361
1.03234
1.02526
1.01492
1.00154
0.985567
0.967743
0.949103
0.930974
0.914734
0.901508
0.891902
0.8859
0.882889
0.881778
0.881245
0.880019
0.877161
0.872341
0.86594
0.859027
0.853185
0.850022
0.850555
0.854829
0.86195
0.870596
0.879598
0.888258
0.896305
0.903652
0.910209
0.915804
0.920218
0.923275
0.92498
0.925563
0.925439
0.925094
0.924911
0.925093
0.925613
0.926251
0.926695
0.926696
0.926109
0.924906
0.923202
0.92122
0.919311
0.917898
0.917383
0.918102
0.92024
0.923787
0.928527
0.934086
0.939989
0.945687
0.95064
0.954405
0.956674
0.957274
0.956121
0.953162
0.948304
0.941403
0.932382
0.921395
0.908877
0.895605
0.882578
0.870912
0.861659
0.855685
0.853504
0.85512
0.859998
0.867123
0.875168
0.882783
0.888871
0.892748
0.894235
0.893626
0.891596
0.889035
0.886826
0.885629
0.885743
0.887046
0.88909
0.89125
0.892859
0.893389
0.892567
0.890351
0.886925
0.882611
0.877809
0.872876
0.868126
0.863834
0.860227
0.857498
0.855899
0.855713
0.857281
0.860881
0.866691
0.87467
0.884562
0.896
0.908577
0.921958
0.93579
0.949557
0.962539
0.973765
0.98219
0.986887
0.987285
0.983381
0.975909
0.966353
0.956808
0.949533
0.946201
0.947235
0.951755
0.958108
0.964615
0.97005
0.973794
0.97574
0.976106
0.975292
0.973751
0.971774
0.969441
0.966678
0.963357
0.959446
0.955023
0.950197
0.945043
0.939533
0.93357
0.927083
0.920076
0.91273
0.905434
0.898765
0.893433
0.890077
0.88902
0.890029
0.892361
0.895009
0.897054
0.897866
0.897202
0.895111
0.891884
0.887958
0.88393
0.880692
0.87958
0.882361
0.890854
0.906122
0.927736
0.953631
0.98076
1.00615
1.02764
1.04418
1.05561
1.06244
1.06539
1.06532
1.06308
1.05943
1.05498
1.05017
1.04525
1.04018
1.03471
1.02841
1.02086
1.01181
1.00137
0.990118
0.979026
0.969306
0.962043
0.957835
0.95666
0.95799
0.960973
0.964665
0.968168
0.970659
0.971414
0.969855
0.965621
0.958628
0.949096
0.937553
0.924813
0.911982
0.900377
0.891352
0.885929
0.884449
0.886494
0.891086
0.897161
0.903875
0.910809
0.917949
0.925477
0.933562
0.942087
0.950543
0.958068
0.963686
0.96663
0.966634
0.964027
0.959491
0.953673
0.947007
0.939677
0.93187
0.924078
0.917144
0.912164
0.910243
0.912181
0.918187
0.927782
0.939835
0.952864
0.965335
0.975938
0.983746
0.988224
0.989212
0.986866
0.981692
0.974427
0.966062
0.957673
0.950237
0.944405
0.940433
0.93814
0.937047
0.93657
0.936134
0.935327
0.933997
0.932196
0.930074
0.927805
0.925486
0.923064
0.920384
0.917256
0.913586
0.90945
0.90521
0.901498
0.899167
0.899139
0.902162
0.908674
0.918558
0.931235
0.945796
0.961148
0.976172
0.989843
1.00131
1.00993
1.01539
1.01766
1.01709
1.01429
1.01004
1.00513
1.00012
0.995382
0.991146
0.9877
0.985506
0.985115
0.987008
0.991309
0.997581
1.00486
1.01187
1.01734
1.02027
1.02017
1.01708
1.01154
1.00447
0.997067
0.990566
0.985997
0.983847
0.983797
0.984815
0.98552
0.984637
0.981355
0.975477
0.967415
0.957999
0.948301
0.939376
0.932062
0.926821
0.923715
0.922477
0.922638
0.923649
0.925069
0.926773
0.929051
0.932504
0.937845
0.945486
0.955237
0.966327
0.977786
0.9888
0.998884
1.00782
1.01557
1.02223
1.028
1.03312
1.03781
1.04208
1.04566
1.04806
1.04867
1.04693
1.04253
1.03556
1.02663
1.0168
1.00746
0.999943
0.995149
0.993217
0.99354
0.995079
0.996799
0.997953
0.998128
0.997114
0.994556
0.989846
0.982195
0.97105
0.95649
0.93952
0.921882
0.9055
0.891818
0.881441
0.874278
0.869917
0.867972
0.868132
0.870111
0.873619
0.878322
0.883876
0.889979
0.896527
0.903695
0.911937
0.921774
0.933463
0.94671
0.960657
0.974116
0.985875
0.994969
1.00077
1.00296
1.00138
0.996007
0.986904
0.974434
0.95954
0.943877
0.929615
0.918688
0.911863
0.908549
0.907355
0.907016
0.907026
0.907706
0.909852
0.914232
0.921102
0.930088
0.940371
0.951079
0.9615
0.971166
0.979752
0.987021
0.992773
0.996914
0.999442
1.00047
1.00023
0.99902
0.997228
0.995273
0.993495
0.992016
0.990623
0.988816
0.985999
0.981756
0.976104
0.96959
0.963097
0.957602
0.953862
0.952204
0.952476
0.954123
0.956395
0.95854
0.959886
0.959923
0.958365
0.955193
0.950615
0.945088
0.939309
0.934128
0.930442
0.928995
0.930092
0.933481
0.938335
0.943434
0.947454
0.949267
0.948205
0.944299
0.938282
0.931368
0.924822
0.919533
0.915766
0.91317
0.910976
0.908218
0.903971
0.897609
0.888921
0.878199
0.866162
0.853757
0.841955
0.831653
0.82366
0.818623
0.817112
0.81965
0.826611
0.838123
0.853806
0.872687
0.893152
0.913222
0.930986
0.944952
0.954287
0.958778
0.958743
0.954839
0.94793
0.938973
0.928923
0.918716
0.909315
0.901729
0.89694
0.895698
0.898298
0.904375
0.91294
0.922579
0.931816
0.939421
0.944575
0.946943
0.946644
0.944213
0.940578
0.937035
0.935096
0.935985
0.940119
0.946867
0.954829
0.962381
0.968141
0.971208
0.971189
0.968131
0.962458
0.954904
0.946403
0.938041
0.930826
0.925529
0.922591
0.922042
0.923544
0.926538
0.930398
0.934561
0.938585
0.942153
0.945038
0.947128
0.948462
0.949261
0.949941
0.951051
0.953124
0.956585
0.961563
0.967762
0.97447
0.980671
0.985228
0.987179
0.986004
0.981778
0.975125
0.967054
0.958692
0.950958
0.944295
0.938716
0.933931
0.929579
0.925518
0.921905
0.91919
0.917866
0.918267
0.920396
0.923899
0.92823
0.932857
0.937375
0.941561
0.945312
0.948561
0.951183
0.952946
0.953627
0.953119
0.951595
0.94953
0.947649
0.946726
0.947331
0.949652
0.953376
0.957836
0.962214
0.96575
0.967844
0.968075
0.966204
0.962205
0.956303
0.948928
0.940775
0.932636
0.925324
0.919466
0.915376
0.912965
0.911754
0.910977
0.909821
0.907717
0.904586
0.900906
0.897581
0.895656
0.896078
0.899446
0.905799
0.914622
0.92495
0.935668
0.945848
0.954999
0.963063
0.970264
0.976905
0.983196
0.989115
0.994426
0.998784
1.00181
1.0032
1.00288
1.00102
0.998048
0.99452
0.990998
0.987947
0.985658
0.984246
0.983664
0.983748
0.984151
0.984284
0.983353
0.980513
0.975089
0.966764
0.955669
0.942373
0.927763
0.912896
0.89889
0.886874
0.877942
0.873083
0.873007
0.877953
0.887503
0.900663
0.916131
0.932667
0.949258
0.965115
0.979575
0.992049
1.00201
1.00909
1.01314
1.01418
1.01236
1.00791
1.00109
0.992241
0.981753
0.970143
0.957985
0.945833
0.934166
0.923235
0.913111
0.903765
0.895178
0.887458
0.880851
0.875809
0.872978
0.873017
0.87646
0.883546
0.89406
0.907369
0.922521
0.938397
0.953895
0.968125
0.980512
0.990807
0.999094
1.00564
1.01067
1.01425
1.01615
1.01598
1.01334
1.00804
1.00022
0.990342
0.979122
0.967378
0.955915
0.945383
0.936207
0.928529
0.922221
0.916953
0.912339
0.908126
0.904364
0.901529
0.900506
0.902266
0.90734
0.915413
0.925366
0.935731
0.945241
0.953112
0.959037
0.963004
0.965047
0.965178
0.963395
0.959728
0.954376
0.94772
0.940326
0.932941
0.926333
0.92112
0.917628
0.915805
0.915232
0.915287
0.915317
0.914793
0.913499
0.911505
0.909156
0.906938
0.905402
0.905042
0.906256
0.909331
0.914442
0.921561
0.930415
0.940362
0.950407
0.959318
0.965945
0.969504
0.96981
0.967329
0.962961
0.957737
0.952517
0.947797
0.943751
0.940435
0.937966
0.936588
0.936643
0.938367
0.941703
0.946226
0.951248
0.956063
0.960159
0.963323
0.965625
0.967333
0.968736
0.970031
0.971267
0.972366
0.973118
0.973209
0.972276
0.969906
0.965755
0.95961
0.951484
0.941613
0.930452
0.918507
0.906279
0.894257
0.883054
0.873499
0.866595
0.86331
0.864209
0.869103
0.877014
0.886452
0.895775
0.90352
0.908661
0.910765
0.910057
0.90734
0.903821
0.900839
0.89949
0.900395
0.903561
0.908554
0.914769
0.921745
0.929298
0.937342
0.945581
0.953209
0.958986
0.961576
0.959997
0.953921
0.943855
0.931218
0.918231
0.907562
0.901516
0.90108
0.905568
0.913063
0.921365
0.928786
0.934486
0.938442
0.941158
0.943276
0.945254
0.947134
0.948509
0.948771
0.947405
0.944265
0.939608
0.933994
0.928103
0.922554
0.917775
0.913865
0.910571
0.907395
0.903832
0.899731
0.895514
0.89212
0.89063
0.891712
0.8953
0.900668
0.906838
0.913002
0.918787
0.924254
0.929657
0.935222
0.940949
0.946533
0.951401
0.954884
0.956365
0.955377
0.951641
0.945006
0.935476
0.923268
0.909011
0.893966
0.880117
0.869912
0.865546
0.868212
0.877724
0.892639
0.910869
0.930292
0.949187
0.966384
0.981213
0.993351
1.00275
1.00953
1.01393
1.01627
1.01693
1.01624
1.0145
1.01192
1.00853
1.00422
0.998699
0.991722
0.98326
0.973631
0.963465
0.953601
0.944846
0.937839
0.933097
0.931054
0.93199
0.935939
0.942578
0.951218
0.960887
0.970509
0.979059
0.985777
0.990173
0.992068
0.991524
0.988695
0.98367
0.97639
0.966667
0.954336
0.93957
0.923126
0.906507
0.89168
0.880445
0.873608
0.870764
0.870971
0.873693
0.879179
0.888029
0.900449
0.915857
0.932919
0.94992
0.965182
0.977355
0.985581
0.989576
0.989641
0.986624
0.981777
0.976563
0.972348
0.970145
0.970504
0.973469
0.978624
0.985272
0.992548
0.999534
1.00526
1.00869
1.00877
1.00455
0.995383
0.981194
0.962986
0.943405
0.926695
0.917143
0.916469
0.922874
0.932818
0.94353
0.953884
0.96387
0.973773
0.983616
0.993027
1.00134
1.00778
1.01163
1.01247
1.01015
1.00487
0.997067
0.987362
0.976504
0.965347
0.954856
0.946113
0.940235
0.938141
0.940293
0.946518
0.956034
0.967689
0.980252
0.992635
1.00412
1.01433
1.02318
1.03065
1.03672
1.04129
1.04408
1.04474
1.04293
1.03844
1.03139
1.02221
1.01161
1.00043
0.989429
0.979252
0.970473
0.963599
0.959064
0.957217
0.958191
0.961867
0.967849
0.975511
0.983976
0.992206
0.999075
1.00353
1.00472
1.00219
0.996119
0.987311
0.977156
0.967327
0.959382
0.954441
0.952953
0.954796
0.959378
0.965806
0.973109
0.980394
0.986977
0.992374
0.996235
0.998227
0.997992
0.995161
0.989489
0.981079
0.97064
0.959535
0.949645
0.942891
0.940701
0.943631
0.951335
0.962827
0.976855
0.992086
1.00713
1.02067
1.03165
1.03945
1.04383
1.04497
1.04332
1.03948
1.03408
1.0276
1.02029
1.01221
1.00336
0.993788
0.983692
0.973424
0.963462
0.954361
0.946552
0.940196
0.935193
0.931381
0.928813
0.927752
0.928538
0.931284
0.935699
0.940997
0.946009
0.949391
0.949881
0.94645
0.938471
0.925858
0.909198
0.889747
0.869315
0.849919
0.833345
0.820719
0.812361
0.80797
0.806978
0.808832
0.813152
0.819633
0.827958
0.837749
0.848616
0.860226
0.872287
0.884492
0.896497
0.907897
0.91827
0.927328
0.935017
0.941523
0.947205
0.952397
0.957252
0.961583
0.964837
0.966205
0.964901
0.960407
0.952704
0.942381
0.930557
0.918715
0.908307
0.900497
0.895927
0.894732
0.896695
0.901381
0.90829
0.916882
0.926587
0.936706
0.94649
0.955206
0.962227
0.967263
0.970437
0.972291
0.973664
0.975524
0.978723
0.983852
0.991108
1.00025
1.01071
1.02166
1.03221
1.04153
1.04903
1.05445
1.05775
1.05911
1.05876
1.05689
1.0536
1.04882
1.04242
1.0342
1.02403
1.01186
0.997764
0.981965
0.96484
0.946959
0.929157
0.912624
0.898845
0.889269
0.884818
0.885559
0.890703
0.899021
0.909294
0.920553
0.93216
0.943735
0.955053
0.96599
0.976386
0.985979
0.994428
1.00134
1.00632
1.00906
1.00944
1.00745
1.0033
0.997255
0.989661
0.980903
0.97142
0.961648
0.951988
0.942848
0.934654
0.927805
0.922691
0.919644
0.918873
0.920451
0.924272
0.930043
0.937238
0.9452
0.953204
0.960542
0.966591
0.970855
0.972977
0.972812
0.970488
0.966452
0.961455
0.956383
0.952117
0.949384
0.948595
0.949819
0.952776
0.956873
0.961344
0.965359
0.968165
0.969191
0.968134
0.964944
0.959841
0.953268
0.945791
0.937984
0.930341
0.923117
0.916352
0.90993
0.903684
0.897472
0.891253
0.885113
0.879363
0.874618
0.87173
0.871523
0.874459
0.880349
0.888299
0.897033
0.905347
0.912472
0.918265
0.923104
0.927634
0.932493
0.93812
0.944645
0.951927
0.959616
0.967258
0.974343
0.980353
0.984833
0.987439
0.987933
0.986159
0.98201
0.975431
0.966422
0.955076
0.941618
0.926479
0.910234
0.893601
0.877354
0.862286
0.849161
0.838706
0.83164
0.82863
0.830226
0.836747
0.848167
0.864067
0.883575
0.905436
0.928157
0.950249
0.970436
0.987854
1.00207
1.01303
1.0209
1.02594
1.02841
1.02856
1.02665
1.02298
1.01787
1.01171
1.0049
0.997781
0.990572
0.98335
0.976033
0.96842
0.960186
0.951009
0.940581
0.928703
0.915426
0.901169
0.88683
0.873758
0.863566
0.857766
0.857382
0.862615
0.872858
0.886978
0.903704
0.921759
0.940071
0.957825
0.974479
0.989706
1.00336
1.01532
1.02545
1.03361
1.03977
1.04401
1.04655
1.04761
1.04733
1.04574
1.04268
1.03792
1.03124
1.02258
1.01221
1.00097
0.990267
0.981883
0.977333
0.977233
0.980896
0.986643
0.992465
0.996587
0.997794
0.995545
0.989897
0.981416
0.971124
0.960301
0.950172
0.941556
0.934685
0.929298
0.924878
0.920958
0.9173
0.91393
0.911054
0.909025
0.908158
0.908662
0.910543
0.913625
0.917628
0.922305
0.927504
0.933154
0.939173
0.945442
0.951698
0.957464
0.962112
0.96491
0.965232
0.962724
0.95754
0.950473
0.942849
0.936123
0.931332
0.928797
0.928157
0.928805
0.930371
0.932849
0.936416
0.941146
0.946815
0.9529
0.958802
0.964065
0.968429
0.971863
0.974418
0.976113
0.976915
0.976743
0.975548
0.973389
0.97052
0.967527
0.965296
0.964808
0.966824
0.971617
0.978819
0.987526
0.996491
1.00443
1.01021
1.01303
1.01248
1.0086
1.00186
0.993152
0.983589
0.974259
0.965979
0.959216
0.954067
0.950452
0.94818
0.946986
0.94653
0.946475
0.946544
0.946566
0.946577
0.946785
0.947513
0.949156
0.952107
0.956654
0.962924
0.970803
0.979898
0.989606
0.999261
1.00827
1.01625
1.02315
1.02917
1.03467
1.03986
1.0446
1.0482
1.04961
1.04776
1.04209
1.03277
1.02075
1.00755
0.994975
0.984735
0.978223
0.976273
0.978975
0.985724
0.995295
1.00613
1.01658
1.02512
1.03062
1.0324
1.03024
1.02432
1.01506
1.00296
0.988652
0.9729
0.95676
0.941539
0.928616
0.91917
0.9138
0.912299
0.913733
0.916711
0.919744
0.921612
0.921538
0.919216
0.914814
0.908814
0.901967
0.895231
0.889708
0.886451
0.886162
0.888907
0.894048
0.900511
0.907203
0.913282
0.918247
0.921936
0.924419
0.925953
0.926973
0.928057
0.92989
0.93305
0.937844
0.944111
0.951221
0.958185
0.963878
0.967273
0.967621
0.964585
0.958412
0.949991
0.940957
0.933411
0.929301
0.929605
0.93394
0.94085
0.948502
0.955409
0.960633
0.963674
0.964307
0.96244
0.95805
0.951245
0.942366
0.932046
0.921187
0.910845
0.90204
0.895561
0.891779
0.890608
0.891531
0.893738
0.896285
0.898292
0.899006
0.897883
0.894536
0.888799
0.880761
0.870778
0.859483
0.847768
0.836696
0.827368
0.820789
0.817756
0.818758
0.823864
0.832699
0.844523
0.858326
0.873078
0.887837
0.901699
0.913776
0.923129
0.928887
0.930496
0.927904
0.921671
0.912916
0.903126
0.893842
0.886392
0.881613
0.87975
0.880511
0.883282
0.887452
0.892635
0.898729
0.905787
0.913794
0.922455
0.931182
0.939189
0.945716
0.950244
0.952589
0.952895
0.951512
0.948884
0.945452
0.941596
0.937649
0.933841
0.930249
0.926759
0.923037
0.918616
0.912967
0.905697
0.896724
0.886562
0.876462
0.868416
0.864608
0.866495
0.874053
0.885714
0.898993
0.911365
0.920802
0.925984
0.92638
0.922236
0.914509
0.904667
0.894397
0.885298
0.878637
0.875259
0.875579
0.879627
0.887086
0.897354
0.909553
0.922624
0.935419
0.94684
0.955969
0.962162
0.965098
0.964812
0.961676
0.95633
0.949588
0.942353
0.935537
0.929969
0.926374
0.92532
0.927148
0.931919
0.939375
0.948884
0.959526
0.970212
0.979828
0.987326
0.991875
0.992894
0.99012
0.983535
0.973342
0.959943
0.94394
0.926162
0.907707
0.889946
0.874485
0.863041
0.857121
0.857563
0.864192
0.875787
0.890433
0.906084
0.921018
0.934038
0.94453
0.952331
0.957561
0.960504
0.96153
0.961047
0.959574
0.957678
0.955933
0.954779
0.954387
0.954673
0.955338
0.956026
0.956505
0.95672
0.956798
0.956972
0.957422
0.958164
0.958995
0.959508
0.959175
0.957431
0.953779
0.947923
0.939893
0.930209
0.920029
0.911004
0.904809
0.902517
0.904213
0.909035
0.915613
0.922497
0.928385
0.932219
0.933338
0.931625
0.927591
0.922192
0.916668
0.912232
0.909844
0.910073
0.913096
0.918747
0.92658
0.935927
0.946009
0.955997
0.965135
0.972758
0.978391
0.981792
0.98302
0.982409
0.980536
0.978077
0.975645
0.973594
0.971941
0.970477
0.968915
0.966999
0.96457
0.961564
0.957905
0.953405
0.947725
0.94046
0.931302
0.920217
0.907531
0.893953
0.880454
0.868148
0.858113
0.851242
0.848112
0.84894
0.853526
0.861306
0.871423
0.882851
0.894519
0.905417
0.914716
0.921886
0.926717
0.929333
0.93018
0.9299
0.929136
0.928429
0.928078
0.928235
0.929019
0.930559
0.932957
0.93618
0.939998
0.944037
0.947907
0.951293
0.953968
0.955775
0.956539
0.956116
0.954573
0.952314
0.950107
0.948922
0.94963
0.952719
0.958114
0.965224
0.973134
0.980845
0.987453
0.992282
0.994921
0.995327
0.993782
0.990839
0.987168
0.983367
0.979858
0.976876
0.974552
0.972988
0.972325
0.972643
0.973853
0.975612
0.977378
0.978624
0.979112
0.97903
0.978898
0.979346
0.980743
0.983015
0.985598
0.987576
0.987943
0.985818
0.980576
0.971977
0.960157
0.945663
0.929506
0.913175
0.898488
0.887271
0.880861
0.879709
0.88329
0.890381
0.899611
0.909835
0.920259
0.930388
0.939889
0.948451
0.955775
0.961535
0.965369
0.966846
0.965477
0.960836
0.952721
0.941366
0.927563
0.912573
0.897971
0.885415
0.876394
0.872102
0.873294
0.880118
0.891938
0.907325
0.924335
0.940995
0.955811
0.968076
0.977906
0.986005
0.99331
1.00062
1.00835
1.0165
1.02469
1.03232
1.0387
1.04321
1.04535
1.0449
1.04196
1.03689
1.03019
1.0223
1.01344
1.00363
0.99289
0.981505
0.970164
0.959942
0.952048
0.947521
0.946875
0.949937
0.95588
0.963549
0.97173
0.979448
0.986107
0.991492
0.99561
0.99858
1.00046
1.00118
1.0005
0.998158
0.993838
0.98731
0.978451
0.967267
0.954005
0.9392
0.923646
0.908306
0.894148
0.882022
0.872551
0.866128
0.862933
0.862909
0.865756
0.870936
0.87766
0.88503
0.892116
0.898165
0.902613
0.905217
0.906044
0.905502
0.904237
0.903039
0.902649
0.903556
0.90589
0.909377
0.913461
0.9175
0.920932
0.923316
0.924291
0.923538
0.920904
0.916623
0.911526
0.907017
0.90472
0.905893
0.910804
0.918497
0.927157
0.934781
0.939839
0.941651
0.940374
0.93685
0.932323
0.928101
0.925225
0.924175
0.92484
0.926645
0.928768
0.930365
0.930604
0.92866
0.923724
0.915262
0.903589
0.890684
0.88055
0.877897
0.88521
0.900768
0.91999
0.938351
0.953086
0.963139
0.968529
0.969908
0.968299
0.96491
0.960914
0.957108
0.953777
0.950781
0.947825
0.944691
0.941377
0.938123
0.935437
0.934039
0.934742
0.938184
0.944513
0.953114
0.962702
0.971655
0.978433
0.981908
0.98146
0.977022
0.969044
0.958371
0.946111
0.933553
0.921998
0.912692
0.906708
0.904835
0.907335
0.913838
0.923294
0.934145
0.944592
0.952871
0.957485
0.957444
0.952353
0.942593
0.929457
0.91507
0.902087
0.892999
0.889351
0.891206
0.897234
0.90529
0.913229
0.919487
0.923318
0.924757
0.924399
0.923202
0.922261
0.922554
0.924683
0.928731
0.934335
0.940797
0.947302
0.953089
0.95761
0.960547
0.961778
0.961326
0.95925
0.955677
0.95079
0.944792
0.937866
0.930134
0.921639
0.912464
0.902855
0.89351
0.885657
0.880937
0.88094
0.88653
0.897446
0.912363
0.929367
0.946574
0.962593
0.976638
0.988475
0.998162
1.00583
1.01149
1.01488
1.01558
1.01314
1.00721
0.997699
0.984856
0.969228
0.951677
0.933381
0.915816
0.900664
0.889504
0.88332
0.882042
0.884678
0.889769
0.89594
0.902198
0.907914
0.912766
0.916714
0.919951
0.922835
0.925715
0.92881
0.9321
0.935372
0.938335
0.940672
0.942078
0.942201
0.940687
0.937281
0.932087
0.925744
0.91944
0.914552
0.912221
0.912865
0.916066
0.920794
0.925798
0.930029
0.932785
0.933746
0.932964
0.930819
0.927932
0.92506
0.923036
0.922531
0.923938
0.927255
0.932066
0.937618
0.943025
0.947543
0.950794
0.95283
0.95413
0.955431
0.957562
0.961189
0.96665
0.973826
0.982201
0.991004
0.999412
1.0067
1.01233
1.01599
1.01748
1.01673
1.01367
1.00839
1.00105
0.992001
0.981805
0.97118
0.960803
0.951147
0.942313
0.934012
0.925785
0.917256
0.908362
0.899364
0.890747
0.883076
0.87689
0.872597
0.870396
0.870269
0.871911
0.874779
0.878227
0.881628
0.884521
0.886703
0.888237
0.889404
0.890614
0.892308
0.894876
0.89855
0.903345
0.909063
0.915342
0.921748
0.927822
0.933144
0.937312
0.939979
0.940782
0.939423
0.935753
0.929859
0.922117
0.913189
0.903949
0.895317
0.888029
0.882431
0.878411
0.87551
0.873145
0.870854
0.868423
0.865916
0.863591
0.86179
0.860843
0.861014
0.862463
0.865316
0.869708
0.875806
0.883801
0.89376
0.905543
0.918753
0.932763
0.946727
0.959733
0.970942
0.979698
0.985596
0.988472
0.988363
0.985478
0.980183
0.97303
0.964712
0.956065
0.947966
0.94112
0.935719
0.931277
0.926739
0.920952
0.913147
0.903244
0.891857
0.88014
0.869405
0.86077
0.85488
0.851812
0.851183
0.852448
0.855144
0.859101
0.864482
0.871653
0.880967
0.892556
0.906208
0.921348
0.937126
0.952559
0.966722
0.978852
0.988501
0.995552
1.00021
1.00301
1.00468
1.00608
1.00793
1.01068
1.01439
1.01882
1.02353
1.02803
1.0319
1.03481
1.03645
1.03655
1.03491
1.03142
1.02616
1.01938
1.01145
1.00273
0.993543
0.984
0.974025
0.963571
0.95285
0.942514
0.933671
0.927604
0.9252
0.926464
0.93044
0.935673
0.940692
0.944395
0.946194
0.945902
0.943559
0.939299
0.933257
0.925532
0.916228
0.905576
0.894157
0.882933
0.872986
0.865031
0.859086
0.854637
0.851168
0.848543
0.846926
0.846506
0.847193
0.84857
0.850071
0.85127
0.852135
0.853102
0.854944
0.858567
0.864692
0.873648
0.885236
0.89876
0.913138
0.927086
0.939334
0.948824
0.954872
0.957299
0.956448
0.953088
0.948218
0.94283
0.937812
0.933899
0.931666
0.931536
0.933783
0.938493
0.945428
0.954078
0.963694
0.973503
0.982882
0.991449
0.999095
1.00587
1.01183
1.01689
1.02075
1.023
1.02324
1.02119
1.0168
1.01027
1.00194
0.992283
0.981833
0.971145
0.960707
0.95092
0.942073
0.934393
0.928152
0.923759
0.921652
0.922172
0.925417
0.931111
0.938563
0.946872
0.95508
0.962364
0.968159
0.972183
0.974401
0.974959
0.974126
0.97214
0.969164
0.965343
0.960724
0.955261
0.94871
0.940668
0.930663
0.918409
0.904035
0.888219
0.872058
0.856869
0.843889
0.834078
0.828008
0.825958
0.82803
0.834221
0.844435
0.858407
0.875596
0.895299
0.916712
0.939006
0.961342
0.982819
1.00248
1.01928
1.03225
1.04067
1.04419
1.04294
1.03747
1.02873
1.01787
1.00618
0.994938
0.985336
0.978343
0.974505
0.973757
0.975373
0.978222
0.981123
0.983275
0.984503
0.985284
0.986575
0.989438
0.994667
1.00235
1.01177
1.02154
1.03004
1.03584
1.0381
1.03677
1.03256
1.0264
1.01883
1.00964
0.99811
0.98365
0.966265
0.946779
0.926586
0.907315
0.890492
0.877363
0.868786
0.865174
0.866457
0.872076
0.881075
0.892329
0.90475
0.917443
0.929718
0.941033
0.950922
0.958973
0.964872
0.968441
0.969721
0.968946
0.96653
0.962971
0.95871
0.95408
0.949339
0.944691
0.940337
0.936469
0.933201
0.930526
0.92834
0.92649
0.924868
0.923487
0.922504
0.922176
0.922782
0.924464
0.92705
0.930014
0.932636
0.934175
0.934164
0.932488
0.929377
0.925293
0.920825
0.916588
0.913244
0.911466
0.911899
0.914984
0.920856
0.929288
0.939743
0.951437
0.963452
0.974822
0.984631
0.99211
0.996721
0.998208
0.996618
0.992313
0.985925
0.97826
0.97022
0.962675
0.956335
0.951664
0.948872
0.947982
0.948886
0.951378
0.955198
0.959979
0.965335
0.970864
0.976227
0.981139
0.985364
0.988632
0.990639
0.991067
0.989603
0.986036
0.980373
0.972892
0.964156
0.954984
0.946296
0.938942
0.933415
0.929689
0.927252
0.925292
0.923064
0.920172
0.916729
0.913325
0.910852
0.910194
0.911959
0.916331
0.923077
0.931697
0.941599
0.952097
0.962352
0.971332
0.977934
0.981344
0.981328
0.97835
0.97349
0.96815
0.96366
0.961068
0.960907
0.963065
0.966798
0.970932
0.974277
0.976005
0.975884
0.974198
0.971511
0.968301
0.964724
0.960481
0.954986
0.947561
0.937746
0.925499
0.911285
0.896015
0.880871
0.867051
0.855623
0.847505
0.843511
0.844289
0.850134
0.860763
0.875153
0.891713
0.908634
0.924357
0.937776
0.948359
0.956041
0.961097
0.964042
0.965538
0.966223
0.966599
0.966871
0.966917
0.966379
0.964911
0.962301
0.958566
0.95394
0.948809
0.943572
0.938452
0.93346
0.928445
0.923183
0.917471
0.91119
0.904333
0.897089
0.889951
0.883823
0.880002
0.879832
0.884208
0.893176
0.905817
0.920587
0.935827
0.950107
0.962508
0.972639
0.980578
0.986698
0.991528
0.995607
0.999357
1.00302
1.00665
1.01009
1.01305
1.01519
1.01613
1.01559
1.0134
1.00959
1.00436
0.997933
0.990572
0.982533
0.974066
0.965448
0.956963
0.948881
0.941375
0.934535
0.928449
0.923225
0.918993
0.91581
0.913623
0.912192
0.911107
0.909934
0.908335
0.906223
0.903857
0.901764
0.900581
0.900864
0.90292
0.906716
0.911955
0.918172
0.924861
0.931585
0.938012
0.943885
0.949048
0.953442
0.957049
0.959908
0.962048
0.963488
0.964265
0.964517
0.964528
0.964509
0.964387
0.963791
0.962346
0.960059
0.957462
0.955455
0.954893
0.956249
0.95942
0.963808
0.968558
0.97282
0.97599
0.977802
0.978342
0.977943
0.97711
0.976493
0.976777
0.978589
0.982228
0.987487
0.993644
0.999641
1.00439
1.00695
1.00671
1.0034
0.997056
0.987985
0.976771
0.964195
0.95119
0.938783
0.928013
0.919886
0.915353
0.915321
0.920587
0.931566
0.94791
0.968332
0.990767
1.01285
1.03246
1.04806
1.05865
1.06372
1.06307
1.0567
1.04479
1.02765
1.00589
0.980559
0.953341
0.926632
0.903293
0.886116
0.877028
0.876424
0.883038
0.89447
0.90796
0.921048
0.931908
0.939371
0.942853
0.942276
0.93801
0.930892
0.922133
0.913234
0.905771
0.901086
0.900119
0.903257
0.910275
0.920385
0.932404
0.944884
0.956314
0.965355
0.971007
0.972823
0.97111
0.96691
0.961837
0.957637
0.95563
0.956308
0.959315
0.963812
0.968866
0.973759
0.978092
0.981755
0.984774
0.98716
0.988781
0.989342
0.988525
0.986173
0.982542
0.978283
0.974223
0.970884
0.968312
0.966139
0.963757
0.960592
0.956164
0.950095
0.942194
0.932538
0.921499
0.909802
0.898429
0.888501
0.881065
0.876902
0.876293
0.878915
0.883949
0.890363
0.897245
0.904028
0.910526
0.916851
0.923217
0.92979
0.936616
0.94362
0.950682
0.95769
0.964465
0.970803
0.976333
0.980541
0.982779
0.982428
0.979008
0.972357
0.962713
0.950798
0.937754
0.925035
0.914182
0.90654
0.903025
0.904015
0.909305
0.918216
0.929624
0.942093
0.953984
0.963688
0.969746
0.971088
0.967157
0.958021
0.944377
0.927532
0.909306
0.891727
0.876669
0.865547
0.859179
0.857811
0.861198
0.868749
0.879576
0.892564
0.90648
0.920114
0.932413
0.942562
0.950086
0.954775
0.956669
0.955957
0.952907
0.947875
0.941276
0.933589
0.9254
0.917371
0.910222
0.904647
0.901269
0.900513
0.902599
0.907511
0.915106
0.925139
0.937252
0.950804
0.964801
0.977985
0.989064
0.996971
1.00103
1.00097
0.996781
0.988703
0.977187
0.962948
0.946968
0.930495
0.914898
0.901444
0.891038
0.884138
0.880672
0.880041
0.881309
0.88338
0.885312
0.886573
0.887192
0.887696
0.888987
0.892049
0.897533
0.905532
0.915539
0.92666
0.937897
0.948411
0.957686
0.965517
0.971927
0.977094
0.981214
0.984448
0.986882
0.98852
0.989311
0.989151
0.987877
0.985329
0.981323
0.975664
0.968224
0.959013
0.948307
0.93673
0.925285
0.915186
0.907697
0.903881
0.904312
0.90895
0.917102
0.927602
0.93907
0.950101
0.95947
0.966289
0.969992
0.970411
0.96776
0.962525
0.955364
0.946978
0.937954
0.928734
0.919598
0.910718
0.902329
0.894737
0.888332
0.883513
0.880546
0.879536
0.880325
0.882576
0.885833
0.889552
0.893192
0.896215
0.898176
0.898758
0.897937
0.896025
0.89368
0.891818
0.891413
0.893212
0.897519
0.90404
0.911994
0.920347
0.928069
0.934352
0.938695
0.94091
0.941039
0.939301
0.9361
0.931976
0.927519
0.923238
0.919533
0.916633
0.91458
0.913317
0.912711
0.912604
0.912825
0.913244
0.913775
0.914447
0.915375
0.916747
0.918714
0.92129
0.924266
0.927242
0.929761
0.931372
0.931777
0.930926
0.929014
0.926484
0.924025
0.922475
0.922703
0.925415
0.930934
0.939058
0.949063
0.959901
0.970459
0.979858
0.987644
0.993785
0.998545
1.00223
1.00497
1.00655
1.00647
1.00409
0.998838
0.990346
0.978556
0.963834
0.947027
0.929455
0.912847
0.899105
0.889861
0.886106
0.887994
0.894878
0.905542
0.918594
0.932708
0.946736
0.959753
0.971079
0.980269
0.987107
0.991552
0.9937
0.993792
0.992181
0.989329
0.985803
0.982082
0.978446
0.974873
0.971032
0.966489
0.960905
0.954197
0.946587
0.938473
0.930309
0.922471
0.915225
0.908721
0.9031
0.898573
0.895368
0.893696
0.893552
0.894615
0.896223
0.897575
0.897999
0.897237
0.895565
0.893711
0.892541
0.892736
0.894539
0.897681
0.901535
0.905344
0.908379
0.91009
0.910208
0.908833
0.906455
0.90381
0.901798
0.901279
0.902939
0.907251
0.914407
0.924271
0.936328
0.949755
0.9636
0.977091
0.989785
1.00161
1.01271
1.02321
1.03307
1.04198
1.04943
1.05493
1.05818
1.05925
1.0586
1.05701
1.0553
1.05391
1.05272
1.05113
1.0483
1.04349
1.0364
1.02725
1.01663
1.00541
0.994391
0.984169
0.974917
0.966491
0.958509
0.950628
0.942662
0.934622
0.926725
0.919322
0.912816
0.907613
0.904058
0.902404
0.90274
0.904993
0.908899
0.914018
0.919759
0.925424
0.930324
0.933902
0.935833
0.936056
0.934863
0.932853
0.930774
0.929419
0.929455
0.931251
0.9348
0.939722
0.94532
0.950816
0.955539
0.959095
0.961477
0.963011
0.964179
0.965491
0.967352
0.970031
0.973679
0.978323
0.983823
0.989809
0.995593
1.00021
1.0026
1.00181
0.997257
0.98886
0.977184
0.963266
0.94844
0.93404
0.921087
0.910133
0.901312
0.894538
0.889594
0.886251
0.884264
0.883493
0.884084
0.886563
0.891636
0.89966
0.910135
0.921706
0.932679
0.941707
0.948263
0.952677
0.955878
0.958981
0.962878
0.967966
0.974008
0.980243
0.98559
0.98895
0.989422
0.986512
0.980204
0.970967
0.959714
0.947706
0.93632
0.926786
0.919951
0.916081
0.914859
0.915568
0.917366
0.919439
0.921122
0.921945
0.921658
0.920262
0.918062
0.915735
0.914242
0.914642
0.917818
0.924192
0.933572
0.945197
0.957982
0.970776
0.982546
0.99246
0.999882
1.00434
1.00554
1.00352
0.998679
0.991903
0.984466
0.977717
0.972678
0.969659
0.968238
0.967569
0.966781
0.965315
0.962925
0.959687
0.955867
0.951876
0.948176
0.945226
0.943413
0.943029
0.944217
0.946904
0.950779
0.955358
0.960088
0.964493
0.968232
0.971073
0.972825
0.973294
0.972378
0.970203
0.96725
0.96426
0.962087
0.961441
0.962693
0.965825
0.970516
0.976329
0.98283
0.989605
0.99627
1.00247
1.00787
1.01221
1.0153
1.01694
1.01691
1.01498
1.01094
1.00473
0.996591
0.986948
0.976422
0.965675
0.955317
0.945815
0.937447
0.930335
0.92452
0.920066
0.917052
0.915579
0.915678
0.917237
0.919952
0.923417
0.92714
0.930636
0.933484
0.935354
0.936039
0.935431
0.933574
0.930658
0.926986
0.922948
0.918934
0.915293
0.912315
0.910214
0.909172
0.909358
0.91093
0.91398
0.918496
0.924282
0.930992
0.938188
0.945381
0.952021
0.957498
0.961204
0.962684
0.961775
0.958711
0.954061
0.948501
0.94264
0.936872
0.931429
0.92644
0.922067
0.918523
0.916034
0.914731
0.914599
0.915428
0.916913
0.918792
0.920957
0.923482
0.926569
0.930415
0.935054
0.940298
0.94575
0.950924
0.955363
0.958797
0.961152
0.962547
0.963218
0.963386
0.963175
0.962621
0.961714
0.960374
0.958533
0.956165
0.953336
0.95014
0.94669
0.943101
0.939421
0.935623
0.931659
0.927504
0.9232
0.918868
0.914737
0.911143
0.908589
0.907785
0.909621
0.914923
0.924117
0.937002
0.95271
0.970054
0.987846
1.00502
1.0207
1.0341
1.04463
1.05187
1.05562
1.05583
1.05262
1.04617
1.03673
1.02468
1.01056
0.995063
0.978959
0.963029
0.947934
0.934189
0.922132
0.911925
0.903494
0.896491
0.890336
0.884469
0.878612
0.872912
0.867871
0.864099
0.862091
0.862173
0.864539
0.869348
0.876777
0.88696
0.899812
0.914976
0.931782
0.949269
0.966286
0.98163
0.994175
1.0031
1.00811
1.00974
1.00943
1.0093
1.0114
1.01681
1.02512
1.03459
1.04294
1.04809
1.04878
1.04475
1.03667
1.02594
1.01428
1.00323
0.993769
0.986077
0.979607
0.973383
0.966389
0.957924
0.947964
0.937287
0.927344
0.919929
0.916576
0.917975
0.92364
0.932044
0.941077
0.94867
0.953353
0.954549
0.952549
0.948306
0.943074
0.938101
0.934381
0.932584
0.933095
0.936067
0.941458
0.949079
0.958496
0.969032
0.97983
0.989919
0.998356
1.00437
1.00752
1.00771
1.00518
1.00037
0.993838
0.986101
0.977529
0.968371
0.95874
0.94875
0.938655
0.92888
0.920088
0.913039
0.908489
0.907036
0.90899
0.914225
0.922055
0.931279
0.940418
0.947937
0.952558
0.953421
0.950179
0.943027
0.932638
0.920114
0.906896
0.894535
0.884516
0.877959
0.875402
0.876743
0.881314
0.888109
0.896062
0.904301
0.912311
0.919897
0.927014
0.933701
0.939987
0.945832
0.951228
0.956167
0.960566
0.964208
0.966691
0.967487
0.966119
0.962296
0.956063
0.947781
0.937978
0.927267
0.916305
0.905794
0.896544
0.889458
0.885329
0.884582
0.887124
0.892312
0.899183
0.906708
0.913978
0.920379
0.925591
0.929526
0.932267
0.933989
0.934905
0.935225
0.935251
0.935408
0.936301
0.93867
0.943113
0.949774
0.958179
0.967317
0.976044
0.983471
0.989254
0.993567
0.996903
0.999834
1.00273
1.0056
1.0081
1.00957
1.00925
1.00646
1.00071
0.991923
0.980273
0.96633
0.950922
0.935076
0.91992
0.906582
0.896025
0.888928
0.885621
0.885972
0.889359
0.894728
0.90076
0.906127
0.909802
0.911367
0.911196
0.910438
0.91074
0.913709
0.920437
0.931183
0.945331
0.961624
0.978437
0.994136
1.00741
1.01748
1.0241
1.02754
1.02841
1.02745
1.02545
1.02308
1.0208
1.01881
1.01712
1.01561
1.01414
1.01263
1.01105
1.00942
1.00774
1.00582
1.00333
0.99979
0.994751
0.987889
0.979049
0.968232
0.95551
0.940997
0.924921
0.907771
0.890452
0.874226
0.860614
0.850992
0.846268
0.846607
0.851473
0.859909
0.870874
0.883464
0.897057
0.91132
0.926068
0.941128
0.956197
0.970767
0.984097
0.995426
1.00413
1.00976
1.01211
1.01122
1.00739
1.00116
0.993331
0.98482
0.976475
0.96889
0.962279
0.956476
0.951097
0.945735
0.940143
0.934258
0.928231
0.922348
0.916986
0.912551
0.909476
0.908122
0.908732
0.911376
0.91584
0.921622
0.927982
0.933981
0.938704
0.941411
0.941642
0.939316
0.934711
0.928417
0.921208
0.913927
0.907415
0.902397
0.899483
0.899073
0.901281
0.905847
0.912084
0.918974
0.925418
0.930466
0.933536
0.934453
0.933444
0.931009
0.92781
0.924472
0.92147
0.918965
0.916786
0.914417
0.911229
0.90676
0.901017
0.894692
0.889134
0.886011
0.886744
0.891907
0.900977
0.912558
0.924969
0.936722
0.946766
0.954514
0.959732
0.962431
0.962811
0.961228
0.958146
0.954154
0.950014
0.946672
0.94513
0.946193
0.950189
0.956805
0.965222
0.974355
0.983154
0.990789
0.996628
1.00017
1.00105
0.999054
0.994192
0.986681
0.976986
0.965797
0.954022
0.942742
0.933055
0.925873
0.921747
0.920758
0.92257
0.926537
0.931795
0.937365
0.942353
0.946133
0.948482
0.949685
0.950438
0.95165
0.954096
0.958066
0.963243
0.968739
0.973436
0.976296
0.976731
0.974745
0.970922
0.966283
0.962056
0.959414
0.959242
0.962007
0.967707
0.975986
0.986277
0.998006
1.01068
1.02393
1.03745
1.0509
1.06387
1.0758
1.08603
1.09386
1.09858
1.09952
1.09609
1.08791
1.07491
1.05741
1.03628
1.01282
0.988657
0.965466
0.944709
0.927323
0.913623
0.903357
0.895949
0.890792
0.887456
0.885766
0.885664
0.886975
0.889305
0.892086
0.894768
0.897015
0.898727
0.899968
0.900825
0.901276
0.901246
0.900663
0.899555
0.898009
0.896153
0.8941
0.892033
0.890292
0.889436
0.890166
0.893144
0.898757
0.906983
0.917465
0.9296
0.942648
0.955774
0.967997
0.978268
0.985543
0.988955
0.988006
0.982839
0.974297
0.963861
0.953275
0.944001
0.936773
0.931641
0.928328
0.926621
0.926625
0.928661
0.932961
0.939382
0.947288
0.955684
0.963477
0.969706
0.973563
0.974541
0.972405
0.967263
0.959652
0.950516
0.941196
0.933267
0.928201
0.927022
0.930034
0.936747
0.946055
0.956604
0.967139
0.976833
0.98528
0.992403
0.998229
1.00272
1.00569
1.00686
1.00593
1.00268
0.997122
0.989575
0.980685
0.971365
0.962649
0.955437
0.950284
0.947282
0.946114
0.946281
0.947299
0.948793
0.950434
0.951806
0.952358
0.951518
0.948901
0.944405
0.938201
0.930573
0.92182
0.912258
0.902293
0.892481
0.883508
0.876082
0.870671
0.867349
0.865862
0.865738
0.866495
0.86775
0.869213
0.870674
0.871977
0.872971
0.873562
0.873809
0.873965
0.874473
0.875828
0.878432
0.882535
0.888292
0.895788
0.904987
0.915704
0.927568
0.940021
0.952419
0.964234
0.975009
0.984501
0.992595
0.999311
1.00474
1.00897
1.0121
1.0141
1.01481
1.014
1.01143
1.00719
1.00174
0.995889
0.990348
0.985214
0.979904
0.973601
0.965795
0.956589
0.946581
0.936534
0.927038
0.91832
0.910281
0.902625
0.894963
0.886962
0.878491
0.869781
0.861472
0.854561
0.850231
0.849615
0.853378
0.861429
0.872735
0.885456
0.897365
0.906393
0.911082
0.910702
0.905251
0.89529
0.881815
0.866143
0.84984
0.834611
0.822152
0.813998
0.811244
0.814324
0.822993
0.836509
0.853906
0.874231
0.896494
0.919582
0.942253
0.963278
0.981632
0.996618
1.00787
1.01532
1.01913
1.01958
1.017
1.01173
1.00401
0.994
0.98177
0.967401
0.95115
0.933662
0.916098
0.900143
0.887765
0.88075
0.880142
0.885865
0.896715
0.910741
0.925841
0.94029
0.952993
0.963438
0.971516
0.97731
0.980915
0.982339
0.981507
0.978307
0.972758
0.965067
0.955704
0.945321
0.934717
0.924714
0.916054
0.909306
0.904737
0.902319
0.901834
0.903011
0.905588
0.90938
0.914228
0.919926
0.926102
0.932152
0.937371
0.941074
0.942787
0.942397
0.940144
0.936464
0.93178
0.926279
0.919852
0.912102
0.902628
0.891371
0.879027
0.867139
0.857816
0.852995
0.853677
0.859509
0.869079
0.880652
0.892877
0.905152
0.917589
0.930636
0.94466
0.959616
0.974917
0.989535
1.00224
1.01189
1.01761
1.01898
1.01601
1.00912
0.999042
0.986776
0.973514
0.960597
0.949405
0.941205
0.936853
0.936549
0.939734
0.945336
0.952064
0.958784
0.964663
0.969156
0.971907
0.972671
0.971284
0.967756
0.962389
0.955893
0.949361
0.944116
0.941376
0.942023
0.946401
0.954363
0.96539
0.978746
0.993657
1.00934
1.02501
1.03989
1.05322
1.06429
1.0725
1.07738
1.07861
1.07612
1.07014
1.06124
1.05029
1.03836
1.02659
1.0159
1.00675
0.999098
0.992429
0.98591
0.978669
0.970075
0.959981
0.948803
0.937405
0.92679
0.91782
0.911039
0.906642
0.904572
0.904609
0.906354
0.909274
0.912683
0.915797
0.917792
0.91795
0.915759
0.910933
0.903477
0.893631
0.881904
0.869207
0.85699
0.847223
0.841999
0.842764
0.849699
0.861673
0.876869
0.893446
0.909993
0.925549
0.939536
0.951595
0.961512
0.969065
0.974005
0.976059
0.975012
0.970802
0.9636
0.953867
0.942442
0.930541
0.919584
0.910962
0.90576
0.904603
0.907661
0.914779
0.925516
0.939223
0.955035
0.971904
0.988706
1.0044
1.01817
1.02951
1.03821
1.04427
1.04787
1.04932
1.049
1.04734
1.04483
1.04195
1.03913
1.03664
1.0345
1.03245
1.03
1.02654
1.02147
1.0144
1.00523
0.994201
0.98176
0.968501
0.955019
0.941932
0.929836
0.91935
0.911103
0.905629
0.903307
0.904195
0.907856
0.913391
0.919651
0.925572
0.930548
0.934592
0.938161
0.941727
0.945468
0.949168
0.952393
0.954737
0.95595
0.955943
0.954797
0.95274
0.950205
0.947819
0.94638
0.946691
0.94935
0.954471
0.961594
0.969666
0.977169
0.982443
0.983983
0.98079
0.972608
0.960148
0.945055
0.929659
0.91641
0.907226
0.902886
0.902857
0.905694
0.90981
0.9141
0.91808
0.921702
0.925047
0.92825
0.931547
0.935312
0.939959
0.945791
0.952831
0.960746
0.96893
0.97674
0.983699
0.989565
0.994341
0.998196
1.00131
1.00383
1.00583
1.00725
1.00789
1.00738
1.00529
1.00113
0.994525
0.985311
0.973706
0.960365
0.946449
0.93356
0.92344
0.917524
0.916523
0.920176
0.92747
0.937133
0.948066
0.959527
0.971066
0.98229
0.992736
1.00181
1.00883
1.01317
1.01441
1.01256
1.00811
1.00208
0.995838
0.990833
0.988214
0.988529
0.991537
0.996389
1.00198
1.00737
1.01205
1.01597
1.01929
1.02208
1.0241
1.02492
1.02404
1.02109
1.01599
1.00889
1.00015
0.990391
0.980469
0.971482
0.96456
0.960522
0.959506
0.96095
0.963874
0.967309
0.970626
0.973575
0.97613
0.978304
0.980001
0.980967
0.98085
0.979402
0.976581
0.972697
0.968371
0.964326
0.961072
0.958799
0.957485
0.957165
0.958119
0.960846
0.965816
0.973194
0.982567
0.992896
1.00268
1.01033
1.01464
1.01497
1.01145
1.00485
0.99644
0.987703
0.980154
0.975057
0.973231
0.974897
0.979695
0.986814
0.995218
1.0039
1.01201
1.01896
1.02434
1.02793
1.02966
1.02953
1.02761
1.02405
1.01899
1.01251
1.00466
0.995474
0.985067
0.973833
0.962595
0.952656
0.945647
0.943103
0.945915
0.953948
0.965987
0.980159
0.994484
1.0073
1.01751
1.02453
1.02822
1.02877
1.02655
1.02215
1.01615
1.00912
1.00155
0.993837
0.986307
0.979327
0.973339
0.968791
0.965982
0.964958
0.96537
0.966519
0.967544
0.967604
0.966064
0.962631
0.957345
0.950577
0.942936
0.935234
0.928316
0.922926
0.919577
0.918419
0.919246
0.921612
0.924912
0.928503
0.931806
0.934347
0.935806
0.936065
0.935221
0.933549
0.931467
0.929437
0.927883
0.927201
0.927723
0.929751
0.933535
0.939192
0.946729
0.955971
0.966591
0.978051
0.989558
1.0001
1.0086
1.01419
1.01644
1.01549
1.01194
1.00664
1.00037
0.99361
0.986446
0.978714
0.970228
0.960934
0.951048
0.941011
0.931431
0.922905
0.915925
0.910921
0.908266
0.908292
0.911026
0.915914
0.921778
0.92716
0.930793
0.931968
0.930666
0.927431
0.923135
0.918744
0.915086
0.912674
0.911637
0.911725
0.912532
0.913689
0.915046
0.91663
0.918441
0.920297
0.921808
0.92254
0.922277
0.921189
0.919825
0.919062
0.919982
0.92371
0.931134
0.942627
0.95776
0.975333
0.993615
1.01075
1.02518
1.03581
1.0421
1.04398
1.04175
1.03596
1.02733
1.01657
1.00442
0.991514
0.978434
0.965741
0.954025
0.943939
0.936031
0.930633
0.927774
0.927301
0.929088
0.933083
0.939231
0.94732
0.956852
0.967079
0.977123
0.986138
0.993342
0.998084
0.999854
0.99832
0.993436
0.985501
0.975182
0.963501
0.951762
0.941307
0.933325
0.9287
0.927895
0.930939
0.937407
0.946403
0.95661
0.966403
0.974148
0.97853
0.97878
0.974832
0.967277
0.957184
0.945923
0.934929
0.925573
0.919099
0.916426
0.918016
0.923716
0.932765
0.94389
0.955585
0.966441
0.97538
0.981783
0.985536
0.986962
0.986771
0.985843
0.985021
0.984872
0.985498
0.986499
0.987203
0.986902
0.985045
0.981339
0.975742
0.96842
0.95969
0.949988
0.939859
0.929889
0.920697
0.912801
0.90645
0.901645
0.898243
0.896127
0.895318
0.895935
0.898002
0.901351
0.905571
0.910071
0.914287
0.91788
0.920849
0.92351
0.92631
0.929577
0.933357
0.937424
0.941386
0.944838
0.947507
0.949327
0.950435
0.951153
0.951876
0.95299
0.954727
0.957102
0.959922
0.962854
0.96551
0.967543
0.968738
0.969062
0.968637
0.96779
0.966912
0.966347
0.966203
0.96629
0.966173
0.965343
0.963453
0.96046
0.956709
0.952911
0.950033
0.949099
0.950795
0.955181
0.961642
0.969028
0.975927
0.980979
0.983035
0.981188
0.974786
0.963508
0.947518
0.927662
0.905622
0.883876
0.865082
0.851205
0.842817
0.839168
0.838894
0.840735
0.843877
0.847966
0.853007
0.85921
0.866859
0.876081
0.886732
0.898412
0.91053
0.922445
0.933569
0.943401
0.951558
0.957799
0.96197
0.964004
0.963861
0.961539
0.957096
0.950671
0.94259
0.933483
0.924305
0.916291
0.910708
0.908607
0.910475
0.916007
0.924104
0.933129
0.941363
0.947472
0.950782
0.951405
0.950067
0.947775
0.945466
0.943774
0.942974
0.943096
0.944078
0.945885
0.94854
0.952121
0.956706
0.962371
0.969172
0.977094
0.985967
0.995448
1.00498
1.01385
1.02133
1.02677
1.02972
1.03001
1.02771
1.0231
1.01662
1.00884
1.00037
0.991869
0.983989
0.977425
0.972847
0.970889
0.971945
0.976063
0.982742
0.990988
0.999498
1.00699
1.01252
1.01564
1.01639
1.01514
1.01239
1.00863
1.00433
0.999904
0.995697
0.991954
0.988681
0.985662
0.982446
0.978447
0.973097
0.966053
0.957396
0.94769
0.93785
0.928946
0.921886
0.917177
0.914846
0.914618
0.91605
0.918651
0.921921
0.925366
0.928551
0.931106
0.932818
0.933623
0.933577
0.932819
0.93154
0.929932
0.928277
0.926941
0.926397
0.927173
0.929754
0.93447
0.941415
0.950472
0.961321
0.973421
0.985971
0.997859
1.00774
1.01421
1.01603
1.01242
1.00316
0.988741
0.970204
0.9491
0.927312
0.906888
0.889829
0.87773
0.871471
0.871046
0.875612
0.883785
0.89391
0.904316
0.913589
0.920697
0.925108
0.926903
0.926747
0.925772
0.925313
0.926544
0.930043
0.935584
0.942236
0.94869
0.953771
0.95675
0.957471
0.956349
0.954336
0.952648
0.952417
0.954405
0.958762
0.965116
0.972686
0.9806
0.988077
0.994532
0.999598
1.00312
1.00513
1.00572
1.00499
1.00317
1.00067
0.998043
0.995853
0.994315
0.993181
0.991961
0.99033
0.988423
0.986818
0.986216
0.987048
0.989253
0.992254
0.995214
0.997267
0.997728
0.996176
0.992343
0.986107
0.97746
0.966565
0.953806
0.939836
0.925603
0.912241
0.900895
0.892444
0.887305
0.885407
0.886344
0.889533
0.894261
0.899639
0.904673
0.908447
0.910343
0.910237
0.908504
0.905889
0.903341
0.901798
0.902073
0.90464
0.909563
0.916409
0.924256
0.931844
0.937743
0.9407
0.93986
0.934942
0.926337
0.914971
0.902145
0.889307
0.87777
0.868522
0.862107
0.858663
0.858086
0.860296
0.865377
0.873563
0.88494
0.89922
0.915564
0.932764
0.949496
0.964549
0.976981
0.986214
0.991983
0.994325
0.993539
0.990174
0.985029
0.979171
0.973828
0.97026
0.969551
0.972328
0.978499
0.987246
0.997224
1.00687
1.01474
1.01965
1.02085
1.01801
1.01137
1.00167
0.990089
0.978071
0.966996
0.957973
0.951665
0.948308
0.947766
0.949614
0.953226
0.95788
0.962854
0.967583
0.971836
0.975669
0.979361
0.983239
0.987378
0.99151
0.995035
0.997116
0.996884
0.993603
0.98685
0.976616
0.963344
0.947839
0.931151
0.914291
0.898154
0.8835
0.871005
0.861304
0.855006
0.852562
0.854177
0.859715
0.868732
0.88049
0.894065
0.908477
0.922819
0.936256
0.948036
0.957446
0.963904
0.967062
0.966983
0.964137
0.959354
0.953596
0.947761
0.942469
0.938045
0.934608
0.932163
0.930666
0.930042
0.930157
0.930846
0.931968
0.933428
0.935221
0.937348
0.939731
0.942136
0.944228
0.945688
0.946305
0.946056
0.945141
0.943949
0.943026
0.942969
0.944279
0.947186
0.951541
0.95675
0.961905
0.966031
0.96831
0.968323
0.966109
0.962069
0.956749
0.950581
0.943765
0.936221
0.927795
0.918522
0.90878
0.899349
0.891268
0.885637
0.883305
0.884627
0.889385
0.896726
0.905391
0.914075
0.921778
0.928021
0.932844
0.936653
0.939982
0.943325
0.946952
0.950855
0.954754
0.958107
0.960259
0.96061
0.958831
0.955086
0.95009
0.944967
0.940818
0.938289
0.937294
0.937183
0.937059
0.936101
0.933739
0.929723
0.924187
0.917628
0.910997
0.905566
0.902681
0.903448
0.908456
0.917579
0.929996
0.944342
0.959015
0.972441
0.983337
0.990825
0.994453
0.994138
0.990108
0.982743
0.972534
0.959993
0.945638
0.93009
0.914062
0.89845
0.884266
0.872464
0.863765
0.858568
0.85687
0.858388
0.862622
0.868975
0.876884
0.885857
0.895482
0.905418
0.915398
0.925186
0.934528
0.943136
0.950672
0.956756
0.961013
0.963133
0.963015
0.960745
0.95657
0.950787
0.943636
0.93531
0.926083
0.916506
0.907479
0.900206
0.895959
0.895691
0.899798
0.90794
0.919163
0.932164
0.945574
0.95822
0.969347
0.978612
0.985964
0.991395
0.994733
0.99569
0.993842
0.988875
0.980745
0.96974
0.95649
0.941839
0.926711
0.912026
0.898595
0.887053
0.877899
0.871452
0.86785
0.867019
0.868697
0.872438
0.877756
0.884215
0.891493
0.899331
0.907444
0.915419
0.922637
0.928252
0.93125
0.930627
0.925591
0.915789
0.901453
0.883471
0.863313
0.842936
0.824665
0.81099
0.804292
0.80636
0.817816
0.83766
0.863311
0.891265
0.917946
0.940452
0.956829
0.966039
0.967834
0.962613
0.951312
0.935473
0.917207
0.899101
0.883919
0.874097
0.871205
0.87548
0.885781
0.900033
0.915888
0.931336
0.945007
0.956224
0.964789
0.970827
0.974628
0.976518
0.976831
0.975927
0.974175
0.971975
0.969728
0.967881
0.966933
0.967377
0.969533
0.973302
0.978117
0.983076
0.98716
0.989478
0.989368
0.986351
0.980217
0.971037
0.95925
0.945683
0.931443
0.917735
0.905619
0.89579
0.88861
0.884218
0.882657
0.883894
0.887755
0.893811
0.901357
0.90953
0.917462
0.924424
0.929858
0.933394
0.934854
0.93429
0.932036
0.92877
0.925439
0.923109
0.922813
0.925424
0.931508
0.941102
0.953429
0.966922
0.979741
0.990324
0.997758
1.00182
1.00278
1.00117
0.997638
0.992856
0.987528
0.982357
0.978027
0.975061
0.973597
0.973251
0.973053
0.971624
0.967612
0.960002
0.94843
0.933396
0.916337
0.899518
0.885633
0.877114
0.87535
0.880221
0.890288
0.903411
0.917453
0.930774
0.94235
0.951629
0.958319
0.962225
0.963175
0.961082
0.956025
0.948334
0.938612
0.927624
0.916224
0.905244
0.895417
0.887378
0.88162
0.878418
0.877721
0.879132
0.881928
0.885259
0.888387
0.890887
0.892818
0.894669
0.897182
0.901057
0.906689
0.914067
0.922837
0.932449
0.942271
0.951565
0.959514
0.965223
0.967815
0.966533
0.960885
0.950738
0.936371
0.918513
0.898382
0.877718
0.858672
0.843523
0.834146
0.83146
0.835099
0.843651
0.855317
0.868581
0.882495
0.89653
0.910183
0.922686
0.933047
0.940298
0.943747
0.943187
0.938938
0.931761
0.922675
0.912851
0.903389
0.895225
0.889093
0.885575
0.88508
0.887808
0.893697
0.90234
0.912948
0.924507
0.935951
0.946327
0.954912
0.961229
0.965076
0.96642
0.965453
0.962566
0.958312
0.953393
0.948533
0.944223
0.940709
0.937958
0.935846
0.93434
0.933714
0.934489
0.937321
0.942763
0.951039
0.961966
0.974801
0.988469
1.00176
1.01354
1.02291
1.02932
1.03254
1.0327
1.03022
1.02572
1.02003
1.01402
1.00856
1.00441
1.002
1.00144
1.00238
1.00409
1.00562
1.0061
1.00504
1.00236
0.998219
0.992862
0.986404
0.97889
0.970419
0.961192
0.951436
0.941331
0.931014
0.920671
0.910693
0.901737
0.89467
0.890398
0.889642
0.892764
0.899655
0.909763
0.922216
0.935939
0.94978
0.962631
0.973469
0.9815
0.986219
0.987461
0.985359
0.980348
0.973069
0.964248
0.954674
0.945143
0.936434
0.929261
0.924192
0.921624
0.921711
0.924342
0.929163
0.935647
0.943138
0.950957
0.958453
0.965021
0.970171
0.97358
0.975069
0.974546
0.971935
0.967104
0.959921
0.9504
0.938799
0.925678
0.911908
0.898489
0.886343
0.876155
0.86832
0.862975
0.860061
0.859415
0.860719
0.863502
0.867249
0.871615
0.876528
0.882188
0.888893
0.896874
0.906157
0.916541
0.927629
0.938873
0.949575
0.958953
0.966178
0.970492
0.971404
0.968871
0.963488
0.956453
0.949359
0.943642
0.940074
0.938498
0.938135
0.938062
0.937572
0.936254
0.933978
0.930877
0.927378
0.924155
0.922081
0.921996
0.924386
0.929175
0.9357
0.942909
0.949755
0.955579
0.960239
0.963932
0.966786
0.968561
0.968771
0.967119
0.963856
0.959829
0.95619
0.953922
0.953505
0.954776
0.957109
0.95959
0.961356
0.961777
0.96062
0.9581
0.954705
0.951085
0.94785
0.945447
0.944117
0.94394
0.944915
0.947011
0.950137
0.954038
0.95829
0.962326
0.965565
0.967572
0.968116
0.967148
0.964724
0.960944
0.955933
0.949901
0.943181
0.93629
0.929917
0.92482
0.921761
0.921365
0.923916
0.929142
0.936114
0.94333
0.949166
0.952373
0.952432
0.949627
0.944748
0.938703
0.932204
0.925722
0.919615
0.91429
0.910372
0.9086
0.909642
0.913893
0.921409
0.93184
0.944496
0.958416
0.972536
0.98592
0.997881
1.00805
1.01639
1.02305
1.02827
1.03223
1.03505
1.03678
1.03739
1.03685
1.03517
1.03239
1.02857
1.02386
1.01846
1.01272
1.00702
1.00174
0.997188
0.993577
0.991058
0.989684
0.98953
0.990605
0.992769
0.995634
0.998547
1.00072
1.0014
1.00014
0.997076
0.992973
0.989067
0.986496
0.985657
0.985805
0.985368
0.982681
0.976688
0.967206
0.95488
0.940877
0.926516
0.91294
0.900955
0.89105
0.883574
0.878944
0.877732
0.880411
0.886934
0.896436
0.907383
0.918056
0.926999
0.933396
0.93722
0.939237
0.9407
0.942833
0.946427
0.951672
0.958241
0.965403
0.97212
0.977282
0.980214
0.98113
0.981109
0.981565
0.983324
0.986059
0.988512
0.989159
0.986863
0.981153
0.972288
0.961249
0.949541
0.93899
0.931388
0.928104
0.929718
0.935816
0.945047
0.95545
0.965052
0.972632
0.978286
0.983301
0.989065
0.995734
1.0019
1.00558
1.00547
1.00147
0.9944
0.985467
0.975794
0.966135
0.956964
0.94851
0.940915
0.934382
0.929181
0.925564
0.923643
0.923319
0.924353
0.92647
0.929469
0.933244
0.937623
0.942339
0.946945
0.950879
0.953563
0.954527
0.953567
0.950838
0.946846
0.942361
0.938219
0.935147
0.933643
0.933943
0.936039
0.939744
0.944691
0.950371
0.956102
0.961181
0.965076
0.967624
0.969081
0.969989
0.970952
0.972405
0.974499
0.977114
0.979953
0.98263
0.984789
0.986154
0.986514
0.985703
0.983542
0.97985
0.974408
0.967027
0.957609
0.946272
0.933422
0.919811
0.906599
0.895228
0.887168
0.883571
0.884836
0.890498
0.899394
0.910072
0.921244
0.932065
0.94206
0.950936
0.958327
0.963692
0.966452
0.966198
0.962914
0.957009
0.949217
0.940408
0.931426
0.922924
0.915268
0.908531
0.902567
0.897138
0.892066
0.887297
0.882973
0.879374
0.876821
0.875568
0.875716
0.877167
0.879674
0.88285
0.886195
0.889143
0.89114
0.891686
0.890423
0.887311
0.88262
0.876995
0.87143
0.867067
0.864986
0.865935
0.87019
0.877515
0.887324
0.89886
0.911396
0.92424
0.936754
0.948328
0.958365
0.966272
0.971477
0.973479
0.971934
0.966695
0.957821
0.945646
0.930846
0.914458
0.897847
0.882453
0.869637
0.860476
0.855627
0.855302
0.859321
0.86709
0.877711
0.890039
0.902878
0.915082
0.925691
0.933974
0.939445
0.941853
0.941162
0.937539
0.931353
0.923214
0.913933
0.904469
0.895836
0.889034
0.884957
0.884268
0.887279
0.893796
0.903052
0.913816
0.924539
0.933544
0.939177
0.939919
0.934581
0.922804
0.906059
0.888591
0.876792
0.875745
0.885479
0.901348
0.917909
0.931599
0.940717
0.944453
0.942479
0.935205
0.92424
0.912433
0.903222
0.899294
0.901371
0.908
0.916498
0.924272
0.92966
0.932126
0.931977
0.929972
0.926968
0.923603
0.92012
0.916363
0.911981
0.906674
0.900497
0.893965
0.887961
0.883457
0.881212
0.881551
0.884428
0.889561
0.896677
0.905616
0.916326
0.928787
0.942842
0.958107
0.973916
0.989374
1.00355
1.01572
1.0256
1.03331
1.03926
1.04395
1.04765
1.0504
1.05197
1.05204
1.05026
1.0464
1.04036
1.03234
1.02296
1.01333
1.00482
0.998716
0.995669
0.99547
0.997079
0.999011
0.999757
0.998154
0.993498
0.985605
0.974774
0.961725
0.947486
0.933281
0.920364
0.909799
0.902239
0.897837
0.896225
0.89662
0.898047
0.899635
0.900712
0.901009
0.900669
0.900265
0.900758
0.90338
0.909206
0.918649
0.931138
0.945176
0.958727
0.969762
0.976718
0.978696
0.975471
0.967481
0.955846
0.942458
0.929903
0.92095
0.917521
0.919861
0.926645
0.935876
0.945785
0.955199
0.963476
0.97034
0.975756
0.979947
0.98334
0.986517
0.990096
0.994543
1.00007
1.00662
1.01391
1.02154
1.029
1.03573
1.04112
1.04457
1.04549
1.04347
1.03826
1.02986
1.01861
1.00518
0.990638
0.976338
0.963835
0.954589
0.949712
0.949687
0.954103
0.961709
0.970641
0.978926
0.984965
0.987862
0.987469
0.984347
0.979493
0.97404
0.96901
0.965252
0.963428
0.96402
0.967231
0.972905
0.980402
0.988622
0.996181
1.00177
1.00443
1.00382
1.00034
0.994951
0.988888
0.983297
0.978864
0.975709
0.973486
0.971689
0.969891
0.96789
0.965837
0.96421
0.963759
0.965315
0.969421
0.976061
0.984634
0.99414
1.00352
1.01186
1.01848
1.02283
1.02452
1.02339
1.01964
1.01401
1.00778
1.00259
0.99999
1.00083
1.00502
1.01167
1.01932
1.02657
1.03219
1.0353
1.03533
1.03201
1.0254
1.01587
1.00417
0.991407
0.978833
0.967597
0.958478
0.951769
0.947466
0.945527
0.94594
0.94872
0.953787
0.960812
0.969131
0.977787
0.985595
0.991389
0.994276
0.993805
0.990087
0.983863
0.976287
0.968706
0.962344
0.958025
0.956097
0.956458
0.958674
0.962169
0.966409
0.970922
0.975402
0.979651
0.983535
0.986847
0.989221
0.990169
0.989215
0.986074
0.980845
0.974009
0.966316
0.958513
0.951074
0.944114
0.937541
0.931292
0.925535
0.920795
0.917875
0.917673
0.920904
0.927918
0.938606
0.952389
0.968283
0.985051
1.00136
1.01594
1.02776
1.03616
1.04093
1.04235
1.04104
1.0378
1.03341
1.02852
1.02353
1.01858
1.01358
1.00834
1.00271
0.996655
0.990426
0.984548
0.979719
0.976624
0.975767
0.97733
0.98109
0.986502
0.992859
0.999441
1.00569
1.01127
1.01602
1.01984
1.0226
1.02404
1.0238
1.02161
1.01759
1.01239
1.00719
1.00322
1.00107
1.00047
1.00043
0.999916
0.998288
0.995453
0.991714
0.987562
0.983481
0.979892
0.977073
0.975197
0.974339
0.97452
0.975694
0.977702
0.980285
0.983127
0.985954
0.988615
0.991108
0.99359
0.996311
0.999472
1.00307
1.00686
1.01041
1.01326
1.0151
1.01587
1.01575
1.01497
1.01368
1.01178
1.009
1.00494
0.999233
0.991718
0.982445
0.971672
0.959861
0.947602
0.93566
0.924917
0.916323
0.910659
0.908312
0.909073
0.912239
0.916926
0.922381
0.928198
0.934323
0.940969
0.948418
0.956792
0.965891
0.975153
0.983778
0.990917
0.995871
0.998251
0.998015
0.995447
0.991052
0.985526
0.979692
0.974459
0.970642
0.968713
0.9687
0.970234
0.972675
0.975315
0.97751
0.978725
0.978571
0.97694
0.973945
0.969866
0.965023
0.959667
0.954
0.948148
0.94215
0.93605
0.930001
0.924351
0.919658
0.916564
0.915622
0.91711
0.921027
0.927187
0.935372
0.945345
0.956822
0.969357
0.982295
0.994785
1.00588
1.01467
1.02047
1.0228
1.02157
1.01709
1.01009
1.00155
0.992358
0.982987
0.97335
0.962977
0.9515
0.939007
0.926159
0.913933
0.90332
0.895047
0.889413
0.886256
0.885138
0.885484
0.886784
0.888633
0.890784
0.893078
0.895476
0.897971
0.900586
0.903326
0.906224
0.909292
0.912586
0.916201
0.920387
0.92564
0.932608
0.941987
0.954191
0.96905
0.9857
1.00263
1.01802
1.03023
1.038
1.04066
1.03818
1.03111
1.02037
1.00712
0.992555
0.977828
0.963973
0.951883
0.94219
0.935155
0.930609
0.927981
0.92645
0.925192
0.923684
0.921854
0.920027
0.918713
0.918253
0.918642
0.919514
0.920312
0.920533
0.919867
0.918252
0.915813
0.912783
0.909517
0.90645
0.904033
0.902617
0.902315
0.902996
0.90432
0.905885
0.907406
0.908779
0.910134
0.911799
0.914162
0.917519
0.921923
0.927106
0.932583
0.937809
0.94235
0.945986
0.948613
0.950226
0.950857
0.950647
0.949983
0.949564
0.950324
0.953245
0.958994
0.96773
0.978962
0.991674
1.00451
1.01608
1.02525
1.03132
1.03416
1.03407
1.0317
1.02787
1.02332
1.01863
1.01405
1.00953
1.00479
0.999367
0.99274
0.984454
0.97417
0.96183
0.947779
0.932904
0.918708
0.907273
0.901005
0.901952
0.910887
0.926644
0.94635
0.966485
0.984053
0.997168
1.00516
1.00827
1.00731
1.00339
0.997722
0.991393
0.985282
0.979993
0.975787
0.972589
0.970079
0.967843
0.965488
0.962796
0.959856
0.957104
0.95516
0.954712
0.956235
0.959805
0.964941
0.970673
0.975799
0.979194
0.980112
0.978509
0.97498
0.970641
0.96659
0.963405
0.960917
0.958487
0.955469
0.951548
0.946762
0.941383
0.935793
0.930436
0.925875
0.922798
0.92197
0.924088
0.929614
0.93867
0.950919
0.965654
0.981824
0.998155
1.01322
1.02567
1.03437
1.03862
1.03824
1.03358
1.02539
1.01468
1.00264
0.990461
0.979281
0.970023
0.963283
0.959208
0.957461
0.957222
0.957398
0.956818
0.954492
0.94978
0.942457
0.932742
0.921233
0.908834
0.896697
0.886107
0.878343
0.874513
0.875316
0.880923
0.890879
0.904185
0.919522
0.9355
0.950885
0.964788
0.976663
0.986329
0.993774
0.99904
1.00209
1.0027
1.0005
0.995053
0.98599
0.973221
0.957093
0.93853
0.919054
0.900561
0.885062
0.874243
0.869193
0.870273
0.877058
0.888378
0.902535
0.917548
0.931513
0.942847
0.95047
0.953873
0.953062
0.94844
0.940668
0.930483
0.918637
0.905863
0.892991
0.881017
0.871191
0.864923
0.86353
0.867851
0.877912
0.892901
0.911417
0.931836
0.952597
0.97232
0.989894
1.00443
1.01524
1.02177
1.02364
1.02068
1.01296
1.00093
0.985368
0.967426
0.948496
0.930121
0.913908
0.901355
0.893705
0.891749
0.895562
0.904403
0.91678
0.930777
0.944494
0.956446
0.965721
0.971942
0.975108
0.975429
0.973212
0.96889
0.963056
0.956371
0.949482
0.942861
0.936729
0.931116
0.925921
0.921055
0.916498
0.91232
0.908637
0.905602
0.903375
0.902074
0.901664
0.901792
0.901754
0.900658
0.89771
0.892514
0.885269
0.876792
0.868229
0.860784
0.855456
0.85287
0.853245
0.856512
0.862433
0.870667
0.880774
0.892269
0.904606
0.917237
0.929641
0.941273
0.951666
0.96046
0.967524
0.972995
0.977282
0.980971
0.984645
0.988673
0.993093
0.997603
1.00165
1.00462
1.00612
1.00611
1.00491
1.00326
1.00192
1.00156
1.00252
1.00474
1.00782
1.01117
1.01402
1.01561
1.01528
1.01255
1.00716
0.99922
0.989127
0.977655
0.965864
0.954974
0.946138
0.940275
0.937869
0.938943
0.943123
0.949651
0.957564
0.965775
0.973228
0.979039
0.982573
0.983508
0.981786
0.977645
0.971614
0.964396
0.956687
0.949033
0.941846
0.935545
0.930832
0.928809
0.930684
0.937158
0.947947
0.961847
0.977225
0.992646
1.00712
1.02011
1.03126
1.04039
1.04734
1.05212
1.05484
1.05577
1.05528
1.05381
1.05177
1.04943
1.04685
1.04388
1.04018
1.03537
1.02927
1.02201
1.01413
1.00641
0.999537
0.993863
0.989311
0.985524
0.98224
0.9795
0.97767
0.977265
0.978597
0.98165
0.985994
0.99093
0.995639
0.999351
1.00147
1.00163
0.999768
0.996116
0.991186
0.985648
0.980205
0.97544
0.971707
0.969063
0.967261
0.965853
0.964316
0.962128
0.958905
0.954461
0.948761
0.941868
0.933926
0.925079
0.915405
0.904952
0.893752
0.881846
0.869349
0.856586
0.844127
0.832841
0.823778
0.818162
0.8172
0.821913
0.83286
0.849926
0.872251
0.898407
0.926687
0.955368
0.982822
1.00754
1.02817
1.04354
1.05278
1.0555
1.05173
1.04194
1.02702
1.00817
0.98686
0.964873
0.944257
0.927148
0.915428
0.91016
0.911167
0.917003
0.925477
0.934387
0.942128
0.947838
0.951269
0.952521
0.951778
0.949129
0.94456
0.938105
0.930022
0.921007
0.912238
0.905229
0.901418
0.901642
0.905703
0.912448
0.920146
0.927089
0.932062
0.934636
0.935214
0.934806
0.934626
0.93568
0.938412
0.942658
0.947788
0.952894
0.957068
0.959566
0.959894
0.957833
0.953519
0.947476
0.940558
0.933736
0.9278
0.92303
0.919121
0.915446
0.91146
0.907064
0.902689
0.899119
0.897262
0.89791
0.901623
0.9086
0.918483
0.930347
0.942898
0.954729
0.964614
0.971698
0.975569
0.976274
0.974186
0.969992
0.964572
0.958892
0.953879
0.950286
0.948558
0.94871
0.950304
0.952553
0.954671
0.95634
0.958061
0.961016
0.966188
0.9734
0.981135
0.987303
0.990276
0.98938
0.984841
0.977414
0.968115
0.958046
0.948229
0.939617
0.933016
0.928997
0.927828
0.929426
0.933388
0.939051
0.945674
0.952555
0.959112
0.964948
0.969826
0.973619
0.976218
0.977476
0.97724
0.975388
0.971947
0.967053
0.960928
0.953766
0.945685
0.936737
0.92699
0.916683
0.906224
0.896204
0.887196
0.8796
0.873474
0.868521
0.864173
0.859753
0.854739
0.848929
0.842539
0.836232
0.830976
0.827845
0.827759
0.831244
0.838357
0.848642
0.861234
0.875049
0.88897
0.901994
0.913328
0.922527
0.929498
0.934457
0.937999
0.940935
0.944115
0.94827
0.953722
0.960272
0.967228
0.973614
0.97846
0.981025
0.980936
0.978226
0.973241
0.966583
0.95902
0.951319
0.944204
0.938326
0.934215
0.9322
0.93234
0.934354
0.937616
0.941301
0.944635
0.947095
0.948611
0.949571
0.950686
0.952774
0.956502
0.962084
0.969275
0.977431
0.985705
0.993255
0.999454
1.00394
1.00656
1.00731
1.00618
1.00313
0.998097
0.991052
0.98207
0.971421
0.959613
0.947414
0.935727
0.9254
0.916942
0.910375
0.905249
0.900928
0.896991
0.893509
0.891072
0.890567
0.892782
0.898149
0.906607
0.917593
0.930146
0.943025
0.954931
0.964714
0.971469
0.974678
0.974191
0.97015
0.962948
0.953237
0.941973
0.930453
0.92031
0.913149
0.909904
0.910178
0.91222
0.913694
0.91287
0.909403
0.904245
0.899027
0.895302
0.893952
0.895026
0.897868
0.901519
0.905102
0.90809
0.910389
0.912217
0.913877
0.915651
0.9177
0.920007
0.92248
0.92503
0.927698
0.930659
0.934244
0.938874
0.94488
0.952336
0.960965
0.970104
0.978832
0.986163
0.991271
0.993647
0.993154
0.990094
0.98516
0.979313
0.973587
0.96881
0.965354
0.962912
0.960562
0.957029
0.95115
0.942297
0.930521
0.916506
0.9014
0.886651
0.873829
0.864444
0.859788
0.860668
0.867216
0.878842
0.89435
0.912164
0.930597
0.94818
0.963918
0.977353
0.988566
0.997991
1.00619
1.01359
1.02036
1.0264
1.0314
1.03487
1.0363
1.03526
1.03139
1.0245
1.01458
1.00182
0.986629
0.969616
0.951588
0.933498
0.916381
0.901253
0.888977
0.880158
0.875033
0.873467
0.874943
0.878678
0.883766
0.889383
0.894907
0.899977
0.904455
0.908355
0.911718
0.914574
0.916955
0.918939
0.920682
0.922421
0.924447
0.927003
0.930211
0.933923
0.93776
0.941149
0.943453
0.944153
0.943068
0.940423
0.936829
0.93317
0.930352
0.929072
0.929694
0.932179
0.936187
0.941304
0.947232
0.953854
0.961155
0.969068
0.977359
0.985486
0.992697
0.998097
1.00087
1.00043
0.996582
0.989577
0.980113
0.969243
0.958185
0.9481
0.9399
0.934129
0.930889
0.929893
0.930683
0.932773
0.935736
0.939216
0.942877
0.946395
0.949503
0.952099
0.954271
0.956295
0.958569
0.961506
0.965421
0.970514
0.976778
0.983914
0.991286
0.998011
1.00312
1.00578
1.00547
1.00209
0.996026
0.988083
0.979391
0.971237
0.964761
0.960678
0.959046
0.959296
0.960439
0.961335
0.961023
0.958965
0.955141
0.950013
0.944321
0.938862
0.934217
0.930672
0.928227
0.926704
0.925896
0.925627
0.925859
0.926726
0.928455
0.931155
0.934747
0.938999
0.943672
0.948686
0.954074
0.959806
0.965645
0.97113
0.975705
0.978863
0.980277
0.979826
0.977564
0.973716
0.968553
0.962316
0.955121
0.946994
0.93794
0.928005
0.917452
0.90681
0.896899
0.888701
0.883188
0.881083
0.882672
0.887721
0.895501
0.904853
0.91442
0.922899
0.929312
0.933215
0.934763
0.934671
0.933993
0.933818
0.935016
0.938006
0.942685
0.94848
0.954558
0.960068
0.964266
0.966688
0.967129
0.965597
0.962313
0.957661
0.952171
0.946436
0.940965
0.936057
0.931776
0.927984
0.924426
0.920867
0.917138
0.913171
0.909055
0.90509
0.901748
0.899579
0.899078
0.900497
0.90378
0.908566
0.914275
0.920262
0.925927
0.930771
0.934411
0.936563
0.936972
0.935456
0.932044
0.927083
0.921391
0.916293
0.913385
0.914105
0.919292
0.928977
0.942408
0.958347
0.975398
0.992239
1.00772
1.02092
1.03123
1.03824
1.04192
1.04249
1.04042
1.0363
1.03069
1.02405
1.01654
1.00814
0.998582
0.987529
0.974679
0.959962
0.943729
0.926901
0.910947
0.897675
0.888702
0.884749
0.885328
0.889084
0.894558
0.900799
0.90744
0.914424
0.921616
0.928623
0.934905
0.940031
0.9439
0.946839
0.949529
0.952802
0.957432
0.963902
0.972242
0.982006
0.992307
1.00192
1.00952
1.01391
1.01427
1.01034
1.0024
0.991375
0.978582
0.965581
0.953777
0.944059
0.936592
0.930868
0.926073
0.921562
0.917257
0.913698
0.911768
0.912234
0.915386
0.920928
0.928109
0.936009
0.943807
0.950921
0.956974
0.961698
0.964857
0.966102
0.964957
0.96096
0.953815
0.943643
0.931156
0.917701
0.905063
0.895107
0.889285
0.888349
0.89232
0.90058
0.912039
0.925387
0.939255
0.952434
0.964001
0.973337
0.980073
0.984018
0.985071
0.983207
0.978537
0.971384
0.962405
0.952666
0.943533
0.936368
0.932106
0.930834
0.931735
0.933346
0.93407
0.932696
0.928689
0.922254
0.914344
0.906452
0.900211
0.896872
0.896818
0.899398
0.903161
0.906412
0.907696
0.906245
0.902132
0.896113
0.889332
0.882944
0.877824
0.874494
0.873185
0.873961
0.876773
0.881515
0.887937
0.895599
0.90384
0.911861
0.918873
0.924289
0.927874
0.929743
0.930305
0.930046
0.929337
0.928422
0.927392
0.926381
0.92559
0.925356
0.926063
0.928009
0.931245
0.935468
0.940037
0.944026
0.946395
0.946217
0.942901
0.936399
0.927286
0.916889
0.907121
0.900203
0.898077
0.901711
0.910733
0.923583
0.938192
0.952623
0.965502
0.976051
0.983984
0.989351
0.992443
0.993702
0.993633
0.992678
0.99114
0.989174
0.986845
0.984226
0.98149
0.978894
0.97681
0.975692
0.976039
0.978313
0.98288
0.98987
0.999093
1.00999
1.02171
1.03318
1.04328
1.05101
1.05556
1.05633
1.05298
1.04542
1.03383
1.01873
1.0011
0.982292
0.963907
0.947364
0.933604
0.922892
0.914932
0.909166
0.905007
0.901935
0.899487
0.897225
0.894735
0.891678
0.887845
0.883303
0.878474
0.874112
0.871174
0.870591
0.872934
0.87823
0.885889
0.894773
0.903504
0.910835
0.915971
0.918705
0.919326
0.918394
0.916532
0.914336
0.912394
0.911239
0.911218
0.912275
0.913852
0.915028
0.914931
0.913262
0.910609
0.90837
0.908344
0.912053
0.920233
0.932613
0.948028
0.964701
0.980655
0.994032
1.00333
1.00761
1.00659
1.00076
0.991557
0.98142
0.973426
0.970416
0.973754
0.982685
0.994909
1.00784
1.01958
1.0292
1.03661
1.04228
1.04692
1.05121
1.0556
1.0602
1.06475
1.06863
1.07105
1.07117
1.06826
1.06188
1.05189
1.03863
1.02282
1.00556
0.988061
0.97139
0.95631
0.94319
0.932169
0.923388
0.917079
0.913514
0.912774
0.914577
0.918288
0.92309
0.928196
0.933004
0.937264
0.941124
0.945034
0.949539
0.955016
0.961559
0.968958
0.976762
0.984443
0.991468
0.997395
1.00183
1.00445
1.00507
1.0036
1.00011
0.994906
0.988386
0.980949
0.972837
0.963976
0.953966
0.942284
0.928494
0.91251
0.894812
0.876494
0.859162
0.844715
0.834934
0.831077
0.833629
0.842315
0.85628
0.87431
0.895039
0.917056
0.938905
0.959134
0.976388
0.989636
0.998244
1.00203
1.00129
0.996775
0.989591
0.98109
0.972581
0.96492
0.958289
0.952238
0.946002
0.938897
0.930588
0.92113
0.910935
0.900594
0.890786
0.882082
0.874847
0.86922
0.865257
0.86309
0.863024
0.865529
0.871017
0.879541
0.890692
0.903604
0.917151
0.930264
0.942178
0.952566
0.961563
0.969635
0.977444
0.985625
0.994616
1.00454
1.01526
1.02637
1.0373
1.04745
1.05616
1.06298
1.06759
1.06988
1.06991
1.06793
1.06428
1.05945
1.054
1.0486
1.04384
1.04009
1.03726
1.03483
1.03198
1.02792
1.02216
1.01461
1.00552
0.995421
0.984914
0.974633
0.965122
0.956761
0.949701
0.943856
0.938959
0.934701
0.930856
0.927337
0.924211
0.921696
0.920081
0.91968
0.920791
0.923591
0.928065
0.933987
0.940863
0.947947
0.954306
0.958933
0.96099
0.960009
0.956089
0.949883
0.942448
0.934914
0.928218
0.923043
0.919758
0.918535
0.919362
0.921984
0.925895
0.930379
0.934669
0.938117
0.940376
0.941483
0.941855
0.942175
0.94317
0.945338
0.948789
0.953162
0.957717
0.961598
0.964121
0.96498
0.964346
0.962897
0.961555
0.961266
0.962654
0.965789
0.970139
0.974741
0.97848
0.980348
0.979701
0.976337
0.970518
0.96293
0.954544
0.946357
0.939172
0.933472
0.929429
0.926979
0.925947
0.926096
0.927168
0.92883
0.930703
0.932387
0.933518
0.933794
0.93302
0.931081
0.927942
0.923665
0.918425
0.912503
0.906333
0.900433
0.895329
0.891472
0.88923
0.888851
0.890511
0.894319
0.900265
0.908153
0.917581
0.928062
0.939107
0.950311
0.961336
0.971799
0.981214
