-5.47881
-5.48217
-5.48553
-5.48737
-5.48785
-5.4867
-5.48606
-5.48476
-5.48535
-5.48682
-5.48866
-5.49214
-5.49635
-5.50273
-5.50941
-5.51651
-5.5238
-5.52971
-5.53376
-5.53619
-5.53671
-5.53667
-5.53477
-5.52967
-5.52244
-5.51395
-5.50442
-5.49416
-5.48226
-5.47063
-5.45945
-5.44927
-5.43969
-5.43085
-5.42258
-5.41672
-5.41118
-5.40672
-5.40456
-5.40466
-5.40811
-5.4148
-5.42635
-5.44072
-5.45832
-5.47722
-5.49508
-5.51079
-5.52361
-5.5332
-5.54189
-5.54851
-5.55575
-5.5607
-5.56432
-5.56772
-5.56964
-5.56888
-5.56432
-5.55668
-5.54499
-5.52987
-5.51309
-5.49687
-5.48269
-5.47112
-5.46124
-5.45476
-5.44961
-5.44529
-5.44104
-5.43832
-5.43578
-5.43624
-5.43812
-5.44176
-5.44679
-5.45161
-5.45511
-5.45904
-5.46019
-5.45971
-5.45683
-5.4536
-5.44931
-5.44473
-5.44244
-5.4411
-5.44399
-5.45118
-5.46086
-5.47187
-5.48296
-5.49254
-5.4995
-5.50234
-5.49942
-5.49318
-5.48131
-5.46655
-5.44988
-5.4296
-5.40986
-5.39055
-5.37226
-5.35627
-5.34466
-5.33725
-5.33378
-5.33379
-5.3385
-5.34579
-5.35583
-5.36819
-5.38106
-5.39337
-5.40604
-5.41714
-5.42659
-5.43343
-5.43622
-5.43668
-5.43319
-5.42521
-5.41625
-5.40622
-5.39725
-5.39218
-5.39113
-5.39445
-5.40219
-5.41335
-5.42691
-5.44254
-5.4582
-5.47532
-5.49299
-5.51042
-5.52564
-5.54013
-5.55327
-5.56616
-5.57757
-5.58712
-5.59441
-5.59818
-5.60074
-5.5992
-5.59418
-5.58784
-5.57857
-5.568
-5.55567
-5.54403
-5.53261
-5.52186
-5.51339
-5.50517
-5.5
-5.49562
-5.49215
-5.48912
-5.48546
-5.48253
-5.47938
-5.47633
-5.47246
-5.46661
-5.45867
-5.4488
-5.43585
-5.42303
-5.41065
-5.40002
-5.39141
-5.38642
-5.38514
-5.38677
-5.39002
-5.39408
-5.39745
-5.39985
-5.40158
-5.40026
-5.39884
-5.39773
-5.39898
-5.40279
-5.409
-5.41905
-5.43209
-5.44586
-5.45943
-5.47145
-5.47954
-5.48226
-5.48036
-5.47383
-5.46173
-5.44718
-5.4302
-5.41429
-5.40239
-5.3935
-5.38916
-5.39031
-5.39479
-5.40351
-5.41407
-5.4262
-5.43919
-5.45285
-5.46419
-5.47311
-5.48106
-5.48771
-5.49168
-5.49481
-5.49685
-5.49805
-5.49957
-5.50085
-5.50252
-5.50438
-5.50567
-5.50574
-5.50592
-5.50641
-5.50686
-5.50841
-5.5114
-5.51563
-5.51953
-5.52303
-5.52459
-5.52386
-5.52014
-5.51448
-5.50637
-5.49611
-5.48511
-5.47199
-5.45819
-5.44455
-5.43175
-5.4195
-5.40918
-5.40179
-5.39636
-5.39454
-5.3951
-5.39877
-5.40389
-5.41214
-5.41997
-5.42975
-5.43875
-5.44501
-5.45082
-5.45264
-5.45279
-5.44767
-5.43873
-5.42782
-5.41655
-5.40641
-5.39971
-5.397
-5.39759
-5.40151
-5.40646
-5.41227
-5.41772
-5.42149
-5.42532
-5.42886
-5.4331
-5.43819
-5.44338
-5.45069
-5.45706
-5.46338
-5.46816
-5.4701
-5.4675
-5.46417
-5.4583
-5.45194
-5.44636
-5.44263
-5.43934
-5.43652
-5.43255
-5.42999
-5.42608
-5.42229
-5.41803
-5.41376
-5.40949
-5.40593
-5.40129
-5.39711
-5.3932
-5.39116
-5.3917
-5.39228
-5.39547
-5.39871
-5.40285
-5.40588
-5.40846
-5.40884
-5.40822
-5.40723
-5.40648
-5.40587
-5.40691
-5.40859
-5.41335
-5.41939
-5.42478
-5.42927
-5.43293
-5.43246
-5.42924
-5.42452
-5.41752
-5.4087
-5.40217
-5.39689
-5.39358
-5.3928
-5.39357
-5.39677
-5.40113
-5.40798
-5.41615
-5.42497
-5.43465
-5.44408
-5.45266
-5.46132
-5.46948
-5.47961
-5.48905
-5.49858
-5.50572
-5.51046
-5.51295
-5.51246
-5.50885
-5.50313
-5.49451
-5.48383
-5.4734
-5.46117
-5.45054
-5.4394
-5.42972
-5.42236
-5.41862
-5.41647
-5.41721
-5.42139
-5.42635
-5.43285
-5.43877
-5.44427
-5.44951
-5.45302
-5.45507
-5.455
-5.45269
-5.44806
-5.44295
-5.43682
-5.43235
-5.42972
-5.4291
-5.43112
-5.43591
-5.4399
-5.44466
-5.44862
-5.45125
-5.45117
-5.44994
-5.44642
-5.44073
-5.43485
-5.42693
-5.4212
-5.41455
-5.4086
-5.40165
-5.39459
-5.3872
-5.37985
-5.37298
-5.36731
-5.36412
-5.36329
-5.36335
-5.36412
-5.36586
-5.3692
-5.37426
-5.38121
-5.39185
-5.40616
-5.4241
-5.44534
-5.46751
-5.48979
-5.50976
-5.52682
-5.53973
-5.5484
-5.55127
-5.5484
-5.54065
-5.52996
-5.51686
-5.50255
-5.4885
-5.47501
-5.46262
-5.45254
-5.44518
-5.44051
-5.43663
-5.43531
-5.43287
-5.43115
-5.42712
-5.42386
-5.41977
-5.41562
-5.41092
-5.40631
-5.4025
-5.40102
-5.40184
-5.40546
-5.41392
-5.4224
-5.43289
-5.4422
-5.44982
-5.45527
-5.45912
-5.46114
-5.46264
-5.46372
-5.46679
-5.47033
-5.47376
-5.47345
-5.46814
-5.45954
-5.4496
-5.43912
-5.43233
-5.42848
-5.42949
-5.43605
-5.44477
-5.45547
-5.46665
-5.47619
-5.48387
-5.48859
-5.48813
-5.48324
-5.47487
-5.46465
-5.4535
-5.44188
-5.43221
-5.42383
-5.41786
-5.41471
-5.41313
-5.41405
-5.41711
-5.42149
-5.42678
-5.43181
-5.43727
-5.44142
-5.44513
-5.44538
-5.44428
-5.44148
-5.43907
-5.43596
-5.43251
-5.42915
-5.42686
-5.42706
-5.42907
-5.43421
-5.44192
-5.45199
-5.46273
-5.47442
-5.48559
-5.49533
-5.50182
-5.50816
-5.51158
-5.51449
-5.51516
-5.5157
-5.51598
-5.51404
-5.51135
-5.50772
-5.50178
-5.49247
-5.48067
-5.46638
-5.45115
-5.43523
-5.42069
-5.4088
-5.40108
-5.39794
-5.40054
-5.40782
-5.41917
-5.4313
-5.44394
-5.45433
-5.46275
-5.46756
-5.47043
-5.47137
-5.46848
-5.46341
-5.45501
-5.44461
-5.43369
-5.42404
-5.4191
-5.4187
-5.4222
-5.42926
-5.43624
-5.44299
-5.44742
-5.449
-5.44676
-5.4442
-5.43991
-5.43488
-5.43038
-5.42797
-5.42857
-5.43214
-5.43698
-5.4425
-5.44945
-5.45794
-5.46805
-5.47949
-5.49251
-5.50739
-5.52274
-5.53776
-5.54984
-5.56032
-5.5673
-5.57103
-5.57193
-5.56877
-5.56314
-5.55416
-5.5432
-5.53013
-5.51547
-5.5007
-5.48704
-5.47556
-5.46704
-5.46187
-5.46009
-5.46076
-5.46368
-5.46806
-5.47361
-5.48155
-5.48752
-5.49243
-5.49538
-5.4966
-5.49695
-5.49626
-5.49556
-5.49397
-5.49319
-5.49297
-5.49257
-5.49345
-5.4953
-5.49668
-5.49764
-5.49923
-5.49903
-5.49669
-5.49434
-5.49123
-5.48746
-5.48297
-5.47837
-5.47295
-5.46753
-5.46334
-5.46036
-5.45783
-5.45667
-5.458
-5.46074
-5.46706
-5.47536
-5.4866
-5.49937
-5.51241
-5.52358
-5.53274
-5.53843
-5.54051
-5.5395
-5.53413
-5.5265
-5.51778
-5.50952
-5.50274
-5.49909
-5.49726
-5.49902
-5.50259
-5.5064
-5.51028
-5.51354
-5.51416
-5.51447
-5.51209
-5.50931
-5.50604
-5.50292
-5.50072
-5.49798
-5.4971
-5.49563
-5.49336
-5.49033
-5.48547
-5.47928
-5.47033
-5.46105
-5.45058
-5.43983
-5.43056
-5.42241
-5.41583
-5.41165
-5.41045
-5.41085
-5.41592
-5.42415
-5.43527
-5.44985
-5.46609
-5.48306
-5.49889
-5.51391
-5.52711
-5.53816
-5.54599
-5.55271
-5.55565
-5.55691
-5.5555
-5.55244
-5.54771
-5.54174
-5.53568
-5.52824
-5.51931
-5.51122
-5.50197
-5.49439
-5.4869
-5.48079
-5.47611
-5.47262
-5.47057
-5.46848
-5.46636
-5.46378
-5.46032
-5.45653
-5.45427
-5.45212
-5.4507
-5.45194
-5.45305
-5.45682
-5.46258
-5.47068
-5.48176
-5.49431
-5.5055
-5.51303
-5.51749
-5.51833
-5.51619
-5.51218
-5.50926
-5.50728
-5.50848
-5.51063
-5.51402
-5.51684
-5.51839
-5.51774
-5.51593
-5.51332
-5.50905
-5.50373
-5.49638
-5.48814
-5.47883
-5.46752
-5.45539
-5.44204
-5.42884
-5.41609
-5.40389
-5.39267
-5.38386
-5.37784
-5.37324
-5.37216
-5.3719
-5.37339
-5.37579
-5.37646
-5.37821
-5.38101
-5.38417
-5.38877
-5.39621
-5.40594
-5.41772
-5.43117
-5.44475
-5.45671
-5.46797
-5.47744
-5.48365
-5.48633
-5.4846
-5.47973
-5.47164
-5.45988
-5.44685
-5.43392
-5.42108
-5.41136
-5.40424
-5.40074
-5.40098
-5.40499
-5.41259
-5.42004
-5.42832
-5.43555
-5.44312
-5.44968
-5.45636
-5.46172
-5.46706
-5.47129
-5.47487
-5.47731
-5.47796
-5.47911
-5.48116
-5.48358
-5.48438
-5.48414
-5.48127
-5.47761
-5.47171
-5.46269
-5.45461
-5.44544
-5.4378
-5.43062
-5.42633
-5.42336
-5.42268
-5.42316
-5.42498
-5.42795
-5.43236
-5.43671
-5.44127
-5.44609
-5.45078
-5.4558
-5.45918
-5.46358
-5.46741
-5.46965
-5.47011
-5.469
-5.46639
-5.46194
-5.45652
-5.4498
-5.44256
-5.43531
-5.42872
-5.42214
-5.41705
-5.41168
-5.40732
-5.40483
-5.40466
-5.40582
-5.40908
-5.41527
-5.42434
-5.43477
-5.44562
-5.45705
-5.46853
-5.47749
-5.48447
-5.48813
-5.49026
-5.48915
-5.48626
-5.48284
-5.47922
-5.47745
-5.47881
-5.4837
-5.48985
-5.49855
-5.5075
-5.51481
-5.51714
-5.51656
-5.51072
-5.50042
-5.48501
-5.46577
-5.44499
-5.42364
-5.40565
-5.39226
-5.38496
-5.38377
-5.38823
-5.39586
-5.40694
-5.42019
-5.4336
-5.44766
-5.46059
-5.471
-5.4806
-5.48913
-5.49447
-5.49617
-5.49468
-5.49194
-5.48748
-5.48317
-5.47877
-5.4741
-5.47075
-5.46713
-5.46366
-5.46161
-5.45892
-5.4562
-5.45416
-5.45359
-5.4543
-5.45543
-5.45761
-5.46028
-5.46352
-5.46689
-5.46958
-5.47243
-5.47489
-5.47691
-5.47856
-5.47931
-5.48071
-5.48002
-5.47883
-5.47736
-5.47542
-5.4738
-5.47161
-5.4692
-5.46822
-5.46654
-5.46524
-5.46299
-5.46042
-5.45837
-5.45558
-5.45387
-5.4516
-5.45038
-5.45074
-5.45228
-5.45552
-5.46086
-5.46861
-5.47498
-5.48057
-5.48684
-5.4902
-5.49384
-5.49467
-5.49596
-5.49621
-5.49779
-5.50047
-5.50044
-5.50145
-5.49904
-5.49459
-5.48598
-5.47559
-5.4635
-5.45246
-5.44202
-5.43501
-5.43101
-5.42892
-5.42984
-5.43272
-5.43562
-5.43862
-5.44251
-5.44552
-5.44794
-5.44997
-5.45208
-5.45394
-5.45525
-5.45528
-5.45527
-5.45429
-5.45087
-5.44407
-5.43569
-5.4252
-5.41557
-5.40548
-5.39702
-5.39165
-5.38954
-5.39142
-5.39858
-5.40801
-5.42164
-5.43582
-5.45051
-5.4627
-5.47375
-5.48098
-5.48527
-5.48845
-5.4878
-5.4872
-5.48518
-5.48104
-5.47574
-5.46867
-5.46085
-5.45107
-5.43948
-5.42908
-5.41933
-5.41348
-5.41082
-5.41201
-5.41874
-5.42989
-5.44363
-5.4622
-5.48218
-5.50471
-5.52996
-5.55284
-5.57179
-5.58629
-5.59486
-5.59502
-5.58927
-5.57946
-5.5658
-5.54851
-5.5296
-5.51037
-5.49254
-5.47654
-5.46358
-5.45351
-5.44643
-5.44201
-5.43987
-5.44155
-5.44472
-5.45069
-5.45837
-5.46662
-5.47529
-5.48223
-5.48661
-5.48807
-5.48524
-5.4803
-5.47251
-5.46502
-5.45573
-5.44684
-5.4377
-5.42765
-5.41672
-5.40624
-5.39663
-5.38982
-5.38439
-5.38273
-5.38332
-5.38759
-5.39468
-5.40324
-5.41186
-5.42129
-5.42907
-5.4361
-5.44236
-5.44791
-5.45218
-5.45575
-5.45743
-5.45646
-5.45268
-5.44618
-5.43836
-5.43098
-5.4244
-5.41923
-5.41681
-5.41839
-5.42328
-5.42875
-5.4363
-5.4434
-5.45082
-5.456
-5.45811
-5.45731
-5.45323
-5.44724
-5.44006
-5.43228
-5.42519
-5.42037
-5.41663
-5.41571
-5.4175
-5.42133
-5.4282
-5.43605
-5.44514
-5.4543
-5.46276
-5.47148
-5.47813
-5.48327
-5.48672
-5.48903
-5.49067
-5.49276
-5.49605
-5.49916
-5.50213
-5.50671
-5.51055
-5.51303
-5.51418
-5.51255
-5.5106
-5.505
-5.49738
-5.48895
-5.47879
-5.46884
-5.46049
-5.45437
-5.45199
-5.45116
-5.45555
-5.46206
-5.46898
-5.4759
-5.48162
-5.48681
-5.49076
-5.4948
-5.49731
-5.50039
-5.50292
-5.5065
-5.50913
-5.51187
-5.51307
-5.51396
-5.51177
-5.5093
-5.50554
-5.50197
-5.49829
-5.4978
-5.49843
-5.49927
-5.50122
-5.50354
-5.50588
-5.50799
-5.51015
-5.50992
-5.50958
-5.50704
-5.50252
-5.49518
-5.48735
-5.47843
-5.46966
-5.46249
-5.45603
-5.45153
-5.44896
-5.4469
-5.44478
-5.44298
-5.44101
-5.43767
-5.43279
-5.43024
-5.4268
-5.42488
-5.42422
-5.42534
-5.4268
-5.42853
-5.42994
-5.42872
-5.42563
-5.41871
-5.40855
-5.39841
-5.38742
-5.37712
-5.36873
-5.36348
-5.36138
-5.36209
-5.36376
-5.36825
-5.37526
-5.38433
-5.39467
-5.40695
-5.41973
-5.43375
-5.44626
-5.45793
-5.46807
-5.47757
-5.48553
-5.49119
-5.49616
-5.49922
-5.50002
-5.49843
-5.49578
-5.49097
-5.48397
-5.47496
-5.46561
-5.45469
-5.44311
-5.43268
-5.42279
-5.41581
-5.41367
-5.41521
-5.42018
-5.42794
-5.43766
-5.44767
-5.4591
-5.46869
-5.47871
-5.48784
-5.49462
-5.50046
-5.50393
-5.50745
-5.50834
-5.50906
-5.50792
-5.50607
-5.50367
-5.49997
-5.4959
-5.49059
-5.4846
-5.47858
-5.47169
-5.46581
-5.4616
-5.45856
-5.4583
-5.4603
-5.4646
-5.46958
-5.47568
-5.48133
-5.48512
-5.48724
-5.48777
-5.4861
-5.48247
-5.47992
-5.47822
-5.47664
-5.47627
-5.47484
-5.47171
-5.46849
-5.46337
-5.4569
-5.45095
-5.44571
-5.44393
-5.44404
-5.44702
-5.45418
-5.46125
-5.46767
-5.47212
-5.4737
-5.47371
-5.47161
-5.47158
-5.47558
-5.48126
-5.48797
-5.49512
-5.49814
-5.4982
-5.49486
-5.48776
-5.47919
-5.46828
-5.45841
-5.45191
-5.4479
-5.44916
-5.45509
-5.4645
-5.47772
-5.49171
-5.50635
-5.51826
-5.52778
-5.53352
-5.53499
-5.53206
-5.52633
-5.51688
-5.50705
-5.49823
-5.49032
-5.48512
-5.48248
-5.48181
-5.48378
-5.48851
-5.49539
-5.5043
-5.51307
-5.52182
-5.52924
-5.53577
-5.54025
-5.54224
-5.54155
-5.53826
-5.53594
-5.53301
-5.53191
-5.5324
-5.53705
-5.54427
-5.55335
-5.56215
-5.5686
-5.57115
-5.57015
-5.56353
-5.55376
-5.54048
-5.52435
-5.50851
-5.49348
-5.48133
-5.47238
-5.46653
-5.4633
-5.46142
-5.4611
-5.46054
-5.45891
-5.45594
-5.4519
-5.44738
-5.44241
-5.43806
-5.43335
-5.42933
-5.42796
-5.42774
-5.42921
-5.43226
-5.43649
-5.44334
-5.45141
-5.46229
-5.47456
-5.48858
-5.5036
-5.51827
-5.53191
-5.5459
-5.55774
-5.56858
-5.57656
-5.58174
-5.58554
-5.58593
-5.58532
-5.58202
-5.5781
-5.5733
-5.56686
-5.56009
-5.55226
-5.54332
-5.53533
-5.52635
-5.51927
-5.51526
-5.51429
-5.51527
-5.52004
-5.52752
-5.53588
-5.54412
-5.55212
-5.55609
-5.55501
-5.54923
-5.5385
-5.52489
-5.50901
-5.49398
-5.48097
-5.47244
-5.46751
-5.46783
-5.47169
-5.47823
-5.48528
-5.49054
-5.49313
-5.49399
-5.49218
-5.48955
-5.48554
-5.4821
-5.47911
-5.47586
-5.47475
-5.47417
-5.47437
-5.47523
-5.47777
-5.48252
-5.48911
-5.49644
-5.5041
-5.51175
-5.51783
-5.52155
-5.52344
-5.52423
-5.52303
-5.52049
-5.51551
-5.50861
-5.50157
-5.49558
-5.49121
-5.48908
-5.48995
-5.49357
-5.49878
-5.50339
-5.50662
-5.50874
-5.5109
-5.51105
-5.51028
-5.50803
-5.50335
-5.49762
-5.49112
-5.48442
-5.4798
-5.47764
-5.48202
-5.49225
-5.50868
-5.5288
-5.55007
-5.57026
-5.58764
-5.59974
-5.60734
-5.61051
-5.60949
-5.60511
-5.59787
-5.58727
-5.57595
-5.56067
-5.54372
-5.52571
-5.50665
-5.48586
-5.46619
-5.44756
-5.43039
-5.41573
-5.40585
-5.40043
-5.39821
-5.39946
-5.40398
-5.40791
-5.4126
-5.41583
-5.41658
-5.41753
-5.4182
-5.42069
-5.42721
-5.43548
-5.44596
-5.45801
-5.46891
-5.47814
-5.48557
-5.49059
-5.49415
-5.4956
-5.49527
-5.49398
-5.49165
-5.48968
-5.48682
-5.48496
-5.48291
-5.48093
-5.47974
-5.47919
-5.47881
-5.48034
-5.4798
-5.48169
-5.48285
-5.48426
-5.48681
-5.48881
-5.49254
-5.496
-5.49983
-5.50303
-5.505
-5.50444
-5.50044
-5.49399
-5.48387
-5.47153
-5.45815
-5.44419
-5.43151
-5.42123
-5.41271
-5.40686
-5.40397
-5.40454
-5.40705
-5.41208
-5.4176
-5.42434
-5.42965
-5.43301
-5.43425
-5.43423
-5.43384
-5.43446
-5.43591
-5.43912
-5.44295
-5.44874
-5.45321
-5.45558
-5.45597
-5.45488
-5.45178
-5.44767
-5.44282
-5.43828
-5.434
-5.43217
-5.43104
-5.43322
-5.4377
-5.44156
-5.44723
-5.45139
-5.45658
-5.46156
-5.46745
-5.47409
-5.48118
-5.48628
-5.48994
-5.49168
-5.49229
-5.49014
-5.4856
-5.48021
-5.47339
-5.46589
-5.45737
-5.44941
-5.44177
-5.43329
-5.42628
-5.4199
-5.41332
-5.40829
-5.40405
-5.40119
-5.40016
-5.40164
-5.40439
-5.40897
-5.41612
-5.42619
-5.43622
-5.44554
-5.45405
-5.46155
-5.46735
-5.47248
-5.47589
-5.47788
-5.47973
-5.48016
-5.48064
-5.47954
-5.47743
-5.47395
-5.46879
-5.46201
-5.45159
-5.43978
-5.43083
-5.42284
-5.4186
-5.41931
-5.42433
-5.4328
-5.44137
-5.45009
-5.45844
-5.46485
-5.46965
-5.4707
-5.46855
-5.46419
-5.45837
-5.45056
-5.44345
-5.43621
-5.43042
-5.42552
-5.4231
-5.4224
-5.42438
-5.4297
-5.43575
-5.44392
-5.45143
-5.45838
-5.4638
-5.46812
-5.47122
-5.4722
-5.47111
-5.46928
-5.46579
-5.4626
-5.45955
-5.45872
-5.46106
-5.46364
-5.46887
-5.4743
-5.47985
-5.48432
-5.48651
-5.48709
-5.48502
-5.48112
-5.47541
-5.46659
-5.45681
-5.4461
-5.43573
-5.42332
-5.41262
-5.40356
-5.39528
-5.39186
-5.39211
-5.39593
-5.40282
-5.41258
-5.42222
-5.43122
-5.43783
-5.44215
-5.44212
-5.43781
-5.43246
-5.42467
-5.41802
-5.41041
-5.40579
-5.40323
-5.40323
-5.40756
-5.41247
-5.42117
-5.42961
-5.43864
-5.44699
-5.45481
-5.46195
-5.46764
-5.47199
-5.47555
-5.47679
-5.47459
-5.4695
-5.463
-5.45531
-5.4482
-5.44072
-5.4364
-5.43444
-5.4375
-5.44326
-5.45062
-5.45791
-5.46529
-5.47134
-5.47479
-5.47506
-5.47244
-5.46829
-5.46111
-5.45315
-5.44518
-5.43968
-5.43409
-5.4306
-5.42843
-5.42774
-5.42813
-5.42798
-5.42747
-5.42721
-5.42646
-5.42598
-5.42649
-5.4289
-5.43106
-5.43426
-5.43908
-5.44527
-5.45212
-5.45788
-5.46416
-5.47037
-5.47708
-5.4839
-5.49012
-5.49702
-5.50446
-5.51282
-5.52179
-5.53065
-5.53904
-5.54626
-5.5522
-5.55635
-5.5581
-5.5583
-5.55685
-5.55419
-5.54989
-5.54458
-5.53765
-5.52807
-5.51824
-5.5067
-5.49622
-5.48613
-5.47889
-5.474
-5.47251
-5.47296
-5.47721
-5.48098
-5.48559
-5.49173
-5.49662
-5.50027
-5.50263
-5.50327
-5.50396
-5.50477
-5.5052
-5.50846
-5.51082
-5.51484
-5.51874
-5.52096
-5.52263
-5.52236
-5.52082
-5.51771
-5.51467
-5.51323
-5.51293
-5.51313
-5.5114
-5.50773
-5.50034
-5.49024
-5.47799
-5.46628
-5.45716
-5.45494
-5.45899
-5.46708
-5.47886
-5.49254
-5.506
-5.52018
-5.53406
-5.54696
-5.55897
-5.56843
-5.574
-5.57741
-5.577
-5.5736
-5.56575
-5.55434
-5.54127
-5.52639
-5.51114
-5.49754
-5.48412
-5.47258
-5.46255
-5.45619
-5.4532
-5.45233
-5.4524
-5.45206
-5.45013
-5.44583
-5.43841
-5.42638
-5.41151
-5.39455
-5.37691
-5.36061
-5.34884
-5.34305
-5.34301
-5.3488
-5.36038
-5.37601
-5.39195
-5.40815
-5.42217
-5.43413
-5.44377
-5.45025
-5.45443
-5.45869
-5.45941
-5.45921
-5.45812
-5.45715
-5.4563
-5.45689
-5.45795
-5.45942
-5.46269
-5.46769
-5.47412
-5.48081
-5.48765
-5.49425
-5.5001
-5.50327
-5.50519
-5.50418
-5.50184
-5.49722
-5.49045
-5.48168
-5.47298
-5.46429
-5.45441
-5.44532
-5.4366
-5.4273
-5.4196
-5.41246
-5.40538
-5.40035
-5.3975
-5.39754
-5.40196
-5.40978
-5.4219
-5.43614
-5.45261
-5.46959
-5.48688
-5.50291
-5.51711
-5.52788
-5.53656
-5.54101
-5.54181
-5.53838
-5.53172
-5.52362
-5.51444
-5.5041
-5.49401
-5.48245
-5.47209
-5.46279
-5.45474
-5.44982
-5.44774
-5.44946
-5.45455
-5.46155
-5.46959
-5.48014
-5.48968
-5.49946
-5.50791
-5.51674
-5.52575
-5.53366
-5.5411
-5.54839
-5.55381
-5.55884
-5.56375
-5.56709
-5.56946
-5.56926
-5.56631
-5.56273
-5.55691
-5.5517
-5.545
-5.53815
-5.5308
-5.52292
-5.5153
-5.50633
-5.49654
-5.4866
-5.4753
-5.46415
-5.45236
-5.43969
-5.42538
-5.41281
-5.402
-5.39446
-5.39106
-5.39097
-5.39485
-5.3993
-5.40573
-5.41282
-5.41874
-5.42452
-5.42918
-5.43243
-5.43499
-5.43752
-5.43768
-5.43863
-5.44114
-5.44428
-5.45029
-5.45662
-5.46238
-5.46793
-5.47092
-5.47267
-5.47184
-5.46835
-5.46452
-5.46244
-5.46141
-5.46133
-5.46407
-5.46908
-5.4768
-5.48518
-5.49585
-5.50764
-5.51845
-5.52694
-5.53321
-5.53681
-5.53528
-5.5312
-5.52371
-5.51503
-5.50422
-5.49355
-5.48434
-5.47676
-5.47288
-5.4699
-5.47088
-5.47347
-5.47927
-5.4866
-5.49678
-5.5092
-5.52119
-5.53186
-5.54121
-5.54733
-5.5491
-5.54873
-5.54493
-5.53919
-5.53277
-5.5268
-5.52284
-5.52026
-5.51682
-5.51327
-5.50897
-5.50192
-5.49533
-5.49013
-5.48713
-5.49009
-5.4967
-5.5053
-5.51319
-5.5187
-5.52022
-5.51766
-5.51243
-5.50383
-5.49241
-5.48096
-5.46865
-5.45876
-5.45318
-5.44956
-5.44848
-5.44905
-5.45108
-5.45275
-5.45582
-5.46062
-5.46529
-5.47162
-5.48099
-5.49162
-5.5031
-5.51528
-5.52791
-5.54113
-5.55483
-5.56702
-5.57716
-5.58617
-5.59097
-5.59293
-5.59178
-5.58649
-5.57829
-5.56919
-5.55676
-5.54465
-5.52994
-5.51302
-5.49749
-5.48107
-5.46496
-5.45042
-5.43775
-5.42628
-5.4197
-5.41524
-5.41307
-5.41235
-5.41215
-5.41342
-5.41341
-5.41292
-5.4125
-5.41063
-5.40882
-5.40779
-5.40628
-5.40651
-5.40829
-5.41051
-5.41452
-5.41859
-5.42271
-5.42541
-5.42767
-5.42821
-5.42799
-5.42675
-5.4253
-5.42372
-5.42254
-5.42017
-5.41969
-5.41871
-5.41814
-5.42062
-5.42413
-5.4285
-5.43265
-5.43747
-5.44161
-5.44396
-5.44356
-5.44321
-5.44151
-5.43864
-5.43691
-5.43434
-5.43367
-5.43218
-5.42952
-5.4268
-5.42343
-5.42013
-5.41937
-5.42028
-5.42233
-5.42687
-5.43345
-5.44176
-5.44827
-5.45401
-5.45764
-5.4556
-5.4511
-5.44465
-5.43523
-5.42346
-5.41115
-5.4003
-5.3898
-5.38188
-5.37769
-5.37521
-5.37587
-5.37852
-5.38394
-5.38956
-5.39491
-5.40203
-5.40935
-5.41784
-5.42586
-5.43253
-5.43762
-5.44067
-5.43891
-5.43298
-5.42333
-5.41172
-5.39796
-5.38645
-5.3767
-5.37099
-5.36924
-5.36962
-5.37248
-5.37537
-5.37744
-5.3795
-5.38227
-5.38496
-5.38814
-5.39302
-5.39777
-5.40249
-5.40893
-5.41318
-5.41827
-5.42498
-5.43311
-5.44194
-5.45396
-5.46546
-5.4748
-5.48205
-5.48774
-5.49149
-5.49452
-5.49602
-5.49655
-5.49666
-5.49495
-5.49292
-5.48993
-5.48613
-5.48268
-5.4804
-5.48008
-5.48128
-5.48253
-5.48352
-5.48426
-5.48424
-5.48289
-5.4818
-5.48021
-5.47882
-5.47695
-5.47581
-5.47443
-5.47053
-5.46538
-5.45874
-5.45129
-5.4415
-5.43028
-5.41835
-5.40662
-5.39626
-5.38632
-5.37978
-5.37503
-5.37328
-5.37302
-5.37485
-5.37924
-5.38327
-5.38874
-5.39428
-5.40029
-5.4066
-5.41359
-5.42075
-5.42771
-5.43541
-5.44152
-5.4464
-5.44737
-5.4456
-5.44013
-5.43127
-5.42199
-5.41184
-5.40394
-5.39989
-5.39966
-5.40209
-5.40714
-5.41385
-5.42052
-5.42663
-5.43271
-5.4394
-5.44404
-5.44934
-5.45454
-5.46039
-5.46638
-5.47198
-5.4794
-5.4853
-5.49047
-5.4938
-5.49596
-5.49755
-5.49698
-5.49458
-5.49039
-5.48547
-5.48121
-5.47687
-5.47366
-5.47021
-5.46821
-5.46682
-5.46545
-5.46408
-5.4625
-5.46055
-5.45719
-5.45371
-5.44833
-5.44249
-5.43743
-5.43289
-5.4312
-5.43113
-5.43279
-5.436
-5.43976
-5.44396
-5.44711
-5.45047
-5.45184
-5.45106
-5.44727
-5.44238
-5.43764
-5.43242
-5.42895
-5.42796
-5.42847
-5.4312
-5.43548
-5.43927
-5.4433
-5.44803
-5.45277
-5.45708
-5.46178
-5.46674
-5.47067
-5.47372
-5.47528
-5.47576
-5.47513
-5.47088
-5.46615
-5.46123
-5.45673
-5.45327
-5.45334
-5.45644
-5.46247
-5.47147
-5.48506
-5.49833
-5.51281
-5.52586
-5.53686
-5.54286
-5.54328
-5.53995
-5.53089
-5.51649
-5.49874
-5.47962
-5.46082
-5.44294
-5.42609
-5.41053
-5.39845
-5.38495
-5.37344
-5.36337
-5.3555
-5.35003
-5.34736
-5.34735
-5.35239
-5.36135
-5.37186
-5.38503
-5.39937
-5.41449
-5.42861
-5.44317
-5.45676
-5.46866
-5.47993
-5.49151
-5.50147
-5.50985
-5.51691
-5.52261
-5.52768
-5.5318
-5.53476
-5.53749
-5.5381
-5.53833
-5.53724
-5.53458
-5.52923
-5.52202
-5.51209
-5.50047
-5.48781
-5.47238
-5.45756
-5.44448
-5.43239
-5.4252
-5.42382
-5.42761
-5.43596
-5.44773
-5.46097
-5.4748
-5.48857
-5.50253
-5.51496
-5.52659
-5.5375
-5.54566
-5.55253
-5.5569
-5.55907
-5.55746
-5.55397
-5.54656
-5.5356
-5.52209
-5.50589
-5.48854
-5.47004
-5.45219
-5.43605
-5.42302
-5.41379
-5.40918
-5.40551
-5.40376
-5.40291
-5.40186
-5.39835
-5.39335
-5.38714
-5.37995
-5.37522
-5.37269
-5.37407
-5.37943
-5.38617
-5.39459
-5.40358
-5.41143
-5.41896
-5.42638
-5.43346
-5.4397
-5.44459
-5.44675
-5.44818
-5.44912
-5.44911
-5.44906
-5.44846
-5.44928
-5.44953
-5.45031
-5.45057
-5.45142
-5.45107
-5.44891
-5.44716
-5.44472
-5.44299
-5.44119
-5.44018
-5.44134
-5.44423
-5.44821
-5.45351
-5.45897
-5.46473
-5.47038
-5.47508
-5.47855
-5.48081
-5.48124
-5.47976
-5.47631
-5.47156
-5.46475
-5.45537
-5.4439
-5.43097
-5.41737
-5.40352
-5.39205
-5.38279
-5.37748
-5.37553
-5.37751
-5.38372
-5.39085
-5.39952
-5.40702
-5.41292
-5.41731
-5.41841
-5.41778
-5.41611
-5.41264
-5.40945
-5.40716
-5.40741
-5.40926
-5.41165
-5.41484
-5.41637
-5.41752
-5.41535
-5.41406
-5.41038
-5.40524
-5.40026
-5.39563
-5.39077
-5.38744
-5.38391
-5.38083
-5.37921
-5.37994
-5.3823
-5.38687
-5.39412
-5.40245
-5.41267
-5.42333
-5.4351
-5.4496
-5.463
-5.47687
-5.49003
-5.50027
-5.50836
-5.5134
-5.51335
-5.50859
-5.50219
-5.49269
-5.48387
-5.47769
-5.47465
-5.47579
-5.48057
-5.48626
-5.49316
-5.49814
-5.50155
-5.50348
-5.50355
-5.50234
-5.5015
-5.49904
-5.49712
-5.49461
-5.49077
-5.48756
-5.4834
-5.47838
-5.47244
-5.46689
-5.46088
-5.45509
-5.44759
-5.44068
-5.43342
-5.42715
-5.42154
-5.41901
-5.41757
-5.41845
-5.41996
-5.42213
-5.42407
-5.42474
-5.42378
-5.42111
-5.41824
-5.41397
-5.41058
-5.40643
-5.40607
-5.4092
-5.41773
-5.43414
-5.45705
-5.48352
-5.51045
-5.53538
-5.55656
-5.57242
-5.58337
-5.58962
-5.59193
-5.59176
-5.58995
-5.58574
-5.58154
-5.57671
-5.57057
-5.56578
-5.55949
-5.55384
-5.54584
-5.5371
-5.52654
-5.51571
-5.50545
-5.49548
-5.48775
-5.48446
-5.48312
-5.48435
-5.4882
-5.49222
-5.49581
-5.49816
-5.4987
-5.49689
-5.49147
-5.48391
-5.47399
-5.46184
-5.44933
-5.43687
-5.42682
-5.41796
-5.41233
-5.41048
-5.41313
-5.41822
-5.42454
-5.43099
-5.43779
-5.44465
-5.45208
-5.46052
-5.46862
-5.47733
-5.4844
-5.49038
-5.49304
-5.49321
-5.48977
-5.48554
-5.47901
-5.47137
-5.46443
-5.45645
-5.4487
-5.44221
-5.43764
-5.43577
-5.43842
-5.44467
-5.45442
-5.46709
-5.47938
-5.49111
-5.50102
-5.50791
-5.51173
-5.51283
-5.51017
-5.50535
-5.49838
-5.48982
-5.48179
-5.47418
-5.46868
-5.46656
-5.46396
-5.46325
-5.46205
-5.4625
-5.46074
-5.45951
-5.45766
-5.45552
-5.45294
-5.45122
-5.44893
-5.44561
-5.44198
-5.43825
-5.43378
-5.42836
-5.42519
-5.422
-5.42179
-5.4256
-5.43186
-5.44206
-5.45572
-5.47087
-5.48699
-5.50147
-5.51556
-5.52647
-5.53478
-5.53977
-5.54219
-5.54196
-5.53883
-5.53433
-5.52878
-5.52409
-5.51924
-5.51552
-5.51278
-5.5115
-5.51192
-5.513
-5.51752
-5.5238
-5.53232
-5.53953
-5.54464
-5.54591
-5.5452
-5.54154
-5.5361
-5.52864
-5.52051
-5.51401
-5.50937
-5.50806
-5.50878
-5.50983
-5.50983
-5.50904
-5.50579
-5.50027
-5.49324
-5.48299
-5.47378
-5.46619
-5.45756
-5.45208
-5.44857
-5.4472
-5.44777
-5.44914
-5.45059
-5.45233
-5.45424
-5.45725
-5.46341
-5.47144
-5.48136
-5.49208
-5.50474
-5.51477
-5.5255
-5.53477
-5.54361
-5.55002
-5.55496
-5.55913
-5.56378
-5.56784
-5.57208
-5.57448
-5.57443
-5.57259
-5.56715
-5.56011
-5.55179
-5.54179
-5.53182
-5.52575
-5.52065
-5.51928
-5.52023
-5.52198
-5.52383
-5.52535
-5.52572
-5.52411
-5.52273
-5.51716
-5.50872
-5.49752
-5.48311
-5.46538
-5.44749
-5.43102
-5.41795
-5.40836
-5.40165
-5.39695
-5.39583
-5.39664
-5.39909
-5.40273
-5.40648
-5.41149
-5.41734
-5.42318
-5.42998
-5.43866
-5.44792
-5.45979
-5.47345
-5.48802
-5.50151
-5.5141
-5.52379
-5.52894
-5.52955
-5.52759
-5.52199
-5.51192
-5.49946
-5.4844
-5.46832
-5.45296
-5.44333
-5.43676
-5.43327
-5.43145
-5.43116
-5.43076
-5.43124
-5.43388
-5.43851
-5.44547
-5.45508
-5.4662
-5.47706
-5.48727
-5.49669
-5.50606
-5.51273
-5.51848
-5.52351
-5.52649
-5.52707
-5.52657
-5.52438
-5.5224
-5.5206
-5.51945
-5.51724
-5.51493
-5.51275
-5.5095
-5.50526
-5.50009
-5.49308
-5.48664
-5.48145
-5.47791
-5.47631
-5.4769
-5.47789
-5.48048
-5.48152
-5.48321
-5.48324
-5.48198
-5.47895
-5.4741
-5.46851
-5.46321
-5.45814
-5.45525
-5.4539
-5.45525
-5.45898
-5.46332
-5.46852
-5.47221
-5.4733
-5.47134
-5.46718
-5.46162
-5.45468
-5.44778
-5.44249
-5.43917
-5.43605
-5.43384
-5.43037
-5.42609
-5.41904
-5.40982
-5.39893
-5.38651
-5.37412
-5.36198
-5.35217
-5.34521
-5.34019
-5.33861
-5.34128
-5.3493
-5.36156
-5.37837
-5.39689
-5.41741
-5.43778
-5.45538
-5.4686
-5.4773
-5.48207
-5.48222
-5.47828
-5.47157
-5.46276
-5.45235
-5.44128
-5.43155
-5.42466
-5.42004
-5.41918
-5.42261
-5.42945
-5.43819
-5.44906
-5.45803
-5.46482
-5.4694
-5.47209
-5.47185
-5.47016
-5.46647
-5.46301
-5.46176
-5.46298
-5.46742
-5.47406
-5.48145
-5.48903
-5.4941
-5.49611
-5.49502
-5.49198
-5.48684
-5.47869
-5.47045
-5.46201
-5.45435
-5.44928
-5.44689
-5.44596
-5.44734
-5.44984
-5.45345
-5.45686
-5.4607
-5.46376
-5.46581
-5.46812
-5.46954
-5.47031
-5.47085
-5.4731
-5.47499
-5.47966
-5.48433
-5.49062
-5.49748
-5.50341
-5.5079
-5.5097
-5.50745
-5.5034
-5.49716
-5.48946
-5.48113
-5.47424
-5.46754
-5.46221
-5.45718
-5.45211
-5.44793
-5.44438
-5.44133
-5.44032
-5.44045
-5.44168
-5.44559
-5.45103
-5.45536
-5.46106
-5.46521
-5.46906
-5.47226
-5.47541
-5.47783
-5.47763
-5.47701
-5.47601
-5.47438
-5.47271
-5.47253
-5.47315
-5.47533
-5.47856
-5.48245
-5.48677
-5.48974
-5.49151
-5.49139
-5.4899
-5.4863
-5.48069
-5.47365
-5.46531
-5.45767
-5.45063
-5.44419
-5.44073
-5.43877
-5.43839
-5.43686
-5.43578
-5.43372
-5.4302
-5.42696
-5.42373
-5.422
-5.423
-5.42622
-5.4327
-5.44142
-5.45139
-5.46148
-5.47203
-5.48061
-5.48903
-5.49586
-5.50261
-5.50932
-5.5161
-5.52163
-5.52739
-5.53026
-5.53239
-5.53189
-5.52945
-5.52564
-5.52209
-5.51844
-5.51501
-5.51326
-5.51238
-5.51279
-5.51262
-5.51242
-5.51234
-5.5108
-5.50773
-5.50111
-5.49265
-5.481
-5.46768
-5.4533
-5.43861
-5.42506
-5.4133
-5.40504
-5.40139
-5.40166
-5.40755
-5.41721
-5.43112
-5.44584
-5.46273
-5.47943
-5.49502
-5.50871
-5.52035
-5.52943
-5.53621
-5.5395
-5.53994
-5.53755
-5.53254
-5.52521
-5.51632
-5.506
-5.49537
-5.48288
-5.47166
-5.46097
-5.45042
-5.44007
-5.4305
-5.42048
-5.41347
-5.40744
-5.40259
-5.39987
-5.40038
-5.40403
-5.41133
-5.422
-5.43554
-5.45082
-5.4664
-5.48181
-5.49603
-5.50942
-5.52026
-5.52972
-5.53641
-5.54084
-5.54442
-5.54599
-5.54513
-5.54253
-5.53756
-5.52906
-5.51871
-5.50801
-5.49565
-5.4838
-5.47324
-5.46421
-5.45668
-5.45079
-5.44485
-5.44059
-5.43641
-5.43256
-5.42956
-5.42832
-5.43191
-5.43686
-5.44503
-5.45525
-5.46543
-5.4748
-5.48263
-5.48791
-5.49153
-5.49263
-5.49241
-5.48999
-5.48614
-5.48033
-5.47312
-5.4663
-5.4585
-5.45125
-5.44636
-5.44274
-5.44137
-5.44104
-5.44202
-5.44141
-5.44052
-5.43899
-5.43755
-5.43549
-5.43316
-5.43203
-5.43226
-5.43365
-5.43617
-5.44043
-5.44668
-5.45553
-5.46569
-5.47568
-5.48456
-5.49106
-5.49429
-5.49368
-5.49066
-5.48616
-5.48075
-5.47497
-5.47016
-5.46527
-5.46128
-5.45966
-5.45917
-5.45998
-5.46218
-5.46581
-5.47087
-5.47681
-5.48218
-5.48573
-5.48835
-5.49058
-5.49224
-5.49347
-5.49431
-5.49554
-5.49677
-5.49747
-5.49808
-5.49611
-5.49464
-5.4909
-5.4847
-5.47639
-5.46576
-5.45525
-5.44356
-5.43103
-5.41921
-5.40873
-5.3994
-5.39206
-5.38918
-5.39065
-5.39575
-5.40434
-5.41294
-5.42141
-5.42878
-5.43332
-5.43558
-5.43462
-5.43177
-5.42749
-5.42432
-5.42333
-5.42492
-5.42905
-5.43389
-5.4399
-5.44618
-5.45424
-5.46142
-5.46873
-5.4773
-5.48327
-5.48532
-5.4833
-5.47663
-5.46683
-5.4539
-5.44117
-5.43163
-5.42613
-5.42579
-5.43022
-5.4388
-5.44723
-5.45496
-5.46047
-5.46443
-5.46751
-5.46975
-5.47127
-5.47418
-5.47592
-5.47634
-5.4754
-5.4733
-5.46777
-5.46224
-5.45621
-5.45118
-5.44573
-5.44129
-5.43804
-5.43499
-5.43017
-5.42693
-5.4223
-5.41844
-5.41734
-5.41869
-5.42204
-5.42799
-5.43464
-5.44063
-5.44713
-5.45318
-5.45829
-5.46357
-5.4693
-5.47439
-5.4787
-5.48216
-5.48326
-5.48155
-5.47753
-5.4703
-5.46064
-5.44895
-5.43514
-5.42012
-5.40607
-5.3956
-5.39115
-5.39499
-5.40497
-5.42062
-5.43815
-5.45669
-5.47576
-5.4932
-5.50761
-5.51978
-5.5286
-5.53543
-5.54007
-5.54193
-5.54258
-5.54223
-5.54085
-5.53804
-5.53426
-5.53045
-5.52479
-5.51691
-5.50725
-5.49769
-5.48661
-5.47621
-5.4673
-5.4605
-5.45631
-5.45592
-5.4561
-5.46079
-5.46722
-5.47555
-5.48542
-5.49437
-5.50398
-5.51078
-5.51554
-5.51733
-5.51671
-5.51411
-5.50856
-5.50105
-5.49046
-5.47772
-5.46305
-5.4462
-5.43012
-5.41528
-5.40402
-5.39822
-5.39588
-5.39635
-5.39887
-5.40542
-5.41447
-5.42693
-5.44258
-5.45911
-5.47586
-5.49026
-5.50313
-5.51063
-5.51376
-5.51347
-5.51111
-5.50646
-5.50144
-5.49709
-5.49452
-5.49363
-5.4982
-5.50505
-5.51195
-5.51879
-5.52524
-5.53124
-5.53393
-5.53422
-5.52893
-5.52016
-5.5058
-5.48624
-5.46734
-5.45072
-5.44189
-5.4416
-5.44792
-5.45804
-5.46814
-5.4786
-5.48871
-5.49861
-5.50829
-5.51868
-5.52699
-5.5335
-5.53782
-5.53774
-5.53557
-5.52986
-5.52214
-5.51258
-5.50135
-5.49067
-5.48121
-5.47255
-5.46792
-5.46745
-5.47063
-5.47738
-5.48762
-5.49988
-5.51156
-5.52403
-5.53479
-5.54427
-5.55313
-5.56076
-5.56623
-5.5714
-5.5743
-5.57427
-5.57295
-5.5679
-5.56
-5.55033
-5.53965
-5.5286
-5.5175
-5.50774
-5.49822
-5.49187
-5.48819
-5.48693
-5.48818
-5.49256
-5.49769
-5.50547
-5.51351
-5.52105
-5.52742
-5.53143
-5.53287
-5.53012
-5.52312
-5.51426
-5.50406
-5.49465
-5.48712
-5.48236
-5.48167
-5.48382
-5.48788
-5.49399
-5.50193
-5.50902
-5.51566
-5.52107
-5.52551
-5.52699
-5.52682
-5.52477
-5.51881
-5.51
-5.49852
-5.48714
-5.47733
-5.47068
-5.46914
-5.47228
-5.48071
-5.49252
-5.50748
-5.522
-5.53725
-5.55013
-5.56081
-5.56842
-5.57247
-5.57376
-5.57004
-5.56557
-5.55989
-5.55377
-5.54563
-5.53687
-5.52749
-5.51891
-5.50742
-5.49822
-5.48922
-5.48008
-5.47242
-5.46454
-5.45982
-5.45567
-5.45339
-5.4525
-5.45288
-5.45505
-5.46021
-5.46568
-5.47044
-5.47374
-5.47403
-5.47047
-5.46247
-5.44987
-5.43317
-5.41368
-5.39356
-5.37407
-5.35725
-5.3455
-5.33802
-5.33278
-5.33255
-5.33467
-5.33952
-5.3459
-5.35454
-5.3643
-5.37511
-5.38693
-5.39932
-5.41107
-5.42318
-5.43389
-5.4446
-5.45382
-5.46047
-5.46703
-5.4731
-5.47796
-5.48262
-5.48672
-5.49013
-5.49096
-5.48905
-5.48393
-5.47562
-5.46539
-5.45365
-5.44219
-5.4326
-5.4251
-5.42192
-5.42136
-5.42331
-5.42855
-5.43505
-5.44423
-5.45386
-5.46367
-5.47354
-5.48196
-5.48863
-5.49317
-5.49482
-5.49643
-5.49751
-5.50007
-5.50405
-5.50939
-5.51624
-5.5251
-5.53549
-5.54569
-5.55706
-5.56621
-5.57352
-5.57781
-5.58106
-5.58193
-5.58218
-5.57956
-5.57568
-5.57059
-5.56417
-5.55652
-5.54615
-5.53483
-5.52116
-5.5043
-5.48662
-5.46976
-5.45187
-5.43585
-5.42243
-5.41303
-5.40926
-5.41019
-5.41541
-5.42488
-5.43514
-5.44721
-5.45914
-5.47099
-5.48288
-5.49408
-5.5041
-5.51375
-5.52206
-5.52895
-5.53447
-5.53668
-5.53697
-5.53566
-5.531
-5.52524
-5.51797
-5.50927
-5.50064
-5.49041
-5.48003
-5.47096
-5.46349
-5.45695
-5.45308
-5.4498
-5.44881
-5.45123
-5.45511
-5.46105
-5.46745
-5.47499
-5.48221
-5.48974
-5.49564
-5.4997
-5.50099
-5.50015
-5.49808
-5.49391
-5.48931
-5.48443
-5.4812
-5.4785
-5.47851
-5.47948
-5.48333
-5.4869
-5.49212
-5.49574
-5.499
-5.49937
-5.4978
-5.49501
-5.48943
-5.48153
-5.474
-5.46679
-5.45963
-5.45246
-5.44513
-5.43813
-5.43159
-5.42462
-5.41856
-5.41168
-5.406
-5.40215
-5.39814
-5.39854
-5.40164
-5.40779
-5.41527
-5.42492
-5.43344
-5.44043
-5.4464
-5.45179
-5.45647
-5.4617
-5.46741
-5.47357
-5.48076
-5.48801
-5.49547
-5.50368
-5.50895
-5.51281
-5.51581
-5.51548
-5.51332
-5.50788
-5.5012
-5.49301
-5.48144
-5.46764
-5.45206
-5.43499
-5.41836
-5.40189
-5.38638
-5.37364
-5.3638
-5.35741
-5.3562
-5.35813
-5.36514
-5.37734
-5.39365
-5.413
-5.43547
-5.45819
-5.48
-5.50039
-5.51645
-5.53049
-5.54082
-5.54839
-5.55317
-5.55585
-5.55533
-5.55368
-5.5494
-5.54326
-5.53565
-5.52925
-5.52136
-5.5143
-5.50617
-5.50004
-5.49269
-5.48513
-5.47569
-5.46512
-5.45355
-5.44075
-5.42719
-5.41306
-5.40141
-5.39175
-5.386
-5.38633
-5.39286
-5.40325
-5.41724
-5.4337
-5.45152
-5.47011
-5.48747
-5.5043
-5.51952
-5.53362
-5.54586
-5.55519
-5.563
-5.56912
-5.57469
-5.57646
-5.57813
-5.57773
-5.5763
-5.57339
-5.56799
-5.5605
-5.5515
-5.54085
-5.52989
-5.51903
-5.51143
-5.50641
-5.50553
-5.50934
-5.51518
-5.52212
-5.52629
-5.52762
-5.52533
-5.51936
-5.51019
-5.49858
-5.48762
-5.47716
-5.46827
-5.46171
-5.45645
-5.4524
-5.44851
-5.44548
-5.4426
-5.44025
-5.43802
-5.43758
-5.43868
-5.44054
-5.44373
-5.44615
-5.45073
-5.45704
-5.46318
-5.46908
-5.47431
-5.48114
-5.48728
-5.49148
-5.49299
-5.49274
-5.4898
-5.48483
-5.47809
-5.47004
-5.46378
-5.45936
-5.45628
-5.4561
-5.45685
-5.4573
-5.46033
-5.46371
-5.46825
-5.47459
-5.48083
-5.48684
-5.49217
-5.49614
-5.49828
-5.5015
-5.5022
-5.50276
-5.50203
-5.50028
-5.49834
-5.49558
-5.49397
-5.49203
-5.49176
-5.49435
-5.49957
-5.50727
-5.51546
-5.52407
-5.53184
-5.53706
-5.54016
-5.53987
-5.53552
-5.52794
-5.52
-5.51041
-5.50161
-5.49377
-5.48747
-5.48217
-5.47886
-5.47716
-5.47575
-5.47505
-5.47592
-5.47463
-5.4745
-5.47467
-5.47536
-5.47647
-5.47852
-5.48147
-5.48574
-5.49218
-5.50035
-5.50893
-5.51867
-5.52858
-5.5372
-5.54507
-5.55292
-5.55782
-5.56374
-5.56875
-5.57357
-5.57609
-5.57721
-5.57454
-5.56879
-5.55915
-5.54799
-5.53507
-5.52265
-5.51304
-5.5065
-5.50502
-5.50847
-5.51481
-5.52413
-5.53591
-5.54653
-5.55542
-5.56102
-5.56316
-5.56092
-5.55449
-5.54371
-5.53091
-5.51612
-5.49982
-5.48477
-5.47001
-5.45739
-5.44789
-5.44187
-5.44041
-5.44161
-5.44406
-5.44733
-5.44903
-5.44843
-5.44574
-5.44145
-5.43563
-5.42875
-5.42193
-5.41659
-5.41345
-5.41257
-5.4156
-5.42047
-5.42564
-5.43215
-5.43874
-5.44358
-5.44654
-5.44937
-5.45083
-5.45258
-5.4531
-5.45519
-5.45821
-5.46377
-5.46986
-5.4773
-5.48404
-5.49015
-5.49327
-5.49313
-5.48991
-5.48346
-5.47459
-5.46576
-5.45999
-5.45615
-5.45659
-5.46202
-5.46924
-5.47627
-5.4841
-5.48927
-5.49299
-5.49337
-5.4908
-5.48586
-5.47913
-5.47022
-5.45905
-5.44849
-5.43841
-5.42966
-5.42268
-5.41887
-5.41809
-5.41994
-5.42192
-5.42445
-5.42681
-5.42812
-5.42649
-5.42306
-5.41693
-5.40762
-5.39717
-5.38669
-5.3756
-5.3651
-5.35646
-5.35005
-5.34786
-5.35033
-5.35599
-5.36501
-5.37663
-5.39072
-5.40476
-5.42008
-5.4341
-5.44565
-5.45483
-5.46034
-5.46077
-5.45717
-5.45093
-5.44109
-5.43038
-5.42107
-5.41386
-5.40892
-5.40658
-5.40667
-5.40915
-5.41389
-5.41916
-5.42595
-5.43356
-5.44256
-5.45156
-5.46146
-5.46951
-5.47495
-5.47971
-5.48048
-5.47969
-5.47832
-5.47529
-5.4724
-5.46701
-5.46231
-5.45853
-5.45405
-5.4504
-5.44754
-5.44332
-5.43888
-5.43083
-5.42125
-5.41088
-5.40073
-5.39316
-5.38882
-5.39115
-5.39816
-5.41025
-5.42431
-5.43662
-5.44552
-5.45069
-5.45106
-5.44741
-5.44001
-5.42944
-5.41937
-5.41167
-5.40546
-5.40319
-5.40389
-5.40951
-5.41652
-5.42612
-5.43831
-5.4511
-5.46441
-5.47579
-5.4839
-5.49007
-5.49419
-5.49315
-5.49051
-5.48559
-5.47921
-5.47213
-5.4657
-5.46015
-5.45679
-5.45601
-5.45844
-5.46274
-5.47058
-5.4804
-5.49035
-5.50067
-5.50937
-5.51706
-5.52067
-5.52117
-5.51861
-5.51256
-5.50187
-5.48743
-5.47136
-5.453
-5.4344
-5.4177
-5.40271
-5.39267
-5.38736
-5.38814
-5.39474
-5.40688
-5.42202
-5.43737
-5.452
-5.46479
-5.47456
-5.48179
-5.48648
-5.48861
-5.48931
-5.4887
-5.48716
-5.48435
-5.4825
-5.48172
-5.4811
-5.48114
-5.48227
-5.4834
-5.48385
-5.48495
-5.48442
-5.48507
-5.48571
-5.48602
-5.48714
-5.48774
-5.48835
-5.48583
-5.48227
-5.47604
-5.46811
-5.45862
-5.44787
-5.43906
-5.43291
-5.43043
-5.43219
-5.43771
-5.44408
-5.45031
-5.45528
-5.45796
-5.45834
-5.45576
-5.45184
-5.44637
-5.44181
-5.43784
-5.43675
-5.43771
-5.43995
-5.44524
-5.45356
-5.46423
-5.47389
-5.48352
-5.49314
-5.50088
-5.5063
-5.51023
-5.51156
-5.51004
-5.50822
-5.50605
-5.50379
-5.50118
-5.50016
-5.49946
-5.49772
-5.49636
-5.49358
-5.49066
-5.48602
-5.48082
-5.47545
-5.46831
-5.45956
-5.44875
-5.43639
-5.42368
-5.40949
-5.39767
-5.38806
-5.38094
-5.37805
-5.37852
-5.38376
-5.39121
-5.40196
-5.41346
-5.42479
-5.43556
-5.44421
-5.45161
-5.45575
-5.45847
-5.45872
-5.45897
-5.45773
-5.45766
-5.4572
-5.45681
-5.45812
-5.45974
-5.46222
-5.46567
-5.46968
-5.47387
-5.47725
-5.48043
-5.48287
-5.48458
-5.48599
-5.48499
-5.48229
-5.48045
-5.4786
-5.47697
-5.47881
-5.48184
-5.48668
-5.49331
-5.50125
-5.50904
-5.51595
-5.51967
-5.52193
-5.52182
-5.5195
-5.51645
-5.5132
-5.50941
-5.50579
-5.50302
-5.50228
-5.5014
-5.50084
-5.50216
-5.5036
-5.50508
-5.50651
-5.50784
-5.50916
-5.50874
-5.50864
-5.50842
-5.51052
-5.51286
-5.51527
-5.51713
-5.51835
-5.51503
-5.5096
-5.50022
-5.48795
-5.47233
-5.45638
-5.44012
-5.42435
-5.41341
-5.40662
-5.40703
-5.41133
-5.41839
-5.42777
-5.43774
-5.44876
-5.45929
-5.46796
-5.47596
-5.48299
-5.48857
-5.49234
-5.49401
-5.49324
-5.48916
-5.48101
-5.46876
-5.45492
-5.44005
-5.42527
-5.41391
-5.40562
-5.402
-5.40301
-5.41113
-5.42414
-5.43963
-5.45593
-5.47277
-5.4875
-5.49874
-5.50776
-5.51573
-5.5227
-5.52989
-5.53828
-5.54661
-5.55401
-5.56109
-5.56656
-5.57071
-5.57259
-5.57234
-5.56992
-5.56481
-5.55752
-5.54983
-5.54088
-5.52976
-5.51818
-5.50631
-5.49533
-5.48589
-5.47874
-5.47444
-5.47464
-5.47819
-5.4836
-5.49062
-5.49895
-5.50658
-5.51221
-5.51701
-5.52101
-5.52462
-5.52534
-5.52623
-5.52525
-5.52332
-5.51909
-5.51309
-5.50339
-5.49229
-5.47915
-5.46483
-5.45016
-5.43489
-5.42045
-5.40811
-5.39848
-5.39237
-5.38875
-5.38873
-5.39153
-5.39736
-5.40419
-5.41172
-5.41934
-5.42435
-5.42877
-5.43194
-5.43155
-5.43105
-5.43036
-5.42876
-5.42803
-5.42863
-5.43049
-5.43437
-5.43833
-5.44263
-5.44583
-5.44824
-5.44829
-5.4472
-5.44484
-5.44043
-5.43623
-5.43186
-5.43017
-5.43067
-5.43577
-5.4444
-5.4532
-5.46017
-5.46402
-5.46625
-5.46531
-5.46117
-5.45616
-5.45279
-5.45009
-5.45043
-5.45139
-5.45297
-5.45628
-5.45808
-5.45724
-5.45503
-5.44976
-5.44003
-5.42751
-5.41527
-5.40538
-5.40216
-5.41014
-5.4257
-5.44562
-5.46371
-5.47846
-5.48757
-5.49207
-5.49356
-5.49141
-5.48957
-5.48511
-5.48135
-5.47776
-5.47463
-5.47136
-5.46806
-5.46549
-5.46272
-5.45997
-5.45875
-5.45985
-5.46329
-5.46988
-5.47895
-5.48765
-5.49494
-5.50203
-5.50483
-5.50443
-5.49976
-5.49132
-5.48028
-5.46824
-5.45557
-5.44433
-5.43501
-5.42926
-5.42676
-5.43015
-5.437
-5.44728
-5.45757
-5.46848
-5.476
-5.48034
-5.4795
-5.47406
-5.46449
-5.45157
-5.43735
-5.42451
-5.41667
-5.41374
-5.41579
-5.42243
-5.43042
-5.43779
-5.44428
-5.44771
-5.44863
-5.44784
-5.44707
-5.44697
-5.44697
-5.44824
-5.45201
-5.45713
-5.46379
-5.47025
-5.47593
-5.48031
-5.48323
-5.48474
-5.48428
-5.48174
-5.47878
-5.47393
-5.46768
-5.46127
-5.45361
-5.44535
-5.43566
-5.42649
-5.41647
-5.40885
-5.40394
-5.40432
-5.41108
-5.42202
-5.43739
-5.4551
-5.47149
-5.48733
-5.50116
-5.51247
-5.52195
-5.52942
-5.53367
-5.53681
-5.53646
-5.53398
-5.52814
-5.51904
-5.50589
-5.49002
-5.47204
-5.45404
-5.43604
-5.42152
-5.41098
-5.40576
-5.40493
-5.40698
-5.41269
-5.41815
-5.42422
-5.43017
-5.43538
-5.43955
-5.44333
-5.4465
-5.44879
-5.45056
-5.45461
-5.45756
-5.46033
-5.46228
-5.46343
-5.46355
-5.46246
-5.45932
-5.45382
-5.44817
-5.44195
-5.43758
-5.43493
-5.43602
-5.43942
-5.44544
-5.45087
-5.45497
-5.45756
-5.45788
-5.45679
-5.45485
-5.45192
-5.44925
-5.44675
-5.44657
-5.44878
-5.45212
-5.4575
-5.46293
-5.46933
-5.47403
-5.4767
-5.47848
-5.4796
-5.48079
-5.4829
-5.48685
-5.4931
-5.50072
-5.50948
-5.51904
-5.52721
-5.5342
-5.54026
-5.5434
-5.54407
-5.54369
-5.54071
-5.53491
-5.52798
-5.51864
-5.50867
-5.49758
-5.48681
-5.47784
-5.46923
-5.46096
-5.45317
-5.4443
-5.43508
-5.42609
-5.41709
-5.40954
-5.40368
-5.3999
-5.39791
-5.39662
-5.39856
-5.40121
-5.40468
-5.40715
-5.40982
-5.41208
-5.41311
-5.41472
-5.41535
-5.41696
-5.41963
-5.42327
-5.42848
-5.43427
-5.44058
-5.44818
-5.45495
-5.46048
-5.46406
-5.4661
-5.46655
-5.46466
-5.46061
-5.45406
-5.44601
-5.43671
-5.42688
-5.41715
-5.41017
-5.40444
-5.40086
-5.39653
-5.39374
-5.39159
-5.38944
-5.38724
-5.38495
-5.38353
-5.38313
-5.38418
-5.38561
-5.38922
-5.39287
-5.39915
-5.40704
-5.41764
-5.42959
-5.44321
-5.45666
-5.47087
-5.48403
-5.49563
-5.50381
-5.50956
-5.51334
-5.51294
-5.50995
-5.50414
-5.49653
-5.48844
-5.48011
-5.47166
-5.46541
-5.45999
-5.45514
-5.45098
-5.44441
-5.43594
-5.42539
-5.41361
-5.40239
-5.39151
-5.38298
-5.37768
-5.37443
-5.37462
-5.37559
-5.37872
-5.38265
-5.3885
-5.39587
-5.40647
-5.41843
-5.43226
-5.44736
-5.46405
-5.4797
-5.49339
-5.50498
-5.51603
-5.52253
-5.52773
-5.53053
-5.53183
-5.5337
-5.53577
-5.53832
-5.54303
-5.54751
-5.55282
-5.55697
-5.56107
-5.56417
-5.56672
-5.5668
-5.56543
-5.56267
-5.55694
-5.54897
-5.54049
-5.53141
-5.52173
-5.5123
-5.50077
-5.49027
-5.47985
-5.469
-5.46038
-5.4545
-5.45233
-5.45332
-5.45719
-5.46171
-5.46648
-5.47002
-5.47191
-5.47126
-5.46781
-5.46306
-5.457
-5.44881
-5.43996
-5.42875
-5.41685
-5.4054
-5.39623
-5.38804
-5.38167
-5.37824
-5.37531
-5.37292
-5.37172
-5.37112
-5.3722
-5.37392
-5.37571
-5.37611
-5.3762
-5.37677
-5.37844
-5.3832
-5.38975
-5.39838
-5.41081
-5.42432
-5.43977
-5.45315
-5.46396
-5.47298
-5.47851
-5.48059
-5.47914
-5.47483
-5.46971
-5.46478
-5.46029
-5.45592
-5.45479
-5.45564
-5.45738
-5.46323
-5.47082
-5.47975
-5.48867
-5.49831
-5.50717
-5.51549
-5.52395
-5.53064
-5.53637
-5.54102
-5.54505
-5.54742
-5.54819
-5.54576
-5.54144
-5.53471
-5.52698
-5.51828
-5.50823
-5.49588
-5.48564
-5.47503
-5.4666
-5.4589
-5.45282
-5.44818
-5.44663
-5.44742
-5.45017
-5.45502
-5.46276
-5.47125
-5.4797
-5.48655
-5.49248
-5.49647
-5.49927
-5.49983
-5.49842
-5.49557
-5.49235
-5.48845
-5.483
-5.47865
-5.47227
-5.46406
-5.45338
-5.44045
-5.42649
-5.41119
-5.39431
-5.37899
-5.36568
-5.35728
-5.35055
-5.3483
-5.35064
-5.3583
-5.3692
-5.38383
-5.40176
-5.42197
-5.4423
-5.46449
-5.48753
-5.50827
-5.52724
-5.54309
-5.55563
-5.56357
-5.5666
-5.56399
-5.5592
-5.5517
-5.5407
-5.529
-5.51802
-5.50955
-5.5027
-5.49859
-5.49751
-5.49885
-5.50236
-5.50537
-5.50742
-5.50842
-5.50981
-5.51106
-5.51444
-5.52083
-5.52934
-5.53811
-5.54722
-5.55535
-5.56008
-5.56166
-5.56091
-5.55631
-5.54939
-5.54183
-5.53184
-5.51913
-5.50572
-5.48838
-5.46845
-5.44918
-5.43009
-5.41328
-5.40028
-5.39249
-5.38998
-5.39248
-5.39879
-5.40762
-5.41979
-5.43182
-5.4445
-5.4564
-5.4685
-5.47883
-5.48713
-5.49265
-5.49598
-5.49659
-5.49517
-5.49232
-5.48852
-5.48315
-5.4782
-5.47391
-5.46913
-5.46421
-5.46071
-5.45841
-5.45458
-5.45243
-5.45031
-5.44855
-5.44736
-5.44688
-5.44648
-5.44735
-5.44958
-5.45194
-5.45445
-5.4576
-5.45839
-5.45776
-5.45638
-5.45254
-5.44824
-5.44482
-5.4411
-5.43728
-5.43599
-5.43668
-5.44004
-5.44739
-5.4559
-5.46637
-5.47799
-5.48968
-5.50048
-5.51054
-5.51791
-5.52282
-5.52384
-5.52195
-5.51816
-5.51191
-5.50462
-5.49659
-5.48793
-5.48234
-5.47725
-5.4748
-5.47531
-5.47729
-5.47947
-5.4834
-5.48811
-5.49335
-5.49873
-5.50421
-5.50951
-5.51396
-5.51636
-5.51822
-5.51787
-5.51651
-5.51242
-5.50581
-5.49877
-5.49071
-5.48124
-5.4725
-5.46607
-5.46058
-5.45671
-5.45451
-5.45286
-5.44982
-5.44716
-5.44354
-5.43988
-5.4368
-5.43621
-5.43854
-5.44377
-5.45088
-5.45965
-5.46874
-5.47956
-5.48943
-5.49868
-5.50423
-5.50745
-5.50696
-5.50388
-5.50012
-5.49571
-5.49152
-5.48946
-5.4891
-5.49161
-5.49513
-5.49939
-5.5029
-5.5052
-5.50521
-5.50279
-5.49988
-5.49664
-5.49362
-5.48913
-5.48271
-5.47476
-5.4644
-5.45283
-5.43771
-5.42133
-5.40657
-5.3931
-5.38105
-5.37331
-5.36947
-5.36984
-5.37649
-5.38755
-5.40209
-5.41877
-5.43578
-5.45162
-5.46522
-5.47566
-5.48292
-5.48804
-5.49035
-5.49219
-5.49328
-5.49395
-5.4942
-5.4933
-5.49223
-5.49051
-5.48853
-5.48515
-5.48015
-5.47394
-5.46901
-5.4639
-5.45907
-5.45434
-5.44844
-5.44282
-5.43588
-5.42852
-5.42246
-5.41568
-5.41017
-5.40696
-5.40737
-5.41267
-5.42266
-5.4362
-5.45064
-5.46433
-5.4783
-5.49064
-5.50144
-5.50903
-5.5153
-5.52003
-5.52315
-5.52628
-5.52949
-5.53356
-5.53651
-5.53986
-5.54144
-5.5421
-5.54125
-5.53919
-5.53448
-5.52986
-5.52243
-5.51514
-5.5066
-5.49855
-5.48948
-5.48209
-5.47405
-5.46601
-5.45954
-5.45278
-5.44871
-5.44413
-5.44165
-5.43895
-5.43697
-5.43665
-5.43424
-5.43319
-5.43043
-5.42928
-5.4277
-5.42709
-5.42709
-5.42902
-5.43283
-5.4394
-5.44599
-5.45255
-5.45895
-5.46503
-5.47009
-5.47532
-5.4813
-5.48513
-5.48777
-5.48923
-5.49076
-5.49087
-5.49108
-5.49093
-5.49167
-5.49091
-5.49085
-5.48825
-5.4859
-5.48317
-5.48173
-5.4821
-5.4835
-5.48637
-5.49053
-5.49588
-5.49975
-5.50234
-5.50522
-5.50535
-5.50488
-5.50479
-5.50438
-5.50479
-5.50663
-5.51121
-5.51675
-5.52294
-5.52856
-5.53298
-5.53467
-5.53398
-5.53067
-5.52357
-5.51411
-5.50272
-5.4899
-5.47721
-5.46522
-5.45482
-5.44686
-5.44259
-5.44396
-5.44828
-5.45982
-5.4765
-5.49768
-5.52094
-5.54286
-5.56183
-5.57742
-5.58642
-5.59077
-5.58984
-5.58246
-5.57031
-5.55237
-5.52975
-5.50429
-5.47745
-5.45065
-5.4275
-5.41046
-5.40254
-5.40334
-5.41131
-5.42247
-5.43557
-5.4479
-5.45771
-5.46419
-5.46787
-5.4672
-5.46366
-5.45617
-5.44702
-5.4394
-5.43186
-5.42751
-5.42725
-5.4308
-5.43802
-5.44762
-5.4593
-5.47205
-5.48269
-5.49098
-5.4949
-5.49603
-5.49552
-5.49085
-5.48669
-5.48433
-5.48258
-5.48382
-5.48717
-5.49146
-5.49623
-5.50108
-5.50549
-5.50985
-5.51386
-5.51709
-5.51801
-5.5183
-5.51794
-5.51529
-5.51065
-5.50577
-5.50177
-5.49821
-5.49555
-5.49278
-5.48989
-5.48692
-5.48234
-5.47534
-5.46741
-5.45774
-5.44599
-5.43443
-5.42315
-5.41358
-5.40644
-5.40278
-5.40358
-5.40633
-5.4108
-5.4173
-5.42479
-5.43079
-5.43757
-5.44373
-5.45042
-5.45626
-5.46266
-5.47012
-5.47643
-5.48327
-5.48941
-5.49584
-5.50157
-5.50576
-5.50746
-5.50803
-5.50474
-5.49838
-5.48937
-5.47774
-5.4642
-5.45175
-5.44086
-5.4339
-5.43023
-5.43197
-5.43766
-5.44688
-5.45921
-5.47155
-5.48375
-5.49376
-5.49833
-5.4987
-5.49454
-5.48597
-5.47163
-5.45486
-5.43736
-5.41951
-5.40494
-5.39411
-5.38779
-5.38722
-5.38969
-5.39807
-5.40796
-5.42125
-5.43519
-5.44934
-5.4616
-5.4709
-5.4786
-5.48301
-5.48387
-5.48367
-5.48071
-5.47535
-5.46907
-5.4613
-5.45325
-5.44482
-5.43886
-5.43378
-5.43125
-5.43077
-5.433
-5.43773
-5.44619
-5.4563
-5.46844
-5.48133
-5.49561
-5.50818
-5.51763
-5.52487
-5.52898
-5.5285
-5.52467
-5.51622
-5.50515
-5.49069
-5.4746
-5.45754
-5.44347
-5.43044
-5.42022
-5.41231
-5.40871
-5.40847
-5.41108
-5.41317
-5.41505
-5.41579
-5.41561
-5.41569
-5.41696
-5.42085
-5.42735
-5.43603
-5.44544
-5.45571
-5.46676
-5.47762
-5.48525
-5.49369
-5.4986
-5.50411
-5.50768
-5.51038
-5.51319
-5.51354
-5.51394
-5.51322
-5.51228
-5.51035
-5.50573
-5.50005
-5.49213
-5.4832
-5.47177
-5.46061
-5.44939
-5.4401
-5.43248
-5.42847
-5.42903
-5.43346
-5.44251
-5.45438
-5.46723
-5.47814
-5.48684
-5.49382
-5.49735
-5.49714
-5.49496
-5.4898
-5.48279
-5.47507
-5.46511
-5.45558
-5.44541
-5.43581
-5.42642
-5.41924
-5.41373
-5.40923
-5.40646
-5.40579
-5.40629
-5.40806
-5.41094
-5.41452
-5.41782
-5.42046
-5.42259
-5.42303
-5.42208
-5.41964
-5.41745
-5.41629
-5.41623
-5.41873
-5.42283
-5.42908
-5.43712
-5.44606
-5.45367
-5.45978
-5.46376
-5.46682
-5.46705
-5.46514
-5.46122
-5.45643
-5.45076
-5.44713
-5.44183
-5.43887
-5.43675
-5.43571
-5.4344
-5.43388
-5.43458
-5.43577
-5.43646
-5.43715
-5.43842
-5.43985
-5.44188
-5.4445
-5.44735
-5.4503
-5.45275
-5.4541
-5.45362
-5.4528
-5.4505
-5.44809
-5.44554
-5.44443
-5.44548
-5.44937
-5.45487
-5.46352
-5.47306
-5.48377
-5.49379
-5.50334
-5.51111
-5.51695
-5.52144
-5.52487
-5.52857
-5.53031
-5.52958
-5.52694
-5.52152
-5.51315
-5.50074
-5.48682
-5.47017
-5.45246
-5.43636
-5.42421
-5.41533
-5.41245
-5.41443
-5.4219
-5.43302
-5.44759
-5.46175
-5.47571
-5.48828
-5.49896
-5.50792
-5.51346
-5.51797
-5.51975
-5.52056
-5.51865
-5.51571
-5.51244
-5.50857
-5.50495
-5.50122
-5.49733
-5.49269
-5.48684
-5.47958
-5.4716
-5.46331
-5.45486
-5.44828
-5.44125
-5.43407
-5.42825
-5.42339
-5.42139
-5.41957
-5.41927
-5.42072
-5.42189
-5.42378
-5.42363
-5.4214
-5.41952
-5.41769
-5.41648
-5.41789
-5.4197
-5.42234
-5.42668
-5.4312
-5.43427
-5.43568
-5.43579
-5.43338
-5.43139
-5.42892
-5.42747
-5.42639
-5.42844
-5.43319
-5.44048
-5.45044
-5.46237
-5.47573
-5.48972
-5.503
-5.5159
-5.52749
-5.53853
-5.54928
-5.55921
-5.5686
-5.57543
-5.58207
-5.58479
-5.58505
-5.58382
-5.58324
-5.5811
-5.58019
-5.5787
-5.57733
-5.57433
-5.5699
-5.56335
-5.55401
-5.54329
-5.53281
-5.52215
-5.51188
-5.50272
-5.49481
-5.4867
-5.47912
-5.47129
-5.4628
-5.45523
-5.4479
-5.44015
-5.43389
-5.42976
-5.4289
-5.42944
-5.43157
-5.43592
-5.44143
-5.4475
-5.45327
-5.45776
-5.45968
-5.46143
-5.46195
-5.45989
-5.45874
-5.4567
-5.45591
-5.45626
-5.45824
-5.4618
-5.46667
-5.47275
-5.47955
-5.48478
-5.48836
-5.49018
-5.49211
-5.49282
-5.49356
-5.49535
-5.49842
-5.50262
-5.50691
-5.51278
-5.51893
-5.52495
-5.52924
-5.5318
-5.53066
-5.52511
-5.51605
-5.50379
-5.49002
-5.47518
-5.46119
-5.44797
-5.43753
-5.42952
-5.42309
-5.41832
-5.41497
-5.41356
-5.41352
-5.41367
-5.41637
-5.42113
-5.42929
-5.43979
-5.45123
-5.461
-5.47055
-5.47671
-5.48005
-5.48364
-5.4874
-5.4914
-5.49691
-5.50211
-5.508
-5.51395
-5.51691
-5.51721
-5.51395
-5.50642
-5.49753
-5.4872
-5.47565
-5.46515
-5.45555
-5.44901
-5.44649
-5.4458
-5.44681
-5.44836
-5.44982
-5.45204
-5.45276
-5.4519
-5.4495
-5.44635
-5.4433
-5.44255
-5.44365
-5.44668
-5.45368
-5.46393
-5.47618
-5.48856
-5.50069
-5.51216
-5.52155
-5.52869
-5.53268
-5.53355
-5.53198
-5.5275
-5.5203
-5.51256
-5.50595
-5.50111
-5.49813
-5.49728
-5.49724
-5.49671
-5.495
-5.49237
-5.48906
-5.48429
-5.48016
-5.47546
-5.47215
-5.47032
-5.46994
-5.47144
-5.47396
-5.47717
-5.48164
-5.4859
-5.4898
-5.49316
-5.49665
-5.49829
-5.49907
-5.49802
-5.49574
-5.49244
-5.4895
-5.4879
-5.48713
-5.48888
-5.49158
-5.49626
-5.50185
-5.50719
-5.51412
-5.52151
-5.52855
-5.5331
-5.53868
-5.54133
-5.54297
-5.54261
-5.54078
-5.53652
-5.53056
-5.52179
-5.51248
-5.5007
-5.49072
-5.47952
-5.46937
-5.46052
-5.45369
-5.44846
-5.44384
-5.44158
-5.44011
-5.44097
-5.44221
-5.44411
-5.44778
-5.45195
-5.4545
-5.45726
-5.45887
-5.45912
-5.45884
-5.45671
-5.45371
-5.44998
-5.44608
-5.44163
-5.43805
-5.43454
-5.43314
-5.43252
-5.43253
-5.4344
-5.43639
-5.44196
-5.44785
-5.45539
-5.46246
-5.46902
-5.47617
-5.48195
-5.48576
-5.4876
-5.48706
-5.48411
-5.48025
-5.47418
-5.46801
-5.46212
-5.45701
-5.45268
-5.44868
-5.44584
-5.44316
-5.44153
-5.44166
-5.44332
-5.44501
-5.44586
-5.44775
-5.44941
-5.45242
-5.4568
-5.46151
-5.46589
-5.47103
-5.4757
-5.4799
-5.48322
-5.48472
-5.48573
-5.48709
-5.48737
-5.48728
-5.48745
-5.4871
-5.48587
-5.48427
-5.48095
-5.47717
-5.4744
-5.47002
-5.46673
-5.46379
-5.46013
-5.45645
-5.45228
-5.44797
-5.44409
-5.44015
-5.43694
-5.43467
-5.43394
-5.43563
-5.44177
-5.4515
-5.46427
-5.47929
-5.49748
-5.51481
-5.53142
-5.54629
-5.55974
-5.56995
-5.57685
-5.57949
-5.57936
-5.57626
-5.56935
-5.55977
-5.54795
-5.53396
-5.51852
-5.50194
-5.48516
-5.47079
-5.45735
-5.44623
-5.43515
-5.42764
-5.42135
-5.4151
-5.40893
-5.40338
-5.39772
-5.39248
-5.38932
-5.3872
-5.38781
-5.39071
-5.39577
-5.40408
-5.41529
-5.42779
-5.44255
-5.45917
-5.47742
-5.49508
-5.50974
-5.52226
-5.53033
-5.53497
-5.53648
-5.53638
-5.53624
-5.53819
-5.5447
-5.55261
-5.56208
-5.56913
-5.57327
-5.57349
-5.56915
-5.56059
-5.54969
-5.53696
-5.5271
-5.51767
-5.51014
-5.50404
-5.49824
-5.49097
-5.4828
-5.47226
-5.46098
-5.45151
-5.44444
-5.44155
-5.44341
-5.44944
-5.45785
-5.46623
-5.47283
-5.47612
-5.47727
-5.47469
-5.47074
-5.46548
-5.46044
-5.45674
-5.45637
-5.45818
-5.46079
-5.46672
-5.475
-5.48501
-5.49562
-5.50715
-5.51711
-5.52458
-5.52957
-5.53227
-5.53172
-5.52954
-5.52438
-5.5174
-5.51017
-5.50199
-5.49263
-5.48356
-5.4737
-5.4627
-5.45375
-5.4451
-5.43781
-5.43279
-5.43122
-5.43306
-5.4392
-5.44723
-5.45667
-5.46481
-5.47148
-5.47516
-5.47592
-5.47181
-5.46445
-5.45334
-5.44068
-5.42672
-5.41498
-5.40466
-5.39879
-5.39618
-5.39743
-5.40228
-5.40833
-5.41634
-5.42443
-5.43225
-5.43979
-5.44716
-5.45411
-5.4602
-5.46525
-5.47075
-5.47579
-5.48058
-5.48322
-5.48647
-5.48661
-5.48546
-5.48109
-5.47493
-5.46647
-5.45715
-5.44669
-5.43634
-5.42531
-5.41654
-5.40881
-5.40546
-5.40551
-5.4085
-5.41376
-5.41983
-5.42737
-5.43488
-5.44177
-5.44792
-5.45218
-5.45466
-5.45689
-5.45744
-5.45862
-5.45864
-5.45884
-5.46045
-5.46346
-5.46752
-5.47408
-5.48292
-5.49282
-5.501
-5.50796
-5.51298
-5.51672
-5.51893
-5.52154
-5.52414
-5.52624
-5.52821
-5.52894
-5.52765
-5.52472
-5.51958
-5.51064
-5.49979
-5.48581
-5.47015
-5.45387
-5.44021
-5.42605
-5.41596
-5.40894
-5.40525
-5.40655
-5.4111
-5.41614
-5.42231
-5.4274
-5.43117
-5.43253
-5.4333
-5.43302
-5.43443
-5.43758
-5.44517
-5.4563
-5.47163
-5.4873
-5.50513
-5.52094
-5.53423
-5.5444
-5.55144
-5.55504
-5.55569
-5.5549
-5.55223
-5.55001
-5.5476
-5.54533
-5.54382
-5.54247
-5.5404
-5.53888
-5.53745
-5.53491
-5.53337
-5.53126
-5.52853
-5.52517
-5.52011
-5.51335
-5.50431
-5.49421
-5.4813
-5.46692
-5.45025
-5.43304
-5.41622
-5.40049
-5.38661
-5.37745
-5.37324
-5.37467
-5.37903
-5.38822
-5.39832
-5.41164
-5.42441
-5.43782
-5.45185
-5.46693
-5.48273
-5.49767
-5.51128
-5.52177
-5.53033
-5.53504
-5.53645
-5.53525
-5.5307
-5.52381
-5.51618
-5.50825
-5.49981
-5.49202
-5.48641
-5.48082
-5.47515
-5.46978
-5.4628
-5.45719
-5.45207
-5.44652
-5.44169
-5.43646
-5.4343
-5.43253
-5.43349
-5.43724
-5.44217
-5.44835
-5.45456
-5.46047
-5.46503
-5.4672
-5.46702
-5.4649
-5.4601
-5.45382
-5.44687
-5.43933
-5.43248
-5.42719
-5.42467
-5.42422
-5.42713
-5.43191
-5.43932
-5.44591
-5.45195
-5.45652
-5.45998
-5.46008
-5.45875
-5.45666
-5.45312
-5.45025
-5.44654
-5.44408
-5.44161
-5.43828
-5.43574
-5.43189
-5.42665
-5.41942
-5.41373
-5.41093
-5.4118
-5.41739
-5.42694
-5.43823
-5.45048
-5.46226
-5.47209
-5.47868
-5.48395
-5.48686
-5.48687
-5.48451
-5.48086
-5.47787
-5.47376
-5.47086
-5.4706
-5.47256
-5.47699
-5.48308
-5.49207
-5.50076
-5.50993
-5.51726
-5.52274
-5.52527
-5.52572
-5.52434
-5.51875
-5.5116
-5.50187
-5.49073
-5.4782
-5.46688
-5.45771
-5.45081
-5.44685
-5.44601
-5.44898
-5.45403
-5.45966
-5.46567
-5.47056
-5.47495
-5.47731
-5.47783
-5.47965
-5.48156
-5.48385
-5.48827
-5.49292
-5.49839
-5.50385
-5.50618
-5.50606
-5.50386
-5.50005
-5.49494
-5.49067
-5.48885
-5.4879
-5.49082
-5.49619
-5.5053
-5.51607
-5.52715
-5.54096
-5.5544
-5.56702
-5.58045
-5.59349
-5.60543
-5.61666
-5.62452
-5.62874
-5.62957
-5.62583
-5.61731
-5.60399
-5.58593
-5.5648
-5.54135
-5.5163
-5.4942
-5.47374
-5.45627
-5.44278
-5.43223
-5.42492
-5.4186
-5.41558
-5.41451
-5.4132
-5.41524
-5.41734
-5.41998
-5.42203
-5.42498
-5.42694
-5.42814
-5.42881
-5.42906
-5.42973
-5.42819
-5.42718
-5.42545
-5.42357
-5.4212
-5.41885
-5.41717
-5.41659
-5.41781
-5.4221
-5.42768
-5.4357
-5.44638
-5.45849
-5.47159
-5.48527
-5.49659
-5.50616
-5.51369
-5.51607
-5.51408
-5.50747
-5.49791
-5.48722
-5.47717
-5.46762
-5.46016
-5.45477
-5.45192
-5.44992
-5.44981
-5.45237
-5.45795
-5.46471
-5.47272
-5.48095
-5.48802
-5.49495
-5.49869
-5.49906
-5.49677
-5.49074
-5.48459
-5.47492
-5.46612
-5.45841
-5.4537
-5.45248
-5.4562
-5.46308
-5.47333
-5.48408
-5.49366
-5.50339
-5.51201
-5.51779
-5.52318
-5.52738
-5.53004
-5.53252
-5.53151
-5.52848
-5.5224
-5.51484
-5.50541
-5.49625
-5.48735
-5.48002
-5.47494
-5.47183
-5.47082
-5.47185
-5.47203
-5.47431
-5.47609
-5.47726
-5.47815
-5.47715
-5.47389
-5.46966
-5.46376
-5.45661
-5.44791
-5.43874
-5.42846
-5.4187
-5.40879
-5.4014
-5.3962
-5.39369
-5.39236
-5.39234
-5.39226
-5.39385
-5.39472
-5.39677
-5.3979
-5.39901
-5.39941
-5.39993
-5.39965
-5.40128
-5.40123
-5.40428
-5.40869
-5.41522
-5.42304
-5.43226
-5.44341
-5.45536
-5.46905
-5.4808
-5.49314
-5.50409
-5.51345
-5.52246
-5.52814
-5.53465
-5.53892
-5.54073
-5.54216
-5.54288
-5.5428
-5.53976
-5.53476
-5.52908
-5.52324
-5.51744
-5.51203
-5.50544
-5.49886
-5.49074
-5.48157
-5.47183
-5.46121
-5.45119
-5.44254
-5.43456
-5.42677
-5.41909
-5.41013
-5.40147
-5.39337
-5.38485
-5.37753
-5.37398
-5.37363
-5.37754
-5.38628
-5.39783
-5.40966
-5.42197
-5.42956
-5.43498
-5.43378
-5.42784
-5.41763
-5.40356
-5.38745
-5.37118
-5.35675
-5.34496
-5.33776
-5.33513
-5.33864
-5.34829
-5.36239
-5.37997
-5.40038
-5.42354
-5.44649
-5.4698
-5.49045
-5.5085
-5.52221
-5.53278
-5.54046
-5.54453
-5.54436
-5.5421
-5.53642
-5.52876
-5.51974
-5.50654
-5.49181
-5.47435
-5.45724
-5.44021
-5.42361
-5.41079
-5.40469
-5.40594
-5.41255
-5.42382
-5.43804
-5.45421
-5.46912
-5.48207
-5.49182
-5.50073
-5.50705
-5.51089
-5.51225
-5.51103
-5.50789
-5.50182
-5.49348
-5.48413
-5.47429
-5.46432
-5.45502
-5.44578
-5.43924
-5.43534
-5.43268
-5.43282
-5.43385
-5.43656
-5.44046
-5.44586
-5.45117
-5.45722
-5.46306
-5.46846
-5.47228
-5.47363
-5.47334
-5.47108
-5.46668
-5.46221
-5.45663
-5.44978
-5.44158
-5.43192
-5.42096
-5.40873
-5.39775
-5.38759
-5.38315
-5.38483
-5.38961
-5.3993
-5.41099
-5.42278
-5.43476
-5.44723
-5.46067
-5.47449
-5.48907
-5.50435
-5.51883
-5.53158
-5.54133
-5.54632
-5.54756
-5.54326
-5.5348
-5.5237
-5.51068
-5.49678
-5.48443
-5.47393
-5.46654
-5.46275
-5.46298
-5.46616
-5.47194
-5.47826
-5.48402
-5.48963
-5.49426
-5.49683
-5.49829
-5.49653
-5.49205
-5.48637
-5.48073
-5.47502
-5.46952
-5.46739
-5.46825
-5.4736
-5.48099
-5.49214
-5.50553
-5.52025
-5.53657
-5.55265
-5.56832
-5.58146
-5.59302
-5.60122
-5.6062
-5.60675
-5.6042
-5.5985
-5.5892
-5.57795
-5.56584
-5.55384
-5.54344
-5.53339
-5.52602
-5.51926
-5.51225
-5.50565
-5.49736
-5.48698
-5.47543
-5.46361
-5.45373
-5.44511
-5.43856
-5.43486
-5.43347
-5.43415
-5.43604
-5.43904
-5.44201
-5.44535
-5.44658
-5.44683
-5.44453
-5.43989
-5.43248
-5.42167
-5.40919
-5.39586
-5.38409
-5.37454
-5.37002
-5.37157
-5.37862
-5.39085
-5.40672
-5.4226
-5.43923
-5.45375
-5.46785
-5.48016
-5.48985
-5.4967
-5.50092
-5.50282
-5.50055
-5.49557
-5.48839
-5.47754
-5.46586
-5.45459
-5.44275
-5.43382
-5.4293
-5.42872
-5.43219
-5.43864
-5.45031
-5.46503
-5.48084
-5.49912
-5.5157
-5.53199
-5.54554
-5.55526
-5.56339
-5.56828
-5.5712
-5.5729
-5.57409
-5.57263
-5.57006
-5.56747
-5.56558
-5.56328
-5.56041
-5.5582
-5.55719
-5.55284
-5.54864
-5.5409
-5.53229
-5.52124
-5.50763
-5.49493
-5.48221
-5.4689
-5.45618
-5.44589
-5.43805
-5.43287
-5.43148
-5.43252
-5.43627
-5.44148
-5.44759
-5.45404
-5.45952
-5.46394
-5.46719
-5.47183
-5.47528
-5.47911
-5.48181
-5.4842
-5.48484
-5.48471
-5.48301
-5.48133
-5.47772
-5.47585
-5.4744
-5.47522
-5.47783
-5.48212
-5.49
-5.49854
-5.50499
-5.50996
-5.51106
-5.50767
-5.4984
-5.48499
-5.4693
-5.45461
-5.44124
-5.43208
-5.42882
-5.4287
-5.43233
-5.43666
-5.44078
-5.44502
-5.44922
-5.4533
-5.45574
-5.45936
-5.46396
-5.46901
-5.47376
-5.48166
-5.48979
-5.49706
-5.5045
-5.51286
-5.51847
-5.52329
-5.5254
-5.52755
-5.53047
-5.53211
-5.53392
-5.5337
-5.53306
-5.53139
-5.527
-5.52044
-5.51097
-5.4993
-5.48675
-5.47346
-5.46062
-5.45101
-5.44602
-5.44612
-5.44989
-5.45718
-5.46731
-5.47818
-5.48966
-5.50119
-5.51251
-5.5233
-5.5316
-5.53852
-5.54256
-5.54349
-5.5409
-5.53563
-5.52966
-5.52363
-5.51927
-5.51739
-5.51845
-5.52108
-5.52621
-5.53181
-5.5367
-5.5416
-5.5447
-5.54872
-5.55145
-5.55277
-5.55359
-5.55372
-5.55102
-5.5457
-5.53811
-5.5297
-5.52003
-5.51015
-5.50056
-5.4936
-5.49017
-5.48974
-5.49243
-5.49575
-5.49904
-5.50218
-5.50479
-5.50655
-5.50898
-5.51108
-5.51119
-5.51005
-5.50831
-5.50475
-5.5011
-5.49647
-5.49278
-5.48977
-5.487
-5.48608
-5.48572
-5.48577
-5.48809
-5.49331
-5.50167
-5.51165
-5.52139
-5.53118
-5.53749
-5.54171
-5.5421
-5.53868
-5.53184
-5.52166
-5.51328
-5.50411
-5.49886
-5.49768
-5.49939
-5.5034
-5.51115
-5.52023
-5.52874
-5.53676
-5.54372
-5.54862
-5.55203
-5.55418
-5.55325
-5.55132
-5.5473
-5.543
-5.53623
-5.529
-5.51983
-5.50917
-5.49864
-5.48732
-5.4779
-5.47142
-5.46939
-5.4723
-5.4811
-5.49284
-5.50772
-5.52227
-5.53471
-5.54507
-5.55251
-5.55528
-5.55582
-5.55321
-5.54847
-5.54295
-5.536
-5.52825
-5.52023
-5.51319
-5.50659
-5.50088
-5.49635
-5.49387
-5.49286
-5.49293
-5.49471
-5.49507
-5.49424
-5.49222
-5.48829
-5.48238
-5.47504
-5.46675
-5.45773
-5.45108
-5.44633
-5.44199
-5.4412
-5.44235
-5.44499
-5.4479
-5.45209
-5.45564
-5.45763
-5.45958
-5.45972
-5.45832
-5.45613
-5.45358
-5.45173
-5.4504
-5.45043
-5.4523
-5.4554
-5.45967
-5.46521
-5.47217
-5.48082
-5.49215
-5.50305
-5.51451
-5.5249
-5.5336
-5.53871
-5.54003
-5.53908
-5.53501
-5.52913
-5.52416
-5.51781
-5.51136
-5.50386
-5.49514
-5.48517
-5.47464
-5.46553
-5.45588
-5.44718
-5.44083
-5.4359
-5.43395
-5.43471
-5.43784
-5.44274
-5.44787
-5.45177
-5.45517
-5.45579
-5.45426
-5.45103
-5.44683
-5.44233
-5.43938
-5.4362
-5.43544
-5.43562
-5.43587
-5.43585
-5.43737
-5.43944
-5.44141
-5.44265
-5.44471
-5.44595
-5.44528
-5.44323
-5.44219
-5.4429
-5.44541
-5.44993
-5.4576
-5.46904
-5.48509
-5.50176
-5.51986
-5.53724
-5.55148
-5.56154
-5.56799
-5.56929
-5.56577
-5.55921
-5.54987
-5.53985
-5.52805
-5.51525
-5.50174
-5.48972
-5.47829
-5.46809
-5.46118
-5.45619
-5.45328
-5.45318
-5.4555
-5.45986
-5.46622
-5.47448
-5.48336
-5.49331
-5.50374
-5.51276
-5.51959
-5.52497
-5.52566
-5.52394
-5.51933
-5.51248
-5.50228
-5.49113
-5.47961
-5.46981
-5.46198
-5.45757
-5.4558
-5.45951
-5.46568
-5.47577
-5.48435
-5.49537
-5.50147
-5.50531
-5.50528
-5.50109
-5.49292
-5.4828
-5.4721
-5.46151
-5.45254
-5.44717
-5.44446
-5.44678
-5.45316
-5.46142
-5.47298
-5.4848
-5.49581
-5.50467
-5.51125
-5.51505
-5.51613
-5.51537
-5.51472
-5.51364
-5.51388
-5.51441
-5.51527
-5.51636
-5.51562
-5.51298
-5.50863
-5.50346
-5.49613
-5.48758
-5.47811
-5.46706
-5.45639
-5.44791
-5.43971
-5.43321
-5.42871
-5.42559
-5.4236
-5.42248
-5.42279
-5.42499
-5.4283
-5.43273
-5.43737
-5.44199
-5.44536
-5.44828
-5.45064
-5.45377
-5.45664
-5.45926
-5.46258
-5.4662
-5.46959
-5.47262
-5.47542
-5.47678
-5.47657
-5.47611
-5.47682
-5.47878
-5.48166
-5.4836
-5.48622
-5.48823
-5.49033
-5.4922
-5.49319
-5.49361
-5.49184
-5.49083
-5.49106
-5.49141
-5.49074
-5.49042
-5.48965
-5.48825
-5.48501
-5.48182
-5.47776
-5.47579
-5.47525
-5.47752
-5.48155
-5.48832
-5.49527
-5.50264
-5.50775
-5.50975
-5.50717
-5.50044
-5.48868
-5.47164
-5.45208
-5.42995
-5.40778
-5.3891
-5.37502
-5.36685
-5.36345
-5.3636
-5.36575
-5.36824
-5.37272
-5.37726
-5.38374
-5.3923
-5.40198
-5.41215
-5.42391
-5.43558
-5.44653
-5.45725
-5.46648
-5.47384
-5.47898
-5.48339
-5.48506
-5.48515
-5.48291
-5.47781
-5.4709
-5.46328
-5.45427
-5.44591
-5.43823
-5.4322
-5.43185
-5.43396
-5.44011
-5.44883
-5.45816
-5.46653
-5.47223
-5.4748
-5.47503
-5.47265
-5.47047
-5.4688
-5.46659
-5.46633
-5.46609
-5.46746
-5.46965
-5.47149
-5.47516
-5.4797
-5.48578
-5.4927
-5.50088
-5.50953
-5.5207
-5.53066
-5.53942
-5.54642
-5.55162
-5.55416
-5.55403
-5.5518
-5.54713
-5.54034
-5.53215
-5.52381
-5.51549
-5.50665
-5.4995
-5.4947
-5.49424
-5.49621
-5.50092
-5.50751
-5.51478
-5.52385
-5.53103
-5.53663
-5.5392
-5.53988
-5.53952
-5.53755
-5.53327
-5.52833
-5.52285
-5.51929
-5.51545
-5.51267
-5.5092
-5.50548
-5.50061
-5.49525
-5.48789
-5.47879
-5.46933
-5.45983
-5.45153
-5.44439
-5.43947
-5.43721
-5.43687
-5.43829
-5.44098
-5.44459
-5.44788
-5.45041
-5.45274
-5.45436
-5.45417
-5.45495
-5.45353
-5.4507
-5.44967
-5.44788
-5.44645
-5.44541
-5.44665
-5.44973
-5.45528
-5.46274
-5.47215
-5.48255
-5.49594
-5.50712
-5.51933
-5.52999
-5.53635
-5.53675
-5.53256
-5.52231
-5.50727
-5.48734
-5.46698
-5.44554
-5.42536
-5.40798
-5.39659
-5.39139
-5.39211
-5.39772
-5.40616
-5.41624
-5.42659
-5.43583
-5.44329
-5.44849
-5.44974
-5.4493
-5.44816
-5.44797
-5.44896
-5.45254
-5.45779
-5.46418
-5.47024
-5.47559
-5.47774
-5.47795
-5.47623
-5.47525
-5.47457
-5.47438
-5.47646
-5.48225
-5.48937
-5.49671
-5.50552
-5.51246
-5.5197
-5.52462
-5.52814
-5.53061
-5.53044
-5.5302
-5.52769
-5.52499
-5.52209
-5.51996
-5.51712
-5.51616
-5.514
-5.51323
-5.51192
-5.51039
-5.51007
-5.5109
-5.51246
-5.51641
-5.51871
-5.52063
-5.52045
-5.51823
-5.51431
-5.50753
-5.49849
-5.48694
-5.47327
-5.45998
-5.44653
-5.43242
-5.42224
-5.41395
-5.40885
-5.4071
-5.4095
-5.41212
-5.41772
-5.42296
-5.42805
-5.43181
-5.43305
-5.43261
-5.4312
-5.42915
-5.42651
-5.42436
-5.42576
-5.42887
-5.43371
-5.4404
-5.44828
-5.45531
-5.46097
-5.46388
-5.46294
-5.45807
-5.45066
-5.43968
-5.42619
-5.41388
-5.40344
-5.3943
-5.38819
-5.38518
-5.38474
-5.38677
-5.39155
-5.39915
-5.41084
-5.42492
-5.44186
-5.45892
-5.47644
-5.49173
-5.50401
-5.51321
-5.51802
-5.51973
-5.51881
-5.51508
-5.51026
-5.50334
-5.49887
-5.49585
-5.49547
-5.498
-5.50462
-5.51462
-5.52479
-5.53402
-5.54164
-5.5456
-5.54564
-5.54316
-5.53739
-5.52698
-5.51514
-5.50361
-5.4927
-5.48377
-5.47821
-5.4759
-5.47547
-5.47858
-5.48263
-5.48644
-5.49202
-5.4967
-5.50121
-5.50532
-5.50841
-5.51232
-5.51602
-5.51922
-5.52294
-5.52437
-5.52387
-5.51995
-5.51254
-5.50092
-5.48783
-5.47262
-5.45481
-5.43813
-5.42181
-5.40734
-5.3951
-5.38541
-5.37963
-5.37774
-5.37961
-5.38643
-5.39591
-5.40865
-5.42174
-5.43619
-5.45063
-5.46363
-5.47536
-5.48495
-5.49094
-5.49391
-5.49247
-5.48999
-5.48567
-5.47941
-5.47225
-5.46749
-5.46361
-5.46118
-5.45883
-5.45788
-5.45749
-5.45676
-5.4575
-5.45896
-5.46106
-5.46395
-5.46656
-5.46805
-5.47044
-5.47203
-5.47417
-5.47318
-5.47316
-5.47068
-5.46874
-5.46863
-5.46899
-5.47076
-5.47443
-5.4786
-5.48355
-5.4894
-5.49428
-5.49589
-5.49658
-5.49446
-5.49011
-5.48454
-5.47861
-5.47127
-5.46365
-5.45573
-5.44654
-5.43558
-5.42623
-5.4182
-5.41196
-5.41074
-5.41227
-5.41794
-5.42563
-5.43556
-5.44434
-5.4516
-5.45769
-5.4627
-5.46552
-5.46883
-5.47205
-5.47571
-5.47978
-5.4841
-5.48722
-5.48921
-5.48981
-5.48767
-5.4833
-5.47794
-5.47332
-5.46886
-5.4659
-5.46533
-5.46586
-5.46645
-5.46597
-5.46345
-5.45942
-5.453
-5.44684
-5.43951
-5.43427
-5.43216
-5.43319
-5.43787
-5.44676
-5.45884
-5.47329
-5.48836
-5.50143
-5.51217
-5.51944
-5.52298
-5.52227
-5.51789
-5.50976
-5.499
-5.48534
-5.47039
-5.45506
-5.44039
-5.42381
-5.40983
-5.39846
-5.3898
-5.38526
-5.38375
-5.38587
-5.39034
-5.39733
-5.40702
-5.41563
-5.42469
-5.4351
-5.44462
-5.45392
-5.46305
-5.47217
-5.47958
-5.4861
-5.49076
-5.49281
-5.49247
-5.4906
-5.48534
-5.47821
-5.47048
-5.46159
-5.45184
-5.44258
-5.43427
-5.42634
-5.422
-5.42201
-5.42625
-5.43475
-5.44591
-5.45871
-5.47179
-5.48446
-5.49557
-5.50434
-5.51135
-5.51688
-5.5209
-5.5216
-5.52006
-5.51447
-5.50709
-5.49507
-5.48164
-5.46675
-5.45177
-5.43809
-5.42436
-5.41274
-5.40505
-5.39874
-5.39527
-5.3947
-5.39631
-5.40053
-5.40598
-5.41329
-5.42184
-5.42942
-5.43754
-5.44487
-5.45272
-5.45918
-5.46277
-5.46143
-5.45623
-5.44505
-5.42954
-5.41142
-5.38993
-5.37102
-5.35339
-5.33971
-5.33306
-5.33622
-5.34919
-5.36945
-5.3955
-5.42303
-5.44896
-5.47198
-5.48677
-5.49433
-5.49525
-5.48891
-5.47723
-5.46164
-5.44357
-5.42594
-5.41104
-5.40186
-5.40045
-5.40585
-5.41801
-5.43283
-5.44918
-5.4642
-5.47704
-5.48755
-5.49539
-5.50195
-5.50539
-5.5062
-5.50577
-5.50492
-5.50325
-5.50027
-5.49805
-5.49627
-5.49604
-5.49725
-5.49883
-5.50228
-5.50655
-5.51147
-5.51526
-5.51782
-5.51728
-5.51456
-5.50812
-5.49865
-5.48694
-5.47356
-5.45977
-5.44648
-5.43411
-5.42439
-5.41733
-5.41413
-5.41285
-5.41451
-5.41831
-5.4244
-5.4319
-5.44084
-5.4481
-5.45509
-5.46019
-5.46338
-5.46448
-5.46418
-5.46088
-5.45771
-5.45458
-5.45241
-5.45267
-5.45561
-5.46251
-5.47167
-5.48374
-5.49801
-5.51097
-5.52157
-5.52912
-5.53315
-5.53352
-5.53094
-5.52725
-5.52193
-5.51613
-5.51086
-5.50604
-5.50232
-5.5007
-5.49996
-5.49956
-5.49687
-5.49299
-5.48544
-5.47379
-5.45802
-5.44132
-5.42422
-5.41107
-5.40213
-5.40227
-5.40744
-5.41943
-5.43289
-5.44783
-5.46116
-5.47313
-5.48231
-5.48843
-5.4919
-5.49224
-5.4903
-5.48481
-5.47628
-5.46594
-5.45487
-5.44438
-5.43364
-5.42396
-5.41523
-5.40941
-5.40617
-5.40525
-5.40639
-5.40958
-5.41277
-5.41569
-5.41782
-5.41896
-5.42099
-5.42346
-5.4275
-5.43392
-5.4407
-5.44928
-5.45849
-5.46875
-5.47885
-5.48617
-5.4916
-5.49475
-5.49395
-5.4877
-5.47787
-5.46296
-5.44436
-5.42348
-5.40257
-5.38351
-5.36902
-5.36059
-5.35752
-5.36112
-5.37022
-5.38195
-5.39532
-5.40851
-5.42253
-5.4352
-5.44663
-5.45657
-5.46241
-5.46561
-5.46435
-5.45947
-5.45266
-5.4448
-5.43527
-5.42635
-5.41836
-5.41171
-5.40953
-5.40936
-5.41316
-5.4195
-5.42823
-5.43929
-5.45088
-5.46256
-5.47324
-5.48146
-5.48724
-5.49114
-5.49118
-5.49015
-5.4877
-5.4841
-5.47901
-5.47328
-5.46935
-5.46621
-5.46368
-5.46193
-5.4608
-5.46104
-5.46124
-5.46476
-5.47094
-5.47979
-5.4908
-5.50393
-5.51792
-5.5311
-5.54268
-5.55238
-5.55832
-5.56153
-5.562
-5.55959
-5.55569
-5.54977
-5.54393
-5.53842
-5.53443
-5.53221
-5.53182
-5.53243
-5.53416
-5.53486
-5.53415
-5.53368
-5.53099
-5.52642
-5.5214
-5.51484
-5.50722
-5.49942
-5.48953
-5.47973
-5.47035
-5.45942
-5.44954
-5.43963
-5.42961
-5.42309
-5.41838
-5.41906
-5.42333
-5.43148
-5.44232
-5.45556
-5.46934
-5.48268
-5.49598
-5.50642
-5.51444
-5.51806
-5.5185
-5.51593
-5.5093
-5.50138
-5.49245
-5.48269
-5.4729
-5.46311
-5.45703
-5.45174
-5.4505
-5.451
-5.45417
-5.45979
-5.4664
-5.47381
-5.48208
-5.4886
-5.4952
-5.49988
-5.5022
-5.50394
-5.50306
-5.50009
-5.49503
-5.48836
-5.47786
-5.46532
-5.45179
-5.43755
-5.42347
-5.41164
-5.40213
-5.39499
-5.3902
-5.38813
-5.38724
-5.38826
-5.39056
-5.39378
-5.39789
-5.40226
-5.40801
-5.41469
-5.42325
-5.43266
-5.44298
-5.45396
-5.46534
-5.4764
-5.4853
-5.49241
-5.4958
-5.49636
-5.4929
-5.48744
-5.47926
-5.47285
-5.46658
-5.46232
-5.46091
-5.46031
-5.45977
-5.45997
-5.45856
-5.45543
-5.45302
-5.45057
-5.44848
-5.44733
-5.44747
-5.45042
-5.45497
-5.46161
-5.46913
-5.47514
-5.48175
-5.48691
-5.48991
-5.49222
-5.49281
-5.49299
-5.4904
-5.48701
-5.48282
-5.47928
-5.47704
-5.4768
-5.47716
-5.48
-5.48154
-5.48441
-5.48497
-5.48457
-5.48118
-5.47819
-5.47473
-5.47171
-5.47062
-5.46955
-5.47025
-5.47149
-5.47354
-5.47706
-5.48102
-5.48558
-5.49016
-5.49345
-5.49577
-5.49601
-5.49414
-5.49082
-5.48736
-5.48163
-5.47566
-5.46784
-5.46158
-5.45575
-5.45127
-5.44815
-5.4479
-5.45149
-5.4568
-5.46372
-5.46981
-5.47482
-5.47833
-5.47793
-5.47503
-5.46999
-5.46372
-5.45721
-5.45014
-5.44454
-5.43948
-5.4371
-5.43709
-5.43799
-5.44257
-5.44934
-5.45958
-5.47196
-5.4861
-5.50109
-5.51345
-5.52479
-5.53463
-5.54354
-5.5508
-5.55513
-5.55882
-5.56108
-5.56239
-5.56319
-5.5633
-5.56196
-5.55937
-5.5553
-5.55036
-5.54446
-5.53901
-5.53378
-5.52917
-5.52485
-5.52089
-5.51879
-5.51768
-5.51705
-5.51764
-5.52004
-5.5237
-5.52703
-5.52864
-5.52929
-5.52753
-5.52416
-5.52002
-5.51635
-5.5135
-5.51281
-5.51359
-5.51435
-5.51213
-5.50638
-5.49582
-5.48251
-5.46857
-5.45439
-5.44169
-5.42929
-5.41886
-5.41119
-5.40597
-5.40483
-5.40851
-5.41493
-5.42405
-5.4355
-5.44561
-5.45493
-5.46075
-5.46495
-5.46731
-5.46818
-5.46998
-5.47404
-5.47884
-5.48611
-5.49343
-5.50019
-5.50515
-5.50921
-5.50997
-5.50963
-5.51035
-5.51194
-5.51456
-5.51675
-5.51775
-5.51558
-5.50892
-5.50024
-5.48981
-5.47753
-5.46674
-5.45937
-5.45641
-5.45821
-5.46409
-5.47308
-5.48334
-5.49247
-5.50058
-5.50565
-5.51054
-5.51641
-5.52342
-5.52866
-5.53231
-5.53165
-5.52653
-5.51953
-5.51108
-5.50228
-5.4925
-5.4837
-5.47547
-5.46797
-5.46126
-5.45681
-5.45336
-5.45176
-5.45173
-5.45379
-5.45661
-5.46045
-5.46369
-5.46706
-5.47088
-5.4756
-5.47928
-5.4809
-5.48153
-5.48008
-5.47659
-5.47357
-5.47014
-5.46471
-5.46238
-5.4609
-5.46033
-5.46214
-5.46629
-5.47134
-5.47721
-5.48275
-5.48774
-5.49225
-5.49482
-5.49589
-5.49663
-5.49808
-5.49975
-5.50205
-5.50274
-5.50543
-5.50792
-5.50971
-5.51129
-5.51184
-5.5103
-5.50814
-5.50413
-5.49911
-5.49289
-5.48312
-5.4713
-5.45773
-5.44471
-5.43131
-5.4202
-5.41285
-5.40973
-5.41147
-5.41692
-5.425
-5.43563
-5.44634
-5.4571
-5.46745
-5.4768
-5.48507
-5.48975
-5.49162
-5.49151
-5.48793
-5.48165
-5.47447
-5.46621
-5.45756
-5.44958
-5.44232
-5.43612
-5.42947
-5.42438
-5.41919
-5.41415
-5.40989
-5.40653
-5.4041
-5.40389
-5.40418
-5.40575
-5.40773
-5.41035
-5.41474
-5.41792
-5.41934
-5.41987
-5.41811
-5.41437
-5.4091
-5.40252
-5.39763
-5.3936
-5.39195
-5.39322
-5.3972
-5.40556
-5.41482
-5.42543
-5.43742
-5.45056
-5.46361
-5.47491
-5.48476
-5.49258
-5.49703
-5.49854
-5.49617
-5.49041
-5.48088
-5.46811
-5.4531
-5.43738
-5.42112
-5.40638
-5.3954
-5.3865
-5.38164
-5.38162
-5.38589
-5.39399
-5.40499
-5.41667
-5.42995
-5.44173
-5.45259
-5.46015
-5.46563
-5.46803
-5.46703
-5.46268
-5.45672
-5.44843
-5.44014
-5.42996
-5.42056
-5.41354
-5.40992
-5.4105
-5.41328
-5.41981
-5.42868
-5.43845
-5.44863
-5.45737
-5.46273
-5.46397
-5.45859
-5.4459
-5.42945
-5.41269
-5.4021
-5.40208
-5.41163
-5.42734
-5.44404
-5.45748
-5.46654
-5.46926
-5.46657
-5.45853
-5.44658
-5.43517
-5.42624
-5.42322
-5.4257
-5.4322
-5.44043
-5.44741
-5.45282
-5.45515
-5.45462
-5.45324
-5.45078
-5.44709
-5.44345
-5.43889
-5.43533
-5.43038
-5.42474
-5.41792
-5.41262
-5.40801
-5.40572
-5.40617
-5.40913
-5.41448
-5.42148
-5.4312
-5.44209
-5.45426
-5.46786
-5.48321
-5.49857
-5.51364
-5.52764
-5.53975
-5.54985
-5.55721
-5.56347
-5.56745
-5.57135
-5.57385
-5.57589
-5.57564
-5.57305
-5.56837
-5.56257
-5.55422
-5.54446
-5.53472
-5.52656
-5.52074
-5.51725
-5.51759
-5.51885
-5.52209
-5.52341
-5.52137
-5.51609
-5.50833
-5.4983
-5.48584
-5.47305
-5.45922
-5.44529
-5.43485
-5.42791
-5.42336
-5.42259
-5.42299
-5.42371
-5.42573
-5.42628
-5.4274
-5.42612
-5.4253
-5.4264
-5.429
-5.43564
-5.44648
-5.45951
-5.47405
-5.48804
-5.49918
-5.50597
-5.50713
-5.50309
-5.49528
-5.48246
-5.46933
-5.45566
-5.44629
-5.44255
-5.44602
-5.45374
-5.46357
-5.47438
-5.48461
-5.49336
-5.49917
-5.50414
-5.50763
-5.51082
-5.51295
-5.51705
-5.52266
-5.52815
-5.53509
-5.54333
-5.55037
-5.55778
-5.56365
-5.56888
-5.57209
-5.57319
-5.57041
-5.56411
-5.55526
-5.54315
-5.53046
-5.51633
-5.50184
-5.48914
-5.47999
-5.47544
-5.47619
-5.481
-5.48807
-5.49718
-5.50455
-5.5097
-5.51332
-5.51277
-5.50912
-5.50431
-5.49915
-5.49467
-5.49108
-5.48902
-5.49002
-5.49289
-5.49909
-5.50611
-5.51387
-5.52114
-5.52738
-5.53047
-5.53015
-5.52643
-5.52031
-5.51409
-5.5086
-5.50369
-5.50065
-5.4991
-5.49701
-5.4955
-5.49288
-5.49175
-5.48929
-5.48855
-5.49156
-5.49562
-5.50249
-5.51091
-5.52105
-5.53021
-5.53827
-5.54483
-5.54877
-5.54988
-5.54953
-5.5457
-5.5398
-5.5345
-5.5295
-5.52617
-5.52736
-5.53185
-5.53927
-5.54635
-5.55394
-5.55964
-5.56276
-5.56156
-5.5579
-5.55082
-5.53998
-5.52842
-5.51532
-5.50359
-5.49269
-5.48365
-5.47718
-5.47236
-5.47081
-5.47116
-5.47448
-5.47976
-5.48725
-5.4952
-5.50443
-5.51315
-5.51778
-5.52004
-5.51968
-5.51582
-5.50774
-5.49965
-5.49153
-5.48565
-5.48232
-5.48018
-5.4809
-5.48387
-5.48716
-5.4916
-5.49597
-5.50089
-5.50466
-5.50819
-5.51188
-5.51399
-5.51537
-5.51345
-5.51084
-5.50497
-5.49771
-5.48982
-5.48234
-5.47525
-5.46849
-5.4624
-5.45589
-5.45005
-5.4453
-5.44337
-5.44318
-5.44723
-5.45523
-5.46641
-5.48016
-5.49544
-5.51283
-5.52962
-5.54352
-5.55502
-5.56321
-5.56778
-5.56904
-5.56826
-5.56426
-5.55874
-5.55398
-5.54929
-5.54419
-5.53932
-5.53481
-5.52943
-5.52289
-5.51637
-5.51011
-5.50527
-5.50314
-5.50222
-5.50341
-5.50782
-5.51336
-5.52083
-5.52801
-5.5339
-5.5397
-5.54527
-5.5493
-5.55254
-5.55292
-5.55264
-5.55011
-5.54623
-5.54052
-5.5354
-5.53038
-5.52887
-5.52777
-5.52848
-5.52818
-5.52658
-5.52333
-5.51892
-5.5137
-5.50859
-5.50522
-5.50325
-5.50117
-5.50072
-5.5013
-5.50136
-5.50434
-5.50742
-5.51012
-5.51369
-5.51754
-5.51972
-5.52192
-5.52543
-5.52803
-5.53166
-5.5356
-5.5385
-5.54187
-5.54405
-5.54502
-5.54407
-5.54415
-5.54325
-5.54143
-5.53794
-5.53357
-5.52845
-5.5206
-5.51146
-5.50026
-5.48823
-5.47672
-5.465
-5.45458
-5.44625
-5.44106
-5.4392
-5.43993
-5.44284
-5.44733
-5.45299
-5.45883
-5.46394
-5.4702
-5.47759
-5.48635
-5.49625
-5.50564
-5.5137
-5.52035
-5.52521
-5.52747
-5.52699
-5.523
-5.51876
-5.51301
-5.50584
-5.49996
-5.49586
-5.49474
-5.49566
-5.49716
-5.49935
-5.50228
-5.5053
-5.50609
-5.50504
-5.50281
-5.49908
-5.49552
-5.49001
-5.48477
-5.47983
-5.47472
-5.46795
-5.4617
-5.45612
-5.45024
-5.44537
-5.44232
-5.44222
-5.44441
-5.44811
-5.45403
-5.46255
-5.47405
-5.48611
-5.49917
-5.51241
-5.52465
-5.53601
-5.54408
-5.55029
-5.55212
-5.55175
-5.54622
-5.53888
-5.53008
-5.52116
-5.51147
-5.50164
-5.49147
-5.48033
-5.46761
-5.45478
-5.44206
-5.43136
-5.42319
-5.41751
-5.41413
-5.41364
-5.4132
-5.41547
-5.41661
-5.41893
-5.42108
-5.42379
-5.4266
-5.42938
-5.43198
-5.43475
-5.43723
-5.4401
-5.44375
-5.44817
-5.45341
-5.46165
-5.47115
-5.48364
-5.49827
-5.51473
-5.53188
-5.54643
-5.55839
-5.56522
-5.56765
-5.56468
-5.5578
-5.54616
-5.53257
-5.51779
-5.50265
-5.48848
-5.47721
-5.46793
-5.46085
-5.45547
-5.45239
-5.45168
-5.45071
-5.44887
-5.44762
-5.44582
-5.44534
-5.44573
-5.44679
-5.44783
-5.44844
-5.44783
-5.44662
-5.44461
-5.44164
-5.43767
-5.435
-5.43259
-5.43026
-5.42925
-5.43042
-5.43194
-5.43315
-5.43397
-5.43547
-5.43683
-5.4382
-5.43916
-5.44071
-5.44433
-5.44913
-5.45391
-5.46044
-5.46592
-5.47083
-5.47437
-5.47674
-5.47826
-5.47955
-5.47927
-5.4789
-5.47915
-5.48039
-5.48418
-5.48992
-5.49864
-5.50932
-5.52135
-5.53473
-5.54581
-5.55499
-5.56104
-5.56341
-5.56366
-5.56096
-5.55657
-5.55199
-5.54715
-5.54303
-5.53942
-5.53403
-5.52881
-5.52113
-5.51281
-5.50216
-5.48963
-5.47469
-5.45965
-5.44457
-5.43384
-5.42822
-5.43026
-5.43936
-5.45627
-5.47618
-5.49557
-5.51306
-5.52567
-5.53422
-5.53702
-5.53495
-5.53126
-5.52563
-5.51929
-5.51324
-5.50744
-5.50305
-5.49948
-5.49641
-5.49403
-5.49119
-5.48952
-5.48643
-5.48327
-5.4813
-5.48209
-5.48397
-5.48773
-5.49343
-5.4987
-5.50401
-5.50703
-5.50814
-5.50494
-5.50158
-5.49828
-5.49279
-5.48909
-5.4871
-5.48418
-5.48123
-5.47691
-5.4713
-5.46543
-5.4606
-5.45469
-5.44994
-5.44705
-5.44709
-5.44954
-5.45602
-5.46512
-5.47841
-5.49379
-5.51049
-5.52601
-5.54132
-5.55344
-5.56126
-5.5643
-5.56437
-5.55947
-5.55128
-5.54069
-5.52903
-5.51645
-5.50603
-5.49746
-5.49068
-5.48671
-5.48486
-5.48426
-5.48381
-5.48324
-5.4798
-5.47528
-5.46755
-5.45792
-5.44628
-5.43415
-5.42241
-5.4125
-5.40509
-5.402
-5.40343
-5.41026
-5.41955
-5.43418
-5.44828
-5.46335
-5.47847
-5.49203
-5.50263
-5.51283
-5.51991
-5.5245
-5.52717
-5.52752
-5.52441
-5.51892
-5.50918
-5.49575
-5.47917
-5.46014
-5.44067
-5.42163
-5.40683
-5.39565
-5.39166
-5.39304
-5.40019
-5.41128
-5.42697
-5.44075
-5.45543
-5.46658
-5.47455
-5.47783
-5.47661
-5.47089
-5.46208
-5.452
-5.44033
-5.42811
-5.41558
-5.40436
-5.39438
-5.38854
-5.38769
-5.39305
-5.40351
-5.41952
-5.43846
-5.45792
-5.47788
-5.49789
-5.51353
-5.52818
-5.53964
-5.54512
-5.54621
-5.54275
-5.53443
-5.5223
-5.50751
-5.48955
-5.47121
-5.45237
-5.43661
-5.42556
-5.4186
-5.41648
-5.42008
-5.4289
-5.44229
-5.45589
-5.46964
-5.48105
-5.48973
-5.49609
-5.50002
-5.50007
-5.49868
-5.49433
-5.48808
-5.48074
-5.47341
-5.46653
-5.45984
-5.45458
-5.44972
-5.44519
-5.44082
-5.43699
-5.43336
-5.43055
-5.42886
-5.42796
-5.42657
-5.42717
-5.42646
-5.42521
-5.4216
-5.41633
-5.40876
-5.40007
-5.39111
-5.38369
-5.37922
-5.37753
-5.37865
-5.3822
-5.38806
-5.39681
-5.40693
-5.41914
-5.43183
-5.4437
-5.45696
-5.46879
-5.47934
-5.48827
-5.4944
-5.49928
-5.50378
-5.5085
-5.5119
-5.51612
-5.51906
-5.5237
-5.52766
-5.5302
-5.53185
-5.5326
-5.53132
-5.52996
-5.5287
-5.52756
-5.5288
-5.53128
-5.53427
-5.53731
-5.53991
-5.54179
-5.54245
-5.5396
-5.53365
-5.52547
-5.51535
-5.50334
-5.49189
-5.481
-5.47303
-5.46705
-5.46514
-5.4661
-5.47116
-5.47802
-5.48602
-5.4942
-5.50167
-5.50773
-5.51193
-5.51289
-5.51016
-5.50595
-5.49886
-5.49202
-5.4846
-5.47682
-5.46985
-5.46412
-5.46008
-5.459
-5.46131
-5.46825
-5.47942
-5.49293
-5.50822
-5.52389
-5.53914
-5.55241
-5.56413
-5.57289
-5.57932
-5.58464
-5.58671
-5.58688
-5.58612
-5.58533
-5.58385
-5.58089
-5.57827
-5.57525
-5.57191
-5.56653
-5.55969
-5.55204
-5.54323
-5.53466
-5.5285
-5.5225
-5.51774
-5.51522
-5.51243
-5.50992
-5.5079
-5.50827
-5.50963
-5.51344
-5.51909
-5.52449
-5.52883
-5.53165
-5.53343
-5.53354
-5.53194
-5.52783
-5.52341
-5.51695
-5.51094
-5.50551
-5.50219
-5.5004
-5.49897
-5.49682
-5.49539
-5.49326
-5.48992
-5.4849
-5.47922
-5.47237
-5.46358
-5.45434
-5.44474
-5.43527
-5.42324
-5.41142
-5.39888
-5.38581
-5.37267
-5.36156
-5.35293
-5.34864
-5.3479
-5.35337
-5.3651
-5.38259
-5.40613
-5.43212
-5.46097
-5.489
-5.51639
-5.54046
-5.56032
-5.57525
-5.58416
-5.58712
-5.58136
-5.57192
-5.55549
-5.53511
-5.51441
-5.4914
-5.47058
-5.45394
-5.44238
-5.43732
-5.43874
-5.44494
-5.45416
-5.46301
-5.47088
-5.47652
-5.47942
-5.48016
-5.47938
-5.47594
-5.47117
-5.46409
-5.45481
-5.44516
-5.43649
-5.42959
-5.42676
-5.42725
-5.43195
-5.43872
-5.44747
-5.45502
-5.46006
-5.46149
-5.46237
-5.46178
-5.46184
-5.46381
-5.46671
-5.47077
-5.4767
-5.48221
-5.48564
-5.48824
-5.48727
-5.48452
-5.47925
-5.47308
-5.46582
-5.45906
-5.45339
-5.44933
-5.44608
-5.44179
-5.4373
-5.43258
-5.42749
-5.4236
-5.42151
-5.4235
-5.42754
-5.43453
-5.44526
-5.45726
-5.4695
-5.48149
-5.49112
-5.49775
-5.50054
-5.50124
-5.49906
-5.495
-5.48921
-5.48446
-5.47941
-5.47659
-5.47491
-5.47614
-5.47723
-5.4789
-5.47962
-5.4808
-5.48304
-5.48679
-5.49265
-5.49954
-5.50707
-5.51207
-5.51482
-5.51399
-5.50927
-5.50146
-5.49158
-5.48209
-5.47251
-5.46467
-5.458
-5.4538
-5.45322
-5.45523
-5.46121
-5.46746
-5.47504
-5.48041
-5.4866
-5.49311
-5.49864
-5.50277
-5.5063
-5.50681
-5.50596
-5.50485
-5.50156
-5.49593
-5.48879
-5.48123
-5.47215
-5.46297
-5.45315
-5.44296
-5.43297
-5.42227
-5.41399
-5.40685
-5.40041
-5.396
-5.39077
-5.38676
-5.38227
-5.37578
-5.36997
-5.36372
-5.35833
-5.35592
-5.35662
-5.36002
-5.36673
-5.37699
-5.3896
-5.40317
-5.4172
-5.42963
-5.44092
-5.44959
-5.45635
-5.46098
-5.46442
-5.46734
-5.46984
-5.47351
-5.4797
-5.48617
-5.49372
-5.49924
-5.50419
-5.50665
-5.50614
-5.50318
-5.49845
-5.49137
-5.48527
-5.47774
-5.46997
-5.46304
-5.45897
-5.45718
-5.45828
-5.4609
-5.4644
-5.46868
-5.4721
-5.47431
-5.4765
-5.47759
-5.47892
-5.48039
-5.48536
-5.49082
-5.49829
-5.50771
-5.51625
-5.52338
-5.52927
-5.53358
-5.53465
-5.53581
-5.53465
-5.5311
-5.52526
-5.51832
-5.50885
-5.49821
-5.48663
-5.47504
-5.46361
-5.45436
-5.44549
-5.43849
-5.43378
-5.42951
-5.42742
-5.42431
-5.42142
-5.41949
-5.4214
-5.42739
-5.43629
-5.44808
-5.46043
-5.47312
-5.48486
-5.49437
-5.50034
-5.50273
-5.50112
-5.49674
-5.48925
-5.47918
-5.46889
-5.45667
-5.4457
-5.4383
-5.4353
-5.43585
-5.43749
-5.43894
-5.43785
-5.4343
-5.42966
-5.42423
-5.41965
-5.41856
-5.42121
-5.42312
-5.4268
-5.43019
-5.4331
-5.43428
-5.43684
-5.43895
-5.44075
-5.44373
-5.44696
-5.4496
-5.45185
-5.45484
-5.45694
-5.46076
-5.46476
-5.47061
-5.4776
-5.48677
-5.49667
-5.50515
-5.5129
-5.51684
-5.51833
-5.51786
-5.51442
-5.50935
-5.50332
-5.49841
-5.49346
-5.48983
-5.48759
-5.48458
-5.48116
-5.47485
-5.4663
-5.45441
-5.44023
-5.42494
-5.41031
-5.39761
-5.38895
-5.38437
-5.38536
-5.39185
-5.40348
-5.41914
-5.4374
-5.45596
-5.47399
-5.48982
-5.50347
-5.51524
-5.52451
-5.53201
-5.53965
-5.5465
-5.55231
-5.55778
-5.56122
-5.56288
-5.56096
-5.5562
-5.54884
-5.53893
-5.52531
-5.51096
-5.49441
-5.47633
-5.45844
-5.44057
-5.42539
-5.41268
-5.40468
-5.39977
-5.39869
-5.40028
-5.40449
-5.40982
-5.41515
-5.42049
-5.42445
-5.42947
-5.43377
-5.43663
-5.43928
-5.44252
-5.44493
-5.44651
-5.44766
-5.44943
-5.45265
-5.45622
-5.45982
-5.46348
-5.46634
-5.4685
-5.46933
-5.46913
-5.4659
-5.46211
-5.45895
-5.45595
-5.4541
-5.45446
-5.45727
-5.46095
-5.46676
-5.47216
-5.479
-5.48652
-5.49448
-5.50354
-5.51116
-5.51809
-5.52295
-5.52527
-5.5257
-5.52016
-5.51242
-5.50322
-5.49242
-5.48066
-5.47133
-5.46335
-5.45739
-5.45409
-5.45329
-5.45333
-5.45658
-5.46082
-5.46463
-5.46845
-5.47163
-5.47363
-5.47678
-5.47998
-5.48141
-5.48373
-5.486
-5.48911
-5.49524
-5.50115
-5.50865
-5.51555
-5.5214
-5.52674
-5.52943
-5.52941
-5.52559
-5.51854
-5.51062
-5.50147
-5.49419
-5.48914
-5.48501
-5.48329
-5.48398
-5.48606
-5.48627
-5.4858
-5.48311
-5.47882
-5.4739
-5.46805
-5.4631
-5.45871
-5.45513
-5.45309
-5.4518
-5.4518
-5.45007
-5.45006
-5.45145
-5.45237
-5.45532
-5.45944
-5.46359
-5.4674
-5.47214
-5.47802
-5.48363
-5.48976
-5.49669
-5.50129
-5.50444
-5.50627
-5.50594
-5.50305
-5.49906
-5.49348
-5.48699
-5.47925
-5.47073
-5.46052
-5.45096
-5.43962
-5.42961
-5.42043
-5.41216
-5.40635
-5.40446
-5.40611
-5.41117
-5.41917
-5.42876
-5.43722
-5.44583
-5.45275
-5.45671
-5.4576
-5.4574
-5.45702
-5.4562
-5.45877
-5.46179
-5.46646
-5.47248
-5.47854
-5.48364
-5.48768
-5.49036
-5.4903
-5.48858
-5.48544
-5.48053
-5.47559
-5.46971
-5.46429
-5.45959
-5.45673
-5.45358
-5.45094
-5.44767
-5.44362
-5.44053
-5.43642
-5.43264
-5.42984
-5.42797
-5.42705
-5.42791
-5.43182
-5.43688
-5.44279
-5.44877
-5.45347
-5.45866
-5.46322
-5.46567
-5.46619
-5.46418
-5.45968
-5.454
-5.44966
-5.44486
-5.4418
-5.44264
-5.44768
-5.45824
-5.47123
-5.48719
-5.50413
-5.52043
-5.53481
-5.54745
-5.55759
-5.56427
-5.56747
-5.56836
-5.56605
-5.5613
-5.55572
-5.54899
-5.54216
-5.5332
-5.5226
-5.51123
-5.49804
-5.48254
-5.4668
-5.45059
-5.43482
-5.42146
-5.41282
-5.40952
-5.40928
-5.41387
-5.419
-5.42604
-5.43302
-5.44049
-5.44829
-5.45495
-5.46158
-5.46704
-5.47064
-5.47352
-5.47608
-5.48021
-5.48486
-5.49182
-5.50064
-5.51126
-5.52155
-5.53102
-5.5385
-5.54207
-5.542
-5.53764
-5.5295
-5.51898
-5.50564
-5.49165
-5.48002
-5.47114
-5.46327
-5.45768
-5.45309
-5.44829
-5.44478
-5.44089
-5.43871
-5.4399
-5.44346
-5.45026
-5.45711
-5.46503
-5.47263
-5.4792
-5.48559
-5.49047
-5.49375
-5.49493
-5.49398
-5.48877
-5.48146
-5.47161
-5.45896
-5.44595
-5.43335
-5.4233
-5.41764
-5.4163
-5.42089
-5.42968
-5.44123
-5.4547
-5.46824
-5.48145
-5.49327
-5.50251
-5.50897
-5.51233
-5.51264
-5.51109
-5.50585
-5.49863
-5.48922
-5.47932
-5.47063
-5.46342
-5.45902
-5.45877
-5.46087
-5.46262
-5.46378
-5.46155
-5.45713
-5.44989
-5.44221
-5.43546
-5.42856
-5.42525
-5.42535
-5.42798
-5.43131
-5.43442
-5.43425
-5.43266
-5.42862
-5.42292
-5.41598
-5.40983
-5.40457
-5.40083
-5.39943
-5.40041
-5.40327
-5.40774
-5.41447
-5.42207
-5.43032
-5.43903
-5.44546
-5.45069
-5.45304
-5.45445
-5.45491
-5.45459
-5.45385
-5.45323
-5.45158
-5.45043
-5.44953
-5.44907
-5.4505
-5.45212
-5.45472
-5.4575
-5.46327
-5.46714
-5.46899
-5.46927
-5.46578
-5.45853
-5.44846
-5.43985
-5.4295
-5.42299
-5.42051
-5.42517
-5.43467
-5.44749
-5.4614
-5.47513
-5.48719
-5.49794
-5.50652
-5.51119
-5.51392
-5.51548
-5.5156
-5.51413
-5.51269
-5.51084
-5.50863
-5.50629
-5.50491
-5.5025
-5.5011
-5.4995
-5.50032
-5.50281
-5.50852
-5.5159
-5.52593
-5.53741
-5.5484
-5.56038
-5.57029
-5.57744
-5.58193
-5.58154
-5.57763
-5.56995
-5.55843
-5.54288
-5.52551
-5.50652
-5.48811
-5.47166
-5.45836
-5.44824
-5.44038
-5.4348
-5.43153
-5.42839
-5.42552
-5.42296
-5.42088
-5.41805
-5.41444
-5.40879
-5.40412
-5.39985
-5.39726
-5.3962
-5.399
-5.40502
-5.41301
-5.42225
-5.43149
-5.43818
-5.44338
-5.44678
-5.44768
-5.44647
-5.445
-5.44311
-5.44077
-5.43941
-5.43981
-5.44126
-5.44435
-5.44589
-5.44518
-5.44352
-5.44038
-5.43874
-5.43933
-5.44316
-5.45209
-5.46469
-5.47926
-5.49565
-5.51052
-5.52325
-5.53193
-5.53673
-5.53474
-5.52804
-5.51832
-5.50795
-5.50094
-5.49824
-5.5013
-5.51143
-5.52323
-5.53657
-5.54918
-5.55917
-5.56653
-5.57222
-5.57831
-5.58304
-5.58625
-5.59102
-5.59492
-5.59961
-5.60319
-5.60228
-5.59919
-5.59214
-5.58151
-5.5681
-5.5527
-5.53476
-5.51669
-5.5
-5.48405
-5.47068
-5.46078
-5.45193
-5.44513
-5.44124
-5.44093
-5.44326
-5.44757
-5.45229
-5.45769
-5.46214
-5.46695
-5.47185
-5.47519
-5.48008
-5.48567
-5.49125
-5.49856
-5.50653
-5.51447
-5.52171
-5.52735
-5.53131
-5.53389
-5.53355
-5.53142
-5.52805
-5.52239
-5.51576
-5.50749
-5.49901
-5.48991
-5.48051
-5.46833
-5.45341
-5.43722
-5.41925
-5.40065
-5.38261
-5.36931
-5.35902
-5.3558
-5.35853
-5.36809
-5.38238
-5.40059
-5.42211
-5.44403
-5.46654
-5.48653
-5.50251
-5.51562
-5.5239
-5.52796
-5.52681
-5.52197
-5.51399
-5.50573
-5.49758
-5.48927
-5.48394
-5.47715
-5.47115
-5.46348
-5.4555
-5.4455
-5.43435
-5.42403
-5.41552
-5.4068
-5.39972
-5.39456
-5.39047
-5.38789
-5.38775
-5.39115
-5.3974
-5.40727
-5.41803
-5.43197
-5.44673
-5.4599
-5.47182
-5.4816
-5.49003
-5.49834
-5.50631
-5.51486
-5.52425
-5.53396
-5.54444
-5.55465
-5.56629
-5.57601
-5.58547
-5.59192
-5.5966
-5.59746
-5.59652
-5.5942
-5.59101
-5.58624
-5.58062
-5.57616
-5.57134
-5.56739
-5.56494
-5.5622
-5.55866
-5.5546
-5.54926
-5.54229
-5.53247
-5.52245
-5.51224
-5.50156
-5.4917
-5.48317
-5.47669
-5.47095
-5.46553
-5.46087
-5.45796
-5.45478
-5.45155
-5.44972
-5.44791
-5.4484
-5.44907
-5.45159
-5.45607
-5.46151
-5.46814
-5.4752
-5.48173
-5.48568
-5.48654
-5.48556
-5.48092
-5.47423
-5.46689
-5.45955
-5.45253
-5.44708
-5.44429
-5.44313
-5.44476
-5.44708
-5.45093
-5.45437
-5.45906
-5.4627
-5.46453
-5.46509
-5.46497
-5.46623
-5.46733
-5.46963
-5.47334
-5.47762
-5.48275
-5.48592
-5.48798
-5.48852
-5.48762
-5.48568
-5.48395
-5.48427
-5.48644
-5.49003
-5.49536
-5.49978
-5.50352
-5.50546
-5.50545
-5.50243
-5.49609
-5.48853
-5.47982
-5.47155
-5.46449
-5.45911
-5.45553
-5.45353
-5.45233
-5.45137
-5.45116
-5.45347
-5.45534
-5.45713
-5.4588
-5.45913
-5.45779
-5.45557
-5.45232
-5.44778
-5.44276
-5.43619
-5.42927
-5.42342
-5.41858
-5.41502
-5.41265
-5.41201
-5.41343
-5.41761
-5.42346
-5.43167
-5.44168
-5.45239
-5.46422
-5.47633
-5.48823
-5.49891
-5.50804
