-4.52852
-4.5281
-4.52888
-4.52937
-4.52958
-4.52892
-4.52907
-4.52836
-4.5289
-4.52932
-4.52884
-4.52868
-4.5279
-4.52815
-4.5279
-4.52775
-4.52801
-4.5276
-4.52655
-4.52547
-4.52436
-4.52476
-4.52545
-4.52509
-4.5246
-4.52459
-4.52493
-4.52547
-4.52484
-4.52455
-4.52444
-4.52481
-4.52504
-4.52514
-4.52479
-4.5258
-4.52606
-4.5262
-4.527
-4.52774
-4.52857
-4.52855
-4.52898
-4.52827
-4.528
-4.528
-4.5277
-4.52729
-4.52671
-4.52556
-4.52568
-4.52526
-4.5264
-4.52588
-4.52474
-4.52445
-4.52439
-4.52411
-4.52315
-4.52277
-4.52211
-4.52124
-4.52069
-4.52078
-4.52119
-4.52134
-4.52037
-4.52082
-4.5215
-4.52233
-4.52242
-4.52287
-4.52197
-4.52244
-4.52273
-4.52346
-4.52459
-4.52505
-4.52439
-4.52502
-4.52439
-4.52404
-4.52325
-4.52373
-4.524
-4.52378
-4.52444
-4.52354
-4.52358
-4.52451
-4.52505
-4.52514
-4.52508
-4.52486
-4.52482
-4.52454
-4.52301
-4.52285
-4.52153
-4.52118
-4.52199
-4.52123
-4.52196
-4.52282
-4.52318
-4.5232
-4.52404
-4.52493
-4.52537
-4.52502
-4.52553
-4.52536
-4.52542
-4.52601
-4.52608
-4.52531
-4.52537
-4.52506
-4.52499
-4.52485
-4.52376
-4.52385
-4.52365
-4.52229
-4.52242
-4.52243
-4.52249
-4.52348
-4.52411
-4.52428
-4.52451
-4.52479
-4.52513
-4.526
-4.52593
-4.52672
-4.52779
-4.52867
-4.52771
-4.52672
-4.52539
-4.5251
-4.52492
-4.52485
-4.5249
-4.52415
-4.5252
-4.52521
-4.52463
-4.5253
-4.52513
-4.52516
-4.52435
-4.5245
-4.52457
-4.52438
-4.52514
-4.52455
-4.52545
-4.52586
-4.52623
-4.52644
-4.52556
-4.52513
-4.52437
-4.52401
-4.52373
-4.52308
-4.52254
-4.52246
-4.52138
-4.52163
-4.52218
-4.52287
-4.52274
-4.5228
-4.52312
-4.5235
-4.52363
-4.5238
-4.52357
-4.52344
-4.52405
-4.52289
-4.52227
-4.52161
-4.52182
-4.52211
-4.52168
-4.52197
-4.52276
-4.52297
-4.52316
-4.52365
-4.52354
-4.52259
-4.52221
-4.52246
-4.52176
-4.52197
-4.52131
-4.52131
-4.52299
-4.52388
-4.52468
-4.52606
-4.52619
-4.52667
-4.52614
-4.52549
-4.52518
-4.526
-4.5257
-4.52461
-4.52442
-4.52484
-4.52437
-4.52455
-4.52463
-4.52431
-4.52432
-4.52389
-4.52374
-4.524
-4.52423
-4.52388
-4.52401
-4.52436
-4.524
-4.52366
-4.52361
-4.52397
-4.5238
-4.52384
-4.52336
-4.52267
-4.5215
-4.52108
-4.52083
-4.52077
-4.52182
-4.52203
-4.52216
-4.52236
-4.52262
-4.52203
-4.52149
-4.52159
-4.52109
-4.52152
-4.52163
-4.52232
-4.52222
-4.52344
-4.52293
-4.52371
-4.52381
-4.52214
-4.52204
-4.52094
-4.5219
-4.52152
-4.52078
-4.52034
-4.52008
-4.51969
-4.52002
-4.52083
-4.52146
-4.52259
-4.52301
-4.52363
-4.52403
-4.52336
-4.52332
-4.52318
-4.5234
-4.52365
-4.52299
-4.52364
-4.52317
-4.52334
-4.52372
-4.52388
-4.52252
-4.52319
-4.52322
-4.52338
-4.52378
-4.52482
-4.52507
-4.5251
-4.52401
-4.52485
-4.52495
-4.52541
-4.52515
-4.52444
-4.52352
-4.52362
-4.52326
-4.52371
-4.52397
-4.52462
-4.52574
-4.52486
-4.52512
-4.5247
-4.52513
-4.52491
-4.5251
-4.52423
-4.52352
-4.52331
-4.52362
-4.52357
-4.52388
-4.52302
-4.52334
-4.52358
-4.52279
-4.52203
-4.52252
-4.52176
-4.52132
-4.52201
-4.52219
-4.52127
-4.52227
-4.5232
-4.52404
-4.5249
-4.52471
-4.52448
-4.52331
-4.52299
-4.52292
-4.52295
-4.5237
-4.52429
-4.52414
-4.524
-4.52313
-4.52391
-4.52389
-4.52441
-4.52379
-4.52279
-4.5222
-4.5216
-4.52086
-4.52075
-4.52009
-4.51919
-4.51971
-4.51895
-4.5196
-4.51896
-4.51837
-4.51814
-4.51915
-4.51912
-4.51936
-4.52078
-4.52122
-4.52206
-4.52177
-4.52113
-4.52088
-4.52013
-4.51963
-4.51911
-4.51858
-4.5178
-4.518
-4.51771
-4.51844
-4.51927
-4.51968
-4.52021
-4.52156
-4.52115
-4.52155
-4.52203
-4.52262
-4.52228
-4.5227
-4.52267
-4.52208
-4.52245
-4.52136
-4.52258
-4.52274
-4.5235
-4.52333
-4.5233
-4.52315
-4.52289
-4.52239
-4.52179
-4.52197
-4.52274
-4.52287
-4.52252
-4.52217
-4.52231
-4.52251
-4.52219
-4.52239
-4.52261
-4.52293
-4.52375
-4.52397
-4.52434
-4.52395
-4.52359
-4.52314
-4.52324
-4.52271
-4.52161
-4.52028
-4.51981
-4.51961
-4.51968
-4.52031
-4.52074
-4.52064
-4.52059
-4.52069
-4.52106
-4.52031
-4.52098
-4.52022
-4.52047
-4.51904
-4.51911
-4.51905
-4.51946
-4.51961
-4.51966
-4.51964
-4.52017
-4.52033
-4.52005
-4.52153
-4.52079
-4.52111
-4.52069
-4.52018
-4.51979
-4.52017
-4.52051
-4.52096
-4.52046
-4.52086
-4.52128
-4.52273
-4.52328
-4.5226
-4.52203
-4.52196
-4.52104
-4.52152
-4.52118
-4.52132
-4.52278
-4.52291
-4.52288
-4.52284
-4.52233
-4.52261
-4.52357
-4.52346
-4.52293
-4.52234
-4.52231
-4.52256
-4.52232
-4.52293
-4.52299
-4.52323
-4.52391
-4.52384
-4.52405
-4.52439
-4.52438
-4.52415
-4.52324
-4.52317
-4.52287
-4.52375
-4.52297
-4.52251
-4.52179
-4.52246
-4.52303
-4.52336
-4.52329
-4.52314
-4.52365
-4.52361
-4.52403
-4.52442
-4.52505
-4.52499
-4.52543
-4.5258
-4.52595
-4.52455
-4.52496
-4.52433
-4.52479
-4.52424
-4.52446
-4.52515
-4.52444
-4.52415
-4.52456
-4.52478
-4.52408
-4.52338
-4.52243
-4.52217
-4.52186
-4.52231
-4.52323
-4.52445
-4.52502
-4.52558
-4.52571
-4.52641
-4.52632
-4.52684
-4.52637
-4.52585
-4.52409
-4.52305
-4.52304
-4.52241
-4.52285
-4.52289
-4.52305
-4.52326
-4.52322
-4.52428
-4.52495
-4.52475
-4.52495
-4.52416
-4.52427
-4.52445
-4.52462
-4.52362
-4.52436
-4.5246
-4.52433
-4.52385
-4.52388
-4.52486
-4.52659
-4.52753
-4.5274
-4.5271
-4.5268
-4.52651
-4.52591
-4.52544
-4.5258
-4.52638
-4.52732
-4.52696
-4.52743
-4.52742
-4.52739
-4.52782
-4.52736
-4.52739
-4.52669
-4.52633
-4.52572
-4.52474
-4.524
-4.52368
-4.52375
-4.5242
-4.52496
-4.52602
-4.5266
-4.52683
-4.52641
-4.52575
-4.52696
-4.52657
-4.52627
-4.52565
-4.52503
-4.52505
-4.52512
-4.5257
-4.52542
-4.52561
-4.52582
-4.52528
-4.52547
-4.52626
-4.52641
-4.52624
-4.52708
-4.52685
-4.52539
-4.52498
-4.52488
-4.52509
-4.52533
-4.52591
-4.52577
-4.52536
-4.52559
-4.52615
-4.52598
-4.52569
-4.52605
-4.52555
-4.52597
-4.52563
-4.52583
-4.52607
-4.52632
-4.52583
-4.52569
-4.52533
-4.5251
-4.52551
-4.52477
-4.52414
-4.52364
-4.52356
-4.52373
-4.52489
-4.52517
-4.52633
-4.52711
-4.52687
-4.52653
-4.5264
-4.52517
-4.52544
-4.52469
-4.52476
-4.52489
-4.52508
-4.52561
-4.52478
-4.52513
-4.52467
-4.52383
-4.52338
-4.52287
-4.52312
-4.52263
-4.52341
-4.52383
-4.52389
-4.52447
-4.52465
-4.52454
-4.52476
-4.52562
-4.52532
-4.52643
-4.52709
-4.52712
-4.52767
-4.52795
-4.52825
-4.52785
-4.52798
-4.52822
-4.52858
-4.52819
-4.52915
-4.52876
-4.52899
-4.52865
-4.52848
-4.52819
-4.52793
-4.52859
-4.52867
-4.52787
-4.5283
-4.5277
-4.5285
-4.52861
-4.52877
-4.52865
-4.52804
-4.5278
-4.52731
-4.52738
-4.5279
-4.52817
-4.52806
-4.52877
-4.52844
-4.52765
-4.52837
-4.52762
-4.52769
-4.52735
-4.52669
-4.52685
-4.5276
-4.52787
-4.52708
-4.52698
-4.52721
-4.52759
-4.52755
-4.52814
-4.52777
-4.52828
-4.52795
-4.52812
-4.52804
-4.52776
-4.5267
-4.52595
-4.52581
-4.52538
-4.52524
-4.52449
-4.52434
-4.52464
-4.52436
-4.52441
-4.52406
-4.5242
-4.52469
-4.52508
-4.52524
-4.52592
-4.52694
-4.52662
-4.52716
-4.52642
-4.52619
-4.52649
-4.52525
-4.52539
-4.52649
-4.52708
-4.52731
-4.52788
-4.52812
-4.52829
-4.52882
-4.52912
-4.52826
-4.52808
-4.52828
-4.5281
-4.52788
-4.52705
-4.52684
-4.52683
-4.52585
-4.5253
-4.52532
-4.52457
-4.52484
-4.52459
-4.52422
-4.52382
-4.52395
-4.52534
-4.52526
-4.52558
-4.52494
-4.52504
-4.52468
-4.52507
-4.52484
-4.52536
-4.52559
-4.52596
-4.5259
-4.52451
-4.52376
-4.52378
-4.52407
-4.52309
-4.52218
-4.52059
-4.52064
-4.52088
-4.51983
-4.52069
-4.52044
-4.52087
-4.52028
-4.52078
-4.52067
-4.52099
-4.52084
-4.52066
-4.52059
-4.52125
-4.52143
-4.5216
-4.5219
-4.52206
-4.52251
-4.52143
-4.52168
-4.52205
-4.52192
-4.52145
-4.52113
-4.5211
-4.52094
-4.52127
-4.52134
-4.52146
-4.52163
-4.52213
-4.52205
-4.52273
-4.52236
-4.52215
-4.52273
-4.52412
-4.5248
-4.52508
-4.5255
-4.52619
-4.5262
-4.5255
-4.5253
-4.52607
-4.52602
-4.52623
-4.52566
-4.52617
-4.5258
-4.52551
-4.52563
-4.52527
-4.52519
-4.52564
-4.52654
-4.52601
-4.5264
-4.52693
-4.5273
-4.52558
-4.52498
-4.52388
-4.52337
-4.52262
-4.522
-4.52219
-4.52186
-4.5224
-4.52281
-4.52329
-4.52372
-4.52448
-4.52437
-4.52489
-4.52578
-4.52584
-4.52628
-4.52604
-4.52452
-4.52414
-4.52522
-4.52598
-4.52601
-4.52547
-4.52575
-4.52566
-4.52625
-4.5266
-4.52607
-4.52613
-4.52541
-4.52466
-4.5254
-4.52556
-4.52545
-4.52539
-4.5258
-4.52637
-4.52631
-4.52652
-4.52671
-4.52718
-4.52764
-4.52735
-4.52719
-4.52672
-4.52608
-4.52556
-4.52488
-4.52569
-4.52531
-4.52523
-4.52549
-4.52562
-4.52622
-4.52622
-4.52593
-4.527
-4.5273
-4.52792
-4.52748
-4.52658
-4.52613
-4.52492
-4.52478
-4.52391
-4.52353
-4.52367
-4.5234
-4.52298
-4.52297
-4.52425
-4.52379
-4.52296
-4.52375
-4.52287
-4.52351
-4.52237
-4.52233
-4.52142
-4.52174
-4.52309
-4.52211
-4.52331
-4.52307
-4.52339
-4.52237
-4.52201
-4.52148
-4.52215
-4.52206
-4.52281
-4.52343
-4.52295
-4.52313
-4.52384
-4.52387
-4.52387
-4.5249
-4.52532
-4.52545
-4.52543
-4.52571
-4.52598
-4.52608
-4.52554
-4.52602
-4.52705
-4.52759
-4.52692
-4.52673
-4.52601
-4.5269
-4.527
-4.52721
-4.52784
-4.52809
-4.52808
-4.52895
-4.52823
-4.5289
-4.52866
-4.5289
-4.52781
-4.52771
-4.52652
-4.52532
-4.52581
-4.52485
-4.52576
-4.52655
-4.52629
-4.52601
-4.5254
-4.52569
-4.52555
-4.5246
-4.52482
-4.52441
-4.52534
-4.52576
-4.52561
-4.52637
-4.5271
-4.52642
-4.52704
-4.5261
-4.5255
-4.52671
-4.5265
-4.52547
-4.52503
-4.52497
-4.52324
-4.52203
-4.5223
-4.52301
-4.52295
-4.52272
-4.52232
-4.52232
-4.52225
-4.52268
-4.52313
-4.52358
-4.52372
-4.52325
-4.52382
-4.52331
-4.52335
-4.52347
-4.52335
-4.52387
-4.52398
-4.52386
-4.52384
-4.52277
-4.52251
-4.52158
-4.52225
-4.52176
-4.52203
-4.52243
-4.52239
-4.52177
-4.52151
-4.52134
-4.52231
-4.52214
-4.52263
-4.52204
-4.52216
-4.52279
-4.52349
-4.52366
-4.52469
-4.52448
-4.52412
-4.5236
-4.52307
-4.5222
-4.52203
-4.52195
-4.52169
-4.52128
-4.52048
-4.51992
-4.52025
-4.52055
-4.52034
-4.52018
-4.52107
-4.52253
-4.5224
-4.52308
-4.52304
-4.52412
-4.52466
-4.52455
-4.52427
-4.52341
-4.52292
-4.5228
-4.52279
-4.52317
-4.52456
-4.52495
-4.52553
-4.52597
-4.52576
-4.5264
-4.52651
-4.52702
-4.52732
-4.52712
-4.5278
-4.52738
-4.52678
-4.52602
-4.52559
-4.52551
-4.52628
-4.52786
-4.52841
-4.52788
-4.52837
-4.52817
-4.52744
-4.52695
-4.5258
-4.52676
-4.52653
-4.52648
-4.52727
-4.5271
-4.52688
-4.52692
-4.52689
-4.52766
-4.52676
-4.52809
-4.52919
-4.52927
-4.52896
-4.52796
-4.52753
-4.52711
-4.52779
-4.52747
-4.52778
-4.52735
-4.52781
-4.52746
-4.52783
-4.52771
-4.52862
-4.52788
-4.52808
-4.52774
-4.52763
-4.52668
-4.52759
-4.52805
-4.52727
-4.52658
-4.52584
-4.5252
-4.52483
-4.52534
-4.5246
-4.5252
-4.52532
-4.52528
-4.52421
-4.5241
-4.52375
-4.52364
-4.52436
-4.52437
-4.52468
-4.52542
-4.52564
-4.52535
-4.52547
-4.52587
-4.5255
-4.52411
-4.52518
-4.52495
-4.52523
-4.52538
-4.52595
-4.52599
-4.52625
-4.52703
-4.52682
-4.52703
-4.52601
-4.52427
-4.52444
-4.52445
-4.52431
-4.52384
-4.52354
-4.5235
-4.52386
-4.52316
-4.52322
-4.5236
-4.52381
-4.52337
-4.52347
-4.52336
-4.52439
-4.52433
-4.52423
-4.52366
-4.52368
-4.52354
-4.52262
-4.52274
-4.52284
-4.52278
-4.52242
-4.52299
-4.52326
-4.52309
-4.52262
-4.52338
-4.52375
-4.52391
-4.52464
-4.52412
-4.5237
-4.52453
-4.52521
-4.5257
-4.52596
-4.52598
-4.525
-4.525
-4.52343
-4.52316
-4.52332
-4.5227
-4.52283
-4.52222
-4.52314
-4.52272
-4.52323
-4.52283
-4.5226
-4.52266
-4.52228
-4.52235
-4.52197
-4.52161
-4.52172
-4.52113
-4.5212
-4.52194
-4.52215
-4.52285
-4.52325
-4.52361
-4.52297
-4.52282
-4.52271
-4.52222
-4.52215
-4.5227
-4.52286
-4.52205
-4.52239
-4.52293
-4.52271
-4.52318
-4.52281
-4.52176
-4.5222
-4.52236
-4.52229
-4.52294
-4.52326
-4.52488
-4.52549
-4.52593
-4.52808
-4.52889
-4.52924
-4.52918
-4.5285
-4.52821
-4.52644
-4.52545
-4.52588
-4.52547
-4.52502
-4.52589
-4.52512
-4.52477
-4.52457
-4.52383
-4.5241
-4.52329
-4.52326
-4.52461
-4.52488
-4.52582
-4.52659
-4.52652
-4.52706
-4.52669
-4.52691
-4.52592
-4.52542
-4.525
-4.52458
-4.52389
-4.52389
-4.52265
-4.52229
-4.52296
-4.52342
-4.52457
-4.52562
-4.52562
-4.5253
-4.52509
-4.52495
-4.5255
-4.52536
-4.52544
-4.52516
-4.52558
-4.52597
-4.52605
-4.52555
-4.5242
-4.5249
-4.5251
-4.52604
-4.52618
-4.52727
-4.52783
-4.52837
-4.52871
-4.52872
-4.52832
-4.52863
-4.52774
-4.52782
-4.5277
-4.52681
-4.52684
-4.52671
-4.52715
-4.52763
-4.52794
-4.52816
-4.52798
-4.52861
-4.52903
-4.52895
-4.5284
-4.52771
-4.52734
-4.52701
-4.52734
-4.52681
-4.52602
-4.52661
-4.52691
-4.52737
-4.52784
-4.52785
-4.52878
-4.52912
-4.53037
-4.53115
-4.53205
-4.53274
-4.53247
-4.53121
-4.53109
-4.53031
-4.53054
-4.53029
-4.52974
-4.53026
-4.5296
-4.52987
-4.52912
-4.52914
-4.52948
-4.52923
-4.5296
-4.52968
-4.52919
-4.52981
-4.52899
-4.52886
-4.52971
-4.53078
-4.53051
-4.53081
-4.53118
-4.53081
-4.53014
-4.53067
-4.53014
-4.52877
-4.52753
-4.52604
-4.52543
-4.52472
-4.52498
-4.52528
-4.52633
-4.52622
-4.52652
-4.52639
-4.52653
-4.52663
-4.52614
-4.52527
-4.52532
-4.52498
-4.52533
-4.525
-4.52531
-4.5258
-4.52556
-4.52684
-4.52784
-4.52856
-4.52857
-4.52859
-4.52906
-4.5298
-4.53018
-4.53048
-4.53116
-4.53133
-4.5307
-4.53006
-4.53017
-4.53014
-4.53057
-4.53026
-4.5294
-4.52908
-4.52948
-4.52999
-4.53027
-4.5307
-4.53137
-4.53206
-4.53187
-4.53101
-4.53027
-4.5309
-4.53078
-4.53095
-4.53096
-4.53005
-4.52961
-4.52954
-4.52945
-4.53
-4.52955
-4.5303
-4.53063
-4.53129
-4.53156
-4.53156
-4.53163
-4.532
-4.53125
-4.5305
-4.52964
-4.52851
-4.52757
-4.52697
-4.52593
-4.52688
-4.52634
-4.5263
-4.52692
-4.52759
-4.52699
-4.52721
-4.52736
-4.52701
-4.52628
-4.52668
-4.52741
-4.5272
-4.5269
-4.52737
-4.52619
-4.52609
-4.52592
-4.52501
-4.52542
-4.52524
-4.52491
-4.52553
-4.52489
-4.52441
-4.52486
-4.52474
-4.52442
-4.52421
-4.5237
-4.5238
-4.52363
-4.5232
-4.52295
-4.52244
-4.52272
-4.52226
-4.52274
-4.52277
-4.52251
-4.52256
-4.52276
-4.52265
-4.52405
-4.52302
-4.52411
-4.52415
-4.52404
-4.52455
-4.52387
-4.52423
-4.52381
-4.52364
-4.52339
-4.52335
-4.52308
-4.52231
-4.5223
-4.52157
-4.52094
-4.52057
-4.51985
-4.51967
-4.52031
-4.52056
-4.52084
-4.52114
-4.52189
-4.52183
-4.52215
-4.52176
-4.52247
-4.52264
-4.52246
-4.52198
-4.52172
-4.52172
-4.52227
-4.52229
-4.52231
-4.52151
-4.5221
-4.52198
-4.52134
-4.52082
-4.52092
-4.52077
-4.52083
-4.5208
-4.52113
-4.52109
-4.52203
-4.52152
-4.5219
-4.52265
-4.52178
-4.52266
-4.52234
-4.52311
-4.52331
-4.52383
-4.52461
-4.52579
-4.52555
-4.52509
-4.52445
-4.52469
-4.5242
-4.52313
-4.52269
-4.52199
-4.52147
-4.52051
-4.52049
-4.52094
-4.5205
-4.52129
-4.52225
-4.52233
-4.52304
-4.52333
-4.5235
-4.52369
-4.52436
-4.52412
-4.52357
-4.52373
-4.52549
-4.52657
-4.52699
-4.52721
-4.5274
-4.52712
-4.52744
-4.52732
-4.52692
-4.52729
-4.52693
-4.52717
-4.52649
-4.52576
-4.52514
-4.52477
-4.525
-4.52362
-4.52206
-4.5231
-4.52296
-4.52279
-4.52308
-4.52359
-4.52457
-4.52405
-4.52341
-4.52326
-4.52303
-4.5238
-4.5238
-4.52353
-4.52348
-4.52365
-4.5227
-4.52257
-4.52188
-4.52183
-4.52151
-4.52215
-4.52252
-4.52322
-4.52481
-4.52499
-4.52584
-4.52554
-4.52514
-4.5244
-4.52408
-4.52421
-4.52402
-4.52368
-4.52443
-4.5248
-4.52574
-4.52589
-4.52641
-4.52785
-4.52743
-4.52814
-4.52832
-4.52872
-4.5289
-4.52827
-4.52791
-4.52709
-4.5267
-4.52679
-4.52584
-4.52569
-4.52589
-4.5272
-4.52662
-4.52718
-4.52797
-4.5272
-4.52802
-4.52858
-4.52867
-4.52835
-4.52865
-4.52817
-4.52799
-4.52771
-4.52828
-4.52793
-4.52658
-4.52682
-4.52626
-4.52734
-4.52672
-4.52725
-4.52724
-4.52679
-4.52768
-4.52654
-4.52729
-4.52674
-4.52657
-4.52619
-4.52624
-4.52672
-4.52691
-4.52694
-4.52754
-4.52763
-4.52662
-4.52531
-4.52495
-4.525
-4.52596
-4.5254
-4.52554
-4.52483
-4.52575
-4.52645
-4.52674
-4.52616
-4.52605
-4.52615
-4.52603
-4.52558
-4.52515
-4.5257
-4.52496
-4.52432
-4.52362
-4.5245
-4.5239
-4.52376
-4.52344
-4.52352
-4.52414
-4.52427
-4.52438
-4.52511
-4.52542
-4.52564
-4.52604
-4.52722
-4.52689
-4.5264
-4.52649
-4.52716
-4.52796
-4.52737
-4.52722
-4.52706
-4.5275
-4.52811
-4.52798
-4.52818
-4.52839
-4.5289
-4.52954
-4.52997
-4.53035
-4.53053
-4.53083
-4.53097
-4.53035
-4.52975
-4.52899
-4.52854
-4.52806
-4.52834
-4.52877
-4.52817
-4.52853
-4.52776
-4.52783
-4.52723
-4.5276
-4.52787
-4.52876
-4.52886
-4.53042
-4.5298
-4.52909
-4.52981
-4.52988
-4.52975
-4.52963
-4.52892
-4.52903
-4.52936
-4.5287
-4.52974
-4.52864
-4.52838
-4.52802
-4.52697
-4.52708
-4.52719
-4.52767
-4.52735
-4.52683
-4.52681
-4.52674
-4.52685
-4.52619
-4.52631
-4.52625
-4.52675
-4.52684
-4.52677
-4.52587
-4.5266
-4.52789
-4.52844
-4.52944
-4.53047
-4.53037
-4.53068
-4.5308
-4.53055
-4.53069
-4.53029
-4.52877
-4.52842
-4.52789
-4.52813
-4.52749
-4.52645
-4.52624
-4.52583
-4.52568
-4.52682
-4.52697
-4.52718
-4.52654
-4.52682
-4.52769
-4.52833
-4.52855
-4.52832
-4.52795
-4.52793
-4.52831
-4.5278
-4.52768
-4.52756
-4.52717
-4.52653
-4.52684
-4.52788
-4.52851
-4.5288
-4.52955
-4.53059
-4.53006
-4.52982
-4.52886
-4.52815
-4.52774
-4.52674
-4.52576
-4.52693
-4.52632
-4.5262
-4.52614
-4.52658
-4.52694
-4.52795
-4.52824
-4.52748
-4.52703
-4.52686
-4.52695
-4.52655
-4.52608
-4.52585
-4.526
-4.5252
-4.52527
-4.52474
-4.52513
-4.52525
-4.52481
-4.52352
-4.52301
-4.52297
-4.52204
-4.52204
-4.52236
-4.5218
-4.52231
-4.52269
-4.5222
-4.52238
-4.52263
-4.52282
-4.52367
-4.52392
-4.52471
-4.52465
-4.52493
-4.52495
-4.52549
-4.5258
-4.52604
-4.5253
-4.52557
-4.52519
-4.52496
-4.52417
-4.52328
-4.52339
-4.52402
-4.52442
-4.52546
-4.52502
-4.52539
-4.52583
-4.52576
-4.52621
-4.52625
-4.5266
-4.52704
-4.5268
-4.52587
-4.52653
-4.52592
-4.52574
-4.52463
-4.52442
-4.52497
-4.52492
-4.52488
-4.52514
-4.52402
-4.52318
-4.52321
-4.52306
-4.52363
-4.52357
-4.52278
-4.52321
-4.52293
-4.52436
-4.52492
-4.52565
-4.52608
-4.52621
-4.52692
-4.52673
-4.52622
-4.52615
-4.52546
-4.52582
-4.52649
-4.52704
-4.52616
-4.52629
-4.52625
-4.52632
-4.52658
-4.52619
-4.52659
-4.52566
-4.52598
-4.52701
-4.52727
-4.52782
-4.52777
-4.52694
-4.52624
-4.52645
-4.52505
-4.52461
-4.52517
-4.52503
-4.52609
-4.52618
-4.52538
-4.52537
-4.52483
-4.52549
-4.52577
-4.52477
-4.52387
-4.52426
-4.52456
-4.52414
-4.52451
-4.52489
-4.52572
-4.52514
-4.5254
-4.52616
-4.52636
-4.52571
-4.52527
-4.52536
-4.52407
-4.52401
-4.52388
-4.52492
-4.52489
-4.52468
-4.52456
-4.52403
-4.52487
-4.52421
-4.52506
-4.52501
-4.52558
-4.52507
-4.52512
-4.52582
-4.52565
-4.52503
-4.52522
-4.52519
-4.52424
-4.52453
-4.52428
-4.52413
-4.52425
-4.52463
-4.52596
-4.52743
-4.5273
-4.52736
-4.52796
-4.52737
-4.52799
-4.52884
-4.52852
-4.52945
-4.52978
-4.52987
-4.52956
-4.52924
-4.52842
-4.52729
-4.5271
-4.52667
-4.52574
-4.52587
-4.52464
-4.52385
-4.52446
-4.52399
-4.52359
-4.52312
-4.52305
-4.5219
-4.52152
-4.52206
-4.52143
-4.52112
-4.52234
-4.52325
-4.52353
-4.52333
-4.52278
-4.52248
-4.52288
-4.52261
-4.52181
-4.52215
-4.52122
-4.52087
-4.52097
-4.52034
-4.51977
-4.52076
-4.52043
-4.52209
-4.52257
-4.52188
-4.52321
-4.52369
-4.52393
-4.52454
-4.52521
-4.52471
-4.52636
-4.52725
-4.52778
-4.52778
-4.52723
-4.52797
-4.5279
-4.52812
-4.52912
-4.5291
-4.52912
-4.52949
-4.52854
-4.52821
-4.52818
-4.52738
-4.52745
-4.52716
-4.52711
-4.5264
-4.52642
-4.526
-4.52591
-4.52555
-4.52538
-4.52522
-4.52552
-4.52461
-4.52554
-4.5256
-4.52525
-4.52662
-4.52739
-4.52751
-4.5265
-4.52615
-4.52601
-4.52568
-4.52444
-4.52491
-4.52513
-4.52467
-4.52529
-4.52486
-4.52621
-4.52693
-4.52689
-4.52717
-4.52688
-4.52621
-4.52696
-4.52762
-4.52724
-4.52714
-4.52728
-4.52823
-4.52754
-4.52749
-4.5278
-4.52564
-4.52453
-4.52483
-4.5249
-4.52447
-4.5243
-4.52529
-4.52532
-4.52573
-4.52709
-4.52709
-4.52736
-4.52725
-4.52828
-4.52851
-4.52781
-4.52832
-4.52839
-4.52904
-4.52902
-4.52829
-4.52775
-4.52802
-4.52717
-4.52616
-4.52522
-4.52516
-4.52424
-4.52486
-4.52474
-4.52498
-4.52533
-4.52481
-4.52506
-4.5249
-4.52425
-4.52406
-4.52469
-4.52476
-4.52441
-4.5248
-4.52438
-4.52377
-4.5251
-4.52449
-4.52454
-4.52528
-4.52578
-4.52505
-4.52605
-4.52616
-4.52509
-4.52396
-4.52358
-4.52326
-4.52361
-4.52337
-4.52311
-4.52359
-4.52347
-4.52414
-4.52455
-4.52427
-4.52376
-4.52329
-4.52342
-4.52396
-4.52398
-4.52379
-4.52388
-4.52395
-4.52343
-4.5237
-4.52369
-4.52385
-4.52341
-4.52369
-4.52409
-4.52277
-4.52155
-4.5206
-4.52086
-4.52068
-4.52057
-4.52054
-4.5206
-4.52104
-4.52018
-4.52056
-4.52036
-4.52074
-4.52035
-4.52007
-4.52081
-4.52013
-4.52032
-4.52033
-4.52065
-4.521
-4.52151
-4.52157
-4.52099
-4.52123
-4.52092
-4.52142
-4.52094
-4.52119
-4.52117
-4.52051
-4.5209
-4.52025
-4.52006
-4.5207
-4.52165
-4.52195
-4.52231
-4.52272
-4.52243
-4.52165
-4.52129
-4.52213
-4.52148
-4.52191
-4.52236
-4.5233
-4.52396
-4.5237
-4.52493
-4.52473
-4.52449
-4.52358
-4.52311
-4.52384
-4.52413
-4.52414
-4.52359
-4.52308
-4.52353
-4.52373
-4.52441
-4.52391
-4.52385
-4.52361
-4.52302
-4.52253
-4.52244
-4.52294
-4.52313
-4.52425
-4.5242
-4.52391
-4.52399
-4.52352
-4.52431
-4.5248
-4.52513
-4.52542
-4.52519
-4.52503
-4.5242
-4.52466
-4.52478
-4.52472
-4.52363
-4.52305
-4.52348
-4.52325
-4.52357
-4.5244
-4.52446
-4.52478
-4.52532
-4.52475
-4.5243
-4.52459
-4.5249
-4.52462
-4.52449
-4.52449
-4.52368
-4.52281
-4.52188
-4.52182
-4.52282
-4.52219
-4.52254
-4.52329
-4.524
-4.52421
-4.52541
-4.52637
-4.5266
-4.52618
-4.52733
-4.52624
-4.5259
-4.52525
-4.52521
-4.52415
-4.52241
-4.52232
-4.52182
-4.52065
-4.51962
-4.51921
-4.51955
-4.51998
-4.51999
-4.51968
-4.52147
-4.52067
-4.52079
-4.52108
-4.52189
-4.52276
-4.52341
-4.52304
-4.52374
-4.52455
-4.52376
-4.52346
-4.52322
-4.52351
-4.52315
-4.52384
-4.52423
-4.52356
-4.52289
-4.52326
-4.523
-4.5224
-4.52195
-4.52165
-4.52213
-4.52279
-4.52316
-4.524
-4.52346
-4.5235
-4.52351
-4.52362
-4.52309
-4.52301
-4.52261
-4.52285
-4.52404
-4.52381
-4.52445
-4.52571
-4.52517
-4.52522
-4.52577
-4.526
-4.52596
-4.52579
-4.52501
-4.52411
-4.52344
-4.5238
-4.52369
-4.52388
-4.52451
-4.52375
-4.52341
-4.52271
-4.52243
-4.52136
-4.52163
-4.5213
-4.52068
-4.52055
-4.52033
-4.5208
-4.52093
-4.52121
-4.52132
-4.52151
-4.52188
-4.52328
-4.52262
-4.52198
-4.52167
-4.52184
-4.52119
-4.52101
-4.5212
-4.52092
-4.52203
-4.52267
-4.52351
-4.52461
-4.52422
-4.524
-4.52399
-4.52318
-4.52265
-4.52273
-4.52325
-4.5239
-4.52437
-4.52347
-4.5232
-4.52356
-4.52367
-4.52397
-4.52355
-4.52419
-4.52391
-4.52406
-4.52387
-4.52473
-4.52496
-4.524
-4.52396
-4.5235
-4.52368
-4.5233
-4.5228
-4.52324
-4.52399
-4.52442
-4.52498
-4.52489
-4.52474
-4.52469
-4.52444
-4.52415
-4.52414
-4.52397
-4.52364
-4.52315
-4.52326
-4.52335
-4.52299
-4.52251
-4.52209
-4.52176
-4.52094
-4.52114
-4.52113
-4.52179
-4.52203
-4.52239
-4.52373
-4.52373
-4.52435
-4.52424
-4.52404
-4.52456
-4.52418
-4.52415
-4.52451
-4.5236
-4.52262
-4.52153
-4.52167
-4.52222
-4.52256
-4.52359
-4.52351
-4.52413
-4.52278
-4.52371
-4.52345
-4.52263
-4.52245
-4.52276
-4.52264
-4.52361
-4.52369
-4.52333
-4.52331
-4.52422
-4.52502
-4.52599
-4.52742
-4.52778
-4.52811
-4.52733
-4.52652
-4.52764
-4.52721
-4.52731
-4.52749
-4.5265
-4.52617
-4.52651
-4.52607
-4.52521
-4.52629
-4.52633
-4.52707
-4.52816
-4.52845
-4.52855
-4.52882
-4.52815
-4.52854
-4.52809
-4.52776
-4.52773
-4.52744
-4.52705
-4.52775
-4.52726
-4.52768
-4.52793
-4.52742
-4.52812
-4.52837
-4.52819
-4.5274
-4.52736
-4.52731
-4.52801
-4.52751
-4.52795
-4.52798
-4.52839
-4.5281
-4.52893
-4.52855
-4.52843
-4.5276
-4.52712
-4.52702
-4.52688
-4.52658
-4.52599
-4.52636
-4.52601
-4.52665
-4.52574
-4.52649
-4.52684
-4.52688
-4.52802
-4.52932
-4.52989
-4.52969
-4.52923
-4.52891
-4.52825
-4.52776
-4.52718
-4.52654
-4.52644
-4.52687
-4.52631
-4.52656
-4.52654
-4.52532
-4.5256
-4.52478
-4.52543
-4.52499
-4.52529
-4.52517
-4.52559
-4.52643
-4.52618
-4.52571
-4.52663
-4.52646
-4.52636
-4.52723
-4.52755
-4.52764
-4.5275
-4.52729
-4.52703
-4.52585
-4.52528
-4.5249
-4.52428
-4.52452
-4.52488
-4.52644
-4.52661
-4.5264
-4.52603
-4.52664
-4.52713
-4.52738
-4.52711
-4.52698
-4.5267
-4.5266
-4.52696
-4.52653
-4.52678
-4.52633
-4.5267
-4.52641
-4.52658
-4.52575
-4.52604
-4.52534
-4.52436
-4.52475
-4.52458
-4.52462
-4.52506
-4.52547
-4.52553
-4.52624
-4.52648
-4.52663
-4.52726
-4.52651
-4.52578
-4.52508
-4.52416
-4.52351
-4.52362
-4.52331
-4.52366
-4.52396
-4.52376
-4.52411
-4.52395
-4.52428
-4.52613
-4.52582
-4.52621
-4.52548
-4.52636
-4.52541
-4.52551
-4.52547
-4.52545
-4.52514
-4.52574
-4.52587
-4.52523
-4.52472
-4.52467
-4.52433
-4.52315
-4.5237
-4.52283
-4.52265
-4.52344
-4.52319
-4.5235
-4.52449
-4.52507
-4.52584
-4.5253
-4.52572
-4.52516
-4.52485
-4.52437
-4.52452
-4.52487
-4.52454
-4.52429
-4.52365
-4.52397
-4.52386
-4.52437
-4.52508
-4.52599
-4.5268
-4.52599
-4.52622
-4.52622
-4.52746
-4.52766
-4.5273
-4.52565
-4.52503
-4.52446
-4.52456
-4.52416
-4.52344
-4.52345
-4.52337
-4.52422
-4.52498
-4.52502
-4.52431
-4.5244
-4.52444
-4.5248
-4.52583
-4.52499
-4.52548
-4.52681
-4.5255
-4.52526
-4.52486
-4.52472
-4.52513
-4.52549
-4.52552
-4.52556
-4.52519
-4.52474
-4.52557
-4.52595
-4.52613
-4.52575
-4.52695
-4.52597
-4.52661
-4.52695
-4.52804
-4.52779
-4.52696
-4.526
-4.52596
-4.52576
-4.52642
-4.52642
-4.52576
-4.52565
-4.52463
-4.52455
-4.52516
-4.52499
-4.52436
-4.52581
-4.5255
-4.52606
-4.52669
-4.5269
-4.52703
-4.5274
-4.52759
-4.527
-4.52818
-4.52731
-4.52653
-4.52647
-4.52662
-4.52586
-4.5256
-4.52552
-4.52614
-4.52692
-4.52738
-4.52703
-4.52786
-4.52851
-4.52897
-4.52911
-4.52815
-4.52762
-4.52736
-4.52665
-4.52628
-4.52672
-4.52615
-4.52633
-4.52675
-4.52736
-4.52739
-4.52822
-4.52882
-4.52817
-4.52659
-4.52621
-4.52598
-4.52502
-4.52502
-4.52486
-4.52444
-4.52334
-4.52465
-4.52489
-4.52472
-4.5241
-4.52414
-4.52373
-4.52353
-4.52403
-4.52428
-4.52436
-4.52499
-4.52583
-4.52598
-4.52577
-4.52552
-4.52631
-4.52571
-4.5257
-4.5266
-4.52704
-4.5266
-4.52634
-4.52536
-4.52517
-4.52533
-4.52596
-4.52523
-4.52431
-4.52393
-4.5235
-4.5235
-4.52399
-4.52349
-4.52355
-4.52385
-4.52405
-4.5241
-4.52442
-4.52376
-4.52409
-4.52298
-4.52332
-4.52332
-4.52361
-4.52376
-4.52349
-4.52343
-4.5239
-4.52401
-4.52481
-4.52491
-4.52516
-4.5255
-4.52498
-4.52508
-4.52476
-4.52404
-4.52313
-4.52288
-4.52333
-4.52332
-4.52296
-4.52296
-4.5234
-4.52288
-4.52287
-4.52215
-4.52211
-4.52143
-4.5209
-4.52073
-4.52035
-4.52037
-4.52002
-4.52052
-4.52155
-4.52157
-4.5215
-4.52163
-4.52269
-4.52343
-4.52456
-4.5242
-4.52425
-4.52456
-4.52439
-4.52365
-4.52301
-4.52329
-4.52348
-4.52344
-4.52364
-4.52379
-4.52343
-4.52256
-4.52224
-4.52293
-4.5231
-4.52349
-4.52431
-4.52507
-4.52525
-4.52648
-4.52622
-4.5254
-4.52482
-4.52515
-4.52521
-4.52594
-4.52589
-4.52598
-4.52667
-4.52699
-4.5273
-4.52719
-4.52662
-4.52664
-4.52595
-4.5249
-4.52383
-4.52385
-4.52438
-4.52378
-4.52405
-4.52397
-4.52353
-4.52375
-4.5243
-4.52392
-4.52379
-4.5233
-4.52305
-4.5223
-4.52212
-4.52161
-4.52077
-4.521
-4.52108
-4.52105
-4.52091
-4.52204
-4.52186
-4.52307
-4.52276
-4.52285
-4.52301
-4.52274
-4.52267
-4.52252
-4.52145
-4.52162
-4.52203
-4.52241
-4.52244
-4.52329
-4.52325
-4.5235
-4.52325
-4.52253
-4.52241
-4.52248
-4.52214
-4.52245
-4.52218
-4.52128
-4.52169
-4.5228
-4.5225
-4.52369
-4.52365
-4.52375
-4.52369
-4.52422
-4.52488
-4.52401
-4.52389
-4.52442
-4.52485
-4.52507
-4.5258
-4.52582
-4.52568
-4.52519
-4.52461
-4.52456
-4.52399
-4.52366
-4.52331
-4.5237
-4.5241
-4.52438
-4.52472
-4.52454
-4.52504
-4.52531
-4.52472
-4.52535
-4.5258
-4.52664
-4.52588
-4.52596
-4.526
-4.52561
-4.52606
-4.52615
-4.52634
-4.52692
-4.52677
-4.5269
-4.5268
-4.52644
-4.52581
-4.52618
-4.52561
-4.52597
-4.52559
-4.5257
-4.52613
-4.52699
-4.52721
-4.5286
-4.52845
-4.52918
-4.52902
-4.52843
-4.52759
-4.52757
-4.52745
-4.52706
-4.5276
-4.52814
-4.52912
-4.52887
-4.52827
-4.52805
-4.52745
-4.52722
-4.52603
-4.52589
-4.52533
-4.52531
-4.52553
-4.52572
-4.52617
-4.52643
-4.5271
-4.5283
-4.52865
-4.5296
-4.52971
-4.53046
-4.52971
-4.53006
-4.53017
-4.52991
-4.52913
-4.5283
-4.52742
-4.52712
-4.52636
-4.52576
-4.52519
-4.52463
-4.52411
-4.52408
-4.52424
-4.52522
-4.5249
-4.52583
-4.5268
-4.52719
-4.52696
-4.52674
-4.52531
-4.52601
-4.52659
-4.52678
-4.52689
-4.52736
-4.52757
-4.52778
-4.52794
-4.52817
-4.5283
-4.52801
-4.52792
-4.5279
-4.52891
-4.52946
-4.53063
-4.53077
-4.53017
-4.53017
-4.52983
-4.52915
-4.52919
-4.52953
-4.52884
-4.52837
-4.52889
-4.52827
-4.52789
-4.52786
-4.528
-4.52815
-4.52857
-4.5279
-4.52825
-4.52829
-4.5282
-4.52803
-4.52782
-4.52965
-4.52952
-4.52962
-4.52988
-4.52969
-4.52956
-4.52952
-4.52887
-4.52853
-4.52758
-4.52724
-4.52659
-4.52641
-4.52596
-4.5254
-4.52597
-4.52556
-4.52492
-4.52524
-4.52511
-4.52556
-4.5258
-4.52674
-4.5261
-4.52572
-4.52549
-4.52604
-4.52634
-4.52623
-4.52663
-4.52722
-4.5274
-4.52684
-4.52599
-4.52512
-4.52511
-4.52533
-4.52527
-4.52524
-4.52511
-4.52478
-4.52387
-4.52333
-4.5232
-4.52302
-4.52245
-4.52236
-4.52152
-4.52085
-4.5217
-4.52258
-4.52334
-4.52381
-4.52411
-4.52465
-4.52556
-4.52611
-4.52557
-4.52502
-4.52495
-4.52491
-4.52474
-4.52428
-4.52427
-4.5244
-4.52435
-4.52487
-4.52384
-4.52473
-4.52515
-4.52509
-4.52491
-4.52415
-4.5248
-4.52505
-4.52475
-4.52495
-4.52568
-4.5259
-4.52546
-4.52587
-4.52644
-4.52665
-4.52733
-4.52648
-4.52563
-4.52526
-4.52466
-4.52481
-4.52457
-4.52443
-4.52366
-4.52348
-4.52384
-4.52453
-4.52549
-4.52534
-4.52513
-4.52444
-4.52494
-4.52408
-4.52315
-4.52409
-4.52428
-4.52375
-4.5233
-4.52271
-4.52298
-4.52268
-4.52294
-4.52407
-4.52461
-4.52471
-4.52466
-4.52574
-4.52587
-4.52617
-4.52599
-4.52598
-4.52635
-4.52647
-4.52601
-4.52705
-4.52742
-4.52757
-4.528
-4.52904
-4.52816
-4.52825
-4.52811
-4.52862
-4.52796
-4.52743
-4.52747
-4.5276
-4.52634
-4.5272
-4.52678
-4.52632
-4.52671
-4.52698
-4.52674
-4.52732
-4.5278
-4.52762
-4.52834
-4.52892
-4.52863
-4.52835
-4.52835
-4.52786
-4.5273
-4.52727
-4.52689
-4.52618
-4.52589
-4.5253
-4.52516
-4.52568
-4.52613
-4.52615
-4.52595
-4.52569
-4.5256
-4.52677
-4.52725
-4.52798
-4.52729
-4.5264
-4.52657
-4.52681
-4.5264
-4.52643
-4.52586
-4.52591
-4.52614
-4.52565
-4.52565
-4.52599
-4.52635
-4.52612
-4.52573
-4.52623
-4.5261
-4.52519
-4.52399
-4.52406
-4.52314
-4.52261
-4.52246
-4.52266
-4.52322
-4.52486
-4.52411
-4.52486
-4.52464
-4.52434
-4.52453
-4.52386
-4.52492
-4.52501
-4.52537
-4.52527
-4.52518
-4.52541
-4.52489
-4.52466
-4.5238
-4.52339
-4.52348
-4.52308
-4.52361
-4.5236
-4.52357
-4.52461
-4.52511
-4.52537
-4.52517
-4.52624
-4.52645
-4.52648
-4.52672
-4.52619
-4.52594
-4.52508
-4.52577
-4.52505
-4.52418
-4.52382
-4.52449
-4.52468
-4.52488
-4.52474
-4.52437
-4.52313
-4.52473
-4.52643
-4.52668
-4.52624
-4.52571
-4.52598
-4.52524
-4.52545
-4.52438
-4.52477
-4.5246
-4.52326
-4.52394
-4.52403
-4.52475
-4.52513
-4.52505
-4.52522
-4.52461
-4.52471
-4.52484
-4.52484
-4.52467
-4.52565
-4.52565
-4.52572
-4.52619
-4.52527
-4.52542
-4.52499
-4.52507
-4.52522
-4.52485
-4.52532
-4.52635
-4.52644
-4.52769
-4.52931
-4.53034
-4.53087
-4.53159
-4.53219
-4.53131
-4.5314
-4.53068
-4.52994
-4.52995
-4.53011
-4.52952
-4.53011
-4.53021
-4.52953
-4.53002
-4.52945
-4.52861
-4.52813
-4.52803
-4.52817
-4.52807
-4.52849
-4.52775
-4.52827
-4.52913
-4.52971
-4.52999
-4.5307
-4.52984
-4.52996
-4.52953
-4.52885
-4.52835
-4.5279
-4.52815
-4.52793
-4.527
-4.52694
-4.5269
-4.52733
-4.52774
-4.52792
-4.52872
-4.52903
-4.5285
-4.52818
-4.52882
-4.52863
-4.52868
-4.52869
-4.52928
-4.52877
-4.52883
-4.52961
-4.52932
-4.52892
-4.52788
-4.52761
-4.52769
-4.52779
-4.52844
-4.52865
-4.52938
-4.52969
-4.53063
-4.52992
-4.53013
-4.52946
-4.52916
-4.52897
-4.52864
-4.52879
-4.52673
-4.52609
-4.52581
-4.52617
-4.52534
-4.52466
-4.52413
-4.52512
-4.52373
-4.52479
-4.52576
-4.52572
-4.52587
-4.52435
-4.52462
-4.52429
-4.52457
-4.52475
-4.52434
-4.52377
-4.52451
-4.52469
-4.52443
-4.52435
-4.52415
-4.52402
-4.524
-4.52401
-4.52397
-4.52393
-4.52425
-4.52415
-4.5239
-4.52478
-4.52565
-4.52481
-4.52557
-4.52583
-4.52637
-4.52626
-4.52658
-4.52655
-4.52649
-4.5267
-4.52703
-4.52658
-4.52668
-4.526
-4.52633
-4.52649
-4.52546
-4.5255
-4.5259
-4.52556
-4.52537
-4.52514
-4.52529
-4.52476
-4.52415
-4.52352
-4.52292
-4.52301
-4.52309
-4.52347
-4.52429
-4.5246
-4.52599
-4.52663
-4.52662
-4.52717
-4.52676
-4.52735
-4.52727
-4.52697
-4.52705
-4.52675
-4.52641
-4.52591
-4.52438
-4.52414
-4.52384
-4.52455
-4.52532
-4.52553
-4.52514
-4.52484
-4.52478
-4.52403
-4.52485
-4.52469
-4.52449
-4.52336
-4.52331
-4.52283
-4.52342
-4.52267
-4.52208
-4.52177
-4.52175
-4.52232
-4.52211
-4.52297
-4.5234
-4.52234
-4.52178
-4.5228
-4.52272
-4.52322
-4.52358
-4.52376
-4.52445
-4.52463
-4.52471
-4.52586
-4.52585
-4.52666
-4.52697
-4.52726
-4.52783
-4.52809
-4.52772
-4.52777
-4.52764
-4.52761
-4.52815
-4.52762
-4.52753
-4.52821
-4.5277
-4.52799
-4.52831
-4.52836
-4.52922
-4.52876
-4.52804
-4.52811
-4.52884
-4.52914
-4.53039
-4.53016
-4.52994
-4.53078
-4.53084
-4.53101
-4.53021
-4.52979
-4.529
-4.5292
-4.52904
-4.52884
-4.52801
-4.52733
-4.52759
-4.52745
-4.52786
-4.52805
-4.52908
-4.52911
-4.52992
-4.52966
-4.53056
-4.53003
-4.53078
-4.53039
-4.53083
-4.53018
-4.52966
-4.53006
-4.52959
-4.52826
-4.52821
-4.52881
-4.52929
-4.52934
-4.52878
-4.5282
-4.52791
-4.52715
-4.5273
-4.52657
-4.52664
-4.52753
-4.52641
-4.52701
-4.52718
-4.52744
-4.52697
-4.52789
-4.52809
-4.52796
-4.52814
-4.52868
-4.52884
-4.5292
-4.52929
-4.52892
-4.52883
-4.5284
-4.52821
-4.52934
-4.5286
-4.52797
-4.52837
-4.52755
-4.52716
-4.52587
-4.52577
-4.52659
-4.52637
-4.52603
-4.52558
-4.52476
-4.52476
-4.52454
-4.5241
-4.52448
-4.52509
-4.52577
-4.52757
-4.5279
-4.5284
-4.52917
-4.52958
-4.52942
-4.53003
-4.53004
-4.52975
-4.52996
-4.52859
-4.52841
-4.52779
-4.5275
-4.52723
-4.52744
-4.52677
-4.52703
-4.52642
-4.52539
-4.52394
-4.52435
-4.52358
-4.52373
-4.52282
-4.52401
-4.52427
-4.52494
-4.52468
-4.52454
-4.52484
-4.52532
-4.52602
-4.52623
-4.52765
-4.52818
-4.52823
-4.52895
-4.53025
-4.53039
-4.53026
-4.52999
-4.52976
-4.53004
-4.52965
-4.52982
-4.52982
-4.53026
-4.53054
-4.52974
-4.52939
-4.52934
-4.53067
-4.52991
-4.53053
-4.5304
-4.53056
-4.53071
-4.53007
-4.52927
-4.52892
-4.52864
-4.52892
-4.52877
-4.52954
-4.52908
-4.5283
-4.52844
-4.52854
-4.52965
-4.52971
-4.52983
-4.52978
-4.52946
-4.52878
-4.52745
-4.52732
-4.52699
-4.52671
-4.52703
-4.52715
-4.52752
-4.52755
-4.52818
-4.52867
-4.52919
-4.52899
-4.52943
-4.53002
-4.53
-4.53011
-4.52852
-4.52843
-4.52953
-4.53003
-4.52991
-4.52886
-4.52945
-4.52982
-4.52936
-4.52808
-4.52751
-4.52707
-4.52729
-4.52762
-4.52719
-4.52765
-4.52803
-4.52749
-4.52795
-4.52805
-4.52693
-4.52748
-4.5273
-4.5271
-4.52778
-4.52793
-4.52804
-4.52811
-4.52771
-4.52641
-4.52708
-4.52609
-4.52584
-4.52529
-4.52474
-4.52495
-4.52506
-4.52645
-4.52673
-4.52695
-4.52753
-4.52795
-4.52845
-4.52793
-4.52758
-4.52741
-4.52685
-4.52713
-4.52739
-4.52692
-4.52607
-4.52684
-4.52682
-4.52735
-4.52779
-4.52825
-4.52811
-4.5284
-4.52898
-4.52877
-4.52852
-4.52945
-4.52809
-4.52793
-4.52809
-4.52858
-4.52895
-4.52937
-4.52937
-4.52908
-4.52925
-4.52955
-4.52904
-4.52906
-4.52932
-4.52893
-4.52882
-4.52978
-4.52865
-4.52907
-4.52889
-4.52896
-4.52789
-4.52761
-4.52679
-4.5267
-4.52638
-4.52724
-4.52752
-4.52768
-4.5283
-4.52828
-4.52875
-4.5295
-4.52909
-4.52883
-4.52978
-4.52995
-4.5303
-4.5304
-4.53076
-4.53068
-4.53017
-4.52865
-4.52795
-4.52746
-4.52692
-4.52801
-4.52848
-4.52878
-4.52872
-4.52807
-4.52811
-4.52788
-4.52735
-4.52758
-4.52742
-4.52689
-4.52652
-4.52664
-4.52682
-4.52678
-4.5267
-4.52688
-4.527
-4.52641
-4.52669
-4.52642
-4.52513
-4.52495
-4.52546
-4.52533
-4.5246
-4.52495
-4.52487
-4.52561
-4.52504
-4.5253
-4.52516
-4.52593
-4.52574
-4.52608
-4.52585
-4.52627
-4.526
-4.52551
-4.52533
-4.52505
-4.5246
-4.5248
-4.52658
-4.52685
-4.52699
-4.52808
-4.52839
-4.52777
-4.52869
-4.52864
-4.52931
-4.52906
-4.52836
-4.52781
-4.52788
-4.52786
-4.527
-4.52731
-4.52757
-4.52762
-4.52712
-4.52709
-4.52748
-4.52841
-4.52818
-4.52817
-4.52852
-4.52912
-4.5286
-4.52852
-4.52813
-4.52686
-4.52639
-4.52721
-4.52783
-4.52841
-4.52909
-4.52926
-4.5301
-4.53158
-4.53212
-4.53231
-4.5321
-4.5324
-4.53168
-4.53224
-4.5324
-4.53187
-4.5317
-4.53145
-4.53027
-4.52927
-4.52926
-4.52818
-4.52725
-4.52723
-4.52747
-4.5273
-4.52683
-4.52616
-4.52587
-4.52644
-4.52653
-4.52723
-4.52778
-4.52877
-4.52911
-4.53028
-4.53032
-4.52923
-4.52947
-4.52789
-4.5268
-4.5268
-4.5264
-4.52695
-4.52541
-4.52466
-4.52468
-4.5238
-4.52364
-4.5245
-4.5247
-4.52592
-4.52514
-4.52453
-4.52431
-4.52427
-4.52475
-4.52421
-4.52466
-4.52411
-4.52454
-4.52531
-4.52525
-4.52472
-4.52471
-4.52468
-4.52518
-4.5255
-4.52477
-4.52497
-4.52637
-4.52682
-4.52793
-4.52831
-4.52988
-4.52944
-4.52877
-4.52875
-4.52848
-4.52899
-4.52895
-4.52793
-4.52791
-4.5291
-4.52833
-4.52884
-4.52926
-4.52962
-4.52977
-4.53017
-4.53018
-4.53041
-4.53069
-4.53129
-4.53082
-4.53121
-4.53152
-4.53082
-4.53046
-4.52954
-4.52973
-4.5288
-4.52827
-4.52849
-4.52902
-4.52853
-4.52749
-4.52742
-4.52684
-4.52669
-4.52775
-4.52823
-4.52963
-4.53024
-4.53058
-4.53054
-4.53109
-4.53159
-4.53128
-4.53099
-4.53075
-4.53003
-4.52946
-4.52892
-4.5281
-4.52778
-4.52766
-4.52759
-4.52667
-4.52656
-4.52694
-4.52671
-4.52646
-4.52693
-4.52737
-4.52735
-4.52823
-4.52763
-4.5281
-4.52828
-4.52785
-4.52814
-4.52824
-4.52918
-4.5284
-4.52849
-4.52812
-4.52822
-4.52841
-4.52784
-4.52805
-4.52811
-4.52791
-4.52798
-4.52867
-4.52846
-4.52782
-4.5269
-4.52574
-4.525
-4.52413
-4.52425
-4.52418
-4.52514
-4.52561
-4.52691
-4.52764
-4.52686
-4.5265
-4.52698
-4.5283
-4.52788
-4.52752
-4.52801
-4.52813
-4.52791
-4.52844
-4.52854
-4.52763
-4.52769
-4.52797
-4.52815
-4.52759
-4.52822
-4.52898
-4.52881
-4.52936
-4.52901
-4.5291
-4.52812
-4.52741
-4.52773
-4.52785
-4.52826
-4.52853
-4.52885
-4.52972
-4.52903
-4.52952
-4.52995
-4.5297
-4.52994
-4.52958
-4.53023
-4.5299
-4.53053
-4.53061
-4.53027
-4.53015
-4.5295
-4.52972
-4.52904
-4.52914
-4.52854
-4.52907
-4.5286
-4.52923
-4.52912
-4.52858
-4.5291
-4.52918
-4.52927
-4.52949
-4.52968
-4.52984
-4.52935
-4.52913
-4.5289
-4.52881
-4.52945
-4.52887
-4.52772
-4.52814
-4.5285
-4.52805
-4.52918
-4.52912
-4.52857
-4.52809
-4.52812
-4.52819
-4.5285
-4.52738
-4.527
-4.52649
-4.52572
-4.52561
-4.52603
-4.52604
-4.52593
-4.52615
-4.52773
-4.52842
-4.52851
-4.52952
-4.52974
-4.52947
-4.52914
-4.52921
-4.53005
-4.52971
-4.52974
-4.52907
-4.52978
-4.52984
-4.52967
-4.52956
-4.5304
-4.52921
-4.52903
-4.52824
-4.52779
-4.52666
-4.52687
-4.52695
-4.52586
-4.52614
-4.52575
-4.52732
-4.52804
-4.52801
-4.52816
-4.52791
-4.5285
-4.52891
-4.52807
-4.52751
-4.52721
-4.52704
-4.52697
-4.52717
-4.52776
-4.52833
-4.52828
-4.52739
-4.52736
-4.52747
-4.5273
-4.5285
-4.52922
-4.5299
-4.52971
-4.53101
-4.5322
-4.5323
-4.5316
-4.53177
-4.53169
-4.53067
-4.52985
-4.52973
-4.52939
-4.52927
-4.52993
-4.53011
-4.52932
-4.52878
-4.52786
-4.52749
-4.52724
-4.52743
-4.52796
-4.52792
-4.52733
-4.52753
-4.52744
-4.52613
-4.52529
-4.5248
-4.52516
-4.52595
-4.5267
-4.52692
-4.52777
-4.52825
-4.52772
-4.52707
-4.52722
-4.52713
-4.5261
-4.52552
-4.5254
-4.52604
-4.52488
-4.52505
-4.52475
-4.52516
-4.52526
-4.52578
-4.52494
-4.52502
-4.52514
-4.52563
-4.52651
-4.52659
-4.5263
-4.52609
-4.52593
-4.52625
-4.52581
-4.52582
-4.52578
-4.52642
-4.52653
-4.52669
-4.52723
-4.52618
-4.52615
-4.52672
-4.52551
-4.52555
-4.52613
-4.52572
-4.52538
-4.52507
-4.5246
-4.52499
-4.52487
-4.52513
-4.52489
-4.52492
-4.524
-4.52367
-4.52394
-4.52381
-4.5247
-4.52485
-4.52545
-4.52478
-4.52496
-4.52591
-4.52604
-4.52539
-4.52418
-4.5246
-4.52493
-4.52432
-4.52384
-4.52469
-4.52486
-4.52626
-4.52655
-4.52632
-4.52752
-4.52772
-4.52663
-4.52637
-4.52603
-4.52477
-4.52392
-4.52459
-4.52483
-4.52426
-4.52494
-4.52493
-4.52563
-4.52536
-4.52537
-4.52444
-4.52354
-4.52365
-4.52311
-4.52466
-4.5242
-4.52424
-4.52399
-4.52385
-4.52354
-4.52337
-4.52411
-4.5246
-4.52454
-4.52471
-4.52511
-4.5251
-4.52537
-4.52584
-4.52495
-4.52328
-4.5236
-4.52292
-4.52297
-4.52274
-4.52228
-4.52191
-4.52213
-4.52201
-4.52234
-4.52232
-4.52255
-4.52193
-4.52281
-4.52316
-4.52399
-4.52343
-4.52389
-4.52313
-4.52285
-4.52205
-4.5217
-4.5219
-4.52212
-4.52228
-4.52242
-4.52367
-4.52439
-4.52459
-4.5252
-4.52513
-4.52456
-4.52479
-4.52439
-4.52387
-4.52344
-4.52387
-4.52471
-4.52442
-4.52356
-4.52328
-4.5228
-4.52299
-4.52295
-4.52285
-4.5227
-4.52268
-4.52296
-4.52295
-4.52249
-4.52311
-4.52314
-4.52289
-4.52341
-4.52348
-4.52371
-4.52319
-4.52363
-4.52296
-4.5232
-4.523
-4.52338
-4.52455
-4.52458
-4.52503
-4.52573
-4.52491
-4.52474
-4.52452
-4.524
-4.52379
-4.52359
-4.52217
-4.52193
-4.52087
-4.52084
-4.52093
-4.52134
-4.52103
-4.5208
-4.52036
-4.52066
-4.52022
-4.52086
-4.52148
-4.52244
-4.52289
-4.5223
-4.52292
-4.52221
-4.52203
-4.52225
-4.52261
-4.52283
-4.52338
-4.52367
-4.52308
-4.52174
-4.52251
-4.52219
-4.52199
-4.52161
-4.52135
-4.52135
-4.52177
-4.52204
-4.52173
-4.52243
-4.52251
-4.52302
-4.52271
-4.52315
-4.52336
-4.52465
-4.52507
-4.52495
-4.52477
-4.52414
-4.52383
-4.52403
-4.52399
-4.52419
-4.52371
-4.52404
-4.52484
-4.52487
-4.52543
-4.52531
-4.5263
-4.52649
-4.52591
-4.52565
-4.52547
-4.52536
-4.52533
-4.52566
-4.52645
-4.5269
-4.52728
-4.52803
-4.5278
-4.52751
-4.52792
-4.52741
-4.52659
-4.52696
-4.52704
-4.52652
-4.52693
-4.52664
-4.52686
-4.5264
-4.52601
-4.5267
-4.52692
-4.52695
-4.52738
-4.52704
-4.52671
-4.52673
-4.52634
-4.52647
-4.52679
-4.5273
-4.52751
-4.52635
-4.52665
-4.52644
-4.52646
-4.52552
-4.5253
-4.52538
-4.52487
-4.52531
-4.52473
-4.52466
-4.52476
-4.52472
-4.52513
-4.52521
-4.52524
-4.52643
-4.52713
-4.52734
-4.52675
-4.52613
-4.52577
-4.52524
-4.52486
-4.5242
-4.52389
-4.52352
-4.52293
-4.52183
-4.52214
-4.52201
-4.52245
-4.52102
-4.52059
-4.52073
-4.52102
-4.52133
-4.52136
-4.52174
-4.52229
-4.52317
-4.52315
-4.5239
-4.52316
-4.52334
-4.52324
-4.52388
-4.52405
-4.52446
-4.52389
-4.52414
-4.5243
-4.52468
-4.52411
-4.52396
-4.52487
-4.52458
-4.52447
-4.52395
-4.5235
-4.52373
-4.52405
-4.52369
-4.52429
-4.52427
-4.52386
-4.52424
-4.52346
-4.52279
-4.52215
-4.52175
-4.52225
-4.52211
-4.52221
-4.5228
-4.52262
-4.52343
-4.52314
-4.52357
-4.52355
-4.52401
-4.52421
-4.5255
-4.52587
-4.52605
-4.52601
-4.52693
-4.52714
-4.52667
-4.52613
-4.52753
-4.52698
-4.52752
-4.52752
-4.52715
-4.52762
-4.52785
-4.52764
-4.52864
-4.52869
-4.52929
-4.52894
-4.52917
-4.52935
-4.53027
-4.53025
-4.53052
-4.53125
-4.53078
-4.52959
-4.52904
-4.52868
-4.52819
-4.5283
-4.52674
-4.5267
-4.527
-4.52649
-4.52671
-4.5269
-4.52713
-4.52685
-4.52675
-4.52603
-4.52579
-4.52562
-4.52572
-4.52536
-4.52425
-4.52377
-4.52374
-4.52328
-4.52373
-4.52317
-4.52269
-4.52247
-4.52325
-4.52301
-4.52258
-4.5236
-4.52414
-4.52438
-4.5248
-4.52462
-4.52501
-4.52535
-4.52564
-4.52484
-4.52407
-4.52366
-4.5235
-4.52463
-4.52506
-4.52473
-4.52557
-4.52556
-4.52663
-4.52607
-4.52463
-4.52415
-4.52364
-4.52329
-4.52269
-4.52174
-4.52149
-4.52195
-4.52248
-4.52202
-4.52312
-4.5241
-4.52359
-4.52474
-4.52539
-4.52568
-4.52498
-4.52481
-4.52428
-4.52404
-4.52486
-4.52477
-4.52454
-4.52413
-4.5243
-4.52441
-4.52495
-4.52456
-4.52464
-4.52444
-4.52504
-4.52599
-4.5264
-4.52474
-4.52494
-4.52411
-4.52452
-4.5245
-4.52467
-4.52442
-4.52497
-4.52525
-4.52476
-4.52391
-4.52419
-4.52438
-4.52462
-4.52419
-4.52432
-4.52429
-4.52487
-4.52487
-4.52429
-4.52343
-4.52319
-4.52311
-4.52227
-4.52339
-4.52356
-4.52339
-4.52272
-4.52204
-4.52246
-4.52297
-4.52225
-4.52212
-4.52179
-4.52321
-4.52254
-4.52235
-4.52261
-4.52408
-4.52477
-4.52542
-4.52616
-4.52667
-4.52559
-4.52548
-4.52619
-4.52545
-4.52476
-4.52381
-4.52338
-4.5229
-4.52241
-4.52105
-4.52173
-4.52298
-4.52283
-4.52282
-4.52308
-4.52421
-4.52436
-4.52408
-4.52375
-4.52348
-4.52414
-4.52424
-4.52415
-4.52392
-4.52453
-4.52449
-4.525
-4.52616
-4.52698
-4.52633
-4.52568
-4.52532
-4.52423
-4.52356
-4.52414
-4.52375
-4.52299
-4.523
-4.5222
-4.52102
-4.52207
-4.52212
-4.52167
-4.5226
-4.52277
-4.52279
-4.52291
-4.5237
-4.5248
-4.52603
-4.52672
-4.52654
-4.52746
-4.52707
-4.52706
-4.52668
-4.52747
-4.5279
-4.52815
-4.52777
-4.52754
-4.52687
-4.52623
-4.52579
-4.52555
-4.52444
-4.52412
-4.52457
-4.52444
-4.52388
-4.52424
-4.5252
-4.52405
-4.52409
-4.52382
-4.52369
-4.52387
-4.52438
-4.52431
-4.52456
-4.52512
-4.52489
-4.52443
-4.52496
-4.52422
-4.5236
-4.52389
-4.52316
-4.52295
-4.524
-4.52451
-4.52403
-4.52453
-4.52478
-4.52506
-4.52654
-4.52662
-4.52663
-4.52655
-4.52623
-4.52566
-4.52591
-4.5258
-4.52609
-4.52563
-4.52533
-4.52585
-4.52599
-4.52636
-4.52637
-4.52525
-4.52601
-4.52559
-4.52593
-4.52732
-4.5284
-4.52809
-4.52821
-4.52813
-4.52802
-4.52786
-4.52798
-4.52838
-4.52859
-4.52773
-4.52758
-4.52681
-4.5269
-4.52639
-4.52543
-4.52588
-4.52655
-4.52626
-4.5262
-4.52713
-4.52717
-4.52702
-4.52726
-4.52757
-4.52675
-4.52699
-4.52681
-4.52656
-4.52594
-4.52601
-4.52658
-4.52744
-4.5278
-4.52796
-4.52714
-4.52746
-4.52708
-4.52734
-4.5263
-4.52611
-4.52563
-4.52553
-4.52663
-4.52756
-4.52786
-4.52839
-4.52819
-4.52854
-4.52834
-4.52846
-4.52863
-4.5292
-4.52932
-4.52859
-4.52837
-4.52833
-4.52889
-4.52865
-4.52773
-4.5272
-4.52665
-4.52733
-4.52642
-4.52532
-4.5257
-4.52604
-4.52543
-4.52581
-4.52596
-4.52555
-4.52636
-4.52679
-4.52694
-4.52705
-4.52715
-4.52726
-4.52745
-4.52731
-4.52688
-4.52694
-4.52631
-4.52665
-4.52706
-4.52735
-4.52733
-4.52639
-4.52586
-4.5256
-4.52623
-4.52658
-4.52621
-4.52513
-4.52543
-4.52545
-4.52561
-4.5259
-4.52525
-4.52535
-4.52469
-4.52418
-4.52537
-4.52573
-4.52635
-4.52696
-4.52753
-4.52846
-4.52949
-4.53038
-4.53005
-4.5285
-4.5282
-4.52813
-4.52881
-4.52845
-4.5286
-4.5285
-4.52754
-4.52692
-4.52647
-4.52691
-4.52643
-4.52681
-4.52626
-4.52597
-4.52566
-4.52579
-4.52489
-4.52551
-4.5245
-4.52457
-4.52406
-4.52449
-4.52404
-4.52512
-4.52517
-4.52463
-4.52501
-4.52433
-4.52548
-4.52513
-4.52584
-4.52533
-4.52478
-4.52554
-4.52431
-4.52486
-4.52421
-4.52542
-4.52593
-4.52651
-4.52623
-4.5261
-4.52611
-4.52744
-4.52782
-4.52769
-4.52737
-4.52702
-4.5262
-4.52628
-4.52786
-4.52808
-4.52786
-4.52719
-4.52727
-4.5266
-4.52656
-4.5264
-4.52716
-4.52653
-4.52706
-4.52591
-4.52584
-4.52571
-4.52627
-4.52721
-4.52725
-4.52695
-4.52673
-4.52732
-4.52693
-4.52635
-4.52742
-4.527
-4.52694
-4.52768
-4.52789
-4.52802
-4.52804
-4.52898
-4.52926
-4.5293
-4.52892
-4.52858
-4.52772
-4.52727
-4.52726
-4.52652
-4.52612
-4.52595
-4.52571
-4.52602
-4.52644
-4.52681
-4.52698
-4.52723
-4.52864
-4.52769
-4.52826
-4.52859
-4.52934
-4.53017
-4.53001
-4.52937
-4.52936
-4.52777
-4.52705
-4.52678
-4.52576
-4.52552
-4.52472
-4.52386
-4.52373
-4.52411
-4.52401
-4.52421
-4.52435
-4.52551
-4.52692
-4.52828
-4.528
-4.52761
-4.52686
-4.5258
-4.52482
-4.52501
-4.52492
-4.52565
-4.52527
-4.52489
-4.52617
-4.52609
-4.52643
-4.52713
-4.52754
-4.52774
-4.52724
-4.5269
-4.52716
-4.52638
-4.52562
-4.52389
-4.52321
-4.52441
-4.52394
-4.52486
-4.52669
-4.52695
-4.52751
-4.52786
-4.52765
-4.52736
-4.52732
-4.5274
-4.52809
-4.52909
-4.52993
-4.52923
-4.52896
-4.52941
-4.52911
-4.52811
-4.52749
-4.52754
-4.52732
-4.52723
-4.52664
-4.52613
-4.52633
-4.52618
-4.52525
-4.52521
-4.5252
-4.5245
-4.52463
-4.52472
-4.52508
-4.52538
-4.52588
-4.52729
-4.52742
-4.52685
-4.52693
-4.52755
-4.52676
-4.52704
-4.52688
-4.5272
-4.52647
-4.52604
-4.5265
-4.52575
-4.52558
-4.52495
-4.52504
-4.52523
-4.52522
-4.52468
-4.5256
-4.52573
-4.52602
-4.52666
-4.52694
-4.52645
-4.52672
-4.52668
-4.52736
-4.5272
-4.52795
-4.52835
-4.52866
-4.52959
-4.52946
-4.52976
-4.53007
-4.52858
-4.52762
-4.52738
-4.52795
-4.52726
-4.52733
-4.52806
-4.52778
-4.52827
-4.52856
-4.52861
-4.52941
-4.5285
-4.52932
-4.52838
-4.52868
-4.52871
-4.52922
-4.52919
-4.52834
-4.52852
-4.52823
-4.5272
-4.52771
-4.5278
-4.52747
-4.52779
-4.52771
-4.52785
-4.52745
-4.52864
-4.52913
-4.52998
-4.53026
-4.5304
-4.53022
-4.53108
-4.53116
-4.53118
-4.53052
-4.53081
-4.5302
-4.52856
-4.5279
-4.52795
-4.52753
-4.52789
-4.52752
-4.52796
-4.52774
-4.52763
-4.52705
-4.52857
-4.52899
-4.52918
-4.52818
-4.52804
-4.52843
-4.52977
-4.52979
-4.52974
-4.52921
-4.52841
-4.52799
-4.52798
-4.5288
-4.52982
-4.5305
-4.5299
-4.52905
-4.52886
-4.52921
-4.52756
-4.52817
-4.52668
-4.52702
-4.52647
-4.52593
-4.52631
-4.52502
-4.52462
-4.52407
-4.5244
-4.52502
-4.52441
-4.52439
-4.5239
-4.52419
-4.52346
-4.52388
-4.52411
-4.52492
-4.52479
-4.52459
-4.52472
-4.52451
-4.52541
-4.52678
-4.52816
-4.52804
-4.52737
-4.52753
-4.52735
-4.52673
-4.5272
-4.52728
-4.52743
-4.52809
-4.52715
-4.52685
-4.52581
-4.52509
-4.5241
-4.5245
-4.52539
-4.52572
-4.52592
-4.52626
-4.52597
-4.52549
-4.52511
-4.52497
-4.52463
-4.52424
-4.52442
-4.52427
-4.52414
-4.52361
-4.52377
-4.52447
-4.52482
-4.52552
-4.52531
-4.52504
-4.52513
-4.52571
-4.5256
-4.52543
-4.52506
-4.52591
-4.52601
-4.52584
-4.52512
-4.52446
-4.52324
-4.52389
-4.5223
-4.52223
-4.52217
-4.52239
-4.52169
-4.52128
-4.52176
-4.52253
-4.52269
-4.52271
-4.52304
-4.5231
-4.52316
-4.52322
-4.52308
-4.52306
-4.52299
-4.52273
-4.52184
-4.52188
-4.52149
-4.52161
-4.52151
-4.52195
-4.52278
-4.52396
-4.52393
-4.52446
-4.52399
-4.52387
-4.52333
-4.52348
-4.52347
-4.52316
-4.52289
-4.52264
-4.5236
-4.52376
-4.52311
-4.52285
-4.52269
-4.52281
-4.52219
-4.52299
-4.52315
-4.52301
-4.52351
-4.5251
-4.52547
-4.52634
-4.52643
-4.52702
-4.52747
-4.529
-4.52904
-4.52898
-4.52853
-4.52788
-4.52765
-4.52636
-4.52642
-4.52605
-4.52677
-4.52647
-4.52638
-4.52664
-4.52649
-4.5265
-4.52634
-4.52629
-4.5262
-4.52594
-4.52538
-4.52501
-4.52483
-4.52455
-4.52581
-4.52602
-4.52535
-4.52515
-4.52482
-4.52602
-4.52587
-4.52571
-4.52611
-4.52566
-4.5262
-4.52563
-4.52416
-4.52395
-4.52398
-4.52394
-4.52516
-4.52516
-4.52466
-4.52514
-4.52585
-4.52589
-4.52559
-4.52558
-4.52455
-4.52493
-4.52511
-4.52567
-4.52511
-4.52551
-4.52594
-4.52607
-4.52617
-4.52604
-4.52598
-4.52612
-4.5259
-4.52612
-4.52589
-4.52582
-4.52607
-4.52614
-4.52662
-4.526
-4.52714
-4.52661
-4.52581
-4.52522
-4.52623
-4.5258
-4.52629
-4.52598
-4.5262
-4.52603
-4.52641
-4.52694
-4.52676
-4.52666
-4.5274
-4.52776
-4.52771
-4.5278
-4.52832
-4.52819
-4.52849
-4.52863
-4.52817
-4.52851
-4.52858
-4.52733
-4.52627
-4.5257
-4.5265
-4.5267
-4.52658
-4.52702
-4.52742
-4.52774
-4.52785
-4.52744
-4.52577
-4.5256
-4.52589
-4.52502
-4.52589
-4.52592
-4.52649
-4.52681
-4.52699
-4.527
-4.52695
-4.52743
-4.52874
-4.52924
-4.52927
-4.52871
-4.5291
-4.52864
-4.52807
-4.52799
-4.52839
-4.52894
-4.52858
-4.52896
-4.52912
-4.52936
-4.52903
-4.52921
-4.52885
-4.52785
-4.52719
-4.52661
-4.52676
-4.52674
-4.52715
-4.52688
-4.52739
-4.52821
-4.52855
-4.52873
-4.52872
-4.5293
-4.53003
-4.52958
-4.52981
-4.5295
-4.52963
-4.52966
-4.52953
-4.52832
-4.52884
-4.52845
-4.52737
-4.52777
-4.52841
-4.52852
-4.52894
-4.5281
-4.52776
-4.52836
-4.52796
-4.52779
-4.52744
-4.52621
-4.52657
-4.52749
-4.52794
-4.52883
-4.52877
-4.52906
-4.53041
-4.53094
-4.53124
-4.531
-4.53038
-4.53092
-4.53081
-4.53025
-4.52924
-4.52828
-4.52757
-4.52831
-4.52901
-4.52886
-4.52949
-4.53036
-4.53098
-4.53058
-4.52991
-4.52961
-4.52909
-4.52881
-4.52834
-4.52801
-4.52846
-4.52882
-4.52839
-4.5281
-4.52823
-4.52843
-4.52847
-4.52904
-4.52967
-4.52993
-4.52969
-4.52944
-4.52937
-4.52843
-4.52828
-4.52728
-4.52693
-4.52691
-4.52691
-4.52722
-4.52705
-4.52639
-4.52628
-4.52581
-4.52531
-4.52493
-4.52558
-4.52546
-4.52578
-4.52564
-4.52554
-4.52519
-4.52524
-4.52581
-4.52569
-4.52619
-4.52576
-4.52574
-4.52552
-4.52436
-4.52452
-4.52524
-4.52608
-4.52523
-4.52647
-4.52604
-4.52603
-4.5257
-4.5258
-4.52558
-4.52583
-4.5252
-4.52554
-4.52428
-4.52504
-4.52421
-4.52355
-4.52307
-4.52335
-4.52394
-4.52377
-4.52453
-4.52453
-4.52529
-4.52497
-4.52416
-4.52436
-4.52481
-4.52386
-4.52377
-4.52351
-4.52308
-4.52341
-4.52314
-4.52305
-4.52299
-4.52313
-4.5227
-4.52275
-4.52223
-4.52293
-4.52335
-4.52318
-4.52347
-4.52241
-4.52346
-4.52357
-4.5244
-4.52427
-4.52364
-4.52415
-4.52445
-4.52455
-4.52492
-4.52529
-4.5254
-4.52619
-4.52568
-4.52537
-4.52524
-4.52559
-4.52624
-4.52662
-4.52732
-4.52713
-4.5268
-4.52706
-4.52789
-4.52809
-4.52707
-4.52679
-4.52593
-4.52585
-4.52638
-4.52646
-4.52559
-4.52528
-4.52478
-4.52453
-4.52443
-4.52357
-4.52318
-4.52388
-4.52398
-4.5241
-4.52482
-4.52539
-4.52549
-4.52574
-4.52478
-4.52384
-4.52426
-4.52333
-4.52363
-4.52437
-4.52451
-4.52479
-4.52477
-4.52477
-4.52523
-4.52541
-4.52579
-4.52608
-4.52615
-4.52601
-4.52685
-4.52739
-4.52726
-4.52658
-4.52743
-4.52696
-4.5264
-4.5256
-4.52564
-4.52532
-4.52498
-4.52387
-4.52352
-4.52364
-4.52318
-4.52305
-4.52327
-4.5234
-4.52345
-4.52298
-4.52213
-4.52285
-4.52316
-4.5241
-4.52322
-4.52414
-4.52486
-4.52476
-4.52447
-4.52477
-4.52481
-4.52461
-4.52522
-4.52511
-4.52563
-4.52617
-4.52643
-4.5273
-4.52833
-4.52798
-4.52758
-4.52739
-4.52815
-4.5288
-4.52811
-4.52808
-4.52724
-4.52686
-4.52674
-4.52695
-4.52694
-4.52679
-4.52788
-4.52749
-4.52748
-4.52619
-4.52518
-4.52471
-4.52441
-4.52392
-4.52375
-4.52269
-4.52387
-4.5239
-4.52406
-4.52444
-4.52486
-4.52458
-4.52487
-4.5243
-4.52369
-4.52416
-4.52451
-4.52497
-4.52544
-4.5258
-4.52581
-4.52515
-4.52416
-4.52276
-4.52272
-4.52214
-4.52244
-4.52241
-4.52234
-4.52236
-4.52378
-4.52508
-4.52473
-4.52526
-4.52592
-4.52652
-4.52659
-4.52732
-4.52719
-4.52622
-4.5252
-4.52475
-4.52401
-4.52436
-4.52401
-4.52357
-4.52407
-4.52446
-4.52426
-4.52482
-4.52495
-4.52405
-4.52487
-4.52501
-4.52477
-4.5243
-4.52418
-4.52407
-4.52498
-4.52518
-4.52539
-4.52439
-4.52355
-4.5226
-4.5225
-4.52163
-4.52142
-4.5207
-4.52056
-4.51982
-4.52044
-4.52014
-4.52083
-4.52078
-4.52069
-4.52096
-4.52022
-4.52028
-4.52012
-4.51994
-4.51989
-4.52015
-4.52041
-4.52022
-4.51941
-4.51952
-4.51962
-4.52001
-4.51901
-4.51978
-4.51912
-4.51934
-4.51879
-4.51887
-4.51869
-4.51917
-4.51942
-4.52004
-4.51952
-4.52
-4.51935
-4.52013
-4.52093
-4.52138
-4.52145
-4.52065
-4.52066
-4.5209
-4.52139
-4.52233
-4.52265
-4.52239
-4.5229
-4.52253
-4.52339
-4.52339
-4.52343
-4.52415
-4.52478
-4.52441
-4.52431
-4.52474
-4.5255
-4.52495
-4.52449
-4.52373
-4.52315
-4.52203
-4.52171
-4.52141
-4.52064
-4.52012
-4.51937
-4.51839
-4.51826
-4.51886
-4.51872
-4.51951
-4.51948
-4.51923
-4.51879
-4.52029
-4.51947
-4.51994
-4.52001
-4.51963
-4.52058
-4.52174
-4.52141
-4.52155
-4.52127
-4.52137
-4.52117
-4.5221
-4.52258
-4.52369
-4.52387
-4.52473
-4.52511
-4.5263
-4.52568
-4.52669
-4.52681
-4.52681
-4.52692
-4.52734
-4.52751
-4.52729
-4.52745
-4.52678
-4.52692
-4.5268
-4.52653
-4.5267
-4.52686
-4.52626
-4.52625
-4.5264
-4.52549
-4.52563
-4.52543
-4.5252
-4.52538
-4.52535
-4.52546
-4.52526
-4.52598
-4.52579
-4.52592
-4.52533
-4.52527
-4.52577
-4.52626
-4.526
-4.52646
-4.52697
-4.52806
-4.52756
-4.52831
-4.52745
-4.52818
-4.52735
-4.5265
-4.52578
-4.5258
-4.52653
-4.5269
-4.52719
-4.52634
-4.52621
-4.52528
-4.52434
-4.52403
-4.52331
-4.52266
-4.52285
-4.52343
-4.52334
-4.52313
-4.52413
-4.52434
-4.52406
-4.52404
-4.52265
-4.52293
-4.52384
-4.52417
-4.5247
-4.52391
-4.52482
-4.52441
-4.52476
-4.52587
-4.52633
-4.52672
-4.52658
-4.52649
-4.52632
-4.52579
-4.52538
-4.52559
-4.52539
-4.52541
-4.52566
-4.5254
-4.52507
-4.5248
-4.52519
-4.52515
-4.52585
-4.52606
-4.52723
-4.52693
-4.52653
-4.52605
-4.52644
-4.52563
-4.52531
-4.52565
-4.52531
-4.52578
-4.52507
-4.52512
-4.52483
-4.52386
-4.52451
-4.52513
-4.52563
-4.52473
-4.52459
-4.52492
-4.52505
-4.52549
-4.52596
-4.52567
-4.52551
-4.52553
-4.52532
-4.52417
-4.52422
-4.52443
-4.52406
-4.52328
-4.52271
-4.52372
-4.52375
-4.52419
-4.52547
-4.52637
-4.5268
-4.52627
-4.52685
-4.52641
-4.52678
-4.52647
-4.52611
-4.52511
-4.52467
-4.52529
-4.52456
-4.52492
-4.52489
-4.52493
-4.52418
-4.52414
-4.52465
-4.52494
-4.52511
-4.52526
-4.52641
-4.52749
-4.52787
-4.5283
-4.5282
-4.52882
-4.52883
-4.52815
-4.52921
-4.52991
-4.52975
-4.5302
-4.52967
-4.52965
-4.53041
-4.52989
-4.52933
-4.52911
-4.52913
-4.52866
-4.52862
-4.52944
-4.52866
-4.52881
-4.52848
-4.52932
-4.52979
-4.52915
-4.53028
-4.53047
-4.52957
-4.52954
-4.52962
-4.52963
-4.53063
-4.53066
-4.53016
-4.53005
-4.52974
-4.5294
-4.52908
-4.52852
-4.52852
-4.52853
-4.52764
-4.52873
-4.52904
-4.52895
-4.52916
-4.52887
-4.52897
-4.52781
-4.52813
-4.52874
-4.52754
-4.52826
-4.52803
-4.5279
-4.52726
-4.52796
-4.52821
-4.52817
-4.52798
-4.52779
-4.52849
-4.52753
-4.52763
-4.52744
-4.52742
-4.5271
-4.52681
-4.52687
-4.52715
-4.52765
-4.52896
-4.52893
-4.52872
-4.52892
-4.52889
-4.52894
-4.5295
-4.5286
-4.52789
-4.52814
-4.52712
-4.52607
-4.52463
-4.52361
-4.52336
-4.52389
-4.52362
-4.52338
-4.52313
-4.52359
-4.5233
-4.52319
-4.52371
-4.52499
-4.52533
-4.52543
-4.52527
-4.52455
-4.52525
-4.52513
-4.52452
-4.52436
-4.52348
-4.52494
-4.5244
-4.52492
-4.52514
-4.5255
-4.52546
-4.52617
-4.52634
-4.52728
-4.52748
-4.52652
-4.52656
-4.52673
-4.52539
-4.52495
-4.52466
-4.52434
-4.52566
-4.52559
-4.5258
-4.52528
-4.52526
-4.52472
-4.52489
-4.5247
-4.52458
-4.52465
-4.52455
-4.52471
-4.52557
-4.52473
-4.52551
-4.52566
-4.52545
-4.52579
-4.52563
-4.52499
-4.52526
-4.52555
-4.52603
-4.52609
-4.52648
-4.52617
-4.52622
-4.52529
-4.52532
-4.52553
-4.52634
-4.5265
-4.52661
-4.52576
-4.5261
-4.5255
-4.5261
-4.52592
-4.52604
-4.52584
-4.52612
-4.52568
-4.5268
-4.5254
-4.52584
-4.52616
-4.52693
-4.52726
-4.52727
-4.52771
-4.52779
-4.52902
-4.52839
-4.5289
-4.52908
-4.52895
-4.52987
-4.52883
-4.52991
-4.52995
-4.52863
-4.52806
-4.52807
-4.52881
-4.52833
-4.52757
-4.52734
-4.52735
-4.5271
-4.52681
-4.52554
-4.52525
-4.52495
-4.52499
-4.52525
-4.52468
-4.52415
-4.52422
-4.52428
-4.52415
-4.52413
-4.52317
-4.52298
-4.52359
-4.52337
-4.52297
-4.52375
-4.52402
-4.52416
-4.52485
-4.52509
-4.5242
-4.52461
-4.52317
-4.52389
-4.52307
-4.52259
-4.52234
-4.52175
-4.52131
-4.52134
-4.52214
-4.52281
-4.52376
-4.52389
-4.52432
-4.52529
-4.52588
-4.52606
-4.52615
-4.52704
-4.52691
-4.52755
-4.52717
-4.52686
-4.52559
-4.52491
-4.52514
-4.5254
-4.52477
-4.5251
-4.52469
-4.52476
-4.52574
-4.52477
-4.52441
-4.5232
-4.52358
-4.52411
-4.52347
-4.52303
-4.52394
-4.5258
-4.52669
-4.5271
-4.5273
-4.52836
-4.52883
-4.52908
-4.52838
-4.52921
-4.52974
-4.52998
-4.52991
-4.52952
-4.52959
-4.52906
-4.52841
-4.52843
-4.52897
-4.5296
-4.53031
-4.52972
-4.52993
-4.53061
-4.53036
-4.53099
-4.53084
-4.53097
-4.53108
-4.53163
-4.53125
-4.53111
-4.53091
-4.53109
-4.53121
-4.53085
-4.53095
-4.53093
-4.53021
-4.53043
-4.53035
-4.52993
-4.52947
-4.52929
-4.52959
-4.5297
-4.53061
-4.52978
-4.53015
-4.53116
-4.5301
-4.53022
-4.53034
-4.5299
-4.5296
-4.52964
-4.53003
-4.52983
-4.52945
-4.52943
-4.5293
-4.52934
-4.52944
-4.52871
-4.52857
-4.52725
-4.52569
-4.52466
-4.5239
-4.52327
-4.52383
-4.52453
-4.52534
-4.5259
-4.52643
-4.52643
-4.5266
-4.52619
-4.52523
-4.52497
-4.52511
-4.52492
-4.52562
-4.52525
-4.52429
-4.52399
-4.52483
-4.52566
-4.5254
-4.52601
-4.52622
-4.5272
-4.52663
-4.52675
-4.52679
-4.5266
-4.52724
-4.52765
-4.52843
-4.52824
-4.52873
-4.52872
-4.52882
-4.52814
-4.52808
-4.52836
-4.52796
-4.52766
-4.52748
-4.52725
-4.52754
-4.52664
-4.52692
-4.52683
-4.52634
-4.52698
-4.52728
-4.527
-4.52663
-4.52621
-4.52694
-4.52729
-4.52753
-4.52822
-4.52889
-4.52954
-4.52968
-4.52977
-4.52932
-4.52955
-4.52879
-4.52888
-4.52877
-4.52896
-4.52901
-4.52804
-4.52729
-4.52665
-4.5271
-4.52732
-4.52802
-4.5288
-4.52892
-4.52918
-4.52985
-4.52915
-4.52924
-4.5282
-4.52832
-4.52857
-4.52834
-4.52764
-4.52691
-4.52676
-4.52554
-4.52477
-4.52479
-4.52367
-4.52341
-4.52405
-4.52316
-4.52286
-4.52354
-4.52411
-4.52453
-4.52386
-4.52479
-4.5258
-4.52581
-4.52721
-4.527
-4.52759
-4.52737
-4.52575
-4.52518
-4.52401
-4.52333
-4.52359
-4.5251
-4.52529
-4.52523
-4.52552
-4.52645
-4.52664
-4.52591
-4.52575
-4.52719
-4.52629
-4.52717
-4.5265
-4.52705
-4.52704
-4.52587
-4.52643
-4.52719
-4.52696
-4.52634
-4.52654
-4.52694
-4.52724
-4.52817
-4.52833
-4.52841
-4.52809
-4.52794
-4.52847
-4.52897
-4.52935
-4.52903
-4.53011
-4.52981
-4.52994
-4.52941
-4.52946
-4.52889
-4.52877
-4.52821
-4.52859
-4.52752
-4.52803
-4.52801
-4.52853
-4.52848
-4.52765
-4.52841
-4.52888
-4.52782
-4.52751
-4.52708
-4.52688
-4.5258
-4.52484
-4.52424
-4.52495
-4.52483
-4.52485
-4.52593
-4.52584
-4.52664
-4.52685
-4.52668
-4.52694
-4.52751
-4.52825
-4.52749
-4.52782
-4.52864
-4.52905
-4.52797
-4.52883
-4.52904
-4.52813
-4.52776
-4.52917
-4.5289
-4.52895
-4.52721
-4.52624
-4.52663
-4.52628
-4.52667
-4.52582
-4.52568
-4.5261
-4.52587
-4.52591
-4.52565
-4.52559
-4.52638
-4.52701
-4.52706
-4.52757
-4.5285
-4.5296
-4.52971
-4.52971
-4.53018
-4.53011
-4.53014
-4.53012
-4.53022
-4.53056
-4.52979
-4.52969
-4.5294
-4.52908
-4.52834
-4.52752
-4.52758
-4.52779
-4.52844
-4.52918
-4.52992
-4.52955
-4.52982
-4.52984
-4.52933
-4.52955
-4.52873
-4.52943
-4.52937
-4.52867
-4.52867
-4.52969
-4.52992
-4.52971
-4.52923
-4.52955
-4.52964
-4.52968
-4.52908
-4.52904
-4.52965
-4.53023
-4.53148
-4.53188
-4.53174
-4.53155
-4.53121
-4.53042
-4.53068
-4.53107
-4.53023
-4.5292
-4.5289
-4.52817
-4.5284
-4.52809
-4.52846
-4.5287
-4.5282
-4.52859
-4.52855
-4.52765
-4.52725
-4.52749
-4.52847
-4.52908
-4.52849
-4.5285
-4.52716
-4.52708
-4.52713
-4.52723
-4.52698
-4.52522
-4.52557
-4.52395
-4.5238
-4.52445
-4.52449
-4.52371
-4.52434
-4.52501
-4.52484
-4.52475
-4.52476
-4.52428
-4.5241
-4.52451
-4.52373
-4.52371
-4.52325
-4.52401
-4.52372
-4.52434
-4.52436
-4.5241
-4.52481
-4.52472
-4.52524
-4.52578
-4.52629
-4.52638
-4.52715
-4.52685
-4.52756
-4.52778
-4.52741
-4.52756
-4.52798
-4.52705
-4.52706
-4.52666
-4.52632
-4.5268
-4.52688
-4.52669
-4.5264
-4.52689
-4.52727
-4.52754
-4.52755
-4.52789
-4.5279
-4.52756
-4.52819
-4.52753
-4.52664
-4.52615
-4.52566
-4.52503
-4.52446
-4.52381
-4.52249
-4.52277
-4.5234
-4.52241
-4.52278
-4.52311
-4.52338
-4.52299
-4.52359
-4.52383
-4.52328
-4.52377
-4.52365
-4.5231
-4.52258
-4.52212
-4.5223
-4.52252
-4.52323
-4.52457
-4.52565
-4.52613
-4.52602
-4.52545
-4.52485
-4.52556
-4.525
-4.52496
-4.5248
-4.525
-4.52452
-4.52358
-4.52359
-4.52307
-4.52249
-4.52379
-4.5242
-4.52491
-4.52515
-4.52491
-4.52424
-4.52359
-4.52452
-4.52444
-4.52428
-4.52491
-4.52497
-4.52568
-4.52641
-4.52682
-4.52682
-4.52609
-4.52461
-4.52438
-4.52382
-4.52359
-4.5236
-4.52369
-4.52358
-4.52429
-4.52353
-4.52381
-4.5239
-4.52334
-4.52216
-4.52233
-4.52281
-4.52297
-4.52235
-4.5229
-4.52341
-4.52301
-4.52204
-4.52236
-4.52384
-4.52543
-4.52622
-4.52647
-4.52641
-4.52733
-4.52642
-4.52624
-4.52649
-4.5263
-4.52573
-4.52589
-4.52531
-4.52402
-4.52325
-4.52255
-4.52328
-4.52363
-4.52374
-4.5233
-4.52397
-4.52426
-4.52415
-4.52515
-4.52556
-4.5255
-4.52588
-4.52641
-4.52678
-4.52699
-4.52716
-4.52651
-4.52623
-4.52662
-4.52662
-4.52625
-4.52688
-4.52581
-4.52562
-4.5259
-4.52698
-4.5271
-4.52763
-4.52785
-4.5285
-4.52865
-4.52887
-4.5279
-4.52857
-4.52827
-4.52936
-4.52774
-4.52896
-4.52732
-4.52678
-4.5265
-4.52626
-4.52564
-4.52561
-4.52618
-4.52658
-4.52697
-4.52807
-4.52803
-4.52876
-4.52944
-4.52866
-4.52909
-4.52921
-4.52937
-4.52929
-4.52947
-4.52952
-4.52917
-4.5286
-4.52888
-4.52862
-4.52901
-4.52892
-4.52877
-4.52915
-4.52872
-4.52794
-4.52729
-4.52771
-4.52771
-4.52789
-4.52812
-4.52721
-4.5265
-4.52721
-4.52691
-4.52676
-4.52706
-4.52735
-4.52748
-4.52716
-4.52685
-4.52699
-4.52695
-4.52716
-4.5273
-4.5277
-4.52748
-4.52743
-4.52713
-4.52746
-4.52707
-4.5259
-4.52515
-4.52482
-4.52475
-4.52512
-4.52609
-4.52634
-4.52542
-4.52423
-4.52383
-4.52405
-4.52456
-4.52368
-4.52337
-4.52272
-4.52279
-4.52346
-4.52413
-4.52498
-4.52405
-4.52392
-4.52471
-4.5252
-4.52445
-4.52425
-4.52431
-4.5248
-4.52455
-4.52511
-4.52485
-4.52576
-4.52615
-4.52673
-4.52637
-4.52667
-4.52624
-4.52672
-4.52677
-4.52672
-4.52598
-4.52566
-4.52517
-4.52413
-4.52442
-4.52433
-4.5239
-4.52402
-4.52381
-4.52404
-4.52429
-4.5247
-4.52501
-4.52436
-4.52475
-4.52425
-4.52453
-4.52544
-4.5259
-4.52542
-4.5255
-4.52505
-4.52409
-4.52368
-4.52307
-4.52229
-4.52118
-4.52142
-4.52105
-4.52129
-4.52137
-4.52071
-4.52023
-4.52069
-4.52079
-4.5216
-4.52194
-4.52149
-4.52324
-4.52348
-4.5241
-4.52473
-4.52503
-4.52517
-4.52476
-4.52402
-4.52363
-4.52258
-4.52269
-4.52333
-4.52281
-4.52336
-4.52299
-4.52338
-4.52376
-4.52295
-4.52304
-4.523
-4.52341
-4.52353
-4.52378
-4.52356
-4.52525
-4.52568
-4.52557
-4.52509
-4.52486
-4.52444
-4.52403
-4.52408
-4.52402
-4.52371
-4.52332
-4.52343
-4.52362
-4.52266
-4.52207
-4.52185
-4.52335
-4.52427
-4.52486
-4.52476
-4.52379
-4.52435
-4.52404
-4.52411
-4.52357
-4.52349
-4.52438
-4.52516
-4.52463
-4.524
-4.52295
-4.52359
-4.52349
-4.52398
-4.52354
-4.52303
-4.52217
-4.52216
-4.52183
-4.52139
-4.52164
-4.52198
-4.52258
-4.5225
-4.52229
-4.52237
-4.52226
-4.52224
-4.52233
-4.52267
-4.52252
-4.52186
-4.52164
-4.52154
-4.52055
-4.52138
-4.52071
-4.51916
-4.51974
-4.51961
-4.51951
-4.51901
-4.51948
-4.51998
-4.52081
-4.52133
-4.52168
-4.52123
-4.52252
-4.52115
-4.52147
-4.52225
-4.52214
-4.52071
-4.52015
-4.51915
-4.51853
-4.51713
-4.51788
-4.51823
-4.51848
-4.51815
-4.51886
-4.51992
-4.52107
-4.5221
-4.52238
-4.52233
-4.52227
-4.52225
-4.5226
-4.52338
-4.52284
-4.52255
-4.52239
-4.52266
-4.52242
-4.5225
-4.52221
-4.52195
-4.52156
-4.52182
-4.52099
-4.52047
-4.51988
-4.52092
-4.52192
-4.52197
-4.52205
-4.52349
-4.52425
-4.52402
-4.52492
-4.52439
-4.52517
-4.52502
-4.52501
-4.52547
-4.52473
-4.52521
-4.52452
-4.52433
-4.52405
-4.52411
-4.52281
-4.52297
-4.52203
-4.5229
-4.5235
-4.52357
-4.52385
-4.52385
-4.52321
-4.52415
-4.52349
-4.52336
-4.52272
-4.52205
-4.52197
-4.52142
-4.52103
-4.52037
-4.51946
-4.52014
-4.52093
-4.52018
-4.52134
-4.52151
-4.52154
-4.5217
-4.52316
-4.52259
-4.52346
-4.52332
-4.52338
-4.52336
-4.52271
-4.52237
-4.5227
-4.52326
-4.52317
-4.52256
-4.52368
-4.52423
-4.52414
-4.52399
-4.52403
-4.52347
-4.52323
-4.52318
-4.52308
-4.52313
-4.52432
-4.52471
-4.52404
-4.52457
-4.52567
-4.52578
-4.52608
-4.52652
-4.52665
-4.52648
-4.52617
-4.52559
-4.5259
-4.5257
-4.5263
-4.52616
-4.52695
-4.52718
-4.52703
-4.52699
-4.52604
-4.52541
-4.52527
-4.5249
-4.52523
-4.52417
-4.52504
-4.52559
-4.52592
-4.52567
-4.52613
-4.52737
-4.52756
-4.52715
-4.5269
-4.52595
-4.5248
-4.52515
-4.52601
-4.52531
-4.52505
-4.52554
-4.5257
-4.5258
-4.52654
-4.52759
-4.5277
-4.52897
-4.52941
-4.52856
-4.52916
-4.52912
-4.52937
-4.52965
-4.52905
-4.52908
-4.52864
-4.52771
-4.5279
-4.52726
-4.52698
-4.52635
-4.52569
-4.5243
-4.52449
-4.52478
-4.52366
-4.52384
-4.52366
-4.52384
-4.52409
-4.52411
-4.52462
-4.52518
-4.52543
-4.52671
-4.52717
-4.52816
-4.52768
-4.52771
-4.52781
-4.52737
-4.52732
-4.5275
-4.52703
-4.52685
-4.52549
-4.52585
-4.52632
-4.52582
-4.52449
-4.52502
-4.52557
-4.52658
-4.52667
-4.52722
-4.52745
-4.52661
-4.52666
-4.527
-4.52763
-4.52872
-4.52921
-4.52832
-4.5283
-4.5278
-4.52848
-4.52688
-4.5271
-4.52554
-4.52479
-4.5256
-4.52602
-4.52648
-4.52724
-4.52706
-4.5268
-4.52749
-4.52825
-4.52758
-4.52825
-4.52835
-4.52805
-4.52779
-4.52803
-4.52751
-4.52742
-4.52794
-4.52802
-4.5268
-4.52688
-4.52693
-4.52632
-4.52743
-4.52765
-4.52856
-4.5289
-4.53017
-4.53026
-4.52983
-4.52967
-4.52985
-4.52887
-4.52885
-4.52872
-4.52875
-4.52892
-4.52935
-4.52911
-4.52895
-4.5292
-4.52884
-4.52822
-4.52785
-4.52835
-4.52804
-4.52761
-4.52804
-4.52868
-4.52939
-4.52987
-4.52971
-4.5297
-4.52881
-4.52921
-4.52851
-4.5287
-4.52948
-4.52974
-4.52941
-4.52918
-4.52884
-4.52895
-4.52935
-4.52899
-4.52884
-4.52862
-4.52852
-4.52814
-4.52778
-4.52702
-4.52646
-4.52535
-4.52475
-4.52497
-4.52633
-4.52537
-4.52556
-4.526
-4.52603
-4.52669
-4.52688
-4.52748
-4.52772
-4.52835
-4.53014
-4.52977
-4.52921
-4.52968
-4.52922
-4.52873
-4.52852
-4.52903
-4.52891
-4.52934
-4.52975
-4.52968
-4.52945
-4.52986
-4.52877
-4.52742
-4.52684
-4.52628
-4.52576
-4.52607
-4.52679
-4.52613
-4.52604
-4.52632
-4.52645
-4.52681
-4.52675
-4.52655
-4.52622
-4.52624
-4.52622
-4.52573
-4.52538
-4.52549
-4.52617
-4.52591
-4.52621
-4.52559
-4.52634
-4.52533
-4.52515
-4.52491
-4.52506
-4.52606
-4.52577
-4.52569
-4.52715
-4.52729
-4.52742
-4.52768
-4.52761
-4.52809
-4.52823
-4.52907
-4.53035
-4.53009
-4.5301
-4.52945
-4.53009
-4.53093
-4.53152
-4.53081
-4.53064
-4.52926
-4.52809
-4.52795
-4.52662
-4.52808
-4.52873
-4.52872
-4.52877
-4.52986
-4.53138
-4.53179
-4.53219
-4.53177
-4.53101
-4.53153
-4.52994
-4.52829
-4.52741
-4.5263
-4.52592
-4.52617
-4.52637
-4.52683
-4.52712
-4.52776
-4.52925
-4.53037
-4.53223
-4.5328
-4.5333
-4.53287
-4.53204
-4.53132
-4.5306
-4.53112
-4.53077
-4.52969
-4.52894
-4.52899
-4.52908
-4.5283
-4.52832
-4.52839
-4.52911
-4.52987
-4.52929
-4.52898
-4.52843
-4.52839
-4.5281
-4.52834
-4.52791
-4.52821
-4.5279
-4.52761
-4.52769
-4.52787
-4.52833
-4.52874
-4.52849
-4.5286
-4.52872
-4.52991
-4.53019
-4.53062
-4.53056
-4.53059
-4.53054
-4.53131
-4.53064
-4.53066
-4.53034
-4.52998
-4.52962
-4.52989
-4.52884
-4.52894
-4.52914
-4.5293
-4.52986
-4.53019
-4.531
-4.53057
-4.53031
-4.53108
-4.53122
-4.53124
-4.53136
-4.53133
-4.53075
-4.52977
-4.52961
-4.52907
-4.5286
-4.5285
-4.52802
-4.52726
-4.5271
-4.52671
-4.52651
-4.52525
-4.52538
-4.52544
-4.52536
-4.52462
-4.52498
-4.5247
-4.52544
-4.52502
-4.52692
-4.52722
-4.52914
-4.52948
-4.53037
-4.53039
-4.53078
-4.53068
-4.53011
-4.52967
-4.52907
-4.52922
-4.52878
-4.52794
-4.52733
-4.52725
-4.52816
-4.52839
-4.52855
-4.52785
-4.52779
-4.52775
-4.52753
-4.52725
-4.52765
-4.52751
-4.52731
-4.52694
-4.52614
-4.52632
-4.52628
-4.52645
-4.52723
-4.52664
-4.52644
-4.52604
-4.52648
-4.52729
-4.52665
-4.52638
-4.52693
-4.52742
-4.52682
-4.52713
-4.52659
-4.52584
-4.5251
-4.52486
-4.52484
-4.5255
-4.52645
-4.52606
-4.52602
-4.52657
-4.52664
-4.52673
-4.52601
-4.526
-4.52502
-4.52394
-4.52352
-4.52211
-4.52186
-4.52117
-4.52053
-4.52089
-4.52213
-4.52242
-4.52296
-4.52313
-4.52261
-4.52396
-4.52428
-4.52535
-4.52581
-4.52589
-4.52634
-4.52638
-4.52661
-4.52691
-4.52655
-4.52601
-4.52606
-4.52476
-4.5247
-4.52514
-4.52579
-4.52562
-4.52475
-4.52512
-4.52551
-4.52573
-4.52609
-4.52646
-4.52733
-4.52675
-4.52744
-4.52817
-4.52876
-4.52884
-4.52913
-4.52945
-4.52934
-4.52914
-4.52947
-4.529
-4.52899
-4.5293
-4.52937
-4.52997
-4.52974
-4.52991
-4.52986
-4.53002
-4.53021
-4.53038
-4.53004
-4.53007
-4.52924
-4.52805
-4.52864
-4.52863
-4.5282
-4.52854
-4.52843
-4.52833
-4.529
-4.52833
-4.52829
-4.52902
-4.5284
-4.52887
-4.52894
-4.52788
-4.52842
-4.52799
-4.52942
-4.53057
-4.53183
-4.53256
-4.53334
-4.5334
-4.5329
-4.53335
-4.53295
-4.53294
-4.53184
-4.53104
-4.53057
-4.52895
-4.52831
-4.5282
-4.52802
-4.52776
-4.52668
-4.52777
-4.52755
-4.52887
-4.52929
-4.52983
-4.53062
-4.53076
-4.53067
-4.53112
-4.53015
-4.53018
-4.52971
-4.52862
-4.52887
-4.52852
-4.52815
-4.52792
-4.52844
-4.52746
-4.52652
-4.52611
-4.52565
-4.52498
-4.5253
-4.52598
-4.52667
-4.52722
-4.52807
-4.52782
-4.52754
-4.52706
-4.52653
-4.52628
-4.52573
-4.52582
-4.52579
-4.52638
-4.5265
-4.52644
-4.52633
-4.52646
-4.52682
-4.52634
-4.52623
-4.52531
-4.52495
-4.52403
-4.52395
-4.52281
-4.52349
-4.52293
-4.52225
-4.52241
-4.52218
-4.52171
-4.5224
-4.5223
-4.52145
-4.52215
-4.5232
-4.52433
-4.52525
-4.52548
-4.52604
-4.52579
-4.52591
-4.52622
-4.52539
-4.52618
-4.52667
-4.52598
-4.52544
-4.52425
-4.52422
-4.52328
-4.52316
-4.52299
-4.52309
-4.52311
-4.5233
-4.52238
-4.52289
-4.52195
-4.52305
-4.5232
-4.52395
-4.52308
-4.52348
-4.52365
-4.52386
-4.52517
-4.52544
-4.52631
-4.52657
-4.52653
-4.52692
-4.52698
-4.52729
-4.52784
-4.52788
-4.5282
-4.52789
-4.52699
-4.52609
-4.52642
-4.5257
-4.52576
-4.52466
-4.52529
-4.52583
-4.52645
-4.52639
-4.52653
-4.52758
-4.52766
-4.5276
-4.52648
-4.52566
-4.52596
-4.5255
-4.5254
-4.52524
-4.52502
-4.525
-4.52442
-4.52493
-4.52519
-4.52673
-4.52849
-4.52835
-4.52868
-4.52793
-4.52774
-4.52746
-4.52768
-4.52855
-4.52753
-4.52691
-4.52657
-4.52715
-4.52775
-4.52686
-4.52659
-4.52603
-4.52562
-4.5258
-4.52645
-4.52679
-4.52698
-4.52673
-4.5265
-4.526
-4.52629
-4.52676
-4.52743
-4.52767
-4.52732
-4.52773
-4.528
-4.52752
-4.52703
-4.52728
-4.52807
-4.52849
-4.52792
-4.52789
-4.52739
-4.52709
-4.52705
-4.52729
-4.52701
-4.52716
-4.52778
-4.52899
-4.52945
-4.52969
-4.52861
-4.52763
-4.52769
-4.52787
-4.52875
-4.52834
-4.52781
-4.52762
-4.52703
-4.5271
-4.5281
-4.528
-4.52762
-4.52812
-4.52755
-4.52793
-4.52736
-4.52773
-4.52807
-4.52748
-4.52715
-4.52762
-4.52717
-4.52787
-4.52803
-4.52807
-4.52787
-4.529
-4.52884
-4.52852
-4.52879
-4.52862
-4.5285
-4.52824
-4.52859
-4.52871
-4.52777
-4.52795
-4.52856
-4.52799
-4.52775
-4.52798
-4.52831
-4.52849
-4.52827
-4.52803
-4.52789
-4.52742
-4.52795
-4.52736
-4.52724
-4.52735
-4.52768
-4.52677
-4.52673
-4.52618
-4.52507
-4.52512
-4.52561
-4.52649
-4.52637
-4.52673
-4.52696
-4.52706
-4.52688
-4.52763
-4.5278
-4.52812
-4.52842
-4.52944
-4.53014
-4.53098
-4.53044
-4.52943
-4.52854
-4.52865
-4.5284
-4.52734
-4.527
-4.52651
-4.52575
-4.52672
-4.52777
-4.52649
-4.52723
-4.52726
-4.52638
-4.5261
-4.52655
-4.52665
-4.52684
-4.52665
-4.52655
-4.52717
-4.5272
-4.52681
-4.52664
-4.52713
-4.52734
-4.52756
-4.52563
-4.52548
-4.52529
-4.52492
-4.52513
-4.52532
-4.52459
-4.5246
-4.52428
-4.5247
-4.52586
-4.52551
-4.52503
-4.52431
-4.52489
-4.52471
-4.52497
-4.52568
-4.52616
-4.52664
-4.52642
-4.52561
-4.52556
-4.5251
-4.52503
-4.52539
-4.52586
-4.52674
-4.52606
-4.52516
-4.52531
-4.52502
-4.52464
-4.52526
-4.52581
-4.52613
-4.52666
-4.52705
-4.52759
-4.5269
-4.52725
-4.52713
-4.52686
-4.52692
-4.52716
-4.52728
-4.52832
-4.52846
-4.52858
-4.52806
-4.5275
-4.52854
-4.52877
-4.5282
-4.52818
-4.52769
-4.52706
-4.52648
-4.52553
-4.5262
-4.52653
-4.52696
-4.52729
-4.52701
-4.52804
-4.52749
-4.52657
-4.52603
-4.52632
-4.52686
-4.52658
-4.5264
-4.5263
-4.52555
-4.52506
-4.52424
-4.52372
-4.52306
-4.52246
-4.52225
-4.52292
-4.52328
-4.52393
-4.52576
-4.52602
-4.52602
-4.52631
-4.52657
-4.5269
-4.52728
-4.52663
-4.52707
-4.52665
-4.5269
-4.52618
-4.52618
-4.52617
-4.52587
-4.52514
-4.52537
-4.52521
-4.52621
-4.52549
-4.52472
-4.5245
-4.52497
-4.52624
-4.526
-4.52602
-4.52562
-4.52464
-4.52409
-4.52383
-4.52355
-4.52405
-4.524
-4.5231
-4.52339
-4.5241
-4.52531
-4.52633
-4.52615
-4.52599
-4.52613
-4.52588
-4.52583
-4.52481
-4.52409
-4.52332
-4.52234
-4.52274
-4.52302
-4.52393
-4.52433
-4.52419
-4.52393
-4.52314
-4.52316
-4.52302
-4.52265
-4.52326
-4.52381
-4.52349
-4.52333
-4.52253
-4.52335
-4.52371
-4.52425
-4.52395
-4.52466
-4.52456
-4.52451
-4.52462
-4.52471
-4.52491
-4.5248
-4.52558
-4.52576
-4.52548
-4.52501
-4.5251
-4.52466
-4.52427
-4.5241
-4.52402
-4.52425
-4.5239
-4.5242
-4.52349
-4.5237
-4.52345
-4.52392
-4.5236
-4.52279
-4.52197
-4.52221
-4.52189
-4.5215
-4.5214
-4.52174
-4.52203
-4.52158
-4.52212
-4.52178
-4.52308
-4.52365
-4.52321
-4.52259
-4.52273
-4.52352
-4.52411
-4.52557
-4.52594
-4.52493
-4.52505
-4.52567
-4.52552
-4.52637
-4.52637
-4.52566
-4.52609
-4.52557
-4.52639
-4.52545
-4.52503
-4.52564
-4.52562
-4.52643
-4.52783
-4.52837
-4.52887
-4.52931
-4.52942
-4.52926
-4.52843
-4.52762
-4.5278
-4.52662
-4.52688
-4.52576
-4.52534
-4.52503
-4.52616
-4.5271
-4.52769
-4.52859
-4.52941
-4.52988
-4.52883
-4.52839
-4.52768
-4.52748
-4.52643
-4.52696
-4.52812
-4.52807
-4.52846
-4.52943
-4.52883
-4.52878
-4.52792
-4.52775
-4.52753
-4.5277
-4.52694
-4.52586
-4.5254
-4.52454
-4.52528
-4.52569
-4.5255
-4.52531
-4.5254
-4.52573
-4.52651
-4.5269
-4.52636
-4.52654
-4.52562
-4.52473
-4.52545
-4.5253
-4.52477
-4.52481
-4.52511
-4.52566
-4.52582
-4.52559
-4.526
-4.52566
-4.52618
-4.52571
-4.52525
-4.52496
-4.52561
-4.52604
-4.52633
-4.52609
-4.52536
-4.52521
-4.5253
-4.52483
-4.52494
-4.52561
-4.52532
-4.52561
-4.52499
-4.52591
-4.52508
-4.52479
-4.52624
-4.5262
-4.52643
-4.52627
-4.52691
-4.5267
-4.5264
-4.52635
-4.52594
-4.52536
-4.52614
-4.52606
-4.52578
-4.52672
-4.52691
-4.52618
-4.52653
-4.52683
-4.5276
-4.52702
-4.52736
-4.52745
-4.52746
-4.52623
-4.52589
-4.52543
-4.52411
-4.52425
-4.52391
-4.52475
-4.52509
-4.52517
-4.52542
-4.5249
-4.52528
-4.52522
-4.52576
-4.52597
-4.52644
-4.52607
-4.52664
-4.52755
-4.52639
-4.52576
-4.52588
-4.52573
-4.52388
-4.52336
-4.52283
-4.5233
-4.52429
-4.52408
-4.52444
-4.5252
-4.52499
-4.52519
-4.52505
-4.52549
-4.525
-4.52466
-4.52503
-4.52476
-4.5252
-4.52423
-4.52477
-4.52413
-4.5237
-4.52351
-4.52383
-4.52418
-4.52438
-4.52486
-4.5246
-4.52451
-4.52451
-4.52549
-4.52551
-4.52633
-4.52731
-4.52781
-4.52777
-4.52716
-4.52778
-4.52826
-4.52758
-4.52726
-4.52705
-4.52685
-4.52669
-4.52721
-4.52646
-4.52533
-4.52546
-4.52576
-4.52561
-4.52574
-4.52647
-4.52673
-4.52624
-4.52594
-4.52556
-4.52555
-4.52651
-4.52645
-4.52608
-4.52673
-4.52686
-4.52797
-4.52857
-4.52821
-4.52843
-4.52925
-4.52945
-4.52994
-4.52888
-4.52885
-4.5285
-4.52864
-4.52813
-4.5282
-4.52716
-4.5278
-4.5273
-4.52805
-4.52826
-4.52829
-4.52788
-4.52721
-4.52614
-4.52511
-4.52533
-4.52617
-4.52597
-4.52638
-4.52678
-4.52566
-4.52664
-4.52714
-4.527
-4.52774
-4.52893
-4.52861
-4.52832
-4.52912
-4.52856
-4.52859
-4.52874
-4.52809
-4.5286
-4.52895
-4.52915
-4.52832
-4.52917
-4.52957
-4.52965
-4.52894
-4.52864
-4.52921
-4.52888
-4.52902
-4.52859
-4.52836
-4.52911
-4.52934
-4.52967
-4.52993
-4.5304
-4.53088
-4.53086
-4.5306
-4.5304
-4.5306
-4.53063
-4.52961
-4.52923
-4.52917
-4.52956
-4.53036
-4.53049
-4.52992
-4.52943
-4.52934
-4.52922
-4.52897
-4.52755
-4.52771
-4.52749
-4.52615
-4.5255
-4.52522
-4.52602
-4.52696
-4.52693
-4.52668
-4.52696
-4.52779
-4.52737
-4.52646
-4.52587
-4.52514
-4.52565
-4.52499
-4.5251
-4.52583
-4.52657
-4.5258
-4.52565
-4.52612
-4.52589
-4.52572
-4.52576
-4.5266
-4.5273
-4.52708
-4.52684
-4.52718
-4.5287
-4.52929
-4.52981
-4.53011
-4.52987
-4.53013
-4.5294
-4.52983
-4.52932
-4.53018
-4.52913
-4.52878
-4.52853
-4.5288
-4.52849
-4.52829
-4.52849
-4.52883
-4.5286
-4.52862
-4.52813
-4.52804
-4.52814
-4.5281
-4.52788
-4.5285
-4.52771
-4.52869
-4.52797
-4.52814
-4.528
-4.52832
-4.52863
-4.52879
-4.52866
-4.52852
-4.52794
-4.52751
-4.52755
-4.52778
-4.52777
-4.52904
-4.52916
-4.52945
-4.52922
-4.52903
-4.52926
-4.52841
-4.52816
-4.52722
-4.527
-4.5265
-4.5267
-4.52579
-4.52545
-4.52523
-4.52482
-4.52451
-4.52533
-4.52574
-4.5257
-4.52487
-4.52441
-4.52523
-4.52552
-4.52518
-4.52577
-4.5258
-4.52663
-4.52747
-4.52815
-4.52832
-4.52813
-4.5273
-4.52675
-4.52636
-4.52583
-4.52488
-4.52549
-4.52614
-4.52622
-4.52664
-4.5281
-4.52894
-4.52883
-4.52808
-4.52807
-4.52805
-4.52807
-4.52737
-4.52655
-4.52681
-4.5272
-4.52681
-4.52786
-4.52811
-4.52848
-4.52838
-4.52813
-4.52803
-4.52869
-4.52862
-4.52891
-4.52959
-4.53007
-4.53093
-4.53093
-4.53091
-4.53036
-4.52968
-4.53022
-4.52972
-4.52974
-4.52971
-4.52925
-4.52959
-4.52925
-4.5287
-4.52866
-4.52852
-4.52898
-4.52989
-4.52924
-4.52944
-4.52839
-4.52835
-4.52799
-4.5278
-4.52691
-4.52675
-4.52586
-4.52657
-4.52721
-4.52831
-4.52847
-4.52962
-4.52983
-4.52908
-4.52901
-4.52851
-4.52905
-4.52875
-4.52765
-4.52787
-4.52791
-4.52789
-4.52795
-4.52745
-4.52726
-4.52689
-4.52633
-4.52619
-4.52571
-4.52673
-4.52657
-4.52617
-4.52614
-4.52738
-4.52774
-4.52792
-4.52849
-4.52803
-4.52821
-4.52783
-4.52802
-4.52644
-4.5266
-4.52764
-4.5262
-4.52569
-4.52618
-4.52569
-4.52576
-4.52537
-4.52454
-4.52405
-4.5248
-4.52425
-4.52406
-4.52425
-4.52512
-4.52545
-4.52641
-4.52645
-4.52749
-4.52814
-4.52867
-4.52785
-4.5281
-4.52777
-4.5269
-4.52568
-4.52613
-4.52589
-4.52589
-4.52601
-4.52639
-4.52599
-4.52675
-4.52743
-4.5274
-4.5275
-4.5274
-4.52704
-4.52641
-4.52643
-4.5253
-4.5255
-4.52509
-4.52518
-4.52505
-4.52532
-4.52572
-4.52639
-4.52674
-4.52748
-4.52812
-4.52934
-4.52867
-4.52999
-4.52876
-4.52785
-4.52758
-4.52725
-4.52597
-4.5265
-4.52613
-4.52546
-4.52508
-4.52482
-4.52391
-4.52386
-4.52319
-4.52253
-4.52208
-4.52161
-4.52162
-4.52107
-4.52177
-4.5214
-4.52247
-4.52277
-4.52313
-4.5229
-4.52444
-4.52321
-4.52391
-4.52373
-4.52408
-4.52395
-4.52355
-4.52245
-4.52142
-4.52152
-4.52169
-4.52225
-4.52259
-4.52335
-4.52319
-4.52362
-4.52416
-4.5252
-4.52559
-4.52662
-4.52704
-4.52608
-4.52528
-4.52557
-4.52364
-4.52375
-4.5244
-4.52335
-4.52256
-4.52208
-4.52147
-4.52138
-4.52214
-4.52213
-4.52271
-4.52225
-4.5227
-4.5242
-4.5249
-4.52473
-4.52452
-4.5245
-4.52551
-4.52511
-4.52514
-4.52461
-4.52401
-4.52415
-4.52491
-4.52464
-4.52547
-4.52544
-4.52502
-4.52437
-4.52392
-4.52367
-4.52311
-4.52346
-4.5238
-4.52413
-4.52432
-4.52467
-4.52472
-4.52495
-4.52549
-4.52589
-4.5249
-4.52538
-4.52471
-4.52456
-4.52389
-4.52381
-4.52349
-4.52328
-4.52288
-4.5229
-4.52376
-4.52466
-4.52541
-4.52569
-4.52563
-4.52614
-4.52615
-4.52687
-4.52722
-4.52647
-4.52732
-4.52752
-4.52768
-4.52781
-4.52688
-4.52629
-4.5265
-4.52753
-4.52725
-4.52745
-4.52596
-4.5261
-4.52602
-4.52558
-4.52573
-4.52649
-4.52641
-4.52671
-4.52678
-4.526
-4.52628
-4.52654
-4.52645
-4.52613
-4.52589
-4.52618
-4.52717
-4.52706
-4.52649
-4.52625
-4.52622
-4.52568
-4.52602
-4.52603
-4.52689
-4.52677
-4.52727
-4.52716
-4.52803
-4.52837
-4.52845
-4.52842
-4.52845
-4.52869
-4.52935
-4.52939
-4.52837
-4.52831
-4.52725
-4.52762
-4.52791
-4.52779
-4.52801
-4.52858
-4.52925
-4.53019
-4.53063
-4.53109
-4.53147
-4.53109
-4.531
-4.53124
-4.53202
-4.53231
-4.53286
-4.5325
-4.53198
-4.53252
-4.53187
-4.53111
-4.53084
-4.53152
-4.53209
-4.53146
-4.53143
-4.53137
-4.53173
-4.53115
-4.53042
-4.53003
-4.5291
-4.52825
-4.52897
-4.52864
-4.52843
-4.52969
-4.53019
-4.53042
-4.53023
-4.531
-4.53103
-4.53179
-4.53309
-4.53356
-4.53319
-4.5323
-4.53197
-4.53191
-4.53217
-4.53171
-4.53223
-4.5313
-4.53074
-4.53007
-4.53049
-4.53134
-4.53171
-4.53096
-4.53107
-4.53113
-4.53102
-4.53044
-4.53046
-4.5305
-4.52965
-4.52926
-4.52934
-4.53032
-4.52949
-4.52957
-4.52953
-4.52923
-4.52854
-4.52872
-4.52916
-4.53047
-4.5307
-4.53146
-4.53224
-4.53266
-4.53387
-4.53371
-4.53428
-4.53363
-4.53357
-4.53292
-4.53214
-4.53171
-4.53137
-4.53162
-4.52963
-4.52998
-4.52847
-4.52694
-4.52754
-4.52653
-4.52633
-4.52679
-4.52695
-4.52716
-4.52757
-4.52794
-4.52868
-4.52863
-4.52875
-4.52868
-4.52815
-4.52764
-4.5276
-4.52681
-4.52661
-4.52598
-4.52479
-4.52415
-4.52425
-4.52436
-4.52535
-4.52561
-4.52624
-4.52627
-4.52733
-4.52793
-4.528
-4.52686
-4.52716
-4.52698
-4.52721
-4.52813
-4.52829
-4.52812
-4.52891
-4.52931
-4.52857
-4.52867
-4.52738
-4.52669
-4.52573
-4.5256
-4.52526
-4.52532
-4.52559
-4.5263
-4.52696
-4.52634
-4.52584
-4.52552
-4.5248
-4.52448
-4.52424
-4.52559
-4.52591
-4.52593
-4.52678
-4.52691
-4.5266
-4.52676
-4.52651
-4.52605
-4.52497
-4.52497
-4.52487
-4.52501
-4.52464
-4.52557
-4.52553
-4.52631
-4.52635
-4.52743
-4.52693
-4.52635
-4.52494
-4.52446
-4.52497
-4.52577
-4.52646
-4.52614
-4.52593
-4.52476
-4.52454
-4.52461
-4.52443
-4.52404
-4.52346
-4.52405
-4.52428
-4.52505
-4.52498
-4.52481
-4.5254
-4.52581
-4.52782
-4.52841
-4.52937
-4.52785
-4.52749
-4.52816
-4.52881
-4.52915
-4.53008
-4.52933
-4.52872
-4.52946
-4.52961
-4.52888
-4.52786
-4.52746
-4.52647
-4.52623
-4.52616
-4.52627
-4.52674
-4.52606
-4.5268
-4.52725
-4.52693
-4.52748
-4.52659
-4.52701
-4.52753
-4.52685
-4.52743
-4.52749
-4.52735
-4.52807
-4.52886
-4.52878
-4.52837
-4.52834
-4.52837
-4.52813
-4.52823
-4.52764
-4.52759
-4.52707
-4.52685
-4.52652
-4.52642
-4.52641
-4.52572
-4.52524
-4.52597
-4.5259
-4.5265
-4.52563
-4.52573
-4.52563
-4.52521
-4.52496
-4.52521
-4.52478
-4.52625
-4.52642
-4.52576
-4.52471
-4.52476
-4.52498
-4.52594
-4.52655
-4.52678
-4.52738
-4.52746
-4.52721
-4.52789
-4.52802
-4.52823
-4.52761
-4.52886
-4.52873
-4.52901
-4.53027
-4.53054
-4.53013
-4.52982
-4.52964
-4.52809
-4.52851
-4.52847
-4.52797
-4.52717
-4.52727
-4.52678
-4.52679
-4.52702
-4.52763
-4.52788
-4.52896
-4.52855
-4.52812
-4.52853
-4.52858
-4.53043
-4.5308
-4.53034
-4.52892
-4.52862
-4.52924
-4.52968
-4.53049
-4.53028
-4.53009
-4.52993
-4.52966
-4.52887
-4.52805
-4.52693
-4.52659
-4.5263
-4.52595
-4.52691
-4.52622
-4.52539
-4.52515
-4.5254
-4.52567
-4.52527
-4.52525
-4.52498
-4.5249
-4.52542
-4.5252
-4.52435
-4.52461
-4.52618
-4.52525
-4.52528
-4.52508
-4.52501
-4.52389
-4.52462
-4.52507
-4.52509
-4.52603
-4.52696
-4.52712
-4.52682
-4.52715
-4.52628
-4.52652
-4.52589
-4.52573
-4.52527
-4.52581
-4.52657
-4.52632
-4.52673
-4.52557
-4.52468
-4.5247
-4.52433
-4.52419
-4.524
-4.52482
-4.52465
-4.52447
-4.52468
-4.52402
-4.52413
-4.5237
-4.524
-4.52389
-4.52372
-4.52354
-4.52366
-4.52378
-4.5245
-4.52458
-4.5247
-4.52464
-4.52464
-4.52479
-4.52523
-4.52536
-4.52581
-4.5259
-4.52612
-4.52667
-4.52652
-4.52582
-4.52606
-4.52615
-4.52591
-4.52638
-4.52635
-4.52658
-4.52571
-4.52481
-4.52435
-4.52435
-4.52348
-4.52433
-4.52479
-4.52474
-4.52494
-4.52419
-4.52414
-4.5237
-4.52452
-4.52474
-4.52522
-4.52534
-4.52582
-4.52605
-4.52577
-4.52558
-4.52447
-4.52501
-4.52541
-4.52491
-4.52471
-4.52557
-4.52599
-4.52583
-4.52524
-4.52498
-4.52565
-4.52601
-4.52589
-4.52572
-4.52519
-4.52505
-4.52518
-4.52606
-4.52548
-4.52528
-4.52578
-4.5256
-4.52503
-4.52477
-4.52509
-4.52476
-4.52546
-4.52493
-4.52515
-4.52536
-4.52542
-4.52619
-4.52568
-4.52539
-4.52486
-4.52441
-4.52528
-4.52358
-4.52284
-4.5231
-4.52318
-4.52247
-4.52323
-4.52345
-4.52326
-4.5232
-4.5234
-4.52264
-4.52381
-4.52508
-4.52542
-4.52557
-4.52524
-4.52413
-4.52468
-4.52571
-4.52511
-4.52516
-4.52449
-4.52369
-4.52472
-4.52438
-4.52473
-4.52426
-4.52339
-4.52363
-4.52365
-4.52394
-4.5235
-4.52251
-4.52253
-4.52208
-4.52295
-4.52438
-4.52433
-4.52425
-4.52469
-4.52562
-4.52494
-4.52478
-4.52414
-4.52368
-4.52389
-4.52373
-4.52424
-4.52449
-4.52446
-4.52486
-4.52509
-4.52591
-4.52445
-4.5242
-4.52473
-4.52392
-4.52416
-4.52469
-4.5246
-4.52372
-4.52346
-4.52395
-4.52382
-4.52411
-4.52556
-4.52559
-4.52558
-4.526
-4.52611
-4.52549
-4.52534
-4.52492
-4.52467
-4.52413
-4.52373
-4.52258
-4.52296
-4.52217
-4.5228
-4.52353
-4.52345
-4.52316
-4.52338
-4.52344
-4.52345
-4.52367
-4.5239
-4.5228
-4.52293
-4.52344
-4.52349
-4.52283
-4.52272
-4.52303
-4.52238
-4.52375
-4.52379
-4.52378
-4.524
-4.52398
-4.52358
-4.52341
-4.52368
-4.52317
-4.52298
-4.52313
-4.52287
-4.52342
-4.52328
-4.52332
-4.52354
-4.52495
-4.5256
-4.52651
-4.5268
-4.52648
-4.52736
-4.52736
-4.52755
-4.5281
-4.52839
-4.52797
-4.52741
-4.52804
-4.52831
-4.52852
-4.52851
-4.52754
-4.52789
-4.52881
-4.5291
-4.52922
-4.52872
-4.52764
-4.52692
-4.52827
-4.52856
-4.52841
-4.52853
-4.52839
-4.52926
-4.52882
-4.52884
-4.52873
-4.52819
-4.52709
-4.52653
-4.52636
-4.52602
-4.52555
-4.52586
-4.52563
-4.525
-4.52503
-4.52494
-4.52561
-4.52506
-4.52402
-4.5237
-4.52336
-4.52258
-4.52307
-4.52369
-4.52387
-4.52379
-4.52412
-4.52477
-4.52395
-4.52479
-4.52444
-4.52525
-4.52558
-4.52607
-4.52668
-4.52633
-4.52668
-4.52701
-4.52674
-4.52668
-4.52655
-4.52741
-4.52742
-4.52792
-4.52839
-4.52925
-4.52924
-4.5291
-4.52898
-4.52815
-4.52772
-4.5273
-4.52709
-4.52761
-4.52706
-4.52607
-4.52624
-4.52708
-4.52668
-4.52681
-4.52701
-4.52673
-4.52752
-4.52719
-4.52695
-4.52766
-4.52808
-4.52934
-4.529
-4.52902
-4.52882
-4.52828
-4.52861
-4.52877
-4.5289
-4.52883
-4.52902
-4.52781
-4.52764
-4.52797
-4.5278
-4.52825
-4.52829
-4.52819
-4.52836
-4.52795
-4.52857
-4.5291
-4.5292
-4.52931
-4.52899
-4.52902
-4.52927
-4.52917
-4.5289
-4.52831
-4.52757
-4.52788
-4.52731
-4.52724
-4.52681
-4.52666
-4.5271
-4.52705
-4.52691
-4.52793
-4.52914
-4.52927
-4.52971
-4.52886
-4.52844
-4.52763
-4.52786
-4.52901
-4.52835
-4.52838
-4.52854
-4.52858
-4.52815
-4.52801
-4.52655
-4.52642
-4.52649
-4.52681
-4.52665
-4.52689
-4.52675
-4.52634
-4.52625
-4.52645
-4.5265
-4.52623
-4.52653
-4.52647
-4.52648
-4.52717
-4.52658
-4.5264
-4.52516
-4.52471
-4.52461
-4.52455
-4.52452
-4.5248
-4.52419
-4.52405
-4.52394
-4.52372
-4.52443
-4.52411
-4.52348
-4.52203
-4.52323
-4.52312
-4.5226
-4.52306
-4.52288
-4.52213
-4.52118
-4.52296
-4.52238
-4.52279
-4.52243
-4.52346
-4.52393
-4.5239
-4.52321
-4.5225
-4.52169
-4.52189
-4.52253
-4.52184
-4.52148
-4.52178
-4.52197
-4.52145
-4.52155
-4.52167
-4.52178
-4.52206
-4.52342
-4.52361
-4.52429
-4.52381
-4.52428
-4.52449
-4.52564
-4.52603
-4.52683
-4.52741
-4.52669
-4.5272
-4.52701
-4.52642
-4.52637
-4.52521
-4.52464
-4.52453
-4.5246
-4.52414
-4.52441
-4.52423
-4.5242
-4.5243
-4.52475
-4.52535
-4.52545
-4.52563
-4.52652
-4.52645
-4.52604
-4.52573
-4.52614
-4.52637
-4.52659
-4.52548
-4.52564
-4.52574
-4.52609
-4.52561
-4.52606
-4.52679
-4.52712
-4.52747
-4.52799
-4.52734
-4.5274
-4.52808
-4.52835
-4.52808
-4.52847
-4.52877
-4.52837
-4.52818
-4.5286
-4.52898
-4.5305
-4.53086
-4.53025
-4.53026
-4.52978
-4.53037
-4.53098
-4.53111
-4.53186
-4.53208
-4.53123
-4.53095
-4.52987
-4.52922
-4.5286
-4.52913
-4.52816
-4.52728
-4.52676
-4.52653
-4.52752
-4.52782
-4.52754
-4.52875
-4.52833
-4.52873
-4.5296
-4.52998
-4.52993
-4.52994
-4.53139
-4.53184
-4.53065
-4.53081
-4.53018
-4.53097
-4.53214
-4.53111
-4.53093
-4.53027
-4.52962
-4.52947
-4.52988
-4.52919
-4.52863
-4.52861
-4.52774
-4.52749
-4.52861
-4.52854
-4.52805
-4.52773
-4.52815
-4.52868
-4.52928
-4.52919
-4.52949
-4.52914
-4.52969
-4.53073
-4.53016
-4.53054
-4.53065
-4.52969
-4.52961
-4.52977
-4.53003
-4.53024
-4.52996
-4.52949
-4.52944
-4.52848
-4.52782
-4.52793
-4.52748
-4.52737
-4.52654
-4.52617
-4.52593
-4.52654
-4.52605
-4.52492
-4.52471
-4.52444
-4.52416
-4.52345
-4.5246
-4.52409
-4.52472
-4.5249
-4.52578
-4.52609
-4.52628
-4.52708
-4.52697
-4.52763
-4.52739
-4.52613
-4.52599
-4.52566
-4.52594
-4.52552
-4.5252
-4.5244
-4.52464
-4.525
-4.52435
-4.52565
-4.52491
-4.52515
-4.52459
-4.52492
-4.52437
-4.52342
-4.52344
-4.52473
-4.52472
-4.52488
-4.52534
-4.52521
-4.5248
-4.52473
-4.52562
-4.52638
-4.52773
-4.52734
-4.52837
-4.52958
-4.52963
-4.52964
-4.52904
-4.52846
-4.52871
-4.52887
-4.52924
-4.52963
-4.52942
-4.52918
-4.52828
-4.52899
-4.52857
-4.5293
-4.52894
-4.52901
-4.52757
-4.5266
-4.52627
-4.52673
-4.52679
-4.52661
-4.52756
-4.5275
-4.5273
-4.52768
-4.52737
-4.52668
-4.52667
-4.5271
-4.52768
-4.52695
-4.52703
-4.52733
-4.52693
-4.52658
-4.5264
-4.52699
-4.5271
-4.52657
-4.52616
-4.52711
-4.52744
-4.52734
-4.52802
-4.52783
-4.52872
-4.52828
-4.528
-4.52801
-4.52752
-4.52728
-4.52725
-4.52743
-4.52675
-4.52555
-4.52555
-4.52483
-4.52435
-4.52444
-4.52464
-4.52431
-4.52403
-4.52454
-4.5246
-4.52539
-4.5251
-4.52504
-4.524
-4.52439
-4.52458
-4.52416
-4.52361
-4.52311
-4.52406
-4.52416
-4.52429
-4.52456
-4.52446
-4.52504
-4.52432
-4.52386
-4.52354
-4.52327
-4.52279
-4.5224
-4.523
-4.52378
-4.52424
-4.52522
-4.52504
-4.52504
-4.52512
-4.52575
-4.52609
-4.52557
-4.5256
-4.52527
-4.52519
-4.52532
-4.52564
-4.5261
-4.52656
-4.52638
-4.52528
-4.52399
-4.52464
-4.52464
-4.52475
-4.52528
-4.52533
-4.52476
-4.52449
-4.52438
-4.52412
-4.52434
-4.52369
-4.52293
-4.52299
-4.52325
-4.52354
-4.52342
-4.52316
-4.52292
-4.52329
-4.52319
-4.52352
-4.5241
-4.52433
-4.52512
-4.52602
-4.52689
-4.52711
-4.52682
