0.633532
0.636046
0.637762
0.638667
0.638847
0.638518
0.637992
0.637602
0.637633
0.638337
0.639876
0.64231
0.645632
0.649719
0.654339
0.659171
0.663863
0.668073
0.671474
0.673812
0.674896
0.674607
0.672881
0.669724
0.665232
0.659573
0.652993
0.645797
0.638281
0.630722
0.623339
0.616311
0.609765
0.603811
0.598526
0.593944
0.590075
0.587016
0.585039
0.584614
0.586364
0.590837
0.598245
0.608304
0.620211
0.632812
0.644923
0.655664
0.664602
0.671762
0.677472
0.68217
0.686236
0.689878
0.693057
0.695515
0.696832
0.696517
0.69411
0.689268
0.681918
0.672416
0.661604
0.650721
0.641004
0.633186
0.627243
0.622627
0.618736
0.615308
0.612413
0.610303
0.609205
0.609205
0.610255
0.612203
0.614802
0.617706
0.620482
0.622676
0.623865
0.623778
0.622382
0.619914
0.616876
0.613965
0.611995
0.611712
0.613608
0.617782
0.623875
0.631152
0.638588
0.645117
0.649789
0.651869
0.65094
0.646885
0.639856
0.630244
0.618594
0.605575
0.591934
0.578489
0.566056
0.555383
0.547079
0.541547
0.538939
0.539175
0.541982
0.54695
0.553607
0.561452
0.569988
0.57871
0.587114
0.59472
0.601066
0.60572
0.608304
0.608552
0.606363
0.601946
0.595889
0.589196
0.583173
0.579134
0.578015
0.580115
0.58512
0.592372
0.601187
0.611025
0.621514
0.632396
0.643465
0.654497
0.665284
0.675606
0.685254
0.694042
0.70177
0.708179
0.713011
0.716016
0.717022
0.715993
0.713031
0.708358
0.702298
0.695226
0.687551
0.679683
0.672031
0.664981
0.658834
0.653749
0.649703
0.646508
0.643943
0.641793
0.63993
0.638264
0.63667
0.634881
0.632487
0.629018
0.62409
0.617564
0.609644
0.60093
0.592312
0.584769
0.579108
0.575752
0.574682
0.575512
0.577596
0.580186
0.582587
0.584276
0.585019
0.584913
0.584382
0.584081
0.584771
0.587121
0.591547
0.598055
0.60622
0.615265
0.624177
0.631867
0.637329
0.639781
0.638764
0.634244
0.626648
0.616808
0.605921
0.595318
0.586266
0.579743
0.576323
0.576164
0.579067
0.584556
0.591951
0.600472
0.609341
0.617899
0.625662
0.632329
0.637757
0.641912
0.644872
0.646843
0.648149
0.649158
0.650163
0.651308
0.652524
0.65359
0.65429
0.654576
0.654604
0.6547
0.655244
0.656502
0.658527
0.661109
0.663825
0.666129
0.667488
0.667461
0.66576
0.662268
0.657027
0.650231
0.642192
0.633306
0.624019
0.614798
0.606091
0.598308
0.59179
0.5868
0.583512
0.582015
0.582312
0.584298
0.587776
0.592472
0.598029
0.604025
0.609963
0.615245
0.61919
0.621135
0.620595
0.61743
0.611969
0.604992
0.597649
0.591145
0.586458
0.584108
0.584089
0.585944
0.588966
0.592429
0.595788
0.598748
0.601329
0.603785
0.606471
0.6097
0.613599
0.61803
0.622596
0.626693
0.629624
0.630815
0.629989
0.627316
0.62339
0.619041
0.615051
0.611873
0.609511
0.607613
0.605694
0.603425
0.600753
0.597921
0.595252
0.592882
0.590641
0.588203
0.585354
0.582264
0.579486
0.577697
0.577304
0.578277
0.580235
0.58267
0.585145
0.587312
0.588901
0.58974
0.589801
0.589279
0.588569
0.5882
0.588685
0.59038
0.593338
0.597209
0.601322
0.604826
0.606937
0.607129
0.605283
0.601677
0.596891
0.591623
0.586599
0.58246
0.579694
0.578598
0.579239
0.581525
0.585215
0.58999
0.595485
0.601347
0.607302
0.613191
0.619017
0.624877
0.630904
0.637135
0.643438
0.649443
0.654623
0.658444
0.660497
0.660572
0.658664
0.654919
0.649609
0.643096
0.63579
0.628151
0.620625
0.613625
0.607566
0.60281
0.599646
0.598237
0.598563
0.600409
0.603423
0.607199
0.611333
0.615422
0.619084
0.621931
0.623629
0.623929
0.622737
0.620173
0.616634
0.61274
0.609271
0.606966
0.606285
0.607275
0.609564
0.612499
0.615408
0.617724
0.619083
0.619258
0.61816
0.615835
0.612432
0.608267
0.603711
0.599082
0.59454
0.590068
0.585543
0.580857
0.576038
0.571311
0.56706
0.56368
0.561435
0.560365
0.560317
0.561061
0.562458
0.564599
0.567835
0.572678
0.579642
0.589032
0.600778
0.61439
0.629021
0.643636
0.657205
0.668816
0.677729
0.683442
0.685701
0.684521
0.680242
0.673434
0.664832
0.655246
0.64546
0.636179
0.627985
0.621304
0.616324
0.612968
0.610884
0.609552
0.608432
0.607122
0.605388
0.603162
0.600476
0.597435
0.59421
0.591103
0.588575
0.587229
0.587674
0.590269
0.594924
0.601078
0.607858
0.614339
0.619758
0.623656
0.625965
0.627087
0.627782
0.628842
0.63062
0.6327
0.634024
0.633449
0.630359
0.625009
0.61843
0.612047
0.60721
0.604867
0.605441
0.608852
0.614576
0.621726
0.62921
0.635905
0.64084
0.643348
0.643114
0.640204
0.635022
0.62823
0.620627
0.61304
0.606186
0.600557
0.59642
0.593862
0.592862
0.593332
0.595144
0.598071
0.601753
0.605707
0.609406
0.612365
0.614252
0.614943
0.61451
0.613132
0.61107
0.608617
0.606101
0.603907
0.602483
0.602269
0.603636
0.606788
0.611666
0.61796
0.625161
0.63266
0.63986
0.646259
0.651511
0.655467
0.658169
0.659798
0.660612
0.660826
0.660555
0.659729
0.658131
0.655437
0.651328
0.645593
0.638189
0.629298
0.619324
0.608913
0.598918
0.590381
0.584419
0.581947
0.583309
0.588071
0.595171
0.60332
0.611398
0.618641
0.624598
0.628981
0.631591
0.632222
0.630716
0.627041
0.621409
0.614372
0.606954
0.600543
0.596544
0.595833
0.598298
0.602876
0.608053
0.612479
0.615317
0.616259
0.615427
0.613222
0.610206
0.607033
0.604357
0.602724
0.602474
0.603698
0.606295
0.610073
0.614902
0.620761
0.62769
0.635713
0.644716
0.654394
0.664239
0.673625
0.681919
0.688588
0.693257
0.695758
0.696071
0.694267
0.690504
0.684978
0.677913
0.669608
0.660489
0.651134
0.642244
0.634537
0.628561
0.624608
0.622718
0.622773
0.624562
0.627766
0.631908
0.636396
0.640633
0.644103
0.646492
0.647719
0.647933
0.647428
0.646572
0.6457
0.645052
0.644762
0.644861
0.645317
0.646026
0.646847
0.647606
0.648096
0.648121
0.647532
0.646241
0.644234
0.641577
0.638422
0.634971
0.631455
0.628113
0.625164
0.622808
0.621237
0.620649
0.621298
0.623463
0.627391
0.633154
0.64051
0.64887
0.657392
0.665162
0.671362
0.675396
0.676934
0.675996
0.672906
0.668238
0.662761
0.657309
0.652668
0.649464
0.648057
0.648459
0.650318
0.653019
0.655835
0.658094
0.659329
0.659354
0.658267
0.656373
0.654104
0.651895
0.650076
0.6488
0.647978
0.64731
0.646353
0.644634
0.641734
0.637445
0.631802
0.625093
0.617831
0.610629
0.604056
0.598506
0.59419
0.591257
0.589885
0.590352
0.592994
0.598039
0.605433
0.614789
0.625427
0.636539
0.64736
0.657284
0.665924
0.673047
0.678538
0.682376
0.684597
0.685281
0.684571
0.682643
0.679679
0.675875
0.671395
0.666377
0.660963
0.655285
0.649519
0.643926
0.638856
0.634677
0.631643
0.629719
0.628513
0.627443
0.625983
0.623919
0.621435
0.618974
0.617003
0.61579
0.615372
0.615716
0.616951
0.619418
0.62349
0.629324
0.636604
0.644473
0.651752
0.657297
0.66034
0.660741
0.659066
0.65642
0.654083
0.65301
0.653468
0.655115
0.657265
0.659197
0.66042
0.660696
0.659987
0.658336
0.655782
0.65233
0.647928
0.642534
0.636126
0.628776
0.62065
0.611992
0.603096
0.594269
0.585868
0.578285
0.571958
0.567266
0.564416
0.563336
0.563654
0.564799
0.566199
0.567474
0.56855
0.569681
0.571393
0.574311
0.578892
0.585213
0.592953
0.60156
0.610426
0.618961
0.62659
0.632775
0.637028
0.638965
0.638369
0.63526
0.629875
0.622683
0.614366
0.605736
0.597673
0.59101
0.586433
0.584344
0.584769
0.587361
0.591503
0.596518
0.601829
0.607071
0.612049
0.616666
0.620861
0.624588
0.627799
0.630472
0.632609
0.634274
0.63563
0.636899
0.63825
0.639671
0.64086
0.641304
0.640454
0.637979
0.633892
0.628573
0.622613
0.616663
0.611288
0.60689
0.6037
0.601795
0.601127
0.60155
0.602882
0.604905
0.607405
0.610187
0.613117
0.616121
0.619149
0.62219
0.625167
0.62793
0.630239
0.631822
0.632436
0.631916
0.630198
0.627332
0.623503
0.618975
0.614069
0.609119
0.604392
0.600061
0.59621
0.592878
0.590112
0.588065
0.587024
0.587342
0.589338
0.593178
0.598766
0.605712
0.613413
0.621163
0.628307
0.634316
0.638828
0.641647
0.642732
0.642231
0.640499
0.638143
0.635965
0.634837
0.635448
0.638102
0.642561
0.648105
0.653719
0.658343
0.661034
0.661052
0.657895
0.651361
0.641593
0.629177
0.615202
0.601187
0.588833
0.57963
0.574449
0.573365
0.575832
0.580995
0.588033
0.596272
0.605173
0.614256
0.62303
0.630985
0.637639
0.642604
0.645657
0.646774
0.64614
0.644124
0.641213
0.637947
0.634782
0.632024
0.629747
0.627815
0.626002
0.624141
0.622241
0.620495
0.619182
0.618525
0.618622
0.619414
0.620729
0.622383
0.624229
0.626167
0.628154
0.63016
0.632112
0.633889
0.635332
0.636289
0.636679
0.636473
0.635731
0.634583
0.633201
0.631722
0.630258
0.628843
0.627482
0.62616
0.624884
0.623677
0.622557
0.621495
0.62044
0.619397
0.618462
0.617894
0.618048
0.619256
0.621698
0.625261
0.629575
0.634126
0.638408
0.642059
0.644887
0.646889
0.648203
0.649091
0.649857
0.650697
0.651587
0.652223
0.652093
0.650644
0.647462
0.642409
0.635722
0.628017
0.62021
0.61331
0.608129
0.605054
0.603985
0.604468
0.605922
0.607832
0.609838
0.61174
0.613461
0.614996
0.616364
0.617586
0.618644
0.61945
0.619829
0.619503
0.618163
0.615522
0.611435
0.605973
0.599458
0.592447
0.585657
0.579875
0.575875
0.574298
0.575563
0.579749
0.586519
0.595164
0.604774
0.614409
0.623255
0.63069
0.636309
0.639968
0.641757
0.641965
0.64096
0.639083
0.636498
0.633149
0.628847
0.623444
0.61701
0.609922
0.602844
0.59661
0.592096
0.59004
0.590928
0.594911
0.601857
0.611476
0.623438
0.637386
0.652803
0.668835
0.684232
0.697551
0.707508
0.713261
0.714518
0.71149
0.704772
0.695197
0.683709
0.671247
0.658696
0.646813
0.636194
0.627267
0.620257
0.615235
0.612191
0.611082
0.611823
0.614279
0.618224
0.623267
0.628847
0.634279
0.638831
0.641834
0.642824
0.641652
0.638526
0.633951
0.628509
0.622646
0.616541
0.610175
0.603508
0.596629
0.589814
0.583528
0.578343
0.57483
0.573403
0.574184
0.576958
0.581259
0.586501
0.592135
0.597734
0.603055
0.607986
0.612503
0.616559
0.619986
0.62248
0.623655
0.62318
0.620936
0.617135
0.612293
0.607156
0.602564
0.599263
0.597755
0.598211
0.6005
0.604231
0.608813
0.613567
0.617801
0.62089
0.622373
0.622025
0.61988
0.616214
0.611502
0.606325
0.601347
0.597206
0.594452
0.593454
0.594357
0.597049
0.601199
0.60636
0.612086
0.617987
0.623754
0.62912
0.633832
0.637663
0.640469
0.642299
0.643434
0.644325
0.645464
0.647167
0.649498
0.652227
0.65492
0.657063
0.658158
0.657833
0.655893
0.652314
0.647263
0.641122
0.634464
0.627976
0.622382
0.618322
0.616224
0.616267
0.618304
0.621912
0.626471
0.631292
0.635772
0.639519
0.642432
0.644673
0.646563
0.648405
0.650381
0.652465
0.654445
0.656026
0.656908
0.656891
0.655927
0.654143
0.651865
0.649559
0.647741
0.646805
0.646922
0.648004
0.649757
0.651803
0.653785
0.655435
0.656539
0.65688
0.656254
0.654483
0.651488
0.647313
0.642171
0.636452
0.630682
0.625421
0.621105
0.617899
0.615693
0.614172
0.612951
0.611675
0.610095
0.608111
0.605789
0.603373
0.601233
0.599767
0.599226
0.599595
0.600536
0.601517
0.60194
0.601265
0.599071
0.595135
0.589524
0.582648
0.575312
0.56854
0.563261
0.559961
0.558585
0.558816
0.560404
0.563354
0.567773
0.57368
0.58087
0.588984
0.597582
0.60624
0.61462
0.622465
0.629601
0.635923
0.641327
0.645711
0.648949
0.650919
0.651498
0.650675
0.648527
0.64514
0.640585
0.634891
0.628152
0.620623
0.612796
0.605363
0.599109
0.594742
0.592758
0.593334
0.596325
0.601324
0.607788
0.615113
0.622733
0.630173
0.63703
0.643013
0.647946
0.651752
0.65447
0.656205
0.657081
0.657223
0.656727
0.655649
0.654004
0.651797
0.649037
0.64575
0.641993
0.637906
0.633709
0.629741
0.626442
0.624277
0.623631
0.624695
0.627329
0.631072
0.635242
0.639079
0.641933
0.643397
0.643384
0.642163
0.640276
0.638349
0.636859
0.635952
0.635395
0.634686
0.633297
0.630861
0.627342
0.623071
0.618677
0.614967
0.612698
0.612367
0.61406
0.617395
0.621579
0.625618
0.628625
0.630133
0.63033
0.630116
0.630755
0.633134
0.637192
0.641968
0.646155
0.648678
0.648954
0.646858
0.642615
0.636729
0.629988
0.623429
0.618201
0.615346
0.615554
0.618994
0.625322
0.63377
0.643344
0.652957
0.661559
0.668238
0.672347
0.673606
0.672114
0.668294
0.66282
0.656505
0.650184
0.644596
0.640363
0.63791
0.637458
0.638989
0.642282
0.646958
0.652532
0.658472
0.664253
0.669388
0.673458
0.676186
0.677458
0.677328
0.676038
0.674028
0.671938
0.670583
0.670812
0.673187
0.677627
0.683319
0.688964
0.693253
0.695224
0.694349
0.690525
0.68396
0.67519
0.665025
0.654449
0.644513
0.636121
0.629834
0.625724
0.623426
0.622293
0.621661
0.621007
0.61997
0.618356
0.616126
0.613362
0.610261
0.607146
0.604358
0.602208
0.600897
0.600549
0.601222
0.602948
0.605758
0.609703
0.614861
0.621284
0.628943
0.637689
0.647238
0.657205
0.667132
0.676536
0.684954
0.692029
0.697517
0.701334
0.703521
0.704224
0.703631
0.701936
0.699308
0.695882
0.69175
0.686995
0.68172
0.676082
0.670345
0.664904
0.660277
0.657033
0.655673
0.656504
0.659484
0.664229
0.670044
0.675984
0.68097
0.683965
0.684158
0.681135
0.674977
0.666306
0.656193
0.646005
0.637127
0.630739
0.627525
0.627538
0.630199
0.634468
0.639095
0.642934
0.64524
0.645782
0.644801
0.642814
0.640363
0.637857
0.635535
0.633534
0.631943
0.630892
0.630539
0.63111
0.632787
0.635637
0.639536
0.644172
0.649076
0.653726
0.657671
0.66057
0.662257
0.662706
0.661925
0.659945
0.65683
0.652807
0.648326
0.644065
0.640812
0.639202
0.639495
0.64147
0.644481
0.64768
0.650408
0.652314
0.653332
0.653514
0.652887
0.651375
0.648866
0.645338
0.641054
0.636648
0.6332
0.632061
0.634475
0.641079
0.651592
0.664822
0.679008
0.692421
0.703764
0.712326
0.717894
0.720581
0.720653
0.718358
0.713936
0.707561
0.69938
0.68955
0.678278
0.665864
0.652704
0.639249
0.625991
0.613461
0.602256
0.592964
0.586108
0.582013
0.580674
0.581711
0.584405
0.587815
0.591005
0.59327
0.594379
0.594741
0.595306
0.59719
0.601114
0.607061
0.614366
0.622101
0.629441
0.635818
0.640907
0.644594
0.646898
0.647979
0.648045
0.647349
0.646139
0.644641
0.643039
0.641486
0.640092
0.638949
0.638118
0.637618
0.637437
0.637528
0.637854
0.638384
0.639132
0.640146
0.641507
0.643293
0.645535
0.648124
0.650794
0.653093
0.654433
0.654239
0.652085
0.647798
0.641528
0.633726
0.625053
0.616225
0.607898
0.600608
0.594768
0.590678
0.588552
0.588433
0.590147
0.593284
0.597225
0.601249
0.604678
0.607037
0.608182
0.608339
0.60808
0.608123
0.609081
0.611206
0.614298
0.617757
0.62082
0.622829
0.623435
0.622636
0.620669
0.61789
0.614681
0.611434
0.608611
0.606758
0.606349
0.607548
0.610038
0.613185
0.616376
0.619367
0.622313
0.625498
0.62908
0.632988
0.636926
0.640489
0.643233
0.64482
0.645065
0.643962
0.641649
0.638346
0.634269
0.629616
0.624574
0.619285
0.613888
0.608526
0.603328
0.598431
0.593989
0.590163
0.587143
0.585129
0.584314
0.584854
0.586844
0.590263
0.594925
0.600464
0.606427
0.612365
0.617895
0.622766
0.626825
0.630025
0.632377
0.633974
0.634962
0.635489
0.635644
0.635368
0.63444
0.632542
0.629345
0.624673
0.618645
0.611809
0.605154
0.599924
0.597207
0.597483
0.600497
0.60549
0.611546
0.61779
0.623453
0.627878
0.630566
0.631266
0.630016
0.627141
0.623142
0.618572
0.613915
0.609548
0.605726
0.602668
0.600637
0.599924
0.600777
0.603259
0.607173
0.612051
0.617265
0.62216
0.626268
0.62936
0.631336
0.632114
0.631618
0.629903
0.627328
0.62457
0.62244
0.621539
0.622139
0.624141
0.627155
0.630657
0.634089
0.636946
0.638828
0.639447
0.638623
0.636278
0.632417
0.627167
0.620752
0.613472
0.605683
0.5978
0.590295
0.583725
0.57872
0.575891
0.575684
0.578176
0.58298
0.589287
0.596036
0.602149
0.606744
0.609249
0.609457
0.607487
0.603765
0.598937
0.593788
0.58913
0.585694
0.583992
0.584294
0.586592
0.590619
0.595916
0.60191
0.608046
0.613865
0.619049
0.623482
0.627148
0.630034
0.632011
0.632771
0.631982
0.629464
0.625369
0.620204
0.614827
0.610218
0.607239
0.606411
0.607832
0.611204
0.615915
0.621173
0.62616
0.630129
0.632511
0.632986
0.631527
0.628399
0.624097
0.619219
0.614376
0.610119
0.606794
0.604557
0.603327
0.602817
0.602656
0.602478
0.602064
0.601404
0.600693
0.600227
0.6003
0.601121
0.602776
0.605237
0.60839
0.612073
0.61611
0.620343
0.624631
0.628879
0.633051
0.637196
0.641428
0.645891
0.650715
0.655946
0.661499
0.667117
0.672454
0.677148
0.680911
0.683591
0.685166
0.6857
0.685239
0.683767
0.681218
0.677498
0.672589
0.666599
0.659804
0.652624
0.645591
0.639271
0.634192
0.630755
0.629168
0.629399
0.63119
0.63412
0.637665
0.641278
0.644498
0.647008
0.64867
0.649565
0.649954
0.650273
0.650997
0.652481
0.654787
0.657641
0.660479
0.662661
0.663705
0.663444
0.662101
0.660239
0.658562
0.657615
0.657455
0.657517
0.656803
0.654281
0.649393
0.642329
0.634097
0.626344
0.620858
0.618898
0.620734
0.625759
0.63295
0.641379
0.650416
0.659665
0.66884
0.677605
0.685521
0.692089
0.696819
0.69933
0.699405
0.69698
0.692174
0.685261
0.676687
0.667037
0.656979
0.647152
0.638097
0.630262
0.624005
0.619581
0.61701
0.615996
0.615901
0.615823
0.614782
0.611934
0.606731
0.599049
0.589217
0.577995
0.566497
0.55605
0.548
0.543448
0.543
0.546672
0.553884
0.563614
0.574589
0.585554
0.595538
0.603982
0.610684
0.615677
0.619114
0.621172
0.622057
0.622005
0.621324
0.62038
0.619574
0.61929
0.619808
0.621289
0.623777
0.627219
0.631444
0.636176
0.641042
0.645603
0.649398
0.652044
0.653275
0.652962
0.65114
0.647979
0.643755
0.638778
0.633313
0.627542
0.62158
0.615519
0.609492
0.60367
0.598193
0.593176
0.588783
0.585316
0.583243
0.583147
0.585522
0.590572
0.598126
0.607658
0.618452
0.62976
0.64093
0.651408
0.660714
0.668386
0.673999
0.677215
0.677897
0.676146
0.672291
0.666824
0.660279
0.653125
0.645703
0.638283
0.631133
0.62464
0.619322
0.61574
0.614324
0.615242
0.618338
0.623163
0.629147
0.635741
0.642504
0.649151
0.655523
0.661542
0.667185
0.672489
0.67748
0.682172
0.686529
0.69044
0.693689
0.696025
0.697225
0.697124
0.695687
0.693012
0.689321
0.684899
0.680054
0.674999
0.669812
0.664474
0.658916
0.653069
0.646882
0.640301
0.633225
0.625551
0.617247
0.608436
0.599482
0.59101
0.583833
0.578758
0.57632
0.576523
0.578838
0.582429
0.586502
0.590539
0.594319
0.597796
0.600941
0.603663
0.605829
0.607374
0.608422
0.609344
0.610647
0.612835
0.616131
0.620298
0.624664
0.628373
0.630728
0.631448
0.630716
0.629052
0.627095
0.625449
0.624571
0.624795
0.626375
0.629456
0.634057
0.640024
0.646967
0.654319
0.661392
0.667487
0.671962
0.674294
0.674141
0.671462
0.666556
0.660074
0.652891
0.645914
0.639856
0.635156
0.632006
0.630461
0.630546
0.632303
0.635798
0.641022
0.647778
0.655583
0.663697
0.67122
0.677327
0.681424
0.68324
0.682803
0.680437
0.676705
0.672347
0.668118
0.664583
0.661889
0.659679
0.657272
0.654009
0.649696
0.644893
0.640861
0.639078
0.640426
0.644609
0.65029
0.655756
0.659638
0.661202
0.660251
0.656891
0.651441
0.644446
0.63673
0.629337
0.623271
0.619149
0.617046
0.616596
0.617291
0.618692
0.620564
0.622871
0.625706
0.629244
0.633664
0.6391
0.645584
0.653048
0.661303
0.670091
0.679101
0.687966
0.696274
0.703566
0.709344
0.713164
0.714711
0.713875
0.710767
0.70568
0.698953
0.690887
0.681704
0.671581
0.660755
0.649522
0.638251
0.627352
0.617256
0.60836
0.601043
0.595557
0.591995
0.590191
0.58971
0.589944
0.590299
0.59034
0.58987
0.588919
0.587687
0.586463
0.585533
0.585162
0.585533
0.586741
0.588755
0.591377
0.594288
0.597073
0.59934
0.600832
0.601475
0.601386
0.600797
0.599949
0.599
0.598019
0.597037
0.596104
0.595407
0.59526
0.595999
0.597828
0.60066
0.604099
0.607548
0.610395
0.612182
0.612741
0.6122
0.610914
0.609316
0.607744
0.606322
0.604973
0.6035
0.601755
0.599755
0.597702
0.595947
0.59494
0.595109
0.596723
0.59982
0.604111
0.609024
0.613819
0.617681
0.619898
0.619973
0.617709
0.613217
0.606888
0.599327
0.591236
0.583336
0.57632
0.570762
0.567069
0.56541
0.565676
0.567513
0.57044
0.574034
0.578063
0.58247
0.587305
0.592534
0.597896
0.602825
0.606582
0.608432
0.60783
0.604542
0.598739
0.591035
0.582482
0.57439
0.567971
0.564006
0.562601
0.563204
0.564946
0.566982
0.568797
0.570291
0.571723
0.573468
0.575819
0.578816
0.582257
0.585813
0.58922
0.592464
0.595823
0.599802
0.60489
0.611259
0.618609
0.626199
0.633136
0.638733
0.642772
0.645482
0.647277
0.648434
0.648959
0.648714
0.647649
0.645856
0.643586
0.641242
0.639278
0.638077
0.637774
0.638213
0.639032
0.63982
0.640259
0.640194
0.63964
0.638736
0.637682
0.636644
0.635692
0.634741
0.633562
0.631837
0.62922
0.625422
0.62029
0.61388
0.606474
0.598541
0.590681
0.583483
0.577426
0.572811
0.569782
0.568356
0.568444
0.569852
0.57229
0.575425
0.57895
0.582634
0.586422
0.590404
0.594722
0.599456
0.604486
0.60945
0.613732
0.616654
0.617622
0.616277
0.612641
0.607173
0.600725
0.594392
0.589254
0.586125
0.585338
0.58676
0.589891
0.594087
0.59872
0.603319
0.607616
0.611514
0.615037
0.618291
0.621453
0.624729
0.628284
0.632188
0.636316
0.640377
0.643992
0.646809
0.648567
0.649144
0.648566
0.646958
0.644538
0.641596
0.638451
0.635428
0.632832
0.630865
0.629567
0.628803
0.628291
0.6277
0.626704
0.625072
0.622707
0.619638
0.616087
0.612387
0.608963
0.606248
0.604598
0.604215
0.605101
0.607055
0.609715
0.612617
0.615272
0.617203
0.618042
0.617559
0.615756
0.612885
0.609444
0.606111
0.603585
0.602379
0.602671
0.60428
0.60677
0.609676
0.61267
0.615625
0.61858
0.621635
0.624856
0.628167
0.631326
0.633941
0.635599
0.635961
0.634878
0.63246
0.629073
0.625296
0.621821
0.619374
0.618616
0.620041
0.623915
0.630198
0.638487
0.648055
0.657941
0.667077
0.674435
0.679143
0.680575
0.678416
0.672715
0.663895
0.652741
0.640271
0.627516
0.615305
0.604071
0.593897
0.584653
0.576185
0.568433
0.561524
0.555743
0.551512
0.549303
0.549538
0.552433
0.557865
0.565401
0.57438
0.584103
0.593986
0.603641
0.612889
0.621687
0.630066
0.638026
0.645499
0.652319
0.658299
0.663306
0.667304
0.670368
0.672678
0.674403
0.675658
0.676424
0.676551
0.675825
0.673973
0.670755
0.666008
0.659651
0.651747
0.642511
0.632386
0.622072
0.612512
0.604811
0.599983
0.5987
0.601075
0.606665
0.614631
0.623973
0.63379
0.643419
0.652487
0.660849
0.668476
0.675327
0.681272
0.686081
0.689462
0.691096
0.690733
0.688227
0.683508
0.67661
0.667691
0.657045
0.645162
0.632735
0.62065
0.609823
0.601006
0.594601
0.5906
0.588593
0.587852
0.587497
0.586679
0.584774
0.581561
0.577293
0.572685
0.56879
0.566681
0.567036
0.569886
0.574633
0.580397
0.586399
0.592172
0.597537
0.602434
0.606806
0.610536
0.613479
0.615517
0.616653
0.617042
0.61696
0.616729
0.616607
0.616729
0.617076
0.617501
0.617797
0.617797
0.617406
0.616604
0.615468
0.614147
0.612874
0.611932
0.611589
0.612068
0.613493
0.615858
0.619018
0.622724
0.626659
0.630458
0.63376
0.63627
0.637783
0.638183
0.637414
0.635441
0.632203
0.627602
0.621588
0.614264
0.605918
0.59707
0.588386
0.580608
0.574439
0.570457
0.569002
0.57008
0.573332
0.578082
0.583445
0.588522
0.592581
0.595166
0.596156
0.595751
0.594398
0.59269
0.591217
0.590419
0.590495
0.591364
0.592727
0.594166
0.59524
0.595592
0.595045
0.593568
0.591283
0.588408
0.585206
0.581918
0.578751
0.575889
0.573484
0.571665
0.570599
0.570475
0.571521
0.573921
0.577794
0.583113
0.589708
0.597333
0.605718
0.614638
0.62386
0.633038
0.641693
0.649177
0.654794
0.657924
0.65819
0.655587
0.650606
0.644235
0.637872
0.633022
0.630801
0.63149
0.634503
0.638739
0.643077
0.6467
0.649196
0.650494
0.650737
0.650195
0.649167
0.647849
0.646294
0.644452
0.642238
0.639631
0.636682
0.633464
0.630029
0.626355
0.62238
0.618056
0.613384
0.608487
0.603623
0.599177
0.595622
0.593385
0.59268
0.593353
0.594907
0.596673
0.598036
0.598577
0.598135
0.596741
0.594589
0.591972
0.589287
0.587128
0.586386
0.588241
0.593903
0.604082
0.618491
0.635754
0.65384
0.670768
0.685094
0.696118
0.70374
0.708292
0.71026
0.710215
0.708723
0.706286
0.703321
0.700116
0.69683
0.693454
0.689806
0.685608
0.680572
0.674538
0.66758
0.660079
0.652684
0.646204
0.641362
0.638557
0.637773
0.63866
0.640649
0.64311
0.645445
0.647106
0.647609
0.64657
0.643748
0.639085
0.63273
0.625035
0.616542
0.607988
0.600251
0.594235
0.590619
0.589633
0.590996
0.594057
0.598107
0.602583
0.607206
0.611966
0.616985
0.622375
0.628058
0.633695
0.638712
0.642457
0.64442
0.644422
0.642684
0.639661
0.635782
0.631338
0.626451
0.621247
0.616052
0.61143
0.608109
0.606829
0.60812
0.612125
0.618521
0.626557
0.635243
0.643556
0.650625
0.655831
0.658816
0.659474
0.65791
0.654461
0.649618
0.644041
0.638449
0.633492
0.629603
0.626955
0.625427
0.624698
0.62438
0.624089
0.623552
0.622665
0.621464
0.620049
0.618537
0.616991
0.615376
0.613589
0.611504
0.609057
0.6063
0.603473
0.600998
0.599445
0.599426
0.601441
0.605783
0.612372
0.620824
0.630531
0.640765
0.650781
0.659895
0.667541
0.67329
0.676927
0.678443
0.678059
0.676191
0.67336
0.670086
0.666749
0.663588
0.660764
0.658466
0.657004
0.656743
0.658005
0.660873
0.665054
0.669907
0.674579
0.678226
0.680179
0.680112
0.678055
0.674361
0.669648
0.664712
0.660377
0.657332
0.655898
0.655865
0.656544
0.657013
0.656425
0.654237
0.650318
0.644944
0.638666
0.6322
0.62625
0.621374
0.61788
0.61581
0.614984
0.615092
0.615766
0.616713
0.617849
0.619367
0.621669
0.62523
0.630324
0.636825
0.644218
0.651857
0.6592
0.665923
0.671879
0.677047
0.681488
0.685332
0.688749
0.691875
0.694717
0.697104
0.698704
0.699115
0.697956
0.695017
0.690375
0.684422
0.677869
0.671639
0.666628
0.663433
0.662145
0.66236
0.663386
0.664533
0.665302
0.665418
0.664742
0.663038
0.659897
0.654797
0.647367
0.63766
0.626346
0.614588
0.603667
0.594545
0.587627
0.582852
0.579944
0.578648
0.578754
0.580074
0.582412
0.585548
0.589251
0.593319
0.597685
0.602463
0.607958
0.614516
0.622309
0.63114
0.640438
0.649411
0.65725
0.663313
0.667182
0.668638
0.667586
0.664005
0.657936
0.649623
0.639694
0.629251
0.619744
0.612458
0.607908
0.605699
0.604903
0.604677
0.604684
0.605138
0.606568
0.609488
0.614068
0.620058
0.626914
0.634053
0.641
0.647444
0.653168
0.658014
0.661849
0.664609
0.666294
0.666982
0.666819
0.666013
0.664819
0.663515
0.66233
0.661344
0.660415
0.659211
0.657332
0.654504
0.650736
0.646393
0.642065
0.638401
0.635908
0.634803
0.634984
0.636082
0.637597
0.639027
0.639924
0.639949
0.63891
0.636795
0.633744
0.630059
0.626206
0.622752
0.620295
0.61933
0.620062
0.62232
0.625557
0.628956
0.631636
0.632845
0.632136
0.629533
0.625522
0.620912
0.616548
0.613022
0.61051
0.60878
0.607318
0.605478
0.602647
0.598406
0.592614
0.585466
0.577441
0.569171
0.561303
0.554435
0.549106
0.545749
0.544741
0.546434
0.551074
0.558749
0.569204
0.581791
0.595435
0.608815
0.620657
0.629968
0.636191
0.639185
0.639162
0.636559
0.631953
0.625982
0.619282
0.612477
0.60621
0.601153
0.59796
0.597132
0.598866
0.602917
0.608627
0.615052
0.621211
0.62628
0.629716
0.631295
0.631096
0.629475
0.627052
0.62469
0.623397
0.62399
0.626746
0.631245
0.636553
0.641587
0.645427
0.647472
0.647459
0.645421
0.641639
0.636603
0.630935
0.62536
0.620551
0.61702
0.615061
0.614695
0.615696
0.617692
0.620266
0.623041
0.625723
0.628102
0.630025
0.631419
0.632308
0.632841
0.633294
0.634034
0.635416
0.637724
0.641042
0.645174
0.649647
0.653781
0.656819
0.65812
0.657336
0.654519
0.650083
0.644703
0.639128
0.633972
0.62953
0.625811
0.622621
0.61972
0.617012
0.614603
0.612793
0.61191
0.612178
0.613598
0.615932
0.61882
0.621905
0.624917
0.627707
0.630208
0.632374
0.634122
0.635297
0.635751
0.635413
0.634396
0.63302
0.631766
0.63115
0.631554
0.633101
0.635584
0.638557
0.641476
0.643833
0.645229
0.645384
0.644136
0.64147
0.637535
0.632619
0.627183
0.621758
0.616883
0.612978
0.610251
0.608644
0.607836
0.607318
0.606547
0.605144
0.603058
0.600604
0.598387
0.597104
0.597385
0.59963
0.603866
0.609748
0.616633
0.623779
0.630566
0.636666
0.642042
0.646842
0.65127
0.655464
0.65941
0.662951
0.665856
0.667873
0.668802
0.668584
0.667344
0.665365
0.663013
0.660665
0.658631
0.657105
0.656164
0.655776
0.655832
0.656101
0.656189
0.655569
0.653675
0.650059
0.644509
0.637113
0.628249
0.618508
0.608597
0.59926
0.591249
0.585294
0.582055
0.582004
0.585302
0.591669
0.600442
0.610754
0.621778
0.632839
0.64341
0.65305
0.661366
0.668008
0.672726
0.675424
0.676119
0.67491
0.67194
0.667396
0.661494
0.654502
0.646762
0.638657
0.630556
0.622777
0.61549
0.60874
0.60251
0.596785
0.591639
0.587234
0.583873
0.581985
0.582011
0.584306
0.589031
0.59604
0.604913
0.615014
0.625598
0.63593
0.645417
0.653675
0.660538
0.666063
0.670425
0.673781
0.676165
0.677437
0.677321
0.675559
0.672024
0.666811
0.660228
0.652748
0.644919
0.637277
0.630256
0.624138
0.619019
0.614814
0.611302
0.608226
0.605417
0.602909
0.601019
0.600337
0.601511
0.604893
0.610275
0.616911
0.623821
0.63016
0.635408
0.639358
0.642002
0.643365
0.643452
0.642263
0.639819
0.636251
0.631814
0.626884
0.62196
0.617555
0.61408
0.611752
0.610537
0.610155
0.610192
0.610212
0.609862
0.608999
0.60767
0.606104
0.604626
0.603601
0.603361
0.604171
0.606221
0.609628
0.614374
0.620277
0.626908
0.633605
0.639545
0.643963
0.646336
0.64654
0.644886
0.641974
0.638491
0.635012
0.631865
0.629167
0.626956
0.625311
0.624392
0.624429
0.625578
0.627802
0.630818
0.634165
0.637375
0.640106
0.642215
0.64375
0.644889
0.645824
0.646687
0.647512
0.648244
0.648745
0.648806
0.648184
0.646604
0.643837
0.63974
0.634323
0.627742
0.620301
0.612338
0.604186
0.596171
0.588703
0.582333
0.57773
0.57554
0.576139
0.579402
0.584676
0.590968
0.597183
0.602346
0.605774
0.607177
0.606705
0.604893
0.602547
0.600559
0.59966
0.600263
0.602374
0.605703
0.609846
0.614497
0.619532
0.624895
0.630387
0.635473
0.639324
0.641051
0.639998
0.635947
0.629237
0.620812
0.612154
0.605042
0.60101
0.60072
0.603712
0.608708
0.614243
0.619191
0.622991
0.625628
0.627439
0.628851
0.630169
0.631423
0.632339
0.632514
0.631603
0.62951
0.626405
0.622663
0.618735
0.615036
0.61185
0.609243
0.607047
0.60493
0.602555
0.59982
0.597009
0.594746
0.593753
0.594474
0.596867
0.600445
0.604559
0.608668
0.612525
0.61617
0.619771
0.623481
0.627299
0.631022
0.634267
0.636589
0.637577
0.636918
0.634427
0.630004
0.62365
0.615512
0.606007
0.595977
0.586745
0.579941
0.577031
0.578808
0.585149
0.595093
0.607246
0.620195
0.632791
0.644256
0.654142
0.662234
0.668499
0.673018
0.675952
0.677516
0.677952
0.67749
0.676336
0.674612
0.672351
0.669478
0.6658
0.661148
0.655507
0.649087
0.64231
0.635734
0.629897
0.625226
0.622065
0.620703
0.621326
0.623959
0.628385
0.634145
0.640592
0.647006
0.652706
0.657185
0.660115
0.661379
0.661016
0.65913
0.65578
0.650926
0.644445
0.636224
0.62638
0.615418
0.604338
0.594453
0.586964
0.582405
0.58051
0.580648
0.582462
0.58612
0.592019
0.6003
0.610571
0.621946
0.63328
0.643455
0.65157
0.657054
0.659717
0.659761
0.657749
0.654518
0.651042
0.648232
0.646764
0.647003
0.64898
0.652416
0.656848
0.661699
0.666356
0.670173
0.672457
0.672512
0.669702
0.663589
0.654129
0.641991
0.628936
0.617797
0.611428
0.610979
0.615249
0.621879
0.62902
0.635923
0.64258
0.649182
0.655744
0.662018
0.667561
0.671852
0.674421
0.674978
0.673434
0.669916
0.664712
0.658241
0.651003
0.643565
0.636571
0.630742
0.626823
0.625428
0.626862
0.631012
0.637356
0.645126
0.653501
0.661756
0.669412
0.676222
0.682119
0.687098
0.691145
0.694193
0.696056
0.696495
0.695287
0.692296
0.687594
0.68147
0.674409
0.666954
0.659619
0.652834
0.646982
0.642399
0.639376
0.638145
0.638794
0.641245
0.645233
0.650341
0.655984
0.661471
0.66605
0.669019
0.669811
0.668129
0.664079
0.658207
0.651437
0.644884
0.639588
0.636294
0.635302
0.636531
0.639585
0.643871
0.648739
0.653596
0.657985
0.661583
0.664157
0.665485
0.665328
0.663441
0.65966
0.654053
0.647093
0.63969
0.633096
0.628594
0.627134
0.629087
0.634223
0.641884
0.651237
0.661391
0.671419
0.680445
0.687768
0.692963
0.695886
0.696646
0.695544
0.692986
0.689385
0.685067
0.680191
0.674809
0.668905
0.662525
0.655795
0.648949
0.642308
0.636241
0.631035
0.626797
0.623462
0.620921
0.619209
0.618501
0.619025
0.620856
0.623799
0.627332
0.630672
0.632927
0.633254
0.630966
0.625648
0.617238
0.606132
0.593165
0.579543
0.566613
0.555564
0.547146
0.541574
0.538647
0.537985
0.539221
0.542101
0.546422
0.551972
0.5585
0.565744
0.573484
0.581525
0.589661
0.597665
0.605264
0.61218
0.618219
0.623345
0.627682
0.63147
0.634931
0.638168
0.641055
0.643225
0.644136
0.643268
0.640271
0.635136
0.628254
0.620372
0.612477
0.605538
0.600331
0.597285
0.596488
0.597797
0.600921
0.605526
0.611255
0.617725
0.62447
0.630993
0.636804
0.641485
0.644842
0.646958
0.648194
0.649109
0.650349
0.652482
0.655902
0.660739
0.666834
0.673808
0.681109
0.688143
0.694351
0.699356
0.702967
0.705165
0.706071
0.705838
0.704593
0.702398
0.699215
0.694943
0.689468
0.682688
0.674572
0.665176
0.654643
0.643227
0.631306
0.619438
0.608416
0.59923
0.592846
0.589879
0.590373
0.593802
0.599347
0.606196
0.613702
0.62144
0.629157
0.636702
0.643993
0.650924
0.657319
0.662952
0.667557
0.670879
0.672709
0.672958
0.671636
0.668864
0.664836
0.659774
0.653935
0.647614
0.641099
0.634658
0.628566
0.623103
0.618537
0.615127
0.613096
0.612582
0.613634
0.616182
0.620028
0.624826
0.630133
0.635469
0.640361
0.644394
0.647237
0.648652
0.648542
0.646992
0.644302
0.64097
0.637589
0.634744
0.632923
0.632396
0.633213
0.635184
0.637915
0.640896
0.643572
0.645444
0.646127
0.645423
0.643296
0.639894
0.635512
0.630527
0.625322
0.620227
0.615411
0.610901
0.60662
0.602456
0.598314
0.594168
0.590075
0.586242
0.583079
0.581154
0.581015
0.582973
0.586899
0.5922
0.598022
0.603565
0.608315
0.612177
0.615402
0.618422
0.621662
0.625413
0.629763
0.634618
0.639744
0.644838
0.649562
0.653569
0.656556
0.658293
0.658622
0.657439
0.654673
0.650287
0.644281
0.636717
0.627745
0.617653
0.606823
0.595734
0.584903
0.574857
0.566108
0.559138
0.554426
0.55242
0.553484
0.557831
0.565444
0.576045
0.58905
0.603624
0.618772
0.633499
0.646957
0.658569
0.668049
0.675352
0.680599
0.683959
0.685608
0.685705
0.684435
0.681988
0.678579
0.67447
0.669934
0.665187
0.660381
0.655567
0.650689
0.645613
0.640124
0.634006
0.627054
0.619135
0.610284
0.60078
0.59122
0.582506
0.575711
0.571844
0.571588
0.575077
0.581905
0.591319
0.602469
0.614506
0.626714
0.63855
0.649652
0.659804
0.668907
0.676883
0.683633
0.689077
0.693183
0.69601
0.697701
0.698404
0.698222
0.697162
0.695121
0.691946
0.687491
0.681719
0.674809
0.667312
0.660178
0.654589
0.651556
0.651489
0.653931
0.657762
0.661644
0.664391
0.665196
0.663697
0.659932
0.654278
0.647416
0.640201
0.633448
0.627704
0.623123
0.619532
0.616585
0.613972
0.611534
0.609287
0.607369
0.606017
0.605438
0.605775
0.607029
0.609083
0.611752
0.61487
0.618336
0.622103
0.626116
0.630295
0.634465
0.63831
0.641408
0.643274
0.643488
0.641816
0.63836
0.633648
0.628566
0.624082
0.620888
0.619198
0.618772
0.619203
0.620247
0.6219
0.624277
0.627431
0.63121
0.635267
0.639201
0.64271
0.64562
0.647909
0.649612
0.650742
0.651277
0.651162
0.650365
0.648926
0.647013
0.645018
0.643531
0.643205
0.644549
0.647745
0.652546
0.658351
0.664327
0.669618
0.673472
0.675354
0.674988
0.672401
0.667908
0.662101
0.655726
0.649506
0.643986
0.639477
0.636044
0.633634
0.63212
0.631324
0.63102
0.630983
0.63103
0.631044
0.631051
0.63119
0.631675
0.63277
0.634738
0.637769
0.641949
0.647202
0.653265
0.659737
0.666174
0.672178
0.677499
0.682097
0.686112
0.689778
0.693243
0.696402
0.698803
0.699737
0.698505
0.694727
0.688516
0.680498
0.6717
0.663316
0.65649
0.652148
0.650849
0.65265
0.657149
0.66353
0.670756
0.677719
0.683416
0.687079
0.688264
0.686827
0.682883
0.676705
0.668643
0.659102
0.6486
0.63784
0.627693
0.619077
0.61278
0.6092
0.608199
0.609155
0.611141
0.613162
0.614408
0.614359
0.612811
0.609876
0.605876
0.601311
0.596821
0.593139
0.590968
0.590774
0.592605
0.596032
0.60034
0.604802
0.608855
0.612165
0.614624
0.61628
0.617302
0.617982
0.618705
0.619927
0.622034
0.625229
0.629408
0.634147
0.63879
0.642586
0.644849
0.64508
0.643056
0.638941
0.633327
0.627305
0.622274
0.619534
0.619737
0.622627
0.627233
0.632335
0.636939
0.640422
0.64245
0.642871
0.641627
0.6387
0.634163
0.628244
0.621364
0.614125
0.60723
0.60136
0.59704
0.594519
0.593739
0.594354
0.595825
0.597524
0.598861
0.599337
0.598589
0.596357
0.592533
0.587174
0.580519
0.572989
0.565179
0.557797
0.551579
0.547192
0.545171
0.545839
0.549243
0.555132
0.563015
0.572217
0.582052
0.591892
0.601132
0.609184
0.615419
0.619258
0.620331
0.618603
0.614447
0.608611
0.602084
0.595895
0.590928
0.587742
0.5865
0.587007
0.588854
0.591635
0.59509
0.599153
0.603858
0.609196
0.61497
0.620788
0.626126
0.630478
0.633496
0.635059
0.635263
0.634341
0.632589
0.630302
0.627731
0.625099
0.622561
0.620166
0.617839
0.615358
0.612411
0.608645
0.603798
0.597816
0.591041
0.584308
0.578944
0.576405
0.577663
0.582702
0.590476
0.599328
0.607577
0.613868
0.617322
0.617586
0.614824
0.609673
0.603112
0.596264
0.590198
0.585758
0.583506
0.583719
0.586418
0.591391
0.598236
0.606369
0.615083
0.623612
0.631227
0.637313
0.641441
0.643399
0.643208
0.641117
0.637553
0.633059
0.628236
0.623691
0.619979
0.617583
0.61688
0.618098
0.621279
0.62625
0.63259
0.639684
0.646808
0.653219
0.658217
0.66125
0.661929
0.66008
0.65569
0.648895
0.639962
0.629293
0.617441
0.605138
0.593297
0.58299
0.575361
0.571414
0.571709
0.576128
0.583858
0.593622
0.604056
0.614012
0.622692
0.629687
0.634887
0.638374
0.640336
0.64102
0.640698
0.639716
0.638452
0.637289
0.63652
0.636258
0.636449
0.636892
0.63735
0.63767
0.637813
0.637865
0.637982
0.638281
0.638776
0.63933
0.639672
0.63945
0.638287
0.635853
0.631949
0.626595
0.62014
0.613353
0.607336
0.603206
0.601678
0.602809
0.606024
0.610409
0.614998
0.618923
0.621479
0.622226
0.621083
0.618394
0.614795
0.611112
0.608155
0.606563
0.606715
0.608731
0.612498
0.61772
0.623951
0.630672
0.637331
0.643423
0.648505
0.652261
0.654528
0.655346
0.654939
0.65369
0.652052
0.65043
0.649063
0.647961
0.646984
0.645943
0.644666
0.643047
0.641043
0.638604
0.635603
0.631816
0.626973
0.620868
0.613478
0.605021
0.595969
0.58697
0.578765
0.572075
0.567495
0.565408
0.56596
0.569018
0.574204
0.580949
0.588568
0.596346
0.603611
0.609811
0.614591
0.617811
0.619555
0.62012
0.619933
0.619424
0.618953
0.618719
0.618823
0.619346
0.620373
0.621971
0.62412
0.626665
0.629358
0.631938
0.634195
0.635979
0.637184
0.637693
0.637411
0.636382
0.634876
0.633405
0.632614
0.633087
0.635146
0.638743
0.643482
0.648756
0.653897
0.658302
0.661522
0.66328
0.663551
0.662521
0.660559
0.658112
0.655578
0.653239
0.651251
0.649701
0.648658
0.648217
0.648428
0.649235
0.650408
0.651585
0.652416
0.652742
0.652686
0.652599
0.652898
0.653829
0.655344
0.657065
0.658384
0.658628
0.657212
0.653717
0.647985
0.640105
0.630442
0.61967
0.608783
0.598992
0.591514
0.587241
0.586473
0.58886
0.593587
0.599741
0.606557
0.613506
0.620259
0.626593
0.632301
0.637183
0.641023
0.643579
0.644564
0.643652
0.640557
0.635148
0.627577
0.618375
0.608382
0.598647
0.590277
0.584262
0.581402
0.582196
0.586745
0.594625
0.604883
0.616224
0.62733
0.637207
0.645384
0.651937
0.657337
0.662207
0.667078
0.672234
0.677668
0.683126
0.688211
0.692466
0.695475
0.696903
0.696602
0.694642
0.691259
0.686791
0.681533
0.675627
0.669088
0.661927
0.654337
0.646776
0.639961
0.634699
0.631681
0.63125
0.633291
0.637253
0.642366
0.64782
0.652965
0.657405
0.660995
0.66374
0.66572
0.666976
0.667453
0.667002
0.665439
0.662559
0.658207
0.652301
0.644845
0.636004
0.626134
0.615764
0.605537
0.596099
0.588015
0.581701
0.577418
0.575289
0.575273
0.577171
0.580624
0.585107
0.59002
0.594744
0.598777
0.601742
0.603478
0.60403
0.603668
0.602825
0.602026
0.601766
0.60237
0.603927
0.606251
0.608974
0.611666
0.613955
0.615544
0.616194
0.615692
0.613936
0.611082
0.607684
0.604678
0.603147
0.603929
0.607203
0.612332
0.618105
0.623188
0.62656
0.627767
0.626916
0.624566
0.621549
0.618734
0.616816
0.616117
0.61656
0.617764
0.619179
0.620244
0.620403
0.619107
0.615816
0.610174
0.602393
0.59379
0.587033
0.585265
0.59014
0.600512
0.613327
0.625567
0.635391
0.642093
0.645686
0.646605
0.645533
0.643273
0.640609
0.638072
0.635851
0.633854
0.631883
0.629794
0.627584
0.625415
0.623625
0.622693
0.623161
0.625456
0.629675
0.635409
0.641801
0.64777
0.652289
0.654605
0.654307
0.651348
0.646029
0.638914
0.63074
0.622369
0.614665
0.608461
0.604472
0.603223
0.60489
0.609225
0.615529
0.622763
0.629728
0.635247
0.638323
0.638296
0.634902
0.628395
0.619638
0.610046
0.601391
0.595332
0.592901
0.594138
0.598156
0.603527
0.608819
0.612991
0.615545
0.616505
0.616266
0.615468
0.614841
0.615036
0.616456
0.619154
0.62289
0.627198
0.631534
0.635393
0.638407
0.640365
0.641185
0.640884
0.6395
0.637118
0.63386
0.629861
0.625244
0.620089
0.614426
0.608309
0.601903
0.595673
0.590438
0.587291
0.587293
0.59102
0.598297
0.608242
0.619578
0.631049
0.641729
0.651092
0.658983
0.665441
0.670554
0.674328
0.676589
0.677057
0.675428
0.671471
0.665132
0.656571
0.646152
0.634451
0.622254
0.610544
0.600443
0.593003
0.58888
0.588028
0.589786
0.593179
0.597293
0.601465
0.605276
0.608511
0.611143
0.6133
0.615223
0.617144
0.619207
0.6214
0.623581
0.625557
0.627115
0.628052
0.628134
0.627124
0.624854
0.621391
0.617163
0.61296
0.609702
0.608147
0.608577
0.610711
0.613863
0.617199
0.620019
0.621857
0.622497
0.621976
0.620546
0.618621
0.616707
0.615357
0.615021
0.615959
0.61817
0.621377
0.625079
0.628684
0.631695
0.633863
0.63522
0.636087
0.636954
0.638375
0.640793
0.644433
0.649218
0.6548
0.660669
0.666274
0.671132
0.674889
0.677325
0.678322
0.677817
0.675781
0.672262
0.667367
0.661334
0.654536
0.647453
0.640535
0.634098
0.628209
0.622675
0.61719
0.611504
0.605575
0.599576
0.593831
0.588718
0.584593
0.581731
0.580264
0.58018
0.581274
0.583186
0.585484
0.587752
0.589681
0.591135
0.592158
0.592936
0.593743
0.594872
0.596584
0.599034
0.60223
0.606042
0.610228
0.614498
0.618548
0.622096
0.624875
0.626652
0.627188
0.626282
0.623835
0.619906
0.614745
0.608792
0.602633
0.596878
0.592019
0.588287
0.585607
0.583673
0.582097
0.58057
0.578949
0.577278
0.575727
0.574526
0.573895
0.57401
0.574975
0.576878
0.579805
0.583871
0.589201
0.59584
0.603695
0.612502
0.621842
0.631152
0.639822
0.647294
0.653132
0.657064
0.658981
0.658909
0.656986
0.653456
0.648686
0.643141
0.637377
0.631978
0.627413
0.623813
0.620852
0.617826
0.613968
0.608765
0.602163
0.594571
0.58676
0.579603
0.573847
0.56992
0.567875
0.567455
0.568299
0.570096
0.572734
0.576321
0.581102
0.587311
0.595038
0.604139
0.614232
0.62475
0.635039
0.644481
0.652568
0.659001
0.663702
0.666809
0.668671
0.669787
0.670718
0.671952
0.673784
0.676262
0.679216
0.682353
0.685353
0.687936
0.689874
0.690967
0.691033
0.689938
0.687612
0.684105
0.679586
0.674297
0.668488
0.662362
0.656
0.64935
0.642381
0.635233
0.628343
0.622447
0.618403
0.6168
0.617643
0.620293
0.623782
0.627128
0.629597
0.630796
0.630601
0.629039
0.626199
0.622171
0.617021
0.610819
0.603717
0.596105
0.588622
0.581991
0.576687
0.572724
0.569758
0.567445
0.565695
0.564618
0.564337
0.564795
0.565713
0.566714
0.567514
0.56809
0.568735
0.569962
0.572378
0.576462
0.582432
0.590157
0.599173
0.608759
0.618057
0.626223
0.632549
0.636581
0.6382
0.637632
0.635392
0.632145
0.628553
0.625208
0.6226
0.621111
0.621024
0.622522
0.625662
0.630285
0.636052
0.642463
0.649002
0.655254
0.660966
0.666063
0.670577
0.674553
0.677924
0.680502
0.682003
0.682162
0.680796
0.67787
0.673515
0.667958
0.661522
0.654555
0.64743
0.640471
0.633947
0.628049
0.622928
0.618768
0.615839
0.614435
0.614781
0.616945
0.620741
0.625709
0.631248
0.63672
0.641576
0.645439
0.648122
0.649601
0.649973
0.649417
0.648094
0.64611
0.643562
0.640483
0.636841
0.632473
0.627112
0.620442
0.612273
0.60269
0.592146
0.581372
0.571246
0.562593
0.556052
0.552005
0.550638
0.55202
0.556148
0.562957
0.572271
0.58373
0.596866
0.611142
0.626004
0.640895
0.655213
0.668321
0.679519
0.688164
0.693779
0.696127
0.695293
0.691647
0.685817
0.67858
0.670788
0.663292
0.65689
0.652229
0.64967
0.649172
0.650249
0.652148
0.654082
0.655517
0.656335
0.656856
0.657717
0.659625
0.663111
0.668235
0.674515
0.681027
0.686693
0.690563
0.692069
0.691183
0.688376
0.684266
0.679219
0.673093
0.665407
0.655766
0.644177
0.631186
0.617724
0.604877
0.593662
0.584909
0.579191
0.576783
0.577638
0.581384
0.587383
0.594886
0.603167
0.611629
0.619812
0.627355
0.633948
0.639315
0.643248
0.645628
0.646481
0.645964
0.644353
0.641981
0.63914
0.636054
0.632893
0.629794
0.626892
0.624313
0.622134
0.620351
0.618893
0.61766
0.616578
0.615658
0.615002
0.614784
0.615188
0.616309
0.618033
0.620009
0.621758
0.622783
0.622776
0.621659
0.619585
0.616862
0.613883
0.611059
0.608829
0.607644
0.607932
0.609989
0.613904
0.619525
0.626496
0.634292
0.642301
0.649881
0.65642
0.661407
0.664481
0.665472
0.664412
0.661542
0.657283
0.652173
0.646813
0.641783
0.637557
0.634443
0.632581
0.631988
0.632591
0.634252
0.636799
0.639986
0.643557
0.647243
0.650818
0.654093
0.65691
0.659088
0.660426
0.660711
0.659735
0.657357
0.653582
0.648594
0.642771
0.636656
0.630864
0.625961
0.622277
0.619793
0.618168
0.616861
0.615376
0.613448
0.611152
0.608884
0.607234
0.606796
0.607973
0.610887
0.615385
0.621131
0.627733
0.634731
0.641568
0.647554
0.651956
0.65423
0.654218
0.652233
0.648994
0.645433
0.64244
0.640712
0.640604
0.642043
0.644532
0.647288
0.649518
0.65067
0.650589
0.649465
0.647674
0.645534
0.643149
0.640321
0.636657
0.631707
0.625164
0.617
0.607523
0.597343
0.587248
0.578034
0.570415
0.565003
0.562341
0.562859
0.566756
0.573842
0.583435
0.594476
0.605756
0.616238
0.625184
0.632239
0.637361
0.640731
0.642694
0.643692
0.644149
0.644399
0.644581
0.644612
0.644253
0.643274
0.641534
0.639044
0.63596
0.63254
0.629048
0.625635
0.622306
0.618964
0.615456
0.611647
0.60746
0.602888
0.59806
0.593301
0.589215
0.586668
0.586555
0.589472
0.59545
0.603878
0.613725
0.623885
0.633404
0.641672
0.648426
0.653719
0.657799
0.661018
0.663738
0.666238
0.668683
0.671098
0.67339
0.675366
0.676791
0.677421
0.677058
0.675601
0.673061
0.66957
0.665288
0.660381
0.655022
0.649377
0.643632
0.637976
0.632587
0.627583
0.623023
0.618966
0.615483
0.612662
0.61054
0.609082
0.608128
0.607405
0.606623
0.605557
0.604149
0.602571
0.601176
0.600387
0.600576
0.601947
0.604477
0.60797
0.612115
0.616574
0.621057
0.625342
0.629257
0.632699
0.635628
0.638033
0.639938
0.641366
0.642325
0.642844
0.643011
0.643019
0.643006
0.642925
0.642527
0.641564
0.640039
0.638308
0.63697
0.636595
0.6375
0.639613
0.642539
0.645705
0.648546
0.65066
0.651868
0.652228
0.651962
0.651407
0.650995
0.651184
0.652393
0.654819
0.658324
0.662429
0.666428
0.669594
0.671301
0.671141
0.668936
0.664704
0.658657
0.65118
0.642797
0.634126
0.625855
0.618675
0.613257
0.610236
0.610214
0.613725
0.621044
0.63194
0.645555
0.660512
0.675234
0.688308
0.698706
0.705767
0.709148
0.70871
0.704466
0.696528
0.685101
0.670594
0.653706
0.635561
0.617755
0.602195
0.590744
0.584685
0.584283
0.588692
0.596313
0.605307
0.614032
0.621272
0.626247
0.628569
0.628184
0.62534
0.620594
0.614756
0.608823
0.603847
0.600724
0.600079
0.602172
0.60685
0.61359
0.621603
0.629922
0.637543
0.64357
0.647338
0.648549
0.647407
0.644607
0.641225
0.638425
0.637087
0.637538
0.639544
0.642542
0.645911
0.649173
0.652061
0.654503
0.656516
0.658107
0.659187
0.659561
0.659017
0.657449
0.655028
0.652189
0.649482
0.647256
0.645541
0.644093
0.642505
0.640395
0.637443
0.633396
0.62813
0.621692
0.614333
0.606535
0.598953
0.592334
0.587377
0.584601
0.584195
0.585943
0.5893
0.593575
0.598164
0.602685
0.607018
0.611234
0.615478
0.61986
0.624411
0.62908
0.633788
0.63846
0.642977
0.647202
0.650889
0.653694
0.655186
0.654952
0.652672
0.648238
0.641809
0.633865
0.625169
0.61669
0.609455
0.60436
0.602017
0.602677
0.606203
0.612144
0.619749
0.628062
0.635989
0.642459
0.646498
0.647392
0.644771
0.638681
0.629585
0.618355
0.606204
0.594485
0.584446
0.577031
0.572786
0.571874
0.574132
0.579166
0.586384
0.595043
0.60432
0.61341
0.621609
0.628374
0.633391
0.636516
0.637779
0.637304
0.635271
0.631916
0.627518
0.622393
0.616933
0.611581
0.606815
0.603098
0.600846
0.600342
0.601733
0.605007
0.61007
0.61676
0.624834
0.633869
0.643201
0.65199
0.659376
0.664647
0.667354
0.667312
0.664521
0.659135
0.651458
0.641965
0.631312
0.62033
0.609932
0.600963
0.594025
0.589425
0.587115
0.586694
0.587539
0.58892
0.590208
0.591049
0.591461
0.591797
0.592658
0.5947
0.598355
0.603688
0.610359
0.617774
0.625265
0.632274
0.638457
0.643678
0.647951
0.651396
0.654143
0.656299
0.657921
0.659013
0.659541
0.659434
0.658585
0.656886
0.654215
0.650443
0.645482
0.639342
0.632205
0.624487
0.616857
0.610124
0.605132
0.602587
0.602875
0.605966
0.611401
0.618401
0.626047
0.633401
0.639647
0.644193
0.646661
0.646941
0.645173
0.641683
0.636909
0.631319
0.625303
0.619156
0.613065
0.607145
0.601553
0.596492
0.592221
0.589008
0.58703
0.586357
0.586883
0.588384
0.590555
0.593035
0.595461
0.597477
0.598784
0.599172
0.598625
0.59735
0.595787
0.594545
0.594275
0.595475
0.598346
0.602693
0.607996
0.613565
0.618712
0.622901
0.625797
0.627273
0.627359
0.626201
0.624066
0.621317
0.618346
0.615492
0.613022
0.611089
0.60972
0.608878
0.608474
0.608403
0.60855
0.60883
0.609183
0.609631
0.61025
0.611165
0.612476
0.614193
0.616177
0.618162
0.61984
0.620914
0.621185
0.620617
0.619343
0.617656
0.616017
0.614983
0.615135
0.616944
0.620623
0.626039
0.632709
0.639934
0.646973
0.653239
0.658429
0.662523
0.665696
0.668154
0.669977
0.671032
0.670981
0.669394
0.665892
0.660231
0.652371
0.642556
0.631351
0.619637
0.608565
0.599403
0.593241
0.590737
0.591996
0.596585
0.603695
0.612396
0.621805
0.631157
0.639836
0.647386
0.653513
0.658071
0.661035
0.662467
0.662528
0.661454
0.659553
0.657202
0.654722
0.652297
0.649915
0.647355
0.644326
0.640603
0.636131
0.631058
0.625649
0.620206
0.61498
0.61015
0.605814
0.602067
0.599048
0.596912
0.595797
0.595701
0.59641
0.597482
0.598383
0.598666
0.598158
0.597043
0.595808
0.595027
0.595157
0.59636
0.598454
0.601023
0.603563
0.605586
0.606727
0.606806
0.605889
0.604303
0.60254
0.601198
0.600853
0.601959
0.604834
0.609605
0.616181
0.624218
0.63317
0.6424
0.651394
0.659857
0.667737
0.675137
0.682142
0.688713
0.694651
0.699622
0.703288
0.705451
0.706165
0.70573
0.704675
0.703531
0.702605
0.701812
0.700754
0.698866
0.695659
0.690937
0.684836
0.677757
0.670272
0.662928
0.656113
0.649945
0.644327
0.639006
0.633752
0.628441
0.623081
0.617816
0.612881
0.608544
0.605075
0.602706
0.601603
0.601827
0.603328
0.605933
0.609345
0.613173
0.616949
0.620216
0.622602
0.623888
0.624037
0.623242
0.621902
0.620516
0.619612
0.619637
0.620834
0.6232
0.626481
0.630214
0.633877
0.637026
0.639396
0.640985
0.642007
0.642786
0.643661
0.644902
0.646687
0.64912
0.652215
0.655882
0.659873
0.663729
0.666807
0.668398
0.667874
0.664838
0.65924
0.651456
0.642177
0.632293
0.622694
0.614058
0.606755
0.600875
0.596359
0.593063
0.590834
0.589509
0.588995
0.589389
0.591042
0.594424
0.599773
0.606756
0.61447
0.621786
0.627805
0.632175
0.635118
0.637252
0.639321
0.641919
0.645311
0.649339
0.653495
0.65706
0.6593
0.659615
0.657675
0.653469
0.647311
0.639809
0.631804
0.624214
0.617857
0.6133
0.61072
0.609906
0.610378
0.611577
0.612959
0.614081
0.61463
0.614439
0.613508
0.612041
0.61049
0.609495
0.609761
0.611879
0.616128
0.622382
0.630132
0.638655
0.647184
0.655031
0.66164
0.666588
0.669557
0.670362
0.669014
0.665786
0.661269
0.656311
0.651811
0.648452
0.646439
0.645492
0.645046
0.64452
0.643543
0.64195
0.639791
0.637245
0.634584
0.632117
0.63015
0.628942
0.628686
0.629478
0.631269
0.633853
0.636906
0.640059
0.642995
0.645488
0.647382
0.64855
0.648863
0.648252
0.646802
0.644833
0.64284
0.641391
0.640961
0.641796
0.643883
0.647011
0.650886
0.65522
0.659736
0.66418
0.668312
0.671911
0.674806
0.676864
0.677958
0.677939
0.676651
0.67396
0.669822
0.664394
0.657966
0.650948
0.643783
0.636878
0.630543
0.624964
0.620223
0.616347
0.613377
0.611368
0.610386
0.610452
0.611492
0.613301
0.615612
0.618093
0.620424
0.622323
0.623569
0.624026
0.623621
0.622383
0.620439
0.61799
0.615299
0.612623
0.610196
0.60821
0.60681
0.606115
0.606239
0.607287
0.60932
0.612331
0.616188
0.620661
0.625459
0.630254
0.634681
0.638332
0.640803
0.64179
0.641183
0.63914
0.63604
0.632334
0.628427
0.624582
0.620952
0.617627
0.614711
0.612349
0.610689
0.609821
0.609732
0.610285
0.611275
0.612528
0.613971
0.615655
0.617713
0.620277
0.623369
0.626865
0.6305
0.633949
0.636909
0.639198
0.640768
0.641698
0.642146
0.642257
0.642117
0.641747
0.641142
0.640249
0.639022
0.637443
0.635557
0.633427
0.631127
0.628734
0.626281
0.623748
0.621106
0.618336
0.615467
0.612579
0.609825
0.607429
0.605726
0.60519
0.606414
0.609948
0.616078
0.624668
0.63514
0.646703
0.658564
0.670016
0.680465
0.689399
0.69642
0.701247
0.703744
0.70389
0.701747
0.697447
0.69115
0.683119
0.673709
0.663375
0.65264
0.642019
0.631956
0.622793
0.614755
0.60795
0.60233
0.59766
0.593558
0.589646
0.585741
0.581941
0.578581
0.576066
0.574728
0.574782
0.576359
0.579565
0.584518
0.591306
0.599875
0.609984
0.621188
0.632846
0.64419
0.65442
0.662784
0.66873
0.672072
0.673159
0.672953
0.672866
0.674264
0.677874
0.683411
0.689728
0.69529
0.698724
0.699189
0.696497
0.691112
0.683962
0.676184
0.668819
0.662513
0.657384
0.653071
0.648922
0.644259
0.638616
0.631976
0.624858
0.61823
0.613286
0.611051
0.611983
0.61576
0.621363
0.627385
0.632446
0.635569
0.636366
0.635033
0.632204
0.628716
0.6254
0.62292
0.621723
0.622063
0.624045
0.627639
0.632719
0.638997
0.646022
0.65322
0.659946
0.665571
0.669581
0.671678
0.671807
0.670117
0.666914
0.662559
0.657401
0.651686
0.64558
0.63916
0.6325
0.62577
0.619253
0.613392
0.608693
0.605659
0.604691
0.605993
0.609483
0.614703
0.620853
0.626945
0.631958
0.635039
0.635614
0.633453
0.628685
0.621759
0.61341
0.604598
0.596356
0.589677
0.585306
0.583601
0.584495
0.587543
0.592073
0.597374
0.602867
0.608207
0.613264
0.61801
0.622467
0.626658
0.630555
0.634152
0.637444
0.640377
0.642805
0.644461
0.644992
0.644079
0.64153
0.637375
0.631854
0.625318
0.618178
0.61087
0.603863
0.597696
0.592972
0.590219
0.589722
0.591416
0.594875
0.599455
0.604472
0.609319
0.613586
0.61706
0.619684
0.621511
0.622659
0.62327
0.623484
0.623501
0.623605
0.624201
0.62578
0.628742
0.633183
0.638786
0.644878
0.650696
0.655647
0.659503
0.662378
0.664602
0.666556
0.668484
0.670399
0.672063
0.673047
0.672837
0.670971
0.667143
0.661282
0.653516
0.64422
0.633948
0.623384
0.61328
0.604388
0.59735
0.592619
0.590414
0.590648
0.592906
0.596485
0.600507
0.604085
0.606535
0.607578
0.607464
0.606959
0.60716
0.60914
0.613625
0.620789
0.630221
0.641083
0.652291
0.662757
0.671609
0.67832
0.682732
0.685026
0.685603
0.684968
0.683636
0.682056
0.680536
0.679205
0.678077
0.677072
0.676093
0.675085
0.674033
0.672948
0.671828
0.670548
0.668886
0.666527
0.663167
0.658592
0.652699
0.645488
0.637007
0.627331
0.616614
0.605181
0.593635
0.582818
0.573743
0.567328
0.564178
0.564405
0.567649
0.573273
0.580582
0.588976
0.598038
0.607546
0.617378
0.627419
0.637465
0.647178
0.656065
0.663617
0.669419
0.673172
0.674738
0.674149
0.671592
0.667437
0.662221
0.656546
0.650983
0.645927
0.641519
0.637651
0.634065
0.63049
0.626762
0.622839
0.618821
0.614899
0.611324
0.608368
0.606318
0.605415
0.605822
0.607584
0.61056
0.614414
0.618654
0.622654
0.625803
0.627607
0.627762
0.626211
0.623141
0.618944
0.614138
0.609285
0.604943
0.601598
0.599655
0.599382
0.600854
0.603898
0.608056
0.61265
0.616945
0.620311
0.622357
0.622969
0.622296
0.620673
0.61854
0.616314
0.614313
0.612643
0.611191
0.609612
0.607486
0.604507
0.600678
0.596461
0.592756
0.590674
0.591162
0.594605
0.600651
0.608372
0.616646
0.624481
0.631177
0.636342
0.639821
0.641621
0.641874
0.640819
0.638764
0.636103
0.633343
0.631115
0.630087
0.630795
0.633459
0.63787
0.643482
0.64957
0.655436
0.660526
0.664419
0.666778
0.667364
0.666036
0.662794
0.657788
0.651324
0.643865
0.636015
0.628494
0.622037
0.617249
0.614498
0.613839
0.615047
0.617692
0.621197
0.62491
0.628236
0.630755
0.632321
0.633124
0.633626
0.634433
0.636064
0.638711
0.642162
0.645826
0.648957
0.650864
0.651154
0.64983
0.647281
0.644188
0.641371
0.639609
0.639495
0.641338
0.645138
0.650657
0.657518
0.665337
0.673788
0.682623
0.691634
0.700602
0.709246
0.717199
0.724021
0.729241
0.732388
0.733012
0.730727
0.725273
0.716604
0.70494
0.690852
0.675214
0.659104
0.643644
0.629806
0.618215
0.609082
0.602238
0.597299
0.593861
0.591637
0.590511
0.590443
0.591317
0.59287
0.594724
0.596512
0.59801
0.599152
0.599979
0.60055
0.600851
0.600831
0.600442
0.599703
0.598673
0.597435
0.596067
0.594689
0.593528
0.592957
0.593444
0.595429
0.599171
0.604655
0.611643
0.619733
0.628432
0.637182
0.645331
0.652179
0.657029
0.659303
0.658671
0.655226
0.649531
0.642574
0.635517
0.629334
0.624515
0.621094
0.618886
0.617747
0.61775
0.619107
0.621974
0.626255
0.631525
0.637123
0.642318
0.646471
0.649042
0.649694
0.64827
0.644842
0.639768
0.633678
0.627464
0.622178
0.618801
0.618015
0.620023
0.624498
0.630703
0.637736
0.644759
0.651222
0.656853
0.661602
0.665486
0.668479
0.670462
0.671239
0.670618
0.668451
0.664748
0.659717
0.65379
0.647577
0.641766
0.636958
0.633523
0.631521
0.630743
0.630854
0.631532
0.632529
0.633622
0.634537
0.634905
0.634346
0.632601
0.629603
0.625467
0.620382
0.614547
0.608172
0.601529
0.594987
0.589005
0.584055
0.580447
0.578233
0.577241
0.577158
0.577663
0.5785
0.579475
0.580449
0.581318
0.58198
0.582374
0.582539
0.582644
0.582982
0.583885
0.585622
0.588356
0.592194
0.597192
0.603325
0.610469
0.618379
0.62668
0.634946
0.642823
0.650006
0.656334
0.66173
0.666208
0.669823
0.672647
0.674734
0.676067
0.676543
0.675998
0.674289
0.671458
0.667826
0.663926
0.660232
0.656809
0.65327
0.649067
0.643864
0.637726
0.631054
0.624356
0.618026
0.612213
0.606854
0.60175
0.596642
0.591308
0.585661
0.579854
0.574315
0.569707
0.566821
0.56641
0.568918
0.574286
0.581823
0.590304
0.598243
0.604262
0.607388
0.607135
0.603501
0.59686
0.587876
0.577429
0.56656
0.556407
0.548101
0.542665
0.540829
0.542882
0.548662
0.557673
0.569271
0.582821
0.597663
0.613055
0.628168
0.642185
0.654421
0.664412
0.671915
0.676882
0.679422
0.679721
0.678001
0.674485
0.669337
0.662667
0.654514
0.644934
0.6341
0.622441
0.610732
0.600096
0.591844
0.587167
0.586761
0.590577
0.59781
0.607161
0.617228
0.62686
0.635329
0.642292
0.647677
0.65154
0.653944
0.654893
0.654338
0.652204
0.648505
0.643378
0.637136
0.630214
0.623145
0.616476
0.610703
0.606204
0.603158
0.601546
0.601223
0.602007
0.603726
0.606254
0.609486
0.613284
0.617401
0.621435
0.624914
0.627383
0.628524
0.628265
0.626763
0.62431
0.621187
0.61752
0.613234
0.608068
0.601752
0.594248
0.586018
0.578092
0.571877
0.568663
0.569118
0.573006
0.579386
0.587102
0.595252
0.603434
0.611726
0.620424
0.629773
0.639744
0.649944
0.65969
0.66816
0.674592
0.678406
0.679321
0.677338
0.672745
0.666028
0.657851
0.649009
0.640398
0.632937
0.62747
0.624568
0.624366
0.626489
0.630224
0.634709
0.63919
0.643109
0.646104
0.647938
0.648447
0.647523
0.645171
0.641593
0.637262
0.632908
0.629411
0.627584
0.628015
0.630934
0.636242
0.643593
0.652498
0.662438
0.672892
0.683339
0.69326
0.702146
0.709527
0.715
0.718251
0.719072
0.717412
0.713426
0.707495
0.70019
0.692243
0.684397
0.677268
0.671166
0.666065
0.661619
0.657273
0.652446
0.646717
0.639987
0.632536
0.624937
0.61786
0.61188
0.607359
0.604428
0.603048
0.603073
0.604236
0.606183
0.608456
0.610531
0.611861
0.611966
0.610506
0.607289
0.602318
0.595754
0.587936
0.579471
0.571326
0.564816
0.561333
0.561843
0.566466
0.574449
0.584579
0.595631
0.606662
0.617033
0.626357
0.634397
0.641008
0.646043
0.649337
0.650706
0.650008
0.647201
0.6424
0.635911
0.628295
0.620361
0.613056
0.607308
0.60384
0.603068
0.605107
0.609853
0.617011
0.626149
0.63669
0.647936
0.659137
0.669599
0.678782
0.686343
0.692143
0.69618
0.698578
0.699545
0.699331
0.698227
0.696551
0.694632
0.692751
0.691092
0.689664
0.688299
0.68667
0.684362
0.680982
0.676268
0.670156
0.6628
0.654507
0.645668
0.636679
0.627955
0.61989
0.6129
0.607402
0.603753
0.602205
0.602797
0.605237
0.608927
0.613101
0.617048
0.620366
0.623061
0.62544
0.627818
0.630312
0.632778
0.634929
0.636491
0.6373
0.637296
0.636532
0.63516
0.63347
0.63188
0.63092
0.631127
0.6329
0.636314
0.641063
0.646444
0.651446
0.654962
0.655988
0.65386
0.648405
0.640099
0.630037
0.619772
0.61094
0.604817
0.601924
0.601905
0.603796
0.60654
0.6094
0.612054
0.614468
0.616698
0.618833
0.621031
0.623541
0.62664
0.630527
0.635221
0.640497
0.645954
0.65116
0.655799
0.65971
0.662894
0.665464
0.667541
0.669222
0.670555
0.671503
0.671925
0.671588
0.670195
0.667421
0.663017
0.656874
0.649137
0.640243
0.630966
0.622374
0.615627
0.611683
0.611015
0.613451
0.618313
0.624756
0.632044
0.639685
0.647378
0.65486
0.661824
0.667873
0.672553
0.675444
0.676274
0.675041
0.672075
0.668054
0.663892
0.660555
0.658809
0.659019
0.661025
0.664259
0.667984
0.671579
0.674699
0.677314
0.679529
0.681385
0.682734
0.683279
0.68269
0.680729
0.677324
0.67259
0.666768
0.660261
0.653646
0.647655
0.64304
0.640348
0.639671
0.640633
0.642582
0.644873
0.647084
0.64905
0.650753
0.652203
0.653334
0.653978
0.6539
0.652935
0.651054
0.648465
0.645581
0.642884
0.640715
0.6392
0.638324
0.63811
0.638746
0.640564
0.643877
0.648796
0.655044
0.661931
0.668452
0.673556
0.676424
0.676646
0.674298
0.669901
0.664293
0.658468
0.653436
0.650038
0.64882
0.649931
0.65313
0.657876
0.663479
0.669265
0.674676
0.679309
0.682894
0.685289
0.686443
0.686352
0.685075
0.682701
0.679324
0.675006
0.669775
0.663649
0.656711
0.649222
0.64173
0.635104
0.630431
0.628736
0.63061
0.635965
0.643992
0.653439
0.662989
0.671536
0.678341
0.683018
0.685481
0.685844
0.684369
0.68143
0.677431
0.672747
0.667703
0.662558
0.657538
0.652884
0.648893
0.645861
0.643988
0.643305
0.64358
0.644346
0.64503
0.645069
0.644043
0.641754
0.63823
0.633718
0.628624
0.623489
0.618878
0.615284
0.613052
0.612279
0.612831
0.614408
0.616608
0.619002
0.621204
0.622898
0.623871
0.624043
0.623481
0.622366
0.620978
0.619625
0.618589
0.618134
0.618482
0.619834
0.622356
0.626128
0.631153
0.637314
0.644394
0.652034
0.659705
0.666732
0.672401
0.676126
0.677629
0.676994
0.674627
0.671091
0.666912
0.662407
0.657631
0.652476
0.646818
0.640623
0.634032
0.627341
0.620954
0.61527
0.610616
0.607281
0.605511
0.605528
0.607351
0.610609
0.614518
0.618107
0.620529
0.621312
0.620444
0.618288
0.615424
0.612496
0.610057
0.608449
0.607758
0.607816
0.608355
0.609126
0.610031
0.611087
0.612294
0.613531
0.614539
0.615027
0.614851
0.614126
0.613217
0.612708
0.613321
0.615806
0.620756
0.628418
0.638507
0.650222
0.66241
0.673835
0.683453
0.69054
0.694732
0.695986
0.6945
0.690642
0.684884
0.677713
0.669612
0.661009
0.65229
0.643827
0.636017
0.629292
0.624021
0.620422
0.618516
0.618201
0.619392
0.622056
0.626154
0.631547
0.637901
0.64472
0.651416
0.657425
0.662228
0.665389
0.666569
0.665546
0.662291
0.657001
0.650122
0.642334
0.634508
0.627538
0.622217
0.619134
0.618596
0.620626
0.624938
0.630935
0.63774
0.644268
0.649432
0.652353
0.65252
0.649888
0.644851
0.638123
0.630616
0.623286
0.617049
0.612733
0.61095
0.612011
0.615811
0.621843
0.62926
0.637057
0.644294
0.650254
0.654522
0.657024
0.657975
0.657847
0.657228
0.65668
0.656581
0.656998
0.657666
0.658135
0.657934
0.656697
0.654226
0.650495
0.645613
0.639793
0.633325
0.626572
0.619926
0.613798
0.608534
0.6043
0.601097
0.598829
0.597418
0.596879
0.59729
0.598668
0.600901
0.603714
0.606714
0.609525
0.61192
0.613899
0.615673
0.61754
0.619718
0.622238
0.624949
0.627591
0.629892
0.631671
0.632885
0.633623
0.634102
0.634584
0.635326
0.636484
0.638068
0.639948
0.641903
0.643674
0.645029
0.645825
0.646042
0.645758
0.645193
0.644608
0.644231
0.644136
0.644193
0.644115
0.643562
0.642302
0.640307
0.637806
0.635274
0.633355
0.632733
0.633863
0.636787
0.641095
0.646019
0.650618
0.653986
0.655357
0.654125
0.649857
0.642339
0.631678
0.618441
0.603748
0.58925
0.576721
0.56747
0.561878
0.559445
0.559263
0.56049
0.562585
0.565311
0.568672
0.572807
0.577906
0.584054
0.591154
0.598941
0.60702
0.614964
0.62238
0.628934
0.634372
0.638533
0.641313
0.642669
0.642574
0.641026
0.638064
0.633781
0.628393
0.622322
0.616204
0.610861
0.607139
0.605738
0.606983
0.610671
0.616069
0.622086
0.627575
0.631648
0.633855
0.63427
0.633378
0.63185
0.630311
0.629183
0.628649
0.628731
0.629385
0.63059
0.63236
0.634747
0.637804
0.641581
0.646115
0.651396
0.657312
0.663632
0.669988
0.6759
0.680887
0.684511
0.686479
0.686671
0.685142
0.682068
0.677749
0.672559
0.666916
0.661246
0.655993
0.651617
0.648565
0.647259
0.647963
0.650709
0.655161
0.660659
0.666332
0.671326
0.675011
0.677091
0.677591
0.676759
0.674928
0.672422
0.669554
0.666603
0.663798
0.661303
0.659121
0.657108
0.654964
0.652298
0.648731
0.644035
0.638264
0.631793
0.625234
0.619298
0.614591
0.611451
0.609897
0.609746
0.6107
0.612434
0.614614
0.616911
0.619034
0.620737
0.621879
0.622415
0.622384
0.621879
0.621027
0.619954
0.618851
0.617961
0.617598
0.618115
0.619836
0.62298
0.62761
0.633648
0.640881
0.648947
0.657314
0.665239
0.671829
0.676141
0.677356
0.674944
0.668776
0.659161
0.646803
0.632733
0.618208
0.604592
0.59322
0.585154
0.580981
0.580698
0.583742
0.58919
0.59594
0.602878
0.60906
0.613798
0.616739
0.617935
0.617831
0.617181
0.616875
0.617696
0.620029
0.623723
0.628157
0.63246
0.635847
0.637834
0.638314
0.637566
0.636224
0.635099
0.634945
0.63627
0.639175
0.643411
0.648457
0.653734
0.658718
0.663021
0.666399
0.66875
0.67009
0.670477
0.669992
0.668782
0.667112
0.665362
0.663902
0.662876
0.662121
0.661307
0.66022
0.658949
0.657878
0.657477
0.658032
0.659502
0.661503
0.663476
0.664845
0.665152
0.664117
0.661562
0.657405
0.65164
0.644376
0.63587
0.626557
0.617068
0.608161
0.600597
0.594963
0.591537
0.590272
0.590896
0.593022
0.596174
0.59976
0.603116
0.605631
0.606895
0.606824
0.605669
0.603926
0.602228
0.601199
0.601382
0.603093
0.606375
0.61094
0.616171
0.62123
0.625162
0.627133
0.626573
0.623294
0.617558
0.609981
0.60143
0.592872
0.58518
0.579015
0.574738
0.572442
0.572057
0.57353
0.576918
0.582376
0.58996
0.59948
0.610376
0.621843
0.632997
0.643033
0.651321
0.657476
0.661322
0.662883
0.662359
0.660116
0.656686
0.652781
0.649218
0.64684
0.646367
0.648219
0.652332
0.658164
0.664816
0.671248
0.676492
0.679768
0.680565
0.67867
0.674248
0.667777
0.66006
0.652047
0.644664
0.638648
0.634443
0.632205
0.631844
0.633076
0.635484
0.638587
0.641903
0.645055
0.647891
0.650446
0.652907
0.655492
0.658252
0.661007
0.663356
0.664744
0.66459
0.662402
0.6579
0.651077
0.642229
0.631893
0.620767
0.609527
0.59877
0.589
0.58067
0.574203
0.570004
0.568375
0.569451
0.573143
0.579155
0.586993
0.596043
0.605652
0.615213
0.624171
0.632024
0.638297
0.642603
0.644708
0.644656
0.642758
0.63957
0.635731
0.631841
0.628313
0.625363
0.623072
0.621442
0.620444
0.620028
0.620105
0.620564
0.621312
0.622285
0.623481
0.624899
0.626487
0.62809
0.629485
0.630459
0.63087
0.630704
0.630094
0.629299
0.628684
0.628646
0.629519
0.631457
0.634361
0.637833
0.64127
0.64402
0.64554
0.645549
0.644072
0.641379
0.637833
0.633721
0.629177
0.624147
0.61853
0.612348
0.605853
0.599566
0.594178
0.590425
0.58887
0.589752
0.592923
0.597817
0.603594
0.609384
0.614519
0.61868
0.621896
0.624435
0.626655
0.628883
0.631301
0.633903
0.636503
0.638738
0.640173
0.640407
0.63922
0.636724
0.633393
0.629978
0.627212
0.625526
0.624863
0.624789
0.624706
0.624067
0.622493
0.619815
0.616125
0.611752
0.607331
0.603711
0.601787
0.602299
0.605637
0.61172
0.619998
0.629561
0.639343
0.648294
0.655558
0.66055
0.662969
0.662759
0.660072
0.655162
0.648356
0.639995
0.630426
0.62006
0.609375
0.598966
0.589511
0.581642
0.575844
0.572379
0.571247
0.572259
0.575081
0.579317
0.58459
0.590571
0.596988
0.603612
0.610265
0.616791
0.623019
0.628757
0.633781
0.637838
0.640675
0.642089
0.64201
0.640497
0.637714
0.633858
0.629091
0.62354
0.617388
0.611004
0.604986
0.600137
0.597306
0.597128
0.599865
0.605293
0.612775
0.621442
0.630383
0.638813
0.646231
0.652408
0.65731
0.66093
0.663155
0.663793
0.662561
0.65925
0.65383
0.646493
0.63766
0.627893
0.617807
0.608017
0.599063
0.591369
0.585266
0.580968
0.578567
0.578013
0.579131
0.581625
0.585171
0.589477
0.594329
0.599554
0.604963
0.61028
0.615091
0.618835
0.620834
0.620418
0.61706
0.610526
0.600969
0.58898
0.575542
0.561958
0.549776
0.54066
0.536194
0.537574
0.545211
0.55844
0.575541
0.594177
0.611964
0.626968
0.637886
0.644026
0.645223
0.641742
0.634208
0.623649
0.611472
0.5994
0.589279
0.582731
0.580803
0.583653
0.590521
0.600022
0.610592
0.62089
0.630005
0.637483
0.643193
0.647218
0.649752
0.651012
0.651221
0.650618
0.64945
0.647983
0.646485
0.645254
0.644622
0.644918
0.646355
0.648868
0.652078
0.655384
0.658107
0.659652
0.659579
0.657568
0.653478
0.647358
0.6395
0.630455
0.620962
0.611823
0.603746
0.597193
0.592407
0.589479
0.588438
0.589263
0.591837
0.595874
0.600905
0.606354
0.611642
0.616283
0.619906
0.622263
0.623236
0.62286
0.621358
0.61918
0.616959
0.615406
0.615209
0.616949
0.621005
0.627401
0.635619
0.644614
0.653161
0.660216
0.665172
0.66788
0.668518
0.667446
0.665092
0.661904
0.658352
0.654905
0.652018
0.65004
0.649065
0.648834
0.648702
0.647749
0.645075
0.640002
0.632287
0.622264
0.610891
0.599678
0.590422
0.584743
0.583567
0.586814
0.593526
0.602274
0.611635
0.620516
0.628233
0.634419
0.638879
0.641484
0.642116
0.640721
0.63735
0.632223
0.625741
0.618416
0.610816
0.603496
0.596945
0.591585
0.587747
0.585612
0.585147
0.586088
0.587952
0.590173
0.592258
0.593925
0.595212
0.596446
0.598121
0.600705
0.604459
0.609378
0.615225
0.621633
0.628181
0.634377
0.639676
0.643482
0.64521
0.644355
0.64059
0.633825
0.624247
0.612342
0.598921
0.585146
0.572448
0.562349
0.556097
0.554307
0.556732
0.562434
0.570212
0.579054
0.58833
0.597686
0.606789
0.615124
0.622031
0.626865
0.629165
0.628792
0.625959
0.621174
0.615117
0.608568
0.602259
0.596817
0.592728
0.590383
0.590053
0.591872
0.595798
0.60156
0.608632
0.616338
0.623968
0.630885
0.636608
0.640819
0.643384
0.64428
0.643635
0.641711
0.638875
0.635595
0.632355
0.629482
0.627139
0.625306
0.623898
0.622893
0.622476
0.622993
0.624881
0.628509
0.634026
0.641311
0.649867
0.658979
0.667841
0.675693
0.681943
0.686214
0.688361
0.688467
0.686812
0.683817
0.680019
0.676012
0.672374
0.669607
0.668002
0.667628
0.668255
0.669395
0.670413
0.670736
0.67003
0.668237
0.665479
0.661908
0.657603
0.652593
0.646946
0.640795
0.634291
0.627554
0.620676
0.613781
0.607129
0.601158
0.596447
0.593599
0.593095
0.595176
0.59977
0.606509
0.614811
0.623959
0.633186
0.641754
0.648979
0.654334
0.65748
0.658307
0.656906
0.653565
0.648713
0.642832
0.63645
0.630096
0.624289
0.619507
0.616128
0.614416
0.614474
0.616228
0.619442
0.623765
0.628759
0.633971
0.638969
0.643347
0.646781
0.649054
0.650046
0.649697
0.647956
0.644736
0.639948
0.6336
0.625866
0.617118
0.607938
0.598993
0.590895
0.584103
0.57888
0.575317
0.573374
0.572943
0.573812
0.575668
0.578166
0.581076
0.584352
0.588126
0.592595
0.597916
0.604105
0.611027
0.61842
0.625916
0.63305
0.639302
0.644119
0.646995
0.647602
0.645914
0.642325
0.637635
0.632906
0.629095
0.626716
0.625666
0.625423
0.625375
0.625048
0.624169
0.622652
0.620585
0.618252
0.616104
0.614721
0.614664
0.616257
0.61945
0.6238
0.628606
0.63317
0.637052
0.640159
0.642621
0.644524
0.645707
0.645847
0.644746
0.642571
0.639886
0.63746
0.635948
0.63567
0.636518
0.638073
0.639727
0.640904
0.641184
0.640413
0.638733
0.63647
0.634056
0.6319
0.630298
0.629411
0.629293
0.629943
0.63134
0.633425
0.636025
0.63886
0.641551
0.64371
0.645048
0.645411
0.644765
0.64315
0.640629
0.637288
0.633267
0.628787
0.624194
0.619945
0.616546
0.614507
0.614244
0.615944
0.619428
0.624076
0.628886
0.632777
0.634916
0.634955
0.633085
0.629832
0.625802
0.62147
0.617148
0.613077
0.609527
0.606915
0.605734
0.606428
0.609262
0.614273
0.621227
0.629664
0.638944
0.648357
0.65728
0.665254
0.672036
0.677591
0.682031
0.685512
0.688155
0.690036
0.691185
0.691591
0.691235
0.690113
0.688257
0.685714
0.682572
0.678975
0.675146
0.671344
0.667824
0.664792
0.662384
0.660706
0.659789
0.659687
0.660404
0.661846
0.663756
0.665698
0.667148
0.6676
0.666761
0.664718
0.661982
0.659378
0.657664
0.657104
0.657203
0.656912
0.65512
0.651125
0.644804
0.636587
0.627251
0.617678
0.608627
0.600636
0.594033
0.589049
0.585962
0.585155
0.586941
0.591289
0.597624
0.604922
0.612037
0.617999
0.622264
0.624813
0.626158
0.627133
0.628555
0.630951
0.634448
0.638828
0.643602
0.64808
0.651521
0.653476
0.654087
0.654073
0.654376
0.655549
0.657373
0.659008
0.659439
0.657909
0.654102
0.648192
0.640833
0.633028
0.625993
0.620925
0.618736
0.619812
0.623877
0.630031
0.636967
0.643368
0.648421
0.652191
0.655534
0.659376
0.663823
0.667931
0.670386
0.670314
0.667646
0.662934
0.656978
0.650529
0.64409
0.637976
0.63234
0.627277
0.622921
0.619454
0.617043
0.615762
0.615546
0.616235
0.617647
0.619646
0.622163
0.625082
0.628226
0.631296
0.633919
0.635709
0.636351
0.635711
0.633892
0.63123
0.628241
0.62548
0.623431
0.622429
0.622628
0.624026
0.626496
0.629794
0.633581
0.637401
0.640788
0.643384
0.645082
0.646054
0.64666
0.647302
0.64827
0.649666
0.651409
0.653302
0.655087
0.656526
0.657436
0.657676
0.657135
0.655695
0.653233
0.649605
0.644685
0.638406
0.630848
0.622281
0.613207
0.604399
0.596819
0.591445
0.589047
0.589891
0.593665
0.599596
0.606715
0.614163
0.621377
0.62804
0.633957
0.638885
0.642462
0.644301
0.644132
0.641943
0.638006
0.632812
0.626938
0.620951
0.615283
0.610179
0.605688
0.601711
0.598092
0.594711
0.591532
0.588648
0.586249
0.584547
0.583712
0.583811
0.584778
0.586449
0.588567
0.590796
0.592762
0.594093
0.594457
0.593615
0.591541
0.588413
0.584663
0.580954
0.578044
0.576657
0.57729
0.580126
0.58501
0.591549
0.59924
0.607597
0.61616
0.624503
0.632219
0.63891
0.644181
0.647651
0.648986
0.647956
0.644463
0.638548
0.630431
0.620564
0.609638
0.598565
0.588302
0.579758
0.573651
0.570418
0.570201
0.572881
0.57806
0.585141
0.59336
0.601918
0.610055
0.617127
0.622649
0.626297
0.627902
0.627441
0.625026
0.620902
0.615476
0.609289
0.602979
0.597224
0.592689
0.589971
0.589512
0.591519
0.595864
0.602035
0.60921
0.616359
0.622362
0.626118
0.626613
0.623054
0.615203
0.604039
0.592394
0.584528
0.58383
0.590319
0.600899
0.61194
0.621066
0.627145
0.629635
0.62832
0.62347
0.61616
0.608288
0.602148
0.599529
0.600914
0.605334
0.610999
0.616181
0.619773
0.621417
0.621318
0.619981
0.617979
0.615735
0.613413
0.610908
0.607987
0.604449
0.600331
0.595977
0.591974
0.588971
0.587474
0.5877
0.589619
0.59304
0.597785
0.603744
0.610884
0.619192
0.628561
0.638738
0.649277
0.659583
0.669031
0.677148
0.683733
0.688874
0.692842
0.695969
0.698435
0.700266
0.701316
0.701361
0.700174
0.6976
0.693572
0.688224
0.681973
0.67555
0.669882
0.66581
0.663779
0.663646
0.664719
0.666007
0.666505
0.665436
0.662332
0.65707
0.649849
0.64115
0.631658
0.622188
0.613576
0.606533
0.601493
0.598558
0.597483
0.597746
0.598698
0.599756
0.600475
0.600673
0.600446
0.600177
0.600506
0.602253
0.606138
0.612433
0.620759
0.630118
0.639151
0.646508
0.651146
0.652464
0.650314
0.644987
0.637231
0.628305
0.619936
0.613967
0.611681
0.613241
0.617763
0.623917
0.630523
0.636799
0.642317
0.646893
0.650504
0.653298
0.65556
0.657678
0.660064
0.663028
0.666715
0.671083
0.675939
0.681026
0.685999
0.690484
0.694083
0.69638
0.696995
0.695647
0.692171
0.686573
0.679073
0.670119
0.660425
0.650892
0.642557
0.636393
0.633141
0.633125
0.636069
0.641139
0.647094
0.652617
0.656643
0.658575
0.658313
0.656232
0.652996
0.64936
0.646007
0.643501
0.642285
0.64268
0.64482
0.648603
0.653601
0.659081
0.664121
0.667845
0.669618
0.669215
0.666897
0.663301
0.659259
0.655531
0.652576
0.650473
0.648991
0.647793
0.646594
0.64526
0.643891
0.642807
0.642506
0.643543
0.646281
0.650707
0.656423
0.66276
0.669011
0.674576
0.678988
0.681887
0.683012
0.682257
0.679761
0.676008
0.671854
0.668394
0.66666
0.667218
0.670015
0.674445
0.679549
0.684382
0.688127
0.690198
0.690217
0.688008
0.683598
0.677243
0.669447
0.660938
0.652555
0.645065
0.638986
0.634513
0.631644
0.630351
0.630627
0.63248
0.635858
0.640542
0.646087
0.651858
0.657063
0.660926
0.662851
0.662537
0.660058
0.655909
0.650858
0.645804
0.641563
0.638684
0.637398
0.637639
0.639116
0.641446
0.644272
0.647281
0.650268
0.653101
0.65569
0.657898
0.65948
0.660112
0.659477
0.657383
0.653897
0.649339
0.644211
0.639008
0.634049
0.629409
0.625027
0.620862
0.617023
0.613863
0.611917
0.611782
0.613936
0.618612
0.625737
0.634926
0.645522
0.6567
0.667572
0.677292
0.685174
0.690774
0.693956
0.694902
0.694029
0.691864
0.688939
0.685681
0.682355
0.679055
0.675718
0.672226
0.66847
0.664436
0.660284
0.656366
0.653146
0.651083
0.650512
0.651553
0.65406
0.657668
0.661906
0.666294
0.670463
0.674179
0.677345
0.679895
0.681735
0.68269
0.68253
0.681077
0.678392
0.674927
0.671463
0.668811
0.667383
0.666979
0.666954
0.666611
0.665526
0.663635
0.661143
0.658375
0.655654
0.653261
0.651382
0.650131
0.649559
0.64968
0.650463
0.651801
0.653523
0.655418
0.657303
0.659077
0.660738
0.662394
0.664208
0.666315
0.668712
0.67124
0.673607
0.675508
0.676732
0.677249
0.677168
0.67665
0.675786
0.674519
0.672667
0.669958
0.666155
0.661146
0.654964
0.647781
0.639907
0.631735
0.623773
0.616611
0.610882
0.607106
0.605541
0.606049
0.608159
0.611284
0.614921
0.618798
0.622882
0.627313
0.632279
0.637862
0.643927
0.650102
0.655852
0.660612
0.663914
0.665501
0.665344
0.663632
0.660702
0.657017
0.653128
0.649639
0.647095
0.645809
0.6458
0.646823
0.64845
0.65021
0.651674
0.652484
0.65238
0.651293
0.649297
0.646577
0.643349
0.639778
0.636
0.632098
0.6281
0.624033
0.620001
0.616234
0.613105
0.611042
0.610415
0.611407
0.614018
0.618125
0.623582
0.63023
0.637881
0.646238
0.654863
0.66319
0.670587
0.67645
0.68031
0.681865
0.681045
0.678059
0.673396
0.667703
0.661572
0.655325
0.6489
0.641984
0.634333
0.626005
0.617439
0.609289
0.602214
0.596698
0.592942
0.590838
0.590092
0.590323
0.59119
0.592422
0.593856
0.595385
0.596984
0.598647
0.600391
0.602218
0.604149
0.606195
0.608391
0.6108
0.613591
0.617094
0.621739
0.627991
0.636127
0.646033
0.657133
0.668417
0.678683
0.68682
0.691998
0.69377
0.692119
0.687404
0.68025
0.671415
0.661704
0.651885
0.642649
0.634589
0.628126
0.623437
0.620406
0.618654
0.617633
0.616794
0.615789
0.614569
0.613351
0.612475
0.612168
0.612428
0.613009
0.613541
0.613689
0.613245
0.612168
0.610542
0.608522
0.606345
0.6043
0.602689
0.601745
0.601543
0.601997
0.60288
0.603923
0.604937
0.605853
0.606756
0.607866
0.609441
0.61168
0.614615
0.618071
0.621722
0.625206
0.628233
0.630658
0.632409
0.633484
0.633905
0.633765
0.633322
0.633042
0.633549
0.635497
0.63933
0.645153
0.652641
0.661116
0.669671
0.677389
0.683502
0.687549
0.68944
0.689379
0.687802
0.685244
0.682215
0.679087
0.676034
0.673023
0.669863
0.666245
0.661827
0.656303
0.649447
0.64122
0.631853
0.621936
0.612472
0.604849
0.60067
0.601301
0.607258
0.617763
0.6309
0.644323
0.656035
0.664779
0.670109
0.672177
0.671537
0.668926
0.665148
0.660929
0.656855
0.653328
0.650525
0.648393
0.64672
0.645229
0.643659
0.641864
0.639904
0.638069
0.636773
0.636475
0.63749
0.63987
0.643294
0.647115
0.650533
0.652796
0.653408
0.65234
0.649987
0.647094
0.644393
0.64227
0.640611
0.638992
0.636979
0.634365
0.631175
0.627589
0.623862
0.620291
0.61725
0.615199
0.614646
0.616059
0.619743
0.62578
0.633946
0.643769
0.65455
0.665437
0.675481
0.683778
0.689577
0.692413
0.69216
0.689052
0.683593
0.676456
0.668426
0.660307
0.652854
0.646682
0.642188
0.639472
0.638308
0.638148
0.638265
0.637879
0.636328
0.633187
0.628305
0.621828
0.614156
0.605889
0.597798
0.590738
0.585562
0.583008
0.583544
0.587282
0.593919
0.60279
0.613015
0.623666
0.633923
0.643192
0.651109
0.657553
0.662516
0.666027
0.668058
0.668466
0.667001
0.663368
0.657327
0.648814
0.638062
0.625687
0.612702
0.600374
0.590041
0.582829
0.579462
0.580182
0.584705
0.592252
0.60169
0.611698
0.621009
0.628565
0.633647
0.635916
0.635375
0.632294
0.627112
0.620322
0.612424
0.603909
0.595327
0.587345
0.580794
0.576615
0.575687
0.578567
0.585275
0.595267
0.607611
0.621224
0.635065
0.648213
0.659929
0.669621
0.676824
0.681181
0.682429
0.680451
0.675309
0.667284
0.656912
0.644951
0.63233
0.620081
0.609272
0.600904
0.595803
0.5945
0.597042
0.602936
0.611187
0.620518
0.629663
0.637631
0.643814
0.647961
0.650072
0.650286
0.648808
0.645927
0.642037
0.63758
0.632988
0.628574
0.624486
0.620744
0.617281
0.614037
0.610999
0.608214
0.605758
0.603735
0.60225
0.601383
0.601109
0.601195
0.601169
0.600439
0.598473
0.595009
0.590179
0.584528
0.57882
0.573856
0.570304
0.56858
0.56883
0.571008
0.574955
0.580445
0.587183
0.594846
0.603071
0.611491
0.619761
0.627515
0.634444
0.640307
0.645016
0.648663
0.651521
0.65398
0.65643
0.659115
0.662062
0.665069
0.667766
0.66975
0.670749
0.670738
0.669942
0.668837
0.667948
0.66771
0.668346
0.669827
0.671882
0.674115
0.676012
0.677073
0.676854
0.67503
0.671442
0.666146
0.659418
0.65177
0.643909
0.636649
0.630759
0.62685
0.625246
0.625962
0.628749
0.633101
0.638376
0.64385
0.648818
0.652693
0.655049
0.655672
0.654524
0.651764
0.647743
0.642931
0.637792
0.632688
0.627897
0.623697
0.620555
0.619206
0.620456
0.624772
0.631965
0.641231
0.651484
0.661764
0.671415
0.680071
0.687509
0.69359
0.698229
0.701413
0.703226
0.703845
0.703519
0.702537
0.70118
0.699619
0.697897
0.695918
0.693451
0.69025
0.686177
0.681342
0.67609
0.670941
0.666358
0.662575
0.65954
0.657016
0.654826
0.653
0.65178
0.65151
0.652398
0.654433
0.657329
0.66062
0.66376
0.666234
0.667645
0.667754
0.666512
0.664078
0.660791
0.657099
0.65347
0.650293
0.647805
0.646042
0.64484
0.643902
0.642877
0.641419
0.63927
0.636307
0.632507
0.627912
0.622618
0.616719
0.61027
0.603301
0.595835
0.587897
0.579566
0.571057
0.562751
0.555227
0.549185
0.545441
0.5448
0.547942
0.55524
0.566618
0.581501
0.598938
0.617791
0.636912
0.655214
0.671693
0.685449
0.695692
0.701855
0.703668
0.70115
0.694627
0.684683
0.672114
0.657907
0.643249
0.629505
0.618099
0.610286
0.606774
0.607445
0.611335
0.616984
0.622925
0.628085
0.631892
0.634179
0.635014
0.634519
0.632752
0.629707
0.625403
0.620014
0.614005
0.608159
0.603486
0.600946
0.601095
0.603802
0.608299
0.613431
0.618059
0.621375
0.623091
0.623476
0.623204
0.623084
0.623787
0.625608
0.628439
0.631859
0.635263
0.638045
0.639711
0.639929
0.638555
0.63568
0.631651
0.627039
0.622491
0.618533
0.615354
0.612747
0.610297
0.60764
0.60471
0.601793
0.599412
0.598175
0.598607
0.601082
0.605733
0.612322
0.620232
0.628599
0.636486
0.643076
0.647798
0.65038
0.650849
0.649458
0.646661
0.643048
0.639261
0.635919
0.633524
0.632372
0.632473
0.633536
0.635035
0.636448
0.63756
0.638707
0.640678
0.644125
0.648934
0.65409
0.658202
0.660184
0.659587
0.656561
0.651609
0.64541
0.638697
0.632153
0.626412
0.622011
0.619331
0.618552
0.619617
0.622258
0.626034
0.630449
0.635037
0.639408
0.643299
0.646551
0.64908
0.650812
0.651651
0.651493
0.650258
0.647964
0.644702
0.640618
0.635844
0.630457
0.624491
0.617993
0.611122
0.604149
0.597469
0.591464
0.5864
0.582316
0.579014
0.576116
0.573169
0.569826
0.565953
0.561693
0.557488
0.553984
0.551897
0.551839
0.554162
0.558905
0.565762
0.574156
0.583366
0.592647
0.60133
0.608885
0.615018
0.619665
0.622972
0.625332
0.62729
0.62941
0.63218
0.635815
0.640181
0.644819
0.649076
0.652307
0.654017
0.653957
0.652151
0.648827
0.644389
0.639347
0.634213
0.629469
0.625551
0.62281
0.621466
0.62156
0.622903
0.625077
0.627534
0.629757
0.631396
0.632407
0.633047
0.63379
0.635183
0.637668
0.641389
0.646183
0.651621
0.657136
0.66217
0.666302
0.669294
0.671042
0.671539
0.670786
0.668753
0.665398
0.660701
0.654713
0.647614
0.639742
0.631609
0.623818
0.616934
0.611295
0.606917
0.6035
0.600619
0.597994
0.595673
0.594048
0.593711
0.595188
0.598766
0.604405
0.611729
0.620097
0.628683
0.636621
0.643143
0.647646
0.649785
0.649461
0.646767
0.641965
0.635491
0.627982
0.620302
0.61354
0.608766
0.606603
0.606786
0.608146
0.609129
0.60858
0.606269
0.60283
0.599351
0.596868
0.595968
0.596684
0.598578
0.601013
0.603402
0.605393
0.606926
0.608144
0.609251
0.610434
0.6118
0.613338
0.614987
0.616686
0.618465
0.620439
0.622829
0.625916
0.62992
0.634891
0.640643
0.646736
0.652554
0.657442
0.660848
0.662431
0.662103
0.660063
0.656773
0.652875
0.649058
0.645873
0.64357
0.641941
0.640375
0.638019
0.6341
0.628198
0.620348
0.611004
0.600933
0.591101
0.582553
0.576296
0.573192
0.573778
0.578144
0.585895
0.596233
0.60811
0.620398
0.63212
0.642612
0.651568
0.659044
0.665328
0.670791
0.675724
0.680238
0.684268
0.687598
0.689911
0.69087
0.690173
0.687595
0.682998
0.676386
0.667881
0.657753
0.646411
0.634392
0.622332
0.610921
0.600835
0.592652
0.586772
0.583356
0.582312
0.583295
0.585785
0.589178
0.592922
0.596604
0.599985
0.60297
0.60557
0.607812
0.609716
0.611303
0.612626
0.613788
0.614947
0.616298
0.618002
0.620141
0.622615
0.625173
0.627432
0.628968
0.629436
0.628712
0.626948
0.624552
0.622113
0.620235
0.619382
0.619796
0.621453
0.624125
0.627536
0.631488
0.635903
0.64077
0.646045
0.651573
0.656991
0.661798
0.665398
0.667244
0.666952
0.664388
0.659718
0.653409
0.646162
0.63879
0.632067
0.6266
0.622753
0.620593
0.619929
0.620455
0.621849
0.623824
0.626144
0.628585
0.63093
0.633002
0.634732
0.636181
0.63753
0.639046
0.641004
0.643614
0.64701
0.651186
0.655943
0.660857
0.665341
0.668744
0.670522
0.67031
0.668062
0.664018
0.658722
0.652927
0.647491
0.643174
0.640452
0.639364
0.63953
0.640292
0.64089
0.640682
0.63931
0.636761
0.633342
0.629548
0.625908
0.622811
0.620448
0.618818
0.617803
0.617264
0.617085
0.617239
0.617817
0.61897
0.62077
0.623165
0.625999
0.629115
0.632457
0.636049
0.639871
0.643764
0.64742
0.65047
0.652575
0.653518
0.653217
0.65171
0.649144
0.645702
0.641544
0.636748
0.631329
0.625294
0.61867
0.611634
0.60454
0.597933
0.592468
0.588792
0.587388
0.588448
0.591814
0.597
0.603235
0.609613
0.615266
0.619541
0.622143
0.623175
0.623114
0.622662
0.622545
0.623344
0.625337
0.628457
0.63232
0.636372
0.640045
0.642844
0.644458
0.644753
0.643731
0.641542
0.638441
0.634781
0.630957
0.62731
0.624038
0.621184
0.618656
0.616284
0.613911
0.611425
0.608781
0.606037
0.603393
0.601165
0.59972
0.599385
0.600332
0.60252
0.605711
0.609517
0.613508
0.617285
0.620514
0.622941
0.624375
0.624648
0.623637
0.621363
0.618055
0.614261
0.610862
0.608924
0.609403
0.612861
0.619318
0.628272
0.638898
0.650265
0.661493
0.67181
0.680616
0.687487
0.692162
0.694613
0.694997
0.693616
0.690865
0.687127
0.682697
0.677695
0.672095
0.665721
0.658353
0.649786
0.639975
0.629153
0.617934
0.607298
0.59845
0.592468
0.589833
0.590219
0.592723
0.596372
0.600532
0.60496
0.609616
0.614411
0.619082
0.62327
0.626687
0.629267
0.631226
0.633019
0.635201
0.638288
0.642601
0.648162
0.654671
0.661538
0.667949
0.673017
0.675942
0.676183
0.673557
0.66827
0.660917
0.652388
0.643721
0.635852
0.629372
0.624394
0.620578
0.617382
0.614375
0.611504
0.609132
0.607845
0.608156
0.610258
0.613952
0.618739
0.624006
0.629204
0.633947
0.637982
0.641132
0.643238
0.644068
0.643305
0.64064
0.635877
0.629095
0.620771
0.6118
0.603375
0.596738
0.592857
0.592232
0.59488
0.600387
0.608026
0.616925
0.62617
0.634956
0.642667
0.648891
0.653382
0.656012
0.656714
0.655471
0.652358
0.647589
0.641604
0.635111
0.629022
0.624245
0.621404
0.620556
0.621157
0.622231
0.622713
0.621797
0.619126
0.614836
0.609562
0.604301
0.60014
0.597915
0.597879
0.599599
0.602107
0.604275
0.605131
0.604163
0.601421
0.597409
0.592888
0.58863
0.585216
0.582996
0.582124
0.582641
0.584515
0.587677
0.591958
0.597066
0.60256
0.607908
0.612582
0.616193
0.618583
0.619828
0.620204
0.62003
0.619558
0.618948
0.618262
0.617588
0.61706
0.616904
0.617376
0.618673
0.62083
0.623645
0.626691
0.629351
0.63093
0.630811
0.628601
0.624266
0.618191
0.61126
0.604747
0.600135
0.598718
0.60114
0.607155
0.615722
0.625461
0.635082
0.643668
0.650701
0.655989
0.659567
0.661629
0.662468
0.662422
0.661785
0.66076
0.65945
0.657896
0.656151
0.654327
0.652596
0.651207
0.650461
0.650693
0.652209
0.655253
0.659913
0.666062
0.673328
0.681141
0.688786
0.695523
0.700676
0.703707
0.70422
0.701989
0.69695
0.689219
0.679155
0.667397
0.654861
0.642605
0.631576
0.622403
0.615262
0.609955
0.606111
0.603338
0.60129
0.599658
0.59815
0.59649
0.594452
0.591897
0.588868
0.585649
0.582741
0.580783
0.580394
0.581956
0.585487
0.590592
0.596516
0.602336
0.607223
0.610647
0.61247
0.612884
0.612263
0.611021
0.609558
0.608263
0.607493
0.607478
0.608184
0.609235
0.610019
0.609954
0.608841
0.607072
0.60558
0.605563
0.608035
0.613489
0.621742
0.632019
0.643134
0.65377
0.662688
0.668886
0.671737
0.671058
0.667173
0.661038
0.65428
0.648951
0.646944
0.649169
0.655124
0.663273
0.671896
0.679717
0.68613
0.691071
0.694852
0.697948
0.700806
0.703731
0.706803
0.709833
0.712421
0.714035
0.714111
0.712172
0.707918
0.70126
0.692418
0.681882
0.670376
0.658707
0.647593
0.63754
0.628793
0.621446
0.615592
0.611386
0.609009
0.608516
0.609718
0.612192
0.615394
0.618797
0.622002
0.624843
0.627416
0.630023
0.633026
0.636677
0.64104
0.645972
0.651175
0.656296
0.660979
0.66493
0.667884
0.669633
0.670046
0.669066
0.666743
0.663271
0.658924
0.653966
0.648558
0.64265
0.635977
0.628189
0.618996
0.60834
0.596541
0.584329
0.572775
0.563143
0.556623
0.554051
0.555753
0.561543
0.570854
0.582873
0.596693
0.61137
0.625936
0.639423
0.650925
0.659757
0.665496
0.668018
0.667529
0.664517
0.659728
0.65406
0.648387
0.64328
0.63886
0.634825
0.630668
0.625931
0.620392
0.614087
0.60729
0.600396
0.593857
0.588055
0.583231
0.57948
0.576838
0.575393
0.57535
0.577019
0.580678
0.586361
0.593795
0.602402
0.611434
0.620176
0.628119
0.635044
0.641042
0.646423
0.651629
0.657083
0.663077
0.669695
0.676841
0.684246
0.691536
0.698298
0.704108
0.708654
0.711725
0.713254
0.713275
0.711952
0.709519
0.706298
0.702668
0.699067
0.695893
0.69339
0.691509
0.689887
0.687987
0.685282
0.681442
0.676407
0.670349
0.663614
0.656609
0.649755
0.643415
0.637841
0.633134
0.629237
0.625972
0.623134
0.620571
0.618225
0.616141
0.614464
0.613387
0.61312
0.61386
0.615728
0.61871
0.622658
0.627242
0.631965
0.636204
0.639289
0.64066
0.640006
0.637393
0.633256
0.628298
0.623276
0.618812
0.615362
0.613172
0.612357
0.612908
0.614656
0.617263
0.620253
0.623112
0.625412
0.626917
0.627655
0.627904
0.628117
0.62878
0.630225
0.632526
0.635441
0.638478
0.641065
0.642747
0.64332
0.642898
0.641931
0.641037
0.640844
0.641769
0.643859
0.646759
0.649827
0.65232
0.653565
0.653134
0.650891
0.647012
0.641953
0.636363
0.630905
0.626115
0.622315
0.619619
0.617986
0.617298
0.617397
0.618112
0.61922
0.620469
0.621591
0.622345
0.622529
0.622014
0.620721
0.618628
0.615777
0.612284
0.608335
0.604222
0.600289
0.596886
0.594315
0.59282
0.592567
0.593674
0.596213
0.600177
0.605435
0.611721
0.618708
0.626071
0.633541
0.640891
0.647866
0.654143
