1000 111.818 0
1100 111.399 0.419526
1200 111.403 0.242258
1300 111.332 0.185744
1400 111.466 0.196762
1500 111.457 0.160894
1600 111.428 0.139003
1700 111.432 0.120429
1800 111.46 0.109963
1900 111.415 0.108255
2000 111.452 0.104592
2100 111.459 0.0957303
2200 111.474 0.0893467
2300 111.439 0.0898614
2400 111.436 0.0836834
2500 111.43 0.0785544
2600 111.452 0.0771847
2700 111.449 0.0728659
2800 111.441 0.0693969
2900 111.454 0.0672308
3000 111.444 0.0648158
3100 111.46 0.0639338
3200 111.453 0.0614684
3300 111.456 0.0589268
3400 111.485 0.0635872
3500 111.452 0.0696863
3600 111.461 0.0676766
3700 111.479 0.067572
3800 111.462 0.0674163
3900 111.467 0.0653978
4000 111.475 0.0637007
4100 111.475 0.061678
4200 111.465 0.0605239
4300 111.47 0.0588724
4400 111.465 0.0574005
4500 111.475 0.0567099
4600 111.472 0.0552125
4700 111.463 0.0545531
4800 111.462 0.053138
4900 111.464 0.0518133
5000 111.467 0.0506481
5100 111.456 0.0506002
5200 111.466 0.0503516
5300 111.474 0.0498312
5400 111.478 0.0488834
5500 111.477 0.0478152
5600 111.476 0.0467962
5700 111.478 0.0458528
5800 111.469 0.0458118
5900 111.475 0.0453008
6000 111.478 0.0444707
6100 111.478 0.0436074
6200 111.479 0.0427994
6300 111.48 0.0420072
6400 111.478 0.0412871
6500 111.465 0.0424217
6600 111.481 0.0445311
6700 111.462 0.0479176
6800 111.472 0.0482097
6900 111.466 0.047735
7000 111.471 0.0472204
7100 111.467 0.0466672
7200 111.47 0.0460501
7300 111.473 0.0453843
7400 111.461 0.0461907
7500 111.47 0.0463926
7600 111.467 0.0457875
7700 111.468 0.0451131
7800 111.474 0.0449156
7900 111.467 0.0448485
8000 111.468 0.0442345
8100 111.471 0.0436936
8200 111.465 0.0434794
8300 111.465 0.0428891
8400 111.461 0.0425026
8500 111.467 0.0423654
8600 111.466 0.0418244
8700 111.464 0.0413355
8800 111.468 0.0410236
8900 111.468 0.0405097
9000 111.467 0.0400338
9100 111.465 0.0395707
9200 111.468 0.0391501
9300 111.466 0.0387135
9400 111.47 0.0384413
9500 111.466 0.0381678
9600 111.465 0.0377565
9700 111.457 0.0380001
9800 111.466 0.0386428
9900 111.465 0.0382339
10000 111.458 0.0384121
10100 111.456 0.0380857
10200 111.46 0.0379322
10300 111.457 0.0376397
10400 111.46 0.0373663
10500 111.458 0.0370351
10600 111.454 0.0369297
10700 111.46 0.0371006
10800 111.453 0.0373435
10900 111.454 0.0369864
