1000 0.616896 0
1100 0.613255 0.00364158
1200 0.613269 0.00210252
1300 0.612594 0.00163306
1400 0.61378 0.00173443
1500 0.613699 0.0014185
1600 0.613426 0.00122935
1700 0.613456 0.00106505
1800 0.613728 0.000978033
1900 0.613346 0.000954869
2000 0.613694 0.000931383
2100 0.613766 0.000853283
2200 0.613901 0.000796413
2300 0.613593 0.00079923
2400 0.613571 0.000744371
2500 0.613516 0.000698406
2600 0.613724 0.000688043
2700 0.613693 0.00064941
2800 0.613615 0.000619216
2900 0.613725 0.000597644
3000 0.613634 0.000575712
3100 0.613778 0.000567372
3200 0.613719 0.000545274
3300 0.613746 0.000522759
3400 0.614 0.000562013
3500 0.613701 0.000617585
3600 0.613781 0.000599746
3700 0.613936 0.000598308
3800 0.61378 0.000597996
3900 0.613825 0.000579427
4000 0.613883 0.000563444
4100 0.613881 0.000545557
4200 0.613796 0.000535578
4300 0.613832 0.00052086
4400 0.613787 0.000507819
4500 0.613881 0.000502547
4600 0.613861 0.000489219
4700 0.613775 0.000483739
4800 0.613768 0.000471222
4900 0.613782 0.000459482
5000 0.613811 0.000449058
5100 0.613717 0.000448076
5200 0.613804 0.000446144
5300 0.613871 0.000440958
5400 0.613904 0.000432287
5500 0.613893 0.000422918
5600 0.613883 0.00041395
5700 0.6139 0.000405592
5800 0.613824 0.000404422
5900 0.613882 0.000400518
6000 0.613902 0.000393095
6100 0.613899 0.000385474
6200 0.613912 0.000378346
6300 0.613921 0.000371394
6400 0.613905 0.00036494
6500 0.613796 0.000374502
6600 0.613937 0.000393935
6700 0.613767 0.000422732
6800 0.613861 0.000425871
6900 0.613811 0.000421618
7000 0.613858 0.000417253
7100 0.613821 0.000412126
7200 0.613851 0.000406657
7300 0.613869 0.000400651
7400 0.613765 0.000407991
7500 0.613847 0.000410168
7600 0.613821 0.000404824
7700 0.613828 0.000398877
7800 0.613887 0.000397483
7900 0.613824 0.000396861
8000 0.613834 0.000391382
8100 0.613857 0.000386556
8200 0.613805 0.000384784
8300 0.613802 0.000379559
8400 0.613765 0.00037627
8500 0.613817 0.000374896
8600 0.613809 0.000370075
8700 0.613791 0.000365737
8800 0.613828 0.000362935
8900 0.613829 0.000358372
9000 0.613814 0.000354228
9100 0.613802 0.000350119
9200 0.613821 0.000346443
9300 0.613807 0.000342584
9400 0.61384 0.00034008
9500 0.613806 0.000337821
9600 0.613793 0.000334146
9700 0.61373 0.000336328
9800 0.613812 0.000342482
9900 0.6138 0.000338858
10000 0.613741 0.00034026
10100 0.613719 0.000337299
10200 0.613759 0.000336069
10300 0.613735 0.000333345
10400 0.613763 0.000330983
10500 0.613743 0.000328075
10600 0.613705 0.000326908
10700 0.613763 0.00032862
10800 0.613702 0.000330956
10900 0.613712 0.000327794
