1000 0.411264 0
1100 0.408837 0.00242772
1200 0.408846 0.00140168
1300 0.408396 0.0010887
1400 0.409187 0.00115629
1500 0.409132 0.000945666
1600 0.408951 0.000819564
1700 0.408971 0.000710034
1800 0.409152 0.000652022
1900 0.408897 0.000636579
2000 0.409129 0.000620922
2100 0.409178 0.000568855
2200 0.409267 0.000530942
2300 0.409062 0.00053282
2400 0.409047 0.000496247
2500 0.409011 0.000465604
2600 0.409149 0.000458695
2700 0.409129 0.00043294
2800 0.409077 0.00041281
2900 0.40915 0.000398429
3000 0.409089 0.000383808
3100 0.409185 0.000378248
3200 0.409146 0.000363516
3300 0.409164 0.000348506
3400 0.409334 0.000374676
3500 0.409134 0.000411724
3600 0.409188 0.000399831
3700 0.409291 0.000398872
3800 0.409187 0.000398664
3900 0.409216 0.000386284
4000 0.409255 0.00037563
4100 0.409254 0.000363704
4200 0.409197 0.000357052
4300 0.409221 0.00034724
4400 0.409191 0.000338546
4500 0.409254 0.000335031
4600 0.40924 0.000326146
4700 0.409184 0.000322493
4800 0.409179 0.000314148
4900 0.409188 0.000306321
5000 0.409207 0.000299372
5100 0.409145 0.000298717
5200 0.409203 0.000297429
5300 0.409247 0.000293972
5400 0.409269 0.000288191
5500 0.409262 0.000281945
5600 0.409255 0.000275967
5700 0.409267 0.000270395
5800 0.409216 0.000269614
5900 0.409255 0.000267012
6000 0.409268 0.000262063
6100 0.409266 0.000256983
6200 0.409275 0.000252231
6300 0.409281 0.000247596
6400 0.40927 0.000243294
6500 0.409198 0.000249668
6600 0.409291 0.000262623
6700 0.409178 0.000281821
6800 0.40924 0.000283914
6900 0.409208 0.000281079
7000 0.409239 0.000278169
7100 0.409214 0.000274751
7200 0.409234 0.000271105
7300 0.409246 0.000267101
7400 0.409176 0.000271994
7500 0.409232 0.000273445
7600 0.409214 0.000269883
7700 0.409219 0.000265918
7800 0.409258 0.000264989
7900 0.409216 0.000264574
8000 0.409223 0.000260921
8100 0.409238 0.000257704
8200 0.409203 0.000256522
8300 0.409201 0.00025304
8400 0.409177 0.000250847
8500 0.409211 0.000249931
8600 0.409206 0.000246717
8700 0.409194 0.000243825
8800 0.409219 0.000241957
8900 0.409219 0.000238915
9000 0.40921 0.000236152
9100 0.409201 0.000233413
9200 0.409214 0.000230962
9300 0.409205 0.000228389
9400 0.409226 0.00022672
9500 0.409204 0.000225214
9600 0.409195 0.000222764
9700 0.409153 0.000224219
9800 0.409208 0.000228321
9900 0.4092 0.000225905
10000 0.409161 0.00022684
10100 0.409146 0.000224866
10200 0.409173 0.000224046
10300 0.409157 0.00022223
10400 0.409175 0.000220655
10500 0.409162 0.000218717
10600 0.409137 0.000217939
10700 0.409175 0.00021908
10800 0.409135 0.000220637
10900 0.409141 0.00021853
