1000 -7.19903 0
1100 -7.1951 0.00392367
1200 -7.19521 0.00226794
1300 -7.19488 0.00163726
1400 -7.19644 0.00200947
1500 -7.19661 0.00164942
1600 -7.19643 0.00140565
1700 -7.19659 0.00122861
1800 -7.19692 0.00113229
1900 -7.19651 0.00109326
2000 -7.19677 0.00102164
2100 -7.19682 0.000934046
2200 -7.19692 0.000865499
2300 -7.19668 0.000837045
2400 -7.19664 0.000780184
2500 -7.19656 0.000734158
2600 -7.19675 0.00071412
2700 -7.19663 0.000683491
2800 -7.19654 0.000652547
2900 -7.19668 0.000634778
3000 -7.19655 0.000619372
3100 -7.19669 0.000607827
3200 -7.19662 0.000585409
3300 -7.19663 0.000560699
3400 -7.19684 0.000575987
3500 -7.19652 0.000636927
3600 -7.19658 0.000615503
3700 -7.19673 0.000613246
3800 -7.19655 0.000620669
3900 -7.19663 0.000605041
4000 -7.19664 0.000585334
4100 -7.19664 0.000566767
4200 -7.19651 0.000563892
4300 -7.19653 0.000547458
4400 -7.19648 0.000534129
4500 -7.19657 0.000526959
4600 -7.19654 0.000513368
4700 -7.19646 0.000505899
4800 -7.19644 0.000493041
4900 -7.19643 0.000480668
5000 -7.19646 0.000469811
5100 -7.19637 0.000467832
5200 -7.19649 0.000472174
5300 -7.19657 0.000468742
5400 -7.1966 0.000459133
5500 -7.19658 0.00044939
5600 -7.19656 0.000440217
5700 -7.19658 0.000431141
5800 -7.19648 0.000433858
5900 -7.1965 0.000425882
6000 -7.19651 0.000417586
6100 -7.19653 0.000409819
6200 -7.19652 0.000402075
6300 -7.19654 0.000394814
6400 -7.19651 0.000388783
6500 -7.1964 0.000395816
6600 -7.19658 0.000426643
6700 -7.19643 0.000444265
6800 -7.19653 0.000448274
6900 -7.1965 0.000442035
7000 -7.19655 0.00043822
7100 -7.1965 0.000434488
7200 -7.19653 0.000428594
7300 -7.19655 0.000422328
7400 -7.19643 0.000431495
7500 -7.19651 0.000431899
7600 -7.19648 0.000426761
7700 -7.19649 0.000420626
7800 -7.19656 0.000420598
7900 -7.19652 0.000416899
8000 -7.19655 0.000412445
8100 -7.19656 0.000406808
8200 -7.19651 0.000404426
8300 -7.1965 0.000399115
8400 -7.19646 0.000396213
8500 -7.1965 0.000393373
8600 -7.19649 0.000388419
8700 -7.19647 0.000383646
8800 -7.19651 0.000380846
8900 -7.19653 0.000376387
9000 -7.19651 0.000372435
9100 -7.1965 0.000367887
9200 -7.19655 0.000366121
9300 -7.19653 0.000361932
9400 -7.19657 0.000359531
9500 -7.19651 0.000359758
9600 -7.19649 0.000356705
9700 -7.19641 0.000361316
9800 -7.19649 0.000366548
9900 -7.19649 0.000362452
10000 -7.19643 0.000363166
10100 -7.1964 0.00036051
10200 -7.19644 0.000358817
10300 -7.19641 0.000356171
10400 -7.19644 0.000353822
10500 -7.19643 0.000350273
10600 -7.1964 0.000348613
10700 -7.19645 0.000349514
10800 -7.19638 0.000352482
10900 -7.19638 0.000348941
