1000 -6.58213 0
1100 -6.58185 0.000282084
1200 -6.58194 0.000188167
1300 -6.58229 0.000370508
1400 -6.58266 0.000469898
1500 -6.58291 0.000458307
1600 -6.583 0.00039802
1700 -6.58314 0.000370816
1800 -6.5832 0.00033181
1900 -6.58317 0.000298192
2000 -6.58307 0.000284961
2100 -6.58305 0.000260953
2200 -6.58302 0.000241989
2300 -6.58309 0.000233666
2400 -6.58307 0.000218129
2500 -6.58305 0.000205649
2600 -6.58303 0.000194418
2700 -6.58294 0.00020298
2800 -6.58293 0.000192286
2900 -6.58296 0.000184937
3000 -6.58291 0.000182086
3100 -6.58291 0.000173613
3200 -6.5829 0.000166566
3300 -6.58289 0.000159896
3400 -6.58284 0.000160594
3500 -6.58282 0.000155079
3600 -6.5828 0.000151161
3700 -6.5828 0.000145666
3800 -6.58277 0.000144019
3900 -6.5828 0.000143801
4000 -6.58276 0.000146384
4100 -6.58276 0.000141761
4200 -6.58271 0.000143733
4300 -6.5827 0.000140291
4400 -6.58269 0.000136373
4500 -6.58269 0.000132594
4600 -6.58268 0.000129252
4700 -6.58268 0.000125954
4800 -6.58267 0.000123081
4900 -6.58265 0.000122259
5000 -6.58265 0.000119257
5100 -6.58265 0.000116384
5200 -6.58269 0.000118113
5300 -6.5827 0.000116559
5400 -6.5827 0.000113995
5500 -6.58269 0.000111716
5600 -6.58268 0.000109816
5700 -6.58268 0.000107583
5800 -6.58265 0.000108007
5900 -6.58262 0.00011067
6000 -6.58261 0.00010887
6100 -6.58263 0.000108598
6200 -6.58261 0.000108362
6300 -6.58262 0.000106442
6400 -6.5826 0.000105485
6500 -6.58261 0.000103672
6600 -6.58264 0.0001076
6700 -6.58266 0.000108171
6800 -6.58267 0.000106618
6900 -6.58269 0.000105979
7000 -6.5827 0.000104586
7100 -6.58268 0.000104326
7200 -6.58268 0.000102657
7300 -6.58268 0.000101067
7400 -6.58267 0.000100119
7500 -6.58266 9.87277e-05
7600 -6.58266 9.75876e-05
7700 -6.58266 9.63402e-05
7800 -6.58267 9.57239e-05
7900 -6.58269 9.62738e-05
8000 -6.58272 9.78496e-05
8100 -6.58271 9.72279e-05
8200 -6.58271 9.58944e-05
8300 -6.5827 9.50599e-05
8400 -6.58269 9.40617e-05
8500 -6.58268 9.31985e-05
8600 -6.58268 9.20869e-05
8700 -6.58268 9.10035e-05
8800 -6.58269 8.98995e-05
8900 -6.5827 8.99447e-05
9000 -6.58269 8.9227e-05
9100 -6.5827 8.8573e-05
9200 -6.58272 9.08666e-05
9300 -6.58273 8.98052e-05
9400 -6.58273 8.88468e-05
9500 -6.58271 9.05851e-05
9600 -6.58269 9.0899e-05
9700 -6.58268 9.11883e-05
9800 -6.58268 9.0158e-05
9900 -6.58269 8.99241e-05
10000 -6.58269 8.89325e-05
10100 -6.58268 8.83371e-05
10200 -6.58268 8.73836e-05
10300 -6.58268 8.65951e-05
10400 -6.58268 8.57683e-05
10500 -6.58269 8.53099e-05
10600 -6.58269 8.44335e-05
10700 -6.58269 8.3585e-05
10800 -6.58268 8.29877e-05
10900 -6.58267 8.2697e-05
