112.103 0
110.407 1.6959
111.159 1.23458
110.737 0.969457
111.808 1.30809
111.066 1.30052
111.343 1.13334
111.405 0.983475
111.066 0.931194
111.38 0.889977
111.232 0.818438
111.308 0.750967
111.361 0.69285
111.477 0.651893
111.392 0.612824
111.449 0.576055
111.295 0.562653
111.435 0.548718
111.344 0.527072
111.325 0.500378
111.526 0.516661
111.39 0.511029
111.407 0.488611
111.482 0.473695
111.465 0.454661
111.508 0.438976
111.522 0.422644
111.387 0.42907
111.454 0.41934
111.449 0.405149
111.494 0.394356
111.415 0.389863
111.385 0.379073
111.407 0.368438
111.416 0.357857
111.427 0.347951
111.404 0.339186
111.456 0.334235
111.432 0.326395
111.421 0.318348
111.484 0.316863
111.42 0.315798
111.457 0.310653
111.388 0.31147
111.452 0.311302
111.433 0.305059
111.447 0.298801
111.409 0.294917
111.472 0.29562
111.406 0.296998
