-6.58381 0
-6.58266 0.0011504
-6.58233 0.000741365
-6.5821 0.000573077
-6.58247 0.000579043
-6.58215 0.000569131
-6.58191 0.00053911
-6.58222 0.000562108
-6.58232 0.000504807
-6.5821 0.000500003
-6.58195 0.00047638
-6.58198 0.000435755
-6.58184 0.000423828
-6.58204 0.000440379
-6.58216 0.000427305
-6.58239 0.000461687
-6.58239 0.000433705
-6.58248 0.000418999
-6.58239 0.000406863
-6.58248 0.000395597
-6.5827 0.000437856
-6.5827 0.000417479
-6.58271 0.000399008
-6.58276 0.000384938
-6.58284 0.000379758
-6.58296 0.000382828
-6.583 0.000370456
-6.58296 0.000359668
-6.58301 0.000351324
-6.58305 0.000341727
-6.58314 0.000343261
-6.58309 0.000336278
-6.58306 0.000327487
-6.58315 0.000329893
-6.58319 0.000322987
-6.58325 0.000319565
-6.58327 0.000311494
-6.58333 0.000308711
-6.58334 0.000300938
-6.58336 0.000294256
-6.58342 0.00029236
-6.58338 0.000287778
-6.58336 0.000281823
-6.58331 0.000279664
-6.58334 0.000275358
-6.58329 0.000274884
-6.58333 0.000271446
-6.58334 0.000266136
-6.58337 0.000261872
-6.58331 0.000261661
