-7.20314 0
-7.18704 0.0161024
-7.19338 0.011255
-7.18945 0.00887527
-7.19929 0.0120043
-7.19244 0.0119593
-7.19467 0.0103504
-7.19554 0.00900543
-7.19263 0.00845747
-7.1952 0.00799048
-7.19374 0.00737453
-7.19444 0.00676851
-7.19477 0.00623489
-7.19599 0.00589939
-7.19535 0.00552933
-7.19608 0.00522362
-7.1947 0.00509765
-7.19603 0.0049873
-7.19511 0.00480611
-7.19502 0.00456027
-7.19704 0.00478286
-7.19584 0.00471603
-7.196 0.00450918
-7.19669 0.00437285
-7.19663 0.00419474
-7.19713 0.00406094
-7.19729 0.003911
-7.19605 0.00396911
-7.19669 0.00388394
-7.19669 0.00375225
-7.19718 0.00366087
-7.19643 0.00362209
-7.19612 0.00352396
-7.19641 0.00343046
-7.19652 0.003333
-7.19668 0.00324287
-7.19649 0.00315948
-7.19702 0.00311999
-7.19682 0.00304529
-7.19675 0.00296918
-7.19737 0.00296141
-7.19676 0.0029523
-7.19708 0.00289984
-7.19641 0.00290982
-7.19702 0.00290946
-7.1968 0.00285473
-7.19696 0.00279791
-7.19664 0.00275697
-7.19722 0.00276246
-7.1966 0.00277819
