0.617517
0.62177
0.624731
0.626167
0.62615
0.625045
0.623405
0.621754
0.620461
0.619613
0.619094
0.618653
0.618129
0.617433
0.616663
0.615879
0.615101
0.614246
0.613151
0.611661
0.609761
0.6075
0.604972
0.602296
0.599469
0.596376
0.592885
0.588898
0.584484
0.579965
0.575817
0.572575
0.570716
0.570584
0.572423
0.576368
0.582433
0.590436
0.600009
0.61058
0.621426
0.631697
0.640567
0.647289
0.651242
0.652018
0.649487
0.643881
0.635879
0.626535
0.617161
0.609067
0.603361
0.600636
0.600815
0.603295
0.607244
0.611693
0.615783
0.618914
0.620782
0.62124
0.620345
0.618257
0.615212
0.611399
0.606963
0.601994
0.596596
0.590977
0.585316
0.579996
0.575462
0.572228
0.570886
0.572004
0.576193
0.583918
0.595371
0.610164
0.62731
0.645217
0.661976
0.67582
0.685477
0.690505
0.691269
0.688646
0.683758
0.677652
0.67107
0.664329
0.657391
0.65001
0.642001
0.633357
0.624332
0.6155
0.607497
0.600892
0.596016
0.59281
0.590835
0.589408
0.587684
0.584921
0.5806
0.574552
0.56701
0.558662
0.55066
0.544407
0.541408
0.542956
0.549844
0.562126
0.579013
0.598957
0.62002
0.640335
0.658394
0.673027
0.68347
0.689216
0.689987
0.685746
0.676785
0.663844
0.648113
0.631078
0.614376
0.59952
0.587665
0.579404
0.574803
0.573444
0.574649
0.57779
0.582427
0.58823
0.594889
0.601976
0.608842
0.614762
0.61906
0.6213
0.621393
0.619661
0.616697
0.613292
0.610265
0.608338
0.608056
0.609683
0.613251
0.618563
0.625205
0.632545
0.639809
0.646153
0.650792
0.653031
0.652337
0.648412
0.641215
0.630825
0.617579
0.60206
0.585101
0.567804
0.551472
0.537563
0.527486
0.522441
0.523231
0.530082
0.542569
0.559713
0.580098
0.602011
0.623706
0.643533
0.660146
0.672525
0.68016
0.683102
0.681786
0.676991
0.669624
0.660608
0.650814
0.640871
0.6312
0.622016
0.61334
0.605071
0.597137
0.589693
0.58324
0.578416
0.575875
0.575973
0.578594
0.583261
0.589248
0.595737
0.601955
0.607257
0.611142
0.613359
0.613844
0.61272
0.610286
0.607018
0.603397
0.600049
0.597628
0.596725
0.597761
0.600935
0.606166
0.61313
0.621272
0.629845
0.637999
0.644856
0.649667
0.651864
0.651094
0.647369
0.641016
0.632688
0.62318
0.613305
0.603841
0.595403
0.588523
0.583684
0.581263
0.581425
0.584089
0.588791
0.59491
0.601699
0.608483
0.614704
0.620033
0.624402
0.627931
0.630765
0.633009
0.634708
0.635745
0.635918
0.634895
0.63236
0.628068
0.62192
0.613968
0.604545
0.594258
0.58409
0.575202
0.568821
0.566056
0.567774
0.574279
0.585354
0.600237
0.617656
0.636106
0.654003
0.669802
0.682144
0.689966
0.692494
0.689339
0.680548
0.666665
0.648712
0.628117
0.606678
0.586381
0.569105
0.556419
0.549327
0.548153
0.552521
0.561451
0.573575
0.587404
0.601514
0.614767
0.626382
0.635955
0.643388
0.648752
0.652239
0.654036
0.654271
0.653089
0.650621
0.646981
0.64228
0.636591
0.63005
0.622874
0.615436
0.608252
0.601968
0.59723
0.59457
0.594356
0.596717
0.601533
0.608481
0.616974
0.626303
0.635563
0.643807
0.650016
0.653327
0.653015
0.648705
0.640427
0.62863
0.614158
0.598132
0.581888
0.566824
0.554211
0.545027
0.539804
0.53865
0.541357
0.547512
0.556652
0.568276
0.581887
0.596916
0.612667
0.628249
0.642646
0.654819
0.663877
0.669203
0.67054
0.668011
0.662138
0.653695
0.643709
0.633334
0.623647
0.615566
0.609647
0.606195
0.605219
0.606451
0.609467
0.613715
0.618636
0.623609
0.62812
0.631708
0.633848
0.634116
0.632236
0.628099
0.621722
0.613293
0.603217
0.592041
0.580531
0.56964
0.560434
0.554024
0.551324
0.552891
0.558807
0.568567
0.581154
0.595304
0.609698
0.623089
0.634487
0.64314
0.648509
0.650256
0.648277
0.642714
0.634012
0.62289
0.610342
0.597604
0.586009
0.576737
0.570642
0.568101
0.569175
0.573599
0.580999
0.590994
0.603114
0.616889
0.631662
0.646685
0.661131
0.674214
0.685268
0.693706
0.699016
0.700714
0.698362
0.691737
0.68086
0.666197
0.648637
0.629495
0.61039
0.593195
0.579677
0.571217
0.568434
0.570914
0.577285
0.585479
0.59331
0.598843
0.600871
0.59917
0.594443
0.588134
0.582088
0.577992
0.577109
0.580029
0.586689
0.596483
0.608404
0.621254
0.633775
0.644756
0.653231
0.658432
0.659927
0.657716
0.652185
0.644034
0.634135
0.623483
0.612956
0.603235
0.594789
0.587822
0.582384
0.578503
0.576287
0.575937
0.577648
0.581504
0.587416
0.595103
0.604181
0.614198
0.624722
0.635225
0.645136
0.653678
0.660112
0.663746
0.664113
0.661119
0.65506
0.646578
0.63653
0.625795
0.615077
0.604946
0.595889
0.588252
0.58236
0.578481
0.576787
0.57734
0.58002
0.58462
0.590862
0.598467
0.607132
0.616387
0.62555
0.633787
0.640179
0.643895
0.644385
0.641489
0.635378
0.626582
0.615851
0.604186
0.592678
0.582584
0.575152
0.571391
0.57197
0.577075
0.586347
0.598941
0.613652
0.629046
0.643692
0.656356
0.666024
0.671994
0.673861
0.671481
0.665104
0.655292
0.642986
0.629324
0.615658
0.603322
0.593369
0.586567
0.583304
0.583552
0.586968
0.593008
0.600928
0.609837
0.618812
0.62708
0.634093
0.639623
0.643655
0.646285
0.647559
0.647474
0.645919
0.642749
0.637773
0.630847
0.621927
0.611131
0.598779
0.585358
0.571635
0.558564
0.547197
0.538648
0.533893
0.533562
0.537851
0.546409
0.55838
0.572509
0.587388
0.601704
0.614468
0.625136
0.633636
0.640213
0.645167
0.648683
0.650692
0.650987
0.649319
0.64563
0.640058
0.633083
0.625447
0.618042
0.611835
0.607719
0.606353
0.607955
0.612278
0.618648
0.626027
0.633209
0.639074
0.642774
0.643891
0.64243
0.63867
0.63305
0.626102
0.618386
0.61046
0.602843
0.596039
0.590521
0.586674
0.584807
0.58515
0.58786
0.592912
0.600087
0.608985
0.619003
0.629396
0.639371
0.648139
0.654991
0.659379
0.660958
0.659623
0.655541
0.649133
0.640953
0.631651
0.621974
0.612614
0.604208
0.597298
0.592251
0.589254
0.588198
0.588629
0.589865
0.591192
0.591927
0.591635
0.590365
0.588441
0.586446
0.585058
0.584785
0.585874
0.588156
0.591194
0.594414
0.59719
0.59903
0.599665
0.599061
0.597376
0.59486
0.591735
0.588138
0.584059
0.579449
0.574332
0.568926
0.563724
0.559421
0.55686
0.556875
0.560083
0.566796
0.576892
0.589965
0.605278
0.621924
0.638884
0.655059
0.669313
0.680509
0.687579
0.689719
0.686409
0.677634
0.66381
0.645979
0.625738
0.605066
0.586139
0.571058
0.561507
0.558486
0.562178
0.57194
0.586296
0.603259
0.620692
0.63655
0.649254
0.657839
0.661938
0.661769
0.658028
0.651739
0.644126
0.636331
0.629183
0.623063
0.61794
0.613448
0.609208
0.60496
0.600663
0.596618
0.593439
0.591819
0.592416
0.595684
0.60161
0.609692
0.618915
0.628009
0.635721
0.641082
0.643509
0.642834
0.639283
0.633354
0.625657
0.617003
0.608266
0.600257
0.593763
0.589468
0.587882
0.589228
0.5935
0.600331
0.609103
0.618995
0.62899
0.638005
0.64499
0.649027
0.649505
0.646207
0.639341
0.62964
0.618127
0.605934
0.594102
0.583425
0.574503
0.567974
0.564518
0.564792
0.569163
0.577544
0.589169
0.602689
0.61643
0.628771
0.638435
0.644766
0.647663
0.64753
0.645029
0.640712
0.635119
0.628732
0.622087
0.61588
0.610907
0.607912
0.607415
0.609652
0.614567
0.621764
0.630683
0.640641
0.650823
0.660241
0.667893
0.67278
0.6741
0.671412
0.664577
0.653851
0.639759
0.623194
0.605432
0.588013
0.572421
0.559975
0.551586
0.547677
0.548284
0.55304
0.561324
0.572307
0.585
0.598361
0.611336
0.622924
0.632354
0.639143
0.643097
0.644307
0.64293
0.63909
0.632945
0.624833
0.615377
0.605408
0.595869
0.587522
0.580817
0.575975
0.573053
0.572148
0.573341
0.576729
0.582397
0.590366
0.600473
0.612409
0.625757
0.639968
0.654309
0.667812
0.679369
0.687853
0.692165
0.691434
0.685157
0.673366
0.656818
0.636849
0.615385
0.59481
0.577569
0.565735
0.560689
0.56262
0.57056
0.582486
0.595813
0.607925
0.616609
0.620382
0.618673
0.611924
0.601505
0.589473
0.578138
0.569711
0.565877
0.567499
0.574644
0.586692
0.602409
0.620233
0.638455
0.655354
0.669385
0.679346
0.684515
0.684682
0.680169
0.67178
0.660559
0.647636
0.633985
0.620464
0.607658
0.595983
0.585718
0.577167
0.570523
0.565927
0.56346
0.563058
0.56455
0.567714
0.57227
0.577906
0.58425
0.590818
0.597007
0.602104
0.605357
0.6062
0.604349
0.599989
0.593813
0.586953
0.580761
0.576516
0.575157
0.577047
0.58191
0.588858
0.596819
0.604824
0.612253
0.61894
0.625044
0.630859
0.636616
0.642267
0.647585
0.652171
0.655633
0.657784
0.658542
0.658003
0.656315
0.653717
0.650366
0.646358
0.641832
0.63698
0.632045
0.627293
0.622908
0.618943
0.61532
0.611883
0.608391
0.604781
0.60113
0.597647
0.594634
0.59242
0.591288
0.591429
0.592884
0.595478
0.598804
0.602328
0.605555
0.60815
0.610023
0.611351
0.612482
0.613808
0.615593
0.617884
0.620414
0.622641
0.623954
0.623881
0.622245
0.619404
0.616267
0.614039
0.613847
0.616242
0.6208
0.626316
0.631166
0.633811
0.633228
0.629102
0.621768
0.612048
0.601084
0.590078
0.580167
0.572199
0.566796
0.564334
0.564909
0.568389
0.574438
0.582527
0.591978
0.602064
0.61213
0.62163
0.630217
0.637703
0.644009
0.649124
0.653043
0.655727
0.657129
0.657225
0.656064
0.653766
0.650521
0.646599
0.642292
0.637927
0.633778
0.630075
0.626991
0.62468
0.623249
0.622784
0.623334
0.62477
0.626777
0.628825
0.630229
0.630222
0.628102
0.623303
0.615659
0.605366
0.593044
0.579649
0.566323
0.554284
0.544779
0.538888
0.53735
0.540423
0.547704
0.558159
0.570319
0.582653
