-7.20174
-7.20847
-7.21129
-7.21063
-7.21016
-7.20832
-7.20504
-7.20633
-7.20637
-7.20363
-7.20474
-7.20236
-7.20311
-7.20208
-7.19936
-7.19793
-7.1965
-7.19596
-7.19548
-7.1933
-7.18974
-7.18777
-7.18619
-7.1848
-7.1813
-7.18141
-7.17658
-7.17125
-7.16486
-7.16068
-7.1553
-7.1525
-7.15048
-7.15312
-7.15322
-7.15738
-7.16333
-7.17216
-7.18348
-7.19314
-7.203
-7.21478
-7.22185
-7.22994
-7.2323
-7.23468
-7.23215
-7.22594
-7.21613
-7.20802
-7.19645
-7.18887
-7.18183
-7.18006
-7.18018
-7.18414
-7.19077
-7.19555
-7.20118
-7.20355
-7.20139
-7.20139
-7.19939
-7.19525
-7.19342
-7.19116
-7.18602
-7.18197
-7.17687
-7.17058
-7.16461
-7.16
-7.15654
-7.15703
-7.15364
-7.15601
-7.16086
-7.16993
-7.18077
-7.1965
-7.21445
-7.23234
-7.24985
-7.26267
-7.26961
-7.27677
-7.27488
-7.27198
-7.26854
-7.26237
-7.25576
-7.24804
-7.24042
-7.23363
-7.22523
-7.21394
-7.20425
-7.19807
-7.18888
-7.18147
-7.17774
-7.17566
-7.17248
-7.17138
-7.17023
-7.16539
-7.15992
-7.155
-7.14702
-7.138
-7.12913
-7.12314
-7.12184
-7.12163
-7.12809
-7.14283
-7.1601
-7.18089
-7.20196
-7.22114
-7.23988
-7.25477
-7.26671
-7.2697
-7.27094
-7.26685
-7.25745
-7.24417
-7.22694
-7.2076
-7.19069
-7.17771
-7.16588
-7.15896
-7.156
-7.15461
-7.15506
-7.15869
-7.16573
-7.1726
-7.17835
-7.1861
-7.19355
-7.20128
-7.20571
-7.20838
-7.20471
-7.20153
-7.1988
-7.19637
-7.19407
-7.19359
-7.19284
-7.19466
-7.19874
-7.20388
-7.20998
-7.21638
-7.22391
-7.22915
-7.23326
-7.23522
-7.23357
-7.23093
-7.22503
-7.21563
-7.20212
-7.18512
-7.16678
-7.14725
-7.13207
-7.1201
-7.11047
-7.10599
-7.10738
-7.11612
-7.12848
-7.14375
-7.16405
-7.18408
-7.20566
-7.22684
-7.24274
-7.25401
-7.26116
-7.26333
-7.26357
-7.26107
-7.25511
-7.24404
-7.23129
-7.22006
-7.20849
-7.19839
-7.18879
-7.1812
-7.1746
-7.16755
-7.16123
-7.15822
-7.15626
-7.15662
-7.15915
-7.16658
-7.1733
-7.18077
-7.18433
-7.18822
-7.19065
-7.19237
-7.19333
-7.19303
-7.18758
-7.18392
-7.18095
-7.18025
-7.17634
-7.17691
-7.17913
-7.18219
-7.18923
-7.19958
-7.20845
-7.21766
-7.22249
-7.22917
-7.2318
-7.23371
-7.23297
-7.23058
-7.22367
-7.21389
-7.20366
-7.1938
-7.18279
-7.17545
-7.16746
-7.16415
-7.16198
-7.16078
-7.16432
-7.16952
-7.17542
-7.18126
-7.18963
-7.19578
-7.20068
-7.20399
-7.20841
-7.21216
-7.21629
-7.21696
-7.21727
-7.2154
-7.21359
-7.21057
-7.20609
-7.20041
-7.19229
-7.18469
-7.17501
-7.16751
-7.15946
-7.15145
-7.14975
-7.15129
-7.1586
-7.17042
-7.1853
-7.20257
-7.22071
-7.24008
-7.25689
-7.27044
-7.27485
-7.27844
-7.27569
-7.26441
-7.25039
-7.23307
-7.21198
-7.19024
-7.16855
-7.1494
-7.13724
-7.12944
-7.12982
-7.1334
-7.14207
-7.15573
-7.17159
-7.18598
-7.2004
-7.21247
-7.22409
-7.23099
-7.23713
-7.2385
-7.23819
-7.24022
-7.2389
-7.23728
-7.23353
-7.22776
-7.221
-7.21407
-7.20717
-7.19811
-7.19131
-7.18612
-7.18254
-7.18011
-7.17951
-7.18471
-7.18944
-7.19528
-7.20551
-7.2152
-7.22408
-7.22925
-7.23779
-7.24012
-7.23845
-7.23212
-7.22249
-7.20908
-7.19505
-7.17959
-7.16275
-7.14723
-7.13395
-7.12514
-7.12033
-7.1186
-7.12135
-7.12847
-7.13918
-7.15265
-7.1661
-7.18124
-7.19766
-7.21253
-7.22707
-7.23832
-7.24735
-7.25099
-7.2516
-7.25033
-7.24254
-7.23583
-7.22705
-7.21832
-7.21103
-7.20249
-7.19552
-7.19199
-7.19093
-7.19171
-7.19261
-7.1976
-7.20159
-7.20653
-7.20903
-7.2125
-7.21609
-7.21809
-7.21664
-7.21066
-7.20374
-7.19383
-7.18232
-7.17204
-7.15796
-7.14783
-7.13756
-7.13246
-7.12919
-7.13153
-7.1398
-7.15216
-7.16464
-7.18017
-7.19549
-7.20905
-7.22182
-7.23113
-7.23421
-7.23494
-7.23032
-7.22733
-7.21868
-7.20639
-7.19409
-7.17979
-7.16805
-7.15744
-7.15202
-7.14951
-7.1545
-7.1586
-7.1653
-7.17683
-7.18946
-7.20401
-7.21885
-7.23482
-7.24787
-7.26175
-7.27192
-7.28298
-7.2899
-7.28991
-7.28714
-7.28041
-7.26944
-7.25444
-7.23407
-7.21518
-7.19488
-7.17765
-7.16297
-7.15668
-7.15446
-7.15611
-7.16277
-7.16876
-7.17644
-7.18425
-7.18557
-7.18255
-7.17662
-7.16896
-7.16206
-7.15824
-7.15869
-7.16135
-7.16804
-7.17647
-7.18757
-7.20336
-7.21643
-7.22558
-7.23376
-7.23795
-7.24101
-7.2391
-7.23553
-7.22781
-7.21812
-7.20517
-7.19632
-7.18541
-7.17646
-7.17062
-7.16662
-7.16226
-7.16021
-7.16039
-7.1649
-7.16703
-7.1754
-7.18357
-7.19309
-7.2022
-7.21081
-7.21998
-7.22915
-7.23719
-7.24369
-7.24605
-7.24543
-7.24211
-7.23609
-7.22838
-7.21953
-7.20876
-7.19711
-7.18868
-7.17749
-7.16904
-7.16301
-7.16
-7.1595
-7.15995
-7.1638
-7.1689
-7.17594
-7.18658
-7.19468
-7.20299
-7.21307
-7.22214
-7.22733
-7.23106
-7.23025
-7.22637
-7.21866
-7.21029
-7.20006
-7.18868
-7.17564
-7.16673
-7.16027
-7.15692
-7.15536
-7.16058
-7.16926
-7.18504
-7.20118
-7.21592
-7.23106
-7.24574
-7.25506
-7.26031
-7.26176
-7.25831
-7.24929
-7.24145
-7.22895
-7.21329
-7.20002
-7.18885
-7.17789
-7.17143
-7.1669
-7.16749
-7.1699
-7.17649
-7.18358
-7.19254
-7.20309
-7.21158
-7.21909
-7.22512
-7.22836
-7.22956
-7.23037
-7.23047
-7.23038
-7.22704
-7.22058
-7.21216
-7.20401
-7.19143
-7.17603
-7.16383
-7.14916
-7.1375
-7.12701
-7.11978
-7.11609
-7.11687
-7.12258
-7.12926
-7.14248
-7.15578
-7.17065
-7.18712
-7.19742
-7.20884
-7.21778
-7.22224
-7.22673
-7.23107
-7.23421
-7.23335
-7.2318
-7.2305
-7.22574
-7.21833
-7.211
-7.20367
-7.19634
-7.19377
-7.19205
-7.19362
-7.19721
-7.20503
-7.21212
-7.21922
-7.22425
-7.22738
-7.22824
-7.22621
-7.22224
-7.21711
-7.20876
-7.1997
-7.19535
-7.18552
-7.18141
-7.17281
-7.16915
-7.16879
-7.16904
-7.17263
-7.17824
-7.18561
-7.19465
-7.20668
-7.21836
-7.22825
-7.23815
-7.24348
-7.24534
-7.24598
-7.24403
-7.23937
-7.23503
-7.22541
-7.21765
-7.20863
-7.19707
-7.18879
-7.18173
-7.17753
-7.17636
-7.17386
-7.17311
-7.17374
-7.17568
-7.17794
-7.17625
-7.17393
-7.17164
-7.17
-7.16644
-7.16662
-7.16752
-7.16893
-7.17331
-7.17521
-7.17694
-7.17867
-7.18015
-7.18008
-7.17571
-7.17441
-7.17124
-7.16598
-7.1612
-7.15524
-7.15137
-7.14499
-7.14146
-7.13762
-7.13463
-7.13656
-7.14205
-7.14944
-7.15953
-7.17416
-7.19062
-7.20832
-7.2259
-7.24291
-7.25658
-7.26676
-7.27273
-7.27434
-7.26886
-7.25761
-7.24494
-7.23003
-7.21127
-7.19132
-7.17107
-7.15777
-7.14722
-7.1452
-7.14921
-7.16016
-7.17455
-7.19231
-7.2087
-7.22495
-7.23598
-7.24542
-7.24875
-7.24981
-7.24446
-7.23669
-7.22869
-7.21963
-7.21225
-7.20786
-7.20314
-7.19999
-7.19349
-7.18761
-7.18462
-7.18063
-7.17757
-7.17647
-7.17538
-7.17892
-7.18379
-7.19496
-7.20714
-7.2155
-7.22496
-7.23005
-7.23249
-7.23022
-7.22705
-7.21897
-7.21017
-7.20049
-7.19147
-7.18261
-7.17598
-7.17291
-7.17096
-7.17229
-7.17748
-7.18584
-7.19444
-7.20568
-7.21433
-7.22481
-7.23186
-7.23556
-7.23664
-7.23167
-7.22351
-7.21423
-7.20259
-7.18909
-7.17605
-7.1665
-7.15746
-7.1512
-7.14842
-7.14812
-7.15323
-7.16133
-7.1716
-7.18587
-7.20051
-7.21069
-7.21777
-7.2257
-7.22891
-7.23045
-7.22904
-7.22361
-7.21921
-7.21374
-7.20581
-7.20131
-7.19553
-7.19212
-7.19513
-7.19764
-7.2028
-7.21084
-7.21861
-7.2296
-7.24202
-7.25033
-7.25743
-7.26135
-7.26066
-7.25561
-7.24934
-7.23728
-7.22225
-7.20517
-7.18802
-7.16943
-7.15636
-7.14299
-7.13309
-7.13061
-7.13036
-7.1355
-7.14378
-7.15562
-7.1694
-7.18277
-7.19565
-7.20576
-7.21397
-7.22275
-7.22675
-7.22575
-7.22477
-7.22166
-7.21756
-7.20961
-7.20136
-7.1888
-7.18032
-7.17115
-7.16689
-7.15997
-7.15854
-7.15914
-7.16022
-7.16416
-7.16909
-7.17858
-7.18953
-7.20292
-7.21735
-7.22968
-7.24268
-7.25443
-7.2654
-7.27449
-7.27898
-7.27803
-7.27087
-7.25726
-7.24095
-7.21944
-7.19568
-7.17404
-7.15758
-7.14605
-7.14107
-7.14399
-7.15178
-7.16397
-7.17956
-7.19271
-7.20193
-7.20678
-7.20292
-7.19411
-7.18407
-7.17038
-7.1586
-7.15024
-7.14498
-7.14684
-7.15614
-7.16732
-7.1817
-7.20159
-7.22008
-7.23967
-7.2527
-7.26317
-7.26946
-7.26946
-7.26646
-7.25806
-7.245
-7.23002
-7.21894
-7.20514
-7.18952
-7.177
-7.1656
-7.1582
-7.14917
-7.14478
-7.14091
-7.14167
-7.14334
-7.14828
-7.15555
-7.15998
-7.1654
-7.17196
-7.17742
-7.18269
-7.18637
-7.18793
-7.18516
-7.18252
-7.17557
-7.16807
-7.16266
-7.15802
-7.15601
-7.15725
-7.1627
-7.17077
-7.17974
-7.18965
-7.19927
-7.20589
-7.21195
-7.21678
-7.22318
-7.22752
-7.23149
-7.23792
-7.24061
-7.24198
-7.2426
-7.24226
-7.24112
-7.23876
-7.23373
-7.22836
-7.22444
-7.22152
-7.21302
-7.20669
-7.20364
-7.20036
-7.19838
-7.19366
-7.19145
-7.18686
-7.18192
-7.18008
-7.17649
-7.17243
-7.17077
-7.17201
-7.17295
-7.17499
-7.17739
-7.18058
-7.1857
-7.19016
-7.19294
-7.19617
-7.19666
-7.19899
-7.20148
-7.20543
-7.20828
-7.2098
-7.20775
-7.2072
-7.20444
-7.2025
-7.19972
-7.19765
-7.19705
-7.20067
-7.20636
-7.21416
-7.21917
-7.21991
-7.21833
-7.21386
-7.20527
-7.1957
-7.18467
-7.17502
-7.16333
-7.15527
-7.14982
-7.14507
-7.1466
-7.15035
-7.15696
-7.16457
-7.17541
-7.18585
-7.19879
-7.20886
-7.21864
-7.22504
-7.23025
-7.23331
-7.23743
-7.24225
-7.24223
-7.24284
-7.24221
-7.24142
-7.23777
-7.23218
-7.22785
-7.2222
-7.21712
-7.21412
-7.20884
-7.20823
-7.20592
-7.20588
-7.20588
-7.20674
-7.20943
-7.21145
-7.21307
-7.21353
-7.20987
-7.20122
-7.19136
-7.18244
-7.17126
-7.15685
-7.14521
-7.1324
-7.12483
-7.12
-7.11859
-7.12406
-7.13139
-7.14112
-7.15368
-7.16629
