-6.58422
-6.5867
-6.58656
-6.58446
-6.58401
-6.58328
-6.58164
-6.58457
-6.58591
-6.58401
-6.58565
-6.5837
-6.58498
-6.58465
-6.5827
-6.58205
-6.5814
-6.58171
-6.58233
-6.58163
-6.57998
-6.58027
-6.58122
-6.5825
-6.58183
-6.58504
-6.5837
-6.58235
-6.58038
-6.58071
-6.57948
-6.57993
-6.57976
-6.58254
-6.5808
-6.58102
-6.5809
-6.58172
-6.58347
-6.58256
-6.58157
-6.58309
-6.58129
-6.58265
-6.58105
-6.58267
-6.58267
-6.58206
-6.58026
-6.58149
-6.57929
-6.57981
-6.57847
-6.57942
-6.57936
-6.58084
-6.58353
-6.58385
-6.5854
-6.58463
-6.58061
-6.58015
-6.57905
-6.577
-6.57821
-6.57976
-6.57905
-6.57998
-6.58027
-6.57961
-6.5793
-6.58
-6.58108
-6.5848
-6.58276
-6.58401
-6.58467
-6.58601
-6.5854
-6.58634
-6.58714
-6.58712
-6.58787
-6.58685
-6.58413
-6.58626
-6.58361
-6.58333
-6.58479
-6.58471
-6.58469
-6.58371
-6.58302
-6.58362
-6.58323
-6.58058
-6.57992
-6.58257
-6.58139
-6.58058
-6.58173
-6.58285
-6.58164
-6.58197
-6.58255
-6.58047
-6.57932
-6.58045
-6.58001
-6.57934
-6.57847
-6.57873
-6.58043
-6.57867
-6.57825
-6.5807
-6.58109
-6.58194
-6.58194
-6.58081
-6.58148
-6.58174
-6.58324
-6.58048
-6.58095
-6.5811
-6.58066
-6.58033
-6.57883
-6.57652
-6.57631
-6.57819
-6.57821
-6.57955
-6.5812
-6.58116
-6.58041
-6.5809
-6.5833
-6.58437
-6.58346
-6.58412
-6.58471
-6.58652
-6.58665
-6.58708
-6.58332
-6.58186
-6.58211
-6.58308
-6.58381
-6.58525
-6.58478
-6.58498
-6.58549
-6.58532
-6.58478
-6.58383
-6.5841
-6.583
-6.58246
-6.58219
-6.58123
-6.58252
-6.58381
-6.5848
-6.58455
-6.58306
-6.58168
-6.57945
-6.58059
-6.58254
-6.58299
-6.58354
-6.58415
-6.58604
-6.58591
-6.58404
-6.58395
-6.58206
-6.58195
-6.5833
-6.5826
-6.58149
-6.581
-6.58023
-6.58178
-6.58408
-6.58549
-6.58343
-6.58047
-6.57919
-6.57729
-6.57637
-6.57545
-6.57613
-6.57746
-6.57786
-6.57799
-6.57981
-6.58039
-6.58065
-6.58056
-6.58332
-6.58405
-6.58503
-6.58238
-6.58096
-6.5795
-6.57901
-6.57949
-6.58031
-6.57729
-6.57691
-6.57755
-6.5802
-6.57871
-6.58019
-6.58136
-6.58126
-6.58307
-6.58645
-6.58718
-6.58782
-6.58449
-6.58432
-6.58214
-6.58185
-6.58187
-6.58321
-6.58265
-6.58121
-6.58048
-6.58049
-6.57895
-6.58005
-6.57894
-6.58046
-6.58072
-6.57936
-6.58023
-6.58073
-6.58051
-6.57956
-6.58115
-6.58107
-6.58065
-6.57959
-6.58048
-6.58139
-6.58328
-6.58225
-6.58153
-6.57948
-6.5787
-6.57821
-6.57803
-6.57849
-6.57832
-6.58014
-6.58075
-6.58341
-6.58426
-6.58263
-6.58369
-6.58352
-6.58432
-6.58507
-6.58506
-6.58491
-6.58461
-6.58608
-6.58709
-6.5883
-6.58489
-6.58595
-6.58635
-6.58386
-6.58373
-6.58436
-6.58387
-6.58356
-6.58217
-6.58029
-6.58082
-6.58011
-6.58167
-6.58088
-6.58062
-6.58215
-6.58419
-6.58447
-6.58563
-6.58609
-6.58814
-6.5876
-6.58838
-6.58626
-6.58415
-6.58595
-6.58581
-6.58666
-6.58655
-6.58548
-6.58441
-6.58401
-6.58429
-6.58268
-6.58306
-6.58416
-6.58531
-6.58554
-6.58515
-6.588
-6.58791
-6.5868
-6.58853
-6.58889
-6.58851
-6.58544
-6.58778
-6.5868
-6.58544
-6.58341
-6.58206
-6.58045
-6.58089
-6.58145
-6.58086
-6.5804
-6.57974
-6.58012
-6.58052
-6.57995
-6.57999
-6.58096
-6.58253
-6.58437
-6.58422
-6.58432
-6.585
-6.58428
-6.58443
-6.5835
-6.58347
-6.58179
-6.58106
-6.58232
-6.5804
-6.58214
-6.58334
-6.58499
-6.58738
-6.58692
-6.58587
-6.5858
-6.58571
-6.58526
-6.58315
-6.58389
-6.58295
-6.58292
-6.58091
-6.58079
-6.58224
-6.58398
-6.5844
-6.58256
-6.58202
-6.58053
-6.5791
-6.58
-6.57742
-6.57819
-6.57713
-6.57843
-6.57787
-6.57863
-6.58099
-6.5836
-6.58349
-6.58487
-6.58579
-6.58596
-6.58733
-6.58799
-6.5857
-6.58468
-6.58204
-6.58462
-6.58467
-6.5835
-6.58375
-6.58218
-6.58204
-6.58071
-6.58138
-6.58141
-6.58533
-6.585
-6.5843
-6.58583
-6.58634
-6.58712
-6.58718
-6.58814
-6.58674
-6.58753
-6.58665
-6.58928
-6.59088
-6.5892
-6.58878
-6.58867
-6.58858
-6.58825
-6.58543
-6.58568
-6.58449
-6.58446
-6.58329
-6.58546
-6.58603
-6.5852
-6.58548
-6.58328
-6.58313
-6.58541
-6.5847
-6.58338
-6.58218
-6.58082
-6.57997
-6.58025
-6.58158
-6.58132
-6.58135
-6.57999
-6.57917
-6.58211
-6.58265
-6.58082
-6.58053
-6.57952
-6.58109
-6.58138
-6.58335
-6.58378
-6.58398
-6.58169
-6.58336
-6.58217
-6.58167
-6.58279
-6.58424
-6.58375
-6.58393
-6.58445
-6.58725
-6.58552
-6.58799
-6.58847
-6.5889
-6.588
-6.58608
-6.58476
-6.58401
-6.58351
-6.58358
-6.5823
-6.58131
-6.58099
-6.58103
-6.58181
-6.583
-6.58297
-6.58203
-6.58374
-6.5816
-6.58079
-6.58065
-6.58152
-6.58271
-6.58261
-6.58378
-6.58428
-6.58508
-6.58811
-6.58755
-6.5866
-6.58752
-6.58835
-6.58715
-6.58717
-6.58586
-6.58488
-6.58329
-6.5837
-6.58421
-6.5845
-6.58296
-6.58414
-6.58511
-6.58553
-6.58339
-6.58351
-6.58291
-6.5861
-6.58753
-6.58687
-6.58737
-6.58938
-6.58904
-6.58832
-6.5879
-6.58683
-6.58419
-6.58616
-6.58597
-6.58396
-6.58436
-6.58552
-6.58452
-6.58486
-6.5836
-6.58394
-6.58293
-6.58348
-6.58265
-6.5827
-6.58428
-6.5845
-6.585
-6.5855
-6.5847
-6.58327
-6.58281
-6.583
-6.58446
-6.58429
-6.58281
-6.58131
-6.58209
-6.58029
-6.57725
-6.57847
-6.57752
-6.57894
-6.57982
-6.58113
-6.58219
-6.5833
-6.58473
-6.58285
-6.5841
-6.58327
-6.58327
-6.58542
-6.58296
-6.58371
-6.58415
-6.58203
-6.58156
-6.58238
-6.58352
-6.58236
-6.58248
-6.58487
-6.58568
-6.58525
-6.58555
-6.58563
-6.58451
-6.58605
-6.5857
-6.58566
-6.58494
-6.58638
-6.58609
-6.58601
-6.58518
-6.58461
-6.58434
-6.58378
-6.58357
-6.58406
-6.58266
-6.58132
-6.58489
-6.58268
-6.58538
-6.58229
-6.58247
-6.58398
-6.58389
-6.58477
-6.58532
-6.58552
-6.58566
-6.58768
-6.58897
-6.58888
-6.59001
-6.58849
-6.58596
-6.58502
-6.58441
-6.58383
-6.58589
-6.58446
-6.586
-6.58665
-6.58445
-6.58458
-6.58443
-6.58528
-6.5871
-6.58566
-6.58448
-6.58387
-6.58449
-6.58602
-6.58461
-6.58356
-6.5832
-6.58355
-6.58138
-6.58183
-6.58164
-6.58077
-6.58211
-6.5808
-6.57975
-6.57964
-6.58049
-6.58102
-6.57833
-6.57955
-6.5795
-6.57784
-6.57714
-6.57579
-6.57704
-6.57606
-6.57774
-6.5782
-6.57777
-6.57968
-6.58197
-6.58264
-6.58264
-6.5842
-6.58535
-6.5864
-6.58702
-6.58785
-6.58727
-6.58626
-6.58515
-6.58462
-6.58245
-6.57997
-6.58113
-6.58405
-6.58553
-6.58625
-6.58493
-6.58671
-6.58571
-6.58671
-6.58704
-6.58822
-6.58826
-6.58905
-6.58801
-6.5884
-6.58673
-6.58759
-6.58681
-6.58804
-6.58644
-6.58495
-6.58456
-6.5833
-6.58307
-6.5848
-6.5852
-6.58654
-6.58428
-6.58265
-6.58395
-6.58401
-6.58413
-6.58465
-6.58296
-6.58323
-6.58218
-6.58527
-6.58823
-6.5875
-6.58924
-6.58897
-6.58898
-6.58738
-6.58777
-6.58562
-6.58451
-6.58349
-6.58321
-6.58235
-6.58222
-6.58344
-6.58308
-6.58306
-6.58398
-6.5855
-6.58533
-6.58668
-6.58534
-6.5868
-6.58687
-6.58654
-6.58713
-6.58546
-6.58417
-6.58459
-6.58446
-6.58316
-6.58195
-6.58307
-6.58296
-6.58323
-6.5839
-6.58333
-6.58407
-6.58379
-6.58243
-6.58318
-6.58408
-6.58192
-6.57934
-6.58093
-6.58125
-6.58292
-6.58402
-6.58289
-6.58409
-6.58501
-6.58372
-6.58543
-6.58462
-6.5842
-6.58771
-6.58799
-6.58824
-6.58908
-6.58792
-6.58896
-6.59119
-6.59009
-6.58954
-6.58857
-6.58656
-6.5842
-6.58477
-6.58343
-6.58249
-6.58198
-6.58259
-6.58141
-6.58394
-6.58302
-6.58151
-6.58294
-6.58208
-6.58246
-6.58245
-6.58332
-6.5844
-6.58441
-6.58432
-6.58284
-6.58162
-6.58361
-6.58365
-6.58144
-6.58184
-6.58257
-6.58462
-6.58478
-6.58598
-6.58339
-6.58445
-6.58362
-6.58607
-6.584
-6.58549
-6.58699
-6.58688
-6.58743
-6.58669
-6.58821
-6.58906
-6.59051
-6.5916
-6.58971
-6.58837
-6.58661
-6.58603
-6.58664
-6.58681
-6.5866
-6.58571
-6.58389
-6.58413
-6.58259
-6.5803
-6.57923
-6.58001
-6.58032
-6.58038
-6.58137
-6.58122
-6.58149
-6.58375
-6.58479
-6.58532
-6.5864
-6.58424
-6.58218
-6.58257
-6.58091
-6.58046
-6.58053
-6.57911
-6.57934
-6.58149
-6.58063
-6.5793
-6.58136
-6.58162
-6.58432
-6.58331
-6.58383
-6.58495
-6.58478
-6.58629
-6.58628
-6.58445
-6.58239
-6.58495
-6.58468
-6.58186
-6.58102
-6.57988
-6.58103
-6.57864
-6.57885
-6.57745
-6.57862
-6.57879
-6.58056
-6.58328
-6.58207
-6.58115
-6.58114
-6.58042
-6.58059
-6.58102
-6.58173
-6.58081
-6.58253
-6.58176
-6.58111
-6.5819
-6.58151
-6.58085
-6.58021
-6.58078
-6.58191
-6.58292
-6.58483
-6.58702
-6.58695
-6.58691
-6.58592
-6.58657
-6.58525
-6.58391
-6.58575
-6.58498
-6.58419
-6.58406
-6.58426
-6.58481
-6.58505
-6.58336
-6.58201
-6.58261
-6.58454
-6.58098
-6.57939
-6.58073
-6.58142
-6.58306
-6.58177
-6.58306
-6.58208
-6.58079
-6.58244
-6.58185
-6.58001
-6.57948
-6.58058
-6.58007
-6.57951
-6.57858
-6.57825
-6.58014
-6.58201
-6.58292
-6.58482
-6.58418
-6.58518
-6.58589
-6.58754
-6.58787
-6.58715
-6.5838
-6.58332
-6.5822
-6.58309
-6.58345
-6.58361
-6.58321
-6.58443
-6.58556
-6.58784
-6.58801
-6.5861
-6.5851
-6.58476
-6.5835
-6.58365
-6.58359
-6.58494
-6.58316
-6.58307
-6.58303
-6.58074
-6.58169
-6.58196
-6.58252
-6.58204
-6.58343
-6.58378
-6.58666
-6.58723
-6.58842
-6.58734
-6.58625
-6.58418
-6.58439
-6.58653
-6.5851
-6.58562
-6.58614
-6.58766
-6.58725
-6.58558
-6.58556
-6.58427
-6.58334
-6.58404
-6.58185
-6.58355
-6.58267
-6.5831
-6.58255
-6.58197
-6.58265
-6.58262
-6.58284
-6.58331
-6.58177
-6.57792
-6.5757
-6.57708
-6.57822
-6.5772
-6.57889
-6.57812
-6.58005
-6.58111
-6.58124
-6.58364
-6.58369
-6.58296
-6.58337
-6.58364
