         0.5     79.1378    0.666181
        0.53     67.2695    0.386773
        0.56     56.7332    0.472505
        0.59     47.7725    0.440509
        0.62     39.1254    0.424995
        0.65      32.993    0.452298
        0.68     27.6139     0.22186
        0.71     23.6338    0.174669
        0.74     19.9881    0.217996
        0.77     17.2157    0.135155
         0.8     15.3253   0.0966395
        0.83     13.4856    0.130705
        0.86     11.9427   0.0669379
        0.89      10.714   0.0794494
        0.92     9.52473   0.0577337
        0.95     8.63822   0.0473472
        0.98     7.80216   0.0531461
        1.01     7.19399   0.0351977
        1.04     6.58557   0.0358573
        1.07     6.03858   0.0288113
         1.1     5.61485   0.0324089
        1.13     5.18634   0.0264773
        1.16     4.81784   0.0228223
        1.19     4.53383   0.0177473
        1.22     4.21513   0.0255087
        1.25     3.96966   0.0177286
        1.28     3.72449   0.0104766
        1.31     3.52567   0.0117726
        1.34     3.32973   0.0114195
        1.37      3.1416   0.0115201
         1.4     2.97023  0.00830448
        1.43     2.83525  0.00873651
        1.46     2.70136  0.00422713
        1.49     2.57188  0.00664326
        1.52     2.45282  0.00999277
        1.55     2.34083  0.00578259
        1.58     2.24461  0.00793449
        1.61     2.14369  0.00673593
        1.64     2.06292  0.00687605
        1.67     1.99223  0.00447953
         1.7     1.91117  0.00488328
        1.73     1.83146  0.00702307
        1.76     1.77017  0.00655951
        1.79     1.71012  0.00383105
        1.82     1.64915  0.00324459
        1.85     1.58732  0.00511332
        1.88     1.54796  0.00522784
        1.91     1.49476  0.00245667
        1.94     1.44553  0.00486185
        1.97     1.39681  0.00304684
