0.5 79.2528 0.515632
0.515 73.1853 0.556804
0.53 67.7675 0.41503
0.545 60.9374 0.49983
0.56 56.0793 0.405814
0.575 51.9825 0.365464
0.59 46.7685 0.493231
0.605 42.8812 0.263485
0.62 39.3757 0.253882
0.635 35.4212 0.318894
0.65 32.9409 0.273512
0.665 29.9864 0.103864
0.68 27.8068 0.243876
0.695 25.4723 0.138929
0.71 23.4354 0.147758
0.725 21.4037 0.0947833
0.74 20.2144 0.108314
0.755 18.5924 0.127854
0.77 17.4767 0.110419
0.785 16.2543 0.105246
0.8 15.191 0.121612
0.815 14.2235 0.0642996
0.83 13.416 0.0672753
0.845 12.4791 0.0573088
0.86 11.9845 0.0691132
0.875 11.1871 0.0861204
0.89 10.6554 0.0859611
0.905 10.0923 0.0449645
0.92 9.5105 0.0845169
0.935 9.08943 0.0483989
0.95 8.60457 0.0558419
0.965 8.17939 0.0413142
0.98 7.78283 0.0420888
0.995 7.47965 0.0307045
1.01 7.202 0.0272552
1.025 6.92405 0.0230298
1.04 6.59255 0.0350841
1.055 6.31007 0.0276718
1.07 6.07287 0.030561
1.085 5.80139 0.0189623
1.1 5.57741 0.0251351
1.115 5.42318 0.0167388
1.13 5.18947 0.0298481
1.145 5.02279 0.0240917
1.16 4.83789 0.0205762
1.175 4.71831 0.0160691
1.19 4.51797 0.0144631
1.205 4.37718 0.019877
1.22 4.21416 0.0185666
1.235 4.10706 0.0176978
1.25 3.99263 0.0115598
1.265 3.81964 0.0184607
1.28 3.7197 0.0128164
1.295 3.60431 0.0132074
1.31 3.52763 0.00942192
1.325 3.39411 0.0138789
1.34 3.32359 0.0111329
1.355 3.22046 0.0121855
1.37 3.15989 0.00814586
1.385 3.05225 0.0110941
1.4 2.9662 0.00752711
1.415 2.88723 0.00948091
1.43 2.84977 0.0049385
1.445 2.76378 0.00762891
1.46 2.69537 0.0101833
1.475 2.62509 0.00881312
1.49 2.56839 0.00949248
1.505 2.52399 0.00998738
1.52 2.44612 0.00711085
1.535 2.39705 0.00545151
1.55 2.33885 0.00584152
1.565 2.28457 0.00357318
1.58 2.23605 0.00706561
1.595 2.19314 0.00612198
1.61 2.15639 0.00724414
1.625 2.09552 0.00971777
1.64 2.07453 0.0055889
1.655 2.03051 0.00410993
1.67 1.98084 0.00404998
1.685 1.94703 0.00263228
1.7 1.90446 0.00662402
1.715 1.8747 0.00300019
1.73 1.8339 0.00476166
1.745 1.8038 0.00690625
1.76 1.77015 0.00351866
1.775 1.73447 0.00413312
1.79 1.7041 0.00430419
1.805 1.66886 0.00281266
1.82 1.64274 0.00459949
1.835 1.62011 0.00448239
1.85 1.59612 0.00246049
1.865 1.56401 0.00283
1.88 1.54676 0.00298786
1.895 1.51913 0.00292437
1.91 1.49401 0.00306761
1.925 1.47011 0.00289462
1.94 1.44304 0.00424295
1.955 1.42382 0.00490316
1.97 1.40476 0.0031269
1.985 1.3815 0.00252135
2 1.36278 0.00318298
