         0.5    -0.97427 0.000621943
        0.53   -0.963966 0.000602507
        0.56   -0.951457 0.000412933
        0.59   -0.939116 0.000351439
        0.62    -0.92707 0.000535395
        0.65   -0.913926 0.000388851
        0.68   -0.900745 0.000243382
        0.71   -0.887429 0.000291214
        0.74   -0.874918 0.000326584
        0.77    -0.86192 0.000273573
         0.8   -0.848704 0.000231556
        0.83   -0.835371 0.000264229
        0.86   -0.821693 0.000266596
        0.89   -0.808688 0.000304409
        0.92   -0.795602 0.000202874
        0.95   -0.782643 0.000238342
        0.98   -0.770152 0.000216324
        1.01   -0.757412 0.000235162
        1.04   -0.744806 0.000185412
        1.07   -0.732865 0.000147913
         1.1   -0.720216 0.000175117
        1.13   -0.708577   0.0001906
        1.16   -0.697303 0.000146278
        1.19   -0.686292 0.000232812
        1.22   -0.674886 0.000149879
        1.25   -0.664509 0.000224356
        1.28   -0.653233 0.000159366
        1.31   -0.643035 0.000133585
        1.34   -0.632957 0.000158173
        1.37   -0.623195 0.000202366
         1.4   -0.612955 0.000179901
        1.43   -0.604151 0.000206068
        1.46   -0.594579 0.000221218
        1.49   -0.586061 0.000132397
        1.52   -0.577156 0.000196471
        1.55   -0.568406  0.00013255
        1.58   -0.560043 0.000229666
        1.61   -0.552123 7.48844e-05
        1.64   -0.543817 0.000148452
        1.67   -0.536097 0.000161682
         1.7   -0.528544 0.000106272
        1.73   -0.521542 0.000192988
        1.76   -0.513771 0.000190926
        1.79   -0.506767 0.000175582
        1.82     -0.5002 0.000176876
        1.85   -0.493485 0.000199384
        1.88   -0.487095 0.000178215
        1.91   -0.480277  0.00019399
        1.94   -0.474402  0.00020502
        1.97   -0.468089 0.000218542
