         0.5   -0.974153 0.000686555
        0.53   -0.963652  0.00045736
        0.56   -0.952344 0.000529367
        0.59   -0.940269 0.000504181
        0.62   -0.926381 0.000654909
        0.65   -0.914178 0.000626176
        0.68   -0.900794 0.000407811
        0.71   -0.888021 0.000341785
        0.74   -0.874781 0.000469875
        0.77    -0.86111 0.000207446
         0.8   -0.848596 0.000311207
        0.83   -0.835513  0.00028735
        0.86   -0.822249  0.00029637
        0.89    -0.80845 0.000301322
        0.92   -0.795628  0.00039878
        0.95   -0.782825 0.000251043
        0.98    -0.77033 0.000206359
        1.01    -0.75718 0.000316197
        1.04   -0.744944 0.000266208
        1.07   -0.732892 0.000262591
         1.1   -0.720489 0.000240098
        1.13   -0.708681 0.000241055
        1.16   -0.696912 0.000167812
        1.19   -0.685864 0.000241936
        1.22   -0.674817 0.000262759
        1.25   -0.663994 0.000162116
        1.28    -0.65374 0.000158356
        1.31     -0.6428 0.000176167
        1.34   -0.633185 0.000140728
        1.37   -0.623391 0.000153843
         1.4   -0.613361 0.000234853
        1.43   -0.604095 0.000202125
        1.46   -0.594693 0.000186867
        1.49    -0.58566 0.000191426
        1.52    -0.57687 0.000202313
        1.55   -0.568171 0.000223519
        1.58   -0.560041 0.000185915
        1.61   -0.552005 0.000115107
        1.64   -0.543687 0.000182319
        1.67    -0.53646 0.000220404
         1.7    -0.52897 0.000149813
        1.73   -0.521041 0.000223438
        1.76   -0.513852 0.000192957
        1.79   -0.507196 0.000192322
        1.82   -0.500306 9.02103e-05
        1.85   -0.493272 0.000159465
        1.88   -0.487153 0.000127921
        1.91   -0.480452 0.000162308
        1.94   -0.474291 0.000188922
        1.97   -0.467778 0.000160748
