         0.5     0.32468  0.00529488
        0.53    0.374091  0.00313286
        0.56    0.405032   0.0014596
        0.59    0.418152  0.00220889
        0.62    0.427155  0.00346428
        0.65    0.430554  0.00082533
        0.68    0.430517  0.00191851
        0.71    0.432092  0.00150035
        0.74    0.437311  0.00176562
        0.77    0.437582  0.00182948
         0.8    0.440579  0.00159552
        0.83    0.439781  0.00161304
        0.86    0.438915   0.0019535
        0.89    0.438409  0.00142445
        0.92    0.433514 0.000563231
        0.95    0.429086 0.000944558
        0.98    0.424255 0.000914336
        1.01    0.418673  0.00049536
        1.04    0.410479 0.000889838
        1.07    0.405393 0.000703548
         1.1    0.395986 0.000727746
        1.13    0.388975 0.000580024
        1.16    0.381508  0.00100832
        1.19    0.372755 0.000546547
        1.22    0.366321 0.000820512
        1.25    0.357872 0.000715942
        1.28    0.348849 0.000259584
        1.31    0.340525 0.000365244
        1.34    0.332039 0.000600394
        1.37     0.32584 0.000756082
         1.4    0.317735 0.000338293
        1.43     0.31052 0.000588557
        1.46    0.302229 0.000510882
        1.49    0.296164 0.000466108
        1.52     0.28903 0.000295631
        1.55    0.282321 0.000414431
        1.58    0.274793 0.000420738
        1.61    0.267895 0.000545264
        1.64    0.262209 0.000383722
        1.67    0.255793 0.000346873
         1.7    0.248696 0.000469754
        1.73    0.243268 0.000364852
        1.76    0.237303 0.000342339
        1.79    0.232127  0.00045001
        1.82    0.226238 0.000302764
        1.85    0.221218 0.000408814
        1.88    0.215538 0.000128746
        1.91    0.210645 0.000393959
        1.94    0.206015 0.000292428
        1.97    0.201295 0.000313867
