0.5 0.204798 0.0057581
0.515 0.225765 0.00272464
0.53 0.259881 0.00384568
0.545 0.271739 0.00382446
0.56 0.29759 0.00447093
0.575 0.30755 0.00261729
0.59 0.329163 0.00461191
0.605 0.344747 0.00368709
0.62 0.362226 0.00156971
0.635 0.372858 0.0025839
0.65 0.381726 0.00191644
0.665 0.390952 0.00190634
0.68 0.402137 0.00185831
0.695 0.405933 0.0020057
0.71 0.409843 0.0017326
0.725 0.415876 0.00137234
0.74 0.418849 0.00115497
0.755 0.424071 0.0012466
0.77 0.425785 0.00165243
0.785 0.428955 0.00116297
0.8 0.429058 0.000916732
0.815 0.429299 0.000963185
0.83 0.429295 0.000553041
0.845 0.4315 0.000819613
0.86 0.429407 0.000855946
0.875 0.430152 0.000501172
0.89 0.427731 0.000508397
0.905 0.42569 0.000857432
0.92 0.424276 0.000632099
0.935 0.421631 0.000437499
0.95 0.42057 0.000582382
0.965 0.417884 0.000557541
0.98 0.414643 0.000408409
0.995 0.411588 0.000432023
1.01 0.408799 0.000524978
1.025 0.406174 0.000281242
1.04 0.40336 0.000314906
1.055 0.399703 0.000433451
1.07 0.396475 0.000387051
1.085 0.393062 0.000218492
1.1 0.389313 0.000318959
1.115 0.385385 0.000166424
1.13 0.381522 0.000225341
1.145 0.377625 0.000332862
1.16 0.37405 0.000218531
1.175 0.369868 0.000297738
1.19 0.366174 0.000263273
1.205 0.362592 0.000213666
1.22 0.358646 0.000139287
1.235 0.354722 0.000186461
1.25 0.35021 0.00023455
1.265 0.346331 0.000123445
1.28 0.342709 0.000147159
1.295 0.338758 0.000161119
1.31 0.334948 0.000143601
1.325 0.33121 0.000137711
1.34 0.32717 8.89111e-05
1.355 0.32332 0.00016353
1.37 0.319423 0.000174352
1.385 0.315636 0.00011677
1.4 0.311896 0.000181233
1.415 0.308367 0.00013566
1.43 0.304174 0.00011993
1.445 0.300835 9.71375e-05
1.46 0.29721 9.96715e-05
1.475 0.293653 8.62568e-05
1.49 0.290022 0.000132389
1.505 0.286582 0.000139759
1.52 0.283073 0.000132362
1.535 0.279623 8.47517e-05
1.55 0.276024 9.51514e-05
1.565 0.272726 8.38316e-05
1.58 0.269545 8.54695e-05
1.595 0.266008 6.60994e-05
1.61 0.262836 9.51567e-05
1.625 0.259699 9.30749e-05
1.64 0.256387 8.6203e-05
1.655 0.253412 9.41077e-05
1.67 0.250387 5.23459e-05
1.685 0.2473 8.75642e-05
1.7 0.244375 4.26589e-05
1.715 0.24134 7.3838e-05
1.73 0.238402 8.75904e-05
1.745 0.235617 4.56722e-05
1.76 0.23268 5.38464e-05
1.775 0.229885 5.28067e-05
1.79 0.227196 7.54883e-05
1.805 0.224417 5.24695e-05
1.82 0.221798 4.61234e-05
1.835 0.219259 4.94386e-05
1.85 0.216637 5.00024e-05
1.865 0.214093 6.03846e-05
1.88 0.211506 5.10922e-05
1.895 0.209106 4.21871e-05
1.91 0.206682 4.00526e-05
1.925 0.204255 3.51157e-05
1.94 0.201774 4.07786e-05
1.955 0.199445 3.83742e-05
1.97 0.197171 4.66374e-05
1.985 0.194914 5.14511e-05
2 0.192664 5.39917e-05
