0.5 0.885058 0.00894514
0.515 0.877207 0.00706384
0.53 0.819444 0.0104282
0.545 0.794701 0.00645502
0.56 0.761849 0.00851536
0.575 0.732294 0.00837528
0.59 0.692671 0.00662133
0.605 0.652124 0.00514898
0.62 0.628378 0.00680879
0.635 0.595028 0.00618106
0.65 0.55128 0.00482056
0.665 0.511807 0.00896843
0.68 0.471978 0.00710505
0.695 0.447433 0.00547092
0.71 0.424662 0.00785293
0.725 0.39888 0.00588878
0.74 0.376664 0.00669192
0.755 0.347887 0.00466922
0.77 0.32243 0.00313817
0.785 0.303484 0.00496619
0.8 0.29605 0.00336392
0.815 0.278878 0.00306344
0.83 0.25811 0.00487972
0.845 0.247043 0.0028161
0.86 0.230217 0.00300657
0.875 0.219264 0.00226684
0.89 0.208414 0.00224323
0.905 0.195396 0.00154154
0.92 0.189226 0.00266205
0.935 0.176502 0.00333751
0.95 0.169095 0.00225375
0.965 0.15742 0.00197508
0.98 0.155573 0.00260671
0.995 0.147595 0.00155119
1.01 0.14231 0.00142987
1.025 0.136224 0.00258882
1.04 0.128058 0.00207765
1.055 0.127987 0.00154977
1.07 0.121974 0.00141249
1.085 0.116465 0.00222279
1.1 0.110146 0.00135997
1.115 0.106287 0.000910021
1.13 0.101977 0.00152347
1.145 0.0990612 0.00146676
1.16 0.0959962 0.0011195
1.175 0.0950982 0.00171842
1.19 0.0898493 0.00146094
1.205 0.0869125 0.00086614
1.22 0.0822356 0.00154883
1.235 0.0838789 0.000839654
1.25 0.079311 0.00109105
1.265 0.075941 0.000846148
1.28 0.0747909 0.000602986
1.295 0.0730871 0.00127555
1.31 0.0704608 0.000819336
1.325 0.0691637 0.00127421
1.34 0.066843 0.000880093
1.355 0.0633879 0.00097711
1.37 0.063007 0.00133625
1.385 0.0623514 0.00126154
1.4 0.0598246 0.000743036
1.415 0.0583529 0.000680695
1.43 0.0569747 0.000976537
1.445 0.0548 0.000959748
1.46 0.0544779 0.00103118
1.475 0.0526045 0.000657415
1.49 0.0518708 0.000656096
1.505 0.0516256 0.000765487
1.52 0.0487058 0.000655795
1.535 0.0479244 0.000891587
1.55 0.0462961 0.000986124
1.565 0.0468385 0.000585822
1.58 0.0436908 0.000742089
1.595 0.0424216 0.000790651
1.61 0.0426802 0.000673846
1.625 0.0430116 0.000901687
1.64 0.0421078 0.000866145
1.655 0.0400232 0.000909371
1.67 0.0399756 0.000597942
1.685 0.0397644 0.000899837
1.7 0.0371108 0.000915337
1.715 0.0368574 0.000759364
1.73 0.0357154 0.000776235
1.745 0.0355932 0.000718497
1.76 0.0342772 0.000377235
1.775 0.0357353 0.000592377
1.79 0.0339328 0.000736846
1.805 0.0339506 0.000555476
1.82 0.0330158 0.000599609
1.835 0.032939 0.000415655
1.85 0.0323418 0.000633566
1.865 0.030822 0.000453426
1.88 0.0298427 0.000512918
1.895 0.0302132 0.000722692
1.91 0.0302458 0.000421858
1.925 0.0295849 0.000702502
1.94 0.0288974 0.000426837
1.955 0.0288623 0.000328888
1.97 0.0283413 0.000467317
1.985 0.0282194 0.000317173
2 0.0276258 0.00040497
