         0.5    0.886913  0.00655581
        0.53     0.81941   0.0165016
        0.56    0.764971  0.00718763
        0.59    0.704806  0.00790955
        0.62    0.618006  0.00787469
        0.65    0.553772  0.00903069
        0.68      0.4832  0.00933423
        0.71    0.428161  0.00487528
        0.74    0.357276  0.00527656
        0.77    0.343894    0.005196
         0.8    0.287185  0.00381846
        0.83    0.269733  0.00378906
        0.86    0.227009  0.00449352
        0.89    0.206079  0.00369757
        0.92    0.185711   0.0023948
        0.95    0.169402  0.00221643
        0.98    0.160693  0.00273947
        1.01    0.138672  0.00294131
        1.04    0.130603  0.00295051
        1.07    0.122311  0.00262659
         1.1    0.111457  0.00167687
        1.13    0.103687  0.00169615
        1.16    0.094846  0.00193543
        1.19    0.089246  0.00209266
        1.22   0.0862167  0.00198576
        1.25   0.0754244  0.00175546
        1.28   0.0741398  0.00143042
        1.31   0.0692857  0.00136444
        1.34   0.0670703    0.001244
        1.37   0.0613908 0.000899982
         1.4   0.0606746  0.00167864
        1.43   0.0582671  0.00132813
        1.46   0.0533857 0.000998577
        1.49   0.0508821  0.00125698
        1.52   0.0479488 0.000768793
        1.55   0.0462593 0.000806877
        1.58   0.0453294  0.00136782
        1.61   0.0410815 0.000867012
        1.64   0.0396656 0.000667164
        1.67   0.0382086 0.000936811
         1.7   0.0381748  0.00109763
        1.73   0.0378769  0.00112996
        1.76   0.0356856 0.000240085
        1.79   0.0337738 0.000591047
        1.82   0.0314264 0.000561026
        1.85   0.0317831 0.000633812
        1.88   0.0313176 0.000864474
        1.91   0.0301006 0.000827301
        1.94   0.0291466 0.000336539
        1.97   0.0285061 0.000643971
