100 39.2051 0
110 39.2062 0.00110181
120 39.2354 0.0291776
130 39.2714 0.0415175
140 39.2377 0.04656
150 39.2397 0.0380653
160 39.2355 0.0324373
170 39.2518 0.032459
180 39.2197 0.0430365
190 39.2095 0.0398093
200 39.2222 0.0381928
210 39.2363 0.0375998
220 39.2118 0.0423902
230 39.2215 0.0404239
240 39.2208 0.0376391
250 39.2196 0.0352285
260 39.2165 0.0332335
270 39.2335 0.0356183
280 39.2179 0.0371264
290 39.2186 0.0352287
300 39.2242 0.0339718
310 39.2263 0.0324633
320 39.2199 0.0316781
330 39.2226 0.0304457
340 39.2251 0.0293093
350 39.2208 0.0284841
360 39.2265 0.0279985
370 39.2171 0.0285746
380 39.2249 0.0286486
390 39.2215 0.0278783
400 39.2193 0.0270574
410 39.2196 0.0261998
420 39.2187 0.0254074
430 39.2275 0.0261613
440 39.2215 0.0260964
450 39.222 0.0253653
460 39.2208 0.0246998
470 39.2275 0.0249584
480 39.226 0.0243523
490 39.2293 0.0239524
500 39.2261 0.0235785
510 39.2193 0.0239956
520 39.2222 0.0236109
530 39.225 0.0232467
540 39.2209 0.0231031
550 39.2244 0.0228666
560 39.2233 0.0224024
570 39.2222 0.0219583
580 39.2255 0.0217687
590 39.2238 0.0213999
600 39.2267 0.0211704
610 39.2216 0.0213756
620 39.224 0.0211102
630 39.2218 0.0208302
640 39.2242 0.0205857
650 39.2277 0.02052
660 39.2247 0.0203849
670 39.225 0.0200321
680 39.2227 0.019814
690 39.2246 0.0195717
700 39.2228 0.0193379
710 39.2238 0.0190529
720 39.2253 0.0188054
730 39.2261 0.0185265
740 39.23 0.0186461
750 39.2285 0.0184193
760 39.2289 0.0181471
770 39.2277 0.0179197
780 39.2265 0.0176958
790 39.2278 0.0174879
800 39.2274 0.0172446
810 39.228 0.0170123
820 39.2269 0.0168112
830 39.2293 0.0167479
840 39.2278 0.0165847
850 39.2269 0.0163929
860 39.2243 0.0163795
870 39.2277 0.0165234
880 39.2259 0.0164164
890 39.2278 0.0163221
900 39.2265 0.0161729
910 39.2246 0.0160866
920 39.2256 0.0159264
930 39.2274 0.0158381
940 39.2237 0.0160821
950 39.2246 0.0159166
960 39.2259 0.0157866
970 39.2271 0.0156564
980 39.2272 0.0154797
990 39.2242 0.0156022
1000 39.2236 0.0154402
1010 39.2248 0.0153184
1020 39.2248 0.015153
1030 39.2241 0.0150071
1040 39.2249 0.0148723
1050 39.2248 0.0147169
1060 39.2222 0.0147945
1070 39.2233 0.0146829
1080 39.2228 0.0145414
1090 39.224 0.0144462
