5.23574
5.22172
5.21211
5.20781
5.20846
5.21266
5.2185
5.22396
5.2278
5.22953
5.22956
5.2287
5.22774
5.227
5.22654
5.22616
5.22606
5.22686
5.22935
5.23417
5.24149
5.25111
5.26244
5.27497
5.28858
5.30342
5.31982
5.33771
5.35654
5.37503
5.3914
5.4037
5.41031
5.40996
5.40175
5.38522
5.3605
5.32833
5.29035
5.24902
5.20727
5.16819
5.13502
5.11055
5.09708
5.09598
5.10752
5.13056
5.16238
5.19877
5.2346
5.26483
5.28559
5.2949
5.29314
5.28245
5.26621
5.24797
5.23067
5.21655
5.20697
5.20254
5.20326
5.20861
5.21807
5.23095
5.24678
5.26532
5.28625
5.30911
5.33273
5.35558
5.37573
5.39092
5.39871
5.39659
5.38232
5.35442
5.3125
5.25803
5.19502
5.12937
5.06815
5.01783
4.98266
4.96415
4.96105
4.97021
4.98758
5.00963
5.03378
5.05872
5.08438
5.11139
5.14026
5.17091
5.20225
5.23236
5.25905
5.28047
5.29584
5.30571
5.31196
5.31735
5.32489
5.33709
5.35557
5.38058
5.41079
5.44321
5.47342
5.49601
5.50547
5.49705
5.46809
5.41876
5.35229
5.27444
5.19232
5.11314
5.04301
4.9865
4.94674
4.92583
4.92483
4.94375
4.98103
5.0334
5.09608
5.16316
5.2283
5.28579
5.33159
5.36358
5.38177
5.38765
5.38344
5.37122
5.35267
5.32925
5.30252
5.27457
5.24814
5.22612
5.21108
5.20449
5.20645
5.2157
5.22978
5.24555
5.25977
5.26946
5.27246
5.26754
5.25447
5.23405
5.20794
5.1786
5.1491
5.12273
5.10283
5.09228
5.09318
5.10681
5.13363
5.17328
5.22423
5.28404
5.34923
5.41531
5.47711
5.52887
5.56524
5.58173
5.57549
5.54588
5.49464
5.42574
5.34485
5.25856
5.17377
5.09695
5.03344
4.98699
4.9594
4.95053
4.95841
4.97993
5.01137
5.04891
5.08923
5.12974
5.16881
5.20568
5.24029
5.27314
5.30444
5.33351
5.35869
5.37754
5.38786
5.38841
5.37954
5.36303
5.34163
5.31842
5.29633
5.27766
5.2642
5.25676
5.25542
5.25964
5.26801
5.27885
5.28999
5.29912
5.30391
5.30235
5.29319
5.27607
5.25158
5.22131
5.18761
5.15343
5.12195
5.09644
5.07971
5.07388
5.0798
5.09725
5.12478
5.16003
5.20013
5.24205
5.28309
5.32087
5.35309
5.37756
5.39236
5.39632
5.38952
5.37304
5.3492
5.32086
5.29078
5.26127
5.23373
5.20881
5.18676
5.16759
5.15141
5.13864
5.13001
5.12667
5.12979
5.14054
5.15967
5.18728
5.22263
5.264
5.30841
5.3519
5.38976
5.41705
5.42938
5.4238
5.39914
5.3565
5.29905
5.23162
5.16011
5.09082
5.02984
4.98262
4.95348
4.94545
4.96008
4.9969
5.05355
5.12559
5.2069
5.29021
5.36783
5.43257
5.47879
5.50292
5.50401
5.48381
5.44625
5.39659
5.34074
5.28423
5.23156
5.18576
5.14843
5.11991
5.09979
5.08734
5.08193
5.0828
5.08942
5.10114
5.11743
5.13781
5.16175
5.18853
5.21706
5.24577
5.27265
5.29527
5.31141
5.31905
5.31711
5.30524
5.28411
5.25523
5.22093
5.18424
5.14866
5.11794
5.09599
5.08626
5.09121
5.11203
5.14836
5.19821
5.25796
5.3228
5.38722
5.44574
5.49357
5.52719
5.54468
5.5457
5.53127
5.5031
5.46316
5.41352
5.35629
5.29418
5.23042
5.16878
5.11334
5.06793
5.03563
5.01857
5.01738
5.03116
5.05781
5.09402
5.1357
5.17853
5.21842
5.25201
5.27679
5.29136
5.29551
5.29006
5.27669
5.25767
5.23547
5.21259
5.19159
5.1749
5.1647
5.16292
5.17083
5.18894
5.21695
5.25367
5.29724
5.34477
5.39259
5.43644
5.47187
5.49465
5.50155
5.49114
5.46402
5.42292
5.37208
5.31653
5.26115
5.21029
5.16756
5.13576
5.11678
5.11172
5.12086
5.1434
5.17761
5.22066
5.26864
5.31707
5.3612
5.39685
5.42099
5.43198
5.42942
5.41374
5.38582
5.34673
5.29781
5.24109
5.17922
5.11548
5.05345
4.99652
4.94786
4.91016
4.88595
4.87732
4.88578
4.91188
4.95483
5.01229
5.08046
5.15403
5.22672
5.29181
5.34311
5.37623
5.38946
5.38431
5.36558
5.34031
5.3164
5.30052
5.29682
5.30627
5.32649
5.35236
5.37748
5.39527
5.40057
5.39048
5.36469
5.32506
5.27531
5.2203
5.16551
5.11628
5.07743
5.05247
5.04333
5.05029
5.07196
5.10559
5.14753
5.19376
5.24048
5.2846
5.32398
5.35726
5.38361
5.4024
5.41295
5.41449
5.40642
5.38884
5.36256
5.32905
5.29027
5.24826
5.20521
5.16325
5.12477
5.0922
5.06821
5.05513
5.05443
5.06649
5.09017
5.12309
5.16236
5.20491
5.24805
5.28958
5.32782
5.36119
5.38832
5.4077
5.41811
5.41877
5.40959
5.39117
5.36449
5.33083
5.29197
5.25028
5.20881
5.17131
5.14172
5.12352
5.11903
5.12919
5.15338
5.18947
5.23432
5.28375
5.33292
5.37652
5.40946
5.42725
5.42675
5.40678
5.36829
5.31436
5.24991
5.18101
5.11398
5.05484
5.00858
4.97897
4.96829
4.97716
5.00461
5.04796
5.10312
5.16483
5.22723
5.2847
5.3324
5.36703
5.38705
5.39231
5.38387
5.36387
5.33499
5.30032
5.2631
5.22622
5.1918
5.16136
5.13581
5.11597
5.10247
5.09625
5.09832
5.10961
5.13078
5.16198
5.2027
5.25178
5.30714
5.36583
5.42408
5.47763
5.52195
5.55281
5.56691
5.56242
5.53946
5.50014
5.44816
5.3886
5.32673
5.26751
5.21484
5.17099
5.13657
5.11109
5.09359
5.08335
5.08016
5.08442
5.09649
5.11648
5.14351
5.17575
5.21033
5.24361
5.27162
5.29075
5.29833
5.29308
5.2754
5.24752
5.21322
5.17723
5.14437
5.1187
5.10307
5.09887
5.10605
5.12355
5.14964
5.18209
5.21828
5.2555
5.29091
5.32191
5.34632
5.36236
5.36871
5.36482
5.35076
5.32736
5.29655
5.26081
5.22299
5.18635
5.15391
5.12818
5.11104
5.10361
5.10619
5.11824
5.13848
5.16502
5.19551
5.22741
5.2583
5.28578
5.30784
5.32298
5.33055
5.33106
5.32619
5.31864
5.31153
5.30749
5.30792
5.31262
5.31981
5.32669
5.33044
5.32902
5.32188
5.30993
5.29535
5.28105
5.26975
5.26338
5.26269
5.26756
5.27709
5.29013
5.3058
5.32371
5.34384
5.36621
5.39058
5.41581
5.43999
5.46016
5.47292
5.47502
5.46412
5.43942
5.40161
5.35287
5.29633
5.23574
5.17515
5.11858
5.07005
5.03335
5.01188
5.00818
5.0237
5.05826
5.10975
5.17409
5.2452
5.3157
5.37754
5.42325
5.44708
5.44594
5.41993
5.37246
5.30973
5.23979
5.17125
5.11181
5.06711
5.04039
5.03219
5.04067
5.06224
5.09208
5.12531
5.15776
5.18676
5.2114
5.23218
5.25052
5.2681
5.28596
5.30414
5.32148
5.33587
5.34469
5.34534
5.33606
5.31672
5.2892
5.25721
5.22535
5.19821
5.17961
5.1717
5.17484
5.18779
5.20837
5.23381
5.26141
5.28858
5.31286
5.3319
5.34366
5.3464
5.33892
5.32073
5.29246
5.25621
5.21508
5.17322
5.1353
5.10587
5.08859
5.08593
5.09887
5.12675
5.16734
5.21713
5.27186
5.32707
5.3785
5.42207
5.45391
5.47035
5.46836
5.44672
5.40657
5.35184
5.28899
5.22594
5.17026
5.12808
5.10291
5.09533
5.10345
5.12355
5.15138
5.18283
5.21441
5.24331
5.26703
5.28325
5.28997
5.28584
5.27043
5.24417
5.20859
5.16623
5.12046
5.07514
5.03469
5.00341
4.98499
4.98192
4.99554
5.02556
5.07053
5.12805
5.19466
5.26597
5.33676
5.40147
5.45495
5.49315
5.51346
5.51499
5.49829
5.46529
5.41897
5.36338
5.30327
5.24351
5.1887
5.1427
5.10809
5.08613
5.07701
5.08057
5.09659
5.12457
5.16318
5.20982
5.2606
5.31098
5.3567
5.39417
5.42083
5.43526
5.43694
5.42596
5.40308
5.36976
5.32821
5.28096
5.23049
5.17906
5.12845
5.08021
5.03605
4.99809
4.96939
4.95342
4.95335
4.97161
5.00885
5.06356
5.13168
5.20685
5.28098
5.34521
5.39138
5.4139
5.41149
5.3876
5.34971
5.30742
5.27032
5.24632
5.2403
5.25363
5.28392
5.32556
5.37075
5.41071
5.4374
5.44493
5.43044
5.3942
5.33925
5.27073
5.19508
5.11933
5.05021
4.9935
4.95352
4.93267
4.9313
4.94782
4.97934
5.02201
5.07185
5.12497
5.17798
5.22803
5.27293
5.31113
5.3417
5.36458
5.3804
5.39014
5.3949
5.3955
5.3923
5.3851
5.37355
5.35763
5.33826
5.31719
5.29716
5.28122
5.27205
5.27121
5.27879
5.29341
5.31247
5.33264
5.35069
5.36416
5.37174
5.37326
5.3694
5.36113
5.3492
5.33373
5.3142
5.28995
5.26034
5.22562
5.18725
5.14777
5.11007
5.0769
5.05009
5.03034
5.01769
5.01197
5.01319
5.0213
5.03584
5.05575
5.07937
5.10473
5.12997
5.15356
5.17492
5.19431
5.21268
5.23094
5.24982
5.26953
5.28952
5.30863
5.32534
5.33803
5.34539
5.34674
5.34223
5.3329
5.32011
5.3054
5.29001
5.27503
5.26111
5.24862
5.23779
5.22877
5.22174
5.2169
5.21457
5.21499
5.2181
5.22315
5.22856
5.23193
5.23078
5.22358
5.21065
5.19423
5.17789
5.16563
5.16092
5.16612
5.18218
5.20878
5.24432
5.28615
5.33074
5.37387
5.41107
5.43804
5.45114
5.44784
5.4273
5.39054
5.34057
5.28166
5.21893
5.15739
5.10127
5.05347
5.01555
4.98813
4.97182
4.96715
4.97484
4.99516
5.0276
5.0703
5.12014
5.17295
5.22421
5.26974
5.30645
5.33274
5.34828
5.35394
5.35124
5.34187
5.32755
5.30989
5.29017
5.26956
5.24894
5.22904
5.21088
5.19626
5.18794
5.18899
5.20174
5.22682
5.26262
5.30533
5.34957
5.38897
5.41698
5.42789
5.41772
5.38519
5.33246
5.26523
5.19149
