1000 101.973 0
1100 100.691 1.28179
1200 100.297 0.838356
1300 99.8437 0.746221
1400 99.7924 0.5803
1500 100.055 0.54177
1600 100.448 0.603339
1700 100.342 0.533076
1800 100.32 0.470639
1900 100.296 0.421668
2000 100.302 0.381464
2100 100.31 0.348318
2200 100.448 0.348843
2300 100.767 0.453933
2400 100.898 0.442282
2500 100.844 0.417139
2600 100.727 0.408927
2700 100.78 0.389076
2800 100.766 0.368269
2900 100.841 0.357298
3000 100.886 0.342826
3100 100.762 0.349591
3200 100.689 0.341921
3300 100.733 0.330328
3400 100.605 0.341964
3500 100.657 0.332702
3600 100.691 0.321946
3700 100.755 0.316659
3800 100.737 0.306076
3900 100.751 0.296074
4000 100.793 0.28933
4100 100.758 0.282277
4200 100.749 0.273742
4300 100.816 0.273947
4400 100.835 0.266674
4500 100.881 0.263273
4600 100.87 0.256314
4700 100.892 0.250432
4800 100.933 0.247451
4900 100.868 0.249886
5000 100.842 0.245079
5100 100.842 0.239173
5200 100.862 0.234329
5300 100.829 0.231256
5400 100.815 0.226495
5500 100.786 0.223341
5600 100.77 0.219173
5700 100.79 0.215482
5800 100.809 0.211957
5900 100.8 0.207887
6000 100.827 0.205491
6100 100.844 0.202286
6200 100.828 0.199146
6300 100.807 0.196522
6400 100.829 0.19419
6500 100.824 0.190759
6600 100.844 0.188477
6700 100.843 0.185201
6800 100.866 0.183467
6900 100.888 0.181691
7000 100.869 0.179698
7100 100.891 0.178106
7200 100.886 0.175307
7300 100.874 0.17297
7400 100.887 0.170763
7500 100.893 0.168252
7600 100.925 0.168919
7700 100.964 0.170732
7800 100.979 0.168923
7900 100.983 0.166549
8000 100.993 0.164519
8100 101.005 0.162618
8200 101.008 0.160412
8300 101 0.158433
8400 100.979 0.157711
8500 100.972 0.155814
8600 100.941 0.156861
8700 100.944 0.154868
8800 100.952 0.153144
8900 100.975 0.152955
9000 100.957 0.15213
9100 100.935 0.151908
9200 100.972 0.154426
9300 101.004 0.156069
9400 101.041 0.158572
9500 101.053 0.15718
9600 101.06 0.155516
9700 101.064 0.153792
9800 101.067 0.152085
9900 101.087 0.15164
10000 101.089 0.149975
10100 101.08 0.148576
10200 101.069 0.147426
10300 101.078 0.146127
10400 101.069 0.144848
10500 101.071 0.143347
10600 101.068 0.141882
10700 101.072 0.140465
10800 101.086 0.139771
10900 101.08 0.138496
