-0.72425
-0.74033
-0.750881
-0.7561
-0.756855
-0.754728
-0.751741
-0.750066
-0.75165
-0.757936
-0.769838
-0.787686
-0.81118
-0.839345
-0.870514
-0.90249
-0.932807
-0.959053
-0.979127
-0.991309
-0.994343
-0.98742
-0.970177
-0.942767
-0.905896
-0.860821
-0.809286
-0.753375
-0.69521
-0.636746
-0.57968
-0.525421
-0.475209
-0.430056
-0.390739
-0.357789
-0.331685
-0.313301
-0.304426
-0.307882
-0.326978
-0.364277
-0.420275
-0.492463
-0.575388
-0.661853
-0.744743
-0.818748
-0.88124
-0.932131
-0.973057
-1.00632
-1.03388
-1.05665
-1.07429
-1.08526
-1.08723
-1.07753
-1.05385
-1.0148
-0.960741
-0.894481
-0.821655
-0.749794
-0.68607
-0.634488
-0.594909
-0.564565
-0.540684
-0.52215
-0.509575
-0.504259
-0.507143
-0.518362
-0.537223
-0.562354
-0.59179
-0.622982
-0.652912
-0.678438
-0.696866
-0.706518
-0.707188
-0.700303
-0.688845
-0.676994
-0.669301
-0.669821
-0.681024
-0.703023
-0.733392
-0.76746
-0.799315
-0.822788
-0.832473
-0.824499
-0.796859
-0.749461
-0.683896
-0.603124
-0.511095
-0.412506
-0.312517
-0.216479
-0.129654
-0.056761
-0.00154323
0.03365
0.0480787
0.0425467
0.0190444
-0.0196693
-0.0704016
-0.129741
-0.194156
-0.260084
-0.324052
-0.382683
-0.432858
-0.471767
-0.497118
-0.50738
-0.50238
-0.483855
-0.455913
-0.42512
-0.399625
-0.387294
-0.393583
-0.42016
-0.465273
-0.525251
-0.59619
-0.674822
-0.758686
-0.84588
-0.934624
-1.02315
-1.10962
-1.19226
-1.26947
-1.33965
-1.40109
-1.45206
-1.49072
-1.51554
-1.52555
-1.52057
-1.50137
-1.46955
-1.42725
-1.37699
-1.32145
-1.26331
-1.20524
-1.14973
-1.09869
-1.05309
-1.01282
-0.976933
-0.944102
-0.913182
-0.883358
-0.853957
-0.823945
-0.791575
-0.754398
-0.709829
-0.65603
-0.592766
-0.521981
-0.447804
-0.375941
-0.312404
-0.261957
-0.227012
-0.207357
-0.200566
-0.202783
-0.20959
-0.216855
-0.221643
-0.222709
-0.220821
-0.218564
-0.219843
-0.22902
-0.249775
-0.284016
-0.331165
-0.388062
-0.449411
-0.508579
-0.558607
-0.593169
-0.607401
-0.59866
-0.566984
-0.515283
-0.449213
-0.376353
-0.305172
-0.243606
-0.197923
-0.172008
-0.16721
-0.182663
-0.215713
-0.262418
-0.318105
-0.37804
-0.438129
-0.495288
-0.547486
-0.593536
-0.632993
-0.666084
-0.693803
-0.717758
-0.73979
-0.761377
-0.782991
-0.804038
-0.823301
-0.839705
-0.853085
-0.864523
-0.875977
-0.889499
-0.90643
-0.926701
-0.948764
-0.969808
-0.98647
-0.995497
-0.99429
-0.981119
-0.955366
-0.917434
-0.86864
-0.8111
-0.747462
-0.680751
-0.614145
-0.550748
-0.493318
-0.444193
-0.405206
-0.377613
-0.362021
-0.358385
-0.366001
-0.383463
-0.408768
-0.43942
-0.472504
-0.504613
-0.531832
-0.549977
-0.555236
-0.545095
-0.519198
-0.480038
-0.432838
-0.384595
-0.342564
-0.312446
-0.297148
-0.296487
-0.307765
-0.326964
-0.349932
-0.373433
-0.395777
-0.416831
-0.437714
-0.460009
-0.484988
-0.512862
-0.542382
-0.570833
-0.594481
-0.609402
-0.612466
-0.602415
-0.580527
-0.550451
-0.517075
-0.484734
-0.455844
-0.430393
-0.406454
-0.381537
-0.35403
-0.324041
-0.293071
-0.262896
-0.234292
-0.206569
-0.178262
-0.148783
-0.119591
-0.0940859
-0.0759693
-0.0673012
-0.0676206
-0.0745491
-0.0851635
-0.0967621
-0.107077
-0.114263
-0.117098
-0.115423
-0.110329
-0.104051
-0.0994743
-0.0993681
-0.10543
-0.117557
-0.133507
-0.149238
-0.15994
-0.161397
-0.151129
-0.129009
-0.0971767
-0.0594565
-0.0205272
0.0149247
0.0427955
0.0600159
0.0648088
0.0566819
0.0364023
0.00559701
-0.0335215
-0.0784926
-0.126951
-0.17702
-0.227593
-0.278389
-0.329751
-0.382096
-0.435271
-0.487991
-0.537774
-0.581376
-0.615581
-0.638017
-0.647495
-0.643947
-0.628294
-0.602234
-0.56806
-0.528481
-0.486386
-0.444691
-0.40622
-0.373614
-0.349243
-0.334922
-0.331534
-0.338812
-0.355365
-0.379019
-0.407206
-0.437256
-0.466607
-0.492766
-0.513395
-0.526467
-0.530574
-0.525338
-0.511711
-0.49214
-0.470489
-0.451304
-0.438708
-0.435166
-0.440624
-0.452706
-0.467686
-0.481696
-0.491592
-0.495226
-0.491376
-0.479567
-0.460071
-0.434082
-0.403494
-0.370539
-0.337094
-0.304176
-0.271831
-0.239573
-0.207163
-0.17512
-0.145018
-0.119148
-0.0998473
-0.0886729
-0.0859709
-0.0910294
-0.102864
-0.121116
-0.146688
-0.181787
-0.229373
-0.292067
-0.370993
-0.464879
-0.569881
-0.680134
-0.788788
-0.888978
-0.974605
-1.04082
-1.08425
-1.10333
-1.09836
-1.07141
-1.02619
-0.967512
-0.900607
-0.830626
-0.762198
-0.699187
-0.64439
-0.599204
-0.563259
-0.534591
-0.510223
-0.487104
-0.462892
-0.436298
-0.407011
-0.37539
-0.342244
-0.308896
-0.277432
-0.250884
-0.232953
-0.227047
-0.234933
-0.255605
-0.285385
-0.318895
-0.350562
-0.375824
-0.391993
-0.398752
-0.398275
-0.394626
-0.391813
-0.391205
-0.390019
-0.382427
-0.362764
-0.328779
-0.283094
-0.23246
-0.185521
-0.150256
-0.132109
-0.133387
-0.153342
-0.188449
-0.233088
-0.280391
-0.323351
-0.355936
-0.373883
-0.375179
-0.360076
-0.330862
-0.291371
-0.246342
-0.200585
-0.158303
-0.122553
-0.0950932
-0.0766847
-0.0674527
-0.0671439
-0.0750649
-0.0898574
-0.109354
-0.130714
-0.150843
-0.167044
-0.177558
-0.181868
-0.180569
-0.175021
-0.16701
-0.158537
-0.151841
-0.149503
-0.154313
-0.168959
-0.195501
-0.234772
-0.286084
-0.347219
-0.414774
-0.484805
-0.553405
-0.617235
-0.67392
-0.722198
-0.761892
-0.793688
-0.818661
-0.837714
-0.851005
-0.857791
-0.856494
-0.845195
-0.822164
-0.786392
-0.738057
-0.678772
-0.611641
-0.541175
-0.473153
-0.414315
-0.37152
-0.350072
-0.351763
-0.37384
-0.410018
-0.452893
-0.496038
-0.534898
-0.56652
-0.588953
-0.600714
-0.600611
-0.587897
-0.562723
-0.526792
-0.484035
-0.440842
-0.405314
-0.385121
-0.384422
-0.40168
-0.430226
-0.461296
-0.487233
-0.503282
-0.507844
-0.501699
-0.487253
-0.467989
-0.447962
-0.431199
-0.421025
-0.419531
-0.427415
-0.444249
-0.469273
-0.501931
-0.542163
-0.590127
-0.645658
-0.707733
-0.774133
-0.841504
-0.905823
-0.963063
-1.00986
-1.04386
-1.06384
-1.06954
-1.06138
-1.04026
-1.00744
-0.964507
-0.913558
-0.857424
-0.79979
-0.744943
-0.697023
-0.659084
-0.632607
-0.617702
-0.613551
-0.618662
-0.630817
-0.647014
-0.663716
-0.677408
-0.685303
-0.68586
-0.678941
-0.665713
-0.648211
-0.628808
-0.609676
-0.592389
-0.577844
-0.566307
-0.55756
-0.551016
-0.545828
-0.540976
-0.535378
-0.528068
-0.51832
-0.505865
-0.490957
-0.474375
-0.457316
-0.441242
-0.427685
-0.418109
-0.413815
-0.415896
-0.425254
-0.442787
-0.46951
-0.506515
-0.554444
-0.61277
-0.679144
-0.749302
-0.817699
-0.878574
-0.926942
-0.959277
-0.97396
-0.97132
-0.953632
-0.92473
-0.889499
-0.853189
-0.820692
-0.795829
-0.780728
-0.775444
-0.77799
-0.784866
-0.791983
-0.795683
-0.793502
-0.784598
-0.769663
-0.750566
-0.729799
-0.709819
-0.692492
-0.678546
-0.667379
-0.657193
-0.6454
-0.629278
-0.606676
-0.576519
-0.539246
-0.496843
-0.452528
-0.410001
-0.372657
-0.342981
-0.322538
-0.31245
-0.314002
-0.328914
-0.358913
-0.40484
-0.465821
-0.538919
-0.619602
-0.702677
-0.783264
-0.857477
-0.922595
-0.976945
-1.01966
-1.05041
-1.06939
-1.0772
-1.0748
-1.06342
-1.04436
-1.0189
-0.98825
-0.953496
-0.915679
-0.87585
-0.835287
-0.79567
-0.759073
-0.727559
-0.702372
-0.683035
-0.667325
-0.652062
-0.634636
-0.614285
-0.592439
-0.571978
-0.555683
-0.545192
-0.540986
-0.54329
-0.55307
-0.572217
-0.60263
-0.644574
-0.695402
-0.749622
-0.800147
-0.840365
-0.866017
-0.876499
-0.875207
-0.868489
-0.863291
-0.86445
-0.873122
-0.886997
-0.902007
-0.914125
-0.920492
-0.919653
-0.911196
-0.895257
-0.872049
-0.841595
-0.803766
-0.7585
-0.706099
-0.64737
-0.583738
-0.517064
-0.449496
-0.383447
-0.321539
-0.26663
-0.221597
-0.188922
-0.169893
-0.164028
-0.169049
-0.181607
-0.198392
-0.217145
-0.237269
-0.26003
-0.288077
-0.324378
-0.370791
-0.427047
-0.49078
-0.558333
-0.625751
-0.689197
-0.745055
-0.789905
-0.820722
-0.835267
-0.832448
-0.812588
-0.777558
-0.730688
-0.676499
-0.620349
-0.5679
-0.524444
-0.494207
-0.479627
-0.48084
-0.495705
-0.520584
-0.551475
-0.584971
-0.618655
-0.651013
-0.68106
-0.708053
-0.731343
-0.750371
-0.764719
-0.774228
-0.779197
-0.780401
-0.778952
-0.775676
-0.770318
-0.761108
-0.745212
-0.719949
-0.684041
-0.63834
-0.58562
-0.529861
-0.475213
-0.425327
-0.382909
-0.349574
-0.325925
-0.311755
-0.306269
-0.308244
-0.316205
-0.328647
-0.344176
-0.361656
-0.3803
-0.399538
-0.418796
-0.437282
-0.453755
-0.466647
-0.474268
-0.475158
-0.468365
-0.453648
-0.431528
-0.403215
-0.370508
-0.335525
-0.3004
-0.266969
-0.236553
-0.209949
-0.18771
-0.170579
-0.159747
-0.156939
-0.164134
-0.182933
-0.213812
-0.255592
-0.305389
-0.359037
-0.412016
-0.460196
-0.500313
-0.53016
-0.548606
-0.555636
-0.552444
-0.541587
-0.527009
-0.513669
-0.506634
-0.509812
-0.524574
-0.549138
-0.578973
-0.608006
-0.629967
-0.639355
-0.631968
-0.605233
-0.558414
-0.493066
-0.413464
-0.326704
-0.242237
-0.170273
-0.119388
-0.0943981
-0.0955575
-0.119515
-0.161335
-0.216085
-0.27953
-0.348019
-0.418101
-0.48625
-0.548927
-0.602876
-0.645544
-0.675449
-0.692373
-0.697399
-0.692736
-0.681356
-0.666465
-0.650874
-0.636433
-0.623705
-0.612143
-0.60068
-0.588634
-0.576257
-0.564735
-0.555638
-0.550171
-0.548691
-0.550723
-0.555308
-0.561339
-0.567893
-0.574423
-0.580611
-0.586253
-0.590937
-0.594015
-0.5947
-0.592341
-0.586594
-0.577629
-0.566067
-0.55284
-0.539003
-0.525515
-0.512975
-0.50161
-0.491362
-0.482112
-0.473822
-0.4665
-0.460036
-0.454189
-0.448673
-0.443513
-0.439428
-0.43794
-0.441081
-0.450675
-0.467454
-0.490597
-0.517875
-0.54631
-0.573019
-0.595874
-0.613752
-0.626519
-0.634944
-0.640404
-0.644404
-0.647824
-0.65027
-0.649887
-0.643809
-0.62915
-0.60402
-0.568308
-0.524048
-0.475405
-0.428038
-0.38787
-0.359493
-0.344909
-0.343298
-0.351919
-0.367327
-0.386412
-0.406866
-0.427268
-0.446835
-0.465223
-0.482291
-0.49789
-0.511661
-0.522809
-0.530029
-0.531639
-0.525807
-0.511055
-0.486801
-0.453784
-0.414259
-0.371813
-0.330956
-0.296532
-0.273191
-0.264888
-0.274141
-0.301287
-0.34424
-0.398871
-0.45985
-0.521673
-0.579395
-0.62913
-0.66831
-0.69581
-0.711869
-0.717846
-0.71564
-0.706936
-0.692509
-0.672083
-0.644887
-0.610594
-0.57024
-0.526661
-0.484365
-0.448831
-0.425579
-0.419197
-0.432533
-0.466461
-0.520084
