           0           0           0
   0.0256496           0           0
   0.0512993           0           0
   0.0769489           0           0
    0.102599           0           0
    0.128248           0           0
    0.153898           0           0
    0.179547           0           0
    0.205197           0           0
    0.230847           0           0
    0.256496           0           0
    0.282146           0           0
    0.307796           0           0
    0.333445           0           0
    0.359095           0           0
    0.384745           0           0
    0.410394           0           0
    0.436044           0           0
    0.461694           0           0
    0.487343           0           0
    0.512993           0           0
    0.538642           0           0
    0.564292           0           0
    0.589942           0           0
    0.615591           0           0
    0.641241           0           0
    0.666891           0           0
     0.69254           0           0
     0.71819           0           0
     0.74384           0           0
    0.769489           0           0
    0.795139           0           0
    0.820788           0           0
    0.846438 1.75071e-05 6.05526e-06
    0.872088  0.00133798 5.38661e-05
    0.897737   0.0238711 0.000243827
    0.923387    0.164466 0.000780391
    0.949037    0.561462   0.0018282
    0.974686      1.1982  0.00237972
     1.00034     1.86285  0.00285962
     1.02599     2.33818  0.00226525
     1.05164     2.55589  0.00214132
     1.07728     2.54887  0.00217124
     1.10293     2.40992  0.00223939
     1.12858     2.19874  0.00213905
     1.15423     1.97491  0.00203589
     1.17988     1.75477  0.00186121
     1.20553     1.55946   0.0019512
     1.23118     1.39148   0.0018453
     1.25683     1.24617  0.00153913
     1.28248     1.12655  0.00152078
     1.30813     1.02332  0.00132911
     1.33378    0.940717  0.00122359
     1.35943     0.87114  0.00116113
     1.38508    0.815257  0.00127006
     1.41073    0.772734  0.00104868
     1.43638    0.735615 0.000988945
     1.46203    0.710286 0.000998808
     1.48768     0.68989  0.00109952
     1.51333     0.67794 0.000957999
     1.53898    0.673378   0.0013128
     1.56463    0.671585  0.00122204
     1.59028     0.67634   0.0012299
     1.61593    0.686285  0.00111669
     1.64158    0.702276  0.00113991
     1.66723     0.72324  0.00109464
     1.69288    0.749146  0.00116405
     1.71853    0.780471   0.0011103
     1.74418    0.815587  0.00113383
     1.76983    0.853353  0.00107783
     1.79547    0.893971   0.0011381
     1.82112     0.93451  0.00112849
     1.84677    0.976665   0.0010936
     1.87242     1.01752   0.0011402
     1.89807     1.05739  0.00122616
     1.92372     1.09562  0.00113279
     1.94937      1.1297  0.00116933
     1.97502     1.16172   0.0010549
     2.00067      1.1867  0.00103974
     2.02632     1.20556  0.00103199
     2.05197     1.21469  0.00100401
     2.07762     1.21572  0.00106166
     2.10327     1.20957 0.000950665
     2.12892     1.19651  0.00109759
     2.15457     1.17574 0.000992497
     2.18022     1.15155 0.000983818
     2.20587     1.12484  0.00105365
     2.23152     1.09507 0.000879496
     2.25717     1.06632 0.000884436
     2.28282     1.03865 0.000910691
     2.30847     1.01225  0.00083856
     2.33412    0.986678 0.000903951
     2.35977    0.965056 0.000859113
     2.38542    0.946022 0.000766688
     2.41107    0.930497 0.000770419
     2.43672    0.917526 0.000813519
     2.46237    0.907719 0.000837533
     2.48802    0.894022 0.000819103
     2.51366    0.885702 0.000855211
     2.53931    0.885654 0.000853898
