           1     1.35716           0
           2     1.37868   0.0152137
           3     1.40006   0.0201885
           4     1.41227   0.0184691
           5     1.42494   0.0186234
           6     1.38415   0.0403452
           7     1.38709   0.0346885
           8     1.38324   0.0305652
           9     1.38497   0.0272182
          10     1.37982   0.0249796
          11     1.36857   0.0251161
          12     1.38996   0.0308187
          13     1.38562    0.028753
          14     1.39151    0.027296
          15     1.39461   0.0256524
          16     1.39323   0.0240861
          17     1.40188   0.0241718
          18     1.40607   0.0231898
          19     1.40472   0.0220086
          20     1.40569   0.0209294
          21     1.40939   0.0202576
          22      1.4047   0.0198736
          23     1.39954   0.0196667
          24     1.39871   0.0188648
          25     1.39994     0.01815
          26     1.40709   0.0188085
          27     1.40432   0.0183147
          28     1.40196   0.0178117
          29     1.40352   0.0172656
          30     1.40467   0.0167284
          31     1.40238    0.016345
          32     1.40239   0.0158343
          33     1.40419   0.0154567
          34     1.40794   0.0154507
          35     1.40664   0.0150641
          36     1.40453    0.014793
          37      1.4047   0.0143943
          38     1.40372   0.0140486
          39     1.40588   0.0138529
          40     1.40885   0.0138203
          41     1.40871   0.0134839
          42     1.40625   0.0133861
          43     1.40397   0.0132674
          44     1.40414   0.0129671
          45     1.40406   0.0126792
          46      1.4009   0.0127915
          47     1.39835   0.0127718
          48      1.3988   0.0125138
          49     1.39566   0.0126458
          50     1.39414   0.0124843
          51     1.39276   0.0123156
          52     1.39504   0.0122876
          53      1.3959   0.0120858
          54     1.39689   0.0119026
          55      1.3949   0.0118515
          56     1.39405   0.0116703
          57      1.3928   0.0115325
          58     1.39113   0.0114536
          59     1.39175   0.0112763
          60     1.39116    0.011104
          61     1.39384   0.0112406
          62     1.39469   0.0110921
          63     1.39367   0.0109632
          64     1.39209   0.0109051
          65     1.39372   0.0108588
          66     1.39244   0.0107703
          67     1.39102   0.0107022
          68     1.39153   0.0105567
          69     1.39078     0.01043
          70     1.38823   0.0105879
          71     1.38747   0.0104659
          72     1.38622   0.0103957
          73     1.38606   0.0102545
          74     1.38583   0.0101185
          75     1.38608  0.00998673
          76     1.38567  0.00986346
          77     1.38513  0.00975044
          78     1.38528  0.00962655
          79      1.3847  0.00952163
          80     1.38553   0.0094383
          81     1.38382  0.00947614
          82     1.38459  0.00939253
          83     1.38526  0.00930322
          84     1.38656  0.00928194
          85      1.3872  0.00919511
          86     1.38673  0.00910048
          87     1.38584  0.00903892
          88     1.38595  0.00893683
          89      1.3846  0.00893813
          90     1.38663   0.0090681
          91     1.38409  0.00931748
          92     1.38385  0.00921934
          93     1.38485  0.00917437
          94     1.38405  0.00911208
          95      1.3831   0.0090649
          96     1.38414  0.00902925
          97      1.3843  0.00893769
          98      1.3855  0.00892602
          99     1.38493  0.00885395
         100     1.38432   0.0087865
