0 0 0
0.0256496 0 0
0.0512993 0 0
0.0769489 0 0
0.102599 0 0
0.128248 0 0
0.153898 0 0
0.179547 0 0
0.205197 0 0
0.230847 0 0
0.256496 0 0
0.282146 0 0
0.307796 0 0
0.333445 0 0
0.359095 0 0
0.384745 0 0
0.410394 0 0
0.436044 0 0
0.461694 0 0
0.487343 0 0
0.512993 0 0
0.538642 0 0
0.564292 0 0
0.589942 0 0
0.615591 0 0
0.641241 0 0
0.666891 0 0
0.69254 0 0
0.71819 0 0
0.74384 0 0
0.769489 0 0
0.795139 0 0
0.820788 0 0
0.846438 0 0
0.872088 3.63189e-06 3.66821e-06
0.897737 0.000255548 4.1819e-05
0.923387 0.00855979 0.000256323
0.949037 0.0965702 0.000959938
0.974686 0.457452 0.00211992
1.00034 1.17457 0.00321231
1.02599 2.03285 0.00468197
1.05164 2.68205 0.00619274
1.07728 2.95908 0.00570412
1.10293 2.9191 0.00526285
1.12858 2.6982 0.00423439
1.15423 2.38815 0.00489588
1.17988 2.07146 0.00502789
1.20553 1.78551 0.00557335
1.23118 1.53616 0.00477122
1.25683 1.32219 0.00449414
1.28248 1.15755 0.00360774
1.30813 1.01768 0.00373247
1.33378 0.907643 0.0032905
1.35943 0.826591 0.00275675
1.38508 0.754454 0.00268051
1.41073 0.702266 0.00248069
1.43638 0.662047 0.00259924
1.46203 0.630988 0.00240694
1.48768 0.605104 0.00225913
1.51333 0.58875 0.00233378
1.53898 0.581619 0.00239557
1.56463 0.580326 0.00226726
1.59028 0.587752 0.00223516
1.61593 0.600873 0.00226914
1.64158 0.61514 0.00204815
1.66723 0.63732 0.00217941
1.69288 0.666497 0.00226191
1.71853 0.705657 0.00223263
1.74418 0.750211 0.00224209
1.76983 0.796532 0.0024039
1.79547 0.849476 0.00251634
1.82112 0.90501 0.00266839
1.84677 0.961736 0.00239197
1.87242 1.01644 0.00251931
1.89807 1.06287 0.00246529
1.92372 1.10706 0.00231978
1.94937 1.14524 0.00215825
1.97502 1.17852 0.00220042
2.00067 1.20731 0.00224934
2.02632 1.23262 0.00218
2.05197 1.25322 0.00232838
2.07762 1.26572 0.00257179
2.10327 1.26423 0.00245756
2.12892 1.25647 0.00217026
2.15457 1.24488 0.00203718
2.18022 1.21846 0.00209187
2.20587 1.18402 0.00238194
2.23152 1.14509 0.00217639
2.25717 1.10375 0.00218945
2.28282 1.06252 0.002006
2.30847 1.02181 0.00196021
2.33412 0.982879 0.00181946
2.35977 0.950311 0.00175822
2.38542 0.922541 0.00174375
2.41107 0.893728 0.00161472
2.43672 0.869613 0.00151281
2.46237 0.851921 0.00169917
2.48802 0.838904 0.00158219
2.51366 0.830043 0.00173142
2.53931 0.826285 0.00161192
