           1    -5.47995           0
           2    -5.47192  0.00568128
           3    -5.46883  0.00455225
           4    -5.46357  0.00568802
           5    -5.45891  0.00617279
           6    -5.45599  0.00579198
           7    -5.45982  0.00609595
           8    -5.45953  0.00534076
           9    -5.45826  0.00489549
          10    -5.45944  0.00454677
          11    -5.45966  0.00413878
          12     -5.4594  0.00380201
          13    -5.45893  0.00353867
          14    -5.45831  0.00334077
          15    -5.46165  0.00448902
          16    -5.46213  0.00423366
          17    -5.46278  0.00403549
          18    -5.46305  0.00382025
          19    -5.46403  0.00374277
          20     -5.4656  0.00386961
          21    -5.46404  0.00398749
          22     -5.4641  0.00380668
          23    -5.46416  0.00364167
          24    -5.46418  0.00348999
          25    -5.46427  0.00335157
          26    -5.46337   0.0033416
          27    -5.46242  0.00335066
          28    -5.46282  0.00325455
          29    -5.46249  0.00315899
          30    -5.46186  0.00311599
          31    -5.46284  0.00316527
          32    -5.46353  0.00314212
          33    -5.46368  0.00305012
          34    -5.46365  0.00296055
          35    -5.46276  0.00300492
          36    -5.46304  0.00293397
          37    -5.46333  0.00286956
          38    -5.46308  0.00280557
          39    -5.46318   0.0027356
          40    -5.46361  0.00270095
          41    -5.46372  0.00263715
          42    -5.46346  0.00258712
          43    -5.46317  0.00254351
          44    -5.46324  0.00248688
          45    -5.46349  0.00244386
          46    -5.46342  0.00239173
          47    -5.46362   0.0023493
          48    -5.46313   0.0023502
          49    -5.46268  0.00234644
          50    -5.46286  0.00230698
          51    -5.46321  0.00228805
          52    -5.46344   0.0022556
          53    -5.46341  0.00221326
          54    -5.46331  0.00217465
          55    -5.46364  0.00215975
          56      -5.464  0.00215211
          57    -5.46399  0.00211444
          58    -5.46451  0.00214282
          59    -5.46467  0.00211259
          60    -5.46486  0.00208589
          61    -5.46449  0.00208546
          62    -5.46424  0.00206709
          63    -5.46412  0.00203728
          64    -5.46443   0.0020285
          65    -5.46451  0.00199898
          66    -5.46469  0.00197636
          67    -5.46485  0.00195369
          68     -5.4647  0.00193069
          69    -5.46488   0.0019104
          70    -5.46437  0.00194954
          71    -5.46425  0.00192554
          72    -5.46453   0.0019189
          73    -5.46479  0.00191023
          74     -5.4645  0.00190658
          75    -5.46482  0.00190867
          76    -5.46507  0.00189906
          77    -5.46488  0.00188362
          78    -5.46515  0.00187837
          79    -5.46547  0.00188166
          80    -5.46569  0.00187112
          81    -5.46595  0.00186597
          82    -5.46594  0.00184322
          83    -5.46596  0.00182105
          84    -5.46598   0.0017995
          85    -5.46599  0.00177837
          86    -5.46611  0.00176164
          87    -5.46607  0.00174177
          88    -5.46625  0.00173092
          89    -5.46622  0.00171172
          90    -5.46649  0.00171447
          91    -5.46637  0.00170025
          92    -5.46618   0.0016924
          93    -5.46602  0.00168145
          94    -5.46587  0.00167074
          95    -5.46595  0.00165516
          96     -5.4661   0.0016452
          97    -5.46619   0.0016306
          98    -5.46645  0.00163377
          99    -5.46612  0.00164996
         100    -5.46652  0.00168086
