0 0 0
1 0 0
2 0 0
3 0 0
4 0 0
5 0 0
6 0 0
7 0 0
8 0 0
9 0 0
10 0 0
11 0 0
12 0 0
13 0 0
14 0 0
15 0 0
16 0 0
17 0 0
18 0 0
19 0 0
20 0 0
21 0 0
22 0 0
23 0 0
24 0 0
25 0 0
26 0 0
27 0 0
28 0 0
29 0 0
30 0 0
31 0 0
32 0 0
33 0 0
34 0 0
35 0 0
36 0 0
37 0 0
38 0 0
39 0 0
40 0 0
41 0 0
42 0 0
43 0.0562574 0.00466868
44 0.937509 0.0210636
45 4.6858 0.0379463
46 9.40932 0.0446068
47 9.27335 0.0689992
48 5.06406 0.0277891
49 1.6967 0.0250991
50 0.349791 0.0117276
51 0.0460052 0.00340655
52 0.00596009 0.00158061
53 0.000264313 0.000231596
54 0 0
55 0 0
56 0 0
57 0 0
58 0 0
59 0 0
60 0.000147635 0.000107024
61 0.00460052 0.000939802
62 0.0415014 0.00262862
63 0.227853 0.00739428
64 0.750076 0.010604
65 1.56516 0.013434
66 2.14846 0.0257903
67 1.78758 0.0132256
68 0.953317 0.0106739
69 0.328533 0.0080293
70 0.0658433 0.0030951
71 0.00923854 0.00114147
72 0.000328987 0.000160917
73 0.000120036 0.000102831
74 0 0
75 0 0
76 0.00790416 0.00118979
77 0.0799481 0.00447604
78 0.531807 0.0128003
79 1.95467 0.0214697
80 4.38348 0.0225125
81 5.83218 0.0599572
82 4.76942 0.0246156
83 2.4471 0.0193979
84 0.809843 0.0155384
85 0.17178 0.00608274
86 0.0256824 0.00175749
87 0.00152456 0.000344308
88 0.000331178 0.000152313
89 0.00681368 0.000748253
90 0.0689883 0.00288059
91 0.355593 0.00662275
92 1.05344 0.00908802
93 1.91856 0.0115269
94 2.13181 0.0236235
95 1.44643 0.0091597
96 0.659128 0.00817955
97 0.197664 0.00493445
98 0.036816 0.00213317
99 0.00576402 0.000729538
