           1     7.53601           0
           2     7.61544   0.0561681
           3     7.61078   0.0376386
           4     7.60157   0.0293325
           5     7.59142   0.0251613
           6     7.58728   0.0213062
           7     7.59374   0.0192171
           8     7.59207   0.0168878
           9     7.58929   0.0152378
          10     7.58115   0.0157391
          11     7.57798   0.0146245
          12     7.57582   0.0135642
          13     7.56779   0.0147039
          14     7.56587   0.0137788
          15     7.57276   0.0144803
          16     7.57279   0.0135753
          17     7.57584   0.0131144
          18     7.57252   0.0128002
          19      7.5789   0.0136254
          20     7.57354   0.0139581
          21     7.57487   0.0133563
          22     7.57018   0.0135466
          23     7.56894   0.0130142
          24     7.56906   0.0124726
          25     7.57118   0.0121521
          26     7.57375   0.0119536
          27     7.57321    0.011523
          28       7.576   0.0114429
          29     7.57376   0.0112648
          30     7.57652   0.0112211
          31     7.57715    0.010877
          32     7.57704   0.0105377
          33     7.58169   0.0111962
          34     7.58007   0.0109834
          35     7.58038   0.0106738
          36     7.57789   0.0106641
          37     7.57819   0.0103801
          38     7.58193   0.0107611
          39     7.58088   0.0105364
          40     7.58319   0.0105229
          41     7.58169   0.0103724
          42     7.58474   0.0105655
          43     7.58652   0.0104676
          44     7.58865   0.0104442
          45      7.5895    0.010247
          46     7.59019   0.0100476
          47     7.58955  0.00985427
          48     7.58913  0.00965794
          49     7.58722  0.00964774
          50     7.58654  0.00947913
          51     7.58647   0.0092935
          52      7.5866  0.00911578
          53     7.58781  0.00902254
          54      7.5875  0.00886077
          55     7.58718   0.0087052
          56     7.58754  0.00855701
          57     7.58751  0.00840694
          58     7.58714  0.00827001
          59     7.58781  0.00815673
          60     7.58793  0.00802167
          61     7.58736  0.00791007
          62     7.58849  0.00786194
          63     7.58767  0.00777927
          64     7.58803  0.00766582
          65      7.5894   0.0076698
          66     7.58972   0.0075603
          67     7.58832  0.00757621
          68     7.58941  0.00754248
          69     7.59133  0.00767501
          70     7.59115  0.00756755
          71     7.59276  0.00763111
          72     7.59258  0.00752725
          73     7.59291   0.0074314
          74     7.59274  0.00733304
          75     7.59233  0.00724678
          76     7.59485   0.0075777
          77     7.59453    0.007486
          78     7.59537  0.00743743
          79     7.59505  0.00735022
          80     7.59576  0.00729269
          81     7.59499  0.00724396
          82     7.59595   0.0072199
          83     7.59545  0.00715057
          84      7.5967  0.00717436
          85     7.59718  0.00710592
          86     7.59704  0.00702474
          87     7.59659  0.00695819
          88     7.59571   0.0069344
          89     7.59424  0.00701153
          90     7.59544  0.00703696
          91     7.59495   0.0069768
          92     7.59689  0.00716497
          93     7.59777  0.00714216
          94     7.59774  0.00706626
          95     7.59837  0.00702033
          96      7.5995   0.0070365
          97     7.59997  0.00697999
          98     7.59816  0.00713924
          99      7.5975  0.00709775
         100     7.59711  0.00703734
