           2           0           0
           3           0           0
           4           0           0
           5           0           0
           6           0           0
           7           0           0
           8           0           0
           9           0           0
          10           0           0
          11           0           0
          12           0           0
          13           0           0
          14           0           0
          15           0           0
          16           0           0
          17           0           0
          18           0           0
          19           0           0
          20           0           0
          21           0           0
          22           0           0
          23           0           0
          24           0           0
          25           0           0
          26           0           0
          27           0           0
          28           0           0
          29           0           0
          30           0           0
          31           0           0
          32           0           0
          33           0           0
          34           0           0
          35           0           0
          36           0           0
          37           0           0
          38           0           0
          39           0           0
          40 8.46866e-05 1.09413e-05
          41  0.00345179 7.99143e-05
          42    0.047409 0.000307204
          43     0.29421   0.0010936
          44     1.00755  0.00218946
          45     2.23814  0.00244251
          46     3.62684  0.00240116
          47     4.62292  0.00201125
          48     4.89392  0.00359302
          49     4.48849  0.00380748
          50     3.65804  0.00307239
          51      2.6937  0.00199244
          52     1.81577  0.00125514
          53     1.13243  0.00109573
          54    0.653851  0.00131086
          55    0.353701  0.00109867
          56    0.179877 0.000840848
          57   0.0890846 0.000595851
          58    0.048914 0.000433864
          59   0.0419345 0.000393124
          60   0.0606875 0.000477527
          61    0.105467 0.000533747
          62    0.183627 0.000605267
          63    0.300717 0.000657921
          64    0.453608 0.000579078
          65    0.628245  0.00059884
          66    0.796984 0.000834673
          67    0.922153   0.0011456
          68     0.97082  0.00132014
          69    0.930501  0.00122836
          70    0.808422 0.000966521
          71     0.64103 0.000630731
          72    0.464753 0.000588064
          73     0.31691 0.000606161
          74    0.219451 0.000811512
          75     0.19173 0.000941263
          76    0.254927  0.00108894
          77    0.434359   0.0013545
          78    0.750001  0.00145493
          79     1.19743   0.0011219
          80     1.72735 0.000834086
          81      2.2345  0.00136744
          82     2.59642  0.00204489
          83     2.71312  0.00260036
          84     2.55856  0.00250829
          85     2.18108  0.00180042
          86     1.69005 0.000995625
          87     1.20121 0.000867939
          88     0.80217  0.00130697
          89     0.54269  0.00151829
          90    0.434269   0.0013165
          91    0.460913  0.00112502
          92    0.587345 0.000880564
          93    0.758225 0.000471227
          94    0.916287  0.00062646
          95     1.01416 0.000964404
          96     1.02196  0.00100776
          97    0.919049 0.000826177
          98    0.780488 0.000589983
          99    0.654095 0.000667884
         100    0.571203  0.00105222
         101    0.572737  0.00134779
