  1    -7.55757           0
  2    -7.54284   0.0104111
  3    -7.54344   0.0069578
  4    -7.54529  0.00545928
  5    -7.54724  0.00470125
  6    -7.54795  0.00397136
  7    -7.54665  0.00361152
  8    -7.54688  0.00316777
  9    -7.54723   0.0028344
 10    -7.54874  0.00292812
 11    -7.54934  0.00272194
 12    -7.54966  0.00251459
 13    -7.55116  0.00273142
 14    -7.55149  0.00255572
 15    -7.55026  0.00266191
 16    -7.55029   0.0024957
 17    -7.54976  0.00240602
 18    -7.55039  0.00235355
 19    -7.54921  0.00250649
 20    -7.55021  0.00257073
 21    -7.54995  0.00246139
 22     -7.5508  0.00249386
 23    -7.55099  0.00239262
 24    -7.55098  0.00229294
 25    -7.55064  0.00222705
 26    -7.55015  0.00219401
 27    -7.55025  0.00211507
 28     -7.5498  0.00208821
 29     -7.5502  0.00205459
 30    -7.54969  0.00204785
 31    -7.54958   0.0019846
 32    -7.54963  0.00192313
 33    -7.54881  0.00203363
 34     -7.5491  0.00199419
 35    -7.54902  0.00193884
 36    -7.54947  0.00193835
 37    -7.54944  0.00188632
 38    -7.54876  0.00195378
 39    -7.54893  0.00191124
 40    -7.54851  0.00190914
 41    -7.54878  0.00188078
 42    -7.54823  0.00191288
 43    -7.54791  0.00189545
 44    -7.54752  0.00189189
 45    -7.54736  0.00185656
 46    -7.54725  0.00181971
 47    -7.54737  0.00178477
 48    -7.54742  0.00174851
 49    -7.54777  0.00174636
 50     -7.5479  0.00171636
 51    -7.54791  0.00168275
 52    -7.54788  0.00165063
 53    -7.54767   0.0016329
 54    -7.54774  0.00160387
 55     -7.5478  0.00157599
 56    -7.54775  0.00154874
 57    -7.54775  0.00152157
 58    -7.54781  0.00149654
 59     -7.5477  0.00147547
 60    -7.54769  0.00145091
 61    -7.54778  0.00143042
 62    -7.54759  0.00142022
 63    -7.54772  0.00140392
 64    -7.54765  0.00138375
 65    -7.54742  0.00138213
 66    -7.54736  0.00136239
 67    -7.54762  0.00136711
 68    -7.54742    0.001362
 69    -7.54707   0.0013873
 70     -7.5471  0.00136784
 71     -7.5468  0.00138105
 72    -7.54684  0.00136243
 73    -7.54679  0.00134476
 74    -7.54682  0.00132692
 75     -7.5469  0.00131184
 76    -7.54643    0.001376
 77    -7.54648  0.00135909
 78    -7.54632  0.00135098
 79    -7.54639  0.00133542
 80    -7.54626  0.00132438
 81     -7.5464  0.00131527
 82    -7.54622  0.00131258
 83     -7.5463  0.00129969
 84    -7.54607  0.00130467
 85    -7.54598  0.00129259
 86      -7.546  0.00127767
 87    -7.54607   0.0012653
 88    -7.54623  0.00126032
 89     -7.5465  0.00127453
 90    -7.54627  0.00128015
 91    -7.54637  0.00126974
 92    -7.54601  0.00130599
 93    -7.54585  0.00130173
 94    -7.54585  0.00128789
 95    -7.54574  0.00127926
 96    -7.54554  0.00128225
 97    -7.54544  0.00127233
 98    -7.54576  0.00129942
 99    -7.54589  0.00129235
100    -7.54596  0.00128125
