0 0 0
1 0 0
2 0 0
3 0 0
4 0 0
5 0 0
6 0 0
7 0 0
8 0 0
9 0 0
10 0 0
11 0 0
12 0 0
13 0.00237102 0.00239473
14 0.2338 0.0273666
15 0.889066 0.0610395
16 1.18503 0.0628577
17 1.2472 0.0629109
18 1.17256 0.0607791
19 1.01988 0.0503964
20 1.01462 0.0526398
21 0.97201 0.0491496
22 0.913797 0.0456364
23 0.939837 0.0452286
24 0.875854 0.0371292
25 0.848068 0.0376876
26 0.81744 0.0349292
27 0.820667 0.0346594
28 0.785646 0.0325101
29 0.849523 0.0345947
30 0.825056 0.031465
31 0.81337 0.0281602
32 0.867633 0.0331761
33 0.894228 0.0303851
34 0.950102 0.0296568
35 0.923402 0.0272403
36 0.919658 0.028387
37 0.938281 0.029226
38 0.967607 0.0304586
39 0.934406 0.0298056
40 0.953142 0.0281267
41 0.945226 0.0273714
42 0.950752 0.028608
43 0.969741 0.0298146
44 1.009 0.0385748
45 1.05326 0.0481035
46 1.17209 0.106637
47 1.26462 0.154899
48 1.13499 0.0511146
49 1.06966 0.0316559
50 1.00776 0.0240198
51 0.993207 0.0217478
52 0.987101 0.0206361
53 0.986682 0.0198145
54 0.987411 0.0220349
55 0.956185 0.021567
56 0.942342 0.0218018
57 0.948391 0.0216978
58 0.935256 0.0216072
59 0.946945 0.0228601
60 0.927712 0.0212157
61 0.962481 0.0219893
62 0.941834 0.0194435
63 0.935991 0.0166763
64 0.947096 0.0157128
65 0.937493 0.0139119
66 0.980409 0.0379461
67 0.956984 0.0147754
68 0.970408 0.0145275
69 0.972688 0.016422
70 0.934375 0.0166893
71 0.940091 0.0186688
72 0.95511 0.0186013
73 0.93668 0.0183969
74 0.948954 0.017399
75 0.991045 0.0168907
76 0.986691 0.0166228
77 0.966143 0.0151671
78 0.977253 0.0166152
79 1.01907 0.0205306
80 1.06642 0.035614
81 1.15942 0.116459
82 1.10522 0.0483652
83 1.01948 0.0237574
84 0.98927 0.0167929
85 0.969414 0.0159387
86 0.951246 0.0163059
87 0.974744 0.0169045
88 0.99381 0.0170104
89 0.982763 0.0176062
90 0.966891 0.0163249
91 0.969897 0.0136222
92 0.98634 0.0116068
93 1.01958 0.0134903
94 1.02118 0.0343803
95 0.972545 0.00960858
96 0.967302 0.0114332
97 0.977679 0.0143908
98 0.96723 0.0154188
99 0.956183 0.0157752
