           1   0.0488862           0
           2   0.0491279   0.0001709
           3   0.0492007 0.000128496
           4   0.0493212 0.000142051
           5    0.049103 0.000225848
           6   0.0490806  0.00018931
           7   0.0486999 0.000388005
           8   0.0486735 0.000340401
           9    0.048371 0.000415814
          10   0.0482187 0.000401156
          11   0.0482843 0.000370007
          12   0.0483264 0.000341556
          13   0.0483878 0.000320755
          14   0.0484939 0.000314909
          15   0.0485565 0.000300071
          16   0.0485681 0.000281542
          17   0.0485558 0.000265252
          18   0.0485641 0.000250646
          19   0.0486324 0.000246601
          20   0.0486597 0.000235779
          21   0.0487251 0.000233426
          22   0.0487167 0.000222964
          23   0.0487273 0.000213521
          24   0.0487531 0.000206176
          25   0.0487721 0.000198801
          26   0.0487748 0.000191173
          27   0.0488039 0.000186298
          28   0.0488387 0.000182868
          29   0.0488362 0.000176581
          30   0.0488252 0.000171034
          31   0.0488517  0.00016755
          32     0.04889 0.000166645
          33   0.0489062 0.000162383
          34    0.048944 0.000161938
          35   0.0489765 0.000160548
          36   0.0489898 0.000156636
          37   0.0490009 0.000152795
          38   0.0489944 0.000148914
          39    0.048983 0.000145526
          40   0.0490133 0.000145004
          41   0.0490339 0.000142923
          42    0.049008 0.000141851
          43   0.0489659 0.000144652
          44   0.0489456 0.000142794
          45   0.0489253 0.000141056
          46   0.0488867 0.000143157
          47   0.0488728  0.00014079
          48   0.0488637  0.00013815
          49   0.0488454 0.000136539
          50   0.0488491  0.00013386
          51   0.0488771  0.00013413
          52   0.0488936 0.000132568
          53   0.0489053 0.000130577
          54   0.0489245 0.000129562
          55   0.0489464 0.000129048
          56   0.0489603 0.000127494
          57   0.0489785 0.000126539
          58   0.0490086 0.000127894
          59   0.0490104 0.000125739
          60    0.049001 0.000123992
          61   0.0490005  0.00012196
          62   0.0490013 0.000119996
          63   0.0490128 0.000118647
          64   0.0490242 0.000117333
          65   0.0490202 0.000115595
          66   0.0490331  0.00011456
          67   0.0490315 0.000112861
          68   0.0490129 0.000112727
          69   0.0490053  0.00011135
          70   0.0490262 0.000111706
          71   0.0490293 0.000110177
          72   0.0490351 0.000108797
          73   0.0490239 0.000107879
          74   0.0490193 0.000106518
          75   0.0490134 0.000105261
          76   0.0490319 0.000105488
          77   0.0490271 0.000104228
          78   0.0490382 0.000103475
          79    0.049034  0.00010225
          80   0.0490378 0.000101043
          81   0.0490312 0.000100012
          82   0.0490319 9.87954e-05
          83   0.0490356 9.76748e-05
          84   0.0490415 9.66935e-05
          85   0.0490371 9.56565e-05
          86   0.0490466 9.50164e-05
          87   0.0490454  9.3932e-05
          88   0.0490352 9.34216e-05
          89     0.04904 9.24968e-05
          90   0.0490402 9.14692e-05
          91   0.0490457 9.06321e-05
          92   0.0490369 9.00781e-05
          93   0.0490474 8.97189e-05
          94   0.0490412 8.89761e-05
          95   0.0490466 8.81994e-05
          96   0.0490649 8.91722e-05
          97   0.0490608 8.83459e-05
          98   0.0490478 8.84037e-05
          99   0.0490462 8.75245e-05
         100   0.0490548 8.70726e-05
