           1   -0.438727           0
           2   -0.405846   0.0232505
           3   -0.404545   0.0155367
           4   -0.409877    0.012534
           5   -0.415645   0.0112767
           6   -0.409404   0.0109895
           7   -0.414942   0.0107246
           8   -0.414055   0.0094207
           9   -0.421158   0.0107228
          10   -0.425532   0.0105047
          11   -0.422626  0.00994374
          12   -0.421324  0.00919984
          13   -0.422571  0.00857618
          14   -0.423352  0.00799913
          15   -0.420917  0.00782766
          16   -0.420099  0.00738106
          17   -0.418104  0.00721166
          18   -0.418079  0.00681105
          19   -0.416068  0.00674278
          20   -0.414623  0.00655863
          21   -0.413325   0.0063735
          22   -0.411827  0.00625744
          23   -0.411324   0.0060055
          24   -0.409532  0.00601669
          25   -0.409759  0.00578029
          26   -0.409456  0.00556588
          27   -0.408976  0.00538048
          28   -0.410678  0.00545095
          29   -0.411198  0.00528774
          30   -0.410063  0.00523187
          31    -0.40978  0.00507072
          32   -0.408702  0.00502569
          33   -0.407968  0.00492669
          34   -0.406882  0.00489998
          35   -0.406492  0.00477543
          36   -0.406149  0.00465508
          37   -0.408042  0.00489876
          38   -0.408527  0.00479387
          39   -0.407721  0.00473825
          40   -0.407916  0.00462379
          41   -0.407939  0.00451107
          42    -0.40798  0.00440385
          43   -0.409078   0.0044361
          44   -0.409494  0.00435472
          45   -0.410141  0.00430576
          46   -0.411421  0.00439831
          47   -0.412479  0.00443031
          48   -0.413374   0.0044275
          49   -0.413819  0.00435942
          50   -0.414534  0.00433053
          51   -0.413767  0.00431308
          52   -0.412839  0.00432879
          53   -0.412244   0.0042879
          54   -0.412581  0.00422173
          55   -0.412217  0.00416063
          56    -0.41197  0.00409362
          57   -0.411449  0.00405488
          58   -0.411647   0.0039898
          59   -0.411189  0.00394838
          60   -0.411245  0.00388298
          61   -0.410591  0.00387398
          62   -0.409488  0.00396545
          63   -0.408828  0.00395707
          64   -0.408158  0.00395153
          65    -0.40824  0.00389158
          66   -0.408477  0.00383987
          67   -0.408958  0.00381251
          68   -0.409082  0.00375847
          69    -0.40844  0.00375847
          70   -0.408356  0.00370573
          71   -0.408759   0.0036754
          72   -0.409649   0.0037306
          73   -0.410041  0.00370003
          74   -0.410201   0.0036535
          75   -0.410361  0.00360829
          76   -0.410002  0.00357863
          77   -0.410012  0.00353217
          78    -0.40958  0.00351315
          79   -0.408849  0.00354402
          80   -0.408914  0.00350033
          81   -0.408835    0.003458
          82    -0.40951    0.003481
          83   -0.409989   0.0034719
          84   -0.410235  0.00343927
          85   -0.410574   0.0034155
          86    -0.41096  0.00339752
          87    -0.41096  0.00335846
          88   -0.411045  0.00332136
          89   -0.411014  0.00328419
          90   -0.411096  0.00324872
          91   -0.411305  0.00321973
          92   -0.411292  0.00318476
          93   -0.410909  0.00317353
          94   -0.410656   0.0031498
          95   -0.410388  0.00312807
          96   -0.410207  0.00310071
          97   -0.410083   0.0030712
          98   -0.410162  0.00304087
          99    -0.41013  0.00301031
         100   -0.410462  0.00299846
