           0           0           0
    0.064633           0           0
    0.129266           0           0
    0.193899           0           0
    0.258532           0           0
    0.323165           0           0
    0.387798           0           0
    0.452431           0           0
    0.517064           0           0
    0.581697           0           0
     0.64633           0           0
    0.710963           0           0
    0.775596           0           0
     0.84023 0.000987826 0.000111482
    0.904863    0.148741  0.00180407
    0.969496     1.05441   0.0106128
     1.03413     2.02367   0.0194238
     1.09876      2.2647   0.0203825
     1.16339     2.07225   0.0184134
     1.22803      1.8263   0.0155078
     1.29266     1.60902   0.0135185
     1.35729     1.44433   0.0113106
     1.42193     1.32566   0.0103869
     1.48656     1.24229  0.00903235
     1.55119     1.18122  0.00837984
     1.61583     1.13714  0.00786163
     1.68046     1.10404  0.00742748
     1.74509     1.08182  0.00668188
     1.80973     1.06732  0.00672591
     1.87436     1.05631  0.00656432
     1.93899     1.05254   0.0067804
     2.00362     1.04732  0.00638421
     2.06826     1.04801  0.00640019
     2.13289     1.04519  0.00624822
     2.19752     1.04411  0.00635586
     2.26216      1.0382  0.00620126
     2.32679     1.03049  0.00609256
     2.39142      1.0247  0.00580797
     2.45606     1.01941  0.00551728
     2.52069     1.01353  0.00534451
     2.58532     1.01067   0.0055198
     2.64995     1.00927  0.00535907
     2.71459     1.00626  0.00517569
     2.77922     1.00313   0.0048459
     2.84385     1.00078  0.00471356
     2.90849    0.998319  0.00457837
     2.97312    0.997677  0.00425262
     3.03775    0.997378  0.00433668
     3.10239    0.998585  0.00430923
     3.16702    0.995052  0.00416803
     3.23165    0.994702  0.00386466
     3.29629    0.993642  0.00386522
     3.36092    0.991719  0.00367631
     3.42555    0.992591  0.00364609
     3.49018    0.992239  0.00361238
     3.55482    0.991905  0.00355822
     3.61945    0.991394  0.00344894
     3.68408    0.991104  0.00340443
     3.74872    0.990589   0.0032638
     3.81335    0.988959  0.00330584
     3.87798    0.989441  0.00335838
     3.94262    0.989301  0.00336484
     4.00725    0.988137  0.00319772
     4.07188     0.98766  0.00315851
     4.13651    0.986186   0.0029762
     4.20115     0.98803  0.00287781
     4.26578    0.987605  0.00279811
     4.33041    0.988658  0.00278024
     4.39505     0.98732  0.00271976
     4.45968    0.987777  0.00271853
     4.52431    0.987862  0.00257637
     4.58895    0.987809  0.00266257
     4.65358    0.987195  0.00259717
     4.71821    0.987962  0.00239741
     4.78285     0.98779  0.00229648
     4.84748    0.987374  0.00239178
     4.91211    0.988172  0.00230463
     4.97674    0.986691  0.00235677
     5.04138    0.985863  0.00217449
     5.10601    0.985545  0.00219833
     5.17064     0.98581  0.00223099
     5.23528    0.986022  0.00201195
     5.29991    0.985422  0.00193593
     5.36454    0.985232  0.00185102
     5.42918     0.98573   0.0019377
     5.49381    0.984574   0.0018943
     5.55844    0.984272  0.00200547
     5.62307    0.984491  0.00208335
     5.68771    0.983867  0.00202721
     5.75234    0.984108   0.0020237
     5.81697    0.983863  0.00193843
     5.88161    0.984426  0.00183809
     5.94624    0.984635  0.00180423
     6.01087    0.983019  0.00176336
     6.07551    0.982777  0.00171304
     6.14014    0.983683  0.00170165
     6.20477    0.984208  0.00162872
      6.2694     0.98408  0.00171846
     6.33404    0.984312  0.00177695
     6.39867     0.98555  0.00178792
