1000 -5.48286 0
1100 -5.46657 0.0162876
1200 -5.46067 0.0111028
1300 -5.45319 0.0108413
1400 -5.45149 0.0085676
1500 -5.45518 0.0079068
1600 -5.46046 0.00852145
1700 -5.45972 0.00741734
1800 -5.45917 0.00656446
1900 -5.45892 0.00587691
2000 -5.459 0.00531656
2100 -5.45938 0.00486833
2200 -5.46066 0.00465761
2300 -5.4643 0.00564126
2400 -5.46619 0.00558194
2500 -5.46538 0.00528488
2600 -5.46423 0.005094
2700 -5.46536 0.00493316
2800 -5.4655 0.00466822
2900 -5.46636 0.00451312
3000 -5.46695 0.0043333
3100 -5.4654 0.00441434
3200 -5.46429 0.00436176
3300 -5.46473 0.0041993
3400 -5.46298 0.00439108
3500 -5.4638 0.00429811
3600 -5.46431 0.00416608
3700 -5.46514 0.00410048
3800 -5.46481 0.00397016
3900 -5.46491 0.00383671
4000 -5.46547 0.00375345
4100 -5.46518 0.00364613
4200 -5.46512 0.00353435
4300 -5.46604 0.0035486
4400 -5.46634 0.0034591
4500 -5.46697 0.00341974
4600 -5.46701 0.00332629
4700 -5.4675 0.00327419
4800 -5.4682 0.00326598
4900 -5.46744 0.0032729
5000 -5.46728 0.00319632
5100 -5.46738 0.00312097
5200 -5.46779 0.00307519
5300 -5.46743 0.0030262
5400 -5.46714 0.00297206
5500 -5.46678 0.00292963
5600 -5.46655 0.00287566
5700 -5.46681 0.0028269
5800 -5.46703 0.00277807
5900 -5.46697 0.00272261
6000 -5.46736 0.00269618
6100 -5.46754 0.00264998
6200 -5.46741 0.0026028
6300 -5.46713 0.00256922
6400 -5.46743 0.0025395
6500 -5.46745 0.00249383
6600 -5.46772 0.00246473
6700 -5.46772 0.00242186
6800 -5.46794 0.00239063
6900 -5.46814 0.00235884
7000 -5.46791 0.00233154
7100 -5.46821 0.00231292
7200 -5.46813 0.00227732
7300 -5.468 0.00224534
7400 -5.46829 0.00222944
7500 -5.46838 0.00219744
7600 -5.46886 0.00221745
7700 -5.46935 0.00223791
7800 -5.46954 0.00221315
7900 -5.46963 0.00218333
8000 -5.46973 0.00215477
8100 -5.4698 0.00212578
8200 -5.46982 0.00209654
8300 -5.46967 0.00207315
8400 -5.46944 0.00205892
8500 -5.46941 0.0020319
8600 -5.46905 0.00203575
8700 -5.46917 0.00201269
8800 -5.46924 0.00198819
8900 -5.4696 0.00199686
9000 -5.46942 0.00198028
9100 -5.46909 0.00198396
9200 -5.46948 0.0019992
9300 -5.46993 0.00202631
9400 -5.47046 0.00207047
9500 -5.47065 0.00205527
9600 -5.47078 0.00203524
9700 -5.47081 0.0020123
9800 -5.47079 0.00198965
9900 -5.47109 0.00198979
10000 -5.47113 0.0019681
10100 -5.47105 0.00194804
10200 -5.47093 0.0019308
10300 -5.47101 0.00191192
10400 -5.4709 0.00189509
10500 -5.471 0.00187815
10600 -5.47098 0.0018588
10700 -5.4711 0.00184357
10800 -5.47128 0.00183384
10900 -5.47121 0.00181687
