1000 0.95765 0
1100 0.941931 0.015719
1200 0.936483 0.010585
1300 0.929518 0.0102238
1400 0.928166 0.00803391
1500 0.93156 0.00738552
1600 0.936491 0.00795456
1700 0.935507 0.00695878
1800 0.934964 0.00616106
1900 0.934607 0.00552213
2000 0.93475 0.00499701
2100 0.935006 0.00456878
2200 0.936312 0.00440105
2300 0.939693 0.00529409
2400 0.941374 0.00520738
2500 0.94067 0.00492158
2600 0.939469 0.0047765
2700 0.940451 0.00460911
2800 0.940511 0.00436019
2900 0.94136 0.00422275
3000 0.941936 0.00405767
3100 0.94036 0.00417749
3200 0.939353 0.00411682
3300 0.939867 0.00397496
3400 0.938182 0.00416827
3500 0.938915 0.00407117
3600 0.9394 0.00394743
3700 0.940196 0.00388627
3800 0.939905 0.00376118
3900 0.940031 0.00363585
4000 0.94051 0.00354899
4100 0.940196 0.00345063
4200 0.94011 0.00334552
4300 0.940993 0.00336348
4400 0.941241 0.00327541
4500 0.941846 0.0032401
4600 0.941822 0.00315141
4700 0.942225 0.00309372
4800 0.942865 0.0030805
4900 0.942047 0.00311185
5000 0.941812 0.00304411
5100 0.941846 0.00297094
5200 0.942206 0.00292334
5300 0.941867 0.0028762
5400 0.941637 0.002821
5500 0.941279 0.00278205
5600 0.94105 0.00273186
5700 0.94134 0.00269001
5800 0.941573 0.00264488
5900 0.941484 0.00259297
6000 0.941845 0.0025671
6100 0.942007 0.00252241
6200 0.941825 0.00248102
6300 0.941569 0.00244807
6400 0.941862 0.00242099
6500 0.941837 0.0023775
6600 0.942102 0.00235041
6700 0.942113 0.00230955
6800 0.942361 0.00228355
6900 0.942609 0.0022588
7000 0.942379 0.00223328
7100 0.942638 0.00221218
7200 0.942556 0.00217833
7300 0.942418 0.00214849
7400 0.942669 0.00213009
7500 0.94274 0.00209875
7600 0.943182 0.00211388
7700 0.943666 0.00213801
7800 0.943865 0.00211617
7900 0.943943 0.00208718
8000 0.944072 0.00206161
8100 0.944193 0.00203638
8200 0.944219 0.00200846
8300 0.94405 0.00198832
8400 0.943786 0.00197932
8500 0.943707 0.00195471
8600 0.943349 0.001962
8700 0.943423 0.00193809
8800 0.943496 0.00191478
8900 0.943839 0.00192153
9000 0.943646 0.00190738
9100 0.943326 0.00191106
9200 0.943721 0.00192874
9300 0.944176 0.00195937
9400 0.944678 0.00200023
9500 0.944848 0.00198409
9600 0.944948 0.00196371
9700 0.944988 0.00194168
9800 0.944978 0.00191976
9900 0.945229 0.00191477
10000 0.945248 0.00189371
10100 0.945159 0.0018751
10200 0.945035 0.00185901
10300 0.945129 0.00184156
10400 0.945026 0.00182502
10500 0.945117 0.00180821
10600 0.945103 0.00178952
10700 0.945196 0.00177362
10800 0.945368 0.00176398
10900 0.945303 0.00174746
