1000 -4.52521 0
1100 -4.52464 0.000568613
1200 -4.52418 0.000560949
1300 -4.52367 0.00064759
1400 -4.52332 0.000609473
1500 -4.52362 0.000576823
1600 -4.52397 0.000604131
1700 -4.52421 0.000575077
1800 -4.52421 0.000507202
1900 -4.52431 0.000465154
2000 -4.52425 0.000424611
2100 -4.52438 0.000407641
2200 -4.52435 0.000375892
2300 -4.52461 0.000432695
2400 -4.52482 0.00045437
2500 -4.52471 0.000439819
2600 -4.52476 0.000417307
2700 -4.52491 0.00041942
2800 -4.52498 0.000403612
2900 -4.525 0.000383401
3000 -4.52502 0.000365005
3100 -4.52504 0.000348687
3200 -4.52494 0.000348823
3300 -4.52486 0.000341898
3400 -4.5248 0.00033414
3500 -4.52489 0.000333248
3600 -4.52491 0.000321045
3700 -4.52494 0.000311806
3800 -4.52491 0.000303114
3900 -4.52488 0.000294567
4000 -4.52496 0.000297434
4100 -4.52498 0.000288698
4200 -4.52501 0.000281398
4300 -4.52504 0.000274822
4400 -4.5251 0.000272557
4500 -4.52512 0.00026585
4600 -4.52519 0.000266788
4700 -4.52527 0.000273296
4800 -4.52534 0.000273935
4900 -4.52539 0.00027302
5000 -4.52546 0.00027546
5100 -4.52553 0.000277361
5200 -4.52558 0.000275591
5300 -4.52556 0.000270215
5400 -4.5255 0.000270029
5500 -4.5255 0.00026422
5600 -4.5255 0.000258542
5700 -4.52547 0.000255114
5800 -4.52546 0.000249895
5900 -4.52549 0.000246532
6000 -4.52551 0.000242761
6100 -4.52553 0.000238833
6200 -4.52558 0.000239713
6300 -4.52556 0.000236247
6400 -4.52556 0.000231939
6500 -4.52561 0.000232462
6600 -4.52562 0.000228448
6700 -4.52561 0.000224574
6800 -4.52558 0.000222436
6900 -4.52553 0.000224134
7000 -4.52553 0.000220462
7100 -4.52557 0.000220382
7200 -4.52557 0.000216868
7300 -4.52558 0.000213546
7400 -4.52562 0.000213676
7500 -4.52564 0.000211771
7600 -4.52568 0.000212448
7700 -4.52568 0.000209309
7800 -4.52567 0.000206595
7900 -4.52569 0.000204223
8000 -4.52566 0.000203108
8100 -4.52561 0.000206741
8200 -4.5256 0.000204043
8300 -4.52562 0.000202588
8400 -4.52565 0.000201782
8500 -4.5257 0.000204633
8600 -4.52571 0.000202076
8700 -4.52575 0.000203378
8800 -4.52574 0.000200857
8900 -4.52576 0.000199582
9000 -4.52577 0.000197462
9100 -4.52576 0.000195368
9200 -4.52576 0.000193
9300 -4.52576 0.000190726
9400 -4.52578 0.000190082
9500 -4.52581 0.00018924
9600 -4.52583 0.000188454
9700 -4.52582 0.000186349
9800 -4.52582 0.000184438
9900 -4.52586 0.000188352
10000 -4.52588 0.000186878
10100 -4.52589 0.000185322
10200 -4.5259 0.000183346
10300 -4.52588 0.000181814
10400 -4.52587 0.000180163
10500 -4.52589 0.000178768
10600 -4.52588 0.000177063
10700 -4.5259 0.0001771
10800 -4.52591 0.000175576
10900 -4.52591 0.000173984
