100 -0.749454 0
110 -0.816894 0.0674406
120 -0.829798 0.0410192
130 -0.722753 0.110905
140 -0.702564 0.0882468
150 -0.759852 0.0920516
160 -0.750866 0.0783149
170 -0.728071 0.071551
180 -0.723839 0.0632438
190 -0.727588 0.056691
200 -0.675228 0.0732878
210 -0.637846 0.076638
220 -0.623184 0.0720052
230 -0.636712 0.0680226
240 -0.690835 0.0833032
250 -0.721942 0.0839027
260 -0.726082 0.0789215
270 -0.702229 0.0781375
280 -0.677977 0.0777878
290 -0.670255 0.0741989
300 -0.649963 0.0734366
310 -0.647251 0.0700715
320 -0.655635 0.0674786
330 -0.668084 0.0657943
340 -0.663307 0.0632882
350 -0.655373 0.0613208
360 -0.645611 0.0598079
370 -0.637914 0.0581441
380 -0.635152 0.0561712
390 -0.624219 0.055357
400 -0.607105 0.0562101
410 -0.591622 0.0565847
420 -0.576331 0.056935
430 -0.560616 0.0574272
440 -0.558695 0.0557954
450 -0.557151 0.0542454
460 -0.553057 0.0529175
470 -0.551194 0.0515398
480 -0.549003 0.0502486
490 -0.540952 0.0496337
500 -0.53193 0.0492415
510 -0.539965 0.0487219
520 -0.546162 0.0479773
530 -0.543163 0.0469701
540 -0.537591 0.0462514
550 -0.533995 0.0453774
560 -0.526915 0.0449624
570 -0.521803 0.0443116
580 -0.513254 0.0442318
590 -0.506319 0.0438895
600 -0.505274 0.043033
610 -0.511386 0.0426377
620 -0.51099 0.0418273
630 -0.51153 0.041049
640 -0.510242 0.0403163
650 -0.509372 0.0395994
660 -0.511703 0.0389682
670 -0.520359 0.0392566
680 -0.523186 0.0386889
690 -0.525451 0.038106
700 -0.525876 0.0374785
710 -0.524604 0.036891
720 -0.526813 0.0363679
730 -0.532524 0.0362477
740 -0.53626 0.0358808
750 -0.537836 0.0353681
760 -0.535349 0.0349249
770 -0.538199 0.0345254
780 -0.545263 0.0347469
790 -0.547949 0.0343521
800 -0.548248 0.0338661
810 -0.551855 0.0335867
820 -0.556568 0.0334571
830 -0.557172 0.0330074
840 -0.552429 0.0329079
850 -0.551449 0.0324868
860 -0.553981 0.0321619
870 -0.553804 0.0317474
880 -0.556318 0.0314436
890 -0.557282 0.0310631
900 -0.55452 0.0308013
910 -0.553157 0.0304538
920 -0.550002 0.0302497
930 -0.546633 0.0300767
940 -0.546421 0.0297215
950 -0.546833 0.0293768
960 -0.542799 0.029316
970 -0.542761 0.028981
980 -0.543774 0.0286714
990 -0.543965 0.0283517
1000 -0.54434 0.0280409
1010 -0.543658 0.0277428
1020 -0.542982 0.0274512
1030 -0.543959 0.0271751
1040 -0.543143 0.0268999
1050 -0.54201 0.0266423
1060 -0.541246 0.0263773
1070 -0.539513 0.0261642
1080 -0.540988 0.0259405
1090 -0.540482 0.0256848
