-3.49419 0
-3.49683 0.00264576
-3.49808 0.00197381
-3.49863 0.00149822
-3.49907 0.00124061
-3.49912 0.00101431
-3.49866 0.000973261
-3.49833 0.000904903
-3.49853 0.000821996
-3.49869 0.000753344
-3.49865 0.000682408
-3.49866 0.00062303
-3.49876 0.000580613
-3.4989 0.000556279
-3.49883 0.00052261
-3.4988 0.000489807
-3.49874 0.000463595
-3.49884 0.000448513
-3.4988 0.000426862
-3.49873 0.000409997
-3.49885 0.000406295
-3.49895 0.00040131
-3.49884 0.000400635
-3.49868 0.000412638
-3.49854 0.00042028
-3.49836 0.000443305
-3.49833 0.000427875
-3.49827 0.000416132
-3.49818 0.0004105
-3.49815 0.000398173
-3.49816 0.000385236
-3.49823 0.000379854
-3.49836 0.000390365
-3.49849 0.000399656
-3.49859 0.000402231
-3.49872 0.000411192
-3.49871 0.00040015
-3.49869 0.000389893
-3.49864 0.000382936
-3.49861 0.000374822
-3.49856 0.000367929
-3.49863 0.00036502
-3.49863 0.000356435
-3.49866 0.000349045
-3.49872 0.000348182
-3.49879 0.000347471
-3.49885 0.000344793
-3.49881 0.000339955
-3.49875 0.000339198
-3.49872 0.000333447
