-5.64336 0
-5.39052 0.252844
-5.30749 0.167938
-5.26155 0.127328
-5.21646 0.108445
-5.18876 0.0927752
-5.16674 0.081445
-5.14918 0.0726867
-5.13603 0.0654368
-5.13424 0.0585559
-5.12653 0.0535234
-5.12207 0.0490635
-5.11609 0.0455259
-5.11016 0.0425643
-5.10317 0.0402376
-5.10481 0.0376749
-5.106 0.0354092
-5.10567 0.0333857
-5.10961 0.0318247
-5.10617 0.0303872
-5.10329 0.0290472
-5.10518 0.0277601
-5.10227 0.0266844
-5.10357 0.025581
-5.10498 0.0245768
-5.10285 0.0237078
-5.10003 0.0229873
-5.09852 0.0222022
-5.09785 0.0214336
-5.09681 0.0207325
-5.09526 0.0201128
-5.09405 0.0195118
-5.0941 0.0189114
-5.09125 0.0185668
-5.09245 0.0180682
-5.09201 0.0175644
-5.09084 0.0171235
-5.09015 0.016681
-5.08921 0.0162747
-5.08833 0.0158874
-5.08637 0.0156175
-5.08553 0.0152642
-5.0844 0.0149478
-5.08285 0.0146871
-5.08195 0.0143848
-5.08255 0.0140812
-5.08192 0.0137926
-5.08214 0.013504
-5.08332 0.0132777
-5.08152 0.0131325
