2.14917 0
1.89368 0.25549
1.80941 0.169885
1.76292 0.128808
1.71739 0.10967
1.68964 0.0937458
1.66808 0.0821127
1.65085 0.0731697
1.63751 0.0658937
1.63555 0.0589697
1.62788 0.0538886
1.6234 0.0493964
1.61733 0.0458417
1.61126 0.0428739
1.60434 0.0405094
1.60601 0.0379302
1.60725 0.0356508
1.60683 0.0336146
1.61081 0.0320454
1.60743 0.0305882
1.60444 0.0292488
1.60623 0.027945
1.60344 0.0268477
1.60488 0.0257452
1.60643 0.0247426
1.60449 0.0238509
1.6017 0.0231198
1.60025 0.0223259
1.59966 0.0215504
1.59867 0.0208435
1.5971 0.0202205
1.59582 0.0196205
1.59574 0.0190168
1.59276 0.0186878
1.59385 0.0181788
1.59329 0.0176755
1.59213 0.0172303
1.59146 0.0167841
1.59057 0.0163723
1.58972 0.0159804
1.58781 0.0157024
1.58691 0.0153507
1.58577 0.0150322
1.58419 0.0147716
1.58323 0.0144717
1.58375 0.0141634
1.58307 0.0138756
1.58333 0.013586
1.58457 0.0133636
1.5828 0.0132122
2.14917 0
1.89368 0.25549
