201.962 0
182.667 19.2947
176.306 12.8279
172.821 9.71731
169.297 8.31091
167.139 7.12066
165.481 6.24233
164.194 5.55714
163.179 5.00502
163.034 4.47895
162.428 4.09645
162.086 3.75517
161.598 3.4885
161.082 3.27064
160.531 3.09425
160.697 2.89915
160.845 2.7273
160.854 2.57133
161.198 2.45652
160.966 2.34205
160.745 2.23864
160.886 2.13909
160.675 2.0548
160.808 1.97181
160.942 1.89608
160.802 1.82708
160.583 1.77171
160.461 1.71162
160.416 1.65215
160.339 1.59802
160.21 1.55098
160.111 1.50499
160.099 1.45872
159.849 1.43701
159.931 1.39774
159.887 1.35909
159.79 1.32538
159.72 1.29196
159.641 1.26083
159.575 1.23071
159.425 1.20958
159.353 1.18262
159.265 1.15815
159.135 1.13899
159.054 1.11635
159.097 1.09266
159.046 1.07035
159.077 1.04829
159.185 1.03231
159.056 1.01972
201.962 0
182.667 19.2947
