1.43278 0
1.26245 0.170327
1.20627 0.113256
1.17528 0.0858723
1.14493 0.0731133
1.12643 0.0624972
1.11205 0.0547418
1.10056 0.0487798
1.09167 0.0439292
1.09037 0.0393131
1.08525 0.0359257
1.08227 0.0329309
1.07822 0.0305611
1.07417 0.0285826
1.06956 0.0270062
1.07068 0.0252868
1.0715 0.0237672
1.07122 0.0224098
1.07388 0.0213636
1.07162 0.0203921
1.06963 0.0194992
1.07082 0.01863
1.06896 0.0178985
1.06992 0.0171635
1.07096 0.0164951
1.06966 0.0159006
1.0678 0.0154132
1.06683 0.0148839
1.06644 0.0143669
1.06578 0.0138956
1.06473 0.0134803
1.06388 0.0130804
1.06383 0.0126779
1.06184 0.0124586
1.06257 0.0121192
1.0622 0.0117836
1.06142 0.0114869
1.06097 0.0111894
1.06038 0.0109149
1.05981 0.0106536
1.05854 0.0104683
1.05794 0.0102338
1.05718 0.0100214
1.05613 0.00984771
1.05548 0.00964779
1.05584 0.00944226
1.05538 0.00925043
1.05555 0.00905731
1.05638 0.00890904
1.0552 0.00880811
