2.84767
2.8395
2.82452
2.80122
2.76734
2.71985
2.65514
2.56919
2.45847
2.3215
2.16086
1.98517
1.80903
1.64993
1.52295
1.43653
1.39151
1.38272
1.40165
1.43871
1.48501
1.53329
1.57833
1.61699
1.64807
1.67195
1.68985
1.70292
1.71147
1.71491
1.71215
1.70236
1.68583
1.66423
1.64036
1.61766
1.59992
1.59082
1.59271
1.60505
1.62441
1.64608
1.66605
1.68157
1.69102
1.69346
1.68856
1.67674
1.65938
1.63904
1.61919
1.60349
1.59468
1.59371
1.59938
1.6092
1.62039
1.63057
1.63806
1.64211
1.64288
1.64128
1.63852
1.63568
1.63363
1.63303
1.63426
1.63691
1.63965
1.6408
1.63919
1.63471
1.62804
1.62029
1.61231
1.60452
1.59721
1.59069
1.58514
1.58029
1.57543
1.56976
1.56284
1.55468
1.54552
1.53567
1.52563
1.51614
1.50817
1.50256
1.4998
1.49996
1.50286
1.5084
1.51666
1.52772
1.54129
1.55643
1.57156
1.58478
1.59438
1.5994
1.59959
1.59487
1.58467
1.56846
1.54698
1.52303
1.50063
1.48347
1.47386
1.47291
1.48108
1.49813
1.52233
1.55038
1.57798
1.60123
1.61772
1.62702
1.63022
1.62873
1.62349
1.61466
1.60206
1.58578
1.5667
1.54636
1.52644
1.50794
1.49113
1.47637
1.46518
1.46029
1.46419
1.47724
1.49686
1.51863
1.53826
1.55289
1.56136
1.56393
1.5618
1.55661
1.55002
1.54315
1.53645
1.52983
1.52313
1.51651
1.5105
1.50589
1.50343
1.50358
1.50628
1.51092
1.51694
1.52428
1.53368
1.54614
1.56196
1.58017
1.59854
1.61423
1.62442
1.62673
1.6195
1.60215
1.57558
1.54228
1.50626
1.47254
1.44621
1.43126
1.42948
1.43967
1.45775
1.47832
1.49694
1.51201
1.52508
1.53936
1.55697
1.5775
1.59886
1.61898
1.63675
1.65195
1.6646
1.67435
1.68025
1.68104
1.67577
1.66445
1.64814
1.62875
1.6085
1.58963
1.57411
1.56332
1.55768
1.5568
1.55966
1.56504
1.57161
1.5781
1.58336
1.58671
1.588
1.58736
1.58466
1.57908
1.56951
1.55533
1.53728
1.51757
1.49937
1.48591
1.47957
1.48122
1.49003
1.50385
1.51989
1.53552
1.54894
1.55944
1.56722
1.57308
1.57807
1.5832
1.58908
1.59566
1.60229
1.60794
1.61156
1.61245
1.61039
1.60561
1.59876
1.59079
1.5829
1.57628
1.57182
1.56965
1.56891
1.56796
1.56506
1.5589
1.54917
1.53681
1.52416
1.51449
1.51079
1.51394
1.52189
1.5307
1.53653
1.537
1.53158
1.52137
1.50877
1.49714
1.49011
1.4906
1.49939
1.51439
1.53119
1.54486
1.55179
1.5509
1.5441
1.53554
1.52981
1.52969
1.53491
1.54327
1.55243
1.56083
1.56698
1.56867
1.5637
1.55133
1.53325
1.51299
1.49435
1.47991
1.47036
1.46478
1.46155
1.45943
1.45848
1.45998
1.46578
1.47723
1.49444
1.51606
1.53968
1.56264
1.58289
1.59945
1.61219
1.62128
1.62687
1.62932
1.62964
1.6295
1.63053
1.63338
1.63718
1.64006
1.6403
1.63717
1.6312
1.62399
1.61796
1.61595
1.62033
1.63176
1.64851
1.66695
1.68306
1.69378
1.69742
1.69364
1.68288
1.66627
1.64551
1.6231
1.60227
1.58651
1.57827
1.57782
1.58309
1.59078
1.59797
1.60322
1.60655
1.60869
1.61015
1.6107
1.60956
1.60607
1.60033
1.59335
1.58691
1.5828
1.58208
1.58449
1.58877
1.59348
1.5979
1.60191
1.60525
1.60683
1.60552
1.60182
1.5989
1.60145
1.61247
1.63074
1.65149
1.66941
1.68115
1.68605
1.68565
1.68246
1.67897
1.67735
1.6792
1.68534
1.69516
1.70651
1.7164
1.72186
1.72053
1.71087
1.69252
1.6667
1.6367
1.60767
1.5854
1.57387
1.5734
1.58085
1.59127
1.59981
1.60271
1.59769
1.5842
1.56361
1.53901
1.5144
1.49367
1.47966
1.47381
1.47609
1.48527
1.49945
1.5164
1.53405
1.55083
1.56589
1.57899
1.58992
1.59782
1.60091
1.59709
1.58509
1.56539
1.5407
1.51538
1.49403
1.48007
1.47487
1.47792
1.48802
1.50444
1.52767
1.55877
1.59725
1.63942
1.6791
1.71022
1.72886
1.73366
1.72528
1.70578
1.67838
1.64743
1.61819
1.59579
1.58368
1.58228
1.58896
1.59952
1.60975
1.61639
1.61757
1.61282
1.60301
1.59004
1.57647
1.56473
1.55645
1.55214
1.55107
1.55126
1.54998
1.54505
1.53598
1.52421
1.51235
1.50312
1.4988
1.50095
1.51005
1.52523
1.54445
1.56496
1.58399
1.59936
1.60995
1.61595
1.61883
1.62086
1.62405
1.62919
1.63575
1.64251
1.64843
1.65307
1.65636
1.65821
1.65837
1.65666
1.65334
1.6492
1.64545
1.64321
1.64307
1.64482
1.64744
1.64947
1.64943
1.64631
1.63986
1.63067
1.62016
1.6107
1.60528
1.60637
1.61441
1.62732
1.64181
1.65519
1.66605
1.67386
1.67874
1.68156
1.6835
1.68489
1.68444
1.67947
1.66744
1.64738
1.62061
1.59055
1.56139
1.53647
1.51715
1.50293
1.49261
1.48551
1.48179
1.48188
1.48573
1.49231
1.4995
1.50438
1.50395
1.49623
1.4818
1.46502
1.45299
1.45174
1.46255
1.48253
1.50749
1.53357
1.55728
1.57573
1.58714
1.5911
1.58847
1.58096
1.57061
1.55953
1.54992
1.54389
1.5431
1.54807
1.55796
1.57117
1.58604
1.6012
1.61512
1.62585
1.63118
1.62923
1.61904
1.60092
1.57672
1.54972
1.52399
1.50348
1.49082
1.48687
1.49075
1.50052
1.51379
1.52801
1.54077
1.55021
1.55565
1.5578
1.55844
1.55953
1.56244
1.56776
1.57547
1.58528
1.59652
1.60796
1.61778
1.62417
1.62602
1.62335
1.61714
1.60878
1.59939
1.58921
1.57752
1.56302
1.54497
1.52495
1.50802
1.50085
1.50663
1.52228
1.54159
1.56017
1.57679
1.59186
1.60537
1.6163
1.62296
1.62389
1.6186
1.60776
1.59306
1.57672
1.56074
1.54633
1.53397
1.52369
1.51568
1.5104
1.50844
1.51008
1.51505
1.52272
1.53238
1.54355
1.55591
1.56889
1.58147
1.59214
1.59944
1.60275
1.60279
1.60131
1.60015
1.60028
1.60163
1.60342
1.60452
1.60359
1.59929
1.59064
1.5772
1.55914
1.53747
1.51442
1.49358
1.47941
1.47582
1.48444
1.50388
1.53039
1.55923
1.5858
1.60642
1.61891
1.62289
1.61964
1.61148
1.60091
1.59026
1.58142
1.57582
1.57418
1.57655
1.58231
1.59027
1.59853
1.60447
1.60501
1.59694
1.57755
1.54632
1.50825
1.47549
1.46072
1.46529
1.47884
1.49055
1.49571
1.49433
1.48834
1.48002
1.47168
1.46571
1.46425
1.46876
1.47954
1.49571
1.51576
1.53843
1.56305
1.58941
1.61707
1.64469
1.6699
1.68972
1.70126
1.70264
1.6936
1.67573
1.6523
1.6277
1.60645
1.59204
1.58584
1.58671
1.59166
1.5971
1.6002
1.59958
1.59539
1.58904
1.58299
1.58021
1.58327
1.59309
1.60805
1.62449
1.63806
1.64518
1.64397
1.63444
1.61817
1.59768
1.57571
1.55451
1.53537
1.51851
1.50351
1.48997
1.47812
1.46867
1.46229
1.45912
1.45883
1.46131
1.46724
1.47779
1.4934
1.51303
1.5345
1.55568
1.57527
1.59282
1.608
1.6201
1.62805
1.63098
1.62882
1.62246
1.6134
1.60317
1.59299
1.58359
1.57519
1.5676
1.56044
1.55351
1.54727
1.54302
1.54227
1.54567
1.55234
1.5603
1.56747
1.5726
1.57552
1.57682
1.57743
1.5782
1.57973
1.58202
1.58434
1.58563
1.58529
1.58357
1.58102
1.57745
1.57183
1.56333
1.55257
1.54182
1.53366
1.52936
1.52848
1.52985
1.53273
1.53698
1.54277
1.55004
1.55819
1.56624
1.57307
1.57782
1.58011
1.58023
1.57905
1.57773
1.57735
1.57835
1.58037
1.58234
1.58286
1.58069
1.57522
1.56658
1.55517
1.54091
1.52291
1.50029
1.47355
1.4454
1.42017
1.40246
1.39585
1.40217
1.42135
1.45146
1.48877
1.52821
1.56452
1.59319
1.61138
1.61805
1.6137
1.60001
1.57933
1.55442
1.52812
1.50329
1.48272
1.46899
1.4638
1.46713
1.47719
1.49134
1.50722
1.52318
1.53808
1.55112
1.56179
1.56996
1.57579
1.57972
1.58235
1.58431
1.58607
1.58773
1.58893
1.58905
1.58751
1.58403
1.57884
1.57284
1.56741
1.56383
1.56272
1.56361
1.56532
1.5667
1.56721
1.56686
1.56539
1.56181
1.55471
1.54307
1.52708
1.50798
1.48749
1.4669
1.44673
1.42724
1.40984
1.39835
1.39814
1.4122
1.43764
1.46712
1.49388
1.51474
1.53019
1.54273
1.55496
1.56794
1.58062
1.59047
1.59505
1.59303
1.58437
1.56999
1.55134
1.53039
1.50981
1.49312
1.48397
1.48476
1.49522
1.51216
1.53087
1.54691
1.55745
1.56165
1.56047
1.55625
1.55196
1.55021
1.55238
1.55816
1.56617
1.57461
1.5822
1.58832
1.5931
1.59714
1.60131
1.60641
1.61285
1.62047
1.62847
1.63558
1.64039
1.6417
1.63884
1.63194
1.62187
1.61015
1.59857
1.58871
1.5811
1.57481
1.56787
1.55792
1.54355
1.52548
1.507
1.49274
1.48626
1.48821
1.49653
1.50786
1.51923
1.52894
1.5368
1.54384
1.55177
1.56232
1.5765
1.59424
1.61432
1.63472
1.65327
1.6682
1.67841
1.68335
1.68281
1.6767
1.66516
1.64863
1.62813
1.60523
1.58205
1.56108
1.5449
1.5356
1.53403
1.5391
1.54795
1.55682
1.56256
1.56361
1.56028
1.55403
1.54681
1.54071
1.53779
1.5394
1.5458
1.55679
1.57278
1.59462
1.6221
1.65314
1.68449
1.71289
1.73566
1.75068
1.75636
1.75187
1.73721
1.7135
1.68272
1.64743
1.61011
1.57294
1.53776
1.50618
1.47952
1.45877
1.44459
1.4374
1.43714
1.44305
1.45329
1.46535
1.4769
1.48677
1.49507
1.50288
1.51149
1.52191
1.5346
1.54937
