-6.36185
-6.35305
-6.33717
-6.31126
-6.27361
-6.2205
-6.14977
-6.0577
-5.9418
-5.80091
-5.63781
-5.46147
-5.28594
-5.13035
-5.00778
-4.92633
-4.886
-4.88086
-4.90249
-4.94056
-4.98796
-5.03687
-5.08093
-5.11976
-5.15069
-5.17391
-5.19098
-5.2039
-5.21199
-5.21365
-5.209
-5.1982
-5.18213
-5.15985
-5.13623
-5.11401
-5.09652
-5.0889
-5.09252
-5.10546
-5.12556
-5.14738
-5.16867
-5.18319
-5.19242
-5.19413
-5.18836
-5.1759
-5.15796
-5.1372
-5.11669
-5.10233
-5.09446
-5.09514
-5.1015
-5.11083
-5.12172
-5.13229
-5.13931
-5.14376
-5.14409
-5.14187
-5.1392
-5.13641
-5.13402
-5.13465
-5.13516
-5.13743
-5.14054
-5.14191
-5.1397
-5.13526
-5.12843
-5.11957
-5.1122
-5.1052
-5.09719
-5.08957
-5.08304
-5.07883
-5.07348
-5.06845
-5.0614
-5.05359
-5.04509
-5.03656
-5.02593
-5.01579
-5.00862
-5.00298
-5.00066
-5.00156
-5.00548
-5.01098
-5.01862
-5.0295
-5.04343
-5.0585
-5.07399
-5.08767
-5.09578
-5.10077
-5.10033
-5.09464
-5.08461
-5.0675
-5.04517
-5.02028
-4.99916
-4.98161
-4.97223
-4.97232
-4.98081
-4.99883
-5.02194
-5.05045
-5.07731
-5.10087
-5.11648
-5.12466
-5.12701
-5.12542
-5.12059
-5.11169
-5.0978
-5.08043
-5.06069
-5.04047
-5.02021
-5.00173
-4.9848
-4.97075
-4.96126
-4.9561
-4.96126
-4.97558
-4.99562
-5.01661
-5.03463
-5.04866
-5.05666
-5.05855
-5.05649
-5.05048
-5.04398
-5.03772
-5.03089
-5.02336
-5.01741
-5.01082
-5.00536
-5.00078
-4.99887
-5.0005
-5.00403
-5.00913
-5.01542
-5.02383
-5.03395
-5.04675
-5.06318
-5.08137
-5.09914
-5.11547
-5.12558
-5.12639
-5.11785
-5.10012
-5.07304
-5.03896
-5.00247
-4.96957
-4.94393
-4.93055
-4.93099
-4.94204
-4.96138
-4.98146
-5.00005
-5.0145
-5.02784
-5.04134
-5.05884
-5.07912
-5.10044
-5.12035
-5.13741
-5.1519
-5.16444
-5.17476
-5.18157
-5.18118
-5.17484
-5.1634
-5.14594
-5.12666
-5.10705
-5.08813
-5.0741
-5.06245
-5.05717
-5.05611
-5.05868
-5.06332
-5.07161
-5.07727
-5.08266
-5.08535
-5.08583
-5.08501
-5.08313
-5.0772
-5.06702
-5.05255
-5.03375
-5.0142
-4.99663
-4.98395
-4.97764
-4.98052
-4.99055
-5.00413
-5.01993
-5.03555
-5.0493
-5.05799
-5.06584
-5.07111
-5.07562
-5.08096
-5.08707
-5.09219
-5.09968
-5.10532
-5.10914
-5.11079
-5.1092
-5.10464
-5.09853
-5.09172
-5.08285
-5.07672
-5.07159
-5.06961
-5.06923
-5.06697
-5.06378
-5.05817
-5.0478
-5.0362
-5.02339
-5.01405
-5.01119
-5.0145
-5.02288
-5.03141
-5.03602
-5.03725
-5.03173
-5.02206
-5.01031
-4.99852
-4.99138
-4.9921
-5.00151
-5.01615
-5.0312
-5.04584
-5.05228
-5.05113
-5.04484
-5.03515
-5.03082
-5.03098
-5.03679
-5.04441
-5.0528
-5.06061
-5.06657
-5.06723
-5.06015
-5.04695
-5.02953
-5.01002
-4.99111
-4.9767
-4.96807
-4.9625
-4.95986
-4.95724
-4.95645
-4.9583
-4.96371
-4.97621
-4.99379
-5.01498
-5.03866
-5.06111
-5.08133
-5.09856
-5.11123
-5.1195
-5.12476
-5.12694
-5.12682
-5.12673
-5.12764
-5.13216
-5.13657
-5.13925
-5.13886
-5.13465
-5.12862
-5.12171
-5.11715
-5.11494
-5.11912
-5.13061
-5.14741
-5.16624
-5.18208
-5.19169
-5.19383
-5.19038
-5.17883
-5.16186
-5.14096
-5.11855
-5.09792
-5.08178
-5.07404
-5.07504
-5.08177
-5.08968
-5.09837
-5.10402
-5.10628
-5.1091
-5.11109
-5.11107
-5.10941
-5.10522
-5.09944
-5.09243
-5.0872
-5.08296
-5.08363
-5.08631
-5.09084
-5.09599
-5.09886
-5.10313
-5.10575
-5.10723
-5.10592
-5.10121
-5.09862
-5.10224
-5.11305
-5.13228
-5.15403
-5.17265
-5.18368
-5.18781
-5.18565
-5.18187
-5.17893
-5.17714
-5.1791
-5.18551
-5.19363
-5.20483
-5.21381
-5.21792
-5.21491
-5.20453
-5.18489
-5.15831
-5.12996
-5.10181
-5.08154
-5.07101
-5.07123
-5.07876
-5.08859
-5.09686
-5.09905
-5.09378
-5.07995
-5.05879
-5.0337
-5.00916
-4.98959
-4.97682
-4.97196
-4.97469
-4.98613
-5.00084
-5.01704
-5.03542
-5.051
-5.06738
-5.08012
-5.09081
-5.09877
-5.10201
-5.09636
-5.08353
-5.06302
-5.0379
-5.01368
-4.9931
-4.98014
-4.97687
-4.98068
-4.99082
-5.00803
-5.03201
-5.06406
-5.10328
-5.14581
-5.18519
-5.21549
-5.23232
-5.2359
-5.22539
-5.20538
-5.17651
-5.14488
-5.1161
-5.09522
-5.08376
-5.08288
-5.0912
-5.10177
-5.11161
-5.11792
-5.1182
-5.11244
-5.10115
-5.08694
-5.07285
-5.06064
-5.0523
-5.04823
-5.04784
-5.04861
-5.04629
-5.04018
-5.0303
-5.01885
-5.00652
-4.99753
-4.99426
-4.99801
-5.00853
-5.02302
-5.04251
-5.06253
-5.08097
-5.09635
-5.1063
-5.11115
-5.11323
-5.11575
-5.11792
-5.12339
-5.13139
-5.13916
-5.14467
-5.14902
-5.15217
-5.15371
-5.15369
-5.15149
-5.14759
-5.14344
-5.1404
-5.13745
-5.13722
-5.13926
-5.14174
-5.14333
-5.14406
-5.14167
-5.13536
-5.12505
-5.11437
-5.10473
-5.10017
-5.10243
-5.11033
-5.12386
-5.13924
-5.15166
-5.16163
-5.16867
-5.17269
-5.17658
-5.17908
-5.18067
-5.18036
-5.17433
-5.1609
-5.13946
-5.11188
-5.08233
-5.05301
-5.02848
-5.00986
-4.99563
-4.98549
-4.97917
-4.97566
-4.97675
-4.98139
-4.98814
-4.99509
-4.99912
-4.99833
-4.99106
-4.97674
-4.96039
-4.95013
-4.95027
-4.96248
-4.98269
-5.00717
-5.03392
-5.05692
-5.07427
-5.08493
-5.08878
-5.08543
-5.07648
-5.06611
-5.05598
-5.04679
-5.04046
-5.0398
-5.04622
-5.05622
-5.06906
-5.08478
-5.10094
-5.11389
-5.12418
-5.12856
-5.12551
-5.11433
-5.09535
-5.07039
-5.04378
-5.01765
-4.99798
-4.98664
-4.98354
-4.9875
-4.99864
-5.01227
-5.0263
-5.0388
-5.04649
-5.05139
-5.05315
-5.05405
-5.05527
-5.05796
-5.06337
-5.07222
-5.08175
-5.09263
-5.10399
-5.11355
-5.11937
-5.12196
-5.11857
-5.11208
-5.10237
-5.09305
-5.08292
-5.07072
-5.05693
-5.03795
-5.01886
-5.00307
-4.99836
-5.00552
-5.02242
-5.04196
-5.06035
-5.07694
-5.09111
-5.10473
-5.11486
-5.1207
-5.12147
-5.11497
-5.10426
-5.09005
-5.07381
-5.0581
-5.04434
-5.03203
-5.02136
-5.0139
-5.00908
-5.00672
-5.00841
-5.01383
-5.02142
-5.03156
-5.04211
-5.05501
-5.06786
-5.08032
-5.09087
-5.09793
-5.10176
-5.10171
-5.09973
-5.09838
-5.0991
-5.10038
-5.10322
-5.10493
-5.10417
-5.10054
-5.09051
-5.07584
-5.05751
-5.03603
-5.01256
-4.99202
-4.97876
-4.97682
-4.98784
-5.00864
-5.03575
-5.06623
-5.09265
-5.11117
-5.1234
-5.12658
-5.12227
-5.11315
-5.10232
-5.09101
-5.0829
-5.07858
-5.07675
-5.07964
-5.08524
-5.09393
-5.10239
-5.10748
-5.10761
-5.09655
-5.07714
-5.04519
-5.00654
-4.97465
-4.96291
-4.96851
-4.98182
-4.99314
-4.99805
-4.99596
-4.99008
-4.98119
-4.97314
-4.96889
-4.96737
-4.97252
-4.9845
-5.00037
-5.02043
-5.04286
-5.06706
-5.09388
-5.12116
-5.14851
-5.17378
-5.19349
-5.20378
-5.20289
-5.19347
-5.17487
-5.15096
-5.12649
-5.1073
-5.0931
-5.08784
-5.08958
-5.09549
-5.10142
-5.10403
-5.10287
-5.09898
-5.09239
-5.08698
-5.08499
-5.08842
-5.09781
-5.11372
-5.13112
-5.14373
-5.14977
-5.14876
-5.1377
-5.11998
-5.09937
-5.07785
-5.05621
-5.03684
-5.0205
-5.0052
-4.99075
-4.97896
-4.96903
-4.96223
-4.95815
-4.95874
-4.95985
-4.96619
-4.97725
-4.99303
-5.01235
-5.03343
-5.05404
-5.07328
-5.09122
-5.10688
-5.11817
-5.1258
-5.12745
-5.12496
-5.11812
-5.10947
-5.1001
-5.09013
-5.08098
-5.07267
-5.0659
-5.05877
-5.05277
-5.04636
-5.04104
-5.03994
-5.04343
-5.05049
-5.0586
-5.06606
-5.07096
-5.07247
-5.07412
-5.07561
-5.07644
-5.07776
-5.07995
-5.08236
-5.0832
-5.08179
-5.07846
-5.07613
-5.07271
-5.06607
-5.05744
-5.0458
-5.03626
-5.02936
-5.0262
-5.0256
-5.02745
-5.03106
-5.03546
-5.04202
-5.04956
-5.05776
-5.06587
-5.07177
-5.07719
-5.07879
-5.07858
-5.07793
-5.07758
-5.07657
-5.07709
-5.08053
-5.08182
-5.08212
-5.07932
-5.07262
-5.06263
-5.05095
-5.03562
-5.01643
-4.99334
-4.96585
-4.93853
-4.91324
-4.89545
-4.89114
-4.89862
-4.91947
-4.95201
-4.98872
-5.02823
-5.06517
-5.09395
-5.11055
-5.11486
-5.10904
-5.09543
-5.07315
-5.04872
-5.02365
-4.99896
-4.97927
-4.96649
-4.96309
-4.9672
-4.97795
-4.99267
-5.00893
-5.02543
-5.03942
-5.05254
-5.06311
-5.07149
-5.07695
-5.08102
-5.08446
-5.08564
-5.08815
-5.08933
-5.0903
-5.08982
-5.08946
-5.08579
-5.08016
-5.07355
-5.06764
-5.06324
-5.06297
-5.064
-5.06558
-5.06764
-5.067
-5.06535
-5.06343
-5.05911
-5.05173
-5.04009
-5.02417
-5.0047
-4.9846
-4.96405
-4.94438
-4.92455
-4.90676
-4.89631
-4.89762
-4.91336
-4.94017
-4.97009
-4.99513
-5.01598
-5.03146
-5.04281
-5.05616
-5.06904
-5.08065
-5.09023
-5.09449
-5.09179
-5.08235
-5.06626
-5.04834
-5.02744
-5.00677
-4.99098
-4.98352
-4.98594
-4.99904
-5.01518
-5.0335
-5.05059
-5.06036
-5.06349
-5.06113
-5.05753
-5.05308
-5.05124
-5.05471
-5.06019
-5.06907
-5.07823
-5.08568
-5.09196
-5.09633
-5.10064
-5.10412
-5.1098
-5.11607
-5.12332
-5.12993
-5.13703
-5.14079
-5.14366
-5.14083
-5.13266
-5.12189
-5.11085
-5.09939
-5.08976
-5.08249
-5.077
-5.07061
-5.06011
-5.04544
-5.02579
-5.00751
-4.99436
-4.98814
-4.9904
-4.99919
-5.00928
-5.01993
-5.02929
-5.03655
-5.0445
-5.05293
-5.0626
-5.07822
-5.09702
-5.11783
-5.13753
-5.15504
-5.16999
-5.17984
-5.18349
-5.18224
-5.17543
-5.1626
-5.14516
-5.12359
-5.10041
-5.07748
-5.05627
-5.04009
-5.03095
-5.03073
-5.03603
-5.04566
-5.05405
-5.0595
-5.06023
-5.05592
-5.04888
-5.04168
-5.0355
-5.03299
-5.03463
-5.04105
-5.0525
-5.06994
-5.0936
-5.1202
-5.15112
-5.18231
-5.21057
-5.23295
-5.2468
-5.25179
-5.24686
-5.23078
-5.20686
-5.1743
-5.139
-5.10191
-5.06561
-5.03179
-5.00064
-4.97377
-4.95426
-4.94107
-4.93427
-4.93439
-4.94113
-4.95303
-4.96543
-4.977
-4.98653
-4.99489
-5.00226
-5.01041
-5.02075
-5.03427
-5.04951
