-3.51418
-3.51355
-3.51265
-3.51005
-3.50627
-3.50064
-3.49462
-3.48851
-3.48334
-3.47941
-3.47695
-3.47631
-3.47691
-3.48042
-3.48483
-3.48981
-3.49449
-3.49814
-3.50085
-3.50185
-3.50295
-3.50359
-3.5026
-3.50278
-3.50262
-3.50196
-3.50113
-3.50099
-3.50052
-3.49874
-3.49685
-3.49584
-3.49629
-3.49562
-3.49588
-3.49635
-3.4966
-3.49808
-3.49981
-3.5004
-3.50115
-3.5013
-3.50262
-3.50162
-3.5014
-3.50067
-3.4998
-3.49916
-3.49858
-3.49815
-3.4975
-3.49885
-3.49978
-3.50143
-3.50212
-3.50163
-3.50132
-3.50172
-3.50125
-3.50165
-3.50121
-3.50059
-3.50069
-3.50073
-3.50039
-3.50162
-3.5009
-3.50052
-3.50089
-3.50111
-3.50051
-3.50055
-3.50039
-3.49928
-3.49989
-3.50068
-3.49999
-3.49887
-3.49791
-3.49855
-3.49805
-3.49869
-3.49856
-3.4989
-3.49957
-3.50088
-3.5003
-3.49965
-3.50045
-3.50042
-3.50087
-3.5016
-3.50262
-3.50259
-3.50196
-3.50178
-3.50215
-3.50207
-3.50243
-3.50289
-3.5014
-3.50138
-3.50074
-3.49978
-3.49994
-3.49905
-3.49819
-3.49725
-3.49853
-3.49814
-3.49837
-3.49942
-3.49973
-3.5007
-3.4996
-3.50006
-3.49933
-3.49964
-3.49876
-3.49763
-3.4968
-3.4967
-3.4971
-3.49703
-3.49574
-3.49465
-3.49399
-3.49412
-3.49377
-3.49379
-3.49366
-3.49438
-3.49608
-3.49581
-3.49706
-3.49833
-3.49876
-3.49797
-3.49637
-3.49577
-3.4953
-3.49462
-3.49468
-3.49387
-3.49395
-3.49456
-3.49443
-3.49352
-3.49427
-3.4943
-3.49486
-3.49489
-3.49544
-3.49692
-3.49775
-3.49821
-3.49848
-3.49955
-3.50027
-3.50061
-3.50122
-3.5012
-3.50061
-3.50124
-3.50116
-3.49966
-3.49835
-3.49797
-3.49746
-3.49668
-3.49622
-3.49704
-3.49772
-3.4993
-3.50151
-3.50237
-3.50363
-3.50314
-3.50311
-3.50249
-3.50276
-3.50198
-3.50188
-3.50162
-3.50157
-3.50137
-3.50066
-3.49995
-3.49984
-3.50041
-3.50132
-3.50014
-3.49907
-3.49896
-3.49779
-3.49791
-3.49855
-3.4985
-3.49998
-3.49913
-3.49949
-3.49931
-3.49902
-3.49829
-3.5
-3.49917
-3.4993
-3.49864
-3.49784
-3.49765
-3.49846
-3.49811
-3.49751
-3.49722
-3.49648
-3.49663
-3.49726
-3.49804
-3.49807
-3.4993
-3.50052
-3.50027
-3.50004
-3.50003
-3.50036
-3.49856
-3.49862
-3.49803
-3.49755
-3.49776
-3.49799
-3.49653
-3.49738
-3.49738
-3.49758
-3.49835
-3.49881
-3.49902
-3.49977
-3.50093
-3.49995
-3.50043
-3.49977
-3.49996
-3.50033
-3.499
-3.49872
-3.49927
-3.49864
-3.49939
-3.49922
-3.49955
-3.5004
-3.50057
-3.501
-3.5007
-3.49949
-3.50026
-3.50016
-3.5007
-3.50153
-3.50138
-3.50126
-3.5015
-3.50211
-3.50177
-3.50001
-3.50097
-3.5005
-3.50022
-3.50074
-3.49962
-3.501
-3.5013
-3.50188
-3.50115
-3.50037
-3.49977
-3.49959
-3.49856
-3.49646
-3.49562
-3.49627
-3.49703
-3.49676
-3.49679
-3.4977
-3.49771
-3.49832
-3.4978
-3.49797
-3.49832
-3.49793
-3.49898
-3.49935
-3.49892
-3.49897
-3.49848
-3.49844
-3.49911
-3.49904
-3.49823
-3.49789
-3.49762
-3.49719
-3.49724
-3.49711
-3.49878
-3.49939
-3.49919
-3.49856
-3.49748
-3.49742
-3.49772
-3.4992
-3.49899
-3.4988
-3.49884
-3.49889
-3.49929
-3.49902
-3.49791
-3.49641
-3.49674
-3.49594
-3.49559
-3.49545
-3.49545
-3.49565
-3.49526
-3.49577
-3.49723
-3.49868
-3.4989
-3.5004
-3.5008
-3.49973
-3.50041
-3.50095
-3.50036
-3.49985
-3.49915
-3.49911
-3.49908
-3.5003
-3.50015
-3.50156
-3.50181
-3.50207
-3.50251
-3.50096
-3.50122
-3.5005
-3.5004
-3.5004
-3.49938
-3.49972
-3.50078
-3.50058
-3.50154
-3.50254
-3.50324
-3.50254
-3.50176
-3.5
-3.49941
-3.49996
-3.49979
-3.4999
-3.50017
-3.49848
-3.49832
-3.4974
-3.49606
-3.49438
-3.49365
-3.49237
-3.49161
-3.49326
-3.49414
-3.49614
-3.49715
-3.49783
-3.49791
-3.49732
-3.49706
-3.49634
-3.49609
-3.49574
-3.49518
-3.49469
-3.49476
-3.49593
-3.49715
-3.49814
-3.4986
-3.50086
-3.50139
-3.50064
-3.50137
-3.50017
-3.50149
-3.50113
-3.50089
-3.50095
-3.50111
-3.49927
-3.49844
-3.49763
-3.4972
-3.4983
-3.49907
-3.50007
-3.502
-3.50276
-3.5028
-3.50359
-3.50433
-3.50529
-3.50604
-3.50639
-3.50609
-3.50528
-3.50346
-3.50224
-3.50011
-3.4996
-3.49813
-3.49744
-3.49791
-3.49943
-3.50008
-3.5006
-3.50225
-3.50225
-3.50186
-3.50153
-3.50063
-3.49961
-3.49814
-3.4969
-3.49638
-3.49591
-3.49585
-3.49608
-3.49677
-3.49736
-3.49631
-3.49513
-3.49432
-3.49463
-3.49417
-3.49442
-3.49546
-3.49706
-3.49849
-3.49779
-3.49805
-3.49757
-3.49699
-3.49699
-3.49635
-3.4952
-3.4944
-3.49489
-3.49387
-3.4942
-3.49564
-3.49665
-3.49623
-3.49595
-3.49581
-3.4955
-3.49532
-3.49484
-3.49426
-3.49424
-3.49495
-3.49424
-3.49415
-3.49444
-3.4943
-3.49386
-3.49464
-3.49536
-3.4955
-3.49438
-3.49421
-3.49403
-3.49489
-3.49606
-3.49593
-3.49654
-3.49743
-3.49647
-3.49558
-3.49481
-3.49395
-3.49502
-3.49558
-3.49578
-3.49592
-3.49486
-3.49346
-3.49209
-3.49127
-3.49178
-3.49162
-3.492
-3.49271
-3.4927
-3.49289
-3.49366
-3.49387
-3.49487
-3.49566
-3.49584
-3.4956
-3.49474
-3.49438
-3.49483
-3.49494
-3.49537
-3.49714
-3.49853
-3.49992
-3.50016
-3.49968
-3.50035
-3.49964
-3.49854
-3.49779
-3.49768
-3.49695
-3.49552
-3.4955
-3.49645
-3.49687
-3.49657
-3.4967
-3.49815
-3.49826
-3.49789
-3.49874
-3.49975
-3.49877
-3.49833
-3.49738
-3.49627
-3.49529
-3.49442
-3.49367
-3.49406
-3.49366
-3.4945
-3.49582
-3.49667
-3.49675
-3.49812
-3.49849
-3.49829
-3.49803
-3.49628
-3.49574
-3.49535
-3.49561
-3.49574
-3.49552
-3.49561
-3.49675
-3.49647
-3.49611
-3.49604
-3.49577
-3.4952
-3.49594
-3.49522
-3.49494
-3.49359
-3.49367
-3.49372
-3.4932
-3.49391
-3.49298
-3.49391
-3.49505
-3.49751
-3.49888
-3.50014
-3.50036
-3.50018
-3.50015
-3.49925
-3.49936
-3.49856
-3.49774
-3.49758
-3.49637
-3.49649
-3.49698
-3.49709
-3.49736
-3.498
-3.49806
-3.49767
-3.49822
-3.49868
-3.49828
-3.49833
-3.49878
-3.49871
-3.49918
-3.49856
-3.4991
-3.49897
-3.49885
-3.49873
-3.49849
-3.49901
-3.49892
-3.49842
-3.49822
-3.49882
-3.49875
-3.4998
-3.50041
-3.50059
-3.50125
-3.49987
-3.49863
-3.49836
-3.49855
-3.49814
-3.49844
-3.49935
-3.501
-3.5034
-3.50476
-3.50536
-3.507
-3.50685
-3.50475
-3.50449
-3.50369
-3.50263
-3.50167
-3.50141
-3.50076
-3.50148
-3.50276
-3.50256
-3.50309
-3.50292
-3.50366
-3.50386
-3.50301
-3.5026
-3.49961
-3.49959
-3.49886
-3.49829
-3.49916
-3.50219
-3.50321
-3.50299
-3.50259
-3.50234
-3.50163
-3.50174
-3.50118
-3.50146
-3.50318
-3.50312
-3.50376
-3.50495
-3.50466
-3.50467
-3.50443
-3.50401
-3.50447
-3.50409
-3.50382
-3.50388
-3.50378
-3.50252
-3.50025
-3.49987
-3.49914
-3.49866
-3.49879
-3.50086
-3.50105
-3.502
-3.50287
-3.50383
-3.50431
-3.50383
-3.50329
-3.5036
-3.50335
-3.50399
-3.50478
-3.50515
-3.50472
-3.50566
-3.50663
-3.50567
-3.50459
-3.50479
-3.50326
-3.50181
-3.50169
-3.50213
-3.5017
-3.50148
-3.50199
-3.50169
-3.50078
-3.50084
-3.50036
-3.49993
-3.49903
-3.49991
-3.49854
-3.49895
-3.49946
-3.49963
-3.49932
-3.49893
-3.49836
-3.49801
-3.4984
-3.49889
-3.49807
-3.49775
-3.49647
-3.49615
-3.49565
-3.49607
-3.49694
-3.49714
-3.49739
-3.49748
-3.4983
-3.49832
-3.49927
-3.49909
-3.49802
-3.49767
-3.49776
-3.49814
-3.4983
-3.49859
-3.49836
-3.49696
-3.4973
-3.49818
-3.49824
-3.49803
-3.49792
-3.49802
-3.49757
-3.4965
-3.49488
-3.49511
-3.49526
-3.49424
-3.49411
-3.49323
-3.49444
-3.4957
-3.49685
-3.49712
-3.4976
-3.49834
-3.49848
-3.49925
-3.49952
-3.49956
-3.49964
-3.49871
-3.49938
-3.49868
-3.49835
-3.49889
-3.49985
-3.49922
-3.49875
-3.50016
-3.49948
-3.49926
-3.49864
-3.4974
-3.49605
-3.49578
-3.4947
-3.49351
-3.49305
-3.49229
-3.49313
-3.49307
-3.49299
-3.49529
-3.49646
-3.49812
-3.50055
-3.49995
-3.50002
-3.50065
-3.50076
-3.49917
-3.49681
-3.49533
-3.49543
-3.49382
-3.4943
-3.49553
-3.49568
-3.49655
-3.4975
-3.4993
-3.50007
-3.50076
-3.50133
-3.5017
-3.50225
-3.50134
-3.50142
-3.50132
-3.50153
-3.50117
-3.50131
-3.50212
-3.50133
-3.50208
-3.5016
-3.50137
-3.50077
-3.50195
-3.50175
-3.50132
-3.50071
-3.50023
-3.49941
-3.50025
-3.5004
-3.50026
-3.50094
-3.49979
-3.49849
-3.49804
-3.49729
-3.49702
-3.49701
-3.49708
-3.49672
-3.49712
-3.49715
-3.49765
-3.49731
-3.49693
-3.49796
-3.49948
-3.50116
-3.50253
-3.50297
-3.50125
-3.50124
-3.50127
-3.50008
-3.5012
-3.5011
-3.50004
-3.49976
-3.49944
-3.49876
-3.49798
-3.49627
-3.497
-3.49705
-3.49697
-3.49787
-3.49954
-3.50118
-3.50382
-3.50302
-3.50263
-3.50369
-3.50291
-3.50185
-3.50066
-3.50127
-3.50112
-3.50102
-3.50233
-3.50202
-3.5029
-3.50362
-3.50349
-3.50364
-3.50323
-3.5035
-3.50281
-3.50339
-3.50322
-3.50285
-3.50146
-3.50145
-3.50039
-3.50196
-3.50199
-3.50072
-3.50002
-3.50071
-3.50082
-3.50104
-3.50139
-3.50218
-3.50274
-3.50219
-3.50189
-3.5003
-3.50051
-3.50162
-3.50188
-3.50219
-3.50265
-3.50142
-3.5007
-3.50035
-3.49975
-3.50066
-3.50115
-3.50028
-3.50171
-3.50277
-3.50351
-3.50282
-3.50177
-3.50179
-3.50143
-3.50014
-3.49943
-3.49872
-3.49744
-3.49654
-3.49546
-3.49518
-3.49543
-3.49519
-3.49519
-3.49535
-3.4967
-3.49693
-3.49771
-3.49722
-3.49694
-3.49662
-3.49564
-3.49485
-3.49486
-3.49479
-3.4952
-3.49523
-3.49524
-3.49571
-3.49716
-3.49898
-3.4981
-3.49798
-3.49783
-3.49768
-3.49729
-3.49612
-3.49543
-3.495
-3.49357
-3.49336
-3.49158
-3.49157
-3.4918
-3.49267
-3.49402
-3.49446
-3.49425
-3.49549
-3.49648
-3.49688
-3.49725
-3.49808
-3.49974
-3.50009
-3.5001
-3.49977
-3.49981
-3.49938
-3.49892
-3.49883
-3.49967
-3.50014
-3.51418
-3.51355
-3.51265
-3.51005
-3.50627
-3.50064
-3.49462
-3.48851
-3.48334
-3.47941
-3.47695
-3.47631
-3.47691
-3.48042
-3.48483
-3.48981
-3.49449
-3.49814
-3.50085
-3.50185
-3.50295
-3.50359
-3.5026
-3.50278
-3.50262
-3.50196
-3.50113
-3.50099
-3.50052
-3.49874
-3.49685
-3.49584
-3.49629
-3.49562
-3.49588
-3.49635
-3.4966
-3.49808
-3.49981
-3.5004
-3.50115
