255.648
255.08
254.021
252.347
249.874
246.354
241.487
234.941
226.417
215.781
203.225
189.429
175.565
163.041
153.076
146.35
142.933
142.405
144.079
147.181
150.996
154.942
158.603
161.729
164.23
166.142
167.569
168.608
169.286
169.556
169.33
168.538
167.204
165.458
163.527
161.689
160.249
159.504
159.649
160.64
162.201
163.949
165.561
166.815
167.58
167.782
167.393
166.447
165.054
163.419
161.822
160.562
159.859
159.793
160.265
161.076
161.999
162.84
163.464
163.809
163.887
163.772
163.559
163.338
163.176
163.13
163.229
163.443
163.665
163.758
163.629
163.268
162.732
162.111
161.473
160.853
160.271
159.754
159.314
158.93
158.543
158.087
157.527
156.863
156.114
155.307
154.48
153.697
153.034
152.562
152.321
152.318
152.537
152.971
153.626
154.51
155.599
156.817
158.038
159.107
159.885
160.293
160.314
159.938
159.122
157.817
156.083
154.145
152.328
150.931
150.143
150.053
150.699
152.061
154.004
156.259
158.48
160.349
161.675
162.422
162.68
162.567
162.16
161.469
160.481
159.201
157.697
156.093
154.523
153.067
151.744
150.579
149.697
149.317
149.646
150.714
152.316
154.092
155.696
156.896
157.598
157.824
157.67
157.27
156.758
156.224
155.703
155.186
154.658
154.133
153.651
153.277
153.073
153.077
153.284
153.646
154.116
154.689
155.428
156.414
157.674
159.13
160.603
161.863
162.683
162.868
162.283
160.88
158.73
156.032
153.109
150.366
148.218
146.985
146.817
147.616
149.053
150.689
152.164
153.347
154.366
155.483
156.874
158.507
160.211
161.819
163.239
164.454
165.467
166.251
166.729
166.797
166.378
165.47
164.158
162.596
160.962
159.437
158.181
157.305
156.845
156.769
156.995
157.424
157.952
158.475
158.901
159.176
159.287
159.248
159.046
158.616
157.864
156.74
155.301
153.726
152.269
151.192
150.69
150.832
151.551
152.674
153.974
155.237
156.318
157.161
157.782
158.246
158.641
159.048
159.516
160.043
160.575
161.029
161.318
161.386
161.214
160.821
160.258
159.603
158.953
158.405
158.032
157.845
157.777
157.694
157.453
156.947
156.151
155.138
154.099
153.299
152.984
153.227
153.862
154.57
155.036
155.067
154.617
153.773
152.731
151.76
151.156
151.157
151.829
153.005
154.329
155.401
155.927
155.823
155.241
154.521
154.04
154.022
154.45
155.143
155.909
156.622
157.16
157.344
156.992
156.042
154.629
153.038
151.579
150.461
149.737
149.335
149.117
148.985
148.94
149.087
149.577
150.52
151.928
153.691
155.614
157.481
159.128
160.474
161.51
162.251
162.71
162.916
162.95
162.949
163.046
163.294
163.623
163.88
163.924
163.695
163.235
162.671
162.2
162.054
162.425
163.369
164.747
166.263
167.593
168.487
168.808
168.528
167.682
166.36
164.701
162.903
161.229
159.962
159.302
159.271
159.703
160.328
160.909
161.332
161.597
161.765
161.881
161.926
161.835
161.556
161.094
160.533
160.014
159.685
159.629
159.829
160.178
160.56
160.914
161.231
161.491
161.604
161.477
161.15
160.879
161.048
161.905
163.355
165.007
166.432
167.354
167.723
167.661
167.374
167.067
166.914
167.047
167.534
168.325
169.248
170.061
170.521
170.438
169.684
168.228
166.17
163.77
161.449
159.676
158.775
158.775
159.419
160.306
161.041
161.318
160.952
159.896
158.261
156.294
154.321
152.656
151.53
151.058
151.236
151.969
153.099
154.447
155.847
157.173
158.357
159.381
160.231
160.839
161.061
160.726
159.727
158.103
156.072
153.985
152.217
151.046
150.581
150.782
151.551
152.828
154.655
157.119
160.187
163.563
166.745
169.241
170.733
171.11
170.424
168.841
166.619
164.11
161.738
159.92
158.937
158.825
159.37
160.232
161.068
161.617
161.724
161.353
160.574
159.544
158.47
157.549
156.916
156.611
156.574
156.645
156.6
156.26
155.58
154.677
153.76
153.049
152.729
152.925
153.677
154.916
156.476
158.134
159.666
160.897
161.737
162.201
162.41
162.549
162.783
163.178
163.691
164.221
164.686
165.047
165.3
165.438
165.442
165.295
165.019
164.679
164.37
164.186
164.173
164.315
164.529
164.695
164.692
164.439
163.913
163.162
162.299
161.519
161.064
161.137
161.777
162.816
163.986
165.067
165.946
166.579
166.976
167.208
167.373
167.499
167.482
167.104
166.157
164.561
162.422
160.017
157.685
155.698
154.166
153.046
152.239
151.689
151.407
151.427
151.748
152.285
152.869
153.262
153.219
152.578
151.384
149.991
148.976
148.832
149.666
151.244
153.226
155.298
157.18
158.636
159.523
159.807
159.559
158.915
158.042
157.11
156.297
155.775
155.679
156.051
156.827
157.875
159.063
160.281
161.407
162.283
162.732
162.598
161.802
160.369
158.443
156.289
154.235
152.6
151.598
151.298
151.628
152.432
153.517
154.677
155.717
156.487
156.93
157.105
157.156
157.241
157.474
157.902
158.523
159.315
160.226
161.154
161.955
162.481
162.641
162.437
161.946
161.285
160.54
159.733
158.804
157.644
156.191
154.569
153.188
152.593
153.046
154.297
155.842
157.322
158.638
159.829
160.896
161.759
162.281
162.346
161.909
161.025
159.831
158.505
157.208
156.039
155.036
154.201
153.548
153.116
152.952
153.08
153.479
154.097
154.878
155.783
156.787
157.843
158.87
159.745
160.349
160.63
160.647
160.54
160.461
160.488
160.617
160.785
160.9
160.852
160.534
159.863
158.804
157.367
155.633
153.779
152.096
150.944
150.644
151.327
152.884
155.009
157.32
159.445
161.085
162.065
162.353
162.054
161.356
160.463
159.561
158.805
158.311
158.138
158.29
158.719
159.331
159.974
160.437
160.471
159.815
158.245
155.716
152.628
149.967
148.773
149.159
150.28
151.253
151.69
151.594
151.122
150.459
149.794
149.319
149.208
149.58
150.458
151.771
153.395
155.228
157.216
159.342
161.574
163.804
165.842
167.445
168.38
168.494
167.764
166.319
164.422
162.43
160.71
159.547
159.05
159.131
159.544
159.998
160.262
160.225
159.897
159.393
158.912
158.696
158.954
159.763
160.993
162.346
163.468
164.07
163.996
163.248
161.952
160.314
158.556
156.86
155.33
153.986
152.79
151.71
150.763
150.006
149.492
149.231
149.197
149.379
149.831
150.649
151.873
153.418
155.109
156.775
158.312
159.684
160.866
161.803
162.408
162.608
162.398
161.85
161.084
160.224
159.371
158.582
157.875
157.237
156.634
156.051
155.527
155.165
155.09
155.355
155.891
156.534
157.117
157.536
157.776
157.888
157.946
158.021
158.16
158.366
158.579
158.712
158.716
158.612
158.443
158.194
157.782
157.135
156.302
155.467
154.84
154.525
154.485
154.625
154.883
155.248
155.735
156.338
157.01
157.671
158.231
158.62
158.808
158.817
158.718
158.609
158.576
158.657
158.825
158.995
159.052
158.896
158.48
157.811
156.924
155.811
154.397
152.606
150.475
148.22
146.189
144.758
144.215
144.711
146.244
148.659
151.657
154.829
157.748
160.052
161.509
162.037
161.674
160.558
158.879
156.858
154.725
152.709
151.037
149.917
149.488
149.75
150.558
151.697
152.977
154.263
155.465
156.517
157.378
158.036
158.504
158.819
159.028
159.184
159.323
159.456
159.552
159.561
159.438
159.16
158.743
158.261
157.827
157.544
157.464
157.548
157.701
157.828
157.885
157.872
157.771
157.5
156.945
156.021
154.742
153.208
151.556
149.891
148.253
146.66
145.227
144.262
144.206
145.306
147.331
149.686
151.818
153.469
154.68
155.657
156.611
157.633
158.636
159.417
159.777
159.606
158.901
157.735
156.228
154.533
152.87
151.52
150.782
150.85
151.705
153.09
154.62
155.935
156.805
157.161
157.08
156.752
156.417
156.287
156.475
156.957
157.617
158.311
158.933
159.435
159.825
160.153
160.491
160.904
161.425
162.044
162.695
163.276
163.673
163.787
163.565
163.014
162.207
161.265
160.335
159.545
158.94
158.444
157.898
157.111
155.963
154.514
153.029
151.884
151.369
151.54
152.229
153.162
154.097
154.896
155.543
156.12
156.768
157.626
158.777
160.216
161.846
163.503
165.012
166.23
167.068
167.483
167.459
166.988
166.08
164.771
163.141
161.316
159.465
157.791
156.501
155.764
155.652
156.076
156.804
157.532
158
158.082
157.803
157.283
156.679
156.162
155.9
156.002
156.492
157.351
158.612
160.348
162.544
165.03
167.546
169.829
171.66
172.871
173.333
172.979
171.811
169.915
167.454
164.634
161.655
158.692
155.893
153.386
151.277
149.643
148.538
147.992
148.001
148.503
149.348
150.332
151.267
152.057
152.713
153.322
153.99
154.802
155.794
156.954
