1.89845
1.893
1.88302
1.86748
1.84489
1.81324
1.7701
1.71279
1.63898
1.54767
1.44057
1.32344
1.20602
1.09995
1.0153
0.957684
0.927672
0.921811
0.934432
0.959137
0.990006
1.02219
1.05222
1.07799
1.09871
1.11463
1.12657
1.13528
1.14098
1.14327
1.14143
1.13491
1.12389
1.10949
1.09357
1.07844
1.06661
1.06054
1.0618
1.07003
1.08294
1.09739
1.1107
1.12105
1.12735
1.12897
1.12571
1.11783
1.10625
1.0927
1.07946
1.06899
1.06312
1.06247
1.06625
1.0728
1.08026
1.08705
1.09204
1.09474
1.09525
1.09419
1.09235
1.09046
1.08909
1.08869
1.08951
1.09127
1.0931
1.09386
1.09279
1.0898
1.08536
1.08019
1.07487
1.06968
1.0648
1.06046
1.05676
1.05352
1.05029
1.04651
1.0419
1.03646
1.03035
1.02378
1.01709
1.01076
1.00545
1.0017
0.999863
0.999971
1.00191
1.0056
1.0111
1.01848
1.02753
1.03762
1.04771
1.05652
1.06292
1.06626
1.06639
1.06324
1.05645
1.04564
1.03132
1.01535
1.00042
0.988978
0.982572
0.981937
0.987388
0.99875
1.01489
1.03359
1.05199
1.06748
1.07848
1.08468
1.08681
1.08582
1.08233
1.07644
1.06804
1.05719
1.04446
1.0309
1.01762
1.0053
0.994089
0.984245
0.976787
0.973525
0.976129
0.984828
0.997906
1.01242
1.02551
1.03526
1.0409
1.04262
1.0412
1.03774
1.03335
1.02877
1.0243
1.01989
1.01542
1.01101
1.007
1.00393
1.00229
1.00239
1.00419
1.00728
1.01129
1.01619
1.02245
1.03076
1.04131
1.05345
1.06569
1.07615
1.08295
1.08449
1.07966
1.0681
1.05039
1.02819
1.00417
0.981692
0.964143
0.95417
0.952987
0.95978
0.971835
0.985544
0.99796
1.00801
1.01672
1.02624
1.03798
1.05167
1.06591
1.07932
1.09117
1.1013
1.10973
1.11623
1.12017
1.12069
1.11718
1.10963
1.09876
1.08583
1.07233
1.05975
1.04941
1.04221
1.03845
1.03787
1.03978
1.04336
1.04774
1.05207
1.05557
1.05781
1.05866
1.05824
1.05644
1.05272
1.04634
1.03689
1.02485
1.01171
0.999582
0.990606
0.98638
0.987478
0.993354
1.00257
1.01326
1.02368
1.03263
1.03963
1.04481
1.04872
1.05205
1.05547
1.05938
1.06377
1.0682
1.07196
1.07437
1.07497
1.07359
1.07041
1.06584
1.06053
1.05527
1.05086
1.04788
1.04643
1.04594
1.04531
1.04337
1.03927
1.03278
1.02454
1.01611
1.00966
1.00719
1.00929
1.01459
1.02047
1.02435
1.02466
1.02105
1.01424
1.00585
0.998092
0.993408
0.993732
0.999595
1.00959
1.02079
1.02991
1.03452
1.03394
1.0294
1.02369
1.01988
1.01979
1.02327
1.02884
1.03495
1.04056
1.04465
1.04578
1.04246
1.03422
1.02217
1.00866
0.996232
0.986607
0.98024
0.976523
0.974364
0.972954
0.972319
0.973318
0.977186
0.984818
0.996293
1.01071
1.02646
1.04176
1.05526
1.0663
1.07479
1.08085
1.08458
1.08622
1.08642
1.08633
1.08702
1.08892
1.09145
1.09338
1.09353
1.09145
1.08747
1.08266
1.07864
1.0773
1.08022
1.08784
1.09901
1.1113
1.12204
1.12918
1.13162
1.12909
1.12192
1.11084
1.09701
1.08207
1.06818
1.05767
1.05218
1.05188
1.0554
1.06052
1.06531
1.06881
1.07103
1.07246
1.07343
1.0738
1.07304
1.07072
1.06688
1.06223
1.05794
1.0552
1.05472
1.05633
1.05918
1.06232
1.06527
1.06794
1.07016
1.07122
1.07035
1.06788
1.06594
1.06763
1.07498
1.08716
1.101
1.11294
1.12076
1.12404
1.12377
1.12164
1.11932
1.11823
1.11947
1.12356
1.1301
1.13767
1.14427
1.14791
1.14702
1.14058
1.12835
1.11114
1.09113
1.07178
1.05693
1.04925
1.04893
1.0539
1.06085
1.06654
1.06847
1.06513
1.05613
1.04241
1.02601
1.0096
0.995777
0.986443
0.982543
0.984057
0.990182
0.999634
1.01093
1.0227
1.03389
1.04393
1.05266
1.05995
1.06521
1.06727
1.06473
1.05673
1.04359
1.02713
1.01025
0.99602
0.986716
0.983248
0.98528
0.992014
1.00296
1.01845
1.03918
1.06483
1.09295
1.1194
1.14014
1.15257
1.15577
1.15019
1.13719
1.11892
1.09829
1.07879
1.06386
1.05579
1.05486
1.0593
1.06635
1.07317
1.07759
1.07838
1.07521
1.06867
1.06002
1.05098
1.04315
1.03763
1.03476
1.03405
1.03417
1.03332
1.03003
1.02399
1.01614
1.00823
1.00208
0.999199
1.00063
1.0067
1.01682
1.02964
1.04331
1.05599
1.06624
1.0733
1.0773
1.07922
1.08057
1.0827
1.08613
1.0905
1.09501
1.09896
1.10205
1.10424
1.10547
1.10558
1.10444
1.10222
1.09947
1.09697
1.09547
1.09538
1.09655
1.09829
1.09965
1.09962
1.09754
1.09324
1.08711
1.0801
1.0738
1.07019
1.07091
1.07627
1.08488
1.09454
1.10346
1.1107
1.11591
1.11916
1.12104
1.12233
1.12326
1.12296
1.11965
1.11163
1.09825
1.08041
1.06037
1.04093
1.02432
1.01143
1.00195
0.995071
0.990339
0.987861
0.987917
0.990488
0.994871
0.999664
1.00292
1.00264
0.997484
0.987864
0.976678
0.968662
0.96783
0.975036
0.988354
1.00499
1.02238
1.03819
1.05049
1.05809
1.06073
1.05898
1.05397
1.04707
1.03969
1.03328
1.02926
1.02874
1.03205
1.03864
1.04744
1.05736
1.06747
1.07675
1.0839
1.08745
1.08616
1.07936
1.06728
1.05115
1.03314
1.016
1.00232
0.993882
0.991246
0.993831
1.00035
1.00919
1.01867
1.02718
1.03348
1.0371
1.03854
1.03896
1.03969
1.04163
1.04517
1.05032
1.05685
1.06435
1.07197
1.07852
1.08278
1.08402
1.08223
1.07809
1.07252
1.06626
1.05947
1.05168
1.04201
1.02998
1.01663
1.00535
1.00057
1.00442
1.01485
1.02773
1.04012
1.05119
1.06124
1.07025
1.07754
1.08197
1.0826
1.07907
1.07184
1.06204
1.05115
1.04049
1.03089
1.02265
1.0158
1.01046
1.00694
1.00563
1.00672
1.01003
1.01514
1.02159
1.02903
1.03727
1.04593
1.05431
1.06143
1.06629
1.0685
1.06853
1.06754
1.06677
1.06685
1.06775
1.06895
1.06968
1.06906
1.06619
1.06043
1.05147
1.03943
1.02498
1.00961
0.995721
0.986272
0.983879
0.989628
1.00259
1.02026
1.03949
1.0572
1.07095
1.07927
1.08193
1.07976
1.07432
1.06728
1.06017
1.05428
1.05055
1.04946
1.05103
1.05488
1.06018
1.06569
1.06965
1.07001
1.06463
1.0517
1.03088
1.0055
0.983657
0.973812
0.976863
0.985892
0.993701
0.997138
0.996222
0.992229
0.986677
0.981122
0.977142
0.976167
0.979175
0.986361
0.997137
1.01051
1.02562
1.04204
1.05961
1.07805
1.09646
1.11327
1.12648
1.13417
1.13509
1.12906
1.11716
1.10154
1.08513
1.07096
1.06136
1.05722
1.05781
1.06111
1.06473
1.0668
1.06639
1.06359
1.05936
1.05533
1.05347
1.05552
1.06206
1.07204
1.083
1.09204
1.09679
1.09598
1.08962
1.07878
1.06512
1.05048
1.03634
1.02358
1.01234
1.00234
0.993314
0.985414
0.979113
0.974862
0.972744
0.972553
0.974205
0.978158
0.98519
0.995598
1.00869
1.023
1.03712
1.05018
1.06188
1.072
1.08007
1.08537
1.08732
1.08588
1.08164
1.0756
1.06878
1.062
1.05573
1.05012
1.04507
1.04029
1.03567
1.03152
1.02868
1.02818
1.03044
1.03489
1.0402
1.04498
1.0484
1.05034
1.05121
1.05162
1.05213
1.05315
1.05468
1.05623
1.05709
1.05686
1.05571
1.05401
1.05163
1.04789
1.04222
1.03505
1.02788
1.02244
1.01957
1.01898
1.0199
1.02182
1.02465
1.02851
1.03336
1.0388
1.04416
1.04871
1.05188
1.0534
1.05349
1.0527
1.05182
1.05156
1.05223
1.05358
1.05489
1.05524
1.05379
1.05015
1.04438
1.03678
1.02727
1.01527
1.00019
0.982368
0.963601
0.946779
0.934975
0.930568
0.934779
0.947569
0.967642
0.992511
1.01881
1.04301
1.06213
1.07425
1.0787
1.0758
1.06667
1.05289
1.03628
1.01875
1.00219
0.988479
0.979327
0.975864
0.978085
0.984796
0.99423
1.00482
1.01545
1.02539
1.03408
1.0412
1.04664
1.05052
1.05314
1.0549
1.05621
1.05738
1.05849
1.05929
1.05936
1.05834
1.05602
1.05256
1.04856
1.04494
1.04256
1.04181
1.0424
1.04355
1.04447
1.04481
1.04458
1.0436
1.04121
1.03647
1.02872
1.01806
1.00532
0.991659
0.977935
0.964488
0.951493
0.939891
0.932231
0.932095
0.941468
0.958424
0.978078
0.995917
1.00983
1.02013
1.02849
1.03664
1.04529
1.05374
1.06031
1.06337
1.06202
1.05625
1.04666
1.03423
1.02026
1.00654
0.995412
0.989316
0.989842
0.996812
1.00811
1.02058
1.03127
1.0383
1.0411
1.04031
1.0375
1.03464
1.03348
1.03492
1.03878
1.04411
1.04974
1.0548
1.05888
1.06207
1.06476
1.06754
1.07094
1.07523
1.08031
1.08564
1.09039
1.0936
1.09447
1.09256
1.08796
1.08125
1.07343
1.06571
1.05914
1.05407
1.04988
1.04525
1.03862
1.02903
1.01699
1.00467
0.995163
0.990837
0.99214
0.997687
1.00524
1.01282
1.01929
1.02454
1.02923
1.03452
1.04155
1.051
1.06283
1.07621
1.08981
1.10218
1.11213
1.11894
1.12224
1.12187
1.1178
1.11011
1.09908
1.08542
1.07015
1.0547
1.04072
1.02993
1.02373
1.02268
1.02607
1.03197
1.03788
1.04171
1.04241
1.04018
1.03602
1.03121
1.02714
1.02519
1.02626
1.03054
1.03786
1.04852
1.06308
1.0814
1.10209
1.12299
1.14193
1.15711
1.16712
1.17091
1.16791
1.15814
1.14233
1.12181
1.09828
1.07341
1.04862
1.02518
1.00412
0.986347
0.972511
0.963063
0.958264
0.958094
0.962032
0.96886
0.976897
0.984601
0.991177
0.996716
1.00192
1.00766
1.01461
1.02307
1.03292
