0.617798
0.621981
0.62487
0.62622
0.626109
0.624907
0.623185
0.621497
0.620239
0.619513
0.619209
0.619057
0.618865
0.618492
0.617995
0.617392
0.616676
0.615757
0.614478
0.612696
0.610426
0.607762
0.604841
0.601836
0.598789
0.595609
0.59217
0.588345
0.584177
0.579927
0.576024
0.572957
0.571184
0.571061
0.572851
0.576723
0.582718
0.590685
0.600259
0.610866
0.621763
0.632091
0.641009
0.647766
0.651729
0.652462
0.649843
0.644097
0.635901
0.626329
0.616711
0.608369
0.602422
0.599458
0.599413
0.601693
0.605464
0.609799
0.613852
0.617046
0.619107
0.61989
0.619463
0.617955
0.61558
0.612477
0.608747
0.604417
0.59954
0.594279
0.588777
0.583408
0.578624
0.574978
0.573083
0.57355
0.577018
0.583986
0.594701
0.608818
0.62542
0.64296
0.659542
0.673397
0.683213
0.688514
0.689585
0.687274
0.682683
0.676848
0.670506
0.663984
0.657251
0.650077
0.64226
0.633783
0.624877
0.616104
0.608112
0.601489
0.596588
0.593372
0.591423
0.590046
0.588389
0.585715
0.58151
0.575584
0.568172
0.55994
0.551995
0.545711
0.542563
0.543835
0.55033
0.562152
0.578584
0.598143
0.618938
0.639105
0.65712
0.671802
0.682366
0.688262
0.689211
0.685163
0.67643
0.66375
0.648339
0.631676
0.615372
0.600886
0.589324
0.581215
0.576596
0.575058
0.575956
0.578716
0.582949
0.588383
0.594723
0.601555
0.608223
0.614011
0.618223
0.620413
0.62049
0.618761
0.615781
0.612325
0.609193
0.607094
0.606591
0.607955
0.611254
0.616338
0.622841
0.630148
0.637505
0.644054
0.649003
0.651617
0.651338
0.647854
0.641098
0.631152
0.618327
0.603202
0.586604
0.569596
0.553489
0.539711
0.529684
0.524613
0.525326
0.532067
0.544434
0.561448
0.581712
0.603489
0.625022
0.644666
0.661061
0.673207
0.680597
0.683289
0.681743
0.676757
0.669269
0.660237
0.650534
0.640825
0.631497
0.622726
0.614473
0.606558
0.598855
0.591466
0.584881
0.579751
0.57678
0.576392
0.578542
0.582777
0.588378
0.594517
0.600422
0.605411
0.60901
0.610972
0.611265
0.610046
0.607624
0.604513
0.60121
0.598336
0.596506
0.596236
0.597891
0.601579
0.607167
0.614319
0.622478
0.630927
0.638849
0.645427
0.649963
0.651949
0.651072
0.647378
0.641201
0.633177
0.624037
0.614493
0.605227
0.596755
0.589591
0.584236
0.581161
0.580643
0.582711
0.587
0.592905
0.599708
0.606677
0.6132
0.618901
0.623685
0.627651
0.630912
0.633545
0.635567
0.636835
0.637156
0.636209
0.633692
0.629385
0.623204
0.615218
0.605778
0.595491
0.58532
0.576401
0.56994
0.567015
0.568498
0.574709
0.585461
0.600024
0.617174
0.635432
0.653236
0.669042
0.681486
0.689473
0.692225
0.689331
0.680794
0.667151
0.649421
0.629053
0.607844
0.587738
0.570605
0.557993
0.550864
0.549545
0.553705
0.562385
0.574245
0.587794
0.601599
0.614521
0.625785
0.635019
0.642144
0.647273
0.650618
0.652373
0.65268
0.651664
0.649451
0.646152
0.641854
0.636622
0.630556
0.623863
0.616874
0.610066
0.60404
0.599413
0.596681
0.596216
0.598125
0.602334
0.608568
0.616309
0.624918
0.633568
0.641363
0.647355
0.650676
0.650581
0.646641
0.638815
0.627516
0.613547
0.598028
0.582286
0.56771
0.555544
0.546731
0.541783
0.540763
0.543481
0.549557
0.558554
0.569998
0.583392
0.598188
0.613641
0.628873
0.642879
0.65464
0.663292
0.66831
0.669462
0.666867
0.661054
0.652757
0.642945
0.632698
0.623064
0.614945
0.608906
0.605324
0.604285
0.60557
0.608804
0.613397
0.618744
0.624185
0.629153
0.633136
0.635584
0.636039
0.634162
0.629822
0.623041
0.61405
0.603344
0.591569
0.579588
0.56845
0.559278
0.55315
0.550902
0.552975
0.559292
0.569242
0.581749
0.59558
0.609459
0.622263
0.633118
0.641369
0.64652
0.64824
0.646408
0.641152
0.632868
0.622224
0.610146
0.597794
0.586399
0.577076
0.57064
0.567495
0.567735
0.571207
0.57767
0.586907
0.598604
0.612335
0.627481
0.643243
0.658715
0.672986
0.685263
0.69485
0.701166
0.703686
0.701962
0.695786
0.685246
0.670855
0.653543
0.634611
0.615664
0.598486
0.584747
0.575779
0.572182
0.573652
0.579002
0.586351
0.59361
0.598874
0.600836
0.599124
0.59424
0.587464
0.580535
0.575241
0.572985
0.574602
0.580299
0.589602
0.601628
0.61515
0.628789
0.641177
0.651163
0.657801
0.660518
0.659231
0.654272
0.646339
0.63637
0.625397
0.614393
0.604133
0.595162
0.587783
0.582127
0.578236
0.576222
0.576262
0.578512
0.582995
0.589497
0.597639
0.606957
0.616941
0.627136
0.637098
0.646372
0.654368
0.660424
0.663929
0.664444
0.661898
0.6565
0.648789
0.639473
0.629316
0.618954
0.608864
0.599447
0.590982
0.583816
0.578279
0.574687
0.573272
0.574105
0.577169
0.582302
0.589272
0.597789
0.607443
0.617528
0.627145
0.635257
0.640902
0.643364
0.642316
0.637792
0.630205
0.62026
0.608894
0.597205
0.586458
0.577948
0.572827
0.571957
0.575741
0.584053
0.596253
0.611206
0.627501
0.643582
0.657973
0.669422
0.677005
0.680114
0.678508
0.672385
0.662334
0.649349
0.634704
0.619805
0.606085
0.594699
0.586486
0.581877
0.580838
0.583039
0.587954
0.594911
0.60315
0.611895
0.620419
0.628171
0.634861
0.64032
0.644522
0.647354
0.648652
0.648196
0.645747
0.641126
0.634213
0.625006
0.613706
0.600728
0.58668
0.572428
0.559008
0.547551
0.539117
0.53464
0.534669
0.53926
0.547999
0.559977
0.574018
0.588795
0.603031
0.615748
0.626408
0.6349
0.641394
0.646214
0.649578
0.651469
0.651708
0.650056
0.646399
0.640782
0.633567
0.625419
0.617212
0.609943
0.604589
0.60194
0.602464
0.606128
0.612414
0.620385
0.628853
0.636584
0.642522
0.645973
0.64664
0.644524
0.639927
0.633345
0.625361
0.616621
0.607803
0.5996
0.592579
0.587283
0.584114
0.583323
0.585085
0.589347
0.595832
0.604096
0.613507
0.623302
0.632749
0.641066
0.647609
0.651936
0.653727
0.652897
0.649638
0.644263
0.637263
0.629143
0.620528
0.612096
0.60443
0.598097
0.593519
0.590941
0.590292
0.591163
0.592834
0.594488
0.595364
0.595015
0.593454
0.591123
0.588741
0.587141
0.586941
0.588392
0.591277
0.595038
0.598937
0.602263
0.604507
0.605451
0.605143
0.603816
0.601763
0.59918
0.596177
0.592668
0.588503
0.583592
0.578063
0.572346
0.567128
0.563287
0.561738
0.563171
0.567918
0.575933
0.586737
0.599632
0.613781
0.628246
0.64209
0.654376
0.664147
0.670519
0.672726
0.670332
0.663231
0.651738
0.636769
0.619702
0.602348
0.586702
0.574702
0.567925
0.567267
0.572834
0.583881
0.598892
0.615856
0.632571
0.647057
0.657812
0.664054
0.665668
0.663122
0.657402
0.649761
0.641494
0.633748
0.627229
0.62217
0.618306
0.615111
0.612054
0.608714
0.604964
0.600969
0.597256
0.594563
0.593609
0.594986
0.598888
0.604956
0.612407
0.620022
0.626578
0.631116
0.63304
0.632261
0.6291
0.624136
0.617995
0.611324
0.604758
0.598861
0.594102
0.590947
0.589857
0.591193
0.595071
0.601418
0.60985
0.619609
0.62969
0.638963
0.646348
0.650901
0.651966
0.6493
0.643029
0.63367
0.622091
0.609324
0.596414
0.584354
0.574104
0.566563
0.562645
0.563104
0.568401
0.578315
0.591893
0.607506
0.623195
0.636947
0.647185
0.652998
0.654246
0.651502
0.645759
0.638171
0.62976
0.621363
0.613646
0.607182
0.602513
0.600101
0.600339
0.60338
0.609103
0.617181
0.627055
0.637972
0.648988
0.659099
0.667203
0.672362
0.673862
0.671382
0.664977
0.654968
0.641838
0.626354
0.609539
0.592684
0.577154
0.564201
0.55485
0.549751
0.549192
0.553045
0.560868
0.571887
0.58515
0.599536
0.613855
0.626954
0.637884
0.645999
0.651043
0.653019
0.651999
0.648059
0.641312
0.631944
0.620562
0.608057
0.595599
0.584309
0.575127
0.568691
0.565364
0.565295
0.568388
0.574419
0.582978
0.593509
0.605307
0.617708
0.630158
0.642258
0.653698
0.664161
0.673169
0.680061
0.684023
0.684166
0.679828
0.670677
0.65698
0.639614
0.620106
0.600533
0.583248
0.570478
0.563864
0.563959
0.570035
0.580207
0.591946
0.602636
0.610114
0.612959
0.610695
0.603791
0.593609
0.582189
0.571786
0.564487
0.561908
0.564864
0.573363
0.586705
0.603592
0.622396
0.641371
0.658802
0.6732
0.683462
0.688992
0.689669
0.685869
0.678375
0.668124
0.656122
0.643277
0.63041
0.618191
0.607129
0.59757
0.589672
0.583463
0.578822
0.575493
0.573212
0.571853
0.571416
0.572065
0.574016
0.577377
0.582065
0.587605
0.593234
0.598119
0.601467
0.602709
0.601714
0.598759
0.594494
0.589737
0.585355
0.582019
0.580097
0.579633
0.580407
0.582126
0.584598
0.587814
0.591913
0.597218
0.603952
0.61215
0.621527
0.631439
0.641085
0.649789
0.657033
0.662599
0.666473
0.668676
0.669232
0.668099
0.665289
0.661041
0.655715
0.649818
0.643928
0.638427
0.633444
0.628905
0.624585
0.620196
0.615523
0.610507
0.605262
0.600108
0.595481
0.591883
0.589725
0.589223
0.590338
0.592833
0.59627
0.600196
0.60421
0.608044
0.611482
0.6144
0.616684
0.618313
0.619313
0.619646
0.619256
0.618065
0.616092
0.613536
0.610852
0.608751
0.607937
0.608914
0.611777
0.615986
0.620595
0.624489
0.626718
0.62662
0.623822
0.618329
0.61047
0.60085
0.590303
0.579821
0.570505
0.563427
0.559589
0.55969
0.564013
0.572363
0.584103
0.598188
0.613367
0.628359
0.642145
0.654047
0.663709
0.670999
0.675822
0.678005
0.67736
0.673619
0.666782
0.657224
0.645644
0.633035
0.620555
0.609291
0.600061
0.5933
0.589049
0.587072
0.586964
0.588295
0.590625
0.593627
0.596993
0.600556
0.604219
0.607933
0.611575
0.614777
0.616863
0.616985
0.61442
0.608827
0.600467
0.590189
0.579348
0.569563
0.562507
0.55974
0.562406
0.570888
0.584691
0.602396
0.621935
0.64096
0.65737
0.669718
0.67722
0.679807
0.677937
0.672446
0.664328
0.654595
0.644218
0.63407
0.624826
0.616914
0.610546
0.605667
0.601973
0.599112
0.596835
0.595079
0.594026
0.594034
0.595415
0.598165
0.601817
0.605555
0.608538
0.610399
0.611368
0.612326
0.614301
0.617936
0.62319
0.629461
0.635729
0.640858
0.643999
0.644659
0.642832
0.638859
0.633301
0.626723
0.61959
0.612257
0.604996
0.598217
0.592521
0.58863
0.587089
0.588083
0.591343
0.596315
0.602302
0.608602
0.614602
0.619804
0.623803
0.626218
0.626652
0.624762
0.620307
0.613287
0.604047
0.593279
0.582182
0.572379
0.565582
0.563173
0.565822
0.573254
0.584348
0.597432
0.610652
0.622267
0.630871
0.635644
0.636514
0.634203
0.630076
0.625696
0.622451
0.621139
0.621926
0.624463
0.628174
0.632503
0.636912
0.641033
0.644518
0.646954
0.647769
0.646305
0.642003
0.634528
0.623911
0.610722
0.596078
0.581476
0.568571
0.558915
0.553689
0.55355
0.55853
0.568028
0.580998
0.596064
0.611741
0.626702
0.639774
0.650071
0.656915
0.6599
0.658892
0.654049
0.645888
0.635347
0.623633
0.612181
0.602442
0.595501
0.591995
0.592089
0.595464
0.601433
0.60895
0.616896
0.624234
0.630076
0.63388
0.635424
0.634788
0.632253
0.628238
0.623223
0.617746
0.61237
0.607785
0.604627
0.603448
0.604522
0.607787
0.612802
0.618736
0.624564
0.629164
0.631631
0.631275
0.62789
0.621694
0.613318
0.603716
0.594113
0.585752
0.579724
0.576849
0.577491
0.581464
0.588159
0.596603
0.605614
0.613977
0.620624
0.624829
0.626159
0.624565
0.620326
0.613924
0.605983
0.597239
0.588419
0.580224
0.573308
0.568269
0.565606
0.56569
0.568696
0.574609
0.583176
0.593976
0.606364
0.619598
0.632906
0.645581
0.657024
0.666721
0.674181
0.679002
0.680855
0.679465
0.674802
0.667153
0.657056
0.645296
0.632811
0.620564
0.609435
0.600164
0.593297
0.58917
0.587843
0.589047
0.592308
0.596937
0.602069
0.606884
0.610613
0.6127
0.612889
0.611202
0.607937
0.603675
0.599159
0.595199
0.592475
0.591471
0.592351
0.595003
0.599089
0.604095
0.609445
0.614507
0.618739
0.621815
0.623627
0.624319
0.624205
0.623759
0.623363
0.62328
0.623619
0.62426
0.624986
0.625442
0.625142
0.623749
0.621141
0.617358
0.612676
0.607575
0.602546
0.598187
0.595193
0.594336
0.596359
0.601718
0.610424
0.621816
0.634504
0.646708
0.656589
0.662628
0.663938
0.66038
0.652435
0.641033
0.627362
0.612717
0.598351
0.585393
0.57473
0.566993
0.562544
0.561446
0.563454
0.567997
0.574435
0.582085
0.590296
0.598541
0.606477
0.613801
0.620264
0.625541
0.62927
0.631111
0.630732
0.627887
0.622592
0.615098
0.606008
0.596295
0.587156
0.579794
0.575203
0.573999
0.576322
0.58208
0.591072
0.603019
0.617502
0.63371
0.650445
0.66616
0.679297
0.688638
0.693464
0.693559
0.689117
0.680544
0.668365
0.653259
0.636134
0.618141
0.600744
0.585437
0.573339
0.564833
0.559554
0.556699
0.555344
0.554807
0.554736
0.555108
0.556088
0.557952
0.560889
0.564947
0.569963
0.575595
0.581396
0.587013
0.592241
0.597054
0.601661
0.606386
0.611586
0.617496
0.624219
0.631693
0.639671
0.647789
0.655553
0.662423
0.667961
0.67183
0.673882
0.674206
0.673076
0.670754
0.667431
0.663181
0.658002
0.651977
0.64523
0.637991
0.63057
0.623153
0.615785
0.608349
0.600617
0.59235
0.583424
0.573869
0.564068
0.554849
0.547399
0.543049
0.542969
0.547845
0.557731
0.571993
0.58955
0.60914
0.629538
0.649464
0.667753
0.68334
0.695423
0.703427
0.707058
0.706249
0.701013
0.691499
0.67802
0.661231
0.642187
0.622408
0.603721
0.588099
0.577248
0.572065
0.572436
0.577224
0.584689
0.592899
0.600261
0.605743
0.608828
0.609395
0.607678
0.60404
0.599049
0.593329
0.58757
0.582463
0.578675
0.576727
0.576893
0.579203
0.583455
0.589342
0.596495
0.604586
0.613328
0.622479
0.631757
0.640814
0.649221
0.656534
0.662332
0.666289
0.668043
0.667357
0.664125
0.658354
0.650371
0.640766
0.630479
0.620576
0.61208
0.605663
0.601505
0.59923
0.598092
0.59721
0.595783
0.593404
0.590074
0.586191
0.582485
0.579736
0.578695
0.579879
0.583461
0.589193
0.596392
0.604063
0.611011
0.61611
0.618502
0.617824
0.61433
0.608922
0.602922
0.597715
0.594489
0.593941
0.596026
0.600154
0.605417
0.610929
0.615946
0.620209
0.623788
0.627066
0.630491
0.634346
0.638632
0.643042
0.647
0.649858
0.650958
0.649821
0.646161
0.640015
0.63164
0.621481
0.610077
0.598097
0.586218
0.575111
0.565396
0.557708
0.552661
0.550775
0.552496
0.558084
0.567426
0.579957
0.594611
0.609974
0.624481
0.636651
0.645329
0.649773
0.649757
0.645565
0.637894
0.627879
0.616885
0.606405
0.597727
0.591817
0.589247
0.590051
0.593885
0.600144
0.608116
0.617166
0.626702
0.636295
0.645635
0.654382
0.66218
0.668515
0.672759
0.674373
0.673088
0.668888
0.662039
0.653067
0.642708
0.631857
0.621445
0.612248
0.604743
0.598931
0.594453
0.59075
0.587188
0.583252
0.578746
0.573731
0.568498
0.563532
0.559422
0.556793
0.556222
0.558084
0.56242
0.568912
0.576954
0.585719
0.594318
0.602024
0.608408
0.613395
0.617166
0.619998
0.622293
0.624381
0.626609
0.629241
0.632472
0.636424
0.640967
0.645771
0.650331
0.654007
0.65611
0.656064
0.653541
0.648499
0.641324
0.632759
0.623726
0.615206
0.608022
0.602701
0.599285
0.597443
0.59668
0.596503
0.596651
0.597143
0.598264
0.600432
0.604087
0.609522
0.616814
0.625728
0.635644
0.645791
0.655293
0.663337
0.669269
0.67262
0.673076
0.670474
0.664846
0.656304
0.645128
0.631677
0.616467
0.600237
0.583757
0.567939
0.553743
0.542101
0.533799
0.529327
0.528858
0.532271
0.539253
0.54934
0.56202
0.576745
0.592739
0.609061
0.624684
0.638613
0.649979
0.658203
0.662941
0.664198
0.662121
0.657017
0.649352
0.639696
0.628694
0.61713
0.605906
0.595754
0.587375
0.58131
0.577878
0.577255
0.579465
0.584373
0.591733
0.601054
0.611602
0.622343
0.632164
0.64002
0.645193
0.647442
0.647053
0.644756
0.641484
0.638108
0.635328
0.633499
0.632595
0.632351
0.632364
0.63218
0.631383
0.62971
0.627078
0.623557
0.619542
0.6156
0.612469
0.610821
0.611048
0.613155
0.616685
0.620767
0.62445
0.626966
0.627884
0.627046
0.624508
0.620446
0.615076
0.608646
0.601555
0.594388
0.587896
0.582943
0.58018
0.57993
0.58205
0.585952
0.5908
0.595754
0.60016
0.603746
0.606517
0.608716
0.610681
0.612668
0.614785
0.616902
0.618792
0.620072
0.620435
0.619783
0.618157
0.615883
0.613474
0.611483
0.610285
0.610036
0.610681
0.611972
0.61354
0.615
0.616027
0.616405
0.616114
0.615366
0.614514
0.613923
0.613928
0.614594
0.615795
0.617271
0.618666
0.619656
0.619957
0.61934
0.617638
0.614793
0.610841
0.606011
0.600727
0.595562
0.591146
0.588032
0.586595
0.586956
0.588971
0.592234
0.596276
0.60064
0.605041
0.609428
0.61397
0.619009
0.624797
0.631455
0.63879
0.646234
0.652934
0.657987
0.660559
0.660104
0.65648
0.649869
0.640786
0.629922
0.618056
0.606157
0.595273
0.586474
0.580625
0.578236
0.579324
0.583448
0.589629
0.596665
0.60324
0.608074
0.61021
0.609264
0.60539
0.599324
0.592269
0.585645
0.580704
0.578272
0.578621
0.581489
0.586259
0.592147
0.598308
0.604124
0.609332
0.614004
0.618408
0.622839
0.627542
0.632557
0.637687
0.642622
0.647072
0.650759
0.653578
0.655551
0.656671
0.656958
0.656406
0.654905
0.652329
0.648569
0.643663
0.637702
0.630953
0.623788
0.616715
0.610262
0.604945
0.601117
0.598928
0.598286
0.598877
0.600185
0.601631
0.602674
0.602938
0.602217
0.600595
0.598397
0.596074
0.594067
0.592819
0.592657
0.593751
0.596107
0.599527
0.603529
0.607434
0.610475
0.611834
0.610911
0.607316
0.601022
0.592432
0.582313
0.571772
0.562121
0.554669
0.550531
0.550579
0.555321
0.564965
0.579267
0.597563
0.618583
0.640543
0.661353
0.678878
0.691247
0.697219
0.696372
0.689174
0.676866
0.661278
0.644551
0.628797
0.615668
0.606287
0.60112
0.599996
0.60227
0.607046
0.613317
0.620192
0.626978
0.633323
0.639079
0.644187
0.648575
0.652104
0.654539
0.65563
0.65515
0.652861
0.64847
0.641855
0.632942
0.621773
0.608544
0.593672
0.577829
0.561966
0.547342
0.535316
0.527186
0.523934
0.526113
0.533698
0.54615
0.562528
0.581576
0.601842
0.621764
0.639801
0.654575
0.664931
0.670012
0.669362
0.66298
0.651373
0.635608
0.6173
0.598477
0.581374
0.568107
0.560212
0.558394
0.56251
0.571748
0.58492
0.600614
0.617248
0.63313
0.646539
0.655927
0.660168
0.658686
0.65174
0.640393
0.62635
0.611606
0.598142
0.58759
0.581051
0.57896
0.581149
0.586986
0.595495
0.605581
0.616138
0.62632
0.635415
0.642871
0.648323
0.651501
0.652309
0.650845
0.647469
0.642744
0.637373
0.632052
0.627368
0.623744
0.621361
0.620188
0.620008
0.620349
0.620596
0.620092
0.618195
0.61437
0.608294
0.599989
0.589802
0.578509
0.567327
0.557784
0.551459
0.549635
0.552984
0.561349
0.573833
0.589024
0.605238
0.620923
0.634918
0.646479
0.655361
0.661704
0.665825
0.668102
0.668875
0.668344
0.66641
0.662841
0.657419
0.650076
0.640947
0.630493
0.619438
0.608671
0.599104
0.591443
0.586068
0.5829
0.581477
0.581018
0.580635
0.579572
0.577407
0.574142
0.570259
0.566647
0.56435
0.564432
0.567812
0.574929
0.585741
0.599647
0.615594
0.63227
0.648151
0.661775
0.671835
0.677388
0.677935
0.673471
0.664599
0.652452
0.638453
0.62421
0.611235
0.600767
0.59359
0.589911
0.589557
0.592101
0.596939
0.603447
0.610988
0.618871
0.626369
0.632775
0.637615
0.640688
0.64209
0.642189
0.641473
0.640485
0.639591
0.638977
0.638586
0.63805
0.636868
0.634513
0.630555
0.624821
0.617509
0.609101
0.600405
0.592302
0.58562
0.581001
0.578725
0.578744
0.580649
0.583785
0.587474
0.591162
0.594497
0.597356
0.599789
0.601941
0.603994
0.606074
0.608395
0.611094
0.614299
0.618099
0.622446
0.627064
0.631535
0.635305
0.637778
0.638533
0.637345
0.634231
0.629507
0.623725
0.617562
0.611771
0.607011
0.60379
0.602389
0.602723
0.604409
0.606745
0.608944
0.610262
0.610109
0.60827
0.604902
0.600552
0.595995
0.59212
0.589638
0.588925
0.589983
0.592495
0.59594
0.599848
0.603972
0.608247
0.612729
0.61754
0.622657
0.627988
0.633336
0.63834
0.642621
0.645723
0.647245
0.646878
0.64441
0.639845
0.633461
0.625741
0.617446
0.609469
0.602793
0.598202
0.595983
0.595836
0.596991
0.598371
0.599015
0.5983
0.596089
0.592796
0.589299
0.586607
0.585667
0.587088
0.591113
0.597537
0.605819
0.615321
0.625284
0.634903
0.643367
0.649858
0.65368
0.654301
0.65147
0.645416
0.636798
0.626708
0.616423
0.607215
0.600098
0.595577
0.5936
0.593758
0.595408
0.597942
0.600931
0.604082
0.607188
0.610111
0.612711
0.614933
0.616804
0.618421
0.619995
0.621754
0.623813
0.626155
0.628701
0.631228
0.633461
0.635223
0.636421
0.636994
0.636783
0.635486
0.632787
0.628332
0.621986
0.61391
0.604638
0.594915
0.585664
0.577799
0.572022
0.568753
0.568045
0.569667
0.573253
0.578441
0.584883
0.592439
0.601118
0.610983
0.621967
0.633649
0.64525
0.655789
0.664337
0.670165
0.672811
0.672002
0.667734
0.660166
0.64962
0.636589
0.621782
0.606212
0.590991
0.57743
0.566798
0.560163
0.558168
0.560891
0.567916
0.578493
0.591705
0.606486
0.62171
0.636157
0.648621
0.658028
0.663612
0.665027
0.662382
0.656249
0.647586
0.637431
0.626788
0.616415
0.606782
0.598006
0.590085
0.583097
0.577263
0.573035
0.570987
0.571573
0.574864
0.580531
0.587906
0.596107
0.604169
0.611235
0.616587
0.61974
0.620402
0.618551
0.614546
0.608965
0.602696
0.596797
0.592292
0.590051
0.590688
0.594494
0.601548
0.611689
0.624443
0.639059
0.65449
0.669451
0.682414
0.691933
0.696816
0.696298
0.690183
0.678863
0.663321
0.645035
0.625716
0.607095
0.590722
0.57775
0.56872
0.563597
0.561905
0.562912
0.565936
0.570501
0.576237
0.582804
0.589801
0.596804
0.603427
0.609308
0.614184
0.617823
0.619984
0.620486
0.619368
0.616905
0.613622
0.610245
0.607595
0.606398
0.607205
0.610233
0.615366
0.62219
0.630009
0.637981
0.645257
0.651184
0.655352
0.657751
0.658594
0.658234
0.656921
0.654879
0.652128
0.64858
0.644198
0.639061
0.633408
0.627588
0.62204
0.617094
0.612869
0.609201
0.605754
0.602082
0.59775
0.592515
0.586338
0.579531
0.572542
0.566039
0.560865
0.557783
0.557439
0.560236
0.566299
0.575364
0.586926
0.600198
0.614183
0.62783
0.640076
0.649932
0.656709
0.660026
0.659992
0.657202
0.652671
0.64757
0.642763
0.638537
0.634594
0.630177
0.624551
0.617342
0.608752
0.599489
0.590637
0.583426
0.578988
0.578124
0.581117
0.587712
0.597205
0.608519
0.620323
0.631229
0.639923
0.645311
0.646754
0.644111
0.637737
0.628483
0.617542
0.606352
0.596178
0.587946
0.582102
0.578649
0.577387
0.578037
0.580353
0.584173
0.589409
0.595986
0.603733
0.612336
0.621387
0.630394
0.638671
0.645611
0.650624
0.653184
0.652918
0.649575
0.643205
0.634204
0.623306
0.611543
0.60015
0.590406
0.58347
0.580189
0.580945
0.585618
0.593682
0.604206
0.616062
0.628109
0.63922
0.648421
0.654922
0.658188
0.657929
0.65417
0.647171
0.637467
0.625927
0.61359
0.601594
0.591078
0.582894
0.577527
0.575045
0.575047
0.576923
0.57998
0.583608
0.587362
0.590899
0.594062
0.596779
0.599016
0.600743
0.602027
0.602949
0.603633
0.604204
0.604782
0.605358
0.605875
0.606113
0.605804
0.604761
0.602909
0.600297
0.59713
0.593861
0.590987
0.588994
0.588264
0.588937
0.590958
0.594009
0.59779
0.602033
0.606588
0.611348
0.616245
0.621191
0.626047
0.630579
0.63454
0.637743
0.640048
0.641455
0.642132
0.642263
0.642041
0.641565
0.640788
0.639524
0.637536
0.634671
0.630914
0.626504
0.621848
0.61747
0.613913
0.611671
0.611029
0.612053
0.614625
0.618484
0.623125
0.627873
0.631944
0.634571
0.634934
0.632403
0.626733
0.618031
0.606813
0.594006
0.580822
0.568579
0.558493
0.551504
0.548147
0.548454
0.552092
0.55853
0.567205
0.577625
0.589396
0.60212
0.615269
0.628148
0.639872
0.649417
0.655771
0.65804
0.655787
0.649049
0.638479
0.625294
0.61113
0.597814
0.58701
0.58004
0.577678
0.580108
0.587014
0.597712
0.611317
0.626863
0.643375
0.659886
0.675423
0.689023
0.699773
0.706876
0.709796
0.708255
0.702284
0.692265
0.678916
0.663193
0.646116
0.628761
0.61205
0.596716
0.583295
0.572147
0.563512
0.557498
0.554079
0.553125
0.55439
0.557589
0.56237
0.568425
0.57542
0.582997
0.590816
0.598599
0.606104
0.613044
0.619127
0.623962
0.627137
0.628318
0.627329
0.624217
0.619357
0.613431
0.607446
0.602627
0.600147
0.600786
0.604598
0.61079
0.617946
0.624455
0.628944
0.630468
0.628711
0.623884
0.616597
0.607774
0.598554
0.590205
0.583977
0.580932
0.581727
0.586478
0.594663
0.605135
0.616315
0.626549
0.634536
0.639474
0.641211
0.640301
0.637691
0.634439
0.631497
0.62946
0.628559
0.628721
0.629758
0.631397
0.633299
0.635165
0.636671
0.637548
0.63756
0.636506
0.634165
0.63046
0.625413
0.619261
0.612586
0.606276
0.601413
0.598907
0.598983
0.600888
0.603254
0.604759
0.604793
0.603577
0.601846
0.600317
0.599312
0.598645
0.597947
0.596844
0.595116
0.59284
0.590253
0.587668
0.585379
0.583719
0.583005
0.583589
0.585807
0.589997
0.596347
0.604952
0.615567
0.627631
0.640215
0.652076
0.661892
0.668492
0.671086
0.669444
0.663962
0.655488
0.645129
0.634054
0.623344
0.613915
0.60638
0.601127
0.59829
0.597817
0.599489
0.603018
0.608061
0.614236
0.621155
0.628375
0.63541
0.641768
0.646943
0.650439
0.651876
0.650953
0.647471
0.64148
0.633274
0.623425
0.612702
0.602021
0.592355
0.584664
0.579779
0.578273
0.580456
0.586423
0.595862
0.608171
0.622394
0.637345
0.651714
0.664166
0.673598
0.679194
0.680543
0.677594
0.670602
0.659972
0.646148
0.629751
0.611621
0.592848
0.574732
0.558707
0.546037
0.537547
0.533339
0.532988
0.535681
0.540478
0.546377
0.552453
0.557989
0.562564
0.566113
0.568894
0.571487
0.574495
0.578413
0.583475
0.58956
0.596195
0.602732
0.608428
0.612626
0.614965
0.615415
0.614428
0.612751
0.611252
0.610708
0.611656
0.614288
0.618505
0.62408
0.630706
0.638035
0.645737
0.653479
0.660805
0.667144
0.671937
0.674712
0.67514
0.673227
0.669162
0.663453
0.656764
0.649869
0.64358
0.638507
0.634935
0.632776
0.631697
0.631287
0.631184
0.631158
0.631007
0.630594
0.629825
0.628544
0.62659
0.623896
0.620656
0.617192
0.614039
0.611781
0.610816
0.611239
0.612753
0.614702
0.616255
0.616636
0.615284
0.611916
0.606678
0.600006
0.592521
0.584927
0.577805
0.571527
0.566291
0.562192
0.559362
0.55797
0.558157
0.559871
0.562862
0.566634
0.570537
0.57395
0.576518
0.578274
0.579601
0.58119
0.583708
0.587628
0.593014
0.59952
0.606571
0.613481
0.619576
0.624357
0.627555
0.629121
0.629242
0.628305
0.626879
0.625564
0.624924
0.625474
0.627636
0.631602
0.637245
0.644194
0.65187
0.659448
0.666053
0.670856
0.673128
0.672318
0.668182
0.660908
0.651106
0.639712
0.627848
0.6167
0.607401
0.600959
0.598087
0.598953
0.603193
0.609931
0.617851
0.625526
0.631666
0.635371
0.636238
0.634289
0.629795
0.623307
0.615377
0.606636
0.597723
0.589282
0.581933
0.576215
0.572574
0.571313
0.572531
0.576109
0.581776
0.589176
0.597821
0.607067
0.616168
0.624328
0.630802
0.634924
0.636224
0.634509
0.629935
0.62298
0.614506
0.605543
0.597212
0.59063
0.586769
0.586308
0.589632
0.596703
0.607096
0.620088
0.634678
0.649749
0.664104
0.676621
0.686311
0.692345
0.69414
0.691422
0.684221
0.673011
0.65864
0.642359
0.625695
0.610149
0.596887
0.586517
0.579027
0.573799
0.569919
0.566561
0.563137
0.559471
0.555814
0.552682
0.550787
0.550895
0.55359
0.559288
0.568138
0.58002
0.594533
0.611052
0.628769
0.64668
0.663664
0.678534
0.690117
0.697326
0.699253
0.69534
0.685452
0.670134
0.650632
0.628886
0.607206
0.587858
0.57265
0.562613
0.557899
0.557994
0.561965
0.568762
0.577301
0.586532
0.595452
0.603131
0.608837
0.612104
0.612774
0.611067
0.607523
0.602786
0.597617
0.592744
0.588738
0.586054
0.585057
0.585945
0.588841
0.593751
0.600564
0.609002
0.618764
0.629523
0.640958
0.652751
0.664498
0.675684
0.685593
0.693385
0.698024
0.69848
0.69404
0.684426
0.670009
0.65183
0.631411
0.610502
0.590768
0.573593
0.55999
0.550584
0.545764
0.545694
0.55032
0.559238
0.571501
0.585634
0.59981
0.612195
0.621201
0.625838
0.625857
0.621697
0.614345
0.605185
0.595754
0.587488
0.581599
0.579013
0.580231
0.585367
0.593996
0.605223
0.617827
0.630512
0.642166
0.652064
0.659765
0.665068
0.667795
0.667661
0.664388
0.657989
0.648887
0.637907
0.626161
0.614667
0.604243
0.595349
0.588124
0.582507
0.578329
0.57533
0.573362
0.572438
0.572801
0.574964
0.579642
0.587502
0.598872
0.613434
0.630161
0.647491
0.663721
0.67738
0.687422
0.693174
0.694401
0.69115
0.683737
0.672643
0.658615
0.642447
0.624907
0.60673
0.588676
0.571601
0.556547
0.544621
0.536908
0.534108
0.536268
0.542836
0.552766
0.564752
0.577546
0.590098
0.601686
0.611927
0.620698
0.6281
0.634325
0.639494
0.643568
0.646395
0.647732
0.647367
0.645217
0.641413
0.636275
0.630246
0.623805
0.617239
0.610538
0.603514
0.595975
0.588017
0.580297
0.574031
0.570482
0.570593
0.574676
0.582293
0.592446
0.603975
0.615752
0.62682
0.636423
0.644114
0.649668
0.65303
0.654213
0.653321
0.650396
0.645452
0.638602
0.630232
0.621068
0.612226
0.604998
0.600587
0.599927
0.603411
0.610831
0.621489
0.634231
0.647654
0.660429
0.671386
0.679574
0.684251
0.68502
0.681682
0.674354
0.663463
0.649764
0.634411
0.618807
0.60435
0.592326
0.583694
0.578735
0.577154
0.578056
0.580243
0.582451
0.583736
0.583613
0.582056
0.579498
0.57666
0.574275
0.572895
0.572663
0.573325
0.574293
0.574903
0.574672
0.573518
0.571881
0.570535
0.570417
0.572293
0.576552
0.583193
0.591801
0.601721
0.612225
0.622523
0.631865
0.639583
0.645196
0.64841
0.64915
0.647594
0.644182
0.639613
0.63469
0.630256
0.627108
0.625948
0.62707
0.630368
0.635298
0.640973
0.64634
0.650378
0.652301
0.65177
0.648867
0.644087
0.638213
0.632048
0.626238
0.621291
0.617399
0.61445
0.612058
0.609601
0.606427
0.601986
0.596088
0.589013
0.58152
0.574695
0.56966
0.567352
0.568288
0.572454
0.579301
0.587863
0.597031
0.605749
0.613225
0.61912
0.623532
0.626729
0.629058
0.630807
0.63203
0.632649
0.632498
0.631459
0.629473
0.6266
0.623034
0.619114
0.615256
0.611879
0.609493
0.608476
0.609092
0.611384
0.615121
0.619853
0.624936
0.629556
0.632942
0.634497
0.633888
0.631159
0.626659
0.620968
0.614797
0.608881
0.603746
0.599689
0.596666
0.594415
0.592631
0.591075
0.589821
0.589134
0.589444
0.591184
0.594708
0.600002
0.606676
0.613988
0.620953
0.626547
0.629999
0.630906
0.62926
0.625545
0.6205
0.614948
0.609682
0.60529
0.602134
0.60032
0.599777
0.600306
0.601597
0.603303
0.605159
0.606928
0.608432
0.609592
0.610475
0.61111
0.611479
0.61151
0.611133
0.610362
0.609385
0.60869
0.608862
0.61054
0.614111
0.619545
0.626403
0.633873
0.641007
0.646887
0.65073
0.652065
0.650726
0.646897
0.641012
0.633661
0.625506
0.617256
0.609511
0.602729
0.597228
0.593132
0.590412
0.588949
0.588651
0.589404
0.591129
0.593753
0.597128
0.601027
0.605145
0.609142
0.612691
0.615552
0.617669
0.619046
0.619707
0.619668
0.618928
0.617505
0.615545
0.613261
0.610934
0.608855
0.607188
0.60596
0.60495
0.603975
0.602953
0.602088
0.601802
0.60267
0.605241
0.609845
0.616419
0.624401
0.632915
0.640891
0.64736
0.651644
0.653417
0.652742
0.649968
0.645582
0.640151
0.634242
0.628388
0.623047
0.618478
0.614777
0.611881
0.609652
0.607849
0.606214
0.604518
0.602636
0.600528
0.598157
0.595552
0.592797
0.589995
0.587171
0.584367
0.581608
0.578984
0.576638
0.574728
0.573438
0.57289
0.57316
0.574304
0.576359
0.579368
0.583297
0.587991
0.593251
0.598984
0.605233
0.61234
0.620768
0.630925
0.642858
0.656054
0.669543
0.682075
0.692293
0.699019
0.701435
0.699251
0.692658
0.682409
0.669666
0.655896
0.642587
0.630967
0.621748
0.615191
0.611055
0.608774
0.607675
0.607083
0.606306
0.604691
0.601722
0.597132
0.590918
0.583411
0.575206
0.567041
0.559588
0.553361
0.548725
0.5459
0.54494
0.545786
0.548261
0.552001
0.556494
0.561063
0.565062
0.567959
0.569516
0.569792
0.569215
0.568477
0.568375
0.569791
0.573475
0.580017
0.589791
0.602849
0.618837
0.636991
0.656143
0.674835
0.691513
0.704774
0.713584
0.717405
0.716264
0.710653
0.701425
0.689607
0.676165
0.661916
0.647438
0.633127
0.61933
0.606442
0.595038
0.585855
0.579716
0.577273
0.578825
0.584151
0.592611
0.603206
0.614711
0.625876
0.635495
0.642498
0.646004
0.64537
0.640257
0.630788
0.617569
0.601765
0.585186
0.570047
0.55867
0.552994
0.55393
0.561166
0.573304
0.588324
0.604005
0.618365
0.629788
0.637176
0.640011
0.638337
0.632605
0.623658
0.612489
0.600194
0.587878
0.576537
0.566892
0.559453
0.554406
0.551607
0.550699
0.551227
0.552933
0.555821
0.56026
0.566863
0.576294
0.588984
0.604964
0.623745
0.644387
0.665537
0.685715
0.703586
0.718004
0.728161
0.733691
0.734604
0.731047
0.72335
0.711964
0.69737
0.680203
0.661286
0.64155
0.622046
0.60389
0.588032
0.575324
0.566322
0.561335
0.560229
0.562451
0.567166
0.573419
0.580278
0.58694
0.592774
0.597297
0.60016
0.601245
0.600659
0.598829
0.596367
0.594015
0.592473
0.592258
0.593598
0.596393
0.600276
0.604754
0.609215
0.613105
0.615972
0.617519
0.617639
0.616389
0.613951
0.610572
0.606501
0.601955
0.597162
0.592306
0.587634
0.583374
0.579736
0.576942
0.575103
0.574287
0.574604
0.576194
0.579271
0.584109
0.590961
0.599947
0.610959
0.623605
0.637124
0.650385
0.662069
0.67084
0.675632
0.675749
0.6711
0.662216
0.650168
0.636392
0.6225
0.609949
0.599754
0.592386
0.587853
0.585973
0.586503
0.589221
0.593987
0.600657
0.609021
0.618589
0.628749
0.638731
0.647708
0.654973
0.660006
0.66251
0.662455
0.660018
0.65549
0.649216
0.641636
0.633216
0.624451
0.615795
0.607666
0.600403
0.594283
0.589458
0.586005
0.583923
0.583055
0.583123
0.583794
0.584698
0.585551
0.586168
0.586607
0.587028
0.587771
0.589233
0.591727
0.595429
0.600222
0.605592
0.610838
0.615152
0.617844
0.618509
0.617107
0.613997
0.609802
0.605287
0.601163
0.597961
0.595983
0.595291
0.595736
0.597042
0.59883
0.600765
0.60269
0.604647
0.606868
0.60974
0.613589
0.618593
0.624685
0.631614
0.638876
0.645873
0.651889
0.656281
0.658483
0.658157
0.655228
0.649988
0.642931
0.634706
0.625894
0.616982
0.608369
0.600464
0.593884
0.58952
0.588359
0.591317
0.598816
0.610513
0.625151
0.640861
0.655485
0.666957
0.6737
0.674805
0.669949
0.659454
0.644233
0.625634
0.605335
0.58515
0.56679
0.551671
0.540817
0.534786
0.533606
0.536904
0.544049
0.554201
0.566401
0.579712
0.593329
0.606511
0.618627
0.629192
0.637868
0.644365
0.648519
0.650288
0.649782
0.647263
0.643218
0.638331
0.6334
0.629156
0.626217
0.624862
0.625053
0.626362
0.628099
0.629432
0.629473
0.627581
0.623383
0.616938
0.608813
0.600036
0.59197
0.58605
0.58344
0.584825
0.590094
0.598371
0.608195
0.617759
0.625321
0.629552
0.629714
0.625784
0.618372
0.608654
0.598135
0.588339
0.580654
0.576016
0.574746
0.576696
0.581331
0.587921
0.595787
0.604425
0.61342
0.622459
0.631191
0.639145
0.645679
0.650059
0.651593
0.649787
0.644366
0.635491
0.623809
0.61036
0.596499
0.583888
0.574169
0.568685
0.568333
0.57335
0.583236
0.59689
0.612759
0.629106
0.644321
0.657001
0.666049
0.670886
0.671429
0.668061
0.661536
0.652864
0.643187
0.63348
0.624486
0.616584
0.609905
0.604368
0.599828
0.596248
0.593666
0.592247
0.592223
0.593817
0.597134
0.602097
0.608441
0.615697
0.623222
0.630271
0.635933
0.639257
0.639461
0.636079
0.629118
0.619187
0.607487
0.59553
0.58495
0.577176
0.573025
0.57257
0.575151
0.579498
0.584272
0.588376
0.591284
0.593157
0.594642
0.596649
0.599961
0.605118
0.612122
0.620554
0.629599
0.638297
0.645663
0.650852
0.653273
0.652622
0.648904
0.642527
0.634199
0.624883
0.615714
0.607766
0.601842
0.598544
0.598057
0.600226
0.604561
0.610274
0.616386
0.621941
0.626171
0.628653
0.62927
0.628297
0.626209
0.623528
0.620864
0.618663
0.617125
0.616274
0.615886
0.615666
0.615145
0.613883
0.611605
0.608178
0.603678
0.5985
0.5933
0.5888
0.585667
0.58441
0.585279
0.588272
0.59315
0.599493
0.606705
0.614029
0.620627
0.625598
0.628308
0.62844
0.626147
0.621943
0.61665
0.611141
0.606262
0.602679
0.600825
0.600923
0.603033
0.607041
0.612754
0.619857
0.627958
0.636525
0.644919
0.652448
0.65844
0.662318
0.663717
0.662482
0.658668
0.652505
0.644331
0.634611
0.623916
0.612813
0.601827
0.59141
0.581893
0.573624
0.567082
0.56289
0.561759
0.564272
0.570562
0.580119
0.591875
0.604392
0.616319
0.6266
0.634651
0.64025
0.643443
0.644168
0.642411
0.638103
0.631303
0.622322
0.611744
0.600361
0.589118
0.578912
0.57047
0.564217
0.560294
0.558531
0.558555
0.55999
0.562522
0.566074
0.570718
0.576581
0.58374
0.592138
0.601516
0.611388
0.621176
0.63028
0.63812
0.644117
0.647871
0.649238
0.648456
0.64613
0.64315
0.640565
0.639307
0.639972
0.642679
0.646877
0.651379
0.654771
0.655717
0.653354
0.64743
0.638407
0.627284
0.61536
0.603959
0.594266
0.58713
0.583026
0.582072
0.584061
0.58855
0.59489
0.602357
0.610164
0.617563
0.623802
0.628166
0.630084
0.629156
0.62526
0.618613
0.609745
0.599531
0.58904
0.579456
0.571898
0.567241
0.566069
0.568499
0.574107
0.582
0.591053
0.60012
0.608336
0.615234
0.62066
0.624788
0.627879
0.63022
0.63207
0.633623
0.635019
0.63635
0.637638
0.638849
0.639812
0.640242
0.639813
0.63818
0.635194
0.63103
0.626211
0.621594
0.618228
0.616956
0.618158
0.621528
0.626252
0.63129
0.635725
0.638825
0.640065
0.639127
0.635827
0.630136
0.622275
0.612654
0.60188
0.590809
0.580433
0.571708
0.565513
0.562628
0.56362
0.568808
0.578058
0.590755
0.605832
0.621757
0.636797
0.649269
0.657795
0.661568
0.66046
0.65509
0.646771
0.637177
0.628092
0.621012
0.616867
0.615829
0.617414
0.620636
0.624345
0.627459
0.629113
0.628728
0.626015
0.620912
0.613544
0.604248
0.593631
0.582564
0.57218
0.56377
0.558493
0.557158
0.560178
0.567362
0.577959
0.59083
0.604628
0.617978
0.629733
0.639022
0.64521
0.64799
0.647407
0.643777
0.637668
0.629733
0.620634
0.611029
0.601596
0.593086
0.586401
0.582434
0.581825
0.584772
0.590939
0.599584
0.609698
0.620233
0.630192
0.63878
0.645394
0.649542
0.650855
0.64919
0.64457
0.637335
0.628065
0.61754
0.606672
0.596385
0.587472
0.580545
0.575981
0.573902
0.574153
0.576404
0.580178
0.58489
0.590037
0.595238
0.600173
0.604571
0.608127
0.61054
0.611466
0.610653
0.608188
0.604532
0.600518
0.597169
0.59546
0.59608
0.599286
0.604933
0.612553
0.621376
0.630423
0.638502
0.644423
0.647167
0.646059
0.640913
0.632035
0.620117
0.606244
0.591694
0.577764
0.565746
0.556816
0.551926
0.55173
0.556517
0.566192
0.580085
0.597066
0.615561
0.633755
0.649873
0.662467
0.670565
0.673806
0.672404
0.66696
0.658405
0.647824
0.636288
0.624797
0.614147
0.604995
0.597902
0.593341
0.591793
0.593668
0.599134
0.607939
0.619281
0.631863
0.644081
0.654394
0.661477
0.664509
0.663378
0.658583
0.651161
0.642469
0.633771
0.626107
0.620042
0.615692
0.612829
0.61106
0.609914
0.608994
0.608062
0.607077
0.606071
0.605155
0.604442
0.603979
0.603668
0.603352
0.602819
0.601797
0.599991
0.59721
0.593416
0.588655
0.583134
0.577195
0.57137
0.56633
0.562856
0.561767
0.563844
0.569563
0.579034
0.591876
0.607231
0.623866
0.640404
0.65546
0.667809
0.676548
0.681229
0.681825
0.678699
0.672573
0.664401
0.655258
0.646084
0.63759
0.630201
0.624002
0.618754
0.614047
0.609373
0.604371
0.598891
0.593078
0.587354
0.58243
0.579097
0.577953
0.579149
0.582243
0.58637
0.590538
0.593941
0.596261
0.597688
0.598787
0.600288
0.602838
0.606886
0.612618
0.619995
0.628728
0.638314
0.647919
0.656421
0.662547
0.665139
0.66337
0.65701
0.646441
0.632534
0.616561
0.600064
0.584645
0.571723
0.562319
0.556917
0.555556
0.557909
0.563386
0.571265
0.580741
0.590963
0.601126
0.610532
0.61864
0.625058
0.629568
0.632008
0.63226
0.630226
0.625878
0.619362
0.611077
0.601868
0.593049
0.586216
0.582814
0.58356
0.587993
0.59472
0.601961
0.608299
0.612947
0.615755
0.616914
0.61682
0.615834
0.61435
0.612739
0.61126
0.610205
0.609888
0.610655
0.613032
0.617571
0.62469
0.634345
0.646078
0.659066
0.672153
0.684126
0.693921
0.700685
0.703863
0.7032
0.698667
0.690368
0.678539
0.663605
0.646136
0.626861
0.606848
0.58747
0.570234
0.556547
0.547434
0.543325
0.543948
0.548457
0.555751
0.564714
0.574415
0.58418
0.593615
0.602375
0.610148
0.616722
0.622061
0.626283
0.629737
0.632885
0.635996
0.639044
0.641605
0.643038
0.642652
0.639933
0.634608
0.626708
0.61666
0.605116
0.59281
0.580497
0.569029
0.559585
0.553924
0.554313
0.562648
0.579261
0.60221
0.628038
0.652946
0.673879
0.688779
0.696745
0.697818
0.692928
0.683724
0.672201
0.660174
0.648792
0.638456
0.628901
0.6196
0.610072
0.600215
0.590435
0.581558
0.57453
0.570211
0.569114
0.57126
0.576182
0.583026
0.590645
0.597824
0.603498
0.607025
0.608249
0.6076
0.605964
0.604464
0.604156
0.605833
0.609791
0.615846
0.623435
0.631751
0.639952
0.647277
0.653136
0.657075
0.65873
0.657883
0.654453
0.648436
0.640103
0.629918
0.618616
0.607128
0.596455
0.587448
0.580803
0.576922
0.575896
0.57759
0.581819
0.588353
0.596922
0.607098
0.618329
0.629814
0.640556
0.649435
0.655385
0.657591
0.655674
0.649688
0.640136
0.627968
0.614439
0.60095
0.588944
0.579653
0.573874
0.57192
0.573493
0.577735
0.583555
0.589808
0.595585
0.600412
0.604206
0.607314
0.610356
0.613956
0.618566
0.624444
0.631519
0.639503
0.647798
0.655798
0.66292
0.668698
0.672875
0.67539
0.676322
0.675737
0.673639
0.669951
0.664568
0.657329
0.648265
0.637681
0.626041
0.613959
0.602148
0.591334
0.582233
0.575408
0.571163
0.569429
0.569891
0.571995
0.575246
0.579291
0.583886
0.588862
0.594072
0.599348
0.604436
0.609023
0.612872
0.615904
0.618079
0.619581
0.620668
0.621658
0.622791
0.624179
0.625734
0.627121
0.627815
0.62727
0.625013
0.620721
0.614382
0.606404
0.597622
0.589137
0.582064
0.577201
0.574956
0.575461
0.578793
0.585043
0.594209
0.605789
0.618744
0.631578
0.642661
0.650624
0.654582
0.654288
0.65004
0.642578
0.632913
0.622243
0.611733
0.602476
0.595424
0.591266
0.590282
0.592398
0.597152
0.603878
0.611874
0.620363
0.628615
0.635911
0.641592
0.645051
0.645947
0.644181
0.639972
0.633765
0.626137
0.617758
0.609247
0.601185
0.594126
0.588521
0.58472
0.582929
0.58333
0.585871
0.590345
0.596368
0.603402
0.610863
0.61819
0.624872
0.630356
0.634137
0.63573
0.634649
0.63058
0.623389
0.613311
0.600974
0.587348
0.573686
0.561355
0.551684
0.545718
0.544224
0.547671
0.556176
0.569418
0.586687
0.606753
0.62795
0.648438
0.666336
0.680079
0.688646
0.691642
0.689295
0.682362
0.671901
0.659132
0.645285
0.631388
0.618189
0.60624
0.595928
0.587441
0.580988
0.576849
0.575313
0.576667
0.581099
0.588536
0.598543
0.61027
0.622464
0.633664
0.642471
0.647798
0.649113
0.646415
0.640357
0.632191
0.623407
0.615479
0.609559
0.606193
0.605319
0.606333
0.608346
0.610567
0.612458
0.613823
0.61478
0.61555
0.616304
0.617085
0.617732
0.617919
0.617237
0.615334
0.612029
0.60734
0.601442
0.594719
0.58764
0.580781
0.574782
0.570315
0.567982
0.568333
0.571634
0.577971
0.587144
0.598686
0.611901
0.625909
0.639688
0.652191
0.662458
0.669755
0.673629
0.673987
0.671004
0.665013
0.656555
0.646314
0.635064
0.623687
0.613094
0.604209
0.597873
0.594613
0.594561
0.597452
0.60259
0.608987
0.615533
0.621188
0.625144
0.626894
0.626295
0.623497
0.618956
0.613258
0.607034
0.600874
0.595339
0.59088
0.587893
0.586587
0.587095
0.589442
0.593572
0.599332
0.606422
0.614448
0.622791
0.630608
0.636988
0.640904
0.641473
0.638123
0.630692
0.619515
0.605544
0.590171
0.575134
0.562196
0.552884
0.548357
0.549191
0.555368
0.566263
0.580815
0.597649
0.615346
0.632567
0.648174
0.661301
0.671352
0.677943
0.680922
0.680316
0.676515
0.670142
0.662008
0.653102
0.644357
0.636434
0.629627
0.623774
0.618377
0.612785
0.606519
0.599366
0.591646
0.584118
0.577746
0.573288
0.571106
0.571113
0.572998
0.576419
0.581168
0.587112
0.594062
0.601712
0.609556
0.616948
0.623313
0.628164
0.631185
0.632378
0.632031
0.63073
0.629277
0.628367
0.628478
0.629822
0.632214
0.635231
0.638299
0.640797
0.642215
0.642104
0.640205
0.636485
0.631195
0.624881
0.618188
0.61185
0.606443
0.602283
0.599517
0.597987
0.597366
0.597268
0.597338
0.597319
0.597043
0.59646
0.595605
0.594525
0.593328
0.592167
0.591323
0.59109
0.591848
0.594018
0.597916
0.603693
0.611131
0.619682
0.628396
0.636132
0.64175
0.644379
0.643516
0.63919
0.631924
0.622558
0.612173
0.601885
0.592668
0.585292
0.580365
0.578301
0.579275
0.583291
0.590121
0.599344
0.610253
0.621969
0.633476
0.643797
0.652069
0.657611
0.659993
0.659069
0.654954
0.647885
0.638225
0.626428
0.613153
0.599285
0.585996
0.574624
0.566559
0.563021
0.564776
0.572031
0.584362
0.600678
0.619461
0.638946
0.65729
0.672773
0.684022
0.690135
0.690662
0.685604
0.675436
0.661011
0.643559
0.624574
0.605619
0.588245
0.573732
0.562997
0.55641
0.553773
0.554398
0.557318
0.561463
0.565956
0.570343
0.574588
0.579027
0.584086
0.589949
0.596428
0.602969
0.608931
0.613802
0.617282
0.619425
0.620424
0.620568
0.620158
0.619415
0.618565
0.617823
0.617344
0.617231
0.617628
0.618651
0.620384
0.622824
0.625902
0.629412
0.63303
0.636315
0.638749
0.639848
0.639296
0.636899
0.632706
0.626916
0.619914
0.612199
0.604332
0.596955
0.590761
0.586512
0.58503
0.587075
0.593126
0.603169
0.616569
0.632075
0.648023
0.662538
0.673996
0.681196
0.683442
0.680524
0.672694
0.660524
0.64492
0.627006
0.608139
0.589697
0.572939
0.558881
0.548205
0.541244
0.538025
0.538308
0.541626
0.547293
0.554514
0.562479
0.570437
0.577839
0.58452
0.590726
0.59704
0.604103
0.612395
0.62191
0.632113
0.642135
0.650954
0.657804
0.662295
0.664402
0.664452
0.662973
0.660536
0.657625
0.654515
0.651253
0.647715
0.643627
0.638682
0.632592
0.625259
0.616907
0.60797
0.599048
0.590835
0.583926
0.578846
0.575957
0.575427
0.577294
0.581359
0.587363
0.594944
0.603694
0.613237
0.623147
0.633027
0.642522
0.65123
0.658761
0.664708
0.668678
0.670278
0.669167
0.665139
0.65821
0.64875
0.63744
0.625195
0.613086
0.60207
0.592939
0.586225
0.58212
0.580593
0.58134
0.583816
0.587264
0.590792
0.593487
0.594591
0.593634
0.590463
0.585413
0.579225
0.572915
0.56758
0.564224
0.563635
0.566231
0.571975
0.58048
0.591019
0.602744
0.614643
0.625803
0.635402
0.642764
0.647481
0.649399
0.648649
0.645591
0.640775
0.634742
0.627959
0.620744
0.613287
0.605692
0.598031
0.590563
0.583661
0.577936
0.574128
0.572897
0.574737
0.579826
0.587971
0.598686
0.611207
0.624711
0.638453
0.651849
0.664405
0.675707
0.685303
0.692606
0.696917
0.697591
0.694174
0.686494
0.674758
0.659528
0.641714
0.622596
0.603571
0.58605
0.571246
0.559974
0.552513
0.548558
0.547388
0.548051
0.549608
0.551305
0.552742
0.553834
0.554768
0.555915
0.557654
0.560256
0.563923
0.568713
0.574652
0.581734
0.589888
0.598864
0.608168
0.617086
0.624803
0.630673
0.634298
0.635733
0.635419
0.634122
0.632835
0.632491
0.633881
0.637353
0.642859
0.649859
0.657564
0.665139
0.671929
0.677446
0.681433
0.683708
0.684102
0.682377
0.678237
0.671463
0.662014
0.65021
0.636725
0.622661
0.609276
0.597695
0.588634
0.582377
0.578844
0.577671
0.578452
0.580842
0.584584
0.58937
0.594748
0.600215
0.605256
0.609415
0.612364
0.61393
0.614031
0.612747
0.610262
0.60685
0.60292
0.59885
0.595006
0.591728
0.589338
0.588106
0.588231
0.58982
0.59291
0.59748
0.603345
0.61024
0.617756
0.625456
0.63279
0.639126
0.643777
0.645901
0.644709
0.639576
0.63027
0.617137
0.601133
0.583725
0.566773
0.552139
0.541445
0.535735
0.535442
0.540405
0.550016
0.563444
0.579821
0.598398
0.618485
0.639387
0.660467
0.681026
0.700362
0.717707
0.732253
0.743237
0.749864
0.75139
0.747252
0.737134
0.721253
0.700266
0.675339
0.648054
0.620283
0.593993
0.570976
0.552515
0.539285
0.53135
0.528147
0.528925
0.532855
0.539241
0.547539
0.55733
0.56823
0.579919
0.592154
0.604678
0.617195
0.629282
0.640374
0.649896
0.657168
0.661568
0.662635
0.660232
0.654466
0.645705
0.634642
0.622238
0.609685
0.598157
0.588787
0.582453
0.579632
0.580253
0.58382
0.589505
0.596316
0.603465
0.610339
0.616506
0.62162
0.625366
0.627394
0.627464
0.62551
0.621708
0.616415
0.610156
0.603528
0.59721
0.591906
0.588316
0.587069
0.588647
0.593281
0.6009
0.611058
0.622922
0.635395
0.647182
0.656946
0.663397
0.665491
0.662502
0.654261
0.641136
0.624063
0.604446
0.5841
0.564929
0.548648
0.536608
0.529636
0.528039
0.531697
0.540061
0.552246
0.567124
0.58344
0.599886
0.615394
0.629288
0.641275
0.651348
0.65968
0.666422
0.671665
0.675443
0.677731
0.678408
0.677289
0.674226
0.669074
0.661834
0.65273
0.642166
0.630891
0.620006
0.610791
0.604466
0.601803
0.602782
0.606722
0.612467
0.618644
0.624096
0.627973
0.629827
0.629572
0.62756
0.624458
0.621048
0.618057
0.616026
0.615122
0.615071
0.615325
0.615221
0.614204
0.611859
0.608167
0.603238
0.597388
0.590984
0.584418
0.578047
0.572316
0.567668
0.564576
0.563423
0.564494
0.567874
0.57347
0.580994
0.590109
0.600361
0.611233
0.622169
0.632603
0.641922
0.649581
0.655075
0.657918
0.657831
0.654775
0.649027
0.641151
0.631914
0.622275
0.613181
0.605466
0.599768
0.596428
0.595491
0.596756
0.599706
0.603608
0.607698
0.611306
0.613942
0.615491
0.616168
0.616429
0.616844
0.617858
0.619718
0.622397
0.62557
0.628765
0.631473
0.633115
0.633293
0.631824
0.62868
0.624109
0.618752
0.613493
0.609364
0.607299
0.607722
0.610316
0.614165
0.617949
0.620322
0.620283
0.617365
0.611656
0.603808
0.594929
0.586377
0.579477
0.575267
0.574361
0.576831
0.58228
0.589931
0.598848
0.608133
0.617029
0.62494
0.631596
0.637008
0.641351
0.644999
0.648299
0.651558
0.654855
0.658104
0.661007
0.66304
0.663555
0.661917
0.657644
0.650599
0.640992
0.62955
0.617316
0.605464
0.595038
0.586712
0.580707
0.576812
0.574584
0.573524
0.573204
0.573418
0.574189
0.575722
0.578387
0.582533
0.588328
0.595688
0.604153
0.612928
0.620952
0.627209
0.630866
0.631522
0.629289
0.624741
0.618826
0.612658
0.607411
0.604122
0.603531
0.606077
0.61182
0.620372
0.630799
0.641717
0.65151
0.65865
0.662065
0.661344
0.656816
0.649349
0.640087
0.630161
0.620479
0.611593
0.603632
0.596438
0.589766
0.583488
0.577647
0.57245
0.568239
0.565408
0.564252
0.564921
0.567303
0.57118
0.576264
0.582274
0.588997
0.596254
0.60373
0.610943
0.617159
0.621583
0.623571
0.622839
0.619615
0.614558
0.608816
0.603689
0.600452
0.600114
0.603161
0.609555
0.61867
0.629531
0.640987
0.651857
0.661097
0.667885
0.671725
0.672393
0.669947
0.66466
0.657042
0.647723
0.637509
0.627271
0.617849
0.609947
0.604031
0.600228
0.598325
0.597779
0.597861
0.597888
0.597333
0.595947
0.59381
0.591239
0.588745
0.586917
0.586238
0.587105
0.589692
0.593917
0.599351
0.605387
0.61115
0.615776
0.618504
0.618821
0.616623
0.612252
0.606522
0.600606
0.595844
0.593501
0.594488
0.599102
0.607054
0.617386
0.628727
0.639657
0.648887
0.655539
0.659217
0.660001
0.658367
0.654948
0.650513
0.645728
0.641
0.636436
0.631819
0.626738
0.620759
0.613621
0.605302
0.596156
0.586822
0.578154
0.571067
0.566443
0.564966
0.567059
0.57274
0.58155
0.592579
0.604657
0.616591
0.627316
0.63596
0.641954
0.645113
0.645556
0.643708
0.640185
0.635714
0.63112
0.627109
0.624147
0.622312
0.621318
0.620667
0.619686
0.617676
0.614133
0.608773
0.601573
0.592886
0.583455
0.57433
0.566671
0.561537
0.559639
0.561239
0.566136
0.573837
0.583592
0.594606
0.606034
0.6172
0.627618
0.637074
0.645631
0.653561
0.661107
0.668251
0.674655
0.679678
0.682571
0.682652
0.679533
0.673242
0.664192
0.653121
0.640935
0.62847
0.616337
0.604872
0.594153
0.584113
0.574689
0.56586
0.557808
0.5509
0.545682
0.542837
0.542974
0.546466
0.553281
0.562866
0.574232
0.586267
0.598004
0.608781
0.618314
0.626545
0.633476
0.639042
0.643057
0.645259
0.645405
0.643346
0.639074
0.63278
0.624922
0.616131
0.607097
0.598441
0.590616
0.58398
0.578759
0.575226
0.573769
0.574912
0.579058
0.586365
0.596501
0.608578
0.621236
0.632941
0.642264
0.648087
0.649862
0.647666
0.642094
0.634138
0.625038
0.616067
0.608385
0.602771
0.599614
0.598977
0.600673
0.604301
0.609368
0.615342
0.621699
0.627873
0.633276
0.637356
0.639535
0.639309
0.636408
0.630878
0.623175
0.614195
0.605133
0.597261
0.591682
0.588974
0.589166
0.591699
0.595734
0.600437
0.605072
0.609142
0.612374
0.614681
0.616139
0.616943
0.617343
0.617522
0.617642
0.617823
0.61808
0.618359
0.618503
0.618323
0.617611
0.616265
0.614293
0.611902
0.60943
0.607358
0.606017
0.605665
0.606344
0.607906
0.610161
0.612872
0.615891
0.619173
0.622696
0.626266
0.629532
0.631958
0.632927
0.631902
0.628472
0.622581
0.614475
0.604724
0.594066
0.583365
0.573501
0.565244
0.5592
0.555744
0.554995
0.556878
0.561133
0.567393
0.575268
0.584312
0.59399
0.603673
0.612666
0.620393
0.626437
0.630694
0.633401
0.635115
0.636534
0.638337
0.640965
0.644624
0.649172
0.654247
0.659291
0.663621
0.66671
0.668172
0.667882
0.666021
0.662882
0.658792
0.653956
0.648329
0.641788
0.634178
0.625458
0.615801
0.605572
0.595217
0.585168
0.57577
0.567262
0.559845
0.553788
0.549426
0.547235
0.547744
0.551355
0.558117
0.567755
0.579627
0.592866
0.60657
0.619932
0.632311
0.643272
0.652494
0.659821
0.665061
0.668047
0.668636
0.666672
0.66193
0.654181
0.643332
0.629509
0.613101
0.594956
0.576348
0.55887
0.544178
0.533728
0.528618
0.529482
0.536337
0.548494
0.564689
0.583204
0.602169
0.619909
0.635257
0.647625
0.656808
0.662906
0.666123
0.666766
0.665281
0.662165
0.658078
0.653812
0.650222
0.64806
0.647774
0.649354
0.6524
0.656096
0.65954
0.661958
0.662841
0.661986
0.659358
0.654944
0.648728
0.64051
0.630092
0.617281
0.602189
0.585266
0.567481
0.550145
0.534754
0.522776
0.515342
0.513113
0.516121
0.523795
0.535099
0.548668
0.563008
0.576693
0.588551
0.597692
0.603636
0.606279
0.605945
0.603299
0.599373
0.595355
0.592519
0.591933
0.594318
0.599862
0.608173
0.6184
0.629357
0.639802
0.648596
0.654803
0.657841
0.657401
0.653699
0.647457
0.639908
0.632658
0.627346
0.625237
0.627048
0.632745
0.641613
0.652423
0.66376
0.674191
0.682391
0.687272
0.688088
0.684404
0.676026
0.663096
0.646101
0.625838
0.603463
0.580484
0.558726
0.540149
0.526543
0.519178
0.518565
0.524338
0.535431
0.5504
0.567726
0.58602
0.604214
0.62158
0.637618
0.652028
0.66454
0.674852
0.682692
0.687722
0.689587
0.687985
0.682636
0.673431
0.660482
0.644311
0.625824
0.606462
0.588058
0.572622
0.561789
0.556442
0.556472
0.560879
0.568104
0.576368
0.583941
0.589331
0.591467
0.589853
0.584629
0.576685
0.567533
0.559097
0.553344
0.551978
0.555986
0.565503
0.579814
0.597562
0.617078
0.636719
0.655078
0.671088
0.684101
0.693819
0.700321
0.703893
0.704974
0.704113
0.701796
0.698377
0.694004
0.688569
0.681778
0.673336
0.662912
0.650318
0.635592
0.618919
0.600631
0.581288
0.561592
0.542564
0.525399
0.511471
0.502193
0.498689
0.501483
0.510358
0.524422
0.54221
0.561972
0.581949
0.600557
0.616541
0.62912
0.637912
0.643006
0.644786
0.643903
0.641218
0.637684
0.634175
0.631514
0.630226
0.630452
0.632048
0.634648
0.637787
0.641098
0.644413
0.647555
0.650446
0.652917
0.654704
0.655414
0.654652
0.652117
0.647622
0.641086
0.632559
0.622174
0.610104
0.596593
0.582109
0.567333
0.553182
0.540765
0.531236
0.525551
0.524393
0.527962
0.535959
0.547734
0.562384
0.5788
0.595828
0.612363
0.627437
0.640333
0.650585
0.658008
0.662722
0.664944
0.66492
0.662934
0.659232
0.654004
0.64751
0.640168
0.632567
0.625391
0.619323
0.614917
0.612443
0.61174
0.612365
0.613634
0.614911
0.615681
0.615782
0.615393
0.614922
0.614861
0.615562
0.617147
0.619396
0.621851
0.62393
0.625073
0.624844
0.623047
0.619723
0.615073
0.609507
0.603518
0.59773
0.592796
0.589404
0.588263
0.589999
0.59494
0.602993
0.61346
0.625223
0.636986
0.647621
0.656373
0.662751
0.666455
0.667294
0.665016
0.659383
0.650329
0.638002
0.623031
0.606472
0.589833
0.574866
0.563301
0.55659
0.555485
0.559897
0.568891
0.580903
0.594039
0.60643
0.616547
0.623359
0.626542
0.626416
0.624022
0.620802
0.618218
0.617324
0.618518
0.621549
0.625675
0.629972
0.633561
0.635824
0.636481
0.635551
0.63314
0.629358
0.624306
0.618116
0.611037
0.60348
0.596075
0.58953
0.584449
0.581314
0.580328
0.58139
0.584183
0.588195
0.592828
0.597506
0.601657
0.604887
0.607013
0.608095
0.60829
0.607855
0.606913
0.605598
0.603957
0.602038
0.599988
0.598069
0.596569
0.595791
0.595981
0.597291
0.599774
0.603349
0.60785
0.612963
0.618214
0.623014
0.626815
0.62914
0.629629
0.628247
0.625296
0.621286
0.61693
0.612895
0.609624
0.607341
0.606087
0.605826
0.606582
0.60842
0.611544
0.616134
0.622235
0.629647
0.637834
0.645936
0.652989
0.658042
0.660436
0.659832
0.656183
0.649781
0.641232
0.631342
0.62114
0.611768
0.604223
0.59933
0.597542
0.598868
0.602906
0.6088
0.615472
0.621741
0.626499
0.628805
0.628118
0.624305
0.617685
0.608997
0.599336
0.590034
0.582376
0.57755
0.576388
0.579306
0.586122
0.596148
0.608222
0.620839
0.63245
0.641647
0.647445
0.649355
0.647502
0.642559
0.635508
0.627509
0.619655
0.612865
0.607801
0.604843
0.603976
0.60488
0.607046
0.609744
0.612249
0.613863
0.614002
0.612377
0.608985
0.604146
0.598516
0.592926
0.58835
0.585713
0.58563
0.588271
0.59322
0.599579
0.606267
0.612338
0.617245
0.62093
0.623687
0.625847
0.62757
0.628778
0.629093
0.628059
0.625383
0.621087
0.615559
0.609569
0.604122
0.600257
0.598841
0.600317
0.604569
0.610939
0.618389
0.625854
0.632424
0.637487
0.640736
0.642086
0.641595
0.63947
0.63611
0.63207
0.627909
0.624095
0.620852
0.618057
0.615269
0.611857
0.607246
0.601141
0.593682
0.585477
0.57747
0.570711
0.566061
0.563864
0.563959
0.565785
0.56859
0.571659
0.574531
0.577069
0.579471
0.582176
0.585669
0.59032
0.596233
0.603284
0.611119
0.619232
0.627147
0.634386
0.640547
0.645288
0.648291
0.649232
0.647971
0.64462
0.639624
0.633728
0.627904
0.623138
0.620282
0.619798
0.621681
0.625453
0.63036
0.635548
0.640221
0.643784
0.645852
0.646366
0.645551
0.643689
0.64104
0.637671
0.633341
0.627685
0.620381
0.61142
0.601307
0.59097
0.581517
0.574074
0.569471
0.568144
0.569974
0.574496
0.580953
0.588573
0.596621
0.604383
0.611197
0.616454
0.619733
0.62092
0.62016
0.617842
0.614598
0.611071
0.607832
0.605372
0.604062
0.604053
0.605321
0.607671
0.610762
0.614236
0.61785
0.621475
0.625102
0.628825
0.632787
0.637075
0.641551
0.645785
0.649189
0.651246
0.651615
0.650247
0.647233
0.642729
0.636822
0.629538
0.620933
0.611123
0.600329
0.588937
0.57745
0.566459
0.556653
0.548833
0.543953
0.542902
0.546378
0.554634
0.567427
0.583921
0.602849
0.622753
0.642197
0.65992
0.674811
0.686127
0.693415
0.696514
0.695656
0.69133
0.684244
0.675191
0.664935
0.654057
0.642896
0.631592
0.620255
0.608967
0.597942
0.587586
0.578362
0.570752
0.565041
0.561318
0.559478
0.559236
0.560241
0.562182
0.564826
0.568003
0.571639
0.575622
0.579722
0.583681
0.587272
0.590406
0.593258
0.596225
0.599699
0.604007
0.609299
0.615459
0.622272
0.629495
0.636913
0.644294
0.651437
0.658105
0.664052
0.669081
0.672979
0.675505
0.676455
0.675544
0.672385
0.66661
0.658013
0.64669
0.633115
0.618169
0.602917
0.588466
0.575873
0.566028
0.559544
0.556712
0.557469
0.561464
0.568136
0.576813
0.586731
0.596998
0.606678
0.614801
0.620523
0.623285
0.622893
0.619603
0.614117
0.607402
0.600663
0.59506
0.591645
0.591076
0.59348
0.598388
0.604818
0.611478
0.616939
0.619952
0.61975
0.616136
0.609586
0.601207
0.592591
0.585442
0.581194
0.580716
0.584202
0.591281
0.601131
0.612677
0.624744
0.636082
0.645693
0.652898
0.657435
0.659421
0.659192
0.657186
0.653804
0.649398
0.644173
0.638251
0.631742
0.624792
0.617695
0.610989
0.605458
0.602017
0.601502
0.604446
0.610855
0.620064
0.630881
0.641815
0.651328
0.658036
0.660998
0.659828
0.654705
0.646237
0.635389
0.623267
0.610911
0.599273
0.589095
0.580864
0.574863
0.57116
0.569558
0.569688
0.571074
0.573266
0.575865
0.578613
0.58139
0.584186
0.586983
0.589772
0.592486
0.595145
0.597838
0.600753
0.604097
0.608103
0.612987
0.618817
0.625593
0.633081
0.640909
0.648561
0.655482
0.661183
0.665371
0.66789
0.668775
0.668112
0.665961
0.662205
0.656562
0.648756
0.638757
0.626872
0.613892
0.601079
0.589821
0.581182
0.575683
0.573193
0.572964
0.573814
0.574508
0.573978
0.571566
0.567117
0.560996
0.554164
0.547967
0.544034
0.543896
0.548621
0.558609
0.573351
0.591698
0.612178
0.633329
0.653856
0.672706
0.688979
0.701759
0.710255
0.713786
0.711977
0.704909
0.693184
0.677832
0.660221
0.641749
0.623617
0.606692
0.591562
0.578679
0.568487
0.561322
0.557454
0.556889
0.559349
0.5642
0.570685
0.577908
0.585126
0.591828
0.597762
0.603014
0.607854
0.612708
0.617955
0.623827
0.630379
0.637471
0.644858
0.652163
0.658905
0.664534
0.668419
0.670002
0.668899
0.664977
0.65837
0.64944
0.638782
0.627159
0.615351
0.604082
0.593913
0.585221
0.578198
0.572904
0.569455
0.568003
0.568718
0.571585
0.576257
0.58184
0.587075
0.590602
0.591385
0.588981
0.583714
0.576508
0.568778
0.562107
0.557834
0.556829
0.559496
0.565775
0.575222
0.587186
0.60089
0.615487
0.630083
0.643812
0.655869
0.665615
0.67268
0.676845
0.678095
0.676535
0.672429
0.66605
0.657854
0.648431
0.638462
0.628617
0.619539
0.611628
0.604985
0.599389
0.594438
0.589699
0.584844
0.579828
0.574909
0.570591
0.567387
0.565737
0.565882
0.56778
0.571092
0.575254
0.579618
0.583667
0.587111
0.589915
0.592351
0.59494
0.598142
0.602342
0.607767
0.614448
0.622172
0.630589
0.639283
0.647798
0.655644
0.662333
0.667384
0.670302
0.670555
0.667776
0.661765
0.652568
0.640624
0.626755
0.612137
0.598238
0.586687
0.579025
0.576377
0.579086
0.586516
0.597148
0.608797
0.619183
0.626487
0.629711
0.628845
0.624811
0.619105
0.613346
0.608816
0.606211
0.605544
0.606411
0.608204
0.610482
0.613084
0.616058
0.619597
0.62384
0.62881
0.634184
0.639301
0.643343
0.645544
0.645385
0.64278
0.638109
0.63215
0.625905
0.62038
0.616348
0.614178
0.613941
0.615326
0.617826
0.620707
0.623216
0.624659
0.624478
0.622418
0.618443
0.61286
0.606261
0.599427
0.593176
0.588296
0.585401
0.584821
0.586612
0.59054
0.596088
0.602583
0.609242
0.615358
0.620329
0.623915
0.626148
0.627375
0.628022
0.628436
0.628711
0.628707
0.628087
0.626507
0.623779
0.619929
0.615157
0.609718
0.603823
0.597595
0.591127
0.584633
0.578511
0.573305
0.569655
0.568085
0.568927
0.572095
0.577238
0.583714
0.590736
0.597397
0.60295
0.606963
0.60939
0.610506
0.610861
0.611065
0.611662
0.613094
0.615608
0.619352
0.624344
0.630417
0.637276
0.644502
0.651589
0.657988
0.663237
0.666879
0.668543
0.667893
0.664816
0.659364
0.651784
0.642528
0.632274
0.621776
0.611854
0.603273
0.596676
0.592368
0.590346
0.590394
0.592135
0.595158
0.599049
0.603405
0.607757
0.611653
0.614526
0.615974
0.615741
0.613818
0.610472
0.606239
0.601754
0.597712
0.594834
0.593835
0.595314
0.59962
0.606723
0.616046
0.626423
0.636469
0.64476
0.650141
0.65194
0.649962
0.644562
0.636484
0.626786
0.616633
0.607193
0.599361
0.593676
0.590334
0.589152
0.589701
0.5914
0.593665
0.595942
0.597854
0.599217
0.600064
0.600531
0.600844
0.601238
0.601879
0.602892
0.604453
0.606803
0.610188
0.614843
0.620822
0.627893
0.635491
0.642706
0.648484
0.651779
0.651886
0.648461
0.641701
0.63236
0.621642
0.610938
0.601586
0.594599
0.590463
0.589069
0.589764
0.591574
0.593366
0.594182
0.593488
0.591293
0.588155
0.584965
0.58262
0.581835
0.583028
0.586327
0.591689
0.598938
0.607785
0.617816
0.628485
0.639148
0.649028
0.657347
0.663504
0.667098
0.668035
0.666358
0.662259
0.655997
0.64784
0.638171
0.627424
0.616193
0.605196
0.595178
0.586909
0.581
0.577906
0.577735
0.580346
0.585258
0.591819
0.599323
0.606977
0.614149
0.620353
0.625224
0.628529
0.630156
0.630104
0.62847
0.625433
0.621198
0.616085
0.610552
0.605055
0.60014
0.596253
0.593809
0.592989
0.593861
0.59626
0.599833
0.60413
0.608602
0.61268
0.615925
0.618176
0.619462
0.620044
0.620242
0.620355
0.620609
0.621145
0.621901
0.622752
0.623526
0.623989
0.623852
0.622842
0.620714
0.617316
0.612669
0.607027
0.600869
0.594934
0.590067
0.587047
0.586449
0.588544
0.593233
0.60024
0.609204
0.619928
0.632306
0.646083
0.660663
0.675038
0.687879
0.697819
0.703754
0.705084
0.701724
0.694018
0.682549
0.668014
0.65115
0.63276
0.613801
0.595407
0.578843
0.565473
0.556417
0.552293
0.553054
0.557886
0.565335
0.57357
0.580754
0.585416
0.586578
0.583967
0.577934
0.569369
0.559511
0.549714
0.541329
0.535553
0.53333
0.535295
0.541771
0.552739
0.567855
0.586457
0.607604
0.630225
0.653115
0.675039
0.694805
0.711365
0.723819
0.731479
0.733838
0.730627
0.722023
0.708503
0.69095
0.670615
0.64902
0.627966
0.609293
0.594681
0.585444
0.582235
0.584881
0.592376
0.602958
0.614529
0.624956
0.63243
0.635704
0.634188
0.627919
0.617534
0.604115
0.589061
0.573902
0.560178
0.549236
0.542044
0.539096
0.540452
0.54569
0.55399
0.564244
0.575176
0.585564
0.594394
0.601056
0.605503
0.608185
0.609844
0.611357
0.613436
0.616413
0.620203
0.624307
0.628032
0.630744
0.631978
0.631687
0.630227
0.628298
0.626703
0.626219
0.627295
0.630019
0.634022
0.638499
0.642337
0.644348
0.643508
0.6392
0.631423
0.620936
0.609206
0.598051
0.589173
0.583677
0.581939
0.583682
0.588246
0.594827
0.602579
0.61063
0.618108
0.624141
0.627937
0.629021
0.627237
0.622887
0.616693
0.60971
0.603139
0.598177
0.595815
0.596638
0.600769
0.607956
0.617615
0.628878
0.640725
0.652029
0.661449
0.667612
0.669141
0.665051
0.654853
0.638778
0.617854
0.593925
0.569421
0.547133
0.529753
0.519476
0.517695
0.524697
0.539546
0.560235
0.584073
0.608316
0.630537
0.648937
0.662528
0.670994
0.674554
0.673765
0.669439
0.662514
0.653991
0.644802
0.635795
0.627746
0.621188
0.616527
0.613919
0.61339
0.614803
0.617868
0.621962
0.626362
0.630156
0.632436
0.63249
0.629837
0.624367
0.616281
0.606111
0.594589
0.582633
0.571187
0.561121
0.553122
0.54769
0.545102
0.54549
0.548818
0.554921
0.56352
0.574151
0.58624
0.599036
0.611706
0.623347
0.633167
0.640577
0.645268
0.647283
0.647071
0.64536
0.642981
0.640722
0.639207
0.638781
0.639502
0.64125
0.643798
0.646885
0.650214
0.653516
0.656465
0.65867
0.659663
0.658854
0.655638
0.649495
0.640119
0.627564
0.612358
0.595489
0.57823
0.56205
0.548283
0.538127
0.532629
0.532658
0.538649
0.55033
0.566474
0.584936
0.60318
0.618943
0.630794
0.638229
0.641605
0.641925
0.64054
0.63883
0.637792
0.637894
0.639009
0.640568
0.64186
0.642244
0.641299
0.638973
0.63546
0.631197
0.62663
0.622127
0.617855
0.613766
0.609676
0.605419
0.600901
0.596179
0.591571
0.587477
0.584376
0.582706
0.582765
0.584682
0.588428
0.593851
0.600849
0.609304
0.619044
0.629865
0.641415
0.65315
0.664268
0.673884
0.68106
0.684965
0.684992
0.680784
0.672319
0.659974
0.644454
0.626776
0.608174
0.589924
0.573239
0.559045
0.547792
0.539534
0.534051
0.531084
0.530467
0.532162
0.536184
0.54247
0.550755
0.560524
0.571153
0.582062
0.592786
0.602945
0.61224
0.620386
0.627229
0.632775
0.637161
0.640707
0.643828
0.646926
0.650357
0.654215
0.65845
0.662774
0.666715
0.669689
0.671036
0.670188
0.666776
0.660551
0.651502
0.639796
0.625802
0.610041
0.593219
0.576236
0.56016
0.546191
0.535575
0.529415
0.528434
0.532789
0.541976
0.554947
0.570189
0.586003
0.600745
0.613113
0.622285
0.628047
0.630701
0.630959
0.629748
0.628067
0.626784
0.626647
0.628146
0.631564
0.636952
0.64404
0.652273
0.660741
0.668409
0.674142
0.676954
0.676237
0.671723
0.663577
0.652247
0.638395
0.622882
0.606624
0.590606
0.575788
0.563026
0.552999
0.545983
0.541828
0.540131
0.540331
0.541966
0.544768
0.548628
0.553634
0.559891
0.567604
0.576884
0.58768
0.599714
0.612451
0.625252
0.637441
0.648493
0.658075
0.666024
0.67234
0.677049
0.680299
0.682222
0.682969
0.682671
0.681361
0.678945
0.675218
0.670002
0.663172
0.654665
0.644541
0.633008
0.620326
0.606769
0.592652
0.578327
0.564331
0.551373
0.540429
0.532695
0.529258
0.530835
0.537549
0.548846
0.563535
0.58003
0.596641
0.611805
0.624317
0.633398
0.638771
0.64065
0.639575
0.636415
0.63234
0.628563
0.62613
0.625687
0.62736
0.630748
0.635215
0.640079
0.644674
0.648485
0.651163
0.652486
0.652306
0.650589
0.64744
0.643142
0.638072
0.63259
0.626855
0.620713
0.613794
0.605776
0.596774
0.587499
0.579209
0.573203
0.570384
0.570967
0.574565
0.580482
0.587952
0.596248
0.604643
0.61237
0.618659
0.622809
0.624445
0.623607
0.620773
0.616797
0.612703
0.60945
0.607776
0.607957
0.609795
0.612716
0.615935
0.618668
0.620303
0.620575
0.619643
0.618045
0.61658
0.615989
0.616753
0.619074
0.622943
0.628281
0.634974
0.64282
0.651369
0.65981
0.667045
0.672026
0.673916
0.672247
0.667033
0.658665
0.647847
0.635426
0.622348
0.609472
0.597426
0.586596
0.577188
0.569417
0.563472
0.55944
0.55729
0.556814
0.557573
0.558994
0.560437
0.561348
0.561406
0.560639
0.559456
0.558601
0.558962
0.561445
0.566606
0.574518
0.584669
0.596019
0.60729
0.617279
0.625127
0.630498
0.633514
0.634794
0.635233
0.635739
0.636944
0.639059
0.641833
0.644695
0.646927
0.647895
0.647284
0.645144
0.641912
0.638255
0.634898
0.63247
0.631311
0.631511
0.632918
0.635212
0.637982
0.640805
0.643269
0.645007
0.645601
0.644678
0.641825
0.636772
0.629439
0.620007
0.608937
0.596907
0.584964
0.574433
0.566694
0.562958
0.563963
0.569605
0.578989
0.590694
0.603143
0.615028
0.625519
0.634274
0.641269
0.6466
0.650298
0.652184
0.651863
0.648873
0.642913
0.63392
0.62219
0.608397
0.593443
0.578277
0.563764
0.550626
0.539432
0.53057
0.524312
0.520813
0.520252
0.522719
0.528306
0.537098
0.54905
0.563952
0.581395
0.600603
0.620535
0.63991
0.657397
0.671841
0.682401
0.688663
0.69066
0.688993
0.684755
0.679355
0.674286
0.670735
0.669287
0.669666
0.670884
0.671526
0.67015
0.665756
0.658139
0.647732
0.635601
0.623028
0.611233
0.601067
0.592824
0.586176
0.580373
0.574532
0.567986
0.560492
0.552418
0.544639
0.538239
0.534166
0.533015
0.534937
0.539744
0.547157
0.556985
0.569187
0.583777
0.600602
0.619233
0.638874
0.658382
0.676538
0.69211
0.704071
0.711575
0.714116
0.711446
0.703685
0.691273
0.674984
0.655856
0.635154
0.614245
0.594477
0.577152
0.563381
0.554002
0.549457
0.549623
0.553799
0.560893
0.569553
0.578445
0.586495
0.592886
0.597184
0.599315
0.599485
0.598109
0.595801
0.593244
0.59111
0.589968
0.590229
0.592092
0.595556
0.600505
0.606798
0.614323
0.623081
0.633003
0.643964
0.655635
0.667371
0.678269
0.687156
0.692821
0.694219
0.690719
0.682284
0.669463
0.65335
0.635353
0.61698
0.599597
0.584336
0.57198
0.562931
0.557168
0.55442
0.554221
0.555961
0.55905
0.563082
0.567869
0.573386
0.57974
0.587015
0.595221
0.604233
0.613778
0.623448
0.632872
0.641719
0.649655
0.656389
0.661673
0.665191
0.666639
0.665838
0.662754
0.657588
0.650697
0.642592
0.633858
0.625098
0.616766
0.609179
0.602413
0.596405
0.590946
0.585772
0.58072
0.575768
0.571054
0.566899
0.563771
0.562157
0.562458
0.564846
0.569235
0.575261
0.582416
0.590185
0.598022
0.605437
0.612132
0.617884
0.622601
0.626339
0.629293
0.631821
0.634285
0.637059
0.640325
0.644057
0.647959
0.651539
0.654328
0.655957
0.656234
0.655157
0.652854
0.6495
0.645275
0.640276
0.634475
0.627914
0.620674
0.612985
0.605334
0.598292
0.592301
0.587581
0.584062
0.581551
0.579721
0.578382
0.577571
0.577567
0.578882
0.581987
0.587208
0.594603
0.60384
0.614234
0.624851
0.634724
0.642959
0.648966
0.652466
0.653646
0.652879
0.650758
0.647989
0.645275
0.643081
0.641635
0.640862
0.640392
0.639533
0.637411
0.633091
0.625774
0.614891
0.600376
0.58276
0.563247
0.543724
0.526566
0.514285
0.508844
0.51116
0.520865
0.536626
0.556556
0.578629
0.600988
0.622114
0.640818
0.656341
0.668236
0.676391
0.680986
0.682341
0.681013
0.67776
0.673416
0.668855
0.664726
0.661321
0.658632
0.656326
0.653929
0.650949
0.647001
0.641842
0.635348
0.627547
0.618499
0.608416
0.597632
0.586625
0.575975
0.566246
0.557977
0.55148
0.546833
0.543832
0.542156
0.541474
0.541641
0.54287
0.545704
0.550905
0.559226
0.571263
0.587094
0.606182
0.62732
0.648763
0.668551
0.684887
0.696477
0.70271
0.703572
0.69956
0.691345
0.679668
0.665325
0.649192
0.632311
0.615935
0.601335
0.589745
0.582147
0.579121
0.580717
0.586464
0.595411
0.606435
0.61848
0.630723
0.642541
0.653392
0.662598
0.669224
0.672217
0.670722
0.664157
0.652475
0.636208
0.616427
0.594793
0.573276
0.554001
0.538916
0.529383
0.525909
0.528121
0.535007
0.545124
0.556996
0.569295
0.581011
0.591452
0.600282
0.607488
0.613333
0.618175
0.622399
0.626301
0.630006
0.633484
0.636561
0.639152
0.641207
0.642735
0.643797
0.644514
0.645045
0.645496
0.646077
0.646964
0.648276
0.649874
0.651315
0.651929
0.650961
0.647781
0.642012
0.633662
0.623143
0.611222
0.598906
0.587372
0.577857
0.571445
0.568942
0.570726
0.576688
0.586223
0.598425
0.612176
0.62628
0.639609
0.651197
0.660298
0.666385
0.669127
0.668395
0.664329
0.657153
0.647268
0.635231
0.621798
0.607823
0.594268
0.582159
0.572401
0.565611
0.56206
0.561641
0.563852
0.567908
0.572931
0.577959
0.582151
0.584978
0.586335
0.586546
0.586306
0.586426
0.587678
0.590534
0.595036
0.600723
0.606828
0.61251
0.617128
0.620424
0.622494
0.623662
0.624357
0.624989
0.625868
0.627058
0.628416
0.629706
0.630636
0.630904
0.630411
0.629132
0.627352
0.625567
0.624392
0.624444
0.626133
0.629541
0.634502
0.64052
0.64687
0.652717
0.657159
0.659355
0.658622
0.654661
0.647566
0.637799
0.626077
0.61332
0.600505
0.588709
0.578917
0.572009
0.56862
0.568897
0.572342
0.577949
0.58436
0.590231
0.594503
0.596674
0.596681
0.594859
0.591841
0.588279
0.584828
0.582004
0.580205
0.579776
0.58096
0.583884
0.588559
0.594881
0.602597
0.611341
0.620687
0.630209
0.639477
0.648175
0.656059
0.662962
0.668758
0.673163
0.675782
0.676106
0.673475
0.667347
0.657465
0.644037
0.627836
0.610288
0.593368
0.579176
0.569563
0.565767
0.56812
0.575948
0.587812
0.601803
0.616016
0.628948
0.639592
0.647462
0.652529
0.655086
0.655692
0.654976
0.65351
0.651795
0.650124
0.648621
0.647168
0.64552
0.643322
0.640224
0.635971
0.630493
0.623805
0.615948
0.607066
0.597308
0.58689
0.576137
0.565458
0.555348
0.546466
0.539586
0.535446
0.534726
0.537916
0.545029
0.555524
0.5684
0.582286
0.595654
0.607112
0.61559
0.620473
0.621659
0.619533
0.614919
0.60891
0.602738
0.597601
0.594444
0.593836
0.595865
0.600058
0.605643
0.611734
0.617457
0.622195
0.6257
0.628069
0.629588
0.63066
0.631673
0.632997
0.634942
0.637766
0.641694
0.646912
0.653428
0.660931
0.668735
0.67585
0.681053
0.683167
0.681267
0.674988
0.664583
0.650972
0.635472
0.619552
0.604573
0.591574
0.581353
0.57434
0.57076
0.570589
0.573513
0.578905
0.585894
0.593534
0.600994
0.607785
0.613702
0.618764
0.623165
0.627071
0.630522
0.633338
0.635232
0.63588
0.63503
0.632615
0.628962
0.624534
0.619891
0.615614
0.612044
0.609233
0.606964
0.604774
0.602219
0.59906
0.5952
0.590827
0.586324
0.582186
0.578897
0.576888
0.576482
0.577835
0.580998
0.585799
0.591795
0.598317
0.604547
0.609587
0.61274
0.613654
0.612432
0.60974
0.60667
0.604481
0.604368
0.607079
0.612707
0.620647
0.62981
0.638955
0.646923
0.652726
0.655777
0.655878
0.653244
0.648602
0.642972
0.637523
0.633218
0.630635
0.629867
0.630506
0.631805
0.632805
0.632537
0.630227
0.625361
0.617853
0.608018
0.59665
0.585022
0.57465
0.5672
0.564043
0.565964
0.572883
0.583813
0.59708
0.610687
0.622795
0.632029
0.637604
0.639365
0.637611
0.633006
0.626364
0.618582
0.610446
0.602557
0.595383
0.589184
0.584192
0.580707
0.579179
0.58009
0.583703
0.589918
0.598149
0.607495
0.616838
0.625132
0.631661
0.636023
0.63822
0.638537
0.637457
0.635449
0.632977
0.630497
0.62829
0.626533
0.62527
0.624385
0.623639
0.622811
0.621691
0.620132
0.618046
0.615423
0.612386
0.609207
0.606251
0.603935
0.602758
0.603121
0.605334
0.609393
0.614972
0.621448
0.62792
0.633411
0.637199
0.638881
0.638579
0.636718
0.633871
0.630651
0.627522
0.624841
0.622659
0.62082
0.619
0.616874
0.614335
0.611568
0.609024
0.607218
0.606626
0.607549
0.609991
0.613732
0.618339
0.623209
0.62764
0.630869
0.63225
0.631283
0.627739
0.62156
0.612878
0.602022
0.589518
0.576259
0.563437
0.552535
0.545301
0.543271
0.547366
0.557657
0.573262
0.592658
0.613977
0.635283
0.654847
0.671186
0.683144
0.689968
0.691273
0.687132
0.677981
0.664658
0.648394
0.630611
0.612812
0.596409
0.58248
0.571638
0.564031
0.55941
0.55735
0.557362
0.559138
0.562429
0.567062
0.572753
0.579135
0.585843
0.592555
0.599088
0.605434
0.611525
0.617283
0.62265
0.627542
0.631948
0.635962
0.639695
0.643212
0.64653
0.649516
0.651827
0.652973
0.652507
0.650013
0.645286
0.638329
0.629349
0.618742
0.606978
0.594681
0.58258
0.571573
0.562545
0.556313
0.553522
0.554519
0.559271
0.567373
0.578055
0.590288
0.602909
0.614733
0.624765
0.632292
0.637002
0.638952
0.638567
0.636565
0.633832
0.631262
0.629665
0.629652
0.631477
0.635045
0.639942
0.64562
0.651419
0.656653
0.660728
0.663124
0.663473
0.661626
0.657592
0.651552
0.643885
0.635039
0.625569
0.616031
0.607078
0.599227
0.592866
0.588166
0.585131
0.583604
0.583433
0.584433
0.586317
0.588771
0.591419
0.593846
0.595652
0.596606
0.596572
0.595605
0.59394
0.591968
0.59023
0.58934
0.589886
0.592345
0.596957
0.603767
0.612675
0.623281
0.634948
0.646827
0.657877
0.667138
0.673834
0.677534
0.678151
0.675927
0.67127
0.66472
0.656834
0.648114
0.638961
0.629646
0.620307
0.611053
0.601933
0.592978
0.584335
0.576265
0.569201
0.563706
0.560357
0.559502
0.561078
0.564675
0.569642
0.575405
0.581613
0.588125
0.594896
0.60186
0.608877
0.615693
0.621998
0.627458
0.631814
0.634961
0.636954
0.638027
0.638527
0.638832
0.639269
0.640101
0.641479
0.643454
0.645966
0.648779
0.651656
0.654208
0.65597
0.656554
0.65562
0.652977
0.648529
0.642312
0.634427
0.625066
0.6145
0.603069
0.591225
0.579355
0.567838
0.556999
0.547206
0.53893
0.532854
0.529784
0.53045
0.53521
0.543867
0.555607
0.56916
0.583076
0.59614
0.607548
0.616933
0.624404
0.630252
0.634754
0.638134
0.640478
0.641791
0.642118
0.641578
0.640425
0.638966
0.637516
0.636249
0.635242
0.634523
0.634069
0.633926
0.634173
0.634883
0.636037
0.637478
0.638929
0.639957
0.640067
0.638877
0.636185
0.632097
0.626964
0.621364
0.615897
0.611113
0.607287
0.604446
0.602421
0.600893
0.59956
0.598155
0.596566
0.594845
0.593174
0.591789
0.590864
0.59037
0.590153
0.590005
0.589736
0.58942
0.589323
0.589772
0.590948
0.592771
0.594938
0.59714
0.599234
0.601314
0.603637
0.606511
0.610097
0.61418
0.618312
0.62192
0.624513
0.625777
0.625681
0.624485
0.622528
0.620224
0.617946
0.615904
0.614189
0.612829
0.611692
0.610593
0.609292
0.607478
0.604839
0.601221
0.596779
0.591971
0.587592
0.584592
0.58393
0.586287
0.591844
0.600181
0.610491
0.621684
0.632616
0.642364
0.650344
0.656348
0.660526
0.663187
0.664587
0.664798
0.663675
0.660907
0.656252
0.6497
0.641565
0.632358
0.622806
0.613734
0.605867
0.599774
0.595845
0.594135
0.594446
0.596285
0.599076
0.602161
0.604923
0.606838
0.607568
0.607041
0.605413
0.603063
0.600546
0.598485
0.597452
0.59787
0.599866
0.603203
0.607459
0.612077
0.616558
0.620574
0.623968
0.626714
0.628927
0.630727
0.632166
0.633217
0.633612
0.632954
0.63078
0.626683
0.620471
0.612221
0.602403
0.591761
0.581168
0.571528
0.563646
0.558073
0.555061
0.554556
0.556246
0.559693
0.56447
0.570304
0.577154
0.585236
0.594962
0.606653
0.620437
0.63603
0.652677
0.669218
0.684251
0.696387
0.704407
0.707547
0.70545
0.698302
0.686949
0.672814
0.657747
0.643767
0.63253
0.624877
0.620614
0.618666
0.617514
0.615618
0.611883
0.605683
0.59697
0.586233
0.574396
0.562703
0.552546
0.545235
0.541801
0.542767
0.548132
0.557352
0.569401
0.582887
0.596288
0.60816
0.617292
0.622903
0.624737
0.623008
0.618347
0.611602
0.603716
0.595536
0.587794
0.581073
0.575888
0.572826
0.572392
0.574956
0.580611
0.589032
0.59952
0.611135
0.622832
0.633638
0.642698
0.649356
0.653217
0.654159
0.652335
0.648198
0.642425
0.635872
0.629323
0.623275
0.617889
0.613011
0.608346
0.603647
0.598927
0.59453
0.59099
0.58908
0.589571
0.59308
0.599836
0.609478
0.621234
0.633972
0.64651
0.657687
0.666567
0.672499
0.675074
0.674167
0.669896
0.662676
0.653136
0.642078
0.630435
0.619075
0.608761
0.599992
0.592996
0.587829
0.584436
0.582828
0.582985
0.584868
0.588273
0.59281
0.597852
0.602636
0.606379
0.608445
0.608464
0.606287
0.602161
0.596624
0.590517
0.584862
0.580667
0.578709
0.579396
0.582623
0.587901
0.594419
0.601244
0.607452
0.612293
0.615149
0.61565
0.613682
0.609383
0.603282
0.596236
0.589369
0.584024
0.581465
0.582631
0.587848
0.596762
0.608519
0.621955
0.635867
0.649125
0.660812
0.670264
0.676986
0.680691
0.681308
0.678849
0.673439
0.665374
0.655199
0.643568
0.631308
0.619418
0.608982
0.60099
0.596131
0.594678
0.596443
0.600815
0.606816
0.613341
0.619237
0.623488
0.625207
0.6238
0.619004
0.610995
0.600358
0.588097
0.575522
0.564065
0.555088
0.549659
0.548358
0.55119
0.557639
0.566782
0.577508
0.588661
0.599255
0.6085
0.615957
0.621392
0.624887
0.626687
0.627138
0.62662
0.625462
0.624008
0.622581
0.621491
0.62097
0.620991
0.621309
0.621384
0.620557
0.618267
0.614237
0.608744
0.602545
0.596797
0.592754
0.591534
0.593889
0.599999
0.60944
0.621213
0.633887
0.645838
0.655549
0.661897
0.664343
0.663006
0.658469
0.651573
0.643245
0.634345
0.625633
0.61775
0.611257
0.606461
0.60351
0.602364
0.602788
0.604399
0.606805
0.609651
0.612633
0.61544
0.617704
0.618877
0.618215
0.615007
0.60886
0.599939
0.589011
0.577324
0.566344
0.557355
0.551397
0.549107
0.550621
0.555689
0.563729
0.57392
0.585394
0.597387
0.609291
0.620717
0.631494
0.641576
0.650918
0.659393
0.66681
0.672834
0.677006
0.678753
0.677539
0.672946
0.664725
0.653037
0.638431
0.621919
0.604924
0.589037
0.575878
0.566801
0.562691
0.563765
0.569653
0.579498
0.592031
0.605854
0.619513
0.63177
0.641613
0.648392
0.651778
0.651765
0.648626
0.642896
0.635265
0.626513
0.617504
0.609139
0.602273
0.597656
0.595789
0.596845
0.600544
0.606216
0.612768
0.618904
0.623427
0.625322
0.624003
0.619291
0.611475
0.601216
0.589384
0.577016
0.565221
0.555071
0.547553
0.543503
0.543463
0.547663
0.556013
0.568029
0.582906
0.599516
0.616563
0.632638
0.646413
0.656795
0.662984
0.664546
0.66142
0.653932
0.642782
0.628962
0.613766
0.598732
0.585522
0.575717
0.570623
0.571035
0.577119
0.58827
0.603199
0.62015
0.63719
0.65243
0.664294
0.671717
0.674218
0.671882
0.66532
0.655532
0.643756
0.63131
0.619397
0.609011
0.600843
0.595277
0.592368
0.591937
0.593706
0.597302
0.60237
0.608468
0.615153
0.621957
0.62826
0.633489
0.637099
0.638651
0.637861
0.634763
0.629534
0.622629
0.614549
0.605828
0.596892
0.587961
0.579067
0.570156
0.561243
0.552574
0.544623
0.53816
0.534173
0.53363
0.537233
0.545172
0.557098
0.572143
0.589072
0.606497
0.62313
0.637848
0.649822
0.658558
0.663818
0.665601
0.664071
0.659577
0.652585
0.643712
0.633795
0.623793
0.614629
0.607218
0.602246
0.600206
0.601308
0.605596
0.612945
0.623037
0.635339
0.649027
0.662894
0.675548
0.685673
0.69222
0.694431
0.692005
0.685086
0.674129
0.659945
0.643575
0.626261
0.609358
0.594201
0.582059
0.573894
0.570157
0.570733
0.574973
0.581819
0.589898
0.597861
0.604519
0.609028
0.610974
0.610415
0.607746
0.603758
0.599394
0.595611
0.593181
0.592637
0.594109
0.597303
0.601656
0.606496
0.611281
0.615662
0.619465
0.622608
0.624993
0.626415
0.626773
0.626097
0.62455
0.622371
0.619825
0.617128
0.614431
0.611801
0.609283
0.606894
0.604593
0.602322
0.599906
0.597061
0.593465
0.588889
0.583202
0.576496
0.569191
0.56207
0.556206
0.552872
0.55324
0.558138
0.567906
0.582271
0.600366
0.62078
0.641771
0.661497
0.678262
0.690684
0.697849
0.69935
0.695258
0.686057
0.672685
0.656243
0.638144
0.619918
0.603098
0.588999
0.578578
0.572307
0.570082
0.571339
0.575211
0.580679
0.586859
0.593236
0.599653
0.606251
0.613224
0.620765
0.628848
0.637184
0.645271
0.652507
0.658265
0.662039
0.663506
0.662613
0.659649
0.655095
0.649518
0.64342
0.637088
0.630653
0.6241
0.617398
0.610498
0.603412
0.59614
0.588616
0.580739
0.572502
0.564046
0.555743
0.548113
0.541776
0.537285
0.535037
0.53522
0.537806
0.542679
0.54963
0.558426
0.568785
0.58043
0.59318
0.606738
0.620837
0.635096
0.648865
0.661315
0.671492
0.678485
0.681569
0.680398
0.675101
0.666271
0.655002
0.64267
0.630617
0.620004
0.611623
0.60583
0.602528
0.601287
0.601362
0.601969
0.602434
0.602419
0.601932
0.601337
0.601141
0.601787
0.603375
0.605637
0.608038
0.610012
0.611153
0.611411
0.611065
0.610734
0.611183
0.613125
0.616912
0.622458
0.629231
0.6364
0.643071
0.64838
0.651594
0.652255
0.650132
0.645199
0.637606
0.627655
0.615795
0.602512
0.588409
0.574168
0.5606
0.548639
0.539306
0.533682
0.532716
0.537082
0.546875
0.561529
0.579817
0.600027
0.620196
0.638437
0.653197
0.663469
0.668838
0.669382
0.66568
0.658636
0.649457
0.639438
0.629863
0.621827
0.615992
0.612564
0.611208
0.61132
0.612231
0.613377
0.614365
0.61501
0.615315
0.61538
0.615288
0.615113
0.614986
0.615047
0.615339
0.615916
0.616786
0.617863
0.619151
0.620716
0.622735
0.625396
0.628676
0.632298
0.635688
0.638163
0.639177
0.638549
0.636446
0.633346
0.629795
0.626307
0.623135
0.620316
0.617653
0.614853
0.611614
0.607777
0.603281
0.59829
0.59321
0.588593
0.585056
0.583155
0.583325
0.585821
0.590695
0.597742
0.606508
0.616322
0.62629
0.635525
0.643175
0.648554
0.65119
0.650961
0.647914
0.642339
0.634653
0.625343
0.614957
0.60414
0.593522
0.583932
0.576304
0.57154
0.570255
0.572508
0.577673
0.584563
0.591815
0.598194
0.602874
0.605571
0.606452
0.606047
0.605112
0.604412
0.604582
0.606006
0.608736
0.612509
0.616789
0.620946
0.624344
0.626437
0.62693
0.625759
0.623108
0.619331
0.614881
0.610229
0.605797
0.601939
0.59892
0.596849
0.595656
0.595174
0.595187
0.595542
0.5962
0.597343
0.59933
0.60257
0.60739
0.613962
0.622165
0.63158
0.641572
0.651336
0.660088
0.667114
0.671896
0.674162
0.673759
0.670694
0.665117
0.65722
0.647356
0.635987
0.623707
0.611226
0.599438
0.589141
0.581037
0.575567
0.572842
0.57272
0.574859
0.578793
0.584061
0.590163
0.59656
0.602657
0.60791
0.611827
0.614031
0.614183
0.612099
0.607773
0.601408
0.593512
0.584905
0.576653
0.569981
0.566099
0.565915
0.569842
0.577682
0.588702
0.601751
0.61558
0.628957
0.640894
0.65054
0.65728
0.660679
0.660464
0.656612
0.649341
0.639079
0.626421
0.612117
0.597165
0.58278
0.570349
0.561324
0.557
0.558134
0.564886
0.576681
0.592352
0.610396
0.629285
0.647794
0.665025
0.680372
0.693383
0.703686
0.710963
0.714963
0.715499
0.7125
0.705993
0.696197
0.683498
0.668511
0.651982
0.634782
0.61791
0.602361
0.589054
0.578711
0.571759
0.56824
0.567809
0.569801
0.573329
0.577425
0.581268
0.584302
0.586234
0.587007
0.586842
0.586082
0.585135
0.584385
0.584131
0.584588
0.585857
0.587953
0.590862
0.594518
0.598771
0.603377
0.608078
0.612563
0.616547
0.619747
0.621858
0.622648
0.621915
0.619601
0.615822
0.610958
0.605585
0.600426
0.596097
0.593113
0.591794
0.592306
0.594681
0.598878
0.60483
0.612414
0.621435
0.631499
0.641966
0.651994
0.660644
0.667039
0.670495
0.670623
0.667461
0.661468
0.65344
0.644466
0.635666
0.627889
0.621566
0.616684
0.612823
0.609397
0.605844
0.601805
0.59717
0.592053
0.586634
0.581071
0.575555
0.570252
0.565411
0.561326
0.558393
0.55704
0.557657
0.560533
0.565816
0.573473
0.583255
0.594667
0.607078
0.619717
0.631842
0.642753
0.651853
0.658676
0.66286
0.664114
0.662299
0.657627
0.650652
0.642249
0.633441
0.625177
0.61817
0.612795
0.609087
0.606918
0.60608
0.606333
0.607451
0.609183
0.611174
0.612981
0.61411
0.614169
0.61298
0.610535
0.607065
0.602909
0.598409
0.593858
0.589516
0.585748
0.583099
0.582246
0.583829
0.588295
0.595608
0.605208
0.61602
0.626675
0.635868
0.642477
0.645924
0.646211
0.643834
0.639704
0.634965
0.630806
0.628103
0.627361
0.628543
0.631214
0.634633
0.638016
0.64069
0.642111
0.641912
0.639874
0.635909
0.63
0.622343
0.613372
0.603753
0.594322
0.585961
0.579412
0.575081
0.573103
0.573303
0.575283
0.578629
0.58298
0.588069
0.593679
0.599559
0.605307
0.610373
0.614141
0.616071
0.615969
0.61404
0.610846
0.60718
0.603919
0.601918
0.601986
0.604753
0.610535
0.619222
0.630149
0.642139
0.653696
0.663298
0.669565
0.671562
0.668938
0.661838
0.650895
0.637108
0.621693
0.606007
0.59143
0.579207
0.570305
0.565294
0.564282
0.566854
0.572258
0.579693
0.588415
0.597887
0.607839
0.618063
0.628304
0.638085
0.64685
0.653973
0.658897
0.661314
0.661191
0.658711
0.654283
0.648286
0.641058
0.632858
0.623964
0.61467
0.605397
0.596658
0.588977
0.5829
0.57886
0.577066
0.577518
0.580024
0.584069
0.58887
0.593513
0.597169
0.599354
0.599928
0.599124
0.597409
0.59534
0.593389
0.591891
0.591054
0.590863
0.591175
0.591837
0.592764
0.594002
0.595778
0.598428
0.602194
0.607208
0.613333
0.620225
0.627333
0.634091
0.639897
0.644246
0.646744
0.64715
0.645359
0.641449
0.63557
0.628025
0.619263
0.609908
0.600786
0.592786
0.586756
0.583323
0.582674
0.584585
0.588459
0.593593
0.599248
0.604852
0.610045
0.614753
0.619177
0.623622
0.628388
0.633642
0.639211
0.644584
0.649173
0.652421
0.654138
0.654452
0.653764
0.652455
0.65079
0.64878
0.646204
0.642665
0.637635
0.630766
0.621929
0.611297
0.59932
0.5868
0.574709
0.5641
0.555999
0.551264
0.550493
0.553945
0.561513
0.572711
0.586618
0.601992
0.617396
0.631354
0.642489
0.649727
0.652464
0.650621
0.644672
0.635532
0.624555
0.613295
0.60327
0.595764
0.591711
0.591519
0.595159
0.60227
0.61229
0.624512
0.638053
0.651666
0.663882
0.673204
0.678474
0.679015
0.674698
0.66581
0.653053
0.637421
0.620057
0.602067
0.584476
0.568077
0.553512
0.54143
0.53256
0.527749
0.527744
0.532863
0.542739
0.556308
0.572088
0.588446
0.603905
0.617271
0.62769
0.6347
0.638182
0.638434
0.636091
0.632087
0.627396
0.622933
0.619502
0.617631
0.617517
0.619003
0.62169
0.624971
0.628152
0.6306
0.631825
0.631513
0.62963
0.626386
0.622183
0.617563
0.613124
0.609452
0.607076
0.606427
0.607674
0.610723
0.61515
0.620361
0.625688
0.630544
0.634551
0.637523
0.639387
0.640099
0.639652
0.637929
0.634822
0.630247
0.624164
0.616811
0.608613
0.600115
0.591957
0.584675
0.578619
0.573953
0.570659
0.568642
0.567816
0.568112
0.569447
0.571776
0.575092
0.579317
0.584377
0.590187
0.596518
0.603089
0.609595
0.615694
0.621019
0.625183
0.627812
0.628648
0.627461
0.624332
0.619669
0.61421
0.608871
0.604592
0.602214
0.602324
0.605163
0.610627
0.61829
0.627461
0.637272
0.646689
0.654688
0.66034
0.66301
0.662383
0.658502
0.651774
0.642905
0.632815
0.622427
0.612584
0.604101
0.597639
0.593791
0.593034
0.59565
0.601679
0.610668
0.621673
0.633458
0.644614
0.653809
0.660075
0.662836
0.661909
0.657514
0.650143
0.640441
0.629112
0.616828
0.604241
0.591895
0.580264
0.569781
0.560927
0.554218
0.550182
0.549319
0.551977
0.558304
0.568198
0.581212
0.596466
0.612693
0.628407
0.642021
0.6522
0.658016
0.659144
0.655883
0.649044
0.639772
0.629343
0.618975
0.60977
0.602471
0.59742
0.594592
0.59363
0.594033
0.595274
0.596958
0.598919
0.601059
0.603353
0.605771
0.608211
0.610642
0.613092
0.615586
0.618164
0.620788
0.62331
0.625429
0.626864
0.627257
0.626376
0.624187
0.620898
0.616896
0.612553
0.608277
0.604459
0.601452
0.599588
0.599269
0.600928
0.604903
0.61126
0.619763
0.629902
0.640957
0.65212
0.66256
0.671523
0.678299
0.682387
0.683427
0.681193
0.675643
0.666913
0.65519
0.640727
0.623888
0.605225
0.58555
0.565964
0.547913
0.532904
0.522512
0.517981
0.519818
0.527416
0.539341
0.553736
0.568809
0.583198
0.595973
0.606592
0.614839
0.620745
0.624542
0.626655
0.627698
0.628321
0.62917
0.630709
0.633127
0.636286
0.639726
0.6428
0.644781
0.645117
0.643501
0.639942
0.634854
0.628823
0.622578
0.616963
0.612723
0.610298
0.609808
0.611018
0.613359
0.615997
0.618021
0.618731
0.617761
0.615208
0.611485
0.607131
0.602684
0.598459
0.594532
0.59084
0.587365
0.58425
0.581787
0.580341
0.580223
0.581657
0.584707
0.589409
0.595772
0.603781
0.613277
0.623858
0.634805
0.645304
0.654614
0.662181
0.667632
0.6708
0.671678
0.670418
0.667218
0.662356
0.656041
0.648386
0.63948
0.629348
0.61805
0.605584
0.592076
0.577873
0.563585
0.550163
0.538877
0.53108
0.527964
0.530282
0.538172
0.551012
0.567557
0.58618
0.605143
0.622831
0.637878
0.649245
0.656287
0.658767
0.656853
0.651222
0.642973
0.63352
0.62431
0.616703
0.611708
0.609938
0.611399
0.615577
0.621501
0.627908
0.63352
0.63731
0.638658
0.637294
0.633382
0.627349
0.619833
0.611581
0.603375
0.595981
0.590115
0.586251
0.584614
0.585139
0.587389
0.590762
0.594588
0.598344
0.601765
0.604967
0.608495
0.613061
0.619268
0.627328
0.636878
0.647003
0.656537
0.664298
0.66938
0.671265
0.669818
0.665262
0.658012
0.648625
0.63778
0.62623
0.614727
0.604004
0.594666
0.587088
0.581285
0.576913
0.57349
0.570661
0.568345
0.56692
0.567064
0.569459
0.574555
0.582359
0.592414
0.60388
0.615768
0.627008
0.636716
0.644234
0.649102
0.651124
0.650341
0.646929
0.641246
0.633782
0.625155
0.616006
0.606942
0.598504
0.591083
0.584985
0.58037
0.57732
0.575743
0.575459
0.576216
0.577782
0.579983
0.582887
0.586675
0.591639
0.597999
0.605712
0.614515
0.623866
0.63297
0.640988
