-7.20177
-7.20746
-7.20955
-7.2101
-7.20889
-7.20728
-7.20457
-7.20615
-7.20462
-7.2033
-7.20431
-7.2032
-7.20267
-7.20292
-7.20015
-7.19857
-7.19751
-7.19754
-7.19589
-7.19373
-7.19012
-7.18775
-7.18578
-7.1831
-7.18036
-7.18008
-7.17629
-7.17112
-7.16532
-7.16076
-7.1553
-7.15234
-7.15136
-7.15336
-7.15341
-7.15588
-7.16273
-7.17217
-7.18285
-7.19288
-7.20343
-7.21431
-7.22272
-7.22987
-7.23223
-7.23489
-7.23162
-7.22527
-7.21591
-7.20692
-7.19543
-7.1876
-7.18064
-7.17799
-7.17853
-7.18294
-7.1894
-7.1931
-7.19806
-7.20082
-7.19985
-7.19986
-7.19867
-7.19544
-7.19202
-7.19112
-7.187
-7.18423
-7.17963
-7.17369
-7.16883
-7.1635
-7.16107
-7.16048
-7.15621
-7.15727
-7.16204
-7.1697
-7.18014
-7.19423
-7.211
-7.23016
-7.24621
-7.26036
-7.26844
-7.27362
-7.27334
-7.27042
-7.26793
-7.26201
-7.25435
-7.24749
-7.24008
-7.23382
-7.22593
-7.21481
-7.20459
-7.19845
-7.18863
-7.1812
-7.17745
-7.176
-7.1735
-7.17148
-7.17073
-7.1663
-7.16095
-7.15648
-7.1483
-7.13972
-7.1296
-7.12422
-7.1221
-7.12258
-7.12832
-7.14162
-7.15876
-7.17886
-7.20097
-7.21937
-7.23904
-7.25334
-7.26507
-7.26984
-7.26931
-7.26639
-7.25625
-7.24356
-7.22633
-7.20801
-7.19248
-7.17889
-7.16766
-7.16023
-7.15691
-7.15533
-7.15579
-7.15936
-7.16599
-7.17282
-7.17826
-7.18511
-7.19302
-7.19997
-7.204
-7.20662
-7.20424
-7.20073
-7.19928
-7.19583
-7.19341
-7.19113
-7.1908
-7.19204
-7.19682
-7.20207
-7.20739
-7.21409
-7.2214
-7.22718
-7.23193
-7.23363
-7.23304
-7.2302
-7.22441
-7.21545
-7.20269
-7.18511
-7.16777
-7.14982
-7.13452
-7.12235
-7.1118
-7.10857
-7.10989
-7.11754
-7.1301
-7.14557
-7.16542
-7.18596
-7.2064
-7.22739
-7.24438
-7.25509
-7.2607
-7.26391
-7.26425
-7.26124
-7.25388
-7.24247
-7.2308
-7.22015
-7.2099
-7.19892
-7.18876
-7.18185
-7.17675
-7.1691
-7.1636
-7.1593
-7.15625
-7.15775
-7.15981
-7.16519
-7.17153
-7.17832
-7.18287
-7.18676
-7.18794
-7.1907
-7.19084
-7.1898
-7.1847
-7.18057
-7.17728
-7.1774
-7.17603
-7.17691
-7.17909
-7.1846
-7.19068
-7.20217
-7.21169
-7.21851
-7.22439
-7.2295
-7.2325
-7.23389
-7.23369
-7.2307
-7.22269
-7.21452
-7.20434
-7.19512
-7.18461
-7.17657
-7.16924
-7.16539
-7.16224
-7.15939
-7.16106
-7.16587
-7.17287
-7.17907
-7.18861
-7.19441
-7.19905
-7.20278
-7.20731
-7.21213
-7.21535
-7.21666
-7.21687
-7.21708
-7.21502
-7.21136
-7.20752
-7.20277
-7.193
-7.18538
-7.17603
-7.16852
-7.16012
-7.15364
-7.15048
-7.15275
-7.15911
-7.17028
-7.18646
-7.20088
-7.22078
-7.23813
-7.25528
-7.26862
-7.27579
-7.27767
-7.27517
-7.26576
-7.25004
-7.23392
-7.21273
-7.1909
-7.16939
-7.1507
-7.13828
-7.13205
-7.13098
-7.13435
-7.14309
-7.15616
-7.17077
-7.1855
-7.20055
-7.2113
-7.22162
-7.22724
-7.23477
-7.23666
-7.23761
-7.23843
-7.23632
-7.23367
-7.23124
-7.22587
-7.22055
-7.21506
-7.20799
-7.20132
-7.19521
-7.188
-7.18451
-7.18264
-7.18241
-7.1865
-7.18801
-7.19443
-7.20294
-7.21353
-7.22246
-7.22753
-7.23524
-7.23727
-7.23616
-7.23053
-7.22136
-7.20975
-7.19395
-7.17932
-7.16363
-7.14892
-7.13576
-7.12602
-7.12147
-7.12019
-7.12229
-7.13094
-7.13859
-7.15219
-7.1664
-7.18324
-7.19645
-7.21161
-7.22608
-7.23692
-7.24555
-7.24986
-7.24998
-7.24898
-7.24126
-7.23438
-7.22707
-7.21813
-7.2099
-7.20003
-7.19455
-7.19155
-7.18946
-7.19031
-7.19177
-7.19614
-7.20152
-7.20694
-7.21216
-7.21504
-7.21893
-7.22013
-7.21898
-7.21019
-7.20349
-7.19333
-7.18281
-7.17227
-7.15773
-7.14772
-7.1375
-7.13205
-7.12958
-7.13306
-7.1401
-7.1523
-7.16468
-7.18084
-7.19627
-7.20957
-7.22051
-7.22977
-7.232
-7.23466
-7.23118
-7.22495
-7.21672
-7.20686
-7.1947
-7.18174
-7.16953
-7.15982
-7.15241
-7.14765
-7.15114
-7.15493
-7.16103
-7.17182
-7.18213
-7.19895
-7.21549
-7.22932
-7.24504
-7.26076
-7.27151
-7.28144
-7.29031
-7.2934
-7.29123
-7.28461
-7.2743
-7.25957
-7.24042
-7.22108
-7.20093
-7.18305
-7.16845
-7.16
-7.15791
-7.15984
-7.16451
-7.16935
-7.17714
-7.18342
-7.18631
-7.1823
-7.17781
-7.16899
-7.16344
-7.15742
-7.15423
-7.15529
-7.16105
-7.171
-7.18323
-7.1978
-7.21137
-7.22195
-7.23261
-7.23823
-7.24151
-7.24178
-7.23649
-7.2296
-7.21916
-7.20523
-7.19556
-7.18638
-7.17723
-7.17002
-7.16584
-7.16213
-7.15998
-7.16283
-7.16595
-7.17001
-7.17799
-7.18627
-7.19665
-7.20473
-7.21395
-7.22289
-7.23142
-7.23731
-7.24249
-7.24636
-7.24495
-7.24146
-7.23645
-7.22919
-7.21911
-7.20923
-7.20146
-7.1898
-7.18047
-7.17212
-7.1651
-7.15942
-7.15701
-7.15582
-7.15785
-7.16145
-7.16775
-7.17651
-7.18581
-7.19425
-7.20401
-7.21449
-7.22078
-7.22775
-7.22857
-7.22685
-7.22037
-7.21381
-7.204
-7.1919
-7.18089
-7.17031
-7.16177
-7.15671
-7.15565
-7.15958
-7.17026
-7.18312
-7.1986
-7.21559
-7.23513
-7.24734
-7.25747
-7.26462
-7.26791
-7.26551
-7.2567
-7.2476
-7.23277
-7.21835
-7.20286
-7.19224
-7.17855
-7.16907
-7.16547
-7.16445
-7.16663
-7.17081
-7.1789
-7.1869
-7.19436
-7.20444
-7.2121
-7.21997
-7.2253
-7.22808
-7.22882
-7.23222
-7.23158
-7.23086
-7.22407
-7.21692
-7.20717
-7.19309
-7.17933
-7.16392
-7.14841
-7.13708
-7.12685
-7.12007
-7.11764
-7.11943
-7.12381
-7.1326
-7.14387
-7.15837
-7.17315
-7.1876
-7.20012
-7.21089
-7.21755
-7.22224
-7.22659
-7.23207
-7.23381
-7.23614
-7.23526
-7.23302
-7.22689
-7.21988
-7.21071
-7.20158
-7.19381
-7.18934
-7.18894
-7.18784
-7.19245
-7.19863
-7.20735
-7.21612
-7.22404
-7.22814
-7.23164
-7.23203
-7.22737
-7.22417
-7.21807
-7.20869
-7.20056
-7.19112
-7.18302
-7.17517
-7.1691
-7.16616
-7.16594
-7.17055
-7.17505
-7.18077
-7.1895
-7.20028
-7.2104
-7.21944
-7.22858
-7.23298
-7.23577
-7.23795
-7.23654
-7.23499
-7.23008
-7.221
-7.21248
-7.20612
-7.19774
-7.18921
-7.18303
-7.17735
-7.1766
-7.17548
-7.17614
-7.17655
-7.17751
-7.1786
-7.1778
-7.17808
-7.17474
-7.17272
-7.17091
-7.17055
-7.1699
-7.17193
-7.17477
-7.18058
-7.18252
-7.18497
-7.18707
-7.18665
-7.18524
-7.1828
-7.18017
-7.17583
-7.16967
-7.16543
-7.16013
-7.15521
-7.1508
-7.14503
-7.14008
-7.13751
-7.14121
-7.14856
-7.1585
-7.17019
-7.18487
-7.19974
-7.21354
-7.2276
-7.24
-7.24882
-7.25513
-7.25559
-7.25338
-7.24517
-7.2336
-7.21965
-7.20214
-7.18583
-7.17079
-7.15893
-7.15241
-7.15044
-7.15887
-7.17072
-7.18732
-7.20468
-7.21964
-7.23445
-7.24446
-7.24991
-7.25269
-7.24881
-7.24089
-7.23281
-7.22649
-7.21755
-7.21117
-7.20754
-7.20248
-7.1977
-7.19528
-7.19255
-7.19038
-7.18638
-7.18273
-7.17954
-7.17685
-7.17848
-7.18392
-7.19114
-7.19963
-7.20784
-7.21391
-7.21724
-7.21759
-7.21591
-7.21092
-7.20613
-7.20023
-7.19419
-7.18831
-7.18122
-7.17724
-7.17492
-7.17406
-7.17565
-7.18108
-7.18409
-7.19173
-7.20319
-7.21453
-7.22463
-7.23113
-7.23536
-7.2354
-7.23172
-7.22608
-7.2184
-7.20665
-7.19318
-7.17998
-7.16709
-7.15674
-7.14985
-7.14569
-7.14662
-7.1537
-7.16242
-7.17563
-7.19102
-7.20725
-7.21845
-7.22763
-7.23524
-7.23735
-7.23847
-7.2286
-7.2183
-7.21115
-7.20215
-7.19453
-7.19017
-7.18603
-7.18613
-7.18956
-7.19223
-7.19756
-7.20488
-7.21457
-7.22684
-7.23813
-7.24745
-7.2553
-7.26076
-7.26284
-7.25996
-7.24994
-7.23895
-7.22457
-7.20858
-7.1917
-7.17459
-7.15667
-7.14533
-7.13638
-7.13108
-7.1313
-7.13623
-7.14473
-7.15861
-7.1701
-7.18453
-7.19975
-7.20911
-7.2201
-7.22727
-7.23362
-7.23562
-7.23463
-7.23137
-7.225
-7.2141
-7.20418
-7.19033
-7.17729
-7.16909
-7.15951
-7.15402
-7.15199
-7.1516
-7.15629
-7.1626
-7.17203
-7.18207
-7.19461
-7.20671
-7.22011
-7.23216
-7.24125
-7.25127
-7.2601
-7.26577
-7.27036
-7.27007
-7.26526
-7.25563
-7.24055
-7.22224
-7.20262
-7.18058
-7.16462
-7.15144
-7.14582
-7.14527
-7.15347
-7.16522
-7.17891
-7.18969
-7.19643
-7.20039
-7.19925
-7.19032
-7.17992
-7.16461
-7.15313
-7.14462
-7.1429
-7.14642
-7.15415
-7.16824
-7.18604
-7.20818
-7.22675
-7.24459
-7.25765
-7.26842
-7.27315
-7.27497
-7.2727
-7.26553
-7.25571
-7.24359
-7.22908
-7.21431
-7.20219
-7.189
-7.17895
-7.17025
-7.16259
-7.15777
-7.1552
-7.15496
-7.15369
-7.15238
-7.15412
-7.15524
-7.15777
-7.16354
-7.16783
-7.17343
-7.17787
-7.18167
-7.18172
-7.17986
-7.17803
-7.17303
-7.16957
-7.16462
-7.16076
-7.15899
-7.16028
-7.16149
-7.16394
-7.1668
-7.17139
-7.17657
-7.18331
-7.18986
-7.19852
-7.20799
-7.21661
-7.22425
-7.23542
-7.24186
-7.24757
-7.25031
-7.25299
-7.25403
-7.25176
-7.24846
-7.24603
-7.24192
-7.2347
-7.2269
-7.22242
-7.21781
-7.21363
-7.20802
-7.2049
-7.1989
-7.19418
-7.18892
-7.18186
-7.17667
-7.17287
-7.17087
-7.17119
-7.17407
-7.17701
-7.18019
-7.18479
-7.1875
-7.19033
-7.19437
-7.1982
-7.20042
-7.20522
-7.20519
-7.20448
-7.20207
-7.20209
-7.19972
-7.19681
-7.19447
-7.19117
-7.19019
-7.19169
-7.19375
-7.19869
-7.20328
-7.20737
-7.21036
-7.21033
-7.20855
-7.20151
-7.19409
-7.18175
-7.17148
-7.15945
-7.14998
-7.14189
-7.13939
-7.14185
-7.14627
-7.15726
-7.17058
-7.18419
-7.19973
-7.21497
-7.22762
-7.24157
-7.24971
-7.25611
-7.25906
-7.26129
-7.25905
-7.25759
-7.24916
-7.24195
-7.22893
-7.21498
-7.20063
-7.18695
-7.17795
-7.17339
-7.16938
-7.16728
-7.16896
-7.17008
-7.17508
-7.1749
-7.17764
-7.1796
-7.18521
-7.18893
-7.19125
-7.1947
-7.19696
-7.19781
-7.1943
-7.18711
-7.18013
-7.17135
-7.1628
-7.15354
-7.14781
-7.14264
-7.14782
-7.15752
-7.17115
-7.1914
-7.20873
-7.22564
-7.2417
-7.25326
-7.25962
-7.26108
-7.2614
-7.25462
-7.24662
-7.23873
-7.22898
-7.21695
-7.20556
-7.1978
-7.18996
-7.18587
-7.18292
-7.17948
-7.17823
-7.17685
-7.17492
-7.1744
-7.1769
-7.18139
-7.18347
-7.18652
-7.1894
-7.19018
-7.1911
-7.19406
-7.19715
-7.20161
-7.20732
-7.21559
-7.22212
-7.2261
-7.23063
-7.22942
-7.228
-7.22222
-7.21654
-7.20795
-7.19948
-7.19441
-7.18912
-7.18047
-7.1746
-7.17125
-7.16964
-7.16861
-7.17207
-7.1775
-7.18258
-7.1879
-7.19741
-7.20056
-7.20604
-7.20828
-7.20817
-7.20571
-7.20099
-7.1947
-7.18624
-7.17505
-7.16368
-7.1541
-7.14672
-7.14545
-7.14731
-7.15517
-7.16719
-7.18037
-7.19286
-7.2039
-7.21086
-7.21426
-7.21282
-7.21026
-7.20733
-7.20269
-7.20188
-7.20304
-7.205
-7.20865
-7.2131
-7.22005
-7.22347
-7.22819
-7.23224
-7.23389
-7.23257
-7.23117
-7.22526
-7.21552
-7.20591
-7.19187
-7.17651
-7.162
-7.15032
-7.13879
-7.136
-7.13606
-7.14153
-7.15175
-7.16662
-7.18213
-7.19715
-7.21294
-7.22577
-7.23543
-7.24352
-7.24675
-7.24665
-7.23853
-7.22975
-7.21709
-7.20339
-7.19238
-7.18417
-7.17658
-7.17408
-7.17226
-7.17658
-7.18308
-7.19069
-7.20153
-7.20908
-7.21506
-7.21961
-7.21867
-7.21782
-7.21447
-7.20936
-7.20395
-7.19781
-7.19183
-7.18769
-7.186
-7.18439
-7.18666
-7.18916
-7.19528
-7.20125
-7.20862
-7.21143
-7.21461
-7.21363
-7.20963
-7.20512
-7.19657
-7.18561
-7.17479
-7.16564
-7.15957
-7.15704
-7.15901
-7.16361
-7.17086
-7.17812
-7.18453
-7.19244
-7.20081
-7.20539
-7.20642
-7.2039
-7.20007
-7.19445
-7.18672
-7.17762
-7.16721
-7.16008
-7.15268
-7.14656
-7.14449
-7.14356
-7.14686
-7.15338
-7.16187
-7.17351
-7.18699
-7.20156
-7.2184
-7.23195
-7.2455
-7.25467
-7.26351
-7.26966
-7.2712
-7.26916
-7.26482
-7.25366
-7.24466
-7.23051
-7.21866
-7.20583
-7.19357
-7.18548
-7.1792
-7.17374
-7.17204
-7.17282
-7.17561
-7.1813
-7.18546
-7.18761
-7.19087
-7.19342
-7.19472
-7.19188
-7.18751
-7.1819
-7.17772
-7.17386
-7.1687
-7.16917
-7.17218
-7.17629
-7.18244
-7.18718
-7.19318
-7.19591
-7.19875
-7.20299
-7.20662
-7.20689
-7.20608
-7.20594
-7.20524
-7.2052
-7.20526
-7.20559
-7.20923
-7.2093
-7.20858
-7.20642
-7.20337
-7.19754
-7.19117
-7.1867
-7.18301
-7.1794
-7.17464
-7.17533
-7.17703
-7.18273
-7.19337
-7.20334
-7.21834
-7.23103
-7.24092
-7.24618
-7.24895
-7.24395
-7.23269
-7.22165
-7.2088
-7.19413
-7.18017
-7.16709
-7.15702
-7.15089
-7.1484
-7.1473
-7.1483
-7.15274
-7.16192
-7.16998
-7.17821
-7.18741
-7.1966
-7.20223
-7.20632
-7.20952
-7.21145
-7.21244
-7.2102
-7.20873
-7.20352
-7.19389
-7.18534
-7.17595
-7.16758
-7.16013
-7.15651
-7.15533
-7.15703
-7.16539
-7.17437
-7.18724
-7.20129
-7.21956
-7.23691
-7.25406
-7.26686
-7.2761
-7.2811
-7.28105
-7.27456
-7.26625
-7.25212
-7.23515
-7.21723
-7.19793
-7.181
-7.16598
-7.15391
-7.14446
-7.13946
-7.13615
-7.13361
-7.13248
-7.13407
-7.13611
-7.13814
-7.14334
-7.14639
-7.15088
-7.15533
-7.16229
-7.16712
-7.17367
-7.17724
-7.18137
-7.185
-7.18911
-7.1947
-7.20166
-7.20976
-7.21794
-7.22725
-7.23762
-7.24629
-7.25434
-7.25811
-7.26212
-7.264
-7.26481
-7.2629
-7.25918
-7.25446
-7.2498
-7.24291
-7.23778
-7.23032
-7.22402
-7.21659
-7.20692
-7.19793
-7.18724
-7.18011
-7.17243
-7.16408
-7.15351
-7.14501
-7.13429
-7.12807
-7.12442
-7.12611
-7.13214
-7.14218
-7.15618
-7.17594
-7.19696
-7.21575
-7.23589
-7.25428
-7.27052
-7.28286
-7.29044
-7.29168
-7.29011
-7.28702
-7.27677
-7.26551
-7.2478
-7.22958
-7.2095
-7.18973
-7.17646
-7.16324
-7.15701
-7.15821
-7.16141
-7.16613
-7.17367
-7.18056
-7.18679
-7.18962
-7.19188
-7.19093
-7.18648
-7.18041
-7.17239
-7.16602
-7.16295
-7.15868
-7.15758
-7.15797
-7.15984
-7.16524
-7.1703
-7.17886
-7.18637
-7.19614
-7.20661
-7.21847
-7.23073
-7.23775
-7.24493
-7.25023
-7.25301
-7.25453
-7.2523
-7.24719
-7.24085
-7.23106
-7.22198
-7.21298
-7.2035
-7.19551
-7.18899
-7.18505
-7.18487
-7.1838
-7.18419
-7.18268
-7.18117
-7.17905
-7.1745
-7.16892
-7.16663
-7.16579
-7.16754
-7.17103
-7.17598
-7.18197
-7.18898
-7.19644
-7.19936
-7.20113
-7.19982
-7.19511
-7.18829
-7.18328
-7.17757
-7.17233
-7.17367
-7.17341
-7.17607
-7.18431
-7.1911
-7.19669
-7.20055
-7.20505
-7.21027
-7.21178
-7.21795
-7.22227
-7.22634
-7.23022
-7.23196
-7.23415
-7.23115
-7.22692
-7.2215
-7.21357
-7.201
-7.1908
-7.17847
-7.16664
-7.155
-7.14448
-7.13768
-7.13099
-7.13138
-7.13251
-7.13719
-7.14883
-7.16455
-7.17999
-7.19275
-7.20773
-7.21798
-7.22659
-7.2322
-7.23207
-7.22911
-7.2205
-7.21129
-7.19899
-7.18766
-7.17987
-7.17201
-7.16978
-7.17027
-7.1747
-7.18116
-7.18927
-7.20034
-7.21022
-7.22045
-7.22942
-7.23971
-7.24577
-7.25128
-7.25657
-7.25888
-7.25762
-7.25249
-7.2454
-7.23852
-7.22905
-7.21625
-7.20593
-7.19592
-7.18956
-7.18487
-7.17921
-7.17781
-7.17164
-7.16668
-7.16082
-7.15609
-7.14892
-7.14304
-7.13613
-7.13466
-7.13626
-7.1374
-7.14262
-7.14962
-7.15648
-7.16689
-7.1764
-7.18463
-7.18925
-7.19346
-7.19842
-7.20248
-7.20571
-7.20877
-7.21102
-7.21468
-7.21862
-7.22135
-7.22561
-7.23139
-7.23687
-7.2388
-7.24006
-7.2388
-7.23797
-7.23301
-7.22404
-7.21765
-7.20927
-7.20085
-7.19481
-7.18612
-7.18224
-7.18117
-7.17822
-7.17809
-7.17664
-7.17848
-7.18001
-7.18166
-7.18775
-7.19499
-7.20052
-7.20827
-7.21954
-7.22999
-7.23873
-7.24627
-7.25066
-7.25633
-7.25551
-7.25358
-7.24894
-7.23948
-7.22579
-7.21214
-7.19743
-7.18147
-7.16469
-7.14834
-7.1363
-7.12269
-7.11249
-7.10874
-7.10899
-7.10987
-7.11751
-7.12723
-7.14273
-7.15827
-7.17401
-7.19032
-7.20678
-7.22211
-7.23286
-7.24204
-7.24998
-7.24798
-7.24462
-7.24021
-7.2307
-7.22184
-7.21074
-7.1982
-7.18544
-7.17381
-7.16694
-7.1621
-7.15991
-7.16217
-7.16562
-7.17079
-7.17967
-7.18656
-7.1975
-7.20917
-7.21722
-7.22451
-7.23004
-7.23071
-7.23106
-7.22959
-7.22628
-7.22326
-7.22315
-7.22142
-7.21833
-7.21813
-7.21977
-7.21921
-7.21834
-7.21786
-7.21287
-7.2096
-7.20427
-7.19778
-7.19445
-7.19362
-7.19469
-7.19794
-7.19931
-7.20242
-7.20504
-7.20806
-7.20751
-7.2052
-7.20412
-7.20089
-7.19443
-7.18759
-7.18273
-7.17592
-7.17019
-7.16316
-7.15902
-7.15741
-7.15909
-7.1641
-7.16835
-7.17586
-7.18213
-7.18402
-7.18866
-7.19211
-7.19439
-7.19607
-7.19755
-7.20062
-7.2002
-7.20141
-7.20329
-7.20221
-7.20115
-7.19948
-7.19741
-7.19678
-7.19568
-7.19455
-7.19528
-7.19564
-7.19625
-7.19638
-7.19605
-7.19798
-7.19569
-7.19523
-7.19375
-7.19385
-7.19424
-7.19335
-7.19718
-7.19867
-7.19939
-7.20162
-7.20216
-7.20306
-7.20157
-7.2012
-7.19617
-7.18933
-7.18241
-7.17568
-7.16845
-7.16485
-7.16326
-7.16445
-7.16726
-7.17289
-7.17633
-7.18201
-7.18673
-7.19015
-7.19764
-7.20242
-7.207
-7.21309
-7.21982
-7.2282
-7.23704
-7.23961
-7.24255
-7.23984
-7.23655
-7.23031
-7.22069
-7.20969
-7.19681
-7.18464
-7.17391
-7.16537
-7.1605
-7.15782
-7.15956
-7.16621
-7.17383
-7.18023
-7.18798
-7.19129
-7.19442
-7.19122
-7.18644
-7.17892
-7.17249
-7.16695
-7.16224
-7.15943
-7.16005
-7.16638
-7.17097
-7.17466
-7.18113
-7.18722
-7.19107
-7.19635
-7.20042
-7.20746
-7.21414
-7.21982
-7.22527
-7.22888
-7.23326
-7.23654
-7.23862
-7.23954
-7.24155
-7.24078
-7.24176
-7.23789
-7.2352
-7.23132
-7.22533
-7.2196
-7.21052
-7.20399
-7.1976
-7.19027
-7.18541
-7.18272
-7.17842
-7.17728
-7.17958
-7.17769
-7.18042
-7.17913
-7.17963
-7.1801
-7.17873
-7.17488
-7.1716
-7.17062
-7.17109
-7.17299
-7.17551
-7.17701
-7.18084
-7.18422
-7.18742
-7.19033
-7.19116
-7.18966
-7.18579
-7.18054
-7.17208
-7.16121
-7.15167
-7.14218
-7.13696
-7.13223
-7.13273
-7.13894
-7.14841
-7.16348
-7.18114
-7.20364
-7.2259
-7.24454
-7.26098
-7.2734
-7.28031
-7.28074
-7.27264
-7.26088
-7.24572
-7.229
-7.21215
-7.19871
-7.192
-7.18564
-7.1823
-7.18357
-7.19081
-7.1975
-7.2044
-7.20953
-7.21485
-7.22184
-7.2285
-7.23184
-7.2343
-7.23693
-7.23917
-7.23885
-7.23604
-7.23272
-7.2262
-7.21544
-7.20535
-7.18934
-7.17499
-7.15747
-7.14135
-7.1266
-7.11394
-7.10593
-7.10256
-7.10691
-7.11566
-7.12888
-7.14493
-7.16579
-7.18707
-7.2059
-7.22302
-7.2387
-7.25018
-7.25405
-7.25379
-7.24847
-7.23607
-7.22062
-7.20248
-7.18211
-7.16336
-7.15089
-7.14585
-7.14465
-7.14803
-7.15804
-7.16959
-7.18383
-7.20144
-7.2178
-7.23249
-7.23914
-7.2425
-7.2411
-7.23559
-7.22227
-7.20709
-7.19142
-7.1785
-7.16993
-7.16512
-7.16218
-7.16412
-7.16898
-7.17835
-7.18852
-7.1994
-7.20821
-7.21749
-7.22638
-7.23226
-7.23456
-7.23545
-7.23475
-7.23348
-7.22736
-7.22099
-7.21636
-7.2137
-7.20987
-7.20729
-7.20623
-7.20387
-7.20617
-7.20443
-7.20511
-7.20336
-7.199
-7.19237
-7.18256
-7.17157
-7.16023
-7.14913
-7.13952
-7.13392
-7.13292
-7.13711
-7.14529
-7.15747
-7.17381
-7.18842
-7.20657
-7.21841
-7.22938
-7.23735
-7.24346
-7.24899
-7.25273
-7.25337
-7.25497
-7.25159
-7.24752
-7.24061
-7.2321
-7.22379
-7.21097
-7.20022
-7.19116
-7.18111
-7.17593
-7.17079
-7.1662
-7.1633
-7.16191
-7.16473
-7.1613
-7.15578
-7.15372
-7.15047
-7.14823
-7.14742
-7.1465
-7.14895
-7.1558
-7.16663
-7.17983
-7.1985
-7.21744
-7.23218
-7.2481
-7.25904
-7.2641
-7.26382
-7.25855
-7.24832
-7.23754
-7.22409
-7.20926
-7.19486
-7.18438
-7.17722
-7.1713
-7.17158
-7.17633
-7.17974
-7.18606
-7.19399
-7.20316
-7.21285
-7.22009
-7.22346
-7.22732
-7.22663
-7.22501
-7.2223
-7.22163
-7.22043
-7.22082
-7.2214
-7.22342
-7.22214
-7.22029
-7.21487
-7.20701
-7.19924
-7.19109
-7.18274
-7.17474
-7.16953
-7.16482
-7.16472
-7.16528
-7.16604
-7.16797
-7.17233
-7.17437
-7.17734
-7.17853
-7.18093
-7.18468
-7.18641
-7.18915
-7.19345
-7.19425
-7.19913
-7.20234
-7.20706
-7.21233
-7.21741
-7.22075
-7.22371
-7.22007
-7.21966
-7.21734
-7.2128
-7.20792
-7.20111
-7.1941
-7.1885
-7.18546
-7.18262
-7.18376
-7.18555
-7.18887
-7.19134
-7.19157
-7.19287
-7.18795
-7.18445
-7.18004
-7.17584
-7.17175
-7.16879
-7.16696
-7.1698
-7.17211
-7.17594
-7.17923
-7.18337
-7.18734
-7.19153
-7.19605
-7.20151
-7.20686
-7.21284
-7.21973
-7.22262
-7.22623
-7.22725
-7.227
-7.22464
-7.21988
-7.21431
-7.2052
-7.19754
-7.19127
-7.18542
-7.18268
-7.18037
-7.17813
-7.17968
-7.18037
-7.18058
-7.17939
-7.17737
-7.17304
-7.16957
-7.16766
-7.16629
-7.16732
-7.17322
-7.17954
-7.18829
-7.1995
-7.21076
-7.21997
-7.22796
-7.23227
-7.23482
-7.23445
-7.22901
-7.22493
-7.2132
-7.20465
-7.19247
-7.18343
-7.17818
-7.17393
-7.17283
-7.17544
-7.17623
-7.17883
-7.18152
-7.18662
-7.18874
-7.19358
-7.19776
-7.20059
-7.20276
-7.20468
-7.20756
-7.20708
-7.20755
-7.21121
-7.21409
-7.21498
-7.21879
-7.21953
-7.2197
-7.21859
-7.21926
-7.21654
-7.21497
-7.20871
-7.20283
-7.1946
-7.18396
-7.17585
-7.16638
-7.1574
-7.1538
-7.15015
-7.15098
-7.15443
-7.15626
-7.16126
-7.16943
-7.17872
-7.18654
-7.19815
-7.20631
-7.2164
-7.23215
-7.24318
-7.25213
-7.25669
-7.25867
-7.25687
-7.25161
-7.24341
-7.23194
-7.21902
-7.20085
-7.18655
-7.17079
-7.15649
-7.14848
-7.14035
-7.14077
-7.14589
-7.15267
-7.16225
-7.17729
-7.1899
-7.20608
-7.21941
-7.23291
-7.24099
-7.24681
-7.24619
-7.24284
-7.2377
-7.23046
-7.22119
-7.21054
-7.20152
-7.19262
-7.18393
-7.17577
-7.17051
-7.16513
-7.15915
-7.15703
-7.15692
-7.16014
-7.16504
-7.17352
-7.1811
-7.18586
-7.19279
-7.20053
-7.20344
-7.20287
-7.20209
-7.19789
-7.19155
-7.18397
-7.17784
-7.1758
-7.1735
-7.17541
-7.17922
-7.18756
-7.19832
-7.21097
-7.22701
-7.24311
-7.25632
-7.269
-7.27876
-7.28377
-7.2801
-7.27182
-7.26035
-7.24122
-7.2234
-7.20407
-7.18561
-7.16953
-7.15791
-7.14993
-7.14421
-7.14282
-7.14212
-7.14693
-7.15163
-7.15811
-7.16571
-7.17176
-7.17809
-7.18271
-7.18915
-7.19326
-7.19644
-7.19812
-7.19943
-7.19913
-7.1985
-7.19711
-7.19183
-7.19091
-7.18989
-7.1906
-7.1932
-7.19788
-7.20322
-7.20882
-7.21968
-7.23041
-7.23423
-7.2421
-7.244
-7.24277
-7.24295
-7.24091
-7.23783
-7.23371
-7.23072
-7.22755
-7.22041
-7.21472
-7.20826
-7.20018
-7.19627
-7.19341
-7.18945
-7.1873
-7.18228
-7.17917
-7.17481
-7.16855
-7.16073
-7.15375
-7.14799
-7.14267
-7.1408
-7.14108
-7.14453
-7.15091
-7.16058
-7.173
-7.18574
-7.19909
-7.21362
-7.22697
-7.23751
-7.24266
-7.24628
-7.24528
-7.24065
-7.23536
-7.2309
-7.22551
-7.22327
-7.2177
-7.21222
-7.20612
-7.19617
-7.18877
-7.18111
-7.17107
-7.16441
-7.15966
-7.16015
-7.16384
-7.17044
-7.18179
-7.19516
-7.20726
-7.21962
-7.22706
-7.23207
-7.23375
-7.23104
-7.22271
-7.2129
-7.2009
-7.19138
-7.18071
-7.17174
-7.16549
-7.16194
-7.15992
-7.1601
-7.16289
-7.16621
-7.17255
-7.1799
-7.18646
-7.19416
-7.20355
-7.21187
-7.22166
-7.22908
-7.23354
-7.23519
-7.23495
-7.23162
-7.22561
-7.21638
-7.20534
-7.19291
-7.18227
-7.17179
-7.16519
-7.16262
-7.16281
-7.1685
-7.17556
-7.1853
-7.1969
-7.20826
-7.22084
-7.22851
-7.23373
-7.23795
-7.23734
-7.23259
-7.224
-7.21439
-7.2024
-7.19036
-7.17879
-7.17042
-7.16153
-7.15872
-7.15684
-7.15738
-7.16037
-7.16351
-7.16944
-7.17221
-7.17507
-7.17722
-7.18021
-7.1824
-7.18602
-7.18565
-7.18589
-7.18721
-7.18648
-7.18382
-7.18407
-7.18749
-7.18638
-7.18472
-7.18359
-7.18263
-7.18027
-7.17578
-7.17285
-7.17069
-7.16848
-7.16757
-7.16968
-7.17117
-7.17496
-7.18041
-7.18308
-7.18862
-7.1947
-7.2009
-7.20552
-7.20906
-7.21257
-7.21776
-7.21732
-7.2205
-7.22021
-7.22179
-7.22156
-7.22098
-7.21983
-7.22064
-7.21866
-7.2153
-7.21396
-7.20818
-7.20437
-7.19939
-7.19702
-7.19389
-7.19439
-7.19457
-7.19769
-7.20008
-7.20664
-7.21165
-7.21637
-7.21903
-7.22082
-7.21898
-7.21484
-7.20756
-7.19761
-7.18586
-7.17037
-7.15883
-7.14643
-7.13629
-7.1303
-7.12796
-7.1283
-7.13159
-7.13763
-7.14456
-7.15578
-7.16896
-7.1824
-7.19621
-7.20966
-7.22704
-7.23696
-7.24229
-7.24347
-7.23979
-7.23328
-7.22141
-7.20611
-7.19097
-7.17783
-7.16865
-7.16083
-7.16089
-7.16152
-7.16819
-7.1802
-7.19371
-7.20973
-7.2266
-7.245
-7.26233
-7.27536
-7.28675
-7.29184
-7.29626
-7.29427
-7.28658
-7.27522
-7.26159
-7.2473
-7.22885
-7.21217
-7.19524
-7.17749
-7.16234
-7.15143
-7.14273
-7.13503
-7.13252
-7.13083
-7.13262
-7.13438
-7.14092
-7.14676
-7.15415
-7.16436
-7.17381
-7.18287
-7.19195
-7.19979
-7.20382
-7.20819
-7.21117
-7.21117
-7.20996
-7.20795
-7.20392
-7.19761
-7.19233
-7.18737
-7.1868
-7.18938
-7.19284
-7.20017
-7.20118
-7.20722
-7.21112
-7.21265
-7.21121
-7.20546
-7.197
-7.18808
-7.17889
-7.17005
-7.16475
-7.16206
-7.16423
-7.16871
-7.17751
-7.18684
-7.19735
-7.20838
-7.21641
-7.22264
-7.22408
-7.22263
-7.21926
-7.216
-7.2128
-7.21055
-7.21074
-7.21132
-7.21016
-7.21379
-7.21537
-7.21754
-7.21802
-7.2198
-7.21907
-7.21854
-7.21833
-7.21513
-7.20996
-7.20178
-7.19413
-7.18791
-7.18293
-7.18004
-7.18035
-7.18431
-7.1847
-7.18607
-7.18466
-7.18465
-7.18161
-7.17981
-7.17885
-7.18014
-7.17909
-7.17923
-7.17712
-7.17544
-7.17316
-7.17157
-7.17062
-7.16872
-7.17038
-7.17144
-7.17481
-7.17792
-7.18352
-7.18814
-7.20022
-7.21271
-7.22496
-7.2357
-7.24686
-7.25471
-7.25526
-7.24997
-7.24382
-7.2364
-7.22624
-7.21548
-7.2026
-7.19463
-7.18698
-7.18229
-7.1797
-7.18075
-7.181
-7.18696
-7.19311
-7.20132
-7.20797
-7.21519
-7.2238
-7.22747
-7.23088
-7.23354
-7.23572
-7.23681
-7.23404
-7.2262
-7.21715
-7.2062
-7.19414
-7.18319
-7.17433
-7.16591
-7.15973
-7.15793
-7.16146
-7.16812
-7.17626
-7.18946
-7.20414
-7.21909
-7.23398
-7.24585
-7.25622
-7.25978
-7.26005
-7.25733
-7.24931
-7.23898
-7.22617
-7.20955
-7.19033
-7.17027
-7.15359
-7.1372
-7.12816
-7.11816
-7.11404
-7.11404
-7.11763
-7.12356
-7.12984
-7.13491
-7.13843
-7.14354
-7.14635
-7.14973
-7.15201
-7.15509
-7.15944
-7.16397
-7.17176
-7.17777
-7.18361
-7.18918
-7.1945
-7.19762
-7.20016
-7.19777
-7.19705
-7.1927
-7.19131
-7.19242
-7.19425
-7.19991
-7.20626
-7.21329
-7.22197
-7.22937
-7.23612
-7.24175
-7.25055
-7.25775
-7.26225
-7.26082
-7.26127
-7.25474
-7.24858
-7.24054
-7.23335
-7.22618
-7.2219
-7.21978
-7.2171
-7.21545
-7.21574
-7.21436
-7.21465
-7.21383
-7.21403
-7.21452
-7.21285
-7.21082
-7.20644
-7.20219
-7.201
-7.19661
-7.1935
-7.19235
-7.19452
-7.19579
-7.19612
-7.19565
-7.19523
-7.19336
-7.18979
-7.18341
-7.17631
-7.16975
-7.16185
-7.15642
-7.14927
-7.14544
-7.14178
-7.13877
-7.13947
-7.13884
-7.14102
-7.14477
-7.14729
-7.14825
-7.15159
-7.15375
-7.15414
-7.15643
-7.16165
-7.16623
-7.16966
-7.17615
-7.18274
-7.18916
-7.19666
-7.20394
-7.21019
-7.21161
-7.21236
-7.2143
-7.21361
-7.21379
-7.21316
-7.21133
-7.21332
-7.21565
-7.21721
-7.22235
-7.22973
-7.2397
-7.24852
-7.25465
-7.25923
-7.26122
-7.25879
-7.254
-7.24579
-7.23513
-7.22493
-7.21082
-7.20013
-7.1914
-7.18302
-7.1802
-7.18337
-7.1863
-7.19354
-7.20215
-7.21037
-7.21792
-7.21908
-7.21804
-7.21582
-7.20884
-7.20412
-7.19576
-7.18503
-7.17678
-7.16907
-7.16218
-7.15827
-7.15551
-7.15482
-7.15499
-7.15684
-7.16205
-7.1722
-7.17996
-7.18729
-7.19568
-7.20662
-7.21127
-7.2161
-7.21871
-7.21703
-7.21122
-7.20277
-7.19484
-7.18621
-7.17768
-7.17101
-7.16779
-7.16672
-7.17205
-7.18045
-7.18887
-7.20272
-7.21547
-7.2302
-7.24506
-7.25831
-7.26832
-7.27395
-7.27498
-7.27213
-7.26612
-7.25584
-7.24445
-7.22741
-7.21112
-7.19738
-7.18374
-7.1714
-7.16288
-7.15589
-7.14918
-7.14648
-7.14271
-7.13903
-7.13572
-7.13106
-7.13095
-7.13032
-7.13395
-7.13996
-7.14782
-7.16226
-7.17603
-7.19109
-7.20952
-7.22675
-7.24293
-7.25881
-7.27098
-7.27996
-7.28359
-7.28135
-7.27056
-7.25443
-7.23752
-7.21729
-7.19477
-7.17382
-7.15748
-7.14863
-7.14378
-7.14205
-7.14538
-7.14981
-7.15555
-7.16382
-7.17331
-7.18017
-7.18888
-7.19319
-7.19393
-7.19363
-7.19058
-7.1848
-7.1806
-7.17482
-7.17189
-7.16839
-7.16661
-7.16704
-7.16949
-7.17525
-7.18451
-7.19438
-7.2062
-7.21607
-7.22627
-7.23969
-7.25044
-7.26056
-7.27127
-7.27815
-7.28274
-7.28208
-7.27907
-7.26895
-7.25378
-7.23206
-7.21184
-7.19097
-7.17144
-7.15425
-7.14105
-7.13079
-7.12774
-7.12847
-7.13225
-7.14026
-7.15214
-7.16604
-7.18142
-7.19515
-7.20634
-7.20857
-7.20847
-7.20361
-7.19568
-7.18481
-7.17478
-7.16671
-7.16273
-7.15954
-7.1605
-7.16731
-7.17787
-7.19123
-7.20422
-7.21718
-7.22965
-7.2374
-7.24455
-7.24993
-7.254
-7.25421
-7.25094
-7.24263
-7.23265
-7.22283
-7.2101
-7.199
-7.18807
-7.18031
-7.17228
-7.16844
-7.16471
-7.16214
-7.15931
-7.1585
-7.15966
-7.16042
-7.16539
-7.17456
-7.1879
-7.20242
-7.21992
-7.23852
-7.25358
-7.26659
-7.27591
-7.28283
-7.28458
-7.27765
-7.27017
-7.25712
-7.24382
-7.22618
-7.20531
-7.18711
-7.16814
-7.15186
-7.13577
-7.12228
-7.11601
-7.11339
-7.11699
-7.12427
-7.13318
-7.144
-7.15746
-7.17254
-7.18465
-7.19572
-7.20402
-7.21097
-7.21709
-7.22377
-7.22805
-7.23171
-7.23224
-7.23072
-7.22807
-7.2225
-7.21693
-7.21181
-7.20535
-7.19942
-7.19075
-7.18239
-7.17447
-7.16553
-7.15951
-7.15249
-7.14895
-7.1501
-7.15749
-7.16638
-7.17543
-7.18962
-7.20072
-7.2107
-7.21883
-7.22729
-7.23262
-7.23253
-7.23285
-7.23467
-7.23219
-7.2264
-7.22002
-7.21153
-7.20267
-7.1949
-7.18823
-7.18415
-7.18066
-7.18423
-7.19364
-7.20424
-7.21776
-7.23085
-7.24382
-7.25325
-7.26111
-7.26509
-7.26772
-7.26429
-7.25659
-7.24635
-7.23275
-7.21504
-7.20013
-7.18716
-7.1735
-7.16555
-7.16063
-7.15773
-7.15655
-7.15782
-7.16095
-7.16016
-7.16086
-7.15853
-7.15558
-7.15502
-7.15078
-7.15048
-7.14907
-7.15141
-7.15334
-7.15421
-7.15453
-7.15459
-7.15359
-7.15135
-7.15141
-7.15319
-7.15802
-7.16455
-7.17397
-7.18528
-7.19677
-7.20603
-7.21654
-7.22374
-7.22848
-7.22918
-7.23129
-7.2292
-7.22694
-7.22294
-7.21576
-7.21175
-7.20909
-7.20977
-7.21112
-7.21332
-7.21772
-7.22147
-7.22837
-7.23126
-7.23521
-7.23605
-7.23293
-7.22865
-7.22077
-7.21364
-7.2079
-7.20111
-7.197
-7.19251
-7.19079
-7.18893
-7.1863
-7.18204
-7.17568
-7.16885
-7.16428
-7.15597
-7.14955
-7.1469
-7.14849
-7.15361
-7.16164
-7.16805
-7.17916
-7.18876
-7.19576
-7.20247
-7.20836
-7.21081
-7.21307
-7.21412
-7.21238
-7.21292
-7.21172
-7.21317
-7.21174
-7.20944
-7.20387
-7.20026
-7.19481
-7.18925
-7.18731
-7.18838
-7.18885
-7.19195
-7.19742
-7.20222
-7.21021
-7.2141
-7.21797
-7.21802
-7.21914
-7.21653
-7.21027
-7.20579
-7.19961
-7.19375
-7.18839
-7.18477
-7.18152
-7.17868
-7.1766
-7.17474
-7.17353
-7.17357
-7.17238
-7.17591
-7.18124
-7.18767
-7.19088
-7.2008
-7.20702
-7.21146
-7.21402
-7.21531
-7.21311
-7.20825
-7.20376
-7.19659
-7.19236
-7.18872
-7.1857
-7.18337
-7.18359
-7.18454
-7.18654
-7.18697
-7.18883
-7.19025
-7.19172
-7.1935
-7.19468
-7.19659
-7.19628
-7.1966
-7.19553
-7.1944
-7.19149
-7.18923
-7.18888
-7.19106
-7.19515
-7.20237
-7.20933
-7.21681
-7.22612
-7.23151
-7.23609
-7.23813
-7.23653
-7.23182
-7.22641
-7.21927
-7.21107
-7.20317
-7.19453
-7.18916
-7.17991
-7.17434
-7.17337
-7.1717
-7.17184
-7.17269
-7.17354
-7.1769
-7.18001
-7.1846
-7.18872
-7.19204
-7.19488
-7.19702
-7.19809
-7.20036
-7.20322
-7.20182
-7.20036
-7.19887
-7.19493
-7.19133
-7.18934
-7.1873
-7.18632
-7.18578
-7.18446
-7.1825
-7.18181
-7.17936
-7.18046
-7.18341
-7.1865
-7.19067
-7.19968
-7.20679
-7.21627
-7.22349
-7.23041
-7.2364
-7.23792
-7.23863
-7.23535
-7.22921
-7.22306
-7.2181
-7.21034
-7.20442
-7.19734
-7.19178
-7.18929
-7.18808
-7.18631
-7.18435
-7.18167
-7.18139
-7.17796
-7.17621
-7.17294
-7.16888
-7.16607
-7.16422
-7.16045
-7.15672
-7.15509
-7.15311
-7.15093
-7.15133
-7.15086
-7.15218
-7.15374
-7.15589
-7.16061
-7.16528
-7.1723
-7.17534
-7.17918
-7.18614
-7.19336
-7.20259
-7.21585
-7.22826
-7.24025
-7.25499
-7.26703
-7.27501
-7.28133
-7.28394
-7.28259
-7.27721
-7.26633
-7.25147
-7.23477
-7.21931
-7.20823
-7.19992
-7.19103
-7.18808
-7.18725
-7.18526
-7.18533
-7.18514
-7.18179
-7.17867
-7.17456
-7.16981
-7.16188
-7.15268
-7.14391
-7.13623
-7.12983
-7.12634
-7.12499
-7.12454
-7.12718
-7.13013
-7.13494
-7.13915
-7.14401
-7.14533
-7.15037
-7.15082
-7.1513
-7.15003
-7.149
-7.1503
-7.15483
-7.15715
-7.16498
-7.17411
-7.18684
-7.20406
-7.22237
-7.24025
-7.25946
-7.2765
-7.28936
-7.29768
-7.30262
-7.30359
-7.2979
-7.28804
-7.27764
-7.26376
-7.25141
-7.23725
-7.21974
-7.20569
-7.19098
-7.1775
-7.16825
-7.16084
-7.15944
-7.16042
-7.16706
-7.17579
-7.18685
-7.2
-7.21009
-7.22047
-7.22683
-7.23124
-7.2305
-7.22364
-7.21343
-7.19795
-7.18165
-7.16576
-7.15025
-7.13969
-7.13368
-7.13431
-7.14179
-7.15334
-7.16853
-7.18384
-7.19603
-7.20903
-7.2163
-7.219
-7.21689
-7.21242
-7.20515
-7.19413
-7.18244
-7.16823
-7.15736
-7.14888
-7.14136
-7.13784
-7.13396
-7.13386
-7.13516
-7.13763
-7.14097
-7.1456
-7.15181
-7.16349
-7.17587
-7.19184
-7.2115
-7.23161
-7.25144
-7.27209
-7.28837
-7.30239
-7.31436
-7.3204
-7.3215
-7.31719
-7.31234
-7.29834
-7.28249
-7.26381
-7.24477
-7.2263
-7.20559
-7.18697
-7.1701
-7.15839
-7.14946
-7.14358
-7.14316
-7.14373
-7.14703
-7.1537
-7.16025
-7.16912
-7.17291
-7.17533
-7.18029
-7.1799
-7.18078
-7.17918
-7.17605
-7.17375
-7.17005
-7.17064
-7.17408
-7.17797
-7.18096
-7.18417
-7.1899
-7.19273
-7.19548
-7.19753
-7.19816
-7.19581
-7.19456
-7.19207
-7.19021
-7.18498
-7.1805
-7.17306
-7.17068
-7.1668
-7.16356
-7.15924
-7.15718
-7.15647
-7.15788
-7.15993
-7.16123
-7.16755
-7.17429
-7.18317
-7.19436
-7.20876
-7.22166
-7.23515
-7.24369
-7.25437
-7.25775
-7.25835
-7.25389
-7.24367
-7.23138
-7.21719
-7.20337
-7.19037
-7.18012
-7.17304
-7.16911
-7.16716
-7.16953
-7.17279
-7.17807
-7.1859
-7.19376
-7.20536
-7.21716
-7.2274
-7.23462
-7.24135
-7.24679
-7.24871
-7.24711
-7.24413
-7.24038
-7.23201
-7.22335
-7.21618
-7.20675
-7.20007
-7.19072
-7.18032
-7.17498
-7.16867
-7.16633
-7.16502
-7.16361
-7.16441
-7.16544
-7.16765
-7.16816
-7.16778
-7.16659
-7.16573
-7.1675
-7.1684
-7.17004
-7.17581
-7.18198
-7.18737
-7.19191
-7.19707
-7.19989
-7.20002
-7.1981
-7.19712
-7.19221
-7.18802
-7.18268
-7.17894
-7.17677
-7.1762
-7.17674
-7.17812
-7.17993
-7.18122
-7.18347
-7.18609
-7.18609
-7.18808
-7.19171
-7.19748
-7.20497
-7.21325
-7.22181
-7.22939
-7.23462
-7.23526
-7.23819
-7.24084
-7.24025
-7.23351
-7.22436
-7.21767
-7.2085
-7.19928
-7.18975
-7.18259
-7.17877
-7.17501
-7.17487
-7.17795
-7.18622
-7.19764
-7.21345
-7.22786
-7.24193
-7.25331
-7.2592
-7.25907
-7.252
-7.24163
-7.22568
-7.20586
-7.18484
-7.16509
-7.14699
-7.13032
-7.11767
-7.1131
-7.11466
-7.11902
-7.12748
-7.1382
-7.14893
-7.16296
-7.1743
-7.1887
-7.20165
-7.21398
-7.2218
-7.22645
-7.23101
-7.23255
-7.23183
-7.22913
-7.22626
-7.22036
-7.2145
-7.21101
-7.20854
-7.20605
-7.20606
-7.2068
-7.21209
-7.21172
-7.21191
-7.20851
-7.20504
-7.19807
-7.19145
-7.18462
-7.1767
-7.16945
-7.16366
-7.16772
-7.17496
-7.18411
-7.19141
-7.20084
-7.20748
-7.21003
-7.20977
-7.2048
-7.1971
-7.18594
-7.17574
-7.16481
-7.15933
-7.15503
-7.15086
-7.15375
-7.15894
-7.16698
-7.17753
-7.18882
-7.19653
-7.20589
-7.21456
-7.22403
-7.2307
-7.23612
-7.23767
-7.23486
-7.2307
-7.22053
-7.20894
-7.19474
-7.18028
-7.1695
-7.15788
-7.15288
-7.1508
-7.15634
-7.16666
-7.17932
-7.19532
-7.2113
-7.22761
-7.2403
-7.25056
-7.25594
-7.258
-7.25655
-7.24911
-7.23802
-7.22668
-7.21702
-7.20715
-7.20066
-7.19281
-7.18738
-7.18261
-7.17783
-7.17471
-7.17439
-7.17193
-7.17401
-7.17686
-7.18327
-7.18875
-7.19478
-7.20326
-7.21281
-7.2199
-7.22294
-7.22215
-7.22034
-7.21272
-7.20126
-7.18752
-7.17854
-7.16721
-7.15912
-7.15535
-7.15557
-7.15774
-7.16251
-7.16564
-7.17029
-7.17567
-7.17746
-7.17993
-7.18268
-7.18519
-7.18892
-7.19771
-7.20851
-7.21724
-7.22294
-7.2298
-7.23668
-7.23912
-7.23978
-7.23448
-7.22528
-7.21648
-7.20615
-7.19738
-7.19025
-7.18683
-7.18479
-7.1849
-7.18894
-7.1915
-7.19698
-7.20275
-7.20497
-7.21001
-7.21263
-7.21145
-7.21099
-7.20752
-7.20481
-7.20218
-7.19874
-7.19631
-7.19487
-7.19419
-7.19429
-7.19338
-7.19138
-7.18835
-7.18804
-7.18345
-7.17856
-7.1747
-7.17095
-7.16702
-7.16661
-7.16932
-7.17284
-7.17788
-7.1837
-7.1929
-7.19857
-7.20763
-7.2124
-7.21389
-7.21279
-7.20769
-7.20431
-7.1983
-7.19282
-7.18934
-7.18397
-7.18295
-7.18487
-7.1875
-7.19169
-7.19853
-7.20608
-7.2149
-7.22219
-7.23182
-7.23793
-7.24341
-7.24803
-7.24917
-7.24767
-7.24425
-7.23625
-7.22531
-7.2132
-7.20212
-7.19035
-7.17941
-7.17004
-7.1603
-7.15153
-7.14552
-7.14257
-7.14146
-7.14662
-7.1523
-7.16343
-7.17501
-7.18687
-7.199
-7.21167
-7.21948
-7.22483
-7.22649
-7.22697
-7.22625
-7.22104
-7.21465
-7.20451
-7.19316
-7.18045
-7.16927
-7.15889
-7.15001
-7.14269
-7.13932
-7.13775
-7.13826
-7.14014
-7.14504
-7.1487
-7.1541
-7.16009
-7.16738
-7.17525
-7.18502
-7.19588
-7.20757
-7.21496
-7.22297
-7.2294
-7.23324
-7.23535
-7.2347
-7.23097
-7.22992
-7.2242
-7.22149
-7.22107
-7.22526
-7.22987
-7.23433
-7.23979
-7.23688
-7.23319
-7.22757
-7.21764
-7.20734
-7.19638
-7.18575
-7.17628
-7.16781
-7.16467
-7.16338
-7.16888
-7.17229
-7.17748
-7.18567
-7.19249
-7.20078
-7.20525
-7.20874
-7.21104
-7.21014
-7.20692
-7.19937
-7.19162
-7.17971
-7.16861
-7.15788
-7.14928
-7.14431
-7.14479
-7.14854
-7.15442
-7.16184
-7.17224
-7.1832
-7.19097
-7.19805
-7.20463
-7.20897
-7.21099
-7.21328
-7.21379
-7.21565
-7.21801
-7.21771
-7.21803
-7.22052
-7.22403
-7.22472
-7.22256
-7.22209
-7.218
-7.21536
-7.20923
-7.20371
-7.20312
-7.20273
-7.20353
-7.20708
-7.2122
-7.2169
-7.22285
-7.22513
-7.22552
-7.22403
-7.21855
-7.21133
-7.20003
-7.19188
-7.18039
-7.17064
-7.15812
-7.15252
-7.14727
-7.14605
-7.14616
-7.15112
-7.15848
-7.17244
-7.18671
-7.20263
-7.21651
-7.22832
-7.23769
-7.24194
-7.24166
-7.23625
-7.22902
-7.2181
-7.20754
-7.20137
-7.19754
-7.19647
-7.19794
-7.20224
-7.20658
-7.20958
-7.20782
-7.20721
-7.20167
-7.19697
-7.1881
-7.17799
-7.16826
-7.1585
-7.14728
-7.13946
-7.13487
-7.13558
-7.13871
-7.14951
-7.15975
-7.1744
-7.18853
-7.20371
-7.2159
-7.22588
-7.23368
-7.23385
-7.23553
-7.23065
-7.22304
-7.21463
-7.20383
-7.19227
-7.18419
-7.17517
-7.17034
-7.16862
-7.16707
-7.17037
-7.17553
-7.18502
-7.19327
-7.20412
-7.21397
-7.22304
-7.22878
-7.23266
-7.2327
-7.23203
-7.22422
-7.21772
-7.20861
-7.19768
-7.18489
-7.17503
-7.16532
-7.15959
-7.15462
-7.15408
-7.15358
-7.15601
-7.16023
-7.16468
-7.16823
-7.17504
-7.17961
-7.18329
-7.18739
-7.18902
-7.19075
-7.18847
-7.18683
-7.18504
-7.18104
-7.17749
-7.17631
-7.17816
-7.18227
-7.18911
-7.19786
-7.20643
-7.21447
-7.22238
-7.23094
-7.23203
-7.22955
-7.22142
-7.21252
-7.20132
-7.187
-7.17213
-7.15703
-7.14689
-7.13768
-7.13388
-7.13386
-7.14076
-7.1522
-7.16516
-7.18269
-7.20027
-7.21834
-7.23287
-7.24505
-7.25234
-7.25736
-7.25553
-7.25037
-7.24286
-7.23213
-7.21894
-7.20718
-7.19827
-7.1893
-7.18243
-7.17718
-7.17531
-7.17852
-7.18304
-7.19441
-7.20627
-7.21824
-7.23034
-7.24006
-7.24579
-7.25099
-7.24914
-7.24435
-7.23771
-7.22896
-7.22
-7.21118
-7.20368
-7.19852
-7.1974
-7.19572
-7.19299
-7.19208
-7.18952
-7.19112
-7.18947
-7.19019
-7.1895
-7.18776
-7.18552
-7.18324
-7.18171
-7.18029
-7.17969
-7.17649
-7.17291
-7.16904
-7.16378
-7.15912
-7.15464
-7.14972
-7.14644
-7.14758
-7.15033
-7.1574
-7.16788
-7.18005
-7.19495
-7.21228
-7.22809
-7.24292
-7.25171
-7.26264
-7.26464
-7.26582
-7.26138
-7.255
-7.24895
-7.23685
-7.22707
-7.21867
-7.21238
-7.20467
-7.20014
-7.19514
-7.18721
-7.1841
-7.18052
-7.17437
-7.16674
-7.16259
-7.15881
-7.15661
-7.1577
-7.16223
-7.16641
-7.1715
-7.1748
-7.17702
-7.17968
-7.18078
-7.18236
-7.18634
-7.19185
-7.1984
-7.20431
-7.21542
-7.22538
-7.2346
-7.24292
-7.24875
-7.24964
-7.24579
-7.23704
-7.22803
-7.21288
-7.1984
-7.18291
-7.16736
-7.1554
-7.14574
-7.13751
-7.13492
-7.13794
-7.14466
-7.15112
-7.15909
-7.17064
-7.1814
-7.19167
-7.19801
-7.20586
-7.2105
-7.21337
-7.21566
-7.21469
-7.21336
-7.20599
-7.19757
-7.18833
-7.17705
-7.16823
-7.16782
-7.16962
-7.17306
-7.17863
-7.18454
-7.19267
-7.19713
-7.19912
-7.20013
-7.20026
-7.19985
-7.19834
-7.19673
-7.19495
-7.19396
-7.19567
-7.19722
-7.20044
-7.20296
-7.21034
-7.22023
-7.23116
-7.24486
-7.25724
-7.2726
-7.28278
-7.28758
-7.28909
-7.28706
-7.28441
-7.2751
-7.26262
-7.24578
-7.22809
-7.20869
-7.18803
-7.1675
-7.1525
-7.13956
-7.13126
-7.127
-7.12547
-7.12934
-7.13717
-7.14527
-7.15468
-7.16443
-7.17414
-7.18346
-7.19177
-7.19725
-7.20246
-7.20691
-7.21161
-7.21604
-7.21883
-7.22153
-7.22531
-7.22788
-7.22599
-7.22593
-7.2184
-7.21058
-7.20068
-7.18935
-7.17733
-7.16409
-7.15244
-7.14166
-7.1365
-7.13729
-7.1468
-7.16384
-7.18984
-7.21639
-7.24038
-7.26208
-7.2776
-7.28422
-7.28496
-7.27567
-7.26744
-7.25806
-7.24767
-7.23703
-7.22744
-7.21632
-7.2041
-7.19421
-7.18466
-7.17461
-7.16425
-7.15811
-7.15442
-7.15333
-7.15449
-7.15738
-7.165
-7.17166
-7.1823
-7.18713
-7.18881
-7.18722
-7.18708
-7.18734
-7.18592
-7.18675
-7.18865
-7.19283
-7.19875
-7.2071
-7.2177
-7.22455
-7.23305
-7.23906
-7.24408
-7.24517
-7.24471
-7.24005
-7.23346
-7.22589
-7.21199
-7.20063
-7.1895
-7.18155
-7.17275
-7.16669
-7.16277
-7.15976
-7.16107
-7.16392
-7.17294
-7.18007
-7.192
-7.20459
-7.21281
-7.22504
-7.23335
-7.24057
-7.24238
-7.23972
-7.23399
-7.22478
-7.2108
-7.19721
-7.1851
-7.17169
-7.16078
-7.15635
-7.15736
-7.15763
-7.16305
-7.16767
-7.17424
-7.17896
-7.18303
-7.18803
-7.1911
-7.19417
-7.19786
-7.20388
-7.21053
-7.21772
-7.22447
-7.2347
-7.24296
-7.24997
-7.25398
-7.25766
-7.26131
-7.26144
-7.26168
-7.26072
-7.25946
-7.25519
-7.24647
-7.23432
-7.22005
-7.20672
-7.19268
-7.18159
-7.17027
-7.16234
-7.15706
-7.15243
-7.15158
-7.15029
-7.15091
-7.15329
-7.15837
-7.16203
-7.16672
-7.1713
-7.17689
-7.18227
-7.18743
-7.19347
-7.19706
-7.19787
-7.20028
-7.20361
-7.20526
-7.20674
-7.20783
-7.20744
-7.20975
-7.20938
-7.20868
-7.20397
-7.19882
-7.19229
-7.18678
-7.17862
-7.1712
-7.16594
-7.161
-7.16032
-7.16078
-7.16537
-7.17159
-7.18168
-7.19216
-7.2055
-7.21759
-7.22744
-7.23406
-7.23792
-7.23721
-7.22969
-7.22131
-7.21116
-7.20337
-7.19197
-7.18354
-7.17837
-7.17549
-7.17548
-7.17853
-7.18351
-7.18748
-7.19653
-7.20503
-7.21322
-7.22038
-7.22457
-7.22423
-7.2255
-7.22413
-7.22099
-7.2159
-7.20688
-7.1991
-7.19094
-7.1836
-7.17667
-7.17187
-7.16632
-7.16539
-7.16796
-7.1707
-7.17438
-7.18021
-7.18698
-7.19154
-7.1998
-7.20542
-7.21011
-7.2111
-7.2105
-7.20913
-7.20637
-7.19693
-7.18724
-7.17667
-7.1646
-7.15327
-7.14374
-7.13472
-7.1295
-7.12945
-7.13276
-7.14111
-7.15318
-7.17047
-7.19105
-7.21194
-7.23549
-7.25206
-7.26565
-7.27463
-7.27772
-7.27326
-7.26689
-7.25647
-7.24418
-7.22997
-7.21643
-7.20334
-7.19121
-7.1801
-7.17149
-7.16363
-7.15877
-7.15751
-7.15949
-7.16423
-7.17422
-7.18477
-7.19628
-7.20812
-7.22011
-7.22634
-7.23128
-7.23413
-7.23203
-7.22375
-7.21837
-7.20896
-7.20248
-7.19745
-7.19532
-7.19338
-7.19259
-7.19239
-7.19363
-7.19546
-7.19678
-7.19577
-7.19556
-7.19664
-7.19677
-7.19836
-7.19945
-7.20028
-7.19986
-7.19415
-7.18836
-7.183
-7.1759
-7.16914
-7.16233
-7.15581
-7.15056
-7.14782
-7.14684
-7.14948
-7.15741
-7.16813
-7.17859
-7.19192
-7.20725
-7.22192
-7.23586
-7.24651
-7.25153
-7.25376
-7.25765
-7.25338
-7.24647
-7.24039
-7.22839
-7.21742
-7.20575
-7.1927
-7.18436
-7.17831
-7.17602
-7.17628
-7.17976
-7.18604
-7.19347
-7.20062
-7.20387
-7.2073
-7.20882
-7.20734
-7.20629
-7.20128
-7.19388
-7.18796
-7.18152
-7.17704
-7.17304
-7.17086
-7.16876
-7.16977
-7.17263
-7.17693
-7.18284
-7.19101
-7.19845
-7.20517
-7.21159
-7.21777
-7.22009
-7.21802
-7.21556
-7.20643
-7.19557
-7.18204
-7.16597
-7.15204
-7.14069
-7.13375
-7.12942
-7.13048
-7.13717
-7.14881
-7.16495
-7.18096
-7.19932
-7.21513
-7.23182
-7.24531
-7.25567
-7.26579
-7.26873
-7.26649
-7.26305
-7.25678
-7.24949
-7.23797
-7.22702
-7.21758
-7.21089
-7.20478
-7.20037
-7.19472
-7.18546
-7.17661
-7.16886
-7.16174
-7.15552
-7.15193
-7.14933
-7.15051
-7.15354
-7.1558
-7.16294
-7.16835
-7.17636
-7.1847
-7.19383
-7.20146
-7.20737
-7.21335
-7.21586
-7.21817
-7.22029
-7.21829
-7.21395
-7.21312
-7.21238
-7.21578
-7.21891
-7.22228
-7.22629
-7.22611
-7.22578
-7.2255
-7.22374
-7.21952
-7.21054
-7.2048
-7.19876
-7.19346
-7.18817
-7.18448
-7.18184
-7.18204
-7.17987
-7.18013
-7.17664
-7.17725
-7.17856
-7.17762
-7.17577
-7.17208
-7.17088
-7.16941
-7.17056
-7.17008
-7.16902
-7.17265
-7.17803
-7.18366
-7.19221
-7.20083
-7.21306
-7.22128
-7.22566
-7.23023
-7.22739
-7.22209
-7.21489
-7.20343
-7.19268
-7.1844
-7.17534
-7.16721
-7.16158
-7.16014
-7.1624
-7.16638
-7.1738
-7.18355
-7.1962
-7.2073
-7.21808
-7.2292
-7.23788
-7.24409
-7.24809
-7.24587
-7.23885
-7.22989
-7.22194
-7.20931
-7.19464
-7.17915
-7.16631
-7.15618
-7.14787
-7.14484
-7.14812
-7.15591
-7.1674
-7.18533
-7.20395
-7.2247
-7.24251
-7.25568
-7.26677
-7.27299
-7.27392
-7.2667
-7.25606
-7.2416
-7.2236
-7.20487
-7.18633
-7.16854
-7.15534
-7.14405
-7.1369
-7.13366
-7.13391
-7.13862
-7.14348
-7.15057
-7.15526
-7.15983
-7.16366
-7.16977
-7.17377
-7.17866
-7.18291
-7.18781
-7.19093
-7.1933
-7.19467
-7.19492
-7.19305
-7.19519
-7.19604
-7.19681
-7.19674
-7.19727
-7.19849
-7.19895
-7.19907
-7.20217
-7.20435
-7.20878
-7.21426
-7.21527
-7.21947
-7.22341
-7.22371
-7.2233
-7.22104
-7.21668
-7.21042
-7.20268
-7.19492
-7.18934
-7.18399
-7.17893
-7.17492
-7.17117
-7.17263
-7.17941
-7.18821
-7.20124
-7.21655
-7.23114
-7.24348
-7.25423
-7.26323
-7.26496
-7.26186
-7.25356
-7.24068
-7.22479
-7.20898
-7.19074
-7.17079
-7.15459
-7.1389
-7.12697
-7.12103
-7.11688
-7.1162
-7.12011
-7.12565
-7.13427
-7.14421
-7.15019
-7.15817
-7.16381
-7.16968
-7.17701
-7.18612
-7.19584
-7.20384
-7.21406
-7.22498
-7.23396
-7.24447
-7.24969
-7.2506
-7.25014
-7.24757
-7.24378
-7.24019
-7.23674
-7.23314
-7.22891
-7.22346
-7.221
-7.21478
-7.20863
-7.1989
-7.19123
-7.18138
-7.1723
-7.16684
-7.16294
-7.15899
-7.1574
-7.16047
-7.16377
-7.16995
-7.17735
-7.18554
-7.19612
-7.20636
-7.21881
-7.22792
-7.23944
-7.24489
-7.24807
-7.25052
-7.24863
-7.24464
-7.24226
-7.23538
-7.22699
-7.2149
-7.20229
-7.19122
-7.18036
-7.17113
-7.16403
-7.15986
-7.1602
-7.16115
-7.16441
-7.1705
-7.17366
-7.17817
-7.17973
-7.17629
-7.17388
-7.16803
-7.16275
-7.15584
-7.14936
-7.14463
-7.14402
-7.14694
-7.15234
-7.16303
-7.17114
-7.18293
-7.19447
-7.20745
-7.21653
-7.22494
-7.22937
-7.23263
-7.23001
-7.2261
-7.22244
-7.21599
-7.21142
-7.2032
-7.19476
-7.1878
-7.18176
-7.17206
-7.16428
-7.15806
-7.15222
-7.15127
-7.15409
-7.15885
-7.16857
-7.17951
-7.19346
-7.20701
-7.22236
-7.23634
-7.25009
-7.25995
-7.27031
-7.27735
-7.28456
-7.28646
-7.28197
-7.26966
-7.25657
-7.23877
-7.21752
-7.19803
-7.17585
-7.15953
-7.14408
-7.13286
-7.12609
-7.12504
-7.12572
-7.12716
-7.12747
-7.13013
-7.13023
-7.13389
-7.13612
-7.13893
-7.14203
-7.14376
-7.1456
-7.15244
-7.15656
-7.16472
-7.17233
-7.18168
-7.19196
-7.19982
-7.20738
-7.21466
-7.21741
-7.21994
-7.21981
-7.21814
-7.21755
-7.21735
-7.21829
-7.22392
-7.22831
-7.23607
-7.24218
-7.2497
-7.25703
-7.26273
-7.26655
-7.2667
-7.26398
-7.26268
-7.25828
-7.25059
-7.24186
-7.2279
-7.21269
-7.19863
-7.18603
-7.17435
-7.16459
-7.15959
-7.15761
-7.15697
-7.15566
-7.15723
-7.16239
-7.16726
-7.17461
-7.17941
-7.18438
-7.18811
-7.18801
-7.18943
-7.19036
-7.18895
-7.18668
-7.18481
-7.18182
-7.17711
-7.17234
-7.16914
-7.16556
-7.16477
-7.16666
-7.16905
-7.17423
-7.17732
-7.18363
-7.19157
-7.19978
-7.20682
-7.21408
-7.21963
-7.22375
-7.22622
-7.22434
-7.21912
-7.21264
-7.20014
-7.18391
-7.16517
-7.14643
-7.13309
-7.12189
-7.11736
-7.11631
-7.12209
-7.13342
-7.14815
-7.16446
-7.18354
-7.20471
-7.22501
-7.2464
-7.26913
-7.28637
-7.30638
-7.32449
-7.33637
-7.34155
-7.34091
-7.33618
-7.32612
-7.31131
-7.28792
-7.26301
-7.23494
-7.20463
-7.17536
-7.15275
-7.13511
-7.12145
-7.11499
-7.11157
-7.11141
-7.1127
-7.11995
-7.12906
-7.1393
-7.14965
-7.16108
-7.17465
-7.1888
-7.20065
-7.21105
-7.22233
-7.23264
-7.23835
-7.24179
-7.24477
-7.24235
-7.23529
-7.22465
-7.2134
-7.2006
-7.19004
-7.17868
-7.17055
-7.16585
-7.16468
-7.16595
-7.16783
-7.17205
-7.17957
-7.1851
-7.19127
-7.19541
-7.2017
-7.20626
-7.20875
-7.20667
-7.20614
-7.20314
-7.19805
-7.19172
-7.1851
-7.17788
-7.17368
-7.17386
-7.17126
-7.17184
-7.1742
-7.18177
-7.19538
-7.20639
-7.21918
-7.23277
-7.2429
-7.24799
-7.24992
-7.24479
-7.23377
-7.21987
-7.20118
-7.18108
-7.16141
-7.14116
-7.12655
-7.11596
-7.11049
-7.10975
-7.11391
-7.12012
-7.13295
-7.14965
-7.1683
-7.18405
-7.20136
-7.2141
-7.22654
-7.24032
-7.24784
-7.25572
-7.26082
-7.26445
-7.26594
-7.26644
-7.26675
-7.26187
-7.25618
-7.24939
-7.23882
-7.22782
-7.21588
-7.2051
-7.19548
-7.18885
-7.18624
-7.18885
-7.19433
-7.19953
-7.20503
-7.20907
-7.21372
-7.21633
-7.21491
-7.21049
-7.20732
-7.20457
-7.20198
-7.20233
-7.20347
-7.20315
-7.20211
-7.20096
-7.19886
-7.19573
-7.19028
-7.18589
-7.17997
-7.17127
-7.16567
-7.15999
-7.15079
-7.14401
-7.14207
-7.14145
-7.14405
-7.14701
-7.15379
-7.16278
-7.17041
-7.18464
-7.19684
-7.20807
-7.21907
-7.22922
-7.23798
-7.24129
-7.2419
-7.24314
-7.23915
-7.23121
-7.2251
-7.21707
-7.20745
-7.19716
-7.19124
-7.18415
-7.18008
-7.18067
-7.1789
-7.17809
-7.18431
-7.18936
-7.19321
-7.19476
-7.19686
-7.19714
-7.19869
-7.19818
-7.19959
-7.20316
-7.20688
-7.21007
-7.2113
-7.2136
-7.21414
-7.21416
-7.2122
-7.21084
-7.20745
-7.20141
-7.19589
-7.18999
-7.18752
-7.18948
-7.19322
-7.19583
-7.19889
-7.20041
-7.20171
-7.1998
-7.19319
-7.1868
-7.17595
-7.16492
-7.15759
-7.15467
-7.1554
-7.15819
-7.16163
-7.17043
-7.17877
-7.18999
-7.19849
-7.20693
-7.21119
-7.21745
-7.223
-7.22854
-7.23021
-7.23218
-7.23612
-7.24227
-7.24543
-7.24864
-7.24929
-7.24871
-7.24513
-7.23716
-7.22636
-7.21285
-7.1993
-7.18787
-7.17666
-7.1663
-7.16117
-7.15617
-7.15473
-7.15279
-7.15091
-7.15053
-7.15201
-7.15461
-7.15676
-7.16301
-7.16897
-7.17582
-7.18371
-7.19246
-7.20132
-7.2067
-7.21007
-7.2101
-7.20954
-7.20352
-7.19785
-7.19301
-7.18759
-7.18422
-7.18231
-7.18453
-7.19058
-7.20099
-7.21381
-7.22695
-7.23849
-7.24659
-7.24927
-7.24718
-7.24166
-7.23428
-7.2262
-7.21432
-7.20405
-7.19558
-7.18738
-7.18025
-7.17362
-7.16608
-7.15933
-7.15453
-7.14818
-7.14518
-7.14388
-7.14505
-7.14857
-7.15193
-7.15615
-7.16192
-7.17
-7.18021
-7.18541
-7.19094
-7.19864
-7.20381
-7.20456
-7.20324
-7.20173
-7.19817
-7.19081
-7.1842
-7.18283
-7.18184
-7.18686
-7.19259
-7.20225
-7.21355
-7.22629
-7.23899
-7.24769
-7.25485
-7.25903
-7.25808
-7.25534
-7.24914
-7.23938
-7.23058
-7.22
-7.20948
-7.19856
-7.1889
-7.18514
-7.18316
-7.18142
-7.18032
-7.1801
-7.18106
-7.18205
-7.17993
-7.17741
-7.17612
-7.1701
-7.16934
-7.16816
-7.16725
-7.17033
-7.17567
-7.18022
-7.18466
-7.191
-7.19773
-7.20056
-7.20224
-7.19948
-7.1946
-7.18847
-7.18326
-7.17966
-7.17696
-7.17604
-7.18134
-7.19153
-7.20202
-7.21242
-7.2255
-7.23515
-7.24152
-7.24457
-7.24574
-7.24292
-7.23904
-7.23519
-7.23007
-7.22731
-7.22275
-7.21843
-7.21393
-7.20687
-7.20026
-7.1886
-7.17616
-7.16718
-7.15798
-7.15013
-7.14612
-7.14433
-7.14874
-7.15476
-7.16287
-7.17405
-7.18488
-7.19641
-7.20858
-7.2186
-7.22431
-7.22719
-7.22933
-7.22728
-7.22492
-7.2191
-7.21389
-7.21094
-7.20842
-7.20668
-7.20478
-7.20316
-7.20081
-7.19737
-7.19365
-7.18778
-7.17814
-7.16966
-7.16215
-7.15248
-7.14502
-7.14213
-7.14511
-7.14609
-7.14935
-7.15503
-7.16656
-7.17668
-7.18909
-7.20181
-7.21117
-7.22085
-7.23127
-7.23916
-7.24634
-7.25376
-7.26006
-7.26393
-7.26625
-7.26634
-7.26257
-7.25534
-7.24734
-7.23806
-7.22387
-7.21044
-7.19934
-7.18697
-7.17536
-7.16344
-7.15375
-7.14272
-7.13508
-7.12832
-7.12298
-7.12008
-7.12022
-7.12373
-7.1315
-7.14099
-7.15215
-7.16582
-7.17683
-7.18911
-7.19819
-7.20629
-7.21439
-7.21916
-7.22301
-7.2276
-7.2285
-7.22493
-7.22011
-7.21396
-7.20857
-7.19908
-7.18908
-7.17985
-7.1718
-7.16238
-7.15731
-7.15364
-7.15113
-7.15288
-7.15896
-7.16625
-7.17695
-7.18948
-7.20308
-7.21591
-7.2259
-7.23036
-7.23237
-7.23013
-7.22556
-7.2197
-7.2099
-7.19972
-7.19319
-7.18813
-7.18231
-7.18354
-7.18577
-7.18957
-7.19248
-7.1982
-7.2065
-7.21295
-7.22084
-7.22281
-7.22541
-7.22655
-7.22176
-7.21436
-7.20616
-7.19615
-7.18812
-7.1814
-7.17577
-7.17336
-7.17544
-7.17784
-7.18068
-7.18573
-7.19033
-7.19271
-7.19423
-7.19579
-7.19653
-7.19631
-7.197
-7.19847
-7.19826
-7.19942
-7.19969
-7.20126
-7.20008
-7.19986
-7.19973
-7.19864
-7.19727
-7.1955
-7.19272
-7.19006
-7.1901
-7.19083
-7.19063
-7.19195
-7.19491
-7.19992
-7.20296
-7.20563
-7.20819
-7.20949
-7.21269
-7.215
-7.2158
-7.21519
-7.21022
-7.20442
-7.19644
-7.18559
-7.17456
-7.16196
-7.15255
-7.14514
-7.1387
-7.13648
-7.13633
-7.13846
-7.14261
-7.14905
-7.15868
-7.17138
-7.17946
-7.18976
-7.19865
-7.2059
-7.21241
-7.21714
-7.21972
-7.22137
-7.22442
-7.22499
-7.22837
-7.23472
-7.24031
-7.24574
-7.25139
-7.25594
-7.25726
-7.25984
-7.25971
-7.25738
-7.25381
-7.24899
-7.24214
-7.23416
-7.22752
-7.21818
-7.20806
-7.19768
-7.18385
-7.17351
-7.16383
-7.15646
-7.14773
-7.14205
-7.13647
-7.1323
-7.13133
-7.13245
-7.138
-7.14475
-7.15497
-7.16475
-7.17937
-7.19146
-7.20183
-7.21409
-7.22359
-7.23587
-7.24364
-7.24834
-7.25239
-7.25143
-7.24726
-7.24061
-7.23255
-7.22334
-7.20891
-7.1926
-7.17467
-7.15772
-7.14174
-7.12579
-7.11583
-7.10968
-7.11148
-7.1202
-7.13024
-7.14805
-7.16766
-7.18625
-7.20444
-7.21887
-7.23156
-7.24205
-7.24979
-7.25436
-7.25573
-7.25633
-7.25244
-7.24829
-7.24373
-7.24155
-7.23762
-7.23655
-7.23831
-7.24113
-7.24387
-7.24595
-7.24726
-7.24765
-7.24533
-7.24285
-7.23599
-7.22991
-7.21986
-7.20791
-7.19486
-7.17924
-7.16218
-7.14437
-7.12684
-7.11172
-7.10145
-7.09484
-7.0912
-7.09504
-7.10377
-7.11569
-7.132
-7.14666
-7.16086
-7.17248
-7.18132
-7.18693
-7.19055
-7.18962
-7.18744
-7.1841
-7.18079
-7.17943
-7.1775
-7.17988
-7.18605
-7.19492
-7.20657
-7.21786
-7.22722
-7.23482
-7.24235
-7.24375
-7.24491
-7.24059
-7.23512
-7.22461
-7.21684
-7.2118
-7.21006
-7.21195
-7.22027
-7.23069
-7.24129
-7.2552
-7.26255
-7.27046
-7.27399
-7.27275
-7.26569
-7.25426
-7.24316
-7.22677
-7.20558
-7.1834
-7.15916
-7.13795
-7.12077
-7.10742
-7.09975
-7.1011
-7.10876
-7.12128
-7.13752
-7.15436
-7.17236
-7.1905
-7.20937
-7.22494
-7.24144
-7.25245
-7.26123
-7.26686
-7.27159
-7.27475
-7.27245
-7.2664
-7.25745
-7.2448
-7.22738
-7.20808
-7.1884
-7.17182
-7.15452
-7.1455
-7.13877
-7.13833
-7.14148
-7.14889
-7.1578
-7.16587
-7.17065
-7.17275
-7.17302
-7.16812
-7.15739
-7.14757
-7.14191
-7.13523
-7.13437
-7.13958
-7.15189
-7.16565
-7.18657
-7.20713
-7.22509
-7.24261
-7.25867
-7.27071
-7.28171
-7.28952
-7.29218
-7.29401
-7.29136
-7.2873
-7.28638
-7.28223
-7.27764
-7.26908
-7.2611
-7.24917
-7.23604
-7.22046
-7.20263
-7.18227
-7.16189
-7.1422
-7.12331
-7.10769
-7.09385
-7.08478
-7.08286
-7.08596
-7.09347
-7.10733
-7.12669
-7.14623
-7.16484
-7.18421
-7.19891
-7.20983
-7.21727
-7.22071
-7.22414
-7.22238
-7.22022
-7.21827
-7.21513
-7.21162
-7.20951
-7.20859
-7.21322
-7.21719
-7.21971
-7.22076
-7.22277
-7.22621
-7.23101
-7.23214
-7.23383
-7.23538
-7.23478
-7.23141
-7.22736
-7.22159
-7.21481
-7.20296
-7.19008
-7.17645
-7.1606
-7.14649
-7.13408
-7.1232
-7.11434
-7.10843
-7.1071
-7.10919
-7.11663
-7.12906
-7.14361
-7.16176
-7.17944
-7.19716
-7.21302
-7.22696
-7.23758
-7.24602
-7.25274
-7.2544
-7.25482
-7.25103
-7.24587
-7.23953
-7.23228
-7.22359
-7.21438
-7.20729
-7.1978
-7.19456
-7.1926
-7.19367
-7.19536
-7.19698
-7.19855
-7.20023
-7.19994
-7.19823
-7.1981
-7.19713
-7.19792
-7.20056
-7.20383
-7.20627
-7.20666
-7.20768
-7.20568
-7.2034
-7.19831
-7.19258
-7.18889
-7.18354
-7.17845
-7.17364
-7.17077
-7.17216
-7.17485
-7.18109
-7.19104
-7.19975
-7.21125
-7.22392
-7.23504
-7.2426
-7.25034
-7.25442
-7.25107
-7.24976
-7.24346
-7.23374
-7.22047
-7.2069
-7.18961
-7.17176
-7.15932
-7.14689
-7.14137
-7.14278
-7.1477
-7.15708
-7.17188
-7.18438
-7.19725
-7.2074
-7.21321
-7.21732
-7.21465
-7.21048
-7.20564
-7.20222
-7.20023
-7.20131
-7.20352
-7.20802
-7.21262
-7.21803
-7.22176
-7.21999
-7.2202
-7.21668
-7.21341
-7.20791
-7.20292
-7.19609
-7.18593
-7.17728
-7.17021
-7.16336
-7.16011
-7.15934
-7.16189
-7.16548
-7.17055
-7.17716
-7.18181
-7.18621
-7.18836
-7.18908
-7.1865
-7.18792
-7.18807
-7.18644
-7.18574
-7.18504
-7.1831
-7.18073
-7.17884
-7.17642
-7.17444
-7.17668
-7.17972
-7.18329
-7.18956
-7.19381
-7.19994
-7.20517
-7.21022
-7.21227
-7.21443
-7.2144
-7.21122
-7.20587
-7.20244
-7.20003
-7.19768
-7.19353
-7.19265
-7.19182
-7.18906
-7.18928
-7.19188
-7.19579
-7.20215
-7.20905
-7.21495
-7.22349
-7.23315
-7.24166
-7.2455
-7.24793
-7.2467
-7.24211
-7.23287
-7.22447
-7.21417
-7.204
-7.19315
-7.18487
-7.18124
-7.1801
-7.18236
-7.1876
-7.19492
-7.20128
-7.20421
-7.20715
-7.2082
-7.20752
-7.20697
-7.20075
-7.189
-7.18125
-7.17141
-7.16366
-7.15852
-7.15938
-7.16043
-7.16891
-7.18211
-7.19399
-7.20722
-7.21897
-7.2256
-7.2307
-7.23222
-7.22807
-7.22319
-7.21599
-7.20861
-7.20212
-7.19386
-7.18996
-7.1869
-7.18623
-7.18923
-7.18986
-7.1929
-7.19728
-7.19715
-7.19777
-7.19629
-7.19273
-7.18714
-7.18082
-7.17431
-7.16957
-7.16555
-7.16606
-7.16993
-7.17442
-7.17892
-7.18688
-7.19318
-7.1999
-7.2038
-7.20616
-7.20924
-7.21059
-7.21109
-7.21226
-7.21107
-7.20855
-7.20378
-7.19784
-7.1938
-7.18717
-7.18255
-7.17882
-7.18026
-7.18671
-7.19227
-7.19912
-7.20718
-7.21686
-7.22239
-7.22513
-7.22564
-7.22401
-7.22271
-7.21925
-7.21485
-7.20844
-7.20468
-7.20311
-7.19807
-7.19461
-7.19239
-7.18764
-7.18106
-7.17252
-7.163
-7.15442
-7.14784
-7.14375
-7.14147
-7.14112
-7.14406
-7.14886
-7.1516
-7.15574
-7.16051
-7.16422
-7.1673
-7.16993
-7.17276
-7.17912
-7.18595
-7.19286
-7.20227
-7.20658
-7.21276
-7.22138
-7.22629
-7.23007
-7.23144
-7.23125
-7.22804
-7.22259
-7.21244
-7.20668
-7.19948
-7.19782
-7.19985
-7.20163
-7.20587
-7.21247
-7.21893
-7.22093
-7.225
-7.22821
-7.22955
-7.23056
-7.22893
-7.22589
-7.22082
-7.21669
-7.21121
-7.20179
-7.19333
-7.1825
-7.17123
-7.16095
-7.15473
-7.14947
-7.15009
-7.15287
-7.15697
-7.16358
-7.17063
-7.17771
-7.18573
-7.19533
-7.20008
-7.20282
-7.20348
-7.20028
-7.19816
-7.19712
-7.19522
-7.19009
-7.19065
-7.18785
-7.18732
-7.19001
-7.1918
-7.19397
-7.19876
-7.20206
-7.2073
-7.21287
-7.21823
-7.22061
-7.22622
-7.22972
-7.23423
-7.23882
-7.23974
-7.23896
-7.23581
-7.23102
-7.22604
-7.22065
-7.21291
-7.20352
-7.19328
-7.18306
-7.17098
-7.16017
-7.14764
-7.13767
-7.12913
-7.12459
-7.12591
-7.12824
-7.13697
-7.15051
-7.16569
-7.18575
-7.20503
-7.22468
-7.24216
-7.25834
-7.2696
-7.27744
-7.28207
-7.27987
-7.27426
-7.26661
-7.25805
-7.24707
-7.2368
-7.22788
-7.2156
-7.20297
-7.19234
-7.18104
-7.1698
-7.1604
-7.15232
-7.14907
-7.14425
-7.14194
-7.14086
-7.14133
-7.14173
-7.14573
-7.14895
-7.15361
-7.15534
-7.16074
-7.16564
-7.16854
-7.16936
-7.17124
-7.17618
-7.17908
-7.1838
-7.18952
-7.19672
-7.20521
-7.21278
-7.21729
-7.22692
-7.23306
-7.24031
-7.24682
-7.25467
-7.25876
-7.26114
-7.26224
-7.25885
-7.25513
-7.2481
-7.23955
-7.22603
-7.21065
-7.19627
-7.18267
-7.16965
-7.15568
-7.14744
-7.13808
-7.13529
-7.13704
-7.141
-7.1492
-7.15804
-7.16739
-7.17958
-7.18786
-7.19416
-7.19993
-7.20173
-7.20102
-7.19975
-7.19635
-7.1899
-7.18128
-7.17585
-7.1727
-7.17341
-7.17512
-7.17796
-7.18675
-7.19206
-7.197
-7.20101
-7.20111
-7.19782
-7.19038
-7.18158
-7.17497
-7.17129
-7.16707
-7.1657
-7.16892
-7.17794
-7.18704
-7.20128
-7.21074
-7.2213
-7.23005
-7.23667
-7.24029
-7.24172
-7.24064
-7.23946
-7.23499
-7.22855
-7.22357
-7.22018
-7.21459
-7.20728
-7.20117
-7.19454
-7.18917
-7.18696
-7.18742
-7.19008
-7.1994
-7.2111
-7.22134
-7.2335
-7.24214
-7.24625
-7.24751
-7.24625
-7.23784
-7.22682
-7.21579
-7.20425
-7.19257
-7.17976
-7.16943
-7.16271
-7.15435
-7.15119
-7.14816
-7.14974
-7.15058
-7.15283
-7.15545
-7.15756
-7.16325
-7.16669
-7.17046
-7.17519
-7.17692
-7.17699
-7.17905
-7.18361
-7.18701
-7.19013
-7.19608
-7.20103
-7.20822
-7.21641
-7.22489
-7.23314
-7.23899
-7.24487
-7.24954
-7.25384
-7.25392
-7.2531
-7.24886
-7.2446
-7.23681
-7.22846
-7.21954
-7.20848
-7.1961
-7.1837
-7.17137
-7.16206
-7.1585
-7.15595
-7.15524
-7.15581
-7.15416
-7.15314
-7.14826
-7.14556
-7.14061
-7.13215
-7.1274
-7.12378
-7.12474
-7.12999
-7.14048
-7.15403
-7.17331
-7.19456
-7.21765
-7.23903
-7.25766
-7.27233
-7.28601
-7.29404
-7.29963
-7.29696
-7.28972
-7.27693
-7.26031
-7.24191
-7.22374
-7.20634
-7.18958
-7.17595
-7.16267
-7.14985
-7.14624
-7.14271
-7.14505
-7.14584
-7.15025
-7.15782
-7.16507
-7.17064
-7.17759
-7.18118
-7.18638
-7.19314
-7.19835
-7.20106
-7.20732
-7.21588
-7.2214
-7.22944
-7.2393
-7.24467
-7.2495
-7.25447
-7.25289
-7.24956
-7.24568
-7.23786
-7.22678
-7.21664
-7.20496
-7.1922
-7.18167
-7.17034
-7.16019
-7.15366
-7.14887
-7.14594
-7.14437
-7.14595
-7.14967
-7.15513
-7.16236
-7.16716
-7.17272
-7.17287
-7.16983
-7.16464
-7.15634
-7.15026
-7.14539
-7.14174
-7.14012
-7.14186
-7.14881
-7.15724
-7.17039
-7.18422
-7.19757
-7.21276
-7.22636
-7.24015
-7.25094
-7.25772
-7.26257
-7.26385
-7.26138
-7.25865
-7.25206
-7.24113
-7.23162
-7.22228
-7.2086
-7.1993
-7.19054
-7.18208
-7.17592
-7.17068
-7.16594
-7.16042
-7.15572
-7.15213
-7.14758
-7.14483
-7.14433
-7.1466
-7.14834
-7.15209
-7.15662
-7.16097
-7.16465
-7.16641
-7.17045
-7.17547
-7.17713
-7.18138
-7.18667
-7.19158
-7.19773
-7.20554
-7.21465
-7.22399
-7.23117
-7.23795
-7.2432
-7.24838
-7.25332
-7.25264
-7.25213
-7.24515
-7.23662
-7.22444
-7.21012
-7.19518
-7.17982
-7.16729
-7.15977
-7.15733
-7.16056
-7.16936
-7.18182
-7.1928
-7.2023
-7.2089
-7.21105
-7.20949
-7.20522
-7.20073
-7.19213
-7.18939
-7.18764
-7.18941
-7.18943
-7.19161
-7.19619
-7.19882
-7.20152
-7.20642
-7.21106
-7.21577
-7.22018
-7.22328
-7.22814
-7.23013
-7.22875
-7.22818
-7.22269
-7.21407
-7.2085
-7.2018
-7.19697
-7.1937
-7.19494
-7.1984
-7.20065
-7.2058
-7.20952
-7.20856
-7.20529
-7.20335
-7.19855
-7.19186
-7.18585
-7.17677
-7.17256
-7.16948
-7.16875
-7.16679
-7.16978
-7.17487
-7.18119
-7.18806
-7.19372
-7.19846
-7.20524
-7.20868
-7.21079
-7.21033
-7.21029
-7.21036
-7.20997
-7.21057
-7.20825
-7.20688
-7.20372
-7.19588
-7.19329
-7.19039
-7.18284
-7.17755
-7.17269
-7.16427
-7.15756
-7.15216
-7.14935
-7.14898
-7.14974
-7.15248
-7.15746
-7.16338
-7.17235
-7.17796
-7.18338
-7.18755
-7.19047
-7.19116
-7.19342
-7.19461
-7.19559
-7.19486
-7.19814
-7.20298
-7.20809
-7.21458
-7.22182
-7.22841
-7.23577
-7.24337
-7.2488
-7.25162
-7.25436
-7.25314
-7.24982
-7.24156
-7.23378
-7.22504
-7.2157
-7.20587
-7.19378
-7.1844
-7.17835
-7.17524
-7.17247
-7.17012
-7.17071
-7.17351
-7.17715
-7.18282
-7.18941
-7.19388
-7.1963
-7.19727
-7.19718
-7.19543
-7.19358
-7.18929
-7.18482
-7.18054
-7.17781
-7.17639
-7.17879
-7.18436
-7.1914
-7.20056
-7.21291
-7.22414
-7.23154
-7.23723
-7.23509
-7.23016
-7.22186
-7.21584
-7.20701
-7.1972
-7.18885
-7.18252
-7.17577
-7.17136
-7.1707
-7.17365
-7.17738
-7.1774
-7.17739
-7.17861
-7.18121
-7.18233
-7.18375
-7.18309
-7.18382
-7.18547
-7.18523
-7.18783
-7.1893
-7.19442
-7.19954
-7.20434
-7.20956
-7.21619
-7.22461
-7.23051
-7.23286
-7.23036
-7.22787
-7.22114
-7.21354
-7.20114
-7.18987
-7.18233
-7.17562
-7.17339
-7.17386
-7.17471
-7.17722
-7.17669
-7.1764
-7.1749
-7.17322
-7.17101
-7.16786
-7.16532
-7.16472
-7.16709
-7.17157
-7.17584
-7.18261
-7.19322
-7.20269
-7.21339
-7.22434
-7.2341
-7.24222
-7.24587
-7.25114
-7.25214
-7.25215
-7.2462
-7.24006
-7.23173
-7.22161
-7.20982
-7.19857
-7.18732
-7.17517
-7.16744
-7.16147
-7.15964
-7.15944
-7.16198
-7.16903
-7.17701
-7.18619
-7.19447
-7.20092
-7.20506
-7.20881
-7.21292
-7.21568
-7.21643
-7.21562
-7.21083
-7.20617
-7.20034
-7.19641
-7.18966
-7.18353
-7.18042
-7.17651
-7.17489
-7.17689
-7.17748
-7.18051
-7.18549
-7.18962
-7.19428
-7.19711
-7.20055
-7.20175
-7.20455
-7.20505
-7.20485
-7.2048
-7.20342
-7.2029
-7.20537
-7.20548
-7.20621
-7.20503
-7.20295
-7.20232
-7.19717
-7.19273
-7.18701
-7.17922
-7.17271
-7.16896
-7.16714
-7.16939
-7.17046
-7.17896
-7.1878
-7.19759
-7.20719
-7.22005
-7.23523
-7.24984
-7.26413
-7.27674
-7.28502
-7.28857
-7.28911
-7.28659
-7.27848
-7.26732
-7.25251
-7.23481
-7.21826
-7.19866
-7.18006
-7.16311
-7.14883
-7.13992
-7.13371
-7.13493
-7.13848
-7.14415
-7.15171
-7.16032
-7.16467
-7.16416
-7.15956
-7.15452
-7.14836
-7.14006
-7.12938
-7.12185
-7.11574
-7.11327
-7.11891
-7.12584
-7.13628
-7.15178
-7.17133
-7.19429
-7.21861
-7.24243
-7.26711
-7.2879
-7.30408
-7.31512
-7.32162
-7.3231
-7.32161
-7.31184
-7.29463
-7.27803
-7.25749
-7.23554
-7.21206
-7.1908
-7.17506
-7.16511
-7.16154
-7.16505
-7.17359
-7.18632
-7.19852
-7.20775
-7.21679
-7.21734
-7.21663
-7.20991
-7.19981
-7.18713
-7.17103
-7.15529
-7.14114
-7.13184
-7.12635
-7.12481
-7.1269
-7.13152
-7.13942
-7.14851
-7.15847
-7.16971
-7.17964
-7.18446
-7.1887
-7.19092
-7.19187
-7.19374
-7.19525
-7.19897
-7.2012
-7.20627
-7.21024
-7.21444
-7.21325
-7.21314
-7.21225
-7.21258
-7.20912
-7.20911
-7.21003
-7.2142
-7.21829
-7.22244
-7.22614
-7.22662
-7.22577
-7.22175
-7.21334
-7.20459
-7.19348
-7.18054
-7.17099
-7.16457
-7.16353
-7.16494
-7.16845
-7.17615
-7.18398
-7.19428
-7.20262
-7.20911
-7.21233
-7.21345
-7.21139
-7.20779
-7.20211
-7.19576
-7.19189
-7.18682
-7.18508
-7.18624
-7.19199
-7.19913
-7.20737
-7.21874
-7.23026
-7.24177
-7.25125
-7.25636
-7.25704
-7.24749
-7.23604
-7.21715
-7.19615
-7.17237
-7.14926
-7.12507
-7.10767
-7.09916
-7.09827
-7.10871
-7.12457
-7.14603
-7.16906
-7.19482
-7.21608
-7.23727
-7.24971
-7.25993
-7.26302
-7.26217
-7.25851
-7.25073
-7.23757
-7.22868
-7.21909
-7.20955
-7.20479
-7.2
-7.1976
-7.20019
-7.20438
-7.20563
-7.20915
-7.21353
-7.21786
-7.2193
-7.22039
-7.21681
-7.21009
-7.20015
-7.18916
-7.1769
-7.16593
-7.15296
-7.14243
-7.13499
-7.12789
-7.12689
-7.12563
-7.12892
-7.13464
-7.14347
-7.1546
-7.16647
-7.18188
-7.19514
-7.20728
-7.21559
-7.22435
-7.22779
-7.22989
-7.22754
-7.22702
-7.22721
-7.22435
-7.22035
-7.2181
-7.22119
-7.22432
-7.22565
-7.23007
-7.2347
-7.23895
-7.24185
-7.24331
-7.24447
-7.24345
-7.24287
-7.23642
-7.22607
-7.21321
-7.19779
-7.18211
-7.16134
-7.14501
-7.13221
-7.12409
-7.11878
-7.11875
-7.12469
-7.13527
-7.15305
-7.17258
-7.19132
-7.20739
-7.21913
-7.22678
-7.22947
-7.22793
-7.22743
-7.22445
-7.22578
-7.22471
-7.22492
-7.22649
-7.22577
-7.22636
-7.22625
-7.22379
-7.21921
-7.21684
-7.21162
-7.20616
-7.20192
-7.19751
-7.19438
-7.18784
-7.18394
-7.18018
-7.17431
-7.17094
-7.16894
-7.16549
-7.16637
-7.16557
-7.16916
-7.17572
-7.18254
-7.19146
-7.20294
-7.21385
-7.22577
-7.23684
-7.2459
-7.25791
-7.26382
-7.26283
-7.26503
-7.26169
-7.25346
-7.2427
-7.22562
-7.20682
-7.18787
-7.16972
-7.15196
-7.13772
-7.12742
-7.11977
-7.11196
-7.10794
-7.10982
-7.11175
-7.11568
-7.12154
-7.12902
-7.13891
-7.14959
-7.1605
-7.1728
-7.18613
-7.19597
-7.20301
-7.20876
-7.21417
-7.21976
-7.22356
-7.22796
-7.23205
-7.23746
-7.24072
-7.24466
-7.248
-7.25219
-7.25406
-7.25295
-7.2538
-7.25206
-7.24619
-7.2346
-7.22232
-7.20748
-7.19028
-7.17178
-7.15257
-7.13535
-7.12166
-7.11307
-7.1074
-7.10857
-7.11312
-7.1221
-7.13602
-7.15139
-7.16782
-7.1827
-7.19543
-7.20426
-7.2126
-7.21303
-7.21375
-7.21471
-7.21206
-7.21086
-7.21022
-7.21287
-7.21487
-7.22077
-7.22898
-7.23663
-7.24313
-7.25227
-7.2571
-7.26023
-7.26141
-7.25684
-7.24608
-7.23446
-7.22008
-7.20316
-7.18785
-7.17223
-7.15758
-7.14507
-7.13404
-7.12733
-7.12376
-7.12228
-7.12361
-7.1244
-7.12699
-7.12999
-7.13576
-7.14312
-7.15196
-7.1614
-7.17201
-7.18414
-7.19724
-7.2113
-7.22308
-7.23335
-7.24342
-7.2525
-7.25735
-7.26256
-7.26502
-7.26876
-7.27005
-7.269
-7.26564
-7.26343
-7.26118
-7.25386
-7.24622
-7.23787
-7.22824
-7.21399
-7.20121
-7.18855
-7.17375
-7.15911
-7.1455
-7.13237
-7.12202
-7.1124
-7.10944
-7.11121
-7.11778
-7.12883
-7.1441
-7.16165
-7.17851
-7.19669
-7.20986
-7.21695
-7.22293
-7.22546
-7.22478
-7.22082
-7.21478
-7.21142
-7.21014
-7.20991
-7.21242
-7.21433
-7.21919
-7.22535
-7.22795
-7.23198
-7.23551
-7.23474
-7.23279
-7.22995
-7.22797
-7.2239
-7.22039
-7.2152
-7.20944
-7.20227
-7.19428
-7.18453
-7.17708
-7.16881
-7.16037
-7.154
-7.1512
-7.15211
-7.1563
-7.16273
-7.17193
-7.17995
-7.18669
-7.19529
-7.19977
-7.204
-7.20733
-7.20561
-7.20262
-7.19956
-7.19647
-7.19594
-7.19413
-7.19254
-7.19452
-7.19816
-7.20007
-7.2011
-7.20357
-7.20533
-7.20398
-7.20462
-7.20321
-7.20403
-7.20462
-7.2071
-7.21048
-7.21466
-7.22051
-7.22748
-7.23477
-7.24185
-7.24825
-7.25134
-7.25386
-7.25182
-7.24595
-7.23665
-7.22563
-7.21343
-7.20228
-7.18881
-7.17784
-7.16488
-7.15466
-7.14609
-7.14033
-7.13779
-7.13582
-7.13516
-7.13472
-7.13585
-7.13985
-7.14166
-7.14357
-7.14177
-7.14091
-7.14045
-7.14293
-7.14534
-7.14949
-7.15863
-7.16701
-7.17776
-7.18961
-7.19812
-7.20573
-7.21149
-7.21463
-7.2174
-7.21813
-7.22127
-7.22451
-7.22574
-7.22629
-7.22977
-7.2319
-7.23175
-7.22773
-7.2274
-7.22539
-7.22043
-7.21552
-7.21516
-7.21446
-7.21414
-7.2163
-7.22028
-7.22048
-7.22167
-7.22408
-7.2254
-7.22748
-7.22638
-7.22364
-7.21933
-7.21145
-7.19989
-7.18707
-7.17402
-7.16151
-7.15378
-7.14607
-7.14505
-7.14686
-7.15099
-7.16035
-7.17285
-7.18368
-7.19513
-7.2061
-7.2163
-7.22053
-7.22473
-7.2302
-7.23156
-7.23002
-7.22675
-7.22016
-7.2099
-7.19792
-7.18397
-7.16896
-7.15576
-7.14103
-7.12968
-7.11677
-7.1088
-7.10541
-7.10252
-7.09869
-7.10179
-7.10899
-7.11907
-7.13101
-7.14748
-7.16644
-7.18642
-7.20733
-7.22755
-7.24607
-7.26016
-7.26966
-7.2758
-7.27707
-7.27607
-7.271
-7.26427
-7.2606
-7.2566
-7.2531
-7.25329
-7.25387
-7.25243
-7.25208
-7.24736
-7.2404
-7.22783
-7.21624
-7.20305
-7.19106
-7.17979
-7.17044
-7.16618
-7.15911
-7.15614
-7.14724
-7.14192
-7.13222
-7.12355
-7.1154
-7.11063
-7.10914
-7.11072
-7.11547
-7.12475
-7.13644
-7.15017
-7.16726
-7.18494
-7.20339
-7.22243
-7.2438
-7.26369
-7.27992
-7.29115
-7.2972
-7.30052
-7.297
-7.28972
-7.27786
-7.25994
-7.24027
-7.22045
-7.20057
-7.18066
-7.16203
-7.14802
-7.13846
-7.1357
-7.13663
-7.13953
-7.14847
-7.15559
-7.16283
-7.17107
-7.17629
-7.17746
-7.17776
-7.17905
-7.1769
-7.17389
-7.17232
-7.17091
-7.16859
-7.16933
-7.17395
-7.18242
-7.18784
-7.19393
-7.20028
-7.20657
-7.21499
-7.22734
-7.23743
-7.2501
-7.26053
-7.26818
-7.27313
-7.27471
-7.27362
-7.26439
-7.24989
-7.23352
-7.21445
-7.19514
-7.17825
-7.16292
-7.15121
-7.1425
-7.13835
-7.13717
-7.13752
-7.13716
-7.13906
-7.14253
-7.14803
-7.15589
-7.16396
-7.17165
-7.18027
-7.18999
-7.19795
-7.20826
-7.2144
-7.22609
-7.23295
-7.23922
-7.245
-7.2467
-7.24955
-7.24916
-7.24456
-7.24018
-7.23411
-7.2243
-7.21716
-7.2081
-7.19918
-7.19038
-7.18434
-7.18002
-7.17395
-7.16782
-7.16375
-7.15752
-7.15252
-7.1478
-7.14383
-7.14272
-7.1416
-7.14614
-7.1491
-7.15332
-7.16315
-7.16836
-7.17779
-7.18644
-7.19176
-7.19643
-7.20202
-7.20664
-7.21213
-7.21463
-7.21452
-7.21863
-7.22195
-7.22604
-7.23156
-7.23475
-7.23906
-7.24153
-7.24102
-7.24046
-7.23675
-7.23298
-7.22964
-7.22489
-7.21901
-7.2127
-7.2054
-7.1951
-7.18618
-7.18053
-7.17433
-7.16974
-7.16698
-7.16293
-7.16083
-7.16051
-7.16041
-7.16181
-7.16069
-7.16432
-7.17171
-7.1806
-7.18773
-7.19819
-7.20683
-7.21528
-7.22332
-7.2307
-7.23298
-7.23492
-7.23399
-7.23306
-7.23124
-7.22953
-7.22514
-7.22248
-7.2224
-7.22355
-7.22293
-7.22128
-7.21539
-7.20677
-7.19616
-7.18195
-7.16278
-7.14156
-7.12054
-7.10149
-7.08949
-7.08318
-7.08919
-7.09958
-7.11681
-7.13867
-7.16247
-7.18445
-7.20538
-7.22379
-7.23961
-7.25275
-7.25957
-7.26318
-7.26618
-7.26494
-7.26219
-7.25584
-7.25098
-7.24788
-7.24423
-7.24192
-7.23963
-7.23655
-7.23381
-7.23104
-7.22608
-7.22107
-7.21346
-7.20268
-7.19316
-7.18103
-7.16679
-7.1533
-7.14466
-7.13592
-7.13155
-7.12416
-7.1239
-7.12169
-7.12207
-7.12103
-7.12174
-7.12348
-7.12928
-7.13796
-7.152
-7.17175
-7.19143
-7.21657
-7.23859
-7.25584
-7.27402
-7.28541
-7.2911
-7.29047
-7.28698
-7.27838
-7.26705
-7.25119
-7.23428
-7.21739
-7.20017
-7.18646
-7.17458
-7.16516
-7.16066
-7.16497
-7.17108
-7.17867
-7.19081
-7.20226
-7.21449
-7.22429
-7.23501
-7.2453
-7.25129
-7.25387
-7.25189
-7.24448
-7.2336
-7.21789
-7.19687
-7.17418
-7.15377
-7.13288
-7.11766
-7.10743
-7.10455
-7.10599
-7.11327
-7.12395
-7.13657
-7.15015
-7.16338
-7.17335
-7.18298
-7.19068
-7.19738
-7.20117
-7.20697
-7.21118
-7.21616
-7.21928
-7.22101
-7.22647
-7.22912
-7.22962
-7.22999
-7.22939
-7.22926
-7.22907
-7.23
-7.23028
-7.23065
-7.23518
-7.23592
-7.23576
-7.2359
-7.2315
-7.22481
-7.21784
-7.20552
-7.19189
-7.17992
-7.16886
-7.15799
-7.15194
-7.15147
-7.15401
-7.16134
-7.17216
-7.18489
-7.20068
-7.21443
-7.22665
-7.23705
-7.24555
-7.25196
-7.2563
-7.25264
-7.24663
-7.23754
-7.22871
-7.21714
-7.20458
-7.19028
-7.17553
-7.16491
-7.15511
-7.14637
-7.14314
-7.14172
-7.1448
-7.15159
-7.15633
-7.16001
-7.16473
-7.16741
-7.16863
-7.16876
-7.16917
-7.16969
-7.17109
-7.17541
-7.17941
-7.18226
-7.18674
-7.1959
-7.20363
-7.20518
-7.20811
-7.20954
-7.20826
-7.20697
-7.2082
-7.21201
-7.2124
-7.21302
-7.21519
-7.21539
-7.21417
-7.21055
-7.20972
-7.20829
-7.20559
-7.20741
-7.20927
-7.2135
-7.22086
-7.22662
-7.23296
-7.23935
-7.24393
-7.24457
-7.2432
-7.23826
-7.23022
-7.21958
-7.20641
-7.19199
-7.17955
-7.16759
-7.15837
-7.14888
-7.1465
-7.14583
-7.15052
-7.15659
-7.16107
-7.16812
-7.17219
-7.17382
-7.17394
-7.17132
-7.16854
-7.16626
-7.16447
-7.16303
-7.162
-7.16301
-7.16566
-7.16974
-7.17588
-7.18332
-7.18922
-7.19707
-7.2071
-7.21597
-7.2239
-7.23253
-7.24193
-7.24971
-7.25376
-7.25736
-7.26204
-7.2634
-7.25882
-7.25297
-7.24272
-7.22929
-7.21158
-7.19368
-7.17661
-7.16215
-7.15275
-7.14892
-7.14928
-7.1605
-7.1717
-7.18774
-7.20059
-7.21397
-7.22274
-7.23065
-7.23415
-7.23648
-7.23692
-7.23611
-7.23395
-7.23223
-7.23252
-7.23135
-7.22956
-7.22691
-7.22431
-7.2211
-7.21899
-7.2121
-7.20691
-7.19992
-7.19029
-7.17948
-7.1661
-7.15404
-7.14275
-7.13273
-7.12725
-7.12029
-7.11743
-7.11644
-7.12003
-7.12524
-7.13733
-7.15134
-7.16686
-7.18237
-7.19551
-7.20268
-7.20654
-7.20834
-7.20625
-7.20015
-7.19277
-7.18665
-7.18199
-7.1781
-7.17712
-7.17745
-7.18117
-7.18814
-7.1952
-7.19988
-7.20709
-7.21047
-7.21242
-7.21711
-7.21784
-7.21725
-7.21765
-7.22
-7.22227
-7.22924
-7.2375
-7.24543
-7.253
-7.26208
-7.26906
-7.27595
-7.27511
-7.27245
-7.26412
-7.25205
-7.23495
-7.21998
-7.20118
-7.18636
-7.17037
-7.16304
-7.15572
-7.15249
-7.15297
-7.15585
-7.16015
-7.16854
-7.17426
-7.18296
-7.19064
-7.19647
-7.20372
-7.20904
-7.21387
-7.21889
-7.22195
-7.22114
-7.221
-7.2187
-7.21452
-7.2098
-7.20467
-7.19972
-7.19842
-7.19557
-7.19283
-7.18897
-7.18579
-7.18156
-7.17931
-7.17635
-7.17259
-7.16648
-7.16273
-7.1589
-7.15802
-7.15713
-7.15834
-7.16201
-7.16695
-7.17206
-7.17957
-7.18604
-7.19156
-7.19353
-7.19422
-7.19152
-7.19035
-7.18666
-7.18496
-7.18283
-7.18585
-7.19271
-7.19986
-7.2107
-7.22075
-7.22951
-7.23538
-7.23976
-7.24086
-7.23993
-7.23449
-7.22786
-7.22443
-7.2193
-7.21626
-7.21469
-7.21414
-7.21383
-7.21377
-7.21398
-7.20981
-7.20598
-7.19821
-7.18721
-7.17575
-7.16418
-7.1537
-7.14597
-7.14265
-7.14606
-7.15377
-7.16372
-7.17906
-7.19292
-7.20544
-7.21368
-7.22049
-7.22058
-7.21981
-7.21625
-7.2101
-7.20096
-7.1925
-7.18434
-7.17466
-7.16825
-7.16371
-7.16008
-7.15748
-7.16157
-7.1674
-7.17223
-7.18126
-7.18807
-7.198
-7.20809
-7.21409
-7.21823
-7.22249
-7.22199
-7.21983
-7.21872
-7.21752
-7.21636
-7.21548
-7.21184
-7.20932
-7.20976
-7.20966
-7.2059
-7.20539
-7.20249
-7.20002
-7.19799
-7.19461
-7.19305
-7.19014
-7.18759
-7.18623
-7.18774
-7.19111
-7.19631
-7.20137
-7.20789
-7.21495
-7.22127
-7.22389
-7.22439
-7.22196
-7.2203
-7.21706
-7.21189
-7.20653
-7.2052
-7.20338
-7.20156
-7.2007
-7.19853
-7.19725
-7.19578
-7.19458
-7.1919
-7.1921
-7.19221
-7.19576
-7.19832
-7.2033
-7.21108
-7.21639
-7.21979
-7.21901
-7.21553
-7.21237
-7.20431
-7.19669
-7.18402
-7.17269
-7.15974
-7.14445
-7.13286
-7.12511
-7.12269
-7.12904
-7.1383
-7.1563
-7.17566
-7.19673
-7.21794
-7.23757
-7.25481
-7.26434
-7.2716
-7.27461
-7.27124
-7.26033
-7.24762
-7.22855
-7.2107
-7.19298
-7.17516
-7.16217
-7.15424
-7.14728
-7.14358
-7.14337
-7.14227
-7.14421
-7.14635
-7.14883
-7.15623
-7.16266
-7.16841
-7.17511
-7.1813
-7.18665
-7.19336
-7.20006
-7.20473
-7.21022
-7.21491
-7.21986
-7.22519
-7.22933
-7.23004
-7.23427
-7.23778
-7.23814
-7.23717
-7.23284
-7.22885
-7.22136
-7.21252
-7.20177
-7.18992
-7.17696
-7.16493
-7.15473
-7.14594
-7.14068
-7.13923
-7.14029
-7.14475
-7.15218
-7.16307
-7.1741
-7.18896
-7.20032
-7.20883
-7.21641
-7.22278
-7.22544
-7.22291
-7.22145
-7.21642
-7.21456
-7.2144
-7.21294
-7.21495
-7.21868
-7.22465
-7.23263
-7.24003
-7.24323
-7.24942
-7.2526
-7.25241
-7.24969
-7.24383
-7.23728
-7.23239
-7.22184
-7.2133
-7.2038
-7.19493
-7.18689
-7.17907
-7.17325
-7.17005
-7.16737
-7.16797
-7.1681
-7.17006
-7.17223
-7.1752
-7.17596
-7.17769
-7.17919
-7.17744
-7.17477
-7.17435
-7.17335
-7.17166
-7.17024
-7.17032
-7.17363
-7.17911
-7.18905
-7.19848
-7.20987
-7.2229
-7.23636
-7.24792
-7.25825
-7.26433
-7.26611
-7.26642
-7.26393
-7.25971
-7.25138
-7.24275
-7.23202
-7.22155
-7.21223
-7.20354
-7.19203
-7.18195
-7.17367
-7.16604
-7.16031
-7.15338
-7.14613
-7.1427
-7.1421
-7.14584
-7.15025
-7.15306
-7.1579
-7.16479
-7.17327
-7.1791
-7.18478
-7.19276
-7.19954
-7.20707
-7.21211
-7.2144
-7.21743
-7.22061
-7.22258
-7.22402
-7.22205
-7.22252
-7.22405
-7.22452
-7.22817
-7.22975
-7.2342
-7.23901
-7.24086
-7.24123
-7.24135
-7.23733
-7.23549
-7.22794
-7.22576
-7.21966
-7.2079
-7.19949
-7.18833
-7.1742
-7.16137
-7.15056
-7.13819
-7.12658
-7.11978
-7.11397
-7.1106
-7.11231
-7.11683
-7.12391
-7.13621
-7.14922
-7.16342
-7.17667
-7.1853
-7.19675
-7.20631
-7.20974
-7.21413
-7.21966
-7.22385
-7.22668
-7.22788
-7.22597
-7.22575
-7.22492
-7.22349
-7.22192
-7.22094
-7.22057
-7.22015
-7.22004
-7.21968
-7.22141
-7.22293
-7.22341
-7.22484
-7.22418
-7.22288
-7.22252
-7.2187
-7.21255
-7.20928
-7.20529
-7.19825
-7.19226
-7.18951
-7.18611
-7.18415
-7.18201
-7.18165
-7.1799
-7.17927
-7.17754
-7.17783
-7.17616
-7.17529
-7.17386
-7.17301
-7.1735
-7.17225
-7.17226
-7.17188
-7.17143
-7.17235
-7.17261
-7.17317
-7.17666
-7.1781
-7.18116
-7.18449
-7.19003
-7.19336
-7.19909
-7.20319
-7.20542
-7.20822
-7.20902
-7.20847
-7.20589
-7.20453
-7.20124
-7.1993
-7.19891
-7.19723
-7.19655
-7.19542
-7.19594
-7.19427
-7.19012
-7.18706
-7.18076
-7.17852
-7.17307
-7.16814
-7.16436
-7.1643
-7.16892
-7.17511
-7.18401
-7.19252
-7.20276
-7.21394
-7.22223
-7.22969
-7.23777
-7.24016
-7.24269
-7.24753
-7.24826
-7.24797
-7.24502
-7.23887
-7.23149
-7.22128
-7.21233
-7.20182
-7.19511
-7.18966
-7.18409
-7.17715
-7.17533
-7.17517
-7.17552
-7.17934
-7.18404
-7.18998
-7.19243
-7.1953
-7.19141
-7.18904
-7.18568
-7.18415
-7.18249
-7.18224
-7.18152
-7.18463
-7.18938
-7.19208
-7.19443
-7.19856
-7.20349
-7.20843
-7.2108
-7.21296
-7.2144
-7.21645
-7.21745
-7.21614
-7.21471
-7.21333
-7.20935
-7.20389
-7.19546
-7.18552
-7.17388
-7.16301
-7.15481
-7.14649
-7.14117
-7.13939
-7.13717
-7.13939
-7.14395
-7.1495
-7.15543
-7.16109
-7.17191
-7.18279
-7.1934
-7.20609
-7.22183
-7.23884
-7.25627
-7.27075
-7.28382
-7.29138
-7.29239
-7.28653
-7.27923
-7.2698
-7.25451
-7.23946
-7.22537
-7.21252
-7.20232
-7.19899
-7.1972
-7.19798
-7.19627
-7.19392
-7.18876
-7.1782
-7.16601
-7.15445
-7.14317
-7.13162
-7.1253
-7.12262
-7.12468
-7.13241
-7.14261
-7.15681
-7.17068
-7.18303
-7.19564
-7.20542
-7.21001
-7.21115
-7.20877
-7.20127
-7.19307
-7.18318
-7.17436
-7.16799
-7.16108
-7.15381
-7.15067
-7.1502
-7.15145
-7.15741
-7.16672
-7.17575
-7.18644
-7.19777
-7.20779
-7.21664
-7.22432
-7.23016
-7.23308
-7.23327
-7.22926
-7.22466
-7.2184
-7.2135
-7.2059
-7.19961
-7.19574
-7.1901
-7.1854
-7.18004
-7.17506
-7.17099
-7.16897
-7.16973
-7.17324
-7.18096
-7.19118
-7.20308
-7.21456
-7.22669
-7.23768
-7.2479
-7.25449
-7.25542
-7.25708
-7.25443
-7.24695
-7.23689
-7.22541
-7.21246
-7.20085
-7.19132
-7.18143
-7.17526
-7.16995
-7.16577
-7.16563
-7.16305
-7.1651
-7.16702
-7.17164
-7.17604
-7.17946
-7.18436
-7.1859
-7.18635
-7.18429
-7.18161
-7.17597
-7.16921
-7.16431
-7.16193
-7.1599
-7.15988
-7.16237
-7.16911
-7.17408
-7.18283
-7.1899
-7.19457
-7.19623
-7.19616
-7.19395
-7.19009
-7.18223
-7.17579
-7.17064
-7.16422
-7.16103
-7.16454
-7.17015
-7.18005
-7.19105
-7.20459
-7.21849
-7.23292
-7.24538
-7.25555
-7.26263
-7.267
-7.26795
-7.26551
-7.25853
-7.2499
-7.23793
-7.22587
-7.21457
-7.20407
-7.19189
-7.18581
-7.18323
-7.18017
-7.18126
-7.18584
-7.19098
-7.19458
-7.20068
-7.20374
-7.20549
-7.2031
-7.19991
-7.19161
-7.18076
-7.16678
-7.1549
-7.14331
-7.13238
-7.12605
-7.12582
-7.13002
-7.13678
-7.14678
-7.15695
-7.16809
-7.17729
-7.18669
-7.1959
-7.19984
-7.20379
-7.20609
-7.2074
-7.20972
-7.20884
-7.20608
-7.20273
-7.20169
-7.2022
-7.20194
-7.20162
-7.20163
-7.2023
-7.19919
-7.19532
-7.19101
-7.18609
-7.17949
-7.17568
-7.17576
-7.1772
-7.18367
-7.19243
-7.20372
-7.21542
-7.2256
-7.23307
-7.23807
-7.24045
-7.2407
-7.23654
-7.23204
-7.22492
-7.21568
-7.20638
-7.20055
-7.19227
-7.18928
-7.18619
-7.18359
-7.1848
-7.18489
-7.18768
-7.19023
-7.19483
-7.19922
-7.20173
-7.2021
-7.19927
-7.19773
-7.19193
-7.18503
-7.1717
-7.16034
-7.14918
-7.1411
-7.13549
-7.13228
-7.13061
-7.13503
-7.14397
-7.15563
-7.16751
-7.17887
-7.19106
-7.20178
-7.21476
-7.22639
-7.23468
-7.24273
-7.25262
-7.25848
-7.26147
-7.26359
-7.26108
-7.25451
-7.24431
-7.23392
-7.21842
-7.20211
-7.1871
-7.17238
-7.15893
-7.15
-7.1477
-7.14961
-7.15432
-7.16449
-7.17625
-7.19109
-7.20466
-7.2164
-7.22563
-7.23046
-7.23318
-7.2351
-7.23038
-7.2241
-7.21762
-7.2075
-7.19722
-7.188
-7.18133
-7.17729
-7.17474
-7.17511
-7.17904
-7.18324
-7.19175
-7.19778
-7.2037
-7.20335
-7.20137
-7.1973
-7.18855
-7.1755
-7.16551
-7.15121
-7.14018
-7.13154
-7.12466
-7.12132
-7.12105
-7.12729
-7.13636
-7.15032
-7.16284
-7.1802
-7.19786
-7.21344
-7.22563
-7.23659
-7.2446
-7.24601
-7.24243
-7.23518
-7.22501
-7.21164
-7.19736
-7.18307
-7.16949
-7.15816
-7.15294
-7.15328
-7.16056
-7.17215
-7.18705
-7.2041
-7.22201
-7.23568
-7.24779
-7.25409
-7.25739
-7.25718
-7.25251
-7.24409
-7.23315
-7.22071
-7.20697
-7.19645
-7.19177
-7.18421
-7.18123
-7.1778
-7.17718
-7.1777
-7.18289
-7.18745
-7.19514
-7.2016
-7.20782
-7.21291
-7.21698
-7.21701
-7.21728
-7.21461
-7.20886
-7.20246
-7.19494
-7.18715
-7.17724
-7.16767
-7.1591
-7.14986
-7.13869
-7.13136
-7.12449
-7.11855
-7.11551
-7.11471
-7.11745
-7.12582
-7.1381
-7.15339
-7.17108
-7.19043
-7.20465
-7.21751
-7.2295
-7.23984
-7.24604
-7.24684
-7.24726
-7.24411
-7.23658
-7.22885
-7.21597
-7.20439
-7.19633
-7.18849
-7.18412
-7.18206
-7.18348
-7.18906
-7.1967
-7.20931
-7.22211
-7.23685
-7.24937
-7.26182
-7.27002
-7.27907
-7.28083
-7.27761
-7.26897
-7.25668
-7.2406
-7.22537
-7.20771
-7.18996
-7.17537
-7.161
-7.15423
-7.15191
-7.15354
-7.15648
-7.1661
-7.17455
-7.18179
-7.18761
-7.18993
-7.19195
-7.19083
-7.19057
-7.18683
-7.18183
-7.17621
-7.17427
-7.17458
-7.17624
-7.18055
-7.18401
-7.19049
-7.19557
-7.20152
-7.20396
-7.20606
-7.20836
-7.21065
-7.21123
-7.21078
-7.20786
-7.20531
-7.20112
-7.19744
-7.19346
-7.19083
-7.1893
-7.18692
-7.18625
-7.18332
-7.18023
-7.17765
-7.17332
-7.17058
-7.16543
-7.15766
-7.15163
-7.14361
-7.13827
-7.13396
-7.13701
-7.14174
-7.15329
-7.16808
-7.18486
-7.20638
-7.22895
-7.24878
-7.26776
-7.28065
-7.28888
-7.28852
-7.28421
-7.27519
-7.25886
-7.24219
-7.22206
-7.20456
-7.18731
-7.17322
-7.16061
-7.15605
-7.15485
-7.15609
-7.15952
-7.16542
-7.16872
-7.17802
-7.18574
-7.19431
-7.20003
-7.20667
-7.21641
-7.22281
-7.23148
-7.2386
-7.24418
-7.24935
-7.24994
-7.24849
-7.2447
-7.24131
-7.23502
-7.22726
-7.22027
-7.21286
-7.20726
-7.19925
-7.19071
-7.18328
-7.17502
-7.16811
-7.16084
-7.15289
-7.14379
-7.13455
-7.12573
-7.12182
-7.11624
-7.11261
-7.11272
-7.11586
-7.12192
-7.13004
-7.13901
-7.14724
-7.16094
-7.17411
-7.18968
-7.20349
-7.21838
-7.23368
-7.24692
-7.25973
-7.26668
-7.26968
-7.26516
-7.25818
-7.24873
-7.23599
-7.22233
-7.21103
-7.19899
-7.19248
-7.18792
-7.18517
-7.18474
-7.18361
-7.18358
-7.18498
-7.18426
-7.18504
-7.18414
-7.18466
-7.18507
-7.18675
-7.19099
-7.19273
-7.19495
-7.1973
-7.19457
-7.19613
-7.19584
-7.19641
-7.19756
-7.20088
-7.20788
-7.21603
-7.22481
-7.2317
-7.23586
-7.23948
-7.23825
-7.23552
-7.22967
-7.22312
-7.20874
-7.19639
-7.1817
-7.16723
-7.15205
-7.13956
-7.12782
-7.11913
-7.11458
-7.11542
-7.11742
-7.12677
-7.1425
-7.16236
-7.1846
-7.2053
-7.22358
-7.23825
-7.24805
-7.2526
-7.25366
-7.25119
-7.2442
-7.23293
-7.22355
-7.21538
-7.20819
-7.20032
-7.19486
-7.19336
-7.19326
-7.19551
-7.19568
-7.19761
-7.19693
-7.19785
-7.19628
-7.19553
-7.19665
-7.19686
-7.19694
-7.2005
-7.20143
-7.202
-7.20342
-7.20376
-7.20601
-7.20905
-7.21113
-7.21382
-7.21907
-7.22304
-7.22442
-7.22624
-7.22222
-7.21934
-7.21585
-7.21196
-7.20752
-7.20277
-7.19965
-7.19732
-7.19384
-7.19151
-7.18761
-7.1837
-7.17933
-7.17394
-7.16876
-7.16504
-7.16203
-7.16275
-7.16678
-7.17189
-7.17848
-7.18739
-7.19726
-7.20687
-7.21501
-7.22408
-7.22888
-7.23187
-7.23006
-7.22578
-7.22094
-7.21501
-7.2046
-7.19544
-7.18428
-7.17405
-7.16396
-7.15594
-7.15215
-7.1509
-7.15284
-7.15888
-7.16619
-7.17276
-7.17965
-7.18608
-7.18631
-7.18671
-7.18816
-7.18786
-7.18722
-7.18751
-7.18777
-7.19159
-7.19706
-7.20265
-7.20644
-7.20843
-7.20908
-7.20941
-7.20807
-7.20497
-7.20078
-7.19532
-7.19067
-7.18661
-7.18315
-7.18022
-7.17662
-7.17519
-7.17476
-7.17482
-7.17779
-7.17913
-7.18034
-7.1847
-7.18938
-7.19437
-7.19691
-7.20623
-7.21573
-7.22542
-7.23706
-7.24534
-7.24957
-7.25412
-7.25547
-7.25318
-7.24888
-7.24436
-7.23592
-7.22297
-7.21149
-7.20077
-7.18896
-7.17697
-7.16686
-7.159
-7.15543
-7.15006
-7.15277
-7.15575
-7.16049
-7.16619
-7.17461
-7.18133
-7.18802
-7.19154
-7.19498
-7.19472
-7.19595
-7.19299
-7.18974
-7.18417
-7.1768
-7.16851
-7.15938
-7.15358
-7.14971
-7.15058
-7.15427
-7.16506
-7.17763
-7.18952
-7.20433
-7.21663
-7.22708
-7.23581
-7.24321
-7.2469
-7.246
-7.24276
-7.23322
-7.22075
-7.20498
-7.18862
-7.17172
-7.15714
-7.14596
-7.13735
-7.13419
-7.13622
-7.14221
-7.1564
-7.1727
-7.19187
-7.21045
-7.23016
-7.24917
-7.26722
-7.2803
-7.29063
-7.29662
-7.30028
-7.30047
-7.29776
-7.28962
-7.28081
-7.26785
-7.25332
-7.23668
-7.21882
-7.20268
-7.18473
-7.17136
-7.16167
-7.15669
-7.15253
-7.1514
-7.15262
-7.15754
-7.16133
-7.16608
-7.17096
-7.17083
-7.17246
-7.17287
-7.1711
-7.1708
-7.16977
-7.16957
-7.16979
-7.17016
-7.17073
-7.17242
-7.1755
-7.1798
-7.1828
-7.18782
-7.19195
-7.19554
-7.19864
-7.20161
-7.20258
-7.20103
-7.20051
-7.19595
-7.19263
-7.18854
-7.18311
-7.17922
-7.17574
-7.17622
-7.17692
-7.17916
-7.18418
-7.19063
-7.19804
-7.20784
-7.21894
-7.22908
-7.23837
-7.24618
-7.25296
-7.25383
-7.25686
-7.25241
-7.24779
-7.24156
-7.23094
-7.21897
-7.211
-7.20418
-7.19878
-7.19499
-7.19255
-7.18766
-7.18356
-7.17919
-7.17242
-7.16536
-7.15817
-7.15138
-7.14643
-7.1436
-7.13863
-7.13681
-7.13402
-7.13453
-7.13829
-7.14349
-7.1517
-7.16167
-7.17418
-7.1873
-7.20089
-7.2139
-7.22627
-7.23452
-7.24465
-7.24726
-7.24918
-7.24836
-7.24278
-7.23561
-7.2268
-7.2193
-7.21211
-7.20331
-7.19713
-7.19229
-7.19123
-7.18922
-7.19022
-7.19076
-7.19092
-7.19291
-7.19338
-7.19345
-7.19339
-7.19369
-7.19048
-7.18952
-7.18628
-7.18177
-7.17431
-7.17001
-7.16535
-7.16155
-7.16124
-7.16439
-7.1698
-7.17802
-7.18683
-7.19898
-7.2089
-7.2195
-7.22613
-7.22893
-7.22828
-7.22567
-7.22078
-7.21734
-7.21427
-7.21142
-7.21282
-7.21418
-7.21729
-7.22009
-7.22213
-7.22535
-7.22824
-7.22722
-7.22499
-7.21954
-7.21312
-7.20433
-7.19656
-7.1866
-7.17788
-7.16903
-7.16139
-7.15665
-7.15425
-7.15465
-7.15711
-7.1596
-7.16274
-7.16692
-7.17224
-7.17781
-7.18416
-7.19269
-7.19597
-7.19705
-7.19642
-7.19272
-7.19009
-7.18966
-7.18746
-7.18563
-7.18529
-7.18673
-7.19347
-7.20468
-7.21513
-7.22974
-7.24279
-7.25114
-7.25637
-7.25953
-7.25514
-7.24762
-7.23634
-7.22007
-7.20392
-7.18828
-7.17162
-7.15904
-7.15116
-7.14622
-7.14819
-7.14946
-7.15284
-7.16076
-7.17184
-7.18396
-7.1946
-7.20354
-7.21311
-7.22379
-7.23015
-7.23805
-7.24079
-7.24393
-7.24388
-7.24118
-7.23723
-7.23401
-7.22667
-7.21839
-7.20977
-7.19948
-7.18992
-7.17964
-7.17177
-7.16426
-7.15915
-7.15661
-7.15695
-7.16191
-7.16801
-7.17252
-7.17612
-7.18094
-7.18329
-7.18436
-7.18247
-7.18005
-7.17732
-7.17443
-7.17267
-7.1719
-7.1708
-7.17115
-7.17217
-7.17377
-7.17505
-7.17625
-7.17868
-7.18548
-7.19417
-7.19942
-7.20572
-7.21281
-7.22177
-7.22972
-7.23422
-7.23458
-7.23573
-7.2334
-7.22799
-7.22128
-7.21036
-7.20086
-7.19148
-7.18049
-7.17297
-7.16751
-7.165
-7.16462
-7.16611
-7.16917
-7.17569
-7.18006
-7.18564
-7.19078
-7.19804
-7.20148
-7.20724
-7.21367
-7.21865
-7.22357
-7.22954
-7.23337
-7.23517
-7.23868
-7.24017
-7.23973
-7.2374
-7.23603
-7.23236
-7.23003
-7.22572
-7.22019
-7.21475
-7.20669
-7.19525
-7.18188
-7.16871
-7.15575
-7.14438
-7.1356
-7.13351
-7.13445
-7.13671
-7.14369
-7.15521
-7.17127
-7.18703
-7.20269
-7.21837
-7.22948
-7.23402
-7.23629
-7.23498
-7.22931
-7.22089
-7.20916
-7.19828
-7.1891
-7.18159
-7.17564
-7.17746
-7.1792
-7.18339
-7.19237
-7.20607
-7.22194
-7.23678
-7.25039
-7.25903
-7.26482
-7.26519
-7.25911
-7.25141
-7.23735
-7.22213
-7.20434
-7.18602
-7.16689
-7.14968
-7.13436
-7.11997
-7.11179
-7.10484
-7.10405
-7.11065
-7.11933
-7.13449
-7.15105
-7.16803
-7.1843
-7.1987
-7.20944
-7.21706
-7.2215
-7.22178
-7.22084
-7.21673
-7.2104
-7.20568
-7.20109
-7.20231
-7.20236
-7.20302
-7.20515
-7.20942
-7.21288
-7.21329
-7.21404
-7.21227
-7.20992
-7.20623
-7.20585
-7.20154
-7.19813
-7.19488
-7.19396
-7.19414
-7.19655
-7.19717
-7.19912
-7.20372
-7.20935
-7.21737
-7.22193
-7.22382
-7.22428
-7.22617
-7.22592
-7.22148
-7.21563
-7.21091
-7.20404
-7.19658
-7.18994
-7.18274
-7.17465
-7.1678
-7.15994
-7.15444
-7.15063
-7.14809
-7.14835
-7.14973
-7.15117
-7.15392
-7.15668
-7.16002
-7.16711
-7.17233
-7.1787
-7.18366
-7.19111
-7.19715
-7.20205
-7.20738
-7.21016
-7.2121
-7.21038
-7.20448
-7.20164
-7.19713
-7.19347
-7.18935
-7.18784
-7.1879
-7.19101
-7.19542
-7.20262
-7.21417
-7.22399
-7.23298
-7.24111
-7.24713
-7.2498
-7.24852
-7.24239
-7.23444
-7.22508
-7.2146
-7.20422
-7.19675
-7.18844
-7.18254
-7.17865
-7.17952
-7.18087
-7.1869
-7.19711
-7.2076
-7.21712
-7.2249
-7.2332
-7.24205
-7.24217
-7.24024
-7.23584
-7.22853
-7.21961
-7.2088
-7.19613
-7.18355
-7.17093
-7.15907
-7.14711
-7.13747
-7.13198
-7.12888
-7.12771
-7.1317
-7.13775
-7.14733
-7.16094
-7.17636
-7.19422
-7.21044
-7.22345
-7.23387
-7.24246
-7.24345
-7.23849
-7.23297
-7.22223
-7.21176
-7.20113
-7.19112
-7.18404
-7.17987
-7.17562
-7.17547
-7.17404
-7.17663
-7.17738
-7.17839
-7.18022
-7.18253
-7.1869
-7.18934
-7.19209
-7.19454
-7.19446
-7.19737
-7.20096
-7.20475
-7.20649
-7.20751
-7.20876
-7.21033
-7.20866
-7.20432
-7.19961
-7.19429
-7.19069
-7.18791
-7.18565
-7.18424
-7.1841
-7.1876
-7.19246
-7.19872
-7.20644
-7.21639
-7.22652
-7.23927
-7.25024
-7.25967
-7.26651
-7.27064
-7.26812
-7.2649
-7.25968
-7.24967
-7.23539
-7.22132
-7.20524
-7.18708
-7.16768
-7.14883
-7.12972
-7.1138
-7.10524
-7.09973
-7.09959
-7.10705
-7.11834
-7.1345
-7.15053
-7.16673
-7.18126
-7.1897
-7.19803
-7.20404
-7.20602
-7.20606
-7.20703
-7.20862
-7.2092
-7.21114
-7.21429
-7.21783
-7.22094
-7.22361
-7.2248
-7.22625
-7.2254
-7.22231
-7.21775
-7.21231
-7.20512
-7.2009
-7.19521
-7.19298
-7.19235
-7.19241
-7.19644
-7.19938
-7.20001
-7.20218
-7.2033
-7.19835
-7.19324
-7.18918
-7.18215
-7.17893
-7.17341
-7.17168
-7.16629
-7.16193
-7.16085
-7.15887
-7.1589
-7.15888
-7.16403
-7.1702
-7.17834
-7.18781
-7.19808
-7.20874
-7.22097
-7.233
-7.23957
-7.24693
-7.25281
-7.25542
-7.2564
-7.25623
-7.2535
-7.24784
-7.23879
-7.23327
-7.2223
-7.21335
-7.20064
-7.18612
-7.17187
-7.15763
-7.14402
-7.1314
-7.12202
-7.11529
-7.1114
-7.11396
-7.12076
-7.13177
-7.14828
-7.16669
-7.18398
-7.20114
-7.21748
-7.22876
-7.23632
-7.23899
-7.23666
-7.23201
-7.22228
-7.21343
-7.20271
-7.19791
-7.19257
-7.19081
-7.19419
-7.19989
-7.20592
-7.21392
-7.22069
-7.22135
-7.22275
-7.22047
-7.21762
-7.20979
-7.20119
-7.19291
-7.18475
-7.17877
-7.17115
-7.1675
-7.16706
-7.17005
-7.17309
-7.17621
-7.1794
-7.1841
-7.18652
-7.18875
-7.19235
-7.19641
-7.20377
-7.21201
-7.22328
-7.23276
-7.24217
-7.25131
-7.25609
-7.25894
-7.25717
-7.2507
-7.24288
-7.23364
-7.22269
-7.2082
-7.19609
-7.18387
-7.17339
-7.16309
-7.15712
-7.15449
-7.15211
-7.149
-7.14708
-7.14577
-7.1487
-7.15136
-7.15576
-7.16446
-7.17567
-7.1869
-7.19554
-7.20634
-7.21488
-7.22377
-7.22998
-7.23139
-7.22936
-7.22862
-7.22273
-7.21577
-7.20512
-7.19336
-7.1824
-7.17307
-7.1661
-7.16176
-7.15762
-7.15505
-7.15362
-7.15539
-7.15624
-7.1582
-7.16176
-7.16409
-7.1709
-7.17632
-7.1812
-7.18871
-7.19793
-7.20632
-7.21503
-7.22192
