-6.58397
-6.58548
-6.58468
-6.58388
-6.58278
-6.58238
-6.58139
-6.58465
-6.58438
-6.58378
-6.58511
-6.58414
-6.5838
-6.58443
-6.58216
-6.58117
-6.58084
-6.58178
-6.58141
-6.58103
-6.5797
-6.57999
-6.58094
-6.58126
-6.58158
-6.58447
-6.58412
-6.58278
-6.58114
-6.58083
-6.57927
-6.57938
-6.58018
-6.5823
-6.58056
-6.57916
-6.58001
-6.58149
-6.58259
-6.58201
-6.58167
-6.58221
-6.58171
-6.5821
-6.5805
-6.58243
-6.58178
-6.58117
-6.58001
-6.58059
-6.57872
-6.57923
-6.57822
-6.57853
-6.57912
-6.58125
-6.58394
-6.5833
-6.58421
-6.58378
-6.58074
-6.57997
-6.5792
-6.57749
-6.57644
-6.57864
-6.57825
-6.57982
-6.58009
-6.57941
-6.58005
-6.58009
-6.58245
-6.58551
-6.58313
-6.58372
-6.58502
-6.58572
-6.58544
-6.58541
-6.58558
-6.5872
-6.58667
-6.58697
-6.58523
-6.5851
-6.58375
-6.58315
-6.58524
-6.58517
-6.58384
-6.58351
-6.58283
-6.58374
-6.58367
-6.58102
-6.57971
-6.58235
-6.58052
-6.57971
-6.58086
-6.58263
-6.58207
-6.58144
-6.58234
-6.58058
-6.57944
-6.58089
-6.58013
-6.57978
-6.57761
-6.57851
-6.57954
-6.57874
-6.57799
-6.57947
-6.58018
-6.58072
-6.58203
-6.58026
-6.58192
-6.58153
-6.58271
-6.58157
-6.5801
-6.58123
-6.57982
-6.57981
-6.578
-6.57634
-6.57711
-6.578
-6.57834
-6.57901
-6.58032
-6.58027
-6.57983
-6.58064
-6.58304
-6.58444
-6.58354
-6.58355
-6.5848
-6.58596
-6.58578
-6.58621
-6.58375
-6.58197
-6.5835
-6.5835
-6.58422
-6.58404
-6.58421
-6.58408
-6.58557
-6.58573
-6.58455
-6.58394
-6.5839
-6.58313
-6.58293
-6.58201
-6.5817
-6.58234
-6.58331
-6.5843
-6.58436
-6.58191
-6.58117
-6.58022
-6.58103
-6.58264
-6.58211
-6.58396
-6.58456
-6.58548
-6.58567
-6.58412
-6.58371
-6.58247
-6.58138
-6.58273
-6.58331
-6.58188
-6.5801
-6.58063
-6.58251
-6.58448
-6.58461
-6.58223
-6.58027
-6.57932
-6.5784
-6.57619
-6.57429
-6.57529
-6.5779
-6.57763
-6.57872
-6.57955
-6.57947
-6.58135
-6.58126
-6.58241
-6.58315
-6.5838
-6.58245
-6.58135
-6.57893
-6.57973
-6.57957
-6.57975
-6.57707
-6.57606
-6.57607
-6.57906
-6.57952
-6.58067
-6.5812
-6.58302
-6.58352
-6.58786
-6.58921
-6.58758
-6.58554
-6.58407
-6.58254
-6.58194
-6.58262
-6.58333
-6.58149
-6.58135
-6.5803
-6.58063
-6.57939
-6.57982
-6.57965
-6.58116
-6.58108
-6.57875
-6.57835
-6.57887
-6.57996
-6.57936
-6.58193
-6.58121
-6.58015
-6.57909
-6.57966
-6.58122
-6.58181
-6.58109
-6.58004
-6.57993
-6.57881
-6.57767
-6.57813
-6.57956
-6.57778
-6.57961
-6.58054
-6.5832
-6.58372
-6.5837
-6.58346
-6.58425
-6.5844
-6.58482
-6.58644
-6.58371
-6.58535
-6.5849
-6.58624
-6.58713
-6.58632
-6.58544
-6.58584
-6.58497
-6.58289
-6.58449
-6.58368
-6.58305
-6.58165
-6.5801
-6.58029
-6.58119
-6.58144
-6.58065
-6.58071
-6.58191
-6.58298
-6.5839
-6.58603
-6.58552
-6.5866
-6.5851
-6.5875
-6.58604
-6.58524
-6.58575
-6.58465
-6.58422
-6.58508
-6.58402
-6.58393
-6.5845
-6.58413
-6.58445
-6.58514
-6.58396
-6.5851
-6.58596
-6.5862
-6.58838
-6.58568
-6.58586
-6.58663
-6.58861
-6.58889
-6.58617
-6.58788
-6.5866
-6.58558
-6.58389
-6.58254
-6.58223
-6.5804
-6.58129
-6.58135
-6.58121
-6.58021
-6.57929
-6.57968
-6.57942
-6.57881
-6.58138
-6.58003
-6.58219
-6.58301
-6.58505
-6.58281
-6.58274
-6.5832
-6.58228
-6.58226
-6.58155
-6.58052
-6.58211
-6.58021
-6.58162
-6.58412
-6.58543
-6.58684
-6.58508
-6.58564
-6.58622
-6.58517
-6.58474
-6.58296
-6.58274
-6.58278
-6.58275
-6.583
-6.5819
-6.58334
-6.58409
-6.58482
-6.58037
-6.58045
-6.57928
-6.57947
-6.5807
-6.57815
-6.57927
-6.57823
-6.5789
-6.57868
-6.58009
-6.58081
-6.58306
-6.58293
-6.58526
-6.58682
-6.5873
-6.5874
-6.5884
-6.58548
-6.58642
-6.58478
-6.5838
-6.58386
-6.58464
-6.58455
-6.58395
-6.58313
-6.58274
-6.58177
-6.58016
-6.58341
-6.58372
-6.58336
-6.58492
-6.58352
-6.58661
-6.58801
-6.58608
-6.58632
-6.58778
-6.58624
-6.58659
-6.58915
-6.58971
-6.58927
-6.58883
-6.58906
-6.58872
-6.58687
-6.58647
-6.58527
-6.58457
-6.5837
-6.58422
-6.58573
-6.58619
-6.58551
-6.583
-6.58353
-6.58454
-6.58547
-6.58318
-6.58357
-6.58153
-6.58291
-6.58218
-6.58125
-6.58069
-6.58075
-6.5814
-6.5816
-6.58265
-6.58259
-6.58077
-6.58145
-6.58043
-6.58099
-6.58255
-6.58221
-6.58326
-6.58279
-6.57983
-6.58117
-6.58225
-6.58207
-6.58224
-6.58371
-6.58389
-6.58376
-6.58657
-6.58744
-6.58701
-6.58849
-6.58863
-6.58969
-6.58779
-6.58682
-6.58579
-6.58505
-6.58294
-6.58207
-6.58243
-6.5805
-6.57956
-6.57995
-6.5804
-6.57963
-6.57991
-6.58251
-6.58094
-6.58102
-6.58113
-6.58128
-6.58114
-6.58232
-6.58254
-6.58374
-6.58428
-6.58545
-6.58724
-6.58802
-6.5868
-6.58648
-6.58735
-6.58552
-6.58685
-6.58521
-6.58453
-6.58258
-6.5836
-6.58374
-6.58301
-6.58369
-6.58385
-6.58382
-6.58389
-6.5837
-6.58384
-6.58621
-6.58687
-6.58739
-6.58809
-6.59155
-6.58936
-6.58804
-6.58762
-6.5878
-6.58701
-6.58431
-6.58526
-6.58342
-6.58365
-6.58306
-6.58616
-6.58385
-6.58258
-6.5836
-6.58361
-6.58359
-6.58286
-6.58399
-6.58375
-6.58246
-6.58403
-6.58393
-6.58511
-6.58498
-6.58356
-6.58147
-6.58357
-6.58338
-6.58511
-6.58295
-6.58271
-6.58217
-6.57939
-6.5786
-6.57724
-6.57598
-6.57807
-6.5793
-6.58095
-6.583
-6.58476
-6.58455
-6.5846
-6.58389
-6.58435
-6.58435
-6.58456
-6.58438
-6.58448
-6.58265
-6.58085
-6.58037
-6.5825
-6.58234
-6.58443
-6.5852
-6.58662
-6.58611
-6.58631
-6.58529
-6.58437
-6.58387
-6.58475
-6.587
-6.58538
-6.58632
-6.58621
-6.58697
-6.58727
-6.58746
-6.58561
-6.58567
-6.58539
-6.58285
-6.58425
-6.58473
-6.58333
-6.58394
-6.58332
-6.58342
-6.58259
-6.58182
-6.58205
-6.58262
-6.58547
-6.5857
-6.58493
-6.5854
-6.58677
-6.5871
-6.58669
-6.58752
-6.58537
-6.58384
-6.58422
-6.58364
-6.58536
-6.58582
-6.58374
-6.58333
-6.58559
-6.58564
-6.58478
-6.58493
-6.58383
-6.58565
-6.58518
-6.58498
-6.58372
-6.58302
-6.58324
-6.58279
-6.58463
-6.58361
-6.58398
-6.58377
-6.58361
-6.58151
-6.58065
-6.57973
-6.58165
-6.58026
-6.58046
-6.58162
-6.58151
-6.58142
-6.58104
-6.58099
-6.57965
-6.577
-6.57693
-6.57654
-6.57714
-6.57845
-6.5779
-6.57679
-6.57577
-6.57804
-6.58064
-6.58256
-6.58345
-6.58524
-6.58596
-6.58529
-6.58551
-6.58562
-6.58467
-6.58461
-6.58287
-6.58305
-6.58194
-6.58186
-6.58288
-6.58243
-6.58349
-6.58409
-6.58422
-6.58448
-6.58318
-6.58604
-6.58683
-6.58842
-6.58882
-6.58707
-6.5874
-6.58664
-6.58585
-6.58702
-6.58568
-6.58349
-6.58305
-6.58499
-6.5838
-6.58394
-6.58537
-6.58417
-6.58259
-6.58323
-6.58383
-6.58541
-6.58541
-6.58548
-6.58497
-6.58324
-6.58349
-6.58503
-6.58618
-6.58723
-6.58782
-6.58733
-6.58612
-6.58455
-6.58364
-6.58182
-6.58199
-6.58223
-6.58286
-6.58356
-6.58235
-6.58314
-6.58397
-6.5842
-6.58445
-6.586
-6.58267
-6.58188
-6.58358
-6.58484
-6.58567
-6.58478
-6.58446
-6.58344
-6.58242
-6.58305
-6.58473
-6.58456
-6.58385
-6.58357
-6.58274
-6.58264
-6.58329
-6.58305
-6.58352
-6.5853
-6.5841
-6.58374
-6.58352
-6.58406
-6.5815
-6.58044
-6.58225
-6.58311
-6.58697
-6.58285
-6.58013
-6.58139
-6.58078
-6.58089
-6.58298
-6.58351
-6.58603
-6.58922
-6.58885
-6.58846
-6.58769
-6.58751
-6.58886
-6.58914
-6.58835
-6.58809
-6.5884
-6.58898
-6.58858
-6.58497
-6.58398
-6.58273
-6.58222
-6.58216
-6.58191
-6.57952
-6.58113
-6.58153
-6.58133
-6.58211
-6.58318
-6.58386
-6.58673
-6.58495
-6.585
-6.58589
-6.58216
-6.58222
-6.58127
-6.58258
-6.5826
-6.58263
-6.58331
-6.58369
-6.58216
-6.58362
-6.58227
-6.58169
-6.58478
-6.58438
-6.58533
-6.58662
-6.5863
-6.5879
-6.58818
-6.58905
-6.58856
-6.5893
-6.589
-6.58996
-6.5899
-6.58755
-6.58711
-6.58693
-6.58571
-6.58633
-6.58591
-6.58544
-6.58496
-6.58357
-6.58263
-6.58252
-6.58005
-6.58138
-6.58096
-6.58195
-6.58131
-6.58344
-6.58501
-6.58697
-6.58706
-6.58632
-6.58743
-6.58855
-6.58653
-6.58631
-6.58242
-6.58135
-6.58014
-6.58099
-6.58156
-6.58079
-6.58153
-6.58245
-6.58578
-6.58538
-6.58579
-6.58445
-6.58496
-6.58415
-6.5853
-6.58683
-6.58716
-6.58759
-6.58746
-6.58581
-6.5839
-6.584
-6.58187
-6.58138
-6.58058
-6.57912
-6.57895
-6.57971
-6.58175
-6.58184
-6.58096
-6.58206
-6.58122
-6.58039
-6.58148
-6.58023
-6.58019
-6.57975
-6.5802
-6.57901
-6.57814
-6.57927
-6.57854
-6.57983
-6.57926
-6.57875
-6.57889
-6.58065
-6.58108
-6.58181
-6.58221
-6.58358
-6.58466
-6.58609
-6.58591
-6.58637
-6.58646
-6.58518
-6.58317
-6.58563
-6.58482
-6.58497
-6.58384
-6.58432
-6.5848
-6.58366
-6.58317
-6.58499
-6.5862
-6.58489
-6.58297
-6.58399
-6.58437
-6.58472
-6.58343
-6.58471
-6.58338
-6.58367
-6.58366
-6.58175
-6.58118
-6.58099
-6.58115
-6.58196
-6.58373
-6.58417
-6.58392
-6.58459
-6.58329
-6.58229
-6.58289
-6.5838
-6.58373
-6.58691
-6.58587
-6.58483
-6.58281
-6.58403
-6.58363
-6.58327
-6.58362
-6.58242
-6.58226
-6.58277
-6.58197
-6.58271
-6.58269
-6.58288
-6.58364
-6.58371
-6.58473
-6.58318
-6.58362
-6.5809
-6.58118
-6.57962
-6.57948
-6.57846
-6.5798
-6.58216
-6.58226
-6.5849
-6.58648
-6.586
-6.58636
-6.58661
-6.58547
-6.58753
-6.586
-6.58511
-6.58324
-6.58329
-6.58169
-6.58397
-6.58238
-6.58473
-6.58328
-6.58194
-6.58008
-6.57766
-6.57789
-6.58009
-6.58033
-6.58021
-6.58199
-6.58179
-6.58446
-6.58127
-6.58065
-6.57904
-6.58099
-6.581
-6.57968
-6.57993
-6.58009
-6.58082
-6.57988
-6.57829
-6.57966
-6.58116
-6.58345
-6.58398
-6.58531
-6.5829
-6.58542
-6.58663
-6.58646
-6.58901
-6.5868
-6.58468
-6.58433
-6.58354
-6.5824
-6.58127
-6.58346
-6.58218
-6.58229
-6.58413
-6.58476
-6.58288
-6.58073
-6.58088
-6.57942
-6.5802
-6.58095
-6.58037
-6.58139
-6.58177
-6.58089
-6.58037
-6.58149
-6.58322
-6.58165
-6.58097
-6.58086
-6.57978
-6.57973
-6.58173
-6.58285
-6.58367
-6.58413
-6.58613
-6.58639
-6.58525
-6.58664
-6.58476
-6.58517
-6.58337
-6.58324
-6.58122
-6.57989
-6.58216
-6.58412
-6.58226
-6.58208
-6.58262
-6.58255
-6.58053
-6.58073
-6.58119
-6.58028
-6.5793
-6.58281
-6.58076
-6.58224
-6.58206
-6.58152
-6.58094
-6.58069
-6.58141
-6.58219
-6.58177
-6.5815
-6.58172
-6.58114
-6.58227
-6.58149
-6.58191
-6.58284
-6.58294
-6.58221
-6.58164
-6.57999
-6.57861
-6.57631
-6.57606
-6.57726
-6.57699
-6.57942
-6.5819
-6.58307
-6.58419
-6.58492
-6.58754
-6.58656
-6.58716
-6.58772
-6.58694
-6.5848
-6.58486
-6.58326
-6.581
-6.582
-6.58115
-6.58043
-6.58052
-6.58175
-6.57988
-6.58231
-6.58251
-6.583
-6.58372
-6.58562
-6.58607
-6.58541
-6.58624
-6.586
-6.58536
-6.58661
-6.58685
-6.58775
-6.58448
-6.58386
-6.58175
-6.57976
-6.5802
-6.58173
-6.58108
-6.58209
-6.58017
-6.58111
-6.58164
-6.58174
-6.58464
-6.58485
-6.58498
-6.58573
-6.58324
-6.58304
-6.58222
-6.58112
-6.58073
-6.58006
-6.57946
-6.5799
-6.58137
-6.58094
-6.58214
-6.58137
-6.58248
-6.58252
-6.58406
-6.58227
-6.58298
-6.58236
-6.58174
-6.58343
-6.58326
-6.5819
-6.58068
-6.57989
-6.57985
-6.58019
-6.58152
-6.58215
-6.5827
-6.58151
-6.57891
-6.57846
-6.58019
-6.58056
-6.58026
-6.57934
-6.57974
-6.58053
-6.58074
-6.58038
-6.57879
-6.57986
-6.57937
-6.5783
-6.57888
-6.57787
-6.57817
-6.57877
-6.57869
-6.57953
-6.58062
-6.58196
-6.58549
-6.58637
-6.58848
-6.58795
-6.58933
-6.59066
-6.59034
-6.58969
-6.59002
-6.58651
-6.5876
-6.58522
-6.58584
-6.58527
-6.58413
-6.58532
-6.58591
-6.58457
-6.58419
-6.58378
-6.5833
-6.58436
-6.58339
-6.58073
-6.58026
-6.58072
-6.58183
-6.58068
-6.57958
-6.57822
-6.57856
-6.57866
-6.57622
-6.5777
-6.57983
-6.58129
-6.58335
-6.58309
-6.58373
-6.58141
-6.58001
-6.58118
-6.583
-6.58257
-6.58187
-6.58219
-6.58188
-6.58192
-6.58164
-6.58133
-6.58424
-6.58386
-6.58344
-6.58267
-6.58223
-6.58018
-6.5785
-6.57913
-6.58046
-6.58121
-6.57945
-6.581
-6.58067
-6.58101
-6.58294
-6.58153
-6.58383
-6.58433
-6.58433
-6.58356
-6.58501
-6.58357
-6.58026
-6.58062
-6.58144
-6.58141
-6.58182
-6.58169
-6.58229
-6.5839
-6.58585
-6.58586
-6.58485
-6.58474
-6.58749
-6.58789
-6.58792
-6.58887
-6.59012
-6.58842
-6.58606
-6.58398
-6.58218
-6.58133
-6.57947
-6.58084
-6.58093
-6.57879
-6.57933
-6.57965
-6.58042
-6.58034
-6.5813
-6.58133
-6.58071
-6.58331
-6.5833
-6.58422
-6.58379
-6.58585
-6.58647
-6.5879
-6.58757
-6.58746
-6.58764
-6.58749
-6.58544
-6.5857
-6.58376
-6.58189
-6.5811
-6.57979
-6.58026
-6.58054
-6.58057
-6.57963
-6.57991
-6.57945
-6.57827
-6.57768
-6.57934
-6.581
-6.58205
-6.58539
-6.5855
-6.58593
-6.58537
-6.5867
-6.58572
-6.58666
-6.585
-6.58432
-6.58334
-6.58272
-6.58311
-6.58416
-6.58554
-6.58625
-6.58758
-6.58984
-6.59074
-6.59192
-6.59015
-6.59029
-6.59011
-6.5906
-6.58982
-6.58842
-6.58703
-6.58662
-6.58491
-6.5858
-6.58509
-6.58603
-6.58602
-6.58376
-6.58214
-6.57889
-6.57949
-6.58008
-6.58066
-6.57964
-6.58094
-6.57944
-6.58067
-6.58137
-6.58314
-6.5843
-6.58445
-6.58419
-6.58639
-6.58782
-6.58622
-6.58643
-6.58653
-6.58718
-6.58744
-6.58701
-6.58463
-6.58386
-6.58601
-6.58527
-6.58749
-6.58657
-6.58739
-6.58709
-6.58601
-6.58836
-6.58599
-6.58495
-6.58578
-6.58419
-6.58144
-6.58077
-6.58029
-6.58104
-6.58079
-6.58249
-6.58325
-6.58244
-6.58136
-6.57906
-6.57845
-6.58049
-6.58001
-6.58086
-6.58107
-6.58063
-6.58178
-6.58096
-6.58236
-6.58179
-6.58281
-6.58413
-6.58672
-6.58991
-6.58853
-6.58839
-6.5879
-6.58672
-6.58649
-6.58494
-6.58306
-6.5825
-6.58068
-6.58122
-6.5825
-6.58292
-6.58343
-6.58333
-6.58355
-6.58564
-6.58571
-6.58698
-6.58689
-6.58776
-6.58898
-6.58831
-6.58643
-6.58689
-6.5871
-6.58766
-6.58757
-6.58678
-6.58558
-6.58492
-6.58543
-6.58325
-6.58262
-6.582
-6.58079
-6.57937
-6.58035
-6.57986
-6.57784
-6.57973
-6.57738
-6.57592
-6.5789
-6.58017
-6.58074
-6.58034
-6.58126
-6.5832
-6.58129
-6.58361
-6.58364
-6.5833
-6.58322
-6.5821
-6.58319
-6.58133
-6.58075
-6.58149
-6.58193
-6.57951
-6.58072
-6.58038
-6.58042
-6.57989
-6.57909
-6.57997
-6.57833
-6.58061
-6.58002
-6.57911
-6.58141
-6.58459
-6.58538
-6.58277
-6.58325
-6.58133
-6.58126
-6.58243
-6.58231
-6.58355
-6.58261
-6.58341
-6.5821
-6.58126
-6.58215
-6.5802
-6.58054
-6.58022
-6.58081
-6.58102
-6.58115
-6.58317
-6.58351
-6.58415
-6.58379
-6.58533
-6.58359
-6.58276
-6.58381
-6.5845
-6.58453
-6.5836
-6.58336
-6.58546
-6.58634
-6.5844
-6.58448
-6.58367
-6.58482
-6.58594
-6.58475
-6.58706
-6.58445
-6.58343
-6.58207
-6.58236
-6.58042
-6.57951
-6.57671
-6.57786
-6.58004
-6.57932
-6.5802
-6.58071
-6.57953
-6.58117
-6.58208
-6.58261
-6.58085
-6.58007
-6.58125
-6.58248
-6.58341
-6.58438
-6.58441
-6.58544
-6.58615
-6.58493
-6.58465
-6.58562
-6.58653
-6.58479
-6.58395
-6.58274
-6.58443
-6.58451
-6.58272
-6.58489
-6.58555
-6.58565
-6.58679
-6.58342
-6.58295
-6.58373
-6.58154
-6.58158
-6.57999
-6.58133
-6.58174
-6.58123
-6.58366
-6.58547
-6.5837
-6.58254
-6.5839
-6.5842
-6.58344
-6.58293
-6.5814
-6.58371
-6.58244
-6.5831
-6.5841
-6.58317
-6.58066
-6.58046
-6.58097
-6.58123
-6.58093
-6.5804
-6.58256
-6.58059
-6.57869
-6.57941
-6.58013
-6.5776
-6.57825
-6.57789
-6.58071
-6.58152
-6.58127
-6.58125
-6.5821
-6.5835
-6.58288
-6.58384
-6.58704
-6.58379
-6.5825
-6.58319
-6.58134
-6.58215
-6.58205
-6.58107
-6.57953
-6.57806
-6.57957
-6.58079
-6.58204
-6.58491
-6.58616
-6.58642
-6.58793
-6.58551
-6.5859
-6.58683
-6.58506
-6.58449
-6.58485
-6.58327
-6.58401
-6.58484
-6.58479
-6.58515
-6.58782
-6.58792
-6.58574
-6.58578
-6.5874
-6.58703
-6.58695
-6.58815
-6.58579
-6.58605
-6.58472
-6.58218
-6.58198
-6.5828
-6.58364
-6.58479
-6.58262
-6.58165
-6.58059
-6.5811
-6.57963
-6.57816
-6.57962
-6.58045
-6.57936
-6.57895
-6.58117
-6.58153
-6.58229
-6.58022
-6.57884
-6.57748
-6.57704
-6.57815
-6.57755
-6.58011
-6.58197
-6.58027
-6.58214
-6.5834
-6.58371
-6.5834
-6.58276
-6.58372
-6.58141
-6.58133
-6.58285
-6.58242
-6.58299
-6.5836
-6.58394
-6.5853
-6.58539
-6.58452
-6.5846
-6.58367
-6.5827
-6.58138
-6.58003
-6.58157
-6.57957
-6.57987
-6.57923
-6.57992
-6.58032
-6.57876
-6.58139
-6.5814
-6.58072
-6.58196
-6.5822
-6.58372
-6.58393
-6.5864
-6.58533
-6.58332
-6.58169
-6.58011
-6.57731
-6.57681
-6.57667
-6.5775
-6.57829
-6.58066
-6.58006
-6.58137
-6.58169
-6.58072
-6.58367
-6.58341
-6.5822
-6.58163
-6.58103
-6.58197
-6.58411
-6.58163
-6.58199
-6.57973
-6.58007
-6.58044
-6.57991
-6.57977
-6.57875
-6.57848
-6.57864
-6.5789
-6.57988
-6.57958
-6.58024
-6.58276
-6.5842
-6.58357
-6.58474
-6.58322
-6.58421
-6.58196
-6.58105
-6.57959
-6.58022
-6.58131
-6.58153
-6.58116
-6.58143
-6.58489
-6.58471
-6.58251
-6.58282
-6.58309
-6.58174
-6.58234
-6.58201
-6.58462
-6.58659
-6.58726
-6.58758
-6.58625
-6.58619
-6.58578
-6.58505
-6.58399
-6.58488
-6.58382
-6.58535
-6.58298
-6.58287
-6.58275
-6.58167
-6.5819
-6.57957
-6.58021
-6.58089
-6.58001
-6.58047
-6.5816
-6.5795
-6.57899
-6.58071
-6.57751
-6.57878
-6.57646
-6.57669
-6.57789
-6.57813
-6.57648
-6.57552
-6.57655
-6.57827
-6.58033
-6.58175
-6.5809
-6.58131
-6.58069
-6.57999
-6.57986
-6.57933
-6.57875
-6.57847
-6.57952
-6.57965
-6.5789
-6.5799
-6.58006
-6.58229
-6.5817
-6.58215
-6.58361
-6.58345
-6.58421
-6.58358
-6.58505
-6.58536
-6.58319
-6.5821
-6.58215
-6.58309
-6.58437
-6.58346
-6.58401
-6.58445
-6.58445
-6.58335
-6.58304
-6.58572
-6.58452
-6.5823
-6.5813
-6.58376
-6.58419
-6.58421
-6.58255
-6.58153
-6.58276
-6.58431
-6.58326
-6.58219
-6.58239
-6.58354
-6.5837
-6.58318
-6.58425
-6.58435
-6.5825
-6.58358
-6.5808
-6.58131
-6.57965
-6.57938
-6.57926
-6.57862
-6.57875
-6.57863
-6.58079
-6.58196
-6.58272
-6.58241
-6.58421
-6.58522
-6.58413
-6.58322
-6.58412
-6.58525
-6.58404
-6.58443
-6.58549
-6.5847
-6.58501
-6.58518
-6.58363
-6.58198
-6.58279
-6.58564
-6.58625
-6.58552
-6.58629
-6.58467
-6.58322
-6.58419
-6.58467
-6.58595
-6.58321
-6.58233
-6.58241
-6.58385
-6.58188
-6.58074
-6.57981
-6.58036
-6.58234
-6.58407
-6.58322
-6.58297
-6.58199
-6.58285
-6.58294
-6.58327
-6.58189
-6.58208
-6.58351
-6.58394
-6.58306
-6.58314
-6.5839
-6.58601
-6.58461
-6.58361
-6.5843
-6.58634
-6.58613
-6.58593
-6.58605
-6.58386
-6.58582
-6.58383
-6.58502
-6.58517
-6.58463
-6.58407
-6.58257
-6.58177
-6.58172
-6.58181
-6.58174
-6.58246
-6.58328
-6.58413
-6.58395
-6.58364
-6.58479
-6.58318
-6.58565
-6.58349
-6.5829
-6.58199
-6.58175
-6.58317
-6.58463
-6.58449
-6.58662
-6.58518
-6.58468
-6.58319
-6.58203
-6.58284
-6.58048
-6.58079
-6.58249
-6.582
-6.58449
-6.58472
-6.5833
-6.58182
-6.5809
-6.5841
-6.58173
-6.57838
-6.57958
-6.58021
-6.58159
-6.58307
-6.58207
-6.58114
-6.58087
-6.58089
-6.58018
-6.58291
-6.58517
-6.58403
-6.58632
-6.5872
-6.58671
-6.58588
-6.58508
-6.58372
-6.58508
-6.58563
-6.58505
-6.58363
-6.58361
-6.58363
-6.58139
-6.58202
-6.58423
-6.5828
-6.58261
-6.583
-6.58429
-6.58648
-6.58731
-6.58584
-6.58663
-6.58454
-6.58282
-6.58082
-6.58114
-6.58084
-6.58184
-6.58282
-6.58537
-6.58528
-6.58578
-6.58431
-6.58219
-6.58173
-6.58199
-6.58233
-6.58244
-6.58391
-6.58382
-6.586
-6.58654
-6.58539
-6.58418
-6.58486
-6.58321
-6.58284
-6.58118
-6.58114
-6.58274
-6.58242
-6.58308
-6.58505
-6.58315
-6.58483
-6.58424
-6.58461
-6.58526
-6.58587
-6.58544
-6.58593
-6.58154
-6.58231
-6.5831
-6.58329
-6.58419
-6.58355
-6.58233
-6.58149
-6.58167
-6.58023
-6.58104
-6.58114
-6.58213
-6.5824
-6.5813
-6.58276
-6.57968
-6.57955
-6.57949
-6.57984
-6.57963
-6.57915
-6.57804
-6.57982
-6.57961
-6.58
-6.57938
-6.5794
-6.57909
-6.5788
-6.57851
-6.57886
-6.57887
-6.5795
-6.58139
-6.58
-6.58051
-6.58
-6.58012
-6.58023
-6.58004
-6.58085
-6.57946
-6.58009
-6.5818
-6.58263
-6.58448
-6.58438
-6.58229
-6.58269
-6.582
-6.58157
-6.58109
-6.58128
-6.58024
-6.58028
-6.58106
-6.58063
-6.58023
-6.58211
-6.582
-6.58248
-6.58418
-6.58547
-6.58507
-6.58459
-6.58241
-6.58114
-6.58015
-6.57754
-6.57952
-6.5764
-6.57794
-6.57605
-6.57622
-6.57808
-6.57835
-6.57923
-6.58168
-6.58082
-6.58088
-6.58059
-6.58254
-6.58155
-6.58347
-6.58505
-6.58566
-6.58595
-6.58626
-6.58756
-6.58532
-6.58374
-6.58505
-6.58539
-6.58375
-6.58533
-6.58431
-6.58328
-6.58159
-6.58247
-6.58105
-6.58219
-6.58038
-6.58084
-6.58069
-6.57932
-6.58094
-6.58071
-6.5796
-6.58178
-6.58139
-6.58294
-6.58477
-6.583
-6.58282
-6.58455
-6.58628
-6.58542
-6.58716
-6.58434
-6.58275
-6.5869
-6.58739
-6.5878
-6.58653
-6.58586
-6.58487
-6.58388
-6.58324
-6.58232
-6.58243
-6.57906
-6.58034
-6.5798
-6.57906
-6.58169
-6.58019
-6.58261
-6.585
-6.58475
-6.58376
-6.58559
-6.58342
-6.58437
-6.58325
-6.58429
-6.58296
-6.5832
-6.58116
-6.58046
-6.58145
-6.58288
-6.58376
-6.58375
-6.58511
-6.58584
-6.58592
-6.58569
-6.58741
-6.58787
-6.58612
-6.58604
-6.58534
-6.58528
-6.58451
-6.58561
-6.58499
-6.58169
-6.58155
-6.58394
-6.5837
-6.58247
-6.58353
-6.58335
-6.58258
-6.58128
-6.58105
-6.58351
-6.58345
-6.58472
-6.58473
-6.58602
-6.58663
-6.58653
-6.58796
-6.58862
-6.58687
-6.58659
-6.58682
-6.58696
-6.58381
-6.58164
-6.58149
-6.5779
-6.57836
-6.57836
-6.57852
-6.57881
-6.58016
-6.58121
-6.58061
-6.58091
-6.5792
-6.58099
-6.58113
-6.58187
-6.58291
-6.58195
-6.58129
-6.57928
-6.57984
-6.57908
-6.57862
-6.57814
-6.57894
-6.57976
-6.58159
-6.58349
-6.58158
-6.58332
-6.5835
-6.58339
-6.58296
-6.58251
-6.58103
-6.57881
-6.5817
-6.58515
-6.58304
-6.58675
-6.58625
-6.58418
-6.58472
-6.58399
-6.58295
-6.58158
-6.58214
-6.58336
-6.58135
-6.58132
-6.58068
-6.57814
-6.57918
-6.58054
-6.58025
-6.58155
-6.5802
-6.58142
-6.58229
-6.58221
-6.5812
-6.58121
-6.58195
-6.5818
-6.58302
-6.58364
-6.58429
-6.58461
-6.58521
-6.58607
-6.58554
-6.58491
-6.58579
-6.58689
-6.58758
-6.58595
-6.58625
-6.58529
-6.58345
-6.58269
-6.58333
-6.58274
-6.58474
-6.58311
-6.58205
-6.58157
-6.57883
-6.58001
-6.58162
-6.58043
-6.58099
-6.58067
-6.58202
-6.58272
-6.58273
-6.58459
-6.58664
-6.58694
-6.58839
-6.58713
-6.58676
-6.587
-6.58692
-6.58497
-6.58442
-6.58336
-6.58503
-6.58454
-6.58379
-6.58339
-6.5833
-6.58253
-6.58206
-6.58254
-6.58204
-6.58315
-6.58392
-6.58273
-6.58182
-6.58216
-6.58147
-6.58299
-6.58347
-6.58292
-6.58201
-6.58203
-6.58204
-6.5824
-6.58217
-6.58204
-6.58137
-6.58212
-6.58138
-6.58172
-6.58243
-6.58187
-6.58288
-6.58188
-6.5811
-6.58084
-6.58015
-6.58162
-6.58009
-6.57881
-6.57976
-6.57941
-6.57842
-6.57682
-6.57692
-6.57647
-6.57677
-6.5772
-6.57934
-6.57863
-6.5812
-6.58179
-6.58233
-6.58345
-6.58353
-6.58583
-6.58485
-6.58417
-6.58316
-6.58344
-6.58338
-6.58528
-6.58362
-6.58294
-6.58357
-6.58227
-6.57904
-6.57871
-6.58161
-6.58027
-6.57891
-6.57883
-6.57972
-6.57998
-6.57865
-6.57899
-6.5797
-6.57949
-6.5793
-6.58074
-6.58021
-6.58095
-6.58262
-6.58104
-6.58204
-6.58335
-6.58465
-6.58433
-6.58301
-6.58199
-6.58322
-6.57957
-6.58045
-6.57875
-6.57966
-6.57929
-6.57894
-6.57827
-6.57985
-6.57914
-6.57776
-6.57929
-6.57726
-6.57787
-6.57754
-6.57955
-6.57998
-6.58272
-6.58354
-6.58564
-6.58546
-6.58815
-6.58852
-6.58849
-6.58709
-6.58625
-6.58404
-6.58244
-6.58083
-6.57958
-6.57904
-6.57636
-6.57801
-6.57785
-6.5778
-6.5788
-6.57982
-6.57984
-6.5795
-6.5791
-6.57735
-6.57815
-6.57956
-6.58028
-6.58094
-6.58151
-6.58717
-6.58754
-6.58652
-6.58543
-6.584
-6.58423
-6.58293
-6.58081
-6.57984
-6.58002
-6.58164
-6.58079
-6.58321
-6.58141
-6.58118
-6.58248
-6.5824
-6.58286
-6.58323
-6.58512
-6.58691
-6.58634
-6.58698
-6.58496
-6.58647
-6.58602
-6.58429
-6.58295
-6.58267
-6.5841
-6.58273
-6.58341
-6.58319
-6.58077
-6.57904
-6.57928
-6.57922
-6.57754
-6.57844
-6.5777
-6.57823
-6.57679
-6.57855
-6.57834
-6.57873
-6.58136
-6.58299
-6.58427
-6.58585
-6.58675
-6.5847
-6.58422
-6.58404
-6.58285
-6.58263
-6.58373
-6.58456
-6.58418
-6.58489
-6.58475
-6.58665
-6.5886
-6.58824
-6.58938
-6.58323
-6.58277
-6.58218
-6.58218
-6.5825
-6.58158
-6.5804
-6.58031
-6.58034
-6.57985
-6.58077
-6.58113
-6.5825
-6.58224
-6.58285
-6.5817
-6.58103
-6.58183
-6.58188
-6.58317
-6.58287
-6.58233
-6.58157
-6.58156
-6.58131
-6.58109
-6.58218
-6.5826
-6.5804
-6.58239
-6.58207
-6.58238
-6.58135
-6.58225
-6.58151
-6.58203
-6.58416
-6.58467
-6.58455
-6.58252
-6.58154
-6.58164
-6.58152
-6.58113
-6.58136
-6.58342
-6.58144
-6.58131
-6.57987
-6.58107
-6.57977
-6.57949
-6.57954
-6.5815
-6.58115
-6.58239
-6.582
-6.5826
-6.58291
-6.5839
-6.58524
-6.585
-6.58738
-6.58785
-6.58901
-6.58792
-6.58718
-6.58318
-6.58465
-6.58508
-6.58474
-6.58363
-6.58497
-6.58622
-6.58418
-6.58053
-6.57986
-6.58092
-6.58112
-6.58143
-6.57925
-6.58071
-6.5806
-6.58117
-6.58141
-6.58293
-6.58151
-6.58394
-6.58505
-6.58708
-6.58681
-6.58681
-6.58839
-6.5857
-6.58394
-6.5831
-6.58384
-6.58586
-6.58657
-6.58472
-6.58387
-6.58278
-6.58144
-6.58117
-6.58198
-6.58125
-6.57995
-6.57966
-6.58101
-6.5817
-6.5804
-6.58129
-6.58174
-6.58175
-6.58226
-6.58168
-6.58262
-6.58059
-6.57951
-6.57974
-6.57871
-6.57901
-6.58002
-6.5798
-6.57871
-6.57742
-6.57886
-6.57849
-6.58212
-6.58061
-6.5807
-6.58105
-6.58195
-6.58308
-6.58346
-6.58246
-6.58044
-6.58098
-6.58024
-6.58084
-6.58053
-6.5806
-6.58103
-6.5805
-6.5822
-6.58157
-6.58088
-6.58075
-6.58187
-6.58265
-6.58475
-6.58334
-6.5843
-6.58144
-6.5806
-6.58077
-6.57996
-6.58141
-6.58218
-6.58259
-6.58393
-6.58363
-6.58264
-6.58095
-6.58341
-6.58582
-6.58754
-6.58568
-6.58804
-6.58558
-6.58513
-6.58378
-6.58348
-6.5826
-6.58339
-6.58484
-6.58432
-6.58376
-6.58445
-6.58317
-6.58349
-6.58282
-6.58344
-6.58469
-6.58431
-6.58423
-6.58254
-6.58153
-6.5838
-6.58257
-6.58172
-6.58154
-6.58328
-6.58304
-6.58142
-6.57939
-6.57859
-6.57807
-6.57787
-6.57673
-6.5763
-6.57723
-6.57693
-6.57862
-6.57774
-6.57915
-6.57959
-6.5794
-6.5815
-6.58069
-6.58115
-6.58191
-6.58066
-6.57772
-6.57764
-6.57723
-6.57587
-6.57683
-6.58046
-6.58252
-6.58203
-6.58313
-6.58322
-6.58259
-6.58318
-6.58436
-6.58583
-6.58405
-6.58324
-6.58506
-6.58531
-6.58691
-6.5876
-6.5864
-6.58784
-6.58801
-6.58561
-6.58511
-6.58553
-6.58783
-6.58907
-6.5886
-6.58838
-6.58809
-6.58647
-6.58582
-6.58488
-6.58403
-6.58522
-6.58297
-6.58343
-6.584
-6.58206
-6.58212
-6.58442
-6.5831
-6.58361
-6.5843
-6.58485
-6.58625
-6.58371
-6.58181
-6.58153
-6.57904
-6.58081
-6.58038
-6.57839
-6.57906
-6.57979
-6.58025
-6.58206
-6.58293
-6.58351
-6.58246
-6.58073
-6.58028
-6.58302
-6.58214
-6.58022
-6.57951
-6.58229
-6.58047
-6.58117
-6.58249
-6.58252
-6.58128
-6.57979
-6.58034
-6.58067
-6.58047
-6.58038
-6.58102
-6.58042
-6.58242
-6.58374
-6.58177
-6.58263
-6.58079
-6.58045
-6.58096
-6.58169
-6.58201
-6.58161
-6.58084
-6.58071
-6.58189
-6.58283
-6.58581
-6.58506
-6.58543
-6.58723
-6.58685
-6.58489
-6.58385
-6.58209
-6.57926
-6.57992
-6.57957
-6.57956
-6.57991
-6.57838
-6.58016
-6.57942
-6.58036
-6.58067
-6.57969
-6.58224
-6.5815
-6.58004
-6.58075
-6.58007
-6.57926
-6.58028
-6.58086
-6.58264
-6.58434
-6.58601
-6.5851
-6.58429
-6.58688
-6.5884
-6.58757
-6.58596
-6.58483
-6.58602
-6.58588
-6.58405
-6.58341
-6.58104
-6.57825
-6.57729
-6.57785
-6.57704
-6.58005
-6.58108
-6.58115
-6.58256
-6.58306
-6.58201
-6.58298
-6.58207
-6.58316
-6.58234
-6.58155
-6.5811
-6.58065
-6.5815
-6.58394
-6.58538
-6.58744
-6.58655
-6.58531
-6.58694
-6.58594
-6.58488
-6.58568
-6.58477
-6.58472
-6.5836
-6.58503
-6.58453
-6.58377
-6.58023
-6.58042
-6.58047
-6.58067
-6.58066
-6.58106
-6.58021
-6.58197
-6.58277
-6.58193
-6.58103
-6.58064
-6.58041
-6.58161
-6.58295
-6.58514
-6.58273
-6.58261
-6.58191
-6.58134
-6.57963
-6.57903
-6.57922
-6.58113
-6.58052
-6.58027
-6.58194
-6.58387
-6.58601
-6.5864
-6.58666
-6.58749
-6.58534
-6.58478
-6.58486
-6.58621
-6.58655
-6.58656
-6.58464
-6.58376
-6.58493
-6.58394
-6.58433
-6.58383
-6.58496
-6.58416
-6.58593
-6.58638
-6.58681
-6.58594
-6.58606
-6.58686
-6.58546
-6.58575
-6.58706
-6.58903
-6.58898
-6.58976
-6.59103
-6.58986
-6.58921
-6.58849
-6.58966
-6.59017
-6.5865
-6.58643
-6.58448
-6.5852
-6.58374
-6.5804
-6.58038
-6.57946
-6.58026
-6.57923
-6.57766
-6.5791
-6.57928
-6.58073
-6.58144
-6.58041
-6.57925
-6.57992
-6.58244
-6.58296
-6.58379
-6.58332
-6.58287
-6.58276
-6.58427
-6.58448
-6.58532
-6.5845
-6.58336
-6.58286
-6.58109
-6.58065
-6.58156
-6.58154
-6.58218
-6.58022
-6.57888
-6.5785
-6.57751
-6.57921
-6.57846
-6.57847
-6.57951
-6.58281
-6.58409
-6.58298
-6.58564
-6.58497
-6.58388
-6.58241
-6.58317
-6.58295
-6.5795
-6.57864
-6.58135
-6.5818
-6.58095
-6.58142
-6.5813
-6.5816
-6.58267
-6.58323
-6.58357
-6.58073
-6.58082
-6.58281
-6.58275
-6.58353
-6.5832
-6.58339
-6.58186
-6.58154
-6.58084
-6.5827
-6.58261
-6.58223
-6.58288
-6.58298
-6.58063
-6.58132
-6.58281
-6.58117
-6.58186
-6.5819
-6.58057
-6.57849
-6.57758
-6.57849
-6.57643
-6.57725
-6.57647
-6.57608
-6.57836
-6.5765
-6.57759
-6.5764
-6.57808
-6.57905
-6.5793
-6.57985
-6.58107
-6.58171
-6.58082
-6.58099
-6.58089
-6.58146
-6.58136
-6.58217
-6.58356
-6.58455
-6.58351
-6.58467
-6.58416
-6.58328
-6.58077
-6.58214
-6.58161
-6.58275
-6.58333
-6.58107
-6.58149
-6.58198
-6.58382
-6.58405
-6.58295
-6.58242
-6.5805
-6.58203
-6.58088
-6.58291
-6.58428
-6.58406
-6.58456
-6.58256
-6.58159
-6.58166
-6.57982
-6.5796
-6.57806
-6.57873
-6.57933
-6.57988
-6.58006
-6.57959
-6.57983
-6.58276
-6.58127
-6.57989
-6.57955
-6.5802
-6.58115
-6.58234
-6.58019
-6.58213
-6.58301
-6.58253
-6.58335
-6.58483
-6.58408
-6.58401
-6.58331
-6.58035
-6.58027
-6.57922
-6.58172
-6.58227
-6.58284
-6.58084
-6.58115
-6.57956
-6.57737
-6.57781
-6.57991
-6.57975
-6.58056
-6.5823
-6.58237
-6.58528
-6.58454
-6.58503
-6.58353
-6.58525
-6.58537
-6.58361
-6.58482
-6.58481
-6.58487
-6.58465
-6.58508
-6.58485
-6.58426
-6.58397
-6.58367
-6.58371
-6.58444
-6.58294
-6.58473
-6.58653
-6.58767
-6.58421
-6.58681
-6.58607
-6.58491
-6.58402
-6.58441
-6.58385
-6.58271
-6.58326
-6.58164
-6.58267
-6.58343
-6.58357
-6.58305
-6.58382
-6.58423
-6.58494
-6.58367
-6.58367
-6.58333
-6.58329
-6.58391
-6.58421
-6.58548
-6.5848
-6.58509
-6.5844
-6.58404
-6.5821
-6.58054
-6.58002
-6.58052
-6.58103
-6.58283
-6.58293
-6.58294
-6.58512
-6.58462
-6.58536
-6.58606
-6.5858
-6.58492
-6.58539
-6.58561
-6.58557
-6.58592
-6.58502
-6.58643
-6.58269
-6.58121
-6.58296
-6.58276
-6.58319
-6.58329
-6.58241
-6.58314
-6.58288
-6.58357
-6.58357
-6.58289
-6.58219
-6.58146
-6.58042
-6.58132
-6.58351
-6.58215
-6.58143
-6.58137
-6.57938
-6.57807
-6.57841
-6.57844
-6.57913
-6.57982
-6.57951
-6.57853
-6.57886
-6.57727
-6.57866
-6.58074
-6.58126
-6.58082
-6.58326
-6.58239
-6.58336
-6.5826
-6.58305
-6.58475
-6.5845
-6.58589
-6.58538
-6.58363
-6.58291
-6.58386
-6.58195
-6.58137
-6.57886
-6.57701
-6.57741
-6.57843
-6.57846
-6.57814
-6.57715
-6.57875
-6.57743
-6.57805
-6.57739
-6.57608
-6.57608
-6.57705
-6.57608
-6.57512
-6.57611
-6.57647
-6.5762
-6.57789
-6.57797
-6.57902
-6.57944
-6.57953
-6.58125
-6.58198
-6.58431
-6.58209
-6.5802
-6.58091
-6.58102
-6.58183
-6.58492
-6.58541
-6.58419
-6.58545
-6.58496
-6.58271
-6.58231
-6.58251
-6.58334
-6.58455
-6.58392
-6.5818
-6.57887
-6.57672
-6.57726
-6.57817
-6.57584
-6.57703
-6.57847
-6.57758
-6.57824
-6.57884
-6.5771
-6.57695
-6.57743
-6.5789
-6.57847
-6.57747
-6.57686
-6.57664
-6.57647
-6.57761
-6.57909
-6.5796
-6.58139
-6.58186
-6.58294
-6.58265
-6.58295
-6.58027
-6.58241
-6.5813
-6.58151
-6.58081
-6.58052
-6.58192
-6.58504
-6.58368
-6.58496
-6.58432
-6.58399
-6.58522
-6.58538
-6.58411
-6.58462
-6.58499
-6.58458
-6.5841
-6.58522
-6.58733
-6.58725
-6.58662
-6.58803
-6.58759
-6.58949
-6.58982
-6.58661
-6.58636
-6.58454
-6.58246
-6.5824
-6.58113
-6.58217
-6.58159
-6.58291
-6.58317
-6.58365
-6.58529
-6.58422
-6.58497
-6.58433
-6.58524
-6.58513
-6.58338
-6.58265
-6.58038
-6.57989
-6.58058
-6.5802
-6.58102
-6.58069
-6.58038
-6.58062
-6.58004
-6.58021
-6.57984
-6.57766
-6.57924
-6.57913
-6.57899
-6.57856
-6.57981
-6.58149
-6.58165
-6.58224
-6.58036
-6.58082
-6.58199
-6.58191
-6.58344
-6.58235
-6.58316
-6.58393
-6.5847
-6.58515
-6.58534
-6.58494
-6.5872
-6.58689
-6.58687
-6.58776
-6.58723
-6.5859
-6.58638
-6.58479
-6.58439
-6.5862
-6.58671
-6.5869
-6.58614
-6.58899
-6.58638
-6.58512
-6.58361
-6.58349
-6.58475
-6.58355
-6.58308
-6.58207
-6.58307
-6.58314
-6.58224
-6.58293
-6.58128
-6.57986
-6.58028
-6.57997
-6.58218
-6.58013
-6.57804
-6.58013
-6.57865
-6.58012
-6.58036
-6.57968
-6.57973
-6.57758
-6.57838
-6.58048
-6.58157
-6.58069
-6.57942
-6.58068
-6.57963
-6.5795
-6.58001
-6.58052
-6.57942
-6.58061
-6.5815
-6.58371
-6.58303
-6.58334
-6.58075
-6.58305
-6.58343
-6.58383
-6.5823
-6.58208
-6.58218
-6.58328
-6.58374
-6.58196
-6.58345
-6.58333
-6.58322
-6.58341
-6.58516
-6.58454
-6.58477
-6.58162
-6.58353
-6.58212
-6.5826
-6.58279
-6.58145
-6.58121
-6.5808
-6.58087
-6.58042
-6.58037
-6.58066
-6.58125
-6.58118
-6.58303
-6.58357
-6.58409
-6.58524
-6.58474
-6.58677
-6.58841
-6.58867
-6.58691
-6.58638
-6.58679
-6.5862
-6.58466
-6.58411
-6.58489
-6.5828
-6.58172
-6.58296
-6.5823
-6.58428
-6.58306
-6.57992
-6.58069
-6.57921
-6.58032
-6.5811
-6.58056
-6.58128
-6.58165
-6.58295
-6.58261
-6.58161
-6.57998
-6.5787
-6.57973
-6.57917
-6.57831
-6.58038
-6.58176
-6.58178
-6.58108
-6.58191
-6.58205
-6.58151
-6.58099
-6.58312
-6.5824
-6.58274
-6.58152
-6.58098
-6.58078
-6.58091
-6.58101
-6.58107
-6.5811
-6.58046
-6.58078
-6.58144
-6.57922
-6.57834
-6.57812
-6.57889
-6.58028
-6.58164
-6.58293
-6.58352
-6.58273
-6.57898
-6.57971
-6.58268
-6.58502
-6.58352
-6.58143
-6.58296
-6.58261
-6.5823
-6.58138
-6.58212
-6.58489
-6.58549
-6.58651
-6.58663
-6.58741
-6.58713
-6.5883
-6.58699
-6.58644
-6.58635
-6.5855
-6.58426
-6.58205
-6.58218
-6.58145
-6.58023
-6.57951
-6.57994
-6.5802
-6.57865
-6.57685
-6.57831
-6.58105
-6.58211
-6.58343
-6.584
-6.58253
-6.58325
-6.58097
-6.58218
-6.58302
-6.58479
-6.58393
-6.58208
-6.58249
-6.58226
-6.58204
-6.58187
-6.58304
-6.58203
-6.5811
-6.58185
-6.58232
-6.58119
-6.581
-6.58043
-6.58399
-6.58228
-6.58244
-6.58093
-6.58166
-6.58113
-6.58263
-6.58458
-6.58473
-6.5834
-6.58022
-6.58289
-6.58486
-6.58574
-6.58321
-6.58308
-6.58216
-6.58048
-6.58005
-6.57902
-6.57873
-6.57728
-6.57761
-6.57647
-6.57868
-6.57901
-6.57611
-6.57705
-6.57761
-6.57906
-6.58175
-6.58439
-6.58311
-6.58343
-6.58337
-6.58488
-6.58502
-6.58606
-6.58607
-6.58507
-6.58633
-6.58504
-6.58514
-6.58438
-6.58378
-6.58561
-6.58372
-6.5842
-6.58247
-6.58299
-6.58343
-6.58243
-6.58256
-6.58219
-6.58329
-6.58329
-6.58451
-6.58505
-6.58658
-6.58849
-6.58757
-6.58516
-6.58349
-6.58354
-6.58266
-6.58408
-6.5829
-6.58301
-6.58278
-6.58158
-6.58104
-6.58214
-6.5797
-6.5802
-6.57972
-6.58117
-6.58031
-6.57908
-6.58004
-6.58254
-6.58396
-6.58368
-6.58269
-6.58426
-6.58361
-6.58207
-6.58003
-6.58301
-6.58226
-6.58195
-6.58233
-6.583
-6.58259
-6.58301
-6.58137
-6.58191
-6.58438
-6.58431
-6.58529
-6.58603
-6.58523
-6.5838
-6.58559
-6.58796
-6.58765
-6.58464
-6.58414
-6.58583
-6.58585
-6.58716
-6.58557
-6.58275
-6.58228
-6.58127
-6.58167
-6.58249
-6.58499
-6.58624
-6.58685
-6.58871
-6.58694
-6.58671
-6.58637
-6.58303
-6.58384
-6.58397
-6.58218
-6.58269
-6.58131
-6.58129
-6.58132
-6.58008
-6.57918
-6.57859
-6.5783
-6.57862
-6.57824
-6.5775
-6.57674
-6.57987
-6.57977
-6.58006
-6.5814
-6.58215
-6.58135
-6.5822
-6.58404
-6.58456
-6.58473
-6.5842
-6.58619
-6.58454
-6.587
-6.5868
-6.58558
-6.58435
-6.58154
-6.58237
-6.58165
-6.58168
-6.58308
-6.58129
-6.58213
-6.58395
-6.58447
-6.58465
-6.58578
-6.58622
-6.58694
-6.58567
-6.5869
-6.58549
-6.58498
-6.58571
-6.58545
-6.58518
-6.58558
-6.58375
-6.58098
-6.57859
-6.5782
-6.57754
-6.57758
-6.57863
-6.57841
-6.57791
-6.57844
-6.57968
-6.5797
-6.58235
-6.58174
-6.58331
-6.58313
-6.58248
-6.58268
-6.58507
-6.58483
-6.58458
-6.58304
-6.5828
-6.58384
-6.58294
-6.58335
-6.58218
-6.58142
-6.58009
-6.58016
-6.57998
-6.57954
-6.57847
-6.57903
-6.57922
-6.57971
-6.58015
-6.58252
-6.58262
-6.58338
-6.58351
-6.58364
-6.58311
-6.58351
-6.5845
-6.5864
-6.58468
-6.58485
-6.58528
-6.58537
-6.58611
-6.58625
-6.58484
-6.58677
-6.58363
-6.58218
-6.5811
-6.58258
-6.58299
-6.58295
-6.58502
-6.58116
-6.57983
-6.58014
-6.57923
-6.58006
-6.58102
-6.58179
-6.58201
-6.58068
-6.58165
-6.58131
-6.58482
-6.58374
-6.58259
-6.58331
-6.58233
-6.58322
-6.58145
-6.58058
-6.58095
-6.58098
-6.58166
-6.58076
-6.58188
-6.58018
-6.57957
-6.57843
-6.57739
-6.57707
-6.57872
-6.58004
-6.58032
-6.57984
-6.58119
-6.58308
-6.58264
-6.58281
-6.58397
-6.58418
-6.58312
-6.58306
-6.58172
-6.58203
-6.58299
-6.58136
-6.58039
-6.58167
-6.58422
-6.58448
-6.58275
-6.58391
-6.58281
-6.58433
-6.58301
-6.58212
-6.58489
-6.58578
-6.58537
-6.58555
-6.58595
-6.58561
-6.58712
-6.58631
-6.58546
-6.5849
-6.58272
-6.58119
-6.57776
-6.57923
-6.57851
-6.57983
-6.57768
-6.58081
-6.58176
-6.58342
-6.58253
-6.58231
-6.58042
-6.58169
-6.58088
-6.58087
-6.57972
-6.57905
-6.5799
-6.58037
-6.5812
-6.58116
-6.58225
-6.58092
-6.57944
-6.58035
-6.58067
-6.58064
-6.58053
-6.5816
-6.58224
-6.58212
-6.5787
-6.57848
-6.57565
-6.57606
-6.57455
-6.57374
-6.57463
-6.57593
-6.5751
-6.57569
-6.57638
-6.57842
-6.57853
-6.58215
-6.58179
-6.58356
-6.5839
-6.58573
-6.58617
-6.58686
-6.58847
-6.58586
-6.58812
-6.58687
-6.58537
-6.5849
-6.5832
-6.58124
-6.58259
-6.58208
-6.58393
-6.58619
-6.58525
-6.5856
-6.58459
-6.58543
-6.58358
-6.58389
-6.58378
-6.58426
-6.58339
-6.58311
-6.58185
-6.58284
-6.57965
-6.58039
-6.58054
-6.58014
-6.57822
-6.57865
-6.57785
-6.57904
-6.57864
-6.58018
-6.57943
-6.57961
-6.58005
-6.57979
-6.57819
-6.5798
-6.57943
-6.57872
-6.57926
-6.57848
-6.57929
-6.57782
-6.57864
-6.58051
-6.58052
-6.58032
-6.58085
-6.58208
-6.58299
-6.58418
-6.58531
-6.58506
-6.58405
-6.58388
-6.58652
-6.58487
-6.58349
-6.5805
-6.58048
-6.58121
-6.58076
-6.58043
-6.57927
-6.58115
-6.58087
-6.58196
-6.58213
-6.58425
-6.586
-6.58508
-6.58563
-6.58471
-6.58458
-6.58299
-6.58258
-6.58178
-6.58356
-6.58312
-6.58341
-6.58445
-6.58431
-6.58265
-6.58238
-6.58412
-6.5843
-6.58453
-6.58384
-6.58352
-6.58485
-6.58391
-6.58648
-6.58699
-6.58638
-6.58626
-6.58567
-6.58432
-6.58648
-6.58576
-6.58577
-6.58655
-6.58649
-6.58623
-6.58508
-6.58364
-6.58282
-6.58457
-6.58466
-6.58308
-6.58308
-6.58146
-6.58405
-6.5834
-6.58503
-6.58506
-6.58378
-6.58185
-6.57989
-6.57889
-6.5785
-6.5797
-6.57928
-6.5795
-6.58038
-6.58065
-6.58193
-6.58327
-6.58339
-6.58359
-6.58581
-6.58649
-6.58783
-6.58885
-6.58817
-6.58771
-6.58842
-6.58768
-6.58746
-6.5839
-6.5861
-6.58342
-6.58399
-6.58268
-6.58243
-6.58455
-6.5816
-6.58099
-6.58108
-6.58217
-6.58067
-6.58139
-6.58109
-6.57783
-6.57973
-6.58163
-6.58129
-6.57939
-6.58016
-6.57971
-6.57865
-6.57855
-6.57999
-6.58004
-6.58096
-6.58086
-6.58076
-6.58199
-6.582
-6.58207
-6.5835
-6.58496
-6.58578
-6.58431
-6.58669
-6.58706
-6.58668
-6.5865
-6.5862
-6.5845
-6.58242
-6.58003
-6.58159
-6.58035
-6.58184
-6.58285
-6.58271
-6.58368
-6.58342
-6.58059
-6.57936
-6.58003
-6.58127
-6.57985
-6.57835
-6.57967
-6.58027
-6.58114
-6.57937
-6.5808
-6.58093
-6.58136
-6.5834
-6.58446
-6.58748
-6.58663
-6.58649
-6.58646
-6.584
-6.58202
-6.585
-6.58606
-6.58507
-6.58391
-6.58258
-6.58437
-6.58419
-6.58336
-6.58322
-6.58344
-6.58402
-6.58399
-6.58399
-6.58369
-6.58375
-6.58579
-6.58657
-6.58741
-6.58538
-6.58565
-6.58588
-6.58508
-6.58579
-6.58509
-6.58848
-6.58886
-6.5869
-6.58522
-6.58386
-6.58575
-6.58473
-6.58408
-6.58218
-6.58196
-6.58183
-6.58118
-6.58003
-6.58227
-6.58301
-6.58383
-6.58368
-6.58152
-6.58088
-6.58142
-6.58056
-6.58027
-6.58025
-6.58053
-6.58109
-6.58162
-6.58052
-6.5804
-6.58063
-6.58188
-6.58316
-6.58284
-6.58249
-6.5837
-6.58485
-6.58334
-6.586
-6.58379
-6.58388
-6.58402
-6.58423
-6.58452
-6.58359
-6.58341
-6.58208
-6.58257
-6.58297
-6.58415
-6.58458
-6.58763
-6.58835
-6.58743
-6.5882
-6.58882
-6.58747
-6.58714
-6.58274
-6.58371
-6.58585
-6.5875
-6.58824
-6.58899
-6.58742
-6.5845
-6.58414
-6.58445
-6.58417
-6.5827
-6.58358
-6.58421
-6.58422
-6.58323
-6.5812
-6.58198
-6.58102
-6.58447
-6.58363
-6.58178
-6.57897
-6.57948
-6.58138
-6.58145
-6.58259
-6.58282
-6.58304
-6.5829
-6.58366
-6.58595
-6.5846
-6.58578
-6.58593
-6.58701
-6.58644
-6.58683
-6.5856
-6.58502
-6.58579
-6.58208
-6.58201
-6.58237
-6.58509
-6.5853
-6.58589
-6.58585
-6.58386
-6.58348
-6.5821
-6.58459
-6.58315
-6.5849
-6.58626
-6.583
-6.58448
-6.58391
-6.58519
-6.58479
-6.58405
-6.58431
-6.58464
-6.58283
-6.58277
-6.58414
-6.58275
-6.58113
-6.58248
-6.58544
-6.58414
-6.58532
-6.58412
-6.58443
-6.58338
-6.58262
-6.58383
-6.58379
-6.58382
-6.5839
-6.58532
-6.58609
-6.5862
-6.58496
-6.5869
-6.58717
-6.58705
-6.58528
-6.58479
-6.58592
-6.58512
-6.58594
-6.58708
-6.58951
-6.59063
-6.58914
-6.58606
-6.58237
-6.58068
-6.57873
-6.57944
-6.57893
-6.58011
-6.58165
-6.58127
-6.58215
-6.5804
-6.57892
-6.57804
-6.57908
-6.57815
-6.57786
-6.57722
-6.57754
-6.57783
-6.57841
-6.5806
-6.58116
-6.57979
-6.5807
-6.58295
-6.5836
-6.58395
-6.58365
-6.58171
-6.58263
-6.58156
-6.58141
-6.57895
-6.5781
-6.57791
-6.58037
-6.581
-6.58206
-6.58387
-6.5838
-6.58536
-6.58532
-6.58658
-6.58655
-6.58747
-6.58637
-6.58676
-6.58601
-6.58478
-6.58344
-6.58334
-6.58292
-6.57965
-6.57873
-6.57825
-6.58113
-6.58023
-6.58106
-6.58294
-6.58423
-6.58519
-6.58613
-6.58636
-6.58361
-6.58466
-6.58467
-6.5846
-6.58447
-6.58298
-6.57917
-6.57955
-6.57995
-6.58102
-6.58214
-6.58074
-6.58135
-6.58169
-6.58241
-6.58254
-6.58335
-6.5816
-6.58247
-6.58463
-6.58483
-6.58403
-6.58384
-6.58358
-6.58068
-6.58161
-6.58054
-6.57975
-6.57696
-6.57477
-6.57449
-6.57579
-6.57355
-6.57393
-6.5757
-6.57725
-6.57959
-6.58239
-6.58304
-6.58378
-6.58523
-6.58509
-6.58494
-6.58376
-6.58378
-6.5843
-6.58399
-6.58705
-6.58572
-6.58557
-6.58599
-6.58608
-6.58396
-6.58453
-6.58457
-6.58505
-6.58468
-6.58505
-6.58515
-6.58497
-6.58418
-6.58405
-6.58264
-6.58192
-6.5822
-6.58282
-6.58313
-6.58568
-6.58622
-6.58601
-6.58565
-6.58644
-6.58387
-6.58348
-6.58502
-6.58561
-6.5834
-6.58618
-6.58555
-6.58701
-6.58789
-6.58913
-6.58806
-6.58626
-6.58404
-6.58306
-6.58301
-6.58296
-6.58099
-6.58001
-6.58034
-6.57968
-6.58063
-6.58153
-6.58304
-6.58452
-6.58212
-6.58102
-6.58156
-6.58118
-6.5815
-6.58155
-6.58103
-6.58024
-6.57984
-6.57851
-6.57784
-6.57943
-6.58099
-6.5799
-6.58002
-6.58134
-6.58223
-6.58367
-6.58405
-6.58178
-6.58013
-6.58367
-6.58238
-6.58146
-6.58384
-6.58208
-6.58235
-6.58206
-6.5796
-6.58015
-6.58044
-6.5814
-6.58172
-6.58231
-6.58345
-6.58449
-6.58509
-6.58269
-6.58216
-6.58193
-6.58105
-6.58279
-6.58232
-6.58062
-6.58093
-6.58064
-6.5817
-6.58216
-6.58297
-6.58217
-6.58268
-6.58318
-6.58336
-6.58351
-6.58459
-6.58401
-6.58238
-6.58098
-6.58078
-6.57919
-6.57655
-6.57744
-6.57574
-6.57606
-6.57649
-6.5758
-6.5769
-6.57849
-6.58087
-6.58106
-6.58129
-6.5818
-6.58254
-6.58413
-6.58331
-6.58397
-6.58256
-6.58364
-6.58401
-6.58432
-6.58785
-6.58781
-6.58617
-6.58653
-6.58664
-6.58749
-6.58487
-6.58266
-6.58115
-6.58126
-6.58101
-6.58199
-6.58194
-6.57894
-6.57724
-6.57722
-6.57762
-6.57778
-6.57865
-6.57823
-6.5794
-6.58054
-6.57938
-6.58178
-6.58124
-6.5823
-6.58299
-6.58427
-6.58451
-6.58406
-6.58518
-6.58467
-6.58579
-6.58826
-6.58756
-6.58467
-6.58475
-6.5839
-6.58596
-6.58669
-6.58705
-6.58799
-6.58532
-6.58357
-6.58339
-6.58353
-6.58303
-6.57934
-6.57992
-6.58057
-6.58161
-6.58173
-6.58219
-6.58233
-6.58405
-6.5825
-6.58286
-6.5793
-6.57993
-6.58152
-6.58116
-6.58017
-6.57756
-6.57755
-6.57725
-6.57924
-6.57899
-6.57717
-6.57863
-6.58011
-6.57997
-6.58108
-6.58115
-6.58467
-6.58515
-6.58391
-6.58585
-6.58387
-6.5829
-6.58297
-6.58087
-6.58051
-6.58252
-6.58267
-6.58192
-6.58122
-6.58184
-6.58312
-6.58309
-6.58368
-6.58421
-6.58595
-6.58533
-6.58461
-6.58541
-6.58581
-6.58648
-6.5881
-6.5868
-6.5839
-6.58201
-6.58371
-6.58288
-6.58149
-6.57987
-6.58032
-6.58156
-6.58132
-6.58182
-6.58334
-6.58388
-6.58304
-6.58466
-6.58448
-6.58575
-6.58522
-6.58291
-6.58275
-6.58285
-6.58326
-6.5811
-6.58063
-6.58059
-6.58004
-6.5803
-6.58071
-6.58029
-6.58161
-6.58105
-6.58049
-6.57988
-6.57951
-6.5813
-6.58202
-6.58461
-6.58491
-6.58524
-6.58464
-6.58568
-6.58382
-6.58223
-6.57994
-6.57888
-6.57713
-6.57601
-6.57524
-6.57449
-6.57248
-6.57503
-6.57663
-6.57825
-6.57892
-6.57992
-6.58126
-6.58132
-6.58041
-6.58178
-6.58153
-6.58288
-6.58484
-6.58224
-6.58316
-6.58466
-6.58386
-6.584
-6.58414
-6.58397
-6.58351
-6.58277
-6.58272
-6.58501
-6.58704
-6.58817
-6.58841
-6.58614
-6.58555
-6.58629
-6.58504
-6.58467
-6.58448
-6.58312
-6.58094
-6.58024
-6.58203
-6.58152
-6.58133
-6.58086
-6.58015
-6.57987
-6.58197
-6.5826
-6.5811
-6.58165
-6.58002
-6.57876
-6.57979
-6.57886
-6.57789
-6.57848
-6.57836
-6.57976
-6.58174
-6.57975
-6.58033
-6.57929
-6.57895
-6.57997
-6.58202
-6.58344
-6.58193
-6.58195
-6.58285
-6.583
-6.58666
-6.58739
-6.5862
-6.58569
-6.5846
-6.58324
-6.58256
-6.58223
-6.58188
-6.5812
-6.57983
-6.58232
-6.58219
-6.58337
-6.58199
-6.58326
-6.58233
-6.58146
-6.58292
-6.5841
-6.58303
-6.58198
-6.58318
-6.58241
-6.58259
-6.5824
-6.58185
-6.58288
-6.58321
-6.58579
-6.5854
-6.58822
-6.58613
-6.58336
-6.58185
-6.57835
-6.57548
-6.57712
-6.57717
-6.57824
-6.57746
-6.5771
-6.57814
-6.57829
-6.57819
-6.5778
-6.57774
-6.57961
-6.57981
-6.58059
-6.58324
-6.58287
-6.58468
-6.58514
-6.58265
-6.58341
-6.58261
-6.58352
-6.58292
-6.58178
-6.58041
-6.58039
-6.58071
-6.58037
-6.58255
-6.58012
-6.58018
-6.57982
-6.58165
-6.58113
-6.58217
-6.58189
-6.58323
-6.58136
-6.58051
-6.58167
-6.58125
-6.58346
-6.58246
-6.58147
-6.5821
-6.58373
-6.5815
-6.58062
-6.58013
-6.57809
-6.57838
-6.57935
-6.57902
-6.5806
-6.58082
-6.58225
-6.5823
-6.58391
-6.58449
-6.58568
-6.58424
-6.58501
-6.58474
-6.58764
-6.58887
-6.5878
-6.58317
-6.58182
-6.57924
-6.57581
-6.57543
-6.57228
-6.57348
-6.57283
-6.57288
-6.57358
-6.57649
-6.57834
-6.57911
-6.57786
-6.57882
-6.57749
-6.58005
-6.58135
-6.58301
-6.58438
-6.58351
-6.58167
-6.58373
-6.5819
-6.58299
-6.58244
-6.58282
-6.58379
-6.58273
-6.58258
-6.58398
-6.58311
-6.5842
-6.58439
-6.58402
-6.58472
-6.58486
-6.58441
-6.58657
-6.58545
-6.58621
-6.58462
-6.58456
-6.5851
-6.58528
-6.58512
-6.583
-6.57988
-6.5803
-6.58004
-6.57913
-6.57984
-6.57769
-6.57596
-6.57597
-6.57675
-6.57666
-6.57596
-6.57721
-6.57876
-6.5793
-6.57721
-6.57639
-6.5778
-6.57789
-6.57986
-6.57919
-6.57912
-6.57869
-6.57564
-6.5755
-6.57633
-6.5762
-6.57642
-6.57796
-6.5789
-6.57826
-6.57733
-6.57741
-6.57622
-6.57667
-6.57843
-6.57923
-6.58132
-6.57984
-6.58028
-6.58133
-6.58202
-6.58136
-6.58129
-6.58051
-6.57998
-6.58032
-6.57963
-6.57954
-6.58237
-6.583
-6.58278
-6.58145
-6.57965
-6.58095
-6.58044
-6.58162
-6.58087
-6.58169
-6.5834
-6.58471
-6.58464
-6.58515
-6.58623
-6.58563
-6.58593
-6.58811
-6.586
-6.58867
-6.59224
-6.59313
-6.59169
-6.58952
-6.58893
-6.58898
-6.59005
-6.58766
-6.58767
-6.58688
-6.58435
-6.58137
-6.58177
-6.5826
-6.58216
-6.58364
-6.58343
-6.58248
-6.57984
-6.58071
-6.58152
-6.58197
-6.58142
-6.58116
-6.58249
-6.58412
-6.58346
-6.58177
-6.58196
-6.58274
-6.58118
-6.58022
-6.58214
-6.58212
-6.58083
-6.57894
-6.57876
-6.57836
-6.58036
-6.58052
-6.58176
-6.58339
-6.58505
-6.58569
-6.58401
-6.58254
-6.58326
-6.58164
-6.58094
-6.5789
-6.58008
-6.58089
-6.58135
-6.57921
-6.58063
-6.58143
-6.58163
-6.58157
-6.58157
-6.58067
-6.58178
-6.58555
-6.58419
-6.5832
-6.58092
-6.58087
-6.58432
-6.58347
-6.58378
-6.58558
-6.58596
-6.58459
-6.58443
-6.58229
-6.57951
-6.57874
-6.57712
-6.57663
-6.57731
-6.57623
-6.5779
-6.57935
-6.58085
-6.58171
-6.58222
-6.58005
-6.5807
-6.58252
-6.58486
-6.58416
-6.58597
-6.58481
-6.58527
-6.58897
-6.58816
-6.5893
-6.58915
-6.589
-6.5882
-6.58803
-6.58946
-6.58764
-6.58711
-6.58755
-6.58609
-6.58566
-6.58499
-6.5851
-6.58469
-6.58438
-6.58444
-6.58607
-6.5876
-6.58706
-6.58639
-6.58497
-6.58575
-6.58651
-6.58534
-6.58293
-6.58286
-6.58352
-6.58392
-6.5863
-6.58835
-6.58808
-6.58678
-6.58574
-6.58465
-6.58387
-6.58212
-6.58266
-6.58258
-6.58028
-6.58126
-6.58195
-6.57847
-6.57634
-6.57749
-6.57803
-6.57955
-6.57914
-6.58032
-6.58179
-6.5803
-6.58428
-6.5856
-6.58591
-6.58647
-6.5873
-6.5884
-6.58621
-6.58398
-6.5853
-6.58437
-6.58218
-6.58395
-6.58516
-6.58517
-6.58398
-6.58577
-6.58438
-6.58365
-6.58518
-6.58214
-6.57838
-6.5807
-6.58166
-6.5819
-6.58082
-6.58137
-6.58097
-6.58226
-6.58133
-6.58173
-6.58344
-6.58448
-6.5845
-6.58254
-6.58213
-6.58103
-6.58087
-6.58038
-6.58216
-6.58334
-6.58266
-6.5824
-6.58063
-6.58022
-6.58176
-6.58291
-6.58167
-6.58094
-6.58009
-6.58143
-6.58243
-6.58153
-6.58299
-6.58102
-6.57854
-6.57812
-6.5794
-6.58104
-6.58136
-6.57935
-6.5805
-6.57992
-6.58186
-6.58146
-6.58199
-6.57959
-6.58045
-6.58165
-6.58354
-6.58191
-6.58062
-6.58127
-6.58416
-6.58443
-6.5856
-6.58574
-6.58679
-6.58748
-6.58656
-6.58537
-6.5833
-6.58199
-6.58241
-6.58163
-6.57959
-6.58046
-6.57936
-6.58014
-6.57926
-6.5777
-6.57711
-6.57782
-6.57888
-6.57837
-6.58047
-6.58064
-6.58013
-6.57955
-6.57953
-6.58037
-6.5795
-6.5792
-6.57858
-6.58025
-6.57878
-6.57902
-6.58036
-6.58018
-6.5801
-6.57878
-6.57846
-6.57876
-6.58062
-6.58301
-6.58524
-6.58698
-6.58794
-6.58721
-6.58583
-6.58484
-6.58493
-6.58611
-6.58416
-6.58357
-6.58399
-6.58375
-6.58381
-6.58385
-6.5826
-6.58168
-6.58208
-6.57994
-6.57977
-6.57963
-6.58013
-6.58126
-6.58075
-6.57988
-6.57964
-6.581
-6.58395
-6.58168
-6.58
-6.58148
-6.58223
-6.58099
-6.5804
-6.58212
-6.58361
-6.582
-6.58051
-6.58238
-6.58173
-6.5837
-6.58303
-6.58358
-6.58402
-6.58531
-6.58713
-6.5866
-6.58697
-6.5873
-6.58569
-6.58539
-6.58448
-6.58234
-6.58286
-6.58249
-6.58221
-6.58071
-6.57895
-6.58111
-6.58293
-6.58309
-6.58255
-6.58224
-6.58318
-6.58472
-6.58399
-6.5836
-6.58488
-6.58136
-6.58243
-6.58192
-6.58014
-6.58064
-6.58176
-6.58087
-6.57927
-6.57985
-6.58195
-6.58206
-6.58342
-6.58286
-6.58235
-6.58195
-6.58265
-6.58381
-6.58346
-6.58156
-6.58224
-6.58447
-6.58464
-6.58369
-6.58584
-6.58627
-6.58598
-6.58535
-6.58573
-6.58455
-6.58409
-6.58468
-6.58435
-6.58631
-6.58632
-6.58661
-6.58719
-6.58611
-6.58664
-6.5833
-6.58001
-6.58036
-6.57983
-6.57906
-6.57967
-6.57937
-6.58168
-6.58202
-6.58132
-6.58148
-6.58022
-6.57982
-6.58127
-6.58264
-6.58236
-6.58208
-6.58377
-6.58357
-6.58474
-6.58339
-6.58277
-6.58383
-6.58427
-6.58437
-6.58346
-6.58249
-6.58112
-6.57969
-6.57952
-6.57901
-6.57657
-6.57678
-6.5787
-6.57815
-6.57835
-6.58059
-6.58547
-6.58485
-6.58321
-6.58119
-6.58297
-6.58208
-6.58305
-6.58461
-6.58355
-6.58378
-6.58564
-6.58559
-6.58524
-6.58551
-6.5854
-6.58425
-6.58368
-6.58369
-6.58304
-6.5821
-6.58315
-6.58494
-6.58293
-6.58197
-6.583
-6.5821
-6.5812
-6.57932
-6.57906
-6.57686
-6.57728
-6.57742
-6.5773
-6.57725
-6.57725
-6.57726
-6.57822
-6.57813
-6.57792
-6.57955
-6.57883
-6.58033
-6.57988
-6.57975
-6.58091
-6.58012
-6.57995
-6.58234
-6.5831
-6.58158
-6.58104
-6.58118
-6.58365
-6.58295
-6.58199
-6.5814
-6.58118
-6.5784
-6.57855
-6.57842
-6.57736
-6.57797
-6.5799
-6.57989
-6.58045
-6.5809
-6.58185
-6.58297
-6.58363
-6.58227
-6.58251
-6.58246
-6.58347
-6.58556
-6.58487
-6.58365
-6.5848
-6.58536
-6.5827
-6.58456
-6.5851
-6.58527
-6.58312
-6.58285
-6.58481
-6.58508
-6.58756
-6.58545
-6.58588
-6.58724
-6.58535
-6.58349
-6.58299
-6.58195
-6.58298
-6.58414
-6.58409
-6.58439
-6.58627
-6.58614
-6.58495
-6.5853
-6.58526
-6.58356
-6.58185
-6.58111
-6.58039
-6.57937
-6.57966
-6.58094
-6.58062
-6.5816
-6.58161
-6.5829
-6.58158
-6.58153
-6.58212
-6.58238
-6.58297
-6.58359
-6.58329
-6.5827
-6.58409
-6.58516
-6.58429
-6.58404
-6.58475
-6.58705
-6.58707
-6.58645
-6.5855
-6.58322
-6.58316
-6.58304
-6.58287
-6.58329
-6.58175
-6.58183
-6.58196
-6.58087
-6.5805
-6.5786
-6.57905
-6.5799
-6.5795
-6.58073
-6.58133
-6.58158
-6.58148
-6.58166
-6.58341
-6.58706
-6.58547
-6.58609
-6.58598
-6.58551
-6.58597
-6.58645
-6.58632
-6.58626
-6.58789
-6.58666
-6.58741
-6.5901
-6.59114
-6.59149
-6.5921
-6.59232
-6.59055
-6.59167
-6.59183
-6.59136
-6.59093
-6.5902
-6.58818
-6.58583
-6.58573
-6.584
-6.5826
-6.58188
-6.57828
-6.57829
-6.57867
-6.58069
-6.58046
-6.5822
-6.58268
-6.58287
-6.58409
-6.58471
-6.58665
-6.58663
-6.58721
-6.58512
-6.58651
-6.58489
-6.5819
-6.58178
-6.58032
-6.58337
-6.58382
-6.58328
-6.58434
-6.5828
-6.58059
-6.57868
-6.57837
-6.58001
-6.5794
-6.5795
-6.57971
-6.58137
-6.58287
-6.58161
-6.58211
-6.58106
-6.582
-6.58386
-6.58175
-6.58336
-6.58446
-6.58408
-6.58454
-6.58361
-6.58394
-6.58524
-6.58689
-6.58823
-6.58897
-6.59105
-6.59027
-6.59021
-6.58992
-6.59133
-6.58956
-6.58878
-6.58895
-6.58873
-6.58778
-6.58641
-6.58531
-6.58481
-6.58334
-6.58349
-6.58105
-6.58118
-6.57935
-6.57782
-6.57758
-6.57705
-6.57691
-6.57689
-6.57669
-6.57697
-6.57867
-6.5795
-6.57809
-6.57891
-6.57998
-6.5806
-6.58333
-6.58365
-6.58416
-6.58393
-6.58362
-6.58329
-6.58427
-6.58368
-6.58415
-6.58473
-6.58544
-6.58691
-6.58557
-6.58556
-6.58619
-6.58675
-6.58817
-6.5885
-6.58742
-6.58622
-6.58755
-6.58591
-6.58751
-6.58689
-6.58766
-6.58471
-6.58418
-6.58445
-6.58482
-6.5849
-6.58753
-6.58908
-6.58887
-6.59144
-6.58836
-6.58807
-6.58672
-6.58467
-6.58129
-6.57823
-6.58006
-6.58066
-6.57975
-6.57993
-6.57868
-6.57923
-6.58062
-6.58088
-6.58057
-6.58253
-6.58442
-6.58585
-6.58712
-6.58663
-6.58634
-6.58629
-6.58779
-6.58732
-6.58941
-6.58791
-6.58638
-6.58417
-6.58387
-6.58516
-6.58447
-6.58376
-6.58402
-6.58432
-6.58307
-6.58226
-6.58194
-6.58377
-6.5819
-6.58371
-6.58233
-6.58186
-6.5806
-6.58078
-6.58144
-6.58193
-6.58132
-6.58128
-6.58317
-6.58349
-6.5807
-6.58004
-6.58281
-6.58188
-6.58239
-6.5836
-6.58639
-6.58583
-6.589
-6.59006
-6.58837
-6.58753
-6.58758
-6.58661
-6.58789
-6.5892
-6.58828
-6.58904
-6.58725
-6.58551
-6.588
-6.58822
-6.58908
-6.5873
-6.58777
-6.58626
-6.58572
-6.58487
-6.58372
-6.58164
-6.5806
-6.58061
-6.58074
-6.5823
-6.58237
-6.58259
-6.58418
-6.58448
-6.58311
-6.58291
-6.58448
-6.58426
-6.5829
-6.58365
-6.58237
-6.58071
-6.57936
-6.57771
-6.57935
-6.57848
-6.579
-6.58058
-6.58095
-6.5801
-6.57928
-6.57813
-6.58117
-6.58254
-6.58192
-6.57966
-6.57835
-6.57866
-6.58057
-6.57922
-6.57913
-6.57997
-6.58013
-6.57929
-6.57974
-6.58051
-6.58225
-6.58078
-6.57998
-6.57985
-6.5785
-6.57916
-6.5809
-6.58243
-6.5831
-6.58288
-6.58271
-6.58123
-6.58067
-6.58132
-6.58123
-6.58296
-6.58361
-6.5848
-6.58558
-6.58663
-6.587
-6.58801
-6.59002
-6.58946
-6.5899
-6.5881
-6.58664
-6.58553
-6.58478
-6.58342
-6.58182
-6.5819
-6.57848
-6.57964
-6.58015
-6.58193
-6.583
-6.58335
-6.58364
-6.58455
-6.58416
-6.58284
-6.58318
-6.58227
-6.58236
-6.58341
-6.58443
-6.58442
-6.58273
-6.58261
-6.58084
-6.58035
-6.57859
-6.57751
-6.57938
-6.58002
-6.58072
-6.58085
-6.58136
-6.58389
-6.58485
-6.58615
-6.58805
-6.58629
-6.58603
-6.58693
-6.58742
-6.58623
-6.58759
-6.58796
-6.58378
-6.58475
-6.58408
-6.58341
-6.58247
-6.58387
-6.58314
-6.58193
-6.58446
-6.58359
-6.58478
-6.58729
-6.58781
-6.58819
-6.59098
-6.59034
-6.59082
-6.59085
-6.58985
-6.59078
-6.58823
-6.58646
-6.58484
-6.584
-6.58291
-6.58279
-6.58197
-6.58235
-6.58264
-6.58447
-6.58594
-6.58351
-6.58465
-6.58354
-6.58405
-6.58361
-6.5848
-6.58505
-6.58245
-6.5812
-6.58068
-6.57891
-6.5788
-6.57901
-6.5805
-6.58129
-6.58236
-6.58433
-6.5843
-6.58455
-6.58347
-6.58206
-6.57841
-6.57963
-6.58022
-6.57953
-6.58014
-6.58108
-6.58106
-6.58074
-6.58077
-6.57985
-6.57864
-6.58069
-6.58243
-6.58352
-6.58621
-6.58596
-6.58697
-6.58696
-6.5872
-6.58546
-6.58529
-6.58477
-6.58298
-6.58058
-6.58116
-6.5831
-6.58479
-6.58391
-6.5853
-6.58573
-6.58324
-6.58269
-6.58346
-6.58425
-6.58602
-6.58681
-6.5853
-6.58566
-6.58722
-6.58868
-6.58746
-6.5875
-6.58687
-6.58592
-6.58309
-6.58323
-6.58283
-6.58286
-6.58138
-6.58064
-6.58191
-6.58255
-6.5835
-6.5847
-6.58612
-6.58581
-6.58247
-6.58065
-6.57939
-6.5794
-6.58267
-6.58307
-6.58
-6.58192
-6.58137
-6.58128
-6.58097
-6.58299
-6.58113
-6.58278
-6.58596
-6.58576
-6.58638
-6.58652
-6.58395
-6.58325
-6.58286
-6.58057
-6.58063
-6.58049
-6.5811
-6.58246
-6.58099
-6.58216
-6.58205
-6.58225
-6.58435
-6.58281
-6.58315
-6.58504
-6.58329
-6.58377
-6.58391
-6.58375
-6.58299
-6.5823
-6.58139
-6.58122
-6.57983
-6.58043
-6.58166
-6.5812
-6.57934
-6.58061
-6.58084
-6.58265
-6.58287
-6.58247
-6.58339
-6.58302
-6.58231
-6.58317
-6.58301
-6.58316
-6.5827
-6.58228
-6.58423
-6.58305
-6.58229
-6.57998
-6.57994
-6.58214
-6.58133
-6.58073
-6.58132
-6.58443
-6.58491
-6.58439
-6.58356
-6.58241
-6.58324
-6.58314
-6.58278
-6.58053
-6.58058
-6.58226
-6.58002
-6.57934
-6.58053
-6.58039
-6.57992
-6.57884
-6.57752
-6.57695
-6.57713
-6.57769
-6.57761
-6.57717
-6.57827
-6.58027
-6.57994
-6.5812
-6.58344
-6.58475
-6.58513
-6.58426
-6.58244
-6.58289
-6.58266
-6.58174
-6.58304
-6.57943
-6.57837
-6.58083
-6.581
-6.58178
-6.58221
-6.58328
-6.58342
-6.58296
-6.57872
-6.57878
-6.57634
-6.57754
-6.58005
-6.57994
-6.58042
-6.58211
-6.58338
-6.58071
-6.58122
-6.58235
-6.58318
-6.585
-6.58524
-6.58484
-6.58315
-6.58335
-6.58352
-6.58141
-6.58191
-6.58119
-6.58026
-6.57944
-6.58066
-6.58
-6.58195
-6.58289
-6.58248
-6.58263
-6.58205
-6.58109
-6.58135
-6.58413
-6.58362
-6.58309
-6.58256
-6.58012
-6.58032
-6.58253
-6.58415
-6.58226
-6.58528
-6.58379
-6.58327
-6.58468
-6.58413
-6.58321
-6.58453
-6.58421
-6.58583
-6.58777
-6.58941
-6.58782
-6.58914
-6.58817
-6.58844
-6.58963
-6.5885
-6.58735
-6.58556
-6.58378
-6.58332
-6.58383
-6.58337
-6.58259
-6.58216
-6.58273
-6.58205
-6.58272
-6.58118
-6.58102
-6.5803
-6.58064
-6.58301
-6.58186
-6.58234
-6.58308
-6.58177
-6.5829
-6.58227
-6.58248
-6.58224
-6.58353
-6.58347
-6.58402
-6.58556
-6.58421
-6.58293
-6.58237
-6.58286
-6.58213
-6.58274
-6.58499
-6.584
-6.58271
-6.58337
-6.5831
-6.58222
-6.58203
-6.58157
-6.58403
-6.58293
-6.58246
-6.58163
-6.58109
-6.57955
-6.5809
-6.58095
-6.58197
-6.57972
-6.58102
-6.58196
-6.58127
-6.57896
-6.57798
-6.57995
-6.57938
-6.5798
-6.58022
-6.58126
-6.58293
-6.58328
-6.58038
-6.58263
-6.58162
-6.58221
-6.58277
-6.58558
-6.58578
-6.58563
-6.58579
-6.58331
-6.58274
-6.58149
-6.58153
-6.57934
-6.57754
-6.5781
-6.57975
-6.58119
-6.57981
-6.58142
-6.57853
-6.57857
-6.57957
-6.57954
-6.58107
-6.58123
-6.58066
-6.58259
-6.58118
-6.57936
-6.5794
-6.57844
-6.57813
-6.58014
-6.58223
-6.5825
-6.58062
-6.58079
-6.58106
-6.58233
-6.58164
-6.57958
-6.58193
-6.58058
-6.58006
-6.58106
-6.58136
-6.58169
-6.58079
-6.58037
-6.58238
-6.58585
-6.58588
-6.58498
-6.58472
-6.58666
-6.58591
-6.58861
-6.586
-6.58522
-6.58435
-6.58377
-6.58286
-6.5823
-6.58145
-6.58227
-6.58118
-6.57915
-6.5794
-6.58193
-6.58284
-6.58249
-6.58347
-6.58355
-6.58371
-6.58494
-6.58592
-6.58563
-6.58854
-6.59103
-6.59046
-6.59169
-6.59082
-6.58821
-6.58651
-6.58642
-6.58314
-6.58058
-6.58041
-6.58099
-6.58166
-6.58048
-6.58034
-6.58184
-6.57948
-6.58003
-6.57861
-6.58005
-6.5795
-6.57956
-6.57958
-6.57894
-6.58186
-6.58251
-6.58348
-6.58542
-6.58444
-6.58184
-6.58121
-6.58286
-6.58292
-6.58202
-6.58309
-6.58221
-6.58262
-6.58332
-6.58398
-6.58458
-6.5835
-6.58368
-6.58417
-6.58595
-6.58514
-6.58499
-6.5829
-6.5824
-6.58025
-6.5797
-6.58079
-6.5816
-6.58221
-6.58263
-6.58155
-6.58088
-6.58282
-6.58276
-6.58228
-6.582
-6.57965
-6.57916
-6.57669
-6.57844
-6.57961
-6.57799
-6.57943
-6.57975
-6.58084
-6.58136
-6.58187
-6.58068
-6.58161
-6.58239
-6.58432
-6.58517
-6.58495
-6.58335
-6.58425
-6.58378
-6.58585
-6.58499
-6.58481
-6.58374
-6.58248
-6.58169
-6.58199
-6.58273
-6.58288
-6.58438
-6.58399
-6.58136
-6.58492
-6.58525
-6.58817
-6.58649
-6.58605
-6.58713
-6.58716
-6.58551
-6.58576
-6.58342
-6.58337
-6.58529
-6.58564
-6.5831
-6.5835
-6.5855
-6.58393
-6.58458
-6.58714
-6.58576
-6.58497
-6.58605
-6.58289
-6.58066
-6.58071
-6.57949
-6.57734
-6.57785
-6.5778
-6.57685
-6.57759
-6.57642
-6.57497
-6.57546
-6.57597
-6.57648
-6.57637
-6.57723
-6.57809
-6.57888
-6.58052
-6.58009
-6.58212
-6.58148
-6.58085
-6.58093
-6.57983
-6.58148
-6.58329
-6.5839
-6.58329
-6.58237
-6.58303
-6.58202
-6.5832
-6.58333
-6.58208
-6.58268
-6.58255
-6.58429
-6.58533
-6.58504
-6.58572
-6.58576
-6.58485
-6.58622
-6.58601
-6.58327
-6.58319
-6.58382
-6.57998
-6.57976
-6.57891
-6.57709
-6.57653
-6.57624
-6.57624
-6.57558
-6.57589
-6.57722
-6.57699
-6.57745
-6.57859
-6.58072
-6.58055
-6.58099
-6.58137
-6.58136
-6.58098
-6.5793
-6.58054
-6.58311
-6.58219
-6.58324
-6.58433
-6.58381
-6.58328
-6.58336
-6.58406
-6.58471
-6.58337
-6.58231
-6.58087
-6.581
-6.58302
-6.58209
-6.58436
-6.58338
-6.58405
-6.58382
-6.58336
-6.58304
-6.58158
-6.58061
-6.58074
-6.58096
-6.58147
-6.58285
-6.58468
-6.584
-6.58312
-6.58242
-6.58134
-6.58065
-6.58041
-6.58163
-6.57878
-6.58057
-6.58142
-6.58387
-6.58302
-6.5834
-6.58571
-6.58574
-6.58546
-6.58682
-6.58722
-6.58696
-6.586
-6.58398
-6.5848
-6.58459
-6.58336
-6.5854
-6.58458
-6.58192
-6.58259
-6.58142
-6.58062
-6.57952
-6.581
-6.58308
-6.58283
-6.58509
-6.58631
-6.5839
-6.58081
-6.58093
-6.58011
-6.579
-6.57959
-6.57734
-6.57939
-6.58118
-6.58334
-6.58197
-6.58317
-6.58433
-6.5851
-6.58548
-6.58448
-6.5831
-6.58491
-6.58477
-6.58465
-6.58295
-6.58227
-6.58193
-6.58126
-6.58186
-6.58017
-6.58038
-6.57994
-6.57595
-6.57814
-6.58067
-6.57902
-6.57996
-6.58156
-6.57963
-6.57905
-6.57886
-6.57969
-6.5809
-6.58081
-6.58038
-6.58022
-6.57967
-6.58162
-6.58057
-6.58043
-6.58058
-6.58108
-6.58065
-6.58256
-6.58354
-6.58393
-6.58176
-6.58253
-6.58363
-6.58374
-6.58416
-6.58454
-6.58391
-6.58418
-6.58538
-6.58557
-6.58474
-6.58582
-6.58525
-6.58501
-6.58219
-6.582
-6.58251
-6.58342
-6.58409
-6.58193
-6.58113
-6.58167
-6.58287
-6.58213
-6.57972
-6.57857
-6.57836
-6.5781
-6.57941
-6.58166
-6.58223
-6.58178
-6.58129
-6.58144
-6.58161
-6.58311
-6.58305
-6.58307
-6.58282
-6.58298
-6.58256
-6.58348
-6.58474
-6.58467
-6.58451
-6.58649
-6.58767
-6.58678
-6.58709
-6.58315
-6.5802
-6.5773
-6.57935
-6.58022
-6.58057
-6.58166
-6.58315
-6.58209
-6.58102
-6.58154
-6.58395
-6.58598
-6.58374
-6.58145
-6.58075
-6.58199
-6.58227
-6.58321
-6.58224
-6.58258
-6.58359
-6.58234
-6.58337
-6.5825
-6.58423
-6.58469
-6.58352
-6.58166
-6.5807
-6.5819
-6.58202
-6.58108
-6.57847
-6.57941
-6.57944
-6.58118
-6.5795
-6.57893
-6.58074
-6.58102
-6.58293
-6.58479
-6.58495
-6.58565
-6.58332
-6.58222
-6.58141
-6.58193
-6.58285
-6.5829
-6.5827
-6.58288
-6.58406
-6.58525
-6.58415
-6.58368
-6.58543
-6.58488
-6.58491
-6.58519
-6.58507
-6.58488
-6.58237
-6.58404
-6.5841
-6.58579
-6.58394
-6.58407
-6.58389
-6.58344
-6.58239
-6.58238
-6.58212
-6.58
-6.58053
-6.58047
-6.58174
-6.5817
-6.58164
-6.58377
-6.5852
-6.58687
-6.58749
-6.58677
-6.58471
-6.58359
-6.58439
-6.58552
-6.58633
-6.58715
-6.5854
-6.58497
-6.58426
-6.58586
-6.5846
-6.58339
-6.58416
-6.5827
-6.5819
-6.58303
-6.58123
-6.58067
-6.58136
-6.58102
-6.5816
-6.58118
-6.58238
-6.58229
-6.58451
-6.58481
-6.58449
-6.58419
-6.58227
-6.58099
-6.58262
-6.58195
-6.58223
-6.58118
-6.58011
-6.5816
-6.57986
-6.58006
-6.57999
-6.57835
-6.57777
-6.5789
-6.58009
-6.58294
-6.58192
-6.58573
-6.58756
-6.58838
-6.58726
-6.58774
-6.58915
-6.58918
-6.58909
-6.58886
-6.58721
-6.58482
-6.58402
-6.58486
-6.58446
-6.58477
-6.5845
-6.58366
-6.5855
-6.58486
-6.58465
-6.58426
-6.58336
-6.58351
-6.58142
-6.58188
-6.58059
-6.57882
-6.57814
-6.57957
-6.57925
-6.57758
-6.5756
-6.57659
-6.57899
-6.58055
-6.57966
-6.58052
-6.58019
-6.57994
-6.58362
-6.58407
-6.58354
-6.58392
-6.58487
-6.58669
-6.58839
-6.58932
-6.59207
-6.59309
-6.59272
-6.5913
-6.59014
-6.58927
-6.59098
-6.58981
-6.58613
-6.58708
-6.58688
-6.58653
-6.58409
-6.58151
-6.58038
-6.57967
-6.5793
-6.58017
-6.58122
-6.58336
-6.58399
-6.58279
-6.58436
-6.58163
-6.58244
-6.58199
-6.58228
-6.58302
-6.58197
-6.58139
-6.58097
-6.5826
-6.5843
-6.58571
-6.58645
-6.58583
-6.58543
-6.58426
-6.58329
-6.58415
-6.58525
-6.5834
-6.5832
-6.58273
-6.58203
-6.58238
-6.58181
-6.58255
-6.58099
-6.58196
-6.58221
-6.5837
-6.58127
-6.58146
-6.58202
-6.58428
-6.58242
-6.58289
-6.58273
-6.58418
-6.58427
-6.58394
-6.58381
-6.58227
-6.58227
-6.58256
-6.58191
-6.58366
-6.58428
-6.58249
-6.58182
-6.5809
-6.58159
-6.58126
-6.5802
-6.58133
-6.5814
-6.58365
-6.58451
-6.58497
-6.58439
-6.58443
-6.58415
-6.5849
-6.58542
-6.58605
-6.58875
-6.58864
-6.58927
-6.5896
-6.59122
-6.59117
-6.58976
-6.58986
-6.58954
-6.58974
-6.5898
-6.58875
-6.5879
-6.58244
-6.58118
-6.57837
-6.5783
-6.57845
-6.57983
-6.57794
-6.57791
-6.57969
-6.58057
-6.58401
-6.58503
-6.58579
-6.58498
-6.5865
-6.58554
-6.58833
-6.58718
-6.58894
-6.58847
-6.5884
-6.58907
-6.58821
-6.58357
-6.58388
-6.58329
-6.5818
-6.5836
-6.58347
-6.58368
-6.5868
-6.58957
-6.58777
-6.58718
-6.58717
-6.5877
-6.58686
-6.5879
-6.58697
-6.58573
-6.58387
-6.58305
-6.58231
-6.58329
-6.58177
-6.58131
-6.58187
-6.5802
-6.58179
-6.58014
-6.58011
-6.57972
-6.57995
-6.58045
-6.58023
-6.58285
-6.58343
-6.58393
-6.58242
-6.58378
-6.58253
-6.5826
-6.58047
-6.58166
-6.58423
-6.58363
-6.58114
-6.57932
-6.58169
-6.58308
-6.58185
-6.58318
-6.58449
-6.58544
-6.58538
-6.58464
-6.58481
-6.58459
-6.58724
-6.58692
-6.58595
-6.58565
-6.58543
-6.58663
-6.5831
-6.58296
-6.58392
-6.58596
-6.58616
-6.58609
-6.58604
-6.58494
-6.58658
-6.58765
-6.58814
-6.58845
-6.58833
-6.58855
-6.58786
-6.58601
-6.58689
-6.58562
-6.58799
-6.58681
-6.58592
-6.58592
-6.58391
-6.58412
-6.58495
-6.58482
-6.58375
-6.58564
-6.58499
-6.58404
-6.58406
-6.58375
-6.58471
-6.58242
-6.58304
-6.584
-6.58274
-6.58346
-6.58456
-6.58278
-6.58361
-6.58088
-6.58073
-6.58187
-6.5817
-6.58215
-6.58389
-6.58398
-6.58436
-6.58369
-6.58163
-6.58402
-6.58276
-6.57786
-6.58004
-6.5809
-6.58114
-6.58273
-6.58117
-6.58004
-6.5797
-6.5798
-6.57872
-6.57868
-6.57963
-6.58024
-6.57791
-6.57686
-6.57936
-6.57959
-6.5795
-6.57907
-6.57827
-6.57838
-6.57844
-6.57844
-6.58002
-6.58318
-6.58373
-6.58263
-6.58153
-6.5814
-6.5826
-6.58286
-6.58413
-6.58512
-6.58711
-6.5865
-6.58621
-6.58522
-6.58548
-6.58437
-6.58191
-6.58361
-6.58528
-6.58564
-6.5831
-6.58253
-6.58167
-6.58024
-6.57856
-6.57633
-6.57519
-6.57547
-6.57749
-6.57798
-6.58014
-6.58033
-6.58012
-6.58107
-6.58121
-6.58182
-6.58196
-6.58231
-6.58197
-6.58455
-6.58233
-6.58279
-6.58496
-6.584
-6.58408
-6.58357
-6.58473
-6.58331
-6.58382
-6.58494
-6.58436
-6.58238
-6.58386
-6.58296
-6.58328
-6.58517
-6.58511
-6.5825
-6.58222
-6.58169
-6.58027
-6.58122
-6.58162
-6.5818
-6.58204
-6.58104
-6.58134
-6.58193
-6.58215
-6.58328
-6.58244
-6.58222
-6.58136
-6.58213
-6.58323
-6.58436
-6.58452
-6.58433
-6.58443
-6.58479
-6.58605
-6.58564
-6.58485
-6.58534
-6.58647
-6.58501
-6.58551
-6.58472
-6.58654
-6.58708
-6.58633
-6.58428
-6.58448
-6.58596
-6.58386
-6.58305
-6.58321
-6.5837
-6.58098
-6.58088
-6.58178
-6.5811
-6.58078
-6.58117
-6.581
-6.58159
-6.57971
-6.58018
-6.58038
-6.58023
-6.57998
-6.58056
-6.58162
-6.58186
-6.58489
-6.58554
-6.58356
-6.58416
-6.58481
-6.5852
-6.58441
-6.58244
-6.58285
-6.58401
-6.58422
-6.58506
-6.58358
-6.58398
-6.58528
-6.58328
-6.5835
-6.58434
-6.58226
-6.58048
-6.57936
-6.58053
-6.58076
-6.58232
-6.58261
-6.58259
-6.58155
-6.58049
-6.57875
-6.5803
-6.58131
-6.58116
-6.5808
-6.58082
-6.58114
-6.58173
-6.58225
-6.58398
-6.5837
-6.58205
-6.58292
-6.58111
-6.58119
-6.58288
-6.58201
-6.58184
-6.58276
-6.58377
-6.58649
-6.58635
-6.58459
-6.58473
-6.58544
-6.58413
-6.58243
-6.58327
-6.58475
-6.58433
-6.58658
-6.58663
-6.58804
-6.58787
-6.58803
-6.58753
-6.58638
-6.58554
-6.58466
-6.5834
-6.58204
-6.58121
-6.57931
-6.57994
-6.57958
-6.57891
-6.57799
-6.57779
-6.578
-6.57993
-6.57934
-6.58042
-6.57828
-6.57747
-6.57667
-6.57686
-6.57835
-6.57853
-6.57835
-6.57715
-6.57686
-6.57942
-6.58031
-6.58217
-6.58113
-6.58145
-6.58185
-6.58397
-6.58389
-6.58288
-6.58411
-6.58234
-6.58174
-6.58232
-6.58084
-6.5806
-6.581
-6.58111
-6.5826
-6.5829
-6.58554
-6.58757
-6.58668
-6.58445
-6.58507
-6.58497
-6.58385
-6.58045
-6.58226
-6.58348
-6.58218
-6.58063
-6.58269
-6.58315
-6.58263
-6.58338
-6.58507
-6.5825
-6.58087
-6.58081
-6.58039
-6.58188
-6.5817
-6.58181
-6.58256
-6.58201
-6.57988
-6.57813
-6.57711
-6.57654
-6.57935
-6.57938
-6.58209
-6.5829
-6.58139
-6.58136
-6.58216
-6.58053
-6.5801
-6.58058
-6.58202
-6.57926
-6.57813
-6.5799
-6.57938
-6.57816
-6.57787
-6.57724
-6.57598
-6.57573
-6.57558
-6.57551
-6.57748
-6.57727
-6.57906
-6.57734
-6.57823
-6.58109
-6.5817
-6.57844
-6.57907
-6.58068
-6.58198
-6.58196
-6.58353
-6.58505
-6.58582
-6.58679
-6.58764
-6.58868
-6.58832
-6.58725
-6.58714
-6.58641
-6.58707
-6.58624
-6.58491
-6.58632
-6.58587
-6.58381
-6.58363
-6.58299
-6.5809
-6.58193
-6.58161
-6.58227
-6.5801
-6.58064
-6.58002
-6.57983
-6.57872
-6.57761
-6.58
-6.57874
-6.58161
-6.57925
-6.58143
-6.5798
-6.57891
-6.57717
-6.57647
-6.57613
-6.57578
-6.57573
-6.5776
-6.57945
-6.58098
-6.58349
-6.58434
-6.58416
-6.58356
-6.58542
-6.58716
-6.58781
-6.58707
-6.58562
-6.5864
-6.58556
-6.58604
-6.58658
-6.58495
-6.58441
-6.5853
-6.58632
-6.58619
-6.58488
-6.58464
-6.58446
-6.58624
-6.58701
-6.58574
-6.58758
-6.58604
-6.58438
-6.58457
-6.5834
-6.58027
-6.57844
-6.57956
-6.57879
-6.57809
-6.57907
-6.5798
-6.57862
-6.5791
-6.58186
-6.58687
-6.58733
-6.58714
-6.58596
-6.58349
-6.58199
-6.58337
-6.58179
-6.58273
-6.58226
-6.58102
-6.58031
-6.58049
-6.5829
-6.58211
-6.58043
-6.58017
-6.57909
-6.57816
-6.57865
-6.57859
-6.57923
-6.57957
-6.58118
-6.58275
-6.5833
-6.5812
-6.58001
-6.57944
-6.58016
-6.58251
-6.58422
-6.58463
-6.58505
-6.58576
-6.58417
-6.58481
-6.58153
-6.58437
-6.58329
-6.58283
-6.58332
-6.58151
-6.58291
-6.58333
-6.58181
-6.58259
-6.58342
-6.58171
-6.5833
-6.583
-6.58241
-6.5812
-6.58193
-6.58361
-6.58301
-6.58205
-6.58303
-6.58175
-6.58147
-6.5809
-6.58006
-6.58056
-6.57915
-6.5813
-6.57986
-6.57806
-6.58073
-6.57817
-6.57977
-6.581
-6.57962
-6.57855
-6.57942
-6.5803
-6.58283
-6.58281
-6.58024
-6.58157
-6.58163
-6.58199
-6.5836
-6.58321
-6.58473
-6.58557
-6.58479
-6.5853
-6.5839
-6.58348
-6.58437
-6.58461
-6.58453
-6.58478
-6.58472
-6.58211
-6.58085
-6.58223
-6.58203
-6.58216
-6.58292
-6.58138
-6.58111
-6.58213
-6.58284
-6.58424
-6.58181
-6.58234
-6.5845
-6.586
-6.58389
-6.58395
-6.58198
-6.58056
-6.58036
-6.58173
-6.58051
-6.58127
-6.58111
-6.58231
-6.58325
-6.58426
-6.58206
-6.58084
-6.58154
-6.58316
-6.5834
-6.58387
-6.5823
-6.581
-6.58127
-6.58157
-6.58003
-6.57831
-6.57681
-6.57492
-6.57521
-6.57434
-6.57803
-6.57871
-6.58019
-6.58211
-6.58384
-6.58346
-6.58326
-6.58297
-6.58327
-6.58452
-6.58318
-6.58219
-6.58383
-6.58393
-6.58443
-6.58242
-6.58212
-6.58315
-6.58291
-6.58329
-6.5833
-6.58262
-6.58286
-6.58404
-6.58423
-6.58572
-6.58591
-6.58418
-6.58474
-6.5834
-6.58017
-6.57732
-6.57842
-6.57794
-6.58007
-6.57733
-6.58007
-6.57954
-6.58059
-6.57939
-6.57887
-6.57777
-6.57838
-6.57873
-6.58073
-6.58466
-6.58525
-6.58925
-6.58982
-6.58729
-6.58913
-6.58893
-6.58839
-6.5869
-6.58742
-6.58704
-6.58738
-6.58587
-6.58509
-6.58508
-6.58423
-6.58512
-6.58484
-6.58301
-6.58154
-6.58425
-6.58462
-6.58326
-6.58438
-6.58378
-6.58377
-6.58175
-6.58162
-6.58271
-6.58207
-6.58165
-6.58116
-6.58032
-6.58112
-6.58168
-6.58045
-6.57939
-6.58049
-6.57888
-6.57874
-6.57804
-6.57864
-6.57787
-6.57826
-6.57883
-6.57957
-6.58085
-6.58237
-6.58189
-6.5827
-6.58319
-6.58405
-6.583
-6.58457
-6.58487
-6.58615
-6.5858
-6.58445
-6.58732
-6.58791
-6.58689
-6.5862
-6.58488
-6.58422
-6.58357
-6.58392
-6.58331
-6.58238
-6.5853
-6.58461
-6.58383
-6.58493
-6.58371
-6.5828
-6.58418
-6.58238
-6.58067
-6.58102
-6.58149
-6.58013
-6.58049
-6.58253
-6.58329
-6.58465
-6.58594
-6.58647
-6.5885
-6.58815
-6.58704
-6.58585
-6.58525
-6.58558
-6.58717
-6.58424
-6.5823
-6.58039
-6.58144
-6.58191
-6.58279
-6.58246
-6.58126
-6.58275
-6.58271
-6.58076
-6.58108
-6.58008
-6.58095
-6.58368
-6.5834
-6.58205
-6.58258
-6.58243
-6.5823
-6.58222
-6.58286
-6.58327
-6.58341
-6.58488
-6.58437
-6.58154
-6.57992
-6.58339
-6.5865
-6.58476
-6.58562
-6.58587
-6.58391
-6.58198
-6.58233
-6.58495
-6.58398
-6.58331
-6.58456
-6.58448
-6.58375
-6.58142
-6.58237
-6.58272
-6.5812
-6.58297
-6.58314
-6.58396
-6.58635
-6.5861
-6.58609
-6.58664
-6.58677
-6.58521
-6.58457
-6.5836
-6.58266
-6.58178
-6.58034
-6.57867
-6.57904
-6.57888
-6.57945
-6.57687
-6.57788
-6.57694
-6.57818
-6.57865
-6.57671
-6.57788
-6.57769
-6.57714
-6.57726
-6.57646
-6.5767
-6.57798
-6.57964
-6.58102
-6.58179
-6.58324
-6.5847
-6.58585
-6.58732
-6.58844
-6.58662
-6.58573
-6.58642
-6.58576
-6.58442
-6.58435
-6.58588
-6.58675
-6.585
-6.5842
-6.58626
-6.58729
-6.58535
-6.58562
-6.58525
-6.58525
-6.58374
-6.58339
-6.58324
-6.58297
-6.58319
-6.58316
-6.58116
-6.58455
-6.58388
-6.58593
-6.58457
-6.58503
-6.58314
-6.58318
-6.58162
-6.58139
-6.58123
-6.58113
-6.58044
-6.58043
-6.58239
-6.58273
-6.5824
-6.58139
-6.58099
-6.58088
-6.58302
-6.58161
-6.58311
-6.58397
-6.58322
-6.58218
-6.57921
-6.57791
-6.57729
-6.57738
-6.58078
-6.5807
-6.58198
-6.58171
-6.58211
-6.58022
-6.5818
-6.58294
-6.58458
-6.58671
-6.5884
-6.58709
-6.58607
-6.58668
-6.58671
-6.58523
-6.58386
-6.58391
-6.58439
-6.58366
-6.58328
-6.58158
-6.58111
-6.5825
-6.58347
-6.58243
-6.5849
-6.58477
-6.58435
-6.58752
-6.58718
-6.58557
-6.58465
-6.58505
-6.58451
-6.58754
-6.59059
-6.592
-6.59207
-6.59335
-6.59321
-6.5949
-6.59194
-6.59119
-6.58913
-6.58746
-6.58397
-6.58451
-6.58163
-6.58179
-6.5788
-6.58169
-6.58138
-6.58173
-6.58238
-6.58234
-6.58124
-6.58265
-6.58072
-6.58197
-6.58286
-6.58277
-6.58496
-6.58587
-6.5868
-6.58837
-6.58861
-6.58591
-6.58512
-6.58367
-6.58191
-6.58084
-6.58014
-6.57983
-6.5828
-6.58353
-6.5836
-6.58201
-6.58102
-6.57934
-6.58025
-6.58115
-6.58177
-6.58016
-6.58055
-6.58001
-6.58113
-6.58065
-6.58051
-6.58101
-6.58115
-6.58027
-6.58125
-6.58149
-6.58198
-6.58079
-6.58057
-6.57908
-6.58061
-6.57999
-6.58048
-6.57847
-6.57877
-6.58001
-6.57921
-6.58089
-6.58179
-6.58259
-6.58265
-6.58398
-6.58498
-6.58669
-6.58589
-6.58488
-6.5869
-6.58609
-6.58562
-6.58482
-6.58363
-6.58202
-6.58097
-6.58144
-6.57959
-6.58061
-6.58036
-6.57919
-6.5791
-6.57915
-6.57905
-6.57878
-6.57861
-6.5801
-6.58089
-6.57991
-6.58198
-6.58223
-6.58264
-6.58165
-6.58289
-6.58122
-6.5822
-6.58325
-6.58374
-6.58238
-6.58205
-6.58178
-6.57928
-6.57906
-6.57952
-6.57937
-6.5783
-6.58148
-6.58369
-6.58231
-6.58311
-6.58058
-6.58116
-6.58295
-6.58243
-6.58221
-6.58427
-6.58345
-6.58237
-6.58327
-6.58455
-6.58586
-6.58719
-6.5853
-6.58405
-6.58537
-6.58602
-6.58309
-6.5837
-6.58235
-6.58197
-6.58257
-6.58222
-6.58384
-6.58389
-6.58366
-6.58347
-6.58461
-6.58578
-6.58692
-6.58639
-6.58644
-6.58703
-6.58786
-6.58669
-6.58551
-6.58338
-6.58358
-6.58319
-6.58124
-6.57901
-6.58035
-6.58072
-6.58074
-6.5817
-6.58165
-6.58291
-6.58421
-6.58555
-6.58468
-6.58547
-6.58466
-6.58577
-6.58458
-6.58497
-6.58787
-6.58875
-6.58892
-6.58676
-6.58425
-6.58463
-6.58275
-6.58381
-6.582
-6.58317
-6.58348
-6.58101
-6.58032
-6.57981
-6.57942
-6.58168
-6.58064
-6.58304
-6.583
-6.58276
-6.58266
-6.58272
-6.58363
-6.5812
-6.58163
-6.58334
-6.58411
-6.58235
-6.58297
-6.58016
-6.58009
-6.58017
-6.57875
-6.57969
-6.5826
-6.58324
-6.58417
-6.58602
-6.58491
-6.58507
-6.58392
-6.58177
-6.58348
-6.58353
-6.58257
-6.58256
-6.58221
-6.58122
-6.58184
-6.58277
-6.58208
-6.58268
-6.58296
-6.5839
-6.58549
-6.58612
-6.58351
-6.58476
-6.58596
-6.58517
-6.58466
-6.58282
-6.58357
-6.58303
-6.58317
-6.58303
-6.58295
-6.58228
-6.58235
-6.58316
-6.5834
-6.58437
-6.58571
-6.58577
-6.58548
-6.58481
-6.58501
-6.58381
-6.58605
-6.58559
-6.58407
-6.58412
-6.58578
-6.58649
-6.58435
-6.58488
-6.58259
-6.5833
-6.58473
-6.58329
-6.58347
-6.58363
-6.58471
-6.58701
-6.58861
-6.58658
-6.58869
-6.58948
-6.58894
-6.58807
-6.58624
-6.58573
-6.58851
-6.5868
-6.58774
-6.58777
-6.58786
-6.58767
-6.58621
-6.58508
-6.58492
-6.58377
-6.58454
-6.58367
-6.58374
-6.58346
-6.58378
-6.58211
-6.58204
-6.58259
-6.58087
-6.57917
-6.58041
-6.58138
-6.58144
-6.58091
-6.58043
-6.58129
-6.58215
-6.58528
-6.5858
-6.58659
-6.58795
-6.58953
-6.59004
-6.59111
-6.5905
-6.58857
-6.58827
-6.58801
-6.58844
-6.58666
-6.58591
-6.58391
-6.58259
-6.58258
-6.58323
-6.58098
-6.58002
-6.58069
-6.58171
-6.58405
-6.58418
-6.58243
-6.58234
-6.58259
-6.58476
-6.58558
-6.58341
-6.5825
-6.58318
-6.58515
-6.5842
-6.58292
-6.58389
-6.58385
-6.58507
-6.58465
-6.58259
-6.58246
-6.58365
-6.58455
-6.58549
-6.58322
-6.58325
-6.58395
-6.58304
-6.58472
-6.58379
-6.58542
-6.58736
-6.58665
-6.58526
-6.58479
-6.58171
-6.58251
-6.57941
-6.58345
-6.58523
-6.58283
-6.58499
-6.58526
-6.58297
-6.58202
-6.58272
-6.58119
-6.57937
-6.58085
-6.58112
-6.58081
-6.58186
-6.58162
-6.58004
-6.58061
-6.58006
-6.58035
-6.58054
-6.57775
-6.57982
-6.5819
-6.57949
-6.57937
-6.58153
-6.58337
-6.58489
-6.58576
-6.58439
-6.58532
-6.58596
-6.58597
-6.58567
-6.5857
-6.58605
-6.58608
-6.58611
-6.58551
-6.58653
-6.58689
-6.58593
-6.58591
-6.58422
-6.58281
-6.58364
-6.58252
-6.58045
-6.58232
-6.58393
-6.58235
-6.58115
-6.58222
-6.58166
-6.58173
-6.58111
-6.58209
-6.58175
-6.5827
-6.5827
-6.58466
-6.58438
-6.58442
-6.58349
-6.58286
-6.5835
-6.58251
-6.58284
-6.58256
-6.58166
-6.58141
-6.57984
-6.57823
-6.57952
-6.57886
-6.57984
-6.58086
-6.58351
-6.58326
-6.58491
-6.58488
-6.5835
-6.5837
-6.58324
-6.58279
-6.58141
-6.582
-6.58102
-6.58135
-6.583
-6.58304
-6.58372
-6.58373
-6.58534
-6.58498
-6.58265
-6.58223
-6.57954
-6.58174
-6.5811
-6.58054
-6.57977
-6.58037
-6.58263
-6.58326
-6.58382
-6.58202
-6.58108
-6.58132
-6.57987
-6.57935
-6.58142
-6.57963
-6.5795
-6.58295
-6.58347
-6.58429
-6.58411
-6.58262
-6.58179
-6.57972
-6.57997
-6.57901
-6.58137
-6.58379
-6.58432
-6.5813
-6.5812
-6.58073
-6.57923
-6.58026
-6.58188
-6.58505
-6.58559
-6.58773
-6.58437
-6.58363
-6.58262
-6.58361
-6.58401
-6.58478
-6.58365
-6.58477
-6.58617
-6.58462
-6.58236
-6.582
-6.58291
-6.58446
-6.58408
-6.58403
-6.58367
-6.58429
-6.58424
-6.58253
-6.58175
-6.58255
-6.58267
-6.58342
-6.58324
-6.58312
-6.58211
-6.58184
-6.58328
-6.58285
-6.58309
-6.58432
-6.58262
-6.58314
-6.58426
-6.58503
-6.58513
-6.58394
-6.58667
-6.58783
-6.58674
-6.58565
-6.5858
-6.58617
-6.58705
-6.5865
-6.58743
-6.58698
-6.58484
-6.58108
-6.58093
-6.58285
-6.58169
-6.58171
-6.5816
-6.57999
-6.57744
-6.57838
-6.57853
-6.58047
-6.58065
-6.58204
-6.58308
-6.58123
-6.57977
-6.58005
-6.58046
-6.57907
-6.58007
-6.58082
-6.58191
-6.58427
-6.58526
-6.58741
-6.5878
-6.58674
-6.58748
-6.58813
-6.58711
-6.58641
-6.58576
-6.58292
-6.58147
-6.57946
-6.57883
-6.5802
-6.58
-6.57792
-6.57784
-6.5778
-6.5765
-6.57679
-6.57769
-6.57623
-6.57531
-6.57494
-6.57416
-6.57394
-6.57497
-6.57694
-6.57892
-6.58093
-6.58106
-6.58224
-6.58253
-6.58418
-6.58263
-6.58172
-6.58273
-6.58176
-6.58175
-6.58112
-6.58053
-6.58
-6.57989
-6.58016
-6.58016
-6.58112
-6.5817
-6.58185
-6.58059
-6.58018
-6.57999
-6.58134
-6.58199
-6.58035
-6.58291
-6.58454
-6.58427
-6.58376
-6.58333
-6.58203
-6.58178
-6.58256
-6.58144
-6.58227
-6.58212
-6.58133
-6.5828
-6.58006
-6.58023
-6.57874
-6.57883
-6.57819
-6.57682
-6.57798
-6.57746
-6.57789
-6.578
-6.57945
-6.57935
-6.5787
-6.57945
-6.58126
-6.58119
-6.58048
-6.57975
-6.58121
-6.57966
-6.58158
-6.58245
-6.58227
-6.58108
-6.58051
-6.58027
-6.5807
-6.57895
-6.57956
-6.58127
-6.5802
-6.57956
-6.58191
-6.58231
-6.58328
-6.58253
-6.58264
-6.58262
-6.5838
-6.58457
-6.58529
-6.58564
-6.58631
-6.58665
-6.58667
-6.58509
-6.58453
-6.58273
-6.5823
-6.58326
-6.58465
-6.58291
-6.58482
-6.5871
-6.58549
-6.58481
-6.58503
-6.58416
-6.58124
-6.58144
-6.58025
-6.58029
-6.5793
-6.58091
-6.58061
-6.5804
-6.57869
-6.57938
-6.57925
-6.57729
-6.57639
-6.57746
-6.57883
-6.57914
-6.58
-6.57945
-6.57943
-6.57803
-6.57819
-6.57994
-6.57844
-6.57891
-6.5794
-6.58026
-6.5831
-6.58338
-6.58207
-6.58015
-6.5802
-6.58123
-6.58095
-6.58031
-6.58025
-6.58175
-6.58093
-6.58108
-6.58227
-6.58355
-6.58269
-6.58293
-6.58423
-6.58331
-6.58367
-6.58299
-6.58251
-6.58154
-6.57976
-6.57752
-6.57617
-6.57611
-6.5777
-6.57807
-6.58047
-6.58167
-6.58134
-6.58074
-6.5828
-6.58102
-6.58281
-6.58268
-6.58123
-6.58202
-6.58049
-6.58088
-6.58058
-6.5822
-6.58378
-6.58402
-6.58323
-6.58106
-6.58272
-6.58307
-6.58509
-6.58269
-6.58301
-6.58283
-6.58374
-6.58409
-6.58318
-6.57999
-6.57934
-6.58025
-6.58171
-6.58211
-6.58148
-6.58177
-6.58106
-6.58326
-6.58481
-6.58376
-6.58334
-6.58581
-6.58565
-6.58446
-6.58484
-6.58354
-6.58157
-6.57959
-6.58088
-6.57999
-6.5802
-6.58218
-6.58335
-6.58305
-6.58319
-6.58501
-6.58584
-6.58466
-6.58499
-6.58422
-6.58524
-6.58515
-6.58463
-6.58402
-6.58207
-6.5814
-6.58334
-6.58176
-6.58121
-6.58235
-6.58099
-6.57972
-6.57886
-6.57905
-6.57963
-6.57895
-6.57827
-6.5785
-6.57702
-6.57898
-6.57887
-6.58027
-6.57803
-6.57736
-6.57801
-6.57708
-6.57429
-6.57613
-6.57419
-6.57496
-6.57647
-6.57711
-6.57781
-6.57758
-6.57963
-6.58034
-6.58229
-6.57993
-6.58069
-6.5813
-6.5808
-6.57921
-6.5798
-6.58161
-6.58146
-6.58101
-6.58125
-6.58223
-6.58267
-6.58359
-6.58434
-6.58397
-6.58244
-6.58232
-6.58224
-6.58344
-6.58388
-6.58385
-6.58395
-6.58482
-6.58325
-6.58349
-6.58237
-6.58317
-6.5853
-6.58719
-6.58856
-6.5894
-6.5894
-6.58757
-6.58744
-6.59092
-6.58893
-6.58886
-6.58586
-6.58347
-6.5804
-6.58052
-6.57898
-6.57999
-6.57964
-6.57956
-6.57942
-6.57988
-6.57836
-6.57942
-6.57984
-6.57933
-6.57983
-6.58039
-6.58132
-6.58035
-6.5797
-6.58003
-6.5797
-6.57744
-6.57879
-6.57986
-6.58039
-6.58134
-6.58108
-6.58022
-6.58064
-6.581
-6.58125
-6.58201
-6.58394
-6.58152
-6.57966
-6.57968
-6.58128
-6.58223
-6.58124
-6.58319
-6.58453
-6.58399
-6.58514
-6.58217
-6.5806
-6.5817
-6.58127
-6.58187
-6.58186
-6.58218
-6.58346
-6.58375
-6.58627
-6.58678
-6.58783
-6.58647
-6.58628
-6.58434
-6.58685
-6.58639
-6.58561
-6.58389
-6.58255
-6.58066
-6.5818
-6.58145
-6.5806
-6.58117
-6.57894
-6.58034
-6.58176
-6.58281
-6.5815
-6.58428
-6.58465
-6.58393
-6.58309
-6.58091
-6.58097
-6.58041
-6.58283
-6.58307
-6.58244
-6.5806
-6.58109
-6.58194
-6.58213
-6.58325
-6.58236
-6.58399
-6.58429
-6.58586
-6.5845
-6.58346
-6.58337
-6.58424
-6.58445
-6.58468
-6.58331
-6.58293
-6.58129
-6.58032
-6.57902
-6.57903
-6.58002
-6.58003
-6.58165
-6.581
-6.58033
-6.58059
-6.57985
-6.58169
-6.58222
-6.58117
-6.58244
-6.58154
-6.58206
-6.58108
-6.58377
-6.58361
-6.58538
-6.58581
-6.58449
-6.5856
-6.58718
-6.58728
-6.58949
-6.58997
-6.59103
-6.58917
-6.58895
-6.58913
-6.58618
-6.58594
-6.58392
-6.58464
-6.58421
-6.58422
-6.58203
-6.58375
-6.58477
-6.58475
-6.58431
-6.58474
-6.58186
-6.58478
-6.58609
-6.58806
-6.58681
-6.5859
-6.58756
-6.58562
-6.58621
-6.58609
-6.58592
-6.58732
-6.58643
-6.58588
-6.58505
-6.58622
-6.5855
-6.58385
-6.58318
-6.5822
-6.58316
-6.58185
-6.58021
-6.57987
-6.57888
-6.57949
-6.5801
-6.58039
-6.57974
-6.57881
-6.57762
-6.58004
-6.57896
-6.57758
-6.5775
-6.57805
-6.57924
-6.58041
-6.58058
-6.57845
-6.58051
-6.58093
-6.58294
-6.58265
-6.58329
-6.58481
-6.5856
-6.58824
-6.5882
-6.58811
-6.58477
-6.58308
-6.58245
-6.58099
-6.57966
-6.58041
-6.57898
-6.58085
-6.58209
-6.58264
-6.58346
-6.58225
-6.58161
-6.58255
-6.58185
-6.58311
-6.5828
-6.58352
-6.58329
-6.58337
-6.58536
-6.58469
-6.58494
-6.58615
-6.58315
-6.58506
-6.58511
-6.58523
-6.58443
-6.58397
-6.58542
-6.58679
-6.58841
-6.58863
-6.58748
-6.58789
-6.586
-6.58539
-6.58447
-6.58551
-6.58109
-6.5806
-6.57919
-6.57882
-6.57788
-6.57896
-6.57918
-6.57983
-6.5809
-6.5827
-6.58034
-6.57989
-6.58097
-6.58254
-6.58457
-6.58511
-6.58515
-6.58506
-6.58458
-6.58376
-6.58427
-6.58551
-6.58556
-6.58348
-6.58411
-6.58551
-6.58636
-6.58433
-6.5823
-6.58215
-6.58194
-6.58328
-6.58231
-6.58325
-6.58192
-6.58254
-6.5809
-6.58024
-6.58153
-6.58187
-6.58189
-6.58516
-6.58551
-6.58521
-6.58556
-6.58461
-6.58529
-6.58632
-6.58574
-6.58514
-6.58677
-6.58735
-6.58626
-6.58707
-6.58367
-6.5829
-6.5825
-6.58216
-6.58121
-6.57963
-6.57934
-6.57966
-6.57898
-6.5799
-6.57983
-6.58042
-6.58104
-6.58073
-6.58016
-6.57998
-6.57888
-6.57942
-6.58096
-6.58119
-6.58074
-6.58088
-6.58094
-6.58058
-6.57948
-6.5809
-6.58032
-6.58068
-6.5791
-6.57786
-6.5786
-6.58036
-6.57925
-6.58048
-6.58014
-6.58053
-6.58003
-6.57963
-6.58061
-6.58065
-6.58033
-6.58121
-6.58163
-6.58095
-6.58145
-6.5832
-6.58074
-6.58026
-6.58211
-6.58275
-6.58281
-6.58292
-6.58176
-6.58286
-6.58455
-6.58586
-6.5855
-6.58409
-6.58264
-6.58247
-6.58231
-6.58186
-6.58145
-6.58044
-6.58044
-6.58081
-6.58121
-6.5813
-6.57977
-6.57953
-6.57959
-6.57963
-6.58225
-6.58293
-6.583
-6.58537
-6.58681
-6.58698
-6.58295
-6.58407
-6.58415
-6.58384
-6.58572
-6.58525
-6.58246
-6.58222
-6.58131
-6.57942
-6.57819
-6.57924
-6.5787
-6.57561
-6.5755
-6.57706
-6.57774
-6.57753
-6.57771
-6.57797
-6.57986
-6.57721
-6.58005
-6.5809
-6.5817
-6.58213
-6.58445
-6.58477
-6.58536
-6.58363
-6.58315
-6.58069
-6.58177
-6.58089
-6.58197
-6.58276
-6.58329
-6.5836
-6.58273
-6.5836
-6.58361
-6.58466
-6.58442
-6.58737
-6.58893
-6.58777
-6.58875
-6.58767
-6.58619
-6.58527
-6.58593
-6.58622
-6.58553
-6.58615
-6.58388
-6.58167
-6.57856
-6.5765
-6.57456
-6.57436
-6.57561
-6.57602
-6.57719
-6.57808
-6.57733
-6.57972
-6.58035
-6.58148
-6.58116
-6.58237
-6.58414
-6.58684
-6.58691
-6.58695
-6.58566
-6.58532
-6.58497
-6.58526
-6.58362
-6.58461
-6.58435
-6.58481
-6.5847
-6.58404
-6.58477
-6.58237
-6.58231
-6.58296
-6.58493
-6.58429
-6.58359
-6.58282
-6.58422
-6.5839
-6.58481
-6.58665
-6.58459
-6.58546
-6.58603
-6.58502
-6.58567
-6.58538
-6.58544
-6.5852
-6.58431
-6.58277
-6.58156
-6.58098
-6.58102
-6.57943
-6.57975
-6.57938
-6.57899
-6.5789
-6.57975
-6.57993
-6.57912
-6.58091
-6.58013
-6.58167
-6.58295
-6.58269
-6.58313
-6.58263
-6.58443
-6.58461
-6.58448
-6.5853
-6.5858
-6.58563
-6.5864
-6.58744
-6.58712
-6.58638
-6.58554
-6.58592
-6.58333
-6.58623
-6.58495
-6.58633
-6.58812
-6.58647
-6.58331
-6.58311
-6.58262
-6.5821
-6.58217
-6.58315
-6.58182
-6.58176
-6.58202
-6.58037
-6.57873
-6.5771
-6.57582
-6.57618
-6.57818
-6.57731
-6.57842
-6.57698
-6.57687
-6.57776
-6.57767
-6.57823
-6.57841
-6.57952
-6.58022
-6.58118
-6.58206
-6.58352
-6.58266
-6.58598
-6.5844
-6.58507
-6.58606
-6.58515
-6.58496
-6.58455
-6.58586
-6.58693
-6.58514
-6.58434
-6.5832
-6.58431
-6.58314
-6.58389
-6.58331
-6.58174
-6.58174
-6.5804
-6.57934
-6.57922
-6.58071
-6.57994
-6.58245
-6.58337
-6.58336
-6.58045
-6.58049
-6.5796
-6.57845
-6.57899
-6.58056
-6.5815
-6.58242
-6.58162
-6.58296
-6.58223
-6.58363
-6.58366
-6.58301
-6.58206
-6.58184
-6.58108
-6.58238
-6.58346
-6.58332
-6.58546
-6.58564
-6.58607
-6.58545
-6.58412
-6.58466
-6.58613
-6.58531
-6.58512
-6.58363
-6.58312
-6.58199
-6.58319
-6.58284
-6.58356
-6.58307
-6.58198
-6.58157
-6.58115
-6.58135
-6.58183
-6.58097
-6.57976
-6.57885
-6.57856
-6.57825
-6.57885
-6.58231
-6.58183
-6.58098
-6.58046
-6.57868
-6.57924
-6.58248
-6.58354
-6.58371
-6.58331
-6.58198
-6.58293
-6.58546
-6.58498
-6.5876
-6.58909
-6.58784
-6.5868
-6.58796
-6.5862
-6.58578
-6.58545
-6.58296
-6.58222
-6.58227
-6.58019
-6.57983
-6.58085
-6.58093
-6.58391
-6.58261
-6.58058
-6.58106
-6.58343
-6.58607
-6.58676
-6.58548
-6.58481
-6.58571
-6.5833
-6.58408
-6.58189
-6.58261
-6.58269
-6.58247
-6.58295
-6.58572
-6.58561
-6.58553
-6.5858
-6.58481
-6.58452
-6.58298
-6.58279
-6.58136
-6.58029
-6.57954
-6.57944
-6.58189
-6.58394
-6.58365
-6.58261
-6.58378
-6.58394
-6.58443
-6.58334
-6.58264
-6.58198
-6.58104
-6.58078
-6.58085
-6.57994
-6.57998
-6.58033
-6.581
-6.58104
-6.58047
-6.58025
-6.58328
-6.58697
-6.58609
-6.58549
-6.58548
-6.58768
-6.58982
-6.58997
-6.58783
-6.58858
-6.58804
-6.58654
-6.58571
-6.58233
-6.58159
-6.58158
-6.5797
-6.58019
-6.58075
-6.58167
-6.58195
-6.58153
-6.58071
-6.58209
-6.58082
-6.58079
-6.58074
-6.58329
-6.5823
-6.58362
-6.58528
-6.585
-6.58436
-6.58496
-6.5842
-6.58275
-6.58454
-6.58572
-6.58596
-6.58495
-6.58524
-6.58357
-6.58383
-6.58305
-6.58256
-6.58398
-6.58476
-6.58395
-6.58256
-6.58191
-6.58104
-6.58028
-6.5796
-6.58225
-6.58396
-6.58276
-6.58218
-6.5825
-6.58465
-6.58504
-6.58529
-6.58701
-6.58699
-6.58429
-6.58382
-6.58436
-6.58463
-6.58535
-6.58461
-6.58499
-6.58583
-6.58582
-6.58393
-6.58594
-6.58404
-6.58112
-6.58008
-6.58155
-6.58389
-6.58511
-6.58651
-6.58582
-6.58635
-6.58618
-6.58441
-6.5856
-6.58429
-6.58471
-6.58428
-6.58395
-6.58242
-6.5816
-6.58085
-6.57854
-6.57923
-6.57709
-6.57631
-6.57778
-6.57659
-6.57818
-6.57896
-6.57958
-6.58039
-6.58142
-6.58175
-6.58236
-6.58331
-6.58334
-6.58475
-6.58464
-6.583
-6.58275
-6.58159
-6.58467
-6.58485
-6.58402
-6.58346
-6.58445
-6.58473
-6.58268
-6.58222
-6.58076
-6.58029
-6.57985
-6.58367
-6.58398
-6.585
-6.58543
-6.58688
-6.58772
-6.58888
-6.58645
-6.58397
-6.58336
-6.58366
-6.58683
-6.58737
-6.5863
-6.58489
-6.58607
-6.58627
-6.58355
-6.58081
-6.58066
-6.57987
-6.57977
-6.58133
-6.58263
-6.58269
-6.58313
-6.58132
-6.58049
-6.57997
-6.57945
-6.58054
-6.58162
-6.58172
-6.58214
-6.58159
-6.58071
-6.58273
-6.58214
-6.58218
-6.58057
-6.58152
-6.58145
-6.58104
-6.58219
-6.58235
-6.58345
-6.58292
-6.58015
-6.58198
-6.58292
-6.5846
-6.58475
-6.58563
-6.58557
-6.58584
-6.58479
-6.58433
-6.5867
-6.58671
-6.58629
-6.58642
-6.58679
-6.58679
-6.58614
-6.58389
-6.58267
-6.58218
-6.58178
-6.5818
-6.58416
-6.58434
-6.5849
-6.58486
-6.58649
-6.58522
-6.58522
-6.58644
-6.58593
-6.58367
-6.58029
-6.57939
-6.58197
-6.57934
-6.57833
-6.57833
-6.57839
-6.57916
-6.57969
-6.5793
-6.5793
-6.57903
-6.5788
-6.57732
-6.57654
-6.57776
-6.5787
-6.57839
-6.57973
-6.57945
-6.57914
-6.57973
-6.57989
-6.58153
-6.58204
-6.58142
-6.58167
-6.58444
-6.5843
-6.58261
-6.58393
-6.58246
-6.58241
-6.58216
-6.58135
-6.58157
-6.58245
-6.58103
-6.58184
-6.58
-6.58136
-6.58042
-6.57947
-6.57916
-6.57918
-6.58113
-6.58112
-6.58145
-6.58145
-6.57887
-6.5792
-6.58017
-6.58144
-6.58106
-6.58065
-6.5815
-6.58395
-6.58448
-6.58342
-6.58272
-6.58174
-6.58241
-6.58345
-6.58419
-6.58465
-6.58483
-6.58667
-6.58756
-6.58746
-6.58668
-6.58648
-6.58556
-6.58715
-6.58768
-6.58814
-6.58822
-6.58825
-6.58469
-6.58371
-6.58403
-6.58275
-6.5802
-6.58059
-6.58135
-6.58185
-6.58213
-6.58286
-6.5818
-6.5809
-6.58273
-6.58174
-6.57977
-6.57964
-6.579
-6.58076
-6.58172
-6.58354
-6.58528
-6.58311
-6.58319
-6.58329
-6.58148
-6.5794
-6.57933
-6.5803
-6.58003
-6.58043
-6.58117
-6.58154
-6.58121
-6.58081
-6.58002
-6.58113
-6.5819
-6.58237
-6.5829
-6.58349
-6.58254
-6.58394
-6.58249
-6.58268
-6.58254
-6.58139
-6.58308
-6.58339
-6.58199
-6.58345
-6.58554
-6.58314
-6.58175
-6.58204
-6.57947
-6.58047
-6.57888
-6.58084
-6.57892
-6.57768
-6.57906
-6.57853
-6.57868
-6.57722
-6.57933
-6.58079
-6.58257
-6.58403
-6.58481
-6.58488
-6.58617
-6.58769
-6.58495
-6.58475
-6.58518
-6.58462
-6.58472
-6.58581
-6.58628
-6.58548
-6.58275
-6.58489
-6.58282
-6.584
-6.58259
-6.58053
-6.5798
-6.57976
-6.58044
-6.58124
-6.58314
-6.58421
-6.58344
-6.58367
-6.58259
-6.58076
-6.58072
-6.58051
-6.57884
-6.57831
-6.5796
-6.57951
-6.58003
-6.58022
-6.57981
-6.58079
-6.57931
-6.57991
-6.5784
-6.58121
-6.58086
-6.58087
-6.58279
-6.58431
-6.58442
-6.58602
-6.58717
-6.58403
-6.58409
-6.58318
-6.58423
-6.58244
-6.58136
-6.58133
-6.58137
-6.58279
-6.58103
-6.58125
-6.58245
-6.58491
-6.5857
-6.58545
-6.58481
-6.58576
-6.58475
-6.58379
-6.58386
-6.58335
-6.5845
-6.58468
-6.58641
-6.58575
-6.58563
-6.58701
-6.58671
-6.58767
-6.58735
-6.58544
-6.58487
-6.58502
-6.58491
-6.58197
-6.58137
-6.57986
-6.57873
-6.576
-6.57584
-6.57757
-6.57862
-6.57834
-6.57873
-6.57885
-6.58164
-6.5819
-6.5812
-6.5821
-6.58326
-6.58302
-6.57977
-6.57933
-6.57816
-6.57954
-6.58088
-6.58027
-6.57902
-6.58169
-6.58148
-6.58199
-6.57996
-6.57736
-6.57546
-6.57457
-6.57502
-6.57677
-6.57725
-6.57773
-6.57787
-6.57993
-6.58002
-6.58041
-6.58177
-6.5812
-6.58422
-6.58468
-6.5832
-6.583
-6.58341
-6.58245
-6.58206
-6.58093
