0.411865
0.414654
0.41658
0.41748
0.417406
0.416605
0.415457
0.414331
0.413493
0.413008
0.412806
0.412705
0.412577
0.412328
0.411996
0.411594
0.411117
0.410505
0.409652
0.408464
0.406951
0.405175
0.403227
0.401224
0.399192
0.397073
0.39478
0.39223
0.389451
0.386618
0.384016
0.381971
0.380789
0.380707
0.381901
0.384482
0.388479
0.39379
0.400172
0.407244
0.414509
0.421394
0.42734
0.431844
0.434486
0.434975
0.433229
0.429398
0.423934
0.417553
0.411141
0.40558
0.401615
0.399639
0.399608
0.401128
0.403643
0.406533
0.409234
0.411364
0.412738
0.41326
0.412976
0.41197
0.410387
0.408318
0.405831
0.402945
0.399693
0.396186
0.392518
0.388939
0.385749
0.383319
0.382055
0.382367
0.384679
0.389324
0.396467
0.405878
0.416946
0.42864
0.439694
0.448931
0.455475
0.459009
0.459723
0.458182
0.455122
0.451232
0.447004
0.442656
0.438168
0.433385
0.428173
0.422522
0.416585
0.410736
0.405408
0.400992
0.397725
0.395581
0.394282
0.393364
0.39226
0.390477
0.387673
0.383723
0.378782
0.373293
0.367996
0.363807
0.361709
0.362557
0.366887
0.374768
0.385723
0.398762
0.412625
0.42607
0.43808
0.447868
0.454911
0.458842
0.459474
0.456775
0.450953
0.4425
0.432226
0.421117
0.410248
0.400591
0.392883
0.387477
0.384398
0.383372
0.383971
0.38581
0.388633
0.392255
0.396482
0.401037
0.405482
0.409341
0.412148
0.413609
0.41366
0.412508
0.410521
0.408217
0.406129
0.404729
0.404394
0.405304
0.407503
0.410892
0.415227
0.420098
0.425003
0.42937
0.432668
0.434411
0.434225
0.431903
0.427399
0.420768
0.412218
0.402134
0.391069
0.37973
0.368992
0.359807
0.353123
0.349742
0.350218
0.354711
0.362956
0.374299
0.387808
0.402326
0.416682
0.429778
0.440707
0.448804
0.453731
0.455526
0.454495
0.451171
0.44618
0.440158
0.43369
0.427217
0.420998
0.415151
0.409648
0.404372
0.399237
0.394311
0.38992
0.386501
0.38452
0.384262
0.385695
0.388518
0.392252
0.396345
0.400281
0.403607
0.406007
0.407315
0.40751
0.406697
0.405083
0.403009
0.400807
0.398891
0.397671
0.397491
0.398594
0.401052
0.404778
0.409546
0.414985
0.420618
0.425899
0.430284
0.433309
0.434633
0.434048
0.431585
0.427467
0.422118
0.416025
0.409662
0.403485
0.397836
0.39306
0.38949
0.387441
0.387095
0.388474
0.391334
0.39527
0.399805
0.404451
0.4088
0.412601
0.41579
0.418434
0.420608
0.422364
0.423711
0.424557
0.424771
0.424139
0.422461
0.41959
0.415469
0.410145
0.403852
0.396994
0.390213
0.384267
0.37996
0.37801
0.378998
0.383139
0.390307
0.400016
0.41145
0.423621
0.435491
0.446028
0.454324
0.459649
0.461483
0.459554
0.453863
0.444767
0.432947
0.419368
0.405229
0.391826
0.380403
0.371995
0.367243
0.366363
0.369137
0.374923
0.38283
0.391863
0.401066
0.409681
0.41719
0.423346
0.428096
0.431515
0.433745
0.434915
0.43512
0.434443
0.432967
0.430768
0.427903
0.424415
0.42037
0.415909
0.411249
0.406711
0.402693
0.399608
0.397787
0.397477
0.39875
0.401556
0.405712
0.410873
0.416612
0.422378
0.427575
0.43157
0.433784
0.433721
0.431094
0.425876
0.418344
0.409031
0.398685
0.38819
0.378473
0.370363
0.364488
0.361189
0.360508
0.36232
0.366371
0.372369
0.379999
0.388928
0.398792
0.409094
0.419249
0.428586
0.436427
0.442195
0.44554
0.446308
0.444578
0.440703
0.435171
0.42863
0.421798
0.415376
0.409963
0.405937
0.403549
0.402856
0.403713
0.405869
0.408932
0.412496
0.416124
0.419435
0.422091
0.423723
0.424026
0.422774
0.419882
0.415361
0.409366
0.402229
0.39438
0.386392
0.378967
0.372852
0.368767
0.367268
0.36865
0.372861
0.379495
0.387833
0.397053
0.406306
0.414842
0.422078
0.427579
0.431014
0.43216
0.430938
0.427435
0.421912
0.414816
0.406764
0.398529
0.390933
0.384717
0.380426
0.37833
0.37849
0.380805
0.385113
0.391271
0.39907
0.408223
0.418321
0.428829
0.439144
0.448657
0.456842
0.463233
0.467444
0.469124
0.467975
0.463857
0.456831
0.447237
0.435695
0.423074
0.410443
0.398991
0.389831
0.383853
0.381455
0.382435
0.386002
0.390901
0.39574
0.39925
0.400557
0.399416
0.39616
0.391643
0.387024
0.383494
0.38199
0.383068
0.386866
0.393068
0.401086
0.4101
0.419193
0.427451
0.434108
0.438534
0.440345
0.439488
0.436182
0.430893
0.424247
0.416932
0.409595
0.402755
0.396775
0.391855
0.388084
0.385491
0.384148
0.384174
0.385674
0.388663
0.392998
0.398426
0.404638
0.411294
0.418091
0.424732
0.430915
0.436245
0.440283
0.44262
0.442963
0.441265
0.437667
0.432526
0.426316
0.419544
0.412636
0.40591
0.399631
0.393988
0.38921
0.385519
0.383125
0.382181
0.382737
0.384779
0.388201
0.392848
0.398526
0.404962
0.411685
0.418096
0.423504
0.427268
0.42891
0.428211
0.425195
0.420137
0.413507
0.40593
0.398137
0.390972
0.385299
0.381885
0.381305
0.383827
0.389369
0.397502
0.407471
0.418334
0.429055
0.438649
0.446281
0.451337
0.45341
0.452339
0.448257
0.441556
0.4329
0.423136
0.413203
0.404057
0.396466
0.39099
0.387918
0.387225
0.388693
0.391969
0.396607
0.4021
0.40793
0.413613
0.418781
0.423241
0.42688
0.429681
0.431569
0.432434
0.432131
0.430498
0.427417
0.422808
0.416671
0.409137
0.400485
0.39112
0.381619
0.372672
0.365034
0.359412
0.356427
0.356446
0.359507
0.365333
0.373318
0.382678
0.39253
0.402021
0.410499
0.417606
0.423267
0.427596
0.430809
0.433052
0.434312
0.434472
0.433371
0.430932
0.427188
0.422378
0.416946
0.411475
0.406628
0.403059
0.401294
0.401643
0.404085
0.408276
0.41359
0.419236
0.424389
0.428348
0.430648
0.431093
0.429683
0.426618
0.42223
0.416907
0.41108
0.405202
0.399734
0.395053
0.391522
0.389409
0.388882
0.390057
0.392898
0.397222
0.40273
0.409005
0.415534
0.421833
0.427377
0.431739
0.434624
0.435818
0.435264
0.433092
0.429509
0.424842
0.419429
0.413685
0.408064
0.402954
0.398731
0.395679
0.393961
0.393528
0.394109
0.395222
0.396325
0.396909
0.396677
0.395636
0.394082
0.392494
0.391428
0.391294
0.392261
0.394185
0.396692
0.399292
0.401509
0.403005
0.403634
0.403429
0.402544
0.401175
0.399454
0.397451
0.395112
0.392335
0.389062
0.385375
0.381564
0.378086
0.375524
0.374492
0.375447
0.378612
0.383955
0.391158
0.399754
0.409188
0.418831
0.42806
0.436251
0.442765
0.447013
0.448484
0.446888
0.442154
0.434492
0.424513
0.413134
0.401565
0.391135
0.383135
0.378617
0.378178
0.381889
0.389254
0.399262
0.410571
0.421714
0.431371
0.438541
0.442703
0.443779
0.442081
0.438268
0.433174
0.427663
0.422499
0.418153
0.41478
0.412204
0.410074
0.408036
0.405809
0.40331
0.400646
0.398171
0.396375
0.395739
0.396657
0.399259
0.403304
0.408271
0.413348
0.417719
0.420744
0.422026
0.421507
0.4194
0.41609
0.411997
0.407549
0.403172
0.399241
0.396068
0.393965
0.393238
0.394128
0.396714
0.400946
0.406567
0.413073
0.419794
0.425975
0.430899
0.433934
0.434644
0.432866
0.428686
0.422447
0.414728
0.406216
0.397609
0.389569
0.382736
0.377709
0.375096
0.375403
0.378934
0.385543
0.394595
0.405004
0.415464
0.424631
0.431457
0.435332
0.436164
0.434335
0.430506
0.425447
0.41984
0.414242
0.409097
0.404788
0.401676
0.400067
0.400226
0.402253
0.406069
0.411454
0.418036
0.425315
0.432659
0.439399
0.444802
0.448242
0.449241
0.447588
0.443318
0.436645
0.427892
0.417569
0.406359
0.395123
0.38477
0.376134
0.3699
0.3665
0.366128
0.368697
0.373912
0.381258
0.3901
0.399691
0.409237
0.417969
0.425256
0.430666
0.434029
0.435346
0.434666
0.432039
0.427541
0.421296
0.413708
0.405371
0.397066
0.389539
0.383418
0.379127
0.376909
0.376863
0.378925
0.382946
0.388652
0.395672
0.403538
0.411805
0.420105
0.428172
0.435799
0.442774
0.44878
0.453374
0.456016
0.456111
0.453219
0.447118
0.437987
0.426409
0.413404
0.400355
0.388832
0.380318
0.375909
0.375973
0.380023
0.386805
0.394631
0.401757
0.406743
0.408639
0.40713
0.402527
0.39574
0.388126
0.381191
0.376325
0.374605
0.376576
0.382242
0.391137
0.402395
0.41493
0.427581
0.439201
0.4488
0.455641
0.459328
0.45978
0.457246
0.45225
0.445416
0.437415
0.428851
0.420274
0.412127
0.404752
0.39838
0.393115
0.388976
0.385881
0.383662
0.382141
0.381235
0.380944
0.381377
0.382677
0.384918
0.388043
0.391736
0.395489
0.398746
0.400978
0.401806
0.401142
0.399173
0.39633
0.393158
0.390237
0.388013
0.386731
0.386422
0.386938
0.388084
0.389732
0.391876
0.394608
0.398146
0.402635
0.4081
0.414352
0.420959
0.42739
0.433193
0.438022
0.441733
0.444315
0.445784
0.446155
0.445399
0.443526
0.440694
0.437143
0.433212
0.429286
0.425618
0.422296
0.41927
0.41639
0.413464
0.410349
0.407005
0.403508
0.400072
0.396988
0.394589
0.39315
0.392816
0.393559
0.395222
0.397514
0.400131
0.402807
0.405362
0.407655
0.4096
0.411123
0.412209
0.412875
0.413097
0.412837
0.412043
0.410728
0.409024
0.407235
0.405834
0.405291
0.405943
0.407852
0.410657
0.41373
0.416326
0.417812
0.417747
0.415881
0.412219
0.40698
0.400567
0.393536
0.386547
0.380337
0.375618
0.373059
0.373126
0.376009
0.381575
0.389402
0.398792
0.408912
0.418906
0.428097
0.436032
0.442473
0.447333
0.450548
0.452003
0.451573
0.449079
0.444521
0.43815
0.430429
0.422024
0.413704
0.406194
0.40004
0.395533
0.3927
0.391381
0.391309
0.392197
0.39375
0.395751
0.397995
0.40037
0.402813
0.405289
0.407717
0.409851
0.411242
0.411324
0.409613
0.405885
0.400311
0.39346
0.386232
0.379708
0.375005
0.37316
0.374938
0.380592
0.389794
0.401597
0.414623
0.427307
0.438246
0.446479
0.45148
0.453205
0.451958
0.448297
0.442885
0.436397
0.429479
0.422713
0.41655
0.411276
0.407031
0.403778
0.401316
0.399408
0.39789
0.396719
0.396018
0.396023
0.396943
0.398777
0.401212
0.403703
0.405692
0.406932
0.407579
0.408218
0.409534
0.411957
0.41546
0.419641
0.423819
0.427239
0.429333
0.429773
0.428554
0.425906
0.4222
0.417816
0.41306
0.408171
0.403331
0.398812
0.395014
0.39242
0.391393
0.392055
0.394228
0.397543
0.401534
0.405734
0.409734
0.413202
0.415868
0.417479
0.417768
0.416508
0.413538
0.408858
0.402698
0.395519
0.388121
0.381586
0.377055
0.375449
0.377215
0.382169
0.389566
0.398288
0.407102
0.414845
0.420581
0.423763
0.424343
0.422802
0.420051
0.417131
0.414968
0.414093
0.414617
0.416309
0.418783
0.421669
0.424608
0.427355
0.429678
0.431302
0.431846
0.43087
0.428002
0.423019
0.415941
0.407148
0.397386
0.387651
0.379047
0.37261
0.369126
0.369033
0.372354
0.378686
0.387332
0.397376
0.407827
0.417801
0.426516
0.433381
0.437943
0.439933
0.439261
0.436032
0.430592
0.423565
0.415756
0.408121
0.401628
0.397001
0.394663
0.394726
0.396976
0.400955
0.405966
0.411264
0.416156
0.42005
0.422586
0.423616
0.423192
0.421502
0.418825
0.415482
0.411831
0.408246
0.40519
0.403085
0.402299
0.403015
0.405191
0.408534
0.41249
0.416376
0.419443
0.421087
0.42085
0.418593
0.414463
0.408879
0.402477
0.396076
0.390501
0.386483
0.384566
0.384994
0.387643
0.392106
0.397736
0.403743
0.409318
0.413749
0.416553
0.41744
0.416376
0.413551
0.409283
0.403989
0.398159
0.392279
0.386816
0.382205
0.378846
0.377071
0.377126
0.379131
0.383072
0.388784
0.395984
0.404242
0.413065
0.421937
0.430387
0.438016
0.444481
0.449454
0.452668
0.453904
0.452977
0.449868
0.444769
0.438038
0.430197
0.421874
0.413709
0.40629
0.400109
0.395532
0.39278
0.391895
0.392698
0.394872
0.397958
0.40138
0.404589
0.407075
0.408466
0.408593
0.407468
0.405291
0.40245
0.39944
0.396799
0.394984
0.394314
0.394901
0.396669
0.399393
0.40273
0.406297
0.409671
0.412493
0.414543
0.415752
0.416212
0.416137
0.415839
0.415575
0.41552
0.415746
0.416173
0.416657
0.416961
0.416761
0.415833
0.414094
0.411572
0.408451
0.40505
0.401697
0.398791
0.396795
0.396224
0.397572
0.401145
0.406949
0.414544
0.423003
0.431138
0.437726
0.441752
0.442626
0.440253
0.434957
0.427355
0.418241
0.408478
0.3989
0.390262
0.383154
0.377996
0.375029
0.374297
0.375636
0.378665
0.382956
0.388057
0.393531
0.399027
0.404318
0.409201
0.413509
0.417027
0.419514
0.420741
0.420488
0.418591
0.415061
0.410066
0.404006
0.39753
0.391438
0.38653
0.383469
0.382666
0.384215
0.388054
0.394048
0.402013
0.411668
0.422473
0.43363
0.444107
0.452865
0.459092
0.46231
0.462373
0.459411
0.453696
0.445577
0.435506
0.42409
0.412094
0.400496
0.390291
0.382226
0.376555
0.373036
0.371133
0.370229
0.369871
0.369824
0.370072
0.370725
0.371968
0.373926
0.376632
0.379975
0.38373
0.387597
0.391342
0.394827
0.398036
0.401107
0.404257
0.407724
0.411664
0.416146
0.421128
0.426447
0.431859
0.437036
0.441615
0.445307
0.447887
0.449254
0.449471
0.448717
0.447169
0.444954
0.44212
0.438668
0.434652
0.430154
0.425327
0.42038
0.415435
0.410523
0.405566
0.400411
0.3949
0.388949
0.382579
0.376045
0.3699
0.364933
0.362033
0.361979
0.36523
0.37182
0.381329
0.393033
0.406094
0.419692
0.432976
0.445169
0.45556
0.463615
0.468951
0.471372
0.470832
0.467342
0.460999
0.452013
0.440821
0.428125
0.414939
0.40248
0.392066
0.384832
0.381377
0.381624
0.384816
0.389792
0.395266
0.400174
0.403829
0.405885
0.406263
0.405119
0.402693
0.399366
0.395553
0.391713
0.388308
0.385783
0.384485
0.384595
0.386136
0.38897
0.392895
0.397663
0.403058
0.408886
0.414986
0.421172
0.427209
0.432814
0.43769
0.441554
0.444193
0.445362
0.444904
0.44275
0.438903
0.433581
0.427177
0.420319
0.413717
0.408054
0.403775
0.401004
0.399487
0.398728
0.39814
0.397188
0.395603
0.393382
0.390794
0.388323
0.386491
0.385797
0.386586
0.388974
0.392795
0.397594
0.402708
0.407341
0.41074
0.412335
0.411883
0.409553
0.405948
0.401948
0.398477
0.396326
0.395961
0.397351
0.400102
0.403611
0.407286
0.410631
0.413473
0.415859
0.418044
0.420327
0.422897
0.425755
0.428694
0.431333
0.433239
0.433972
0.433214
0.430774
0.426676
0.421094
0.414321
0.406718
0.398731
0.390812
0.383407
0.37693
0.371805
0.368441
0.367183
0.368331
0.372056
0.378284
0.386638
0.396407
0.40665
0.416321
0.424434
0.430219
0.433182
0.433171
0.430377
0.425263
0.418586
0.411256
0.40427
0.398484
0.394544
0.392831
0.393367
0.395923
0.400096
0.40541
0.411444
0.417801
0.424197
0.430423
0.436255
0.441453
0.445677
0.448506
0.449582
0.448725
0.445925
0.441359
0.435378
0.428472
0.421238
0.414297
0.408165
0.403162
0.399288
0.396302
0.393833
0.391459
0.388835
0.385831
0.382488
0.378999
0.375688
0.372948
0.371195
0.370815
0.372056
0.374947
0.379274
0.384636
0.390479
0.396212
0.401349
0.405605
0.40893
0.411444
0.413332
0.414862
0.416254
0.417739
0.419494
0.421648
0.424283
0.427311
0.430514
0.433554
0.436005
0.437407
0.437376
0.435694
0.432333
0.427549
0.42184
0.415817
0.410137
0.405348
0.401801
0.399524
0.398296
0.397787
0.397668
0.397767
0.398096
0.398842
0.400288
0.402725
0.406348
0.411209
0.417152
0.423762
0.430527
0.436862
0.442225
0.446179
0.448413
0.448717
0.446983
0.443231
0.437536
0.430086
0.421118
0.410978
0.400158
0.389171
0.378626
0.369162
0.3614
0.355866
0.352885
0.352572
0.354847
0.359502
0.366227
0.37468
0.384497
0.395159
0.406041
0.416456
0.425742
0.433319
0.438802
0.44196
0.442799
0.441414
0.438011
0.432902
0.426464
0.419129
0.41142
0.403937
0.397169
0.391583
0.38754
0.385252
0.384837
0.38631
0.389582
0.394489
0.400703
0.407735
0.414895
0.421443
0.42668
0.430129
0.431628
0.431368
0.429837
0.427656
0.425406
0.423552
0.422332
0.42173
0.421568
0.421576
0.421453
0.420922
0.419806
0.418052
0.415705
0.413028
0.4104
0.408313
0.407214
0.407365
0.40877
0.411123
0.413845
0.4163
0.417977
0.418589
0.41803
0.416338
0.413631
0.410051
0.405764
0.401037
0.396259
0.391931
0.388629
0.386786
0.38662
0.388033
0.390634
0.393867
0.397169
0.400107
0.402497
0.404345
0.40581
0.407121
0.408445
0.409857
0.411268
0.412528
0.413381
0.413623
0.413189
0.412105
0.410589
0.408983
0.407655
0.406857
0.40669
0.407121
0.407982
0.409027
0.41
0.410685
0.410936
0.410743
0.410244
0.409676
0.409282
0.409286
0.409729
0.41053
0.411514
0.412444
0.413104
0.413305
0.412894
0.411758
0.409862
0.407227
0.404007
0.400485
0.397041
0.394098
0.392021
0.391063
0.391304
0.392647
0.394822
0.397517
0.400427
0.403361
0.406285
0.409314
0.412672
0.416531
0.42097
0.42586
0.430823
0.43529
0.438658
0.440373
0.440069
0.437653
0.433246
0.427191
0.419948
0.412038
0.404105
0.396849
0.390982
0.387083
0.385491
0.386216
0.388966
0.393086
0.397776
0.40216
0.405382
0.406807
0.406176
0.403593
0.399549
0.394846
0.39043
0.387136
0.385515
0.385747
0.387659
0.390839
0.394765
0.398872
0.40275
0.406221
0.409336
0.412272
0.415226
0.418362
0.421705
0.425125
0.428415
0.431381
0.43384
0.435718
0.437034
0.437781
0.437972
0.437604
0.436604
0.434886
0.432379
0.429109
0.425135
0.420635
0.415859
0.411144
0.406842
0.403297
0.400745
0.399285
0.398857
0.399252
0.400123
0.401088
0.401783
0.401958
0.401478
0.400396
0.398932
0.397383
0.396045
0.395213
0.395105
0.395834
0.397405
0.399685
0.402353
0.404956
0.406983
0.407889
0.407274
0.404877
0.400682
0.394955
0.388209
0.381181
0.374748
0.36978
0.367021
0.367053
0.370214
0.376643
0.386178
0.398375
0.412389
0.427029
0.440902
0.452585
0.460831
0.464813
0.464248
0.459449
0.451244
0.440852
0.429701
0.419198
0.410445
0.404191
0.400747
0.399997
0.401513
0.404698
0.408878
0.413461
0.417985
0.422215
0.426053
0.429458
0.432384
0.434736
0.436359
0.437087
0.436767
0.43524
0.432313
0.427903
0.421961
0.414515
0.405696
0.395781
0.38522
0.374644
0.364895
0.356878
0.351457
0.349289
0.350742
0.355799
0.3641
0.375018
0.387717
0.401228
0.41451
0.426534
0.436384
0.443288
0.446674
0.446242
0.441987
0.434248
0.423739
0.411534
0.398985
0.387583
0.378738
0.373474
0.372262
0.375006
0.381165
0.389947
0.400409
0.411498
0.422086
0.431026
0.437285
0.440112
0.439124
0.434493
0.426929
0.417567
0.407737
0.398761
0.391727
0.387367
0.385974
0.387432
0.391324
0.396996
0.40372
0.410758
0.417547
0.42361
0.428581
0.432216
0.434334
0.434873
0.433897
0.431646
0.428496
0.424915
0.421368
0.418246
0.415829
0.414241
0.413458
0.413339
0.413566
0.41373
0.413395
0.41213
0.40958
0.40553
0.399992
0.393201
0.385673
0.378218
0.371856
0.36764
0.366423
0.368656
0.374233
0.382555
0.392683
0.403492
0.413948
0.423279
0.430986
0.436907
0.441136
0.443883
0.445402
0.445917
0.445562
0.444273
0.441894
0.438279
0.433384
0.427298
0.420329
0.412959
0.405781
0.399403
0.394296
0.390712
0.3886
0.387651
0.387345
0.38709
0.386381
0.384938
0.382761
0.380173
0.377764
0.376234
0.376288
0.378542
0.383286
0.390494
0.399765
0.410396
0.421513
0.432101
0.441183
0.44789
0.451592
0.451957
0.448981
0.443066
0.434968
0.425635
0.41614
0.40749
0.400511
0.395727
0.393274
0.393038
0.394734
0.397959
0.402298
0.407325
0.41258
0.417579
0.42185
0.425077
0.427125
0.42806
0.428126
0.427649
0.42699
0.426394
0.425984
0.425724
0.425366
0.424579
0.423008
0.42037
0.416547
0.411672
0.406067
0.40027
0.394868
0.390413
0.387334
0.385816
0.385829
0.387099
0.38919
0.391649
0.394108
0.396332
0.398238
0.399859
0.401294
0.402663
0.40405
0.405597
0.407396
0.409533
0.412066
0.414964
0.418043
0.421023
0.423537
0.425185
0.425689
0.424896
0.42282
0.419671
0.415817
0.411708
0.407847
0.404674
0.402527
0.401593
0.401815
0.402939
0.404497
0.405962
0.406841
0.40674
0.405513
0.403268
0.400368
0.39733
0.394746
0.393092
0.392616
0.393322
0.394997
0.397293
0.399899
0.402648
0.405498
0.408486
0.411693
0.415104
0.418659
0.422224
0.42556
0.428414
0.430482
0.431497
0.431252
0.429607
0.426563
0.422307
0.417161
0.41163
0.406313
0.401862
0.398801
0.397322
0.397224
0.397994
0.398914
0.399343
0.398867
0.397393
0.395197
0.392866
0.391071
0.390445
0.391392
0.394076
0.398358
0.40388
0.410214
0.416856
0.423269
0.428911
0.433239
0.435787
0.436201
0.434313
0.430277
0.424532
0.417805
0.410949
0.40481
0.400065
0.397051
0.395733
0.395839
0.396939
0.398628
0.40062
0.402721
0.404792
0.406741
0.408474
0.409955
0.411202
0.41228
0.41333
0.414502
0.415875
0.417437
0.419134
0.420819
0.422307
0.423482
0.424281
0.424662
0.424522
0.423658
0.421858
0.418888
0.414657
0.409273
0.403092
0.39661
0.390443
0.385199
0.381348
0.379168
0.378696
0.379778
0.382169
0.385627
0.389922
0.394959
0.400745
0.407322
0.414645
0.422433
0.430167
0.437193
0.442891
0.446777
0.448541
0.448001
0.445156
0.44011
0.43308
0.424392
0.414521
0.404141
0.393994
0.384953
0.377866
0.373442
0.372112
0.373927
0.378611
0.385662
0.39447
0.404324
0.414473
0.424104
0.432414
0.438686
0.442408
0.443351
0.441588
0.437499
0.431724
0.424954
0.417859
0.410944
0.404521
0.398671
0.39339
0.388731
0.384842
0.382023
0.380658
0.381049
0.383243
0.38702
0.391937
0.397405
0.40278
0.40749
0.411058
0.41316
0.413601
0.412367
0.409698
0.405976
0.401797
0.397865
0.394862
0.393367
0.393792
0.39633
0.401032
0.407793
0.416295
0.426039
0.436327
0.446301
0.454943
0.461289
0.464544
0.464199
0.460122
0.452575
0.442214
0.430024
0.417144
0.40473
0.393815
0.385167
0.379147
0.375731
0.374603
0.375275
0.37729
0.380334
0.384158
0.388536
0.3932
0.397869
0.402285
0.406205
0.409456
0.411882
0.413323
0.413658
0.412912
0.41127
0.409081
0.40683
0.405063
0.404265
0.404804
0.406822
0.410244
0.414793
0.420006
0.425321
0.430171
0.434122
0.436901
0.4385
0.439063
0.438823
0.437948
0.436586
0.434752
0.432387
0.429465
0.426041
0.422272
0.418392
0.414693
0.411396
0.408579
0.406134
0.403836
0.401388
0.3985
0.39501
0.390892
0.386354
0.381695
0.377359
0.37391
0.371855
0.371626
0.373491
0.377533
0.383576
0.391284
0.400132
0.409455
0.418553
0.426717
0.433288
0.437806
0.440018
0.439995
0.438135
0.435114
0.431713
0.428509
0.425691
0.423063
0.420118
0.416367
0.411562
0.405835
0.399659
0.393758
0.388951
0.385992
0.385416
0.387412
0.391808
0.398137
0.405679
0.413549
0.420819
0.426616
0.430208
0.431169
0.429407
0.425158
0.418989
0.411694
0.404234
0.397452
0.391964
0.388068
0.385766
0.384925
0.385358
0.386902
0.389449
0.39294
0.397324
0.402489
0.408224
0.414258
0.420263
0.42578
0.430408
0.433749
0.435456
0.435278
0.43305
0.428803
0.422803
0.415537
0.407695
0.4001
0.393604
0.38898
0.386793
0.387297
0.390412
0.395788
0.402804
0.410708
0.41874
0.426147
0.432281
0.436615
0.438792
0.438619
0.436113
0.431448
0.424978
0.417285
0.40906
0.401063
0.394052
0.388596
0.385018
0.383364
0.383365
0.384616
0.386654
0.389072
0.391575
0.393933
0.396041
0.397853
0.399344
0.400495
0.401351
0.401966
0.402422
0.402803
0.403188
0.403572
0.403916
0.404075
0.40387
0.403174
0.40194
0.400198
0.398086
0.395907
0.393991
0.392663
0.392176
0.392625
0.393972
0.396006
0.398526
0.401356
0.404392
0.407565
0.41083
0.414128
0.417365
0.420386
0.423027
0.425162
0.426699
0.427637
0.428088
0.428175
0.428027
0.42771
0.427192
0.426349
0.425024
0.423114
0.420609
0.41767
0.414565
0.411647
0.409275
0.407781
0.407353
0.408035
0.40975
0.412323
0.415417
0.418582
0.421296
0.423048
0.42329
0.421602
0.417822
0.412021
0.404542
0.396004
0.387215
0.379053
0.372328
0.367669
0.365431
0.365636
0.368061
0.372353
0.378136
0.385083
0.392931
0.401413
0.410179
0.418766
0.426581
0.432945
0.43718
0.438693
0.437191
0.432699
0.425653
0.416863
0.40742
0.398542
0.39134
0.386693
0.385119
0.386739
0.391343
0.398475
0.407545
0.417909
0.428916
0.439924
0.450282
0.459348
0.466516
0.471251
0.473198
0.47217
0.468189
0.46151
0.452611
0.442128
0.430744
0.419174
0.408033
0.397811
0.388863
0.381431
0.375675
0.371665
0.369386
0.36875
0.369593
0.371726
0.374913
0.37895
0.383613
0.388664
0.393877
0.399066
0.404069
0.408696
0.412751
0.415975
0.418091
0.418879
0.418219
0.416144
0.412905
0.408954
0.404964
0.401751
0.400098
0.400524
0.403066
0.407193
0.411964
0.416303
0.419296
0.420312
0.419141
0.415923
0.411065
0.405183
0.399036
0.39347
0.389318
0.387288
0.387818
0.390985
0.396442
0.403423
0.410877
0.417699
0.423024
0.426316
0.427474
0.426868
0.425127
0.422959
0.420998
0.41964
0.41904
0.419148
0.419839
0.420931
0.4222
0.423443
0.424447
0.425032
0.42504
0.424337
0.422776
0.420307
0.416942
0.412841
0.40839
0.404184
0.400942
0.399271
0.399322
0.400592
0.40217
0.403172
0.403195
0.402385
0.401231
0.400211
0.399541
0.399097
0.398631
0.397896
0.396744
0.395227
0.393502
0.391779
0.390253
0.389146
0.38867
0.389059
0.390538
0.393331
0.397565
0.403301
0.410378
0.418421
0.42681
0.434717
0.441261
0.445661
0.447391
0.446296
0.442641
0.436992
0.430086
0.422702
0.415562
0.409276
0.404254
0.400751
0.39886
0.398544
0.39966
0.402012
0.405374
0.40949
0.414104
0.418916
0.423607
0.427845
0.431295
0.433626
0.434584
0.433968
0.431647
0.427653
0.422183
0.415617
0.408468
0.401347
0.394903
0.389776
0.386519
0.385515
0.38697
0.390948
0.397242
0.405447
0.41493
0.424897
0.434476
0.442777
0.449066
0.452796
0.453696
0.45173
0.447068
0.439981
0.430765
0.419834
0.407747
0.395232
0.383154
0.372472
0.364025
0.358365
0.355559
0.355325
0.357121
0.360319
0.364252
0.368302
0.371993
0.375043
0.377408
0.379262
0.380991
0.382997
0.385609
0.388983
0.39304
0.397463
0.401821
0.405619
0.408417
0.409976
0.410277
0.409618
0.408501
0.407501
0.407139
0.40777
0.409526
0.412337
0.416053
0.420471
0.425356
0.430491
0.435653
0.440537
0.444763
0.447958
0.449808
0.450094
0.448818
0.446108
0.442302
0.437843
0.433246
0.429053
0.425671
0.42329
0.42185
0.421131
0.420858
0.42079
0.420772
0.420671
0.420396
0.419884
0.419029
0.417726
0.41593
0.413771
0.411461
0.409359
0.407854
0.407211
0.407493
0.408502
0.409801
0.410836
0.411091
0.410189
0.407944
0.404452
0.400004
0.395014
0.389951
0.385203
0.381018
0.377527
0.374795
0.372908
0.37198
0.372105
0.373248
0.375241
0.377756
0.380358
0.382633
0.384345
0.385516
0.386401
0.38746
0.389139
0.391752
0.395343
0.39968
0.40438
0.408987
0.413051
0.416238
0.41837
0.419414
0.419495
0.41887
0.417919
0.417043
0.416616
0.416983
0.418424
0.421068
0.42483
0.429463
0.43458
0.439632
0.444035
0.447237
0.448752
0.448212
0.445455
0.440605
0.43407
0.426475
0.418565
0.411133
0.404934
0.400639
0.398725
0.399302
0.402129
0.406621
0.411901
0.417017
0.421111
0.423581
0.424159
0.422859
0.419864
0.415538
0.410251
0.404424
0.398482
0.392854
0.387956
0.384143
0.381716
0.380875
0.381688
0.384072
0.387851
0.392784
0.398547
0.404711
0.410779
0.416219
0.420535
0.423283
0.424149
0.423006
0.419957
0.41532
0.40967
0.403695
0.398141
0.393753
0.39118
0.390872
0.393088
0.397802
0.404731
0.413392
0.423119
0.433166
0.442736
0.451081
0.457541
0.461563
0.46276
0.460948
0.456147
0.448674
0.439094
0.428239
0.41713
0.406766
0.397925
0.391011
0.386018
0.382533
0.379946
0.377707
0.375425
0.37298
0.370543
0.368455
0.367191
0.367263
0.36906
0.372859
0.378759
0.38668
0.396355
0.407368
0.419179
0.43112
0.442443
0.452356
0.460078
0.464884
0.466168
0.46356
0.456968
0.446756
0.433754
0.419257
0.404804
0.391906
0.381767
0.375076
0.371932
0.371996
0.374643
0.379175
0.384867
0.391022
0.396968
0.402087
0.405891
0.408069
0.408516
0.407378
0.405015
0.401857
0.398411
0.395163
0.392492
0.390702
0.390038
0.39063
0.39256
0.395834
0.400376
0.406001
0.412509
0.419682
0.427305
0.435167
0.442999
0.450456
0.457062
0.462256
0.46535
0.465653
0.462693
0.456284
0.446673
0.434553
0.420941
0.407001
0.393846
0.382395
0.373327
0.367056
0.363842
0.363796
0.36688
0.372825
0.381001
0.390422
0.399874
0.40813
0.414134
0.417225
0.417238
0.414464
0.409563
0.403456
0.397169
0.391659
0.387733
0.386009
0.386821
0.390244
0.395997
0.403482
0.411884
0.420342
0.428111
0.434709
0.439843
0.443379
0.445197
0.445107
0.442925
0.43866
0.432591
0.425272
0.41744
0.409778
0.402829
0.396899
0.392082
0.388338
0.385553
0.383553
0.382241
0.381626
0.381867
0.383309
0.386428
0.391668
0.399248
0.408956
0.420107
0.431661
0.442481
0.451587
0.458281
0.462116
0.462934
0.460767
0.455825
0.448429
0.439077
0.428298
0.416605
0.404486
0.392451
0.381067
0.371031
0.363081
0.357938
0.356072
0.357512
0.36189
0.368511
0.376501
0.385031
0.393399
0.401124
0.407952
0.413799
0.418733
0.422884
0.42633
0.429045
0.43093
0.431821
0.431578
0.430145
0.427609
0.424183
0.420164
0.41587
0.411492
0.407025
0.402343
0.397317
0.392011
0.386865
0.382687
0.380321
0.380395
0.383117
0.388196
0.394964
0.40265
0.410501
0.41788
0.424282
0.429409
0.433112
0.435353
0.436142
0.435547
0.433597
0.430301
0.425735
0.420154
0.414045
0.408151
0.403332
0.400391
0.399951
0.402274
0.40722
0.414326
0.422821
0.431769
0.440286
0.44759
0.453049
0.456167
0.45668
0.454455
0.449569
0.442309
0.433176
0.42294
0.412538
0.4029
0.394884
0.389129
0.385824
0.384769
0.385371
0.386828
0.388301
0.389157
0.389076
0.388037
0.386332
0.38444
0.38285
0.38193
0.381775
0.382217
0.382862
0.383269
0.383115
0.382345
0.381254
0.380357
0.380278
0.381528
0.384368
0.388795
0.394534
0.401147
0.40815
0.415015
0.421243
0.426389
0.430131
0.432274
0.432767
0.431729
0.429455
0.426409
0.423126
0.420171
0.418072
0.417299
0.418046
0.420245
0.423532
0.427316
0.430893
0.433585
0.434867
0.434513
0.432578
0.429391
0.425475
0.421366
0.417492
0.414194
0.411599
0.409633
0.408039
0.406401
0.404285
0.401324
0.397392
0.392676
0.38768
0.38313
0.379773
0.378235
0.378859
0.381636
0.386201
0.391908
0.398021
0.403833
0.408817
0.412746
0.415688
0.417819
0.419372
0.420538
0.421353
0.421766
0.421665
0.420973
0.419649
0.417733
0.415356
0.412743
0.410171
0.407919
0.406329
0.405651
0.406061
0.407589
0.410081
0.413235
0.416624
0.419704
0.421961
0.422998
0.422592
0.420773
0.417773
0.413979
0.409865
0.40592
0.402497
0.399793
0.397777
0.396277
0.395087
0.39405
0.393214
0.392756
0.392963
0.394122
0.396472
0.400001
0.404451
0.409325
0.413969
0.417698
0.419999
0.420604
0.419506
0.41703
0.413667
0.409965
0.406455
0.403527
0.401422
0.400213
0.399851
0.400204
0.401065
0.402202
0.403439
0.404619
0.405621
0.406395
0.406984
0.407406
0.407652
0.407674
0.407422
0.406908
0.406257
0.405793
0.405908
0.407027
0.409407
0.41303
0.417602
0.422582
0.427338
0.431258
0.43382
0.43471
0.433817
0.431264
0.427341
0.422441
0.417004
0.411504
0.40634
0.40182
0.398152
0.395421
0.393608
0.392633
0.392434
0.392936
0.394086
0.395836
0.398085
0.400684
0.40343
0.406095
0.408461
0.410368
0.411779
0.412697
0.413138
0.413112
0.412619
0.41167
0.410363
0.408841
0.40729
0.405903
0.404792
0.403973
0.4033
0.40265
0.401969
0.401392
0.401201
0.40178
0.403494
0.406563
0.410946
0.416267
0.421944
0.427261
0.431573
0.43443
0.435612
0.435161
0.433312
0.430388
0.426767
0.422828
0.418926
0.415365
0.412319
0.409851
0.407921
0.406434
0.405233
0.404143
0.403012
0.401757
0.400352
0.398771
0.397034
0.395198
0.39333
0.391447
0.389578
0.387738
0.38599
0.384425
0.383152
0.382292
0.381927
0.382106
0.382869
0.384239
0.386245
0.388864
0.391994
0.395501
0.399323
0.403489
0.408227
0.413845
0.420617
0.428572
0.43737
0.446362
0.454717
0.461529
0.466012
0.467623
0.466168
0.461772
0.45494
0.446444
0.437264
0.428391
0.420644
0.414499
0.410127
0.40737
0.405849
0.405117
0.404722
0.404204
0.403127
0.401148
0.398088
0.393945
0.388941
0.38347
0.378027
0.373059
0.368907
0.365817
0.363933
0.363293
0.363857
0.365508
0.368
0.370996
0.374042
0.376708
0.37864
0.379677
0.379862
0.379477
0.378985
0.378917
0.379861
0.382316
0.386678
0.393194
0.401899
0.412558
0.42466
0.437429
0.44989
0.461009
0.46985
0.475723
0.47827
0.477509
0.473769
0.467617
0.459738
0.450777
0.441277
0.431626
0.422085
0.412887
0.404295
0.396692
0.39057
0.386478
0.384849
0.385884
0.389434
0.395074
0.402138
0.409807
0.417251
0.423663
0.428332
0.430669
0.430247
0.426838
0.420525
0.411713
0.401176
0.390124
0.380032
0.372447
0.368663
0.369286
0.37411
0.382203
0.392216
0.40267
0.412243
0.419859
0.424784
0.426674
0.425558
0.421737
0.415772
0.408326
0.400129
0.391919
0.384358
0.377928
0.372968
0.369604
0.367738
0.367133
0.367485
0.368622
0.370547
0.373507
0.377909
0.384196
0.392656
0.403309
0.41583
0.429591
0.443691
0.457144
0.469057
0.478669
0.485441
0.489127
0.489736
0.487365
0.482233
0.474642
0.464913
0.453469
0.440857
0.4277
0.414697
0.402593
0.392021
0.383549
0.377548
0.374223
0.373486
0.374967
0.378111
0.382279
0.386852
0.391294
0.395183
0.398198
0.400107
0.40083
0.40044
0.39922
0.397578
0.39601
0.394982
0.394838
0.395732
0.397595
0.400184
0.403169
0.406143
0.408737
0.410648
0.411679
0.411759
0.410926
0.4093
0.407048
0.404334
0.401303
0.398108
0.394871
0.391756
0.388916
0.38649
0.384628
0.383402
0.382858
0.383069
0.384129
0.386181
0.389406
0.393974
0.399965
0.407306
0.415737
0.424749
0.43359
0.44138
0.447227
0.450421
0.450499
0.4474
0.441478
0.433445
0.424261
0.415
0.406632
0.399836
0.394924
0.391902
0.390649
0.391002
0.392814
0.395991
0.400438
0.406014
0.412393
0.419166
0.425821
0.431805
0.436649
0.440004
0.441673
0.441637
0.440012
0.436993
0.432811
0.427757
0.422144
0.416301
0.41053
0.40511
0.400269
0.396189
0.392972
0.39067
0.389282
0.388703
0.388749
0.389196
0.389799
0.390367
0.390779
0.391071
0.391352
0.391847
0.392822
0.394484
0.396953
0.400148
0.403728
0.407225
0.410101
0.411896
0.412339
0.411405
0.409331
0.406534
0.403525
0.400775
0.39864
0.397322
0.396861
0.397157
0.398028
0.39922
0.40051
0.401794
0.403098
0.404578
0.406493
0.40906
0.412395
0.416457
0.421076
0.425917
0.430582
0.434593
0.43752
0.438988
0.438771
0.436819
0.433325
0.428621
0.423137
0.417263
0.411321
0.405579
0.400309
0.395923
0.393013
0.392239
0.394211
0.399211
0.407009
0.416767
0.42724
0.43699
0.444638
0.449134
0.44987
0.446633
0.439636
0.429489
0.417089
0.403557
0.3901
0.37786
0.367781
0.360544
0.356524
0.355738
0.357936
0.362699
0.369467
0.3776
0.386475
0.395553
0.404341
0.412418
0.419461
0.425245
0.429576
0.432346
0.433525
0.433188
0.431509
0.428812
0.425554
0.422266
0.419437
0.417478
0.416575
0.416702
0.417575
0.418733
0.419621
0.419648
0.418388
0.415589
0.411292
0.405875
0.400024
0.394647
0.3907
0.38896
0.389883
0.393396
0.398914
0.405463
0.41184
0.416881
0.419701
0.41981
0.417189
0.412248
0.405769
0.398756
0.392226
0.387103
0.384011
0.383164
0.384464
0.387554
0.391947
0.397191
0.40295
0.408946
0.414973
0.420794
0.426096
0.430453
0.433372
0.434395
0.433192
0.429578
0.423661
0.415873
0.406907
0.397666
0.389258
0.382779
0.379124
0.378889
0.382233
0.388824
0.397927
0.408506
0.419404
0.429547
0.438001
0.444033
0.447258
0.447619
0.445374
0.441024
0.435243
0.428792
0.42232
0.416324
0.411056
0.406603
0.402912
0.399885
0.397499
0.395778
0.394832
0.394815
0.395878
0.398089
0.401398
0.405627
0.410465
0.415482
0.420181
0.423955
0.426171
0.426307
0.424053
0.419412
0.412791
0.404991
0.39702
0.389967
0.384784
0.382017
0.381714
0.383434
0.386332
0.389515
0.392251
0.394189
0.395438
0.396428
0.397766
0.399974
0.403412
0.408081
0.413703
0.419733
0.425532
0.430442
0.433902
0.435515
0.435082
0.432603
0.428351
0.4228
0.416588
0.410476
0.405177
0.401228
0.399029
0.398705
0.400151
0.403041
0.40685
0.410924
0.414627
0.417447
0.419102
0.419514
0.418865
0.417473
0.415685
0.413909
0.412442
0.411417
0.410849
0.410591
0.410444
0.410097
0.409256
0.407737
0.405452
0.402452
0.399
0.395533
0.392533
0.390444
0.389607
0.390186
0.392182
0.395433
0.399662
0.40447
0.409353
0.413752
0.417065
0.418872
0.41896
0.417431
0.414628
0.4111
0.407427
0.404174
0.401786
0.40055
0.400615
0.402022
0.404694
0.408502
0.413238
0.418639
0.42435
0.429946
0.434965
0.43896
0.441546
0.442478
0.441655
0.439112
0.435004
0.429554
0.423074
0.415944
0.408542
0.401218
0.394273
0.387929
0.382416
0.378055
0.37526
0.374506
0.376182
0.380374
0.386746
0.394584
0.402928
0.41088
0.417733
0.423101
0.426834
0.428962
0.429445
0.428274
0.425402
0.420868
0.414881
0.407829
0.400241
0.392745
0.385942
0.380313
0.376145
0.37353
0.372354
0.37237
0.373327
0.375015
0.377383
0.380479
0.384388
0.38916
0.394759
0.401011
0.407592
0.414117
0.420187
0.425413
0.429411
0.431914
0.432825
0.432304
0.430753
0.428766
0.427043
0.426205
0.426648
0.428453
0.431251
0.434253
0.436514
0.437144
0.435569
0.43162
0.425605
0.418189
0.41024
0.402639
0.396178
0.39142
0.388684
0.388048
0.389374
0.392367
0.396593
0.401572
0.406776
0.411709
0.415868
0.418777
0.420056
0.419437
0.41684
0.412409
0.406497
0.399687
0.392693
0.386304
0.381265
0.378161
0.377379
0.378999
0.382738
0.388
0.394035
0.40008
0.405557
0.410156
0.413773
0.416526
0.418586
0.420147
0.42138
0.422416
0.423346
0.424233
0.425092
0.425899
0.426541
0.426828
0.426542
0.425453
0.423463
0.420687
0.417474
0.414396
0.412152
0.411304
0.412106
0.414352
0.417501
0.42086
0.423817
0.425884
0.42671
0.426085
0.423885
0.420091
0.41485
0.408436
0.401253
0.393873
0.386955
0.381139
0.377008
0.375086
0.375747
0.379205
0.385372
0.393836
0.403888
0.414504
0.424531
0.432846
0.43853
0.441045
0.440307
0.436727
0.43118
0.424785
0.418728
0.414008
0.411245
0.410553
0.41161
0.413758
0.41623
0.418306
0.419409
0.419152
0.417343
0.413941
0.409029
0.402832
0.395754
0.388376
0.381453
0.375847
0.372329
0.371439
0.373452
0.378242
0.385306
0.393887
0.403086
0.411985
0.419822
0.426014
0.43014
0.431994
0.431605
0.429185
0.425112
0.419822
0.413756
0.407353
0.401064
0.395391
0.390934
0.388289
0.387883
0.389848
0.393959
0.399723
0.406465
0.413489
0.420128
0.425854
0.430263
0.433028
0.433903
0.432793
0.429713
0.42489
0.41871
0.411693
0.404448
0.39759
0.391648
0.38703
0.383987
0.382601
0.382769
0.38427
0.386785
0.389927
0.393358
0.396825
0.400115
0.403047
0.405418
0.407027
0.407644
0.407102
0.405458
0.403021
0.400346
0.398113
0.396974
0.397387
0.399524
0.403289
0.408369
0.414251
0.420282
0.425668
0.429615
0.431445
0.430706
0.427275
0.421357
0.413411
0.404163
0.394463
0.385176
0.377164
0.371211
0.367951
0.36782
0.371011
0.377461
0.386723
0.398044
0.410374
0.422503
0.433249
0.441644
0.447043
0.449204
0.448269
0.44464
0.438936
0.431882
0.424192
0.416531
0.409431
0.40333
0.398602
0.39556
0.394528
0.395778
0.399423
0.405292
0.412854
0.421242
0.429388
0.436263
0.440985
0.443006
0.442252
0.439055
0.434107
0.428313
0.422514
0.417404
0.413361
0.410461
0.408553
0.407373
0.406609
0.405996
0.405375
0.404718
0.404047
0.403436
0.402961
0.402653
0.402445
0.402234
0.401879
0.401198
0.399994
0.39814
0.39561
0.392437
0.388756
0.384796
0.380914
0.377553
0.375237
0.374511
0.375896
0.379709
0.386022
0.394584
0.404821
0.41591
0.426936
0.436973
0.445206
0.451032
0.454153
0.45455
0.452466
0.448382
0.442934
0.436839
0.430723
0.42506
0.420134
0.416001
0.412503
0.409364
0.406249
0.402914
0.399261
0.395385
0.391569
0.388287
0.386065
0.385302
0.3861
0.388162
0.390914
0.393692
0.39596
0.397507
0.398459
0.399191
0.400192
0.401892
0.40459
0.408412
0.41333
0.419152
0.425543
0.431946
0.437614
0.441698
0.443426
0.442247
0.438006
0.430961
0.421689
0.41104
0.400042
0.389763
0.381149
0.374879
0.371278
0.37037
0.371939
0.375591
0.380843
0.387161
0.393976
0.40075
0.407022
0.412427
0.416706
0.419712
0.421338
0.421506
0.420151
0.417252
0.412908
0.407385
0.401245
0.395366
0.39081
0.388542
0.38904
0.391995
0.39648
0.401307
0.405532
0.408631
0.410503
0.411276
0.411213
0.410556
0.409567
0.408492
0.407507
0.406803
0.406592
0.407103
0.408688
0.411714
0.41646
0.422897
0.430719
0.439377
0.448102
0.456084
0.462614
0.467123
0.469242
0.4688
0.465778
0.460246
0.452359
0.442403
0.430757
0.417908
0.404565
0.391646
0.380156
0.371031
0.364956
0.362216
0.362632
0.365638
0.370501
0.376476
0.382944
0.389453
0.395743
0.401583
0.406765
0.411148
0.414707
0.417522
0.419825
0.421923
0.423997
0.426029
0.427736
0.428692
0.428435
0.426622
0.423072
0.417805
0.411107
0.403411
0.395207
0.386998
0.379353
0.373057
0.369283
0.369542
0.375099
0.386174
0.401473
0.418692
0.435298
0.449253
0.459186
0.464497
0.465212
0.461952
0.455816
0.448134
0.440116
0.432528
0.425637
0.419267
0.413067
0.406715
0.400143
0.393623
0.387705
0.38302
0.38014
0.379409
0.38084
0.384122
0.388684
0.393763
0.398549
0.402332
0.404683
0.405499
0.405066
0.403976
0.402976
0.402771
0.403889
0.406527
0.410564
0.415623
0.421167
0.426634
0.431518
0.435424
0.43805
0.439153
0.438589
0.436302
0.432291
0.426735
0.419945
0.412411
0.404752
0.397637
0.391632
0.387202
0.384615
0.38393
0.38506
0.38788
0.392235
0.397948
0.404732
0.412219
0.419876
0.427037
0.432956
0.436924
0.438394
0.437116
0.433125
0.426757
0.418645
0.409626
0.400633
0.392629
0.386435
0.382583
0.38128
0.382329
0.385157
0.389037
0.393205
0.397057
0.400275
0.402804
0.404876
0.406904
0.409304
0.412377
0.416296
0.421013
0.426335
0.431865
0.437199
0.441946
0.445798
0.448583
0.45026
0.450881
0.450491
0.449092
0.446634
0.443046
0.438219
0.432177
0.425121
0.417361
0.409306
0.401432
0.394222
0.388155
0.383605
0.380775
0.379619
0.379927
0.38133
0.383497
0.386194
0.389257
0.392575
0.396048
0.399565
0.402957
0.406015
0.408581
0.410602
0.412053
0.413054
0.413779
0.414439
0.415194
0.416119
0.417156
0.418081
0.418543
0.41818
0.416675
0.413814
0.409588
0.404269
0.398414
0.392758
0.388043
0.384801
0.383304
0.383641
0.385862
0.390028
0.39614
0.403859
0.412496
0.421052
0.42844
0.433749
0.436388
0.436192
0.43336
0.428385
0.421942
0.414829
0.407822
0.401651
0.39695
0.394178
0.393522
0.394932
0.398101
0.402586
0.407916
0.413575
0.419076
0.423941
0.427728
0.430034
0.430631
0.429454
0.426648
0.42251
0.417425
0.411839
0.406165
0.40079
0.396084
0.392347
0.389813
0.38862
0.388887
0.390581
0.393564
0.397579
0.402268
0.407242
0.412127
0.416581
0.420238
0.422758
0.42382
0.423099
0.420386
0.415592
0.408874
0.400649
0.391565
0.382457
0.374237
0.36779
0.363812
0.362816
0.365114
0.370784
0.379612
0.391125
0.404502
0.418633
0.432292
0.444224
0.453386
0.459097
0.461095
0.45953
0.454908
0.447934
0.439421
0.43019
0.420926
0.412126
0.40416
0.397286
0.391628
0.387325
0.384566
0.383542
0.384444
0.387399
0.392358
0.399029
0.406847
0.414976
0.422443
0.428314
0.431865
0.432742
0.430943
0.426904
0.421461
0.415604
0.410319
0.406373
0.404128
0.403546
0.404222
0.405564
0.407045
0.408305
0.409215
0.409854
0.410367
0.41087
0.41139
0.411822
0.411946
0.411491
0.410223
0.408019
0.404893
0.400961
0.396479
0.39176
0.387188
0.383188
0.38021
0.378655
0.378888
0.381089
0.385314
0.391429
0.399124
0.407934
0.417273
0.426459
0.434794
0.441639
0.446503
0.449086
0.449325
0.447336
0.443342
0.437703
0.430876
0.423376
0.415791
0.408729
0.402806
0.398582
0.396408
0.396374
0.398301
0.401726
0.405991
0.410355
0.414125
0.416763
0.417929
0.41753
0.415664
0.412637
0.408839
0.404689
0.400583
0.396893
0.39392
0.391929
0.391058
0.391397
0.392961
0.395714
0.399555
0.404281
0.409632
0.415194
0.420406
0.424658
0.427269
0.427648
0.425415
0.420461
0.41301
0.403696
0.393447
0.383423
0.374797
0.36859
0.365571
0.366128
0.370246
0.377508
0.38721
0.398433
0.410231
0.421711
0.432116
0.440867
0.447568
0.451962
0.453948
0.453544
0.45101
0.446761
0.441339
0.435402
0.429571
0.424289
0.419751
0.415849
0.412252
0.408523
0.404346
0.399577
0.394431
0.389412
0.385164
0.382192
0.380738
0.380742
0.381999
0.38428
0.387445
0.391408
0.396041
0.401141
0.40637
0.411298
0.415542
0.418776
0.42079
0.421586
0.421354
0.420487
0.419518
0.418912
0.418985
0.419881
0.421476
0.423487
0.425533
0.427198
0.428143
0.428069
0.426803
0.424323
0.420796
0.416587
0.412125
0.4079
0.404295
0.401522
0.399678
0.398658
0.398244
0.398179
0.398225
0.398213
0.398029
0.39764
0.39707
0.39635
0.395552
0.394778
0.394215
0.39406
0.394565
0.396012
0.398611
0.402462
0.40742
0.413121
0.418931
0.424088
0.427834
0.429586
0.429011
0.426126
0.421283
0.415039
0.408115
0.401256
0.395112
0.390195
0.38691
0.385534
0.386183
0.38886
0.393414
0.399563
0.406835
0.414646
0.422317
0.429198
0.434713
0.438407
0.439995
0.43938
0.436636
0.431923
0.425483
0.417619
0.408769
0.399523
0.390664
0.383083
0.377706
0.375347
0.376517
0.381354
0.389575
0.400452
0.412974
0.425964
0.438193
0.448515
0.456014
0.46009
0.460441
0.457069
0.450291
0.440674
0.42904
0.416383
0.403746
0.392163
0.382488
0.375332
0.37094
0.369182
0.369599
0.371545
0.374309
0.377304
0.380229
0.383059
0.386018
0.389391
0.3933
0.397619
0.401979
0.405954
0.409201
0.411521
0.41295
0.413616
0.413712
0.413438
0.412943
0.412377
0.411882
0.411563
0.411487
0.411752
0.412434
0.413589
0.415216
0.417268
0.419608
0.42202
0.42421
0.425833
0.426565
0.426197
0.4246
0.421804
0.417944
0.413276
0.408133
0.402888
0.39797
0.39384
0.391008
0.39002
0.391383
0.395417
0.402113
0.411046
0.421383
0.432016
0.441692
0.449331
0.454131
0.455628
0.453683
0.448463
0.440349
0.429947
0.418004
0.405426
0.393132
0.381959
0.372587
0.36547
0.360829
0.358683
0.358872
0.361084
0.364862
0.369676
0.374986
0.380291
0.385226
0.38968
0.393817
0.398027
0.402735
0.408263
0.414607
0.421409
0.42809
0.433969
0.438536
0.44153
0.442934
0.442968
0.441982
0.440357
0.438417
0.436343
0.434169
0.43181
0.429085
0.425788
0.421728
0.416839
0.411272
0.405313
0.399365
0.39389
0.389284
0.385897
0.383971
0.383618
0.384863
0.387572
0.391575
0.396629
0.402462
0.408824
0.415431
0.422018
0.428348
0.434153
0.439174
0.443138
0.445785
0.446852
0.446111
0.443426
0.438807
0.4325
0.42496
0.416797
0.408724
0.40138
0.395293
0.390817
0.38808
0.387062
0.38756
0.389211
0.39151
0.393861
0.395658
0.396394
0.395756
0.393642
0.390275
0.38615
0.381943
0.378387
0.376149
0.375756
0.377488
0.381317
0.386987
0.394012
0.401829
0.409762
0.417202
0.423601
0.42851
0.431654
0.432932
0.432433
0.430394
0.427184
0.423162
0.418639
0.413829
0.408858
0.403795
0.398687
0.393708
0.389108
0.38529
0.382752
0.381931
0.383158
0.38655
0.391981
0.399124
0.407471
0.416474
0.425635
0.434566
0.442936
0.450471
0.456869
0.461737
0.464611
0.46506
0.462783
0.457663
0.449839
0.439685
0.42781
0.415064
0.402381
0.3907
0.380831
0.373316
0.368342
0.365705
0.364925
0.365368
0.366405
0.367537
0.368495
0.369223
0.369845
0.37061
0.37177
0.373504
0.375948
0.379142
0.383101
0.387823
0.393259
0.399243
0.405446
0.411391
0.416536
0.420449
0.422865
0.423822
0.423613
0.422748
0.42189
0.421661
0.422587
0.424902
0.428573
0.433239
0.438376
0.443426
0.447953
0.451631
0.454289
0.455805
0.456068
0.454918
0.452158
0.447642
0.441342
0.433473
0.424484
0.415108
0.406184
0.398463
0.392422
0.388252
0.385896
0.385114
0.385635
0.387228
0.389723
0.392914
0.396499
0.400143
0.403504
0.406277
0.408243
0.409287
0.409354
0.408498
0.406841
0.404567
0.401947
0.399234
0.396671
0.394485
0.392892
0.39207
0.392154
0.393213
0.395273
0.39832
0.40223
0.406826
0.411838
0.416971
0.42186
0.426084
0.429184
0.4306
0.429806
0.426384
0.42018
0.411424
0.400755
0.38915
0.377848
0.368093
0.360963
0.357156
0.356961
0.36027
0.366677
0.375629
0.386547
0.398932
0.412323
0.426258
0.440312
0.454017
0.466908
0.478471
0.488169
0.495491
0.49991
0.500927
0.498168
0.491423
0.480836
0.466844
0.450226
0.432036
0.413522
0.395995
0.380651
0.368343
0.359524
0.354233
0.352098
0.352617
0.355237
0.359494
0.365026
0.371553
0.37882
0.386613
0.39477
0.403119
0.411463
0.419521
0.426916
0.433264
0.438112
0.441046
0.441757
0.440155
0.436311
0.43047
0.423094
0.414826
0.406457
0.398771
0.392524
0.388302
0.386421
0.386835
0.389214
0.393004
0.397544
0.40231
0.406893
0.411004
0.414413
0.416911
0.418263
0.41831
0.417007
0.414472
0.410943
0.406771
0.402352
0.39814
0.394604
0.392211
0.39138
0.392431
0.395521
0.4006
0.407372
0.415281
0.423597
0.431455
0.437964
0.442265
0.44366
0.441668
0.436174
0.427424
0.416042
0.402964
0.3894
0.376619
0.365765
0.357739
0.35309
0.352026
0.354464
0.360041
0.368164
0.378082
0.38896
0.399924
0.410263
0.419525
0.427517
0.434232
0.439787
0.444281
0.447777
0.450295
0.451821
0.452272
0.451526
0.449484
0.446049
0.441223
0.435153
0.428111
0.420594
0.413337
0.407194
0.402977
0.401202
0.401855
0.404481
0.408311
0.41243
0.416064
0.418649
0.419884
0.419715
0.418373
0.416306
0.414032
0.412038
0.410684
0.410081
0.410047
0.410217
0.410147
0.409469
0.407906
0.405445
0.402159
0.398259
0.393989
0.389612
0.385365
0.381544
0.378446
0.376384
0.375616
0.376329
0.378583
0.382314
0.38733
0.393406
0.400241
0.407488
0.414779
0.421735
0.427948
0.433054
0.436716
0.438612
0.438554
0.436517
0.432685
0.427434
0.421276
0.41485
0.408788
0.403644
0.399845
0.397619
0.396994
0.397837
0.399804
0.402406
0.405132
0.407538
0.409295
0.410328
0.410779
0.410953
0.41123
0.411905
0.413145
0.414931
0.417046
0.419176
0.420982
0.422077
0.422196
0.421216
0.41912
0.416073
0.412501
0.408995
0.406242
0.404866
0.405148
0.406878
0.409444
0.411966
0.413548
0.413522
0.411577
0.407771
0.402539
0.39662
0.390918
0.386318
0.383511
0.382907
0.384554
0.388187
0.393287
0.399232
0.405422
0.411353
0.416627
0.421064
0.424672
0.427567
0.429999
0.4322
0.434372
0.43657
0.438736
0.440671
0.442026
0.44237
0.441278
0.43843
0.433732
0.427328
0.4197
0.411544
0.403643
0.396692
0.391141
0.387138
0.384541
0.383056
0.382349
0.382136
0.382279
0.382793
0.383815
0.385591
0.388355
0.392218
0.397126
0.402769
0.408619
0.413968
0.418139
0.420577
0.421015
0.419526
0.416494
0.41255
0.408439
0.40494
0.402748
0.402354
0.404051
0.40788
0.413581
0.420533
0.427811
0.43434
0.4391
0.441376
0.440896
0.437877
0.4329
0.426725
0.420107
0.413653
0.407729
0.402421
0.397626
0.393178
0.388992
0.385098
0.381633
0.378826
0.376939
0.376168
0.376614
0.378202
0.380786
0.384176
0.388183
0.392665
0.397502
0.402487
0.407295
0.411439
0.414389
0.415714
0.415226
0.413077
0.409706
0.405878
0.402459
0.400302
0.400076
0.402107
0.40637
0.412446
0.419688
0.427324
0.434571
0.440731
0.445257
0.447816
0.448262
0.446631
0.443107
0.438028
0.431816
0.425006
0.418181
0.4119
0.406632
0.402688
0.400152
0.398884
0.398519
0.398574
0.398592
0.398222
0.397298
0.395873
0.39416
0.392497
0.391278
0.390826
0.391404
0.393128
0.395945
0.399567
0.403591
0.407434
0.410517
0.412336
0.412547
0.411082
0.408168
0.404348
0.400404
0.397229
0.395667
0.396326
0.399401
0.404703
0.411591
0.419152
0.426438
0.432591
0.437026
0.439478
0.440001
0.438912
0.436632
0.433675
0.430485
0.427333
0.424291
0.421213
0.417825
0.413839
0.409081
0.403534
0.397437
0.391215
0.385436
0.380711
0.377629
0.376644
0.37804
0.381827
0.3877
0.395053
0.403104
0.411061
0.418211
0.423973
0.42797
0.430075
0.430371
0.429139
0.42679
0.423809
0.420746
0.418073
0.416098
0.414875
0.414212
0.413778
0.413124
0.411784
0.409422
0.405849
0.401048
0.395257
0.38897
0.382887
0.377781
0.374358
0.373093
0.37416
0.377424
0.382558
0.389061
0.396404
0.404022
0.411467
0.418412
0.424716
0.430421
0.435707
0.440738
0.445501
0.44977
0.453118
0.455047
0.455101
0.453022
0.448828
0.442795
0.435414
0.42729
0.41898
0.410891
0.403248
0.396102
0.389409
0.383126
0.37724
0.371872
0.367267
0.363788
0.361891
0.361983
0.364311
0.368854
0.375244
0.382821
0.390845
0.398669
0.405854
0.412209
0.417696
0.422317
0.426028
0.428704
0.430173
0.43027
0.428897
0.42605
0.421853
0.416615
0.410754
0.404732
0.398961
0.393744
0.38932
0.385839
0.383484
0.382513
0.383275
0.386038
0.39091
0.397668
0.405719
0.414157
0.42196
0.428176
0.432058
0.433241
0.431777
0.428063
0.422759
0.416692
0.410712
0.40559
0.401847
0.399742
0.399318
0.400449
0.402868
0.406245
0.410228
0.414466
0.418582
0.422184
0.424904
0.426357
0.426206
0.424272
0.420585
0.41545
0.409464
0.403422
0.398174
0.394455
0.39265
0.392777
0.394466
0.397156
0.400291
0.403382
0.406095
0.408249
0.409787
0.410759
0.411295
0.411562
0.411681
0.411761
0.411882
0.412054
0.412239
0.412336
0.412215
0.41174
0.410843
0.409529
0.407935
0.406287
0.404906
0.404011
0.403776
0.404229
0.40527
0.406774
0.408581
0.410594
0.412782
0.415131
0.417511
0.419688
0.421305
0.421952
0.421268
0.418981
0.415054
0.40965
0.403149
0.396044
0.38891
0.382334
0.376829
0.3728
0.370496
0.369997
0.371252
0.374089
0.378262
0.383512
0.389541
0.395993
0.402448
0.408444
0.413595
0.417625
0.420463
0.422267
0.42341
0.424356
0.425558
0.42731
0.429749
0.432782
0.436165
0.439527
0.442414
0.444473
0.445448
0.445255
0.444014
0.441921
0.439194
0.435971
0.43222
0.427858
0.422786
0.416972
0.410534
0.403715
0.396811
0.390112
0.383846
0.378175
0.37323
0.369192
0.366284
0.364823
0.365163
0.36757
0.372078
0.378503
0.386418
0.395244
0.40438
0.413288
0.421541
0.428848
0.434996
0.439881
0.443374
0.445365
0.445757
0.444448
0.441287
0.436121
0.428888
0.419672
0.408734
0.396637
0.384232
0.37258
0.362785
0.355819
0.352412
0.352988
0.357558
0.365663
0.376459
0.388803
0.401446
0.413273
0.423505
0.43175
0.437872
0.441937
0.444082
0.444511
0.443521
0.441444
0.438719
0.435875
0.433481
0.43204
0.431849
0.432903
0.434933
0.437397
0.439693
0.441305
0.441894
0.441324
0.439572
0.436629
0.432486
0.427007
0.420061
0.41152
0.401459
0.390177
0.37832
0.366763
0.356503
0.348517
0.343561
0.342075
0.344081
0.349197
0.356733
0.365779
0.375339
0.384462
0.392367
0.398461
0.402424
0.404186
0.403964
0.402199
0.399582
0.396903
0.395013
0.394622
0.396212
0.399908
0.405448
0.412267
0.419572
0.426535
0.432397
0.436535
0.43856
0.438268
0.435799
0.431638
0.426605
0.421772
0.41823
0.416825
0.418032
0.42183
0.427742
0.434949
0.442507
0.449461
0.454927
0.458182
0.458726
0.456269
0.450684
0.442064
0.430734
0.417226
0.402309
0.386989
0.372484
0.360099
0.351029
0.346118
0.34571
0.349559
0.356954
0.366934
0.378484
0.39068
0.40281
0.414387
0.425079
0.434685
0.443026
0.449901
0.455128
0.458481
0.459725
0.458657
0.455091
0.448954
0.440322
0.42954
0.417216
0.404308
0.392039
0.381748
0.374526
0.370961
0.370982
0.37392
0.378736
0.384245
0.389294
0.392887
0.394311
0.393235
0.389753
0.384457
0.378355
0.372732
0.368896
0.367985
0.370657
0.377002
0.386543
0.398375
0.411385
0.424479
0.436718
0.447392
0.456067
0.462546
0.46688
0.469262
0.469983
0.469409
0.467864
0.465585
0.46267
0.459046
0.454518
0.448891
0.441941
0.433546
0.423728
0.412613
0.400421
0.387525
0.374394
0.361709
0.350266
0.340981
0.334795
0.332459
0.334322
0.340239
0.349615
0.361473
0.374648
0.387966
0.400372
0.411028
0.419414
0.425274
0.428671
0.429858
0.429269
0.427479
0.425122
0.422783
0.42101
0.420151
0.420302
0.421365
0.423099
0.425191
0.427399
0.429609
0.431703
0.43363
0.435278
0.436469
0.436943
0.436434
0.434745
0.431748
0.427391
0.421706
0.414782
0.406736
0.397729
0.388073
0.378222
0.368788
0.36051
0.354157
0.350367
0.349595
0.351975
0.357306
0.365156
0.374923
0.385867
0.397219
0.408242
0.418292
0.426888
0.433723
0.438672
0.441814
0.443296
0.44328
0.441956
0.439488
0.436002
0.431673
0.426779
0.421712
0.416927
0.412882
0.409945
0.408295
0.407827
0.408243
0.409089
0.409941
0.410454
0.410521
0.410262
0.409948
0.409907
0.410375
0.411431
0.412931
0.414567
0.415953
0.416715
0.416563
0.415365
0.413148
0.410049
0.406338
0.402345
0.398486
0.395197
0.392936
0.392175
0.393332
0.396627
0.401995
0.408973
0.416815
0.424657
0.431747
0.437582
0.441834
0.444303
0.444863
0.443344
0.439589
0.433553
0.425335
0.415354
0.404315
0.393222
0.383244
0.375534
0.37106
0.370323
0.373264
0.379261
0.387269
0.396026
0.404287
0.411031
0.415573
0.417694
0.417611
0.416015
0.413868
0.412146
0.411549
0.412346
0.414366
0.417116
0.419982
0.422374
0.423882
0.42432
0.423701
0.422093
0.419572
0.416204
0.412077
0.407358
0.40232
0.397384
0.39302
0.389633
0.387543
0.386885
0.387594
0.389455
0.39213
0.395219
0.398337
0.401105
0.403258
0.404675
0.405397
0.405527
0.405237
0.404608
0.403732
0.402638
0.401359
0.399992
0.398713
0.397713
0.397194
0.397321
0.398194
0.399849
0.402233
0.405233
0.408642
0.412142
0.415343
0.417877
0.419426
0.419753
0.418831
0.416864
0.414191
0.411286
0.408597
0.406416
0.404894
0.404058
0.403884
0.404388
0.405613
0.407696
0.410756
0.414824
0.419764
0.425223
0.430624
0.435326
0.438695
0.44029
0.439888
0.437456
0.433187
0.427488
0.420895
0.414093
0.407845
0.402815
0.399553
0.398362
0.399246
0.401937
0.405867
0.410315
0.414494
0.417666
0.419204
0.418746
0.416204
0.41179
0.405998
0.399557
0.393356
0.388251
0.385034
0.384259
0.386204
0.390748
0.397432
0.405481
0.413893
0.421634
0.427764
0.43163
0.432904
0.431668
0.428372
0.423672
0.418339
0.413103
0.408577
0.405201
0.403229
0.402651
0.403253
0.404697
0.406496
0.408166
0.409242
0.409335
0.408251
0.40599
0.402764
0.399011
0.395284
0.392233
0.390475
0.39042
0.392181
0.39548
0.399719
0.404178
0.408226
0.411497
0.413954
0.415791
0.417232
0.41838
0.419185
0.419395
0.418706
0.416922
0.414058
0.410373
0.406379
0.402748
0.400172
0.399227
0.400211
0.403046
0.407293
0.412259
0.417236
0.421616
0.424991
0.427157
0.428057
0.42773
0.426313
0.424073
0.42138
0.418606
0.416063
0.413902
0.412038
0.410179
0.407904
0.404831
0.400761
0.395788
0.390318
0.38498
0.380474
0.377374
0.37591
0.375973
0.37719
0.37906
0.381106
0.38302
0.384712
0.386314
0.388117
0.390446
0.393547
0.397489
0.402189
0.407413
0.412822
0.418098
0.422924
0.427031
0.430192
0.432194
0.432821
0.431981
0.429746
0.426416
0.422485
0.418603
0.415426
0.413521
0.413199
0.414454
0.416969
0.42024
0.423698
0.426814
0.429189
0.430568
0.430911
0.430367
0.429126
0.42736
0.425114
0.422228
0.418457
0.413587
0.407613
0.400871
0.39398
0.387678
0.382716
0.379648
0.378763
0.379982
0.382997
0.387302
0.392382
0.397748
0.402922
0.407464
0.410969
0.413155
0.413947
0.41344
0.411895
0.409732
0.40738
0.405221
0.403582
0.402708
0.402702
0.403548
0.405114
0.407175
0.40949
0.4119
0.414316
0.416735
0.419217
0.421858
0.424717
0.427701
0.430523
0.432792
0.434164
0.43441
0.433498
0.431489
0.428486
0.424548
0.419692
0.413955
0.407416
0.400219
0.392625
0.384967
0.377639
0.371102
0.365889
0.362635
0.361935
0.364252
0.369756
0.378285
0.389281
0.401899
0.415169
0.428131
0.439946
0.449874
0.457418
0.462277
0.464342
0.463771
0.460887
0.456162
0.450127
0.44329
0.436038
0.428597
0.421061
0.413503
0.405978
0.398628
0.391724
0.385575
0.380501
0.376694
0.374212
0.372985
0.372824
0.373494
0.374788
0.376551
0.378669
0.381092
0.383748
0.386481
0.389121
0.391515
0.393604
0.395505
0.397483
0.399799
0.402671
0.406199
0.410306
0.414848
0.419663
0.424608
0.429529
0.434292
0.438737
0.442702
0.446054
0.448652
0.450337
0.45097
0.450362
0.448257
0.444407
0.438675
0.431127
0.422077
0.412113
0.401945
0.392311
0.383915
0.377352
0.373029
0.371141
0.371646
0.374309
0.378757
0.384542
0.391154
0.397999
0.404452
0.409867
0.413682
0.415524
0.415262
0.413069
0.409411
0.404935
0.400442
0.396706
0.39443
0.394051
0.395654
0.398925
0.403212
0.407652
0.411293
0.413301
0.413167
0.410758
0.406391
0.400805
0.395061
0.390294
0.387463
0.387144
0.389468
0.394188
0.400754
0.408451
0.416496
0.424055
0.430462
0.435266
0.43829
0.439614
0.439461
0.438124
0.43587
0.432932
0.429449
0.425501
0.421161
0.416528
0.411797
0.407326
0.403639
0.401345
0.401002
0.402964
0.407237
0.413376
0.420587
0.427877
0.434219
0.43869
0.440665
0.439885
0.43647
0.430825
0.423592
0.415511
0.407274
0.399515
0.39273
0.387243
0.383242
0.380773
0.379706
0.379792
0.380716
0.382177
0.38391
0.385742
0.387593
0.389457
0.391322
0.393181
0.39499
0.396763
0.398559
0.400502
0.402731
0.405402
0.408658
0.412544
0.417062
0.422054
0.427272
0.432374
0.436988
0.440789
0.443581
0.44526
0.44585
0.445408
0.443974
0.44147
0.437708
0.432504
0.425838
0.417915
0.409261
0.400719
0.393214
0.387455
0.383788
0.382129
0.381976
0.382543
0.383005
0.382652
0.381044
0.378078
0.373997
0.369443
0.365311
0.362689
0.362597
0.365748
0.372406
0.382234
0.394465
0.408118
0.422219
0.435904
0.448471
0.459319
0.467839
0.473503
0.475857
0.474651
0.469939
0.462123
0.451888
0.440147
0.427833
0.415744
0.404461
0.394375
0.385786
0.378992
0.374215
0.371636
0.371259
0.372899
0.376134
0.380457
0.385272
0.390084
0.394552
0.398508
0.402009
0.405236
0.408472
0.41197
0.415884
0.420253
0.424981
0.429905
0.434775
0.43927
0.443022
0.445613
0.446668
0.445933
0.443318
0.438913
0.43296
0.425855
0.418106
0.410234
0.402721
0.395942
0.390147
0.385465
0.381936
0.379637
0.378669
0.379145
0.381057
0.384171
0.387893
0.391383
0.393734
0.394256
0.392654
0.389143
0.384339
0.379186
0.374738
0.371889
0.371219
0.372998
0.377183
0.383481
0.391457
0.400593
0.410325
0.420055
0.429208
0.437246
0.443743
0.448454
0.45123
0.452063
0.451023
0.448286
0.444033
0.438569
0.432287
0.425642
0.419078
0.413026
0.407752
0.403323
0.399593
0.396292
0.393133
0.389896
0.386552
0.383273
0.380394
0.378258
0.377158
0.377255
0.37852
0.380728
0.383503
0.386412
0.389111
0.391408
0.393277
0.394901
0.396627
0.398761
0.401561
0.405178
0.409632
0.414781
0.420393
0.426189
0.431865
0.437096
0.441556
0.444922
0.446868
0.447036
0.445184
0.441177
0.435046
0.427083
0.417837
0.408091
0.398825
0.391125
0.386017
0.384252
0.386057
0.391011
0.398099
0.405865
0.412788
0.417658
0.419807
0.41923
0.416541
0.412736
0.408897
0.405878
0.40414
0.403696
0.404274
0.405469
0.406988
0.408723
0.410706
0.413065
0.415893
0.419207
0.422789
0.426201
0.428895
0.430362
0.430257
0.42852
0.425406
0.421433
0.41727
0.413587
0.410899
0.409452
0.409294
0.410217
0.411884
0.413805
0.415477
0.41644
0.416319
0.414945
0.412295
0.408573
0.404174
0.399618
0.39545
0.392197
0.390268
0.389881
0.391075
0.393693
0.397392
0.401722
0.406162
0.410238
0.413553
0.415943
0.417432
0.41825
0.418681
0.418958
0.419141
0.419138
0.418725
0.417671
0.415853
0.413286
0.410105
0.406479
0.402549
0.398396
0.394085
0.389755
0.385674
0.382203
0.37977
0.378723
0.379285
0.381396
0.384825
0.389143
0.393824
0.398264
0.401966
0.404642
0.40626
0.407004
0.40724
0.407377
0.407775
0.408729
0.410405
0.412901
0.416229
0.420278
0.424851
0.429668
0.434393
0.438658
0.442158
0.444586
0.445695
0.445262
0.44321
0.439576
0.434523
0.428352
0.421516
0.414517
0.407903
0.402182
0.397784
0.394912
0.393564
0.393596
0.394756
0.396772
0.399366
0.40227
0.405171
0.407768
0.409684
0.410649
0.410494
0.409212
0.406981
0.40416
0.401169
0.398475
0.396556
0.39589
0.396876
0.399746
0.404482
0.410697
0.417615
0.424313
0.42984
0.433428
0.434627
0.433308
0.429708
0.424323
0.417857
0.411088
0.404795
0.399574
0.395784
0.393556
0.392768
0.393134
0.394266
0.395776
0.397295
0.398569
0.399478
0.400043
0.400354
0.400562
0.400825
0.401253
0.401928
0.402969
0.404535
0.406792
0.409896
0.413881
0.418595
0.423661
0.428471
0.432323
0.434519
0.43459
0.432307
0.427801
0.421573
0.414428
0.407292
0.401057
0.396399
0.393642
0.392712
0.393176
0.394383
0.395578
0.396121
0.395658
0.394196
0.392103
0.389976
0.388413
0.38789
0.388685
0.390885
0.394459
0.399292
0.40519
0.411877
0.41899
0.426098
0.432686
0.438231
0.442336
0.444732
0.445357
0.444239
0.441506
0.437331
0.431893
0.425447
0.418283
0.410795
0.403464
0.396786
0.391273
0.387334
0.38527
0.385157
0.386897
0.390172
0.394546
0.399548
0.404651
0.409432
0.413569
0.416816
0.419019
0.420104
0.42007
0.41898
0.416956
0.414132
0.410723
0.407034
0.40337
0.400093
0.397502
0.395872
0.395326
0.395907
0.397506
0.399888
0.402753
0.405734
0.408454
0.410617
0.412117
0.412974
0.413362
0.413495
0.41357
0.413739
0.414096
0.414601
0.415168
0.415684
0.415993
0.415901
0.415228
0.413809
0.411544
0.408446
0.404685
0.40058
0.396623
0.393378
0.391364
0.390966
0.392363
0.395489
0.40016
0.406136
0.413285
0.421538
0.430722
0.440442
0.450026
0.458586
0.465213
0.46917
0.470056
0.467816
0.462679
0.455033
0.445342
0.4341
0.42184
0.409201
0.396938
0.385895
0.376982
0.370944
0.368195
0.368703
0.371924
0.37689
0.38238
0.38717
0.390277
0.391052
0.389311
0.38529
0.379579
0.373007
0.366476
0.360886
0.357035
0.355553
0.356864
0.36118
0.368493
0.37857
0.390971
0.405069
0.42015
0.43541
0.450026
0.463204
0.474243
0.482546
0.487653
0.489225
0.487085
0.481348
0.472335
0.460634
0.447077
0.43268
0.418644
0.406195
0.396454
0.390296
0.388156
0.389921
0.394917
0.401972
0.409686
0.416637
0.42162
0.423802
0.422792
0.418613
0.41169
0.402744
0.392707
0.382601
0.373452
0.366158
0.361363
0.359397
0.360302
0.363793
0.369327
0.376163
0.383451
0.390376
0.396263
0.400704
0.403669
0.405457
0.406563
0.407571
0.408957
0.410942
0.413469
0.416204
0.418688
0.420496
0.421319
0.421124
0.420151
0.418865
0.417802
0.417479
0.418197
0.420013
0.422681
0.425666
0.428225
0.429565
0.429005
0.426133
0.420949
0.413957
0.406137
0.398701
0.392782
0.389118
0.387959
0.389121
0.392164
0.396551
0.401719
0.407087
0.412072
0.416094
0.418625
0.419347
0.418158
0.415258
0.411129
0.406474
0.402093
0.398785
0.39721
0.397759
0.400513
0.405304
0.411743
0.419252
0.42715
0.434686
0.440966
0.445075
0.446094
0.443367
0.436568
0.425852
0.411902
0.39595
0.379614
0.364756
0.353168
0.346318
0.34513
0.349798
0.359697
0.37349
0.389382
0.405544
0.420358
0.432625
0.441685
0.447329
0.449703
0.449177
0.446293
0.441676
0.435994
0.429868
0.423863
0.418497
0.414125
0.411018
0.40928
0.408926
0.409869
0.411912
0.414641
0.417575
0.420104
0.421624
0.42166
0.419891
0.416244
0.410854
0.404074
0.396393
0.388422
0.380792
0.374081
0.368748
0.365127
0.363401
0.36366
0.365879
0.369947
0.37568
0.382767
0.390827
0.399358
0.407804
0.415564
0.422111
0.427051
0.430178
0.431522
0.431381
0.43024
0.428654
0.427148
0.426138
0.425854
0.426334
0.4275
0.429198
0.431256
0.433476
0.435677
0.437643
0.439113
0.439775
0.439236
0.437092
0.432996
0.426746
0.418376
0.408239
0.396992
0.385487
0.3747
0.365522
0.358751
0.355086
0.355105
0.3591
0.366887
0.37765
0.389957
0.40212
0.412629
0.420529
0.425486
0.427737
0.42795
0.427026
0.425887
0.425194
0.425263
0.426006
0.427045
0.427907
0.428163
0.427533
0.425982
0.42364
0.420798
0.417753
0.414752
0.411903
0.409177
0.406451
0.403612
0.4006
0.397453
0.39438
0.391651
0.389584
0.388471
0.38851
0.389788
0.392286
0.395901
0.400566
0.406202
0.412696
0.41991
0.42761
0.435433
0.442845
0.449256
0.45404
0.456644
0.456661
0.453856
0.448212
0.439983
0.429636
0.417851
0.405449
0.393282
0.382159
0.372697
0.365195
0.35969
0.356034
0.354056
0.353645
0.354775
0.357456
0.361647
0.36717
0.373682
0.380769
0.388041
0.395191
0.401963
0.40816
0.413591
0.418153
0.42185
0.424774
0.427138
0.429219
0.431284
0.433571
0.436143
0.438967
0.441849
0.444477
0.446459
0.447358
0.446792
0.444517
0.440367
0.434335
0.426531
0.417202
0.406694
0.39548
0.384157
0.37344
0.364127
0.35705
0.352944
0.352289
0.355192
0.361317
0.369965
0.380126
0.390668
0.400497
0.408742
0.414857
0.418698
0.420467
0.420639
0.419832
0.418711
0.417856
0.417765
0.418764
0.421043
0.424635
0.42936
0.434849
0.440494
0.445606
0.449428
0.451303
0.450825
0.447815
0.442385
0.434831
0.425597
0.415255
0.404416
0.393737
0.383859
0.37535
0.368666
0.363989
0.361219
0.360087
0.360221
0.361311
0.363179
0.365752
0.369089
0.373261
0.378403
0.384589
0.391786
0.39981
0.4083
0.416834
0.424961
0.432329
0.438716
0.444016
0.448227
0.451366
0.453533
0.454815
0.455312
0.455114
0.454241
0.45263
0.450145
0.446668
0.442115
0.436443
0.429694
0.422005
0.41355
0.404513
0.395102
0.385551
0.376221
0.367582
0.360286
0.35513
0.352839
0.35389
0.358366
0.365897
0.37569
0.386687
0.397761
0.40787
0.416212
0.422265
0.425847
0.4271
0.426384
0.424277
0.42156
0.419042
0.41742
0.417125
0.41824
0.420498
0.423477
0.426719
0.429783
0.432323
0.434109
0.434991
0.43487
0.433726
0.431627
0.428761
0.425381
0.421727
0.417903
0.413809
0.409196
0.403851
0.39785
0.391666
0.38614
0.382135
0.380256
0.380645
0.383043
0.386988
0.391968
0.397499
0.403095
0.408247
0.412439
0.415206
0.416297
0.415738
0.413848
0.411198
0.408469
0.4063
0.405184
0.405305
0.40653
0.408478
0.410624
0.412445
0.413535
0.413717
0.413095
0.41203
0.411053
0.410659
0.411168
0.412716
0.415295
0.418854
0.423316
0.428547
0.434246
0.439873
0.444697
0.448018
0.449277
0.448165
0.444689
0.43911
0.431898
0.423617
0.414899
0.406315
0.398284
0.391064
0.384792
0.379611
0.375648
0.37296
0.371527
0.371209
0.371715
0.372663
0.373625
0.374232
0.374271
0.373759
0.372971
0.372401
0.372641
0.374297
0.377737
0.383012
0.389779
0.397346
0.40486
0.411519
0.416751
0.420332
0.422342
0.423196
0.423489
0.423826
0.42463
0.42604
0.427889
0.429797
0.431285
0.43193
0.431523
0.430096
0.427941
0.425503
0.423265
0.421647
0.420874
0.421007
0.421945
0.423474
0.425321
0.427203
0.428846
0.430005
0.430401
0.429785
0.427883
0.424515
0.419626
0.413338
0.405958
0.397938
0.389976
0.382956
0.377796
0.375305
0.375975
0.379737
0.385993
0.393796
0.402095
0.410018
0.417013
0.42285
0.427512
0.431067
0.433532
0.434789
0.434575
0.432582
0.428609
0.422613
0.414793
0.405598
0.395629
0.385518
0.375842
0.367084
0.359621
0.353713
0.349542
0.347209
0.346835
0.348479
0.352204
0.358065
0.366033
0.375968
0.387596
0.400402
0.41369
0.426606
0.438265
0.447894
0.454934
0.459109
0.46044
0.459328
0.456504
0.452903
0.449524
0.447157
0.446192
0.446444
0.447256
0.447684
0.446767
0.443837
0.438759
0.431821
0.423734
0.415352
0.407489
0.400711
0.395216
0.390784
0.386915
0.383022
0.378657
0.373661
0.368278
0.363093
0.358826
0.356111
0.355343
0.356625
0.35983
0.364771
0.371323
0.379458
0.389185
0.400401
0.412822
0.425916
0.438921
0.451025
0.461407
0.469381
0.474383
0.476077
0.474297
0.469123
0.460849
0.44999
0.437237
0.423436
0.409497
0.396318
0.384768
0.375587
0.369335
0.366305
0.366415
0.369199
0.373929
0.379702
0.38563
0.390996
0.395257
0.398122
0.399544
0.399657
0.39874
0.397201
0.395496
0.394073
0.393312
0.393486
0.394728
0.397037
0.400337
0.404532
0.409549
0.415387
0.422002
0.429309
0.43709
0.444914
0.452179
0.458104
0.461881
0.462813
0.46048
0.454856
0.446309
0.435566
0.423569
0.41132
0.399731
0.389557
0.38132
0.375287
0.371445
0.369614
0.369481
0.37064
0.3727
0.375388
0.378579
0.382258
0.386493
0.391343
0.396814
0.402822
0.409186
0.415632
0.421915
0.427813
0.433103
0.437593
0.441115
0.443461
0.444426
0.443892
0.441836
0.438392
0.433798
0.428394
0.422572
0.416732
0.411178
0.40612
0.401609
0.397603
0.393964
0.390514
0.387147
0.383845
0.380703
0.377933
0.375847
0.374772
0.374972
0.376564
0.37949
0.383507
0.388277
0.393457
0.398681
0.403625
0.408088
0.411923
0.415067
0.417559
0.419529
0.421214
0.422857
0.424706
0.426883
0.429372
0.431972
0.43436
0.436219
0.437305
0.437489
0.436772
0.435236
0.433
0.430183
0.426851
0.422984
0.418609
0.413783
0.408657
0.403556
0.398861
0.394867
0.391721
0.389375
0.387701
0.386481
0.385588
0.385047
0.385045
0.385921
0.387991
0.391472
0.396402
0.40256
0.409489
0.416567
0.42315
0.428639
0.432644
0.434977
0.435764
0.435253
0.433839
0.431992
0.430183
0.428721
0.427757
0.427242
0.426928
0.426355
0.424941
0.422061
0.417182
0.409927
0.400251
0.388506
0.375498
0.362482
0.351044
0.342857
0.339229
0.340773
0.347244
0.357751
0.371038
0.385753
0.400659
0.414743
0.427212
0.437561
0.44549
0.450927
0.453991
0.454894
0.454009
0.45184
0.448944
0.445903
0.443151
0.440881
0.439088
0.437551
0.435953
0.433966
0.431334
0.427895
0.423565
0.418364
0.412333
0.405611
0.398421
0.391083
0.383984
0.377497
0.371985
0.367653
0.364555
0.362555
0.361437
0.360982
0.361094
0.361913
0.363802
0.36727
0.372817
0.380842
0.391396
0.404121
0.418213
0.432509
0.4457
0.456591
0.464318
0.468474
0.469048
0.466373
0.460897
0.453112
0.44355
0.432795
0.421541
0.410624
0.40089
0.393163
0.388098
0.386081
0.387145
0.390976
0.39694
0.40429
0.41232
0.420482
0.428361
0.435595
0.441732
0.44615
0.448144
0.447148
0.442771
0.434984
0.424139
0.410952
0.396529
0.382184
0.369334
0.359277
0.352922
0.350606
0.35208
0.356672
0.363416
0.37133
0.37953
0.38734
0.394302
0.400188
0.404992
0.408889
0.412117
0.414932
0.417534
0.420004
0.422323
0.424374
0.426102
0.427471
0.42849
0.429198
0.429676
0.43003
0.430331
0.430718
0.431309
0.432184
0.433249
0.43421
0.43462
0.433974
0.431854
0.428008
0.422442
0.415428
0.407481
0.39927
0.391581
0.385238
0.380963
0.379295
0.380484
0.384459
0.390815
0.39895
0.408117
0.41752
0.426406
0.434131
0.440199
0.444257
0.446085
0.445597
0.442886
0.438102
0.431512
0.423487
0.414532
0.405215
0.396179
0.388106
0.3816
0.377074
0.374707
0.374427
0.375901
0.378605
0.381954
0.385306
0.3881
0.389985
0.39089
0.391031
0.390871
0.39095
0.391785
0.393689
0.396691
0.400482
0.404552
0.40834
0.411419
0.413616
0.414996
0.415775
0.416238
0.416659
0.417245
0.418038
0.418944
0.419804
0.420424
0.420603
0.420274
0.419422
0.418235
0.417045
0.416261
0.416296
0.417422
0.419694
0.423002
0.427014
0.431247
0.435145
0.438106
0.43957
0.439082
0.436441
0.431711
0.425199
0.417385
0.40888
0.400337
0.392473
0.385945
0.381339
0.37908
0.379265
0.381561
0.385299
0.389573
0.393488
0.396335
0.397783
0.397787
0.396573
0.394561
0.392186
0.389885
0.388002
0.386803
0.386517
0.387307
0.389256
0.392373
0.396587
0.401731
0.407561
0.413791
0.420139
0.426318
0.432117
0.437372
0.441975
0.445839
0.448775
0.450522
0.450737
0.448983
0.444898
0.43831
0.429358
0.418558
0.406859
0.395578
0.386118
0.379709
0.377178
0.378747
0.383966
0.391874
0.401202
0.410678
0.419299
0.426395
0.431642
0.43502
0.436724
0.437128
0.436651
0.435673
0.43453
0.433416
0.432414
0.431445
0.430347
0.428882
0.426816
0.42398
0.420329
0.41587
0.410632
0.40471
0.398205
0.39126
0.384091
0.376972
0.370232
0.364311
0.359724
0.356964
0.356484
0.358611
0.363352
0.370349
0.378933
0.388191
0.397103
0.404742
0.410394
0.413648
0.41444
0.413022
0.409946
0.40594
0.401825
0.398401
0.396296
0.395891
0.397244
0.400039
0.403762
0.407823
0.411638
0.414797
0.417133
0.418712
0.419725
0.42044
0.421115
0.421998
0.423294
0.425177
0.427796
0.431275
0.435619
0.44062
0.445823
0.450567
0.454035
0.455445
0.454178
0.449992
0.443056
0.433981
0.423648
0.413035
0.403049
0.394382
0.387568
0.382894
0.380506
0.380393
0.382342
0.385937
0.390596
0.395689
0.400663
0.40519
0.409135
0.412509
0.415444
0.418047
0.420348
0.422225
0.423488
0.42392
0.423353
0.421743
0.419308
0.416356
0.41326
0.410409
0.40803
0.406156
0.404642
0.403183
0.40148
0.399373
0.3968
0.393885
0.390882
0.388124
0.385931
0.384592
0.384321
0.385224
0.387332
0.390533
0.39453
0.398878
0.403031
0.406392
0.408494
0.409103
0.408288
0.406493
0.404447
0.402987
0.402912
0.404719
0.408471
0.413765
0.419873
0.42597
0.431282
0.435151
0.437185
0.437252
0.435496
0.432401
0.428648
0.425015
0.422145
0.420423
0.419912
0.420338
0.421203
0.42187
0.421691
0.420152
0.416907
0.411902
0.405346
0.397767
0.390015
0.3831
0.378133
0.376028
0.377309
0.381922
0.389209
0.398054
0.407125
0.415197
0.421353
0.42507
0.426244
0.425074
0.422004
0.417576
0.412388
0.406964
0.401705
0.396922
0.39279
0.389461
0.387138
0.386119
0.386727
0.389135
0.393279
0.398766
0.404997
0.411225
0.416755
0.421107
0.424015
0.42548
0.425691
0.424971
0.423632
0.421985
0.420331
0.41886
0.417689
0.416847
0.416257
0.415759
0.415207
0.41446
0.413421
0.412031
0.410282
0.408258
0.406138
0.404167
0.402623
0.401839
0.402081
0.403556
0.406262
0.409981
0.414298
0.418613
0.422274
0.4248
0.425921
0.425719
0.424479
0.422581
0.420434
0.418348
0.41656
0.415106
0.41388
0.412666
0.411249
0.409557
0.407712
0.406016
0.404812
0.404417
0.405033
0.40666
0.409155
0.412226
0.415473
0.418427
0.42058
0.4215
0.420855
0.418493
0.414373
0.408585
0.401348
0.393012
0.384173
0.375625
0.368357
0.363534
0.362181
0.364911
0.371771
0.382175
0.395105
0.409318
0.423522
0.436565
0.447458
0.45543
0.459979
0.460849
0.458088
0.451987
0.443105
0.432263
0.420408
0.408541
0.397606
0.38832
0.381092
0.376021
0.37294
0.371567
0.371575
0.372759
0.374953
0.378041
0.381835
0.38609
0.390562
0.395037
0.399392
0.403622
0.407683
0.411522
0.4151
0.418361
0.421299
0.423975
0.426463
0.428808
0.43102
0.433011
0.434552
0.435316
0.435005
0.433342
0.430191
0.425553
0.419566
0.412494
0.404652
0.396454
0.388387
0.381049
0.37503
0.370876
0.369015
0.369679
0.372847
0.378249
0.38537
0.393525
0.401939
0.409822
0.41651
0.421528
0.424668
0.425968
0.425712
0.424377
0.422555
0.420841
0.419777
0.419768
0.420985
0.423363
0.426628
0.430414
0.434279
0.437769
0.440485
0.442082
0.442315
0.441084
0.438395
0.434368
0.429257
0.423359
0.417046
0.410687
0.404718
0.399485
0.395244
0.392111
0.390087
0.38907
0.388956
0.389622
0.390878
0.392514
0.39428
0.395898
0.397102
0.397737
0.397715
0.39707
0.39596
0.394645
0.393487
0.392893
0.393258
0.394897
0.397972
0.402512
0.40845
0.41552
0.423299
0.431218
0.438584
0.444758
0.449223
0.45169
0.452101
0.450618
0.447513
0.443147
0.437889
0.432076
0.425974
0.419764
0.413538
0.407368
0.401289
0.395319
0.389556
0.384177
0.379468
0.375804
0.373571
0.373001
0.374052
0.37645
0.379761
0.383603
0.387742
0.392083
0.396597
0.40124
0.405918
0.410462
0.414665
0.418305
0.42121
0.423307
0.424636
0.425351
0.425685
0.425888
0.426179
0.426734
0.427653
0.428969
0.430644
0.43252
0.434437
0.436139
0.437314
0.437702
0.43708
0.435318
0.432353
0.428208
0.422951
0.41671
0.409667
0.402046
0.39415
0.386236
0.378558
0.371333
0.364804
0.359287
0.355236
0.353189
0.353633
0.356806
0.362578
0.370405
0.37944
0.388717
0.397426
0.405032
0.411289
0.41627
0.420168
0.423169
0.425422
0.426986
0.427861
0.428079
0.427718
0.42695
0.425977
0.425011
0.424166
0.423495
0.423015
0.422712
0.422617
0.422782
0.423255
0.424025
0.424985
0.425953
0.426638
0.426711
0.425918
0.424123
0.421398
0.417976
0.414243
0.410598
0.407409
0.404858
0.402964
0.401614
0.400596
0.399706
0.39877
0.397711
0.396563
0.395449
0.394526
0.393909
0.39358
0.393435
0.393336
0.393157
0.392946
0.392882
0.393181
0.393965
0.39518
0.396625
0.398093
0.399489
0.400876
0.402424
0.40434
0.406731
0.409453
0.412208
0.414614
0.416342
0.417184
0.417121
0.416323
0.415019
0.413483
0.411964
0.410603
0.409459
0.408553
0.407795
0.407062
0.406194
0.404986
0.403226
0.400814
0.397852
0.394647
0.391728
0.389728
0.389287
0.390858
0.394563
0.400121
0.406994
0.414456
0.421744
0.428242
0.433563
0.437565
0.440351
0.442125
0.443058
0.443199
0.44245
0.440604
0.437501
0.433133
0.42771
0.421572
0.415204
0.409156
0.403911
0.399849
0.39723
0.39609
0.396297
0.397523
0.399384
0.401441
0.403282
0.404559
0.405045
0.404694
0.403609
0.402042
0.400364
0.39899
0.398302
0.39858
0.399911
0.402135
0.404973
0.408051
0.411039
0.413716
0.415979
0.41781
0.419285
0.420485
0.421444
0.422145
0.422408
0.421969
0.42052
0.417789
0.413647
0.408147
0.401602
0.394507
0.387445
0.381019
0.375764
0.372049
0.37004
0.369704
0.370831
0.373128
0.376313
0.380203
0.384769
0.390157
0.396641
0.404435
0.413625
0.42402
0.435118
0.446145
0.456167
0.464258
0.469604
0.471698
0.4703
0.465534
0.457966
0.448543
0.438498
0.429178
0.421687
0.416584
0.413743
0.412444
0.411676
0.410412
0.407922
0.403789
0.39798
0.390822
0.382931
0.375135
0.368364
0.36349
0.361201
0.361845
0.365422
0.371568
0.3796
0.388591
0.397525
0.40544
0.411528
0.415269
0.416491
0.415339
0.412231
0.407735
0.402477
0.397024
0.391863
0.387382
0.383926
0.381884
0.381595
0.383304
0.387074
0.392688
0.39968
0.407423
0.415221
0.422425
0.428465
0.432904
0.435478
0.436106
0.43489
0.432132
0.428284
0.423915
0.419548
0.415516
0.411926
0.408674
0.405564
0.402431
0.399284
0.396353
0.393994
0.39272
0.393047
0.395387
0.39989
0.406319
0.414156
0.422648
0.431007
0.438458
0.444378
0.448332
0.45005
0.449445
0.446597
0.441784
0.435424
0.428052
0.42029
0.412717
0.405841
0.399995
0.39533
0.391886
0.389624
0.388552
0.388657
0.389912
0.392182
0.395207
0.398568
0.401757
0.404253
0.40563
0.405643
0.404192
0.401441
0.397749
0.393678
0.389908
0.387111
0.385806
0.386264
0.388415
0.391934
0.39628
0.400829
0.404968
0.408195
0.410099
0.410433
0.409121
0.406255
0.402188
0.39749
0.392913
0.389349
0.387643
0.38842
0.391899
0.397841
0.40568
0.414637
0.423911
0.43275
0.440541
0.446843
0.451324
0.453794
0.454205
0.452566
0.448959
0.443583
0.4368
0.429045
0.420872
0.412945
0.405988
0.40066
0.397421
0.396452
0.397629
0.400543
0.404544
0.408894
0.412825
0.415658
0.416805
0.415867
0.412669
0.40733
0.400239
0.392065
0.383682
0.376044
0.370059
0.366439
0.365572
0.36746
0.371759
0.377854
0.385006
0.392441
0.399504
0.405667
0.410638
0.414261
0.416592
0.417791
0.418092
0.417746
0.416974
0.416005
0.415054
0.414328
0.41398
0.413994
0.414206
0.414256
0.413705
0.412178
0.409491
0.405829
0.401697
0.397865
0.395169
0.394356
0.395926
0.399999
0.406293
0.414142
0.422591
0.430559
0.437033
0.441264
0.442895
0.442004
0.438979
0.434382
0.42883
0.422897
0.417089
0.411833
0.407504
0.404307
0.40234
0.401576
0.401859
0.402933
0.404537
0.406434
0.408422
0.410293
0.411802
0.412585
0.412144
0.410005
0.405906
0.39996
0.392674
0.384882
0.377563
0.37157
0.367598
0.366071
0.367081
0.370459
0.37582
0.382613
0.390262
0.398258
0.406194
0.413812
0.420996
0.427717
0.433945
0.439595
0.44454
0.448556
0.451337
0.452502
0.451693
0.448631
0.44315
0.435358
0.425621
0.414613
0.403283
0.392691
0.383919
0.377868
0.375127
0.375843
0.379769
0.386332
0.394687
0.403903
0.413009
0.42118
0.427742
0.432262
0.434519
0.43451
0.432418
0.428598
0.42351
0.417675
0.411669
0.406093
0.401515
0.398437
0.397192
0.397897
0.400362
0.404144
0.408512
0.412603
0.415618
0.416882
0.416002
0.41286
0.40765
0.40081
0.392922
0.384677
0.376814
0.370047
0.365035
0.362335
0.362309
0.365109
0.370675
0.378686
0.388604
0.399677
0.411042
0.421759
0.430942
0.437864
0.441989
0.44303
0.440947
0.435955
0.428521
0.419308
0.409178
0.399155
0.390348
0.383812
0.380415
0.38069
0.384746
0.39218
0.402132
0.413433
0.424793
0.434954
0.442862
0.447811
0.449479
0.447922
0.443547
0.437021
0.429171
0.420873
0.412932
0.406007
0.400562
0.396851
0.394912
0.394625
0.395804
0.398201
0.40158
0.405645
0.410102
0.414638
0.41884
0.422326
0.424732
0.425768
0.425241
0.423175
0.41969
0.415086
0.409699
0.403885
0.397928
0.391974
0.386044
0.380104
0.374162
0.368383
0.363082
0.358774
0.356115
0.355753
0.358155
0.363448
0.371399
0.381429
0.392715
0.404332
0.41542
0.425232
0.433215
0.439039
0.442545
0.443734
0.442714
0.439718
0.435057
0.429141
0.42253
0.415862
0.409753
0.404812
0.401498
0.400137
0.400872
0.403731
0.40863
0.415358
0.423559
0.432685
0.441929
0.450365
0.457115
0.46148
0.462954
0.461337
0.456724
0.449419
0.439963
0.42905
0.417507
0.406239
0.396134
0.388039
0.382596
0.380105
0.380489
0.383316
0.387879
0.393265
0.398574
0.403013
0.406018
0.407316
0.406943
0.405164
0.402505
0.399596
0.397074
0.395454
0.395091
0.396073
0.398202
0.401104
0.404331
0.40752
0.410441
0.412977
0.415072
0.416662
0.41761
0.417849
0.417398
0.416367
0.414914
0.413217
0.411419
0.409621
0.407868
0.406189
0.404596
0.403062
0.401548
0.399937
0.39804
0.395643
0.392592
0.388801
0.384331
0.379461
0.374713
0.370804
0.368582
0.368827
0.372092
0.378604
0.388181
0.400244
0.413853
0.427848
0.440998
0.452174
0.460456
0.465233
0.466234
0.463505
0.457371
0.448457
0.437495
0.425429
0.413279
0.402065
0.392666
0.385719
0.381538
0.380054
0.380893
0.383474
0.387119
0.391239
0.39549
0.399769
0.404168
0.408816
0.413843
0.419232
0.424789
0.430181
0.435005
0.438844
0.441359
0.442337
0.441742
0.439766
0.43673
0.433012
0.428946
0.424725
0.420435
0.416066
0.411598
0.406998
0.402274
0.397427
0.39241
0.387159
0.381668
0.376031
0.370495
0.365408
0.361184
0.35819
0.356692
0.356813
0.358538
0.361786
0.36642
0.372284
0.37919
0.386953
0.395453
0.404492
0.413892
0.423398
0.432577
0.440877
0.447661
0.452323
0.454379
0.453598
0.450068
0.444181
0.436668
0.428446
0.420411
0.413336
0.407749
0.403887
0.401685
0.400858
0.400908
0.401313
0.401623
0.401612
0.401288
0.400891
0.40076
0.401191
0.40225
0.403758
0.405359
0.406674
0.407435
0.407607
0.407377
0.407156
0.407455
0.40875
0.411275
0.414972
0.419487
0.424267
0.428714
0.432253
0.434396
0.434837
0.433422
0.430133
0.425071
0.418437
0.41053
0.401675
0.392273
0.382779
0.373734
0.365759
0.359537
0.355788
0.355144
0.358055
0.364584
0.374353
0.386545
0.400018
0.413464
0.425625
0.435465
0.442313
0.445892
0.446255
0.443786
0.439091
0.432971
0.426292
0.419909
0.414551
0.410661
0.408376
0.407472
0.407547
0.408154
0.408918
0.409577
0.410007
0.41021
0.410253
0.410192
0.410075
0.409991
0.410031
0.410226
0.410611
0.411191
0.411909
0.412768
0.413811
0.415156
0.41693
0.419117
0.421532
0.423792
0.425442
0.426118
0.425699
0.424297
0.42223
0.419863
0.417538
0.415423
0.413544
0.411769
0.409902
0.407742
0.405185
0.402188
0.39886
0.395473
0.392396
0.390037
0.38877
0.388883
0.390547
0.393797
0.398495
0.404339
0.410881
0.417526
0.423683
0.428784
0.43237
0.434127
0.433974
0.431943
0.428226
0.423102
0.416895
0.409971
0.40276
0.395682
0.389288
0.384202
0.381027
0.38017
0.381672
0.385115
0.389708
0.394544
0.398796
0.401916
0.403714
0.404301
0.404031
0.403408
0.402942
0.403055
0.404004
0.405824
0.408339
0.411193
0.413964
0.416229
0.417624
0.417954
0.417173
0.415405
0.412887
0.40992
0.406819
0.403865
0.401293
0.39928
0.3979
0.397104
0.396783
0.396791
0.397028
0.397467
0.398229
0.399554
0.401713
0.404927
0.409308
0.414777
0.421053
0.427715
0.434224
0.440059
0.444743
0.447931
0.449441
0.449173
0.44713
0.443411
0.438146
0.431571
0.423991
0.415804
0.407484
0.399625
0.392761
0.387358
0.383712
0.381895
0.381814
0.383239
0.385862
0.389374
0.393442
0.397707
0.401771
0.405273
0.407885
0.409354
0.409455
0.408066
0.405182
0.400939
0.395674
0.389937
0.384436
0.379987
0.377399
0.377277
0.379895
0.385122
0.392468
0.401167
0.410387
0.419304
0.427263
0.433693
0.438187
0.440453
0.440309
0.437741
0.432894
0.426053
0.417614
0.408078
0.39811
0.38852
0.380232
0.374216
0.371333
0.372089
0.37659
0.384454
0.394901
0.406931
0.419524
0.431863
0.44335
0.453581
0.462255
0.469124
0.473975
0.476642
0.476999
0.475
0.470662
0.464131
0.455666
0.445674
0.434655
0.423188
0.41194
0.401574
0.392703
0.385807
0.381173
0.378827
0.378539
0.379867
0.382219
0.38495
0.387512
0.389535
0.390822
0.391338
0.391228
0.390721
0.39009
0.38959
0.389421
0.389726
0.390571
0.391969
0.393908
0.396345
0.39918
0.402251
0.405385
0.408375
0.411031
0.413165
0.414572
0.415099
0.41461
0.413067
0.410548
0.407305
0.403724
0.400284
0.397398
0.395408
0.394529
0.394871
0.396454
0.399252
0.40322
0.408276
0.41429
0.421
0.427977
0.434662
0.440429
0.444693
0.446997
0.447082
0.444974
0.440978
0.435627
0.429644
0.423777
0.418593
0.414377
0.411123
0.408549
0.406265
0.403896
0.401204
0.398113
0.394702
0.391089
0.387381
0.383703
0.380168
0.376941
0.374217
0.372262
0.37136
0.371772
0.373689
0.377211
0.382315
0.388837
0.396445
0.404719
0.413145
0.421228
0.428502
0.434569
0.439117
0.441907
0.442742
0.441533
0.438418
0.433768
0.428166
0.422294
0.416785
0.412113
0.40853
0.406058
0.404612
0.404053
0.404222
0.404967
0.406122
0.40745
0.408654
0.409407
0.409446
0.408653
0.407023
0.40471
0.40194
0.398939
0.395905
0.393011
0.390498
0.388733
0.388164
0.389219
0.392197
0.397072
0.403472
0.41068
0.417783
0.423912
0.428318
0.430616
0.430807
0.429223
0.426469
0.42331
0.420537
0.418735
0.418241
0.419029
0.42081
0.423089
0.425344
0.427127
0.428074
0.427941
0.426583
0.42394
0.42
0.414895
0.408915
0.402502
0.396214
0.390641
0.386275
0.383387
0.382069
0.382202
0.383522
0.385753
0.388653
0.392046
0.395786
0.399706
0.403538
0.406915
0.409428
0.410714
0.410646
0.40936
0.407231
0.404787
0.402612
0.401279
0.401324
0.403168
0.407024
0.412814
0.4201
0.428093
0.435797
0.442199
0.446377
0.447708
0.445959
0.441225
0.43393
0.424738
0.414462
0.404005
0.394287
0.386138
0.380203
0.376862
0.376188
0.377902
0.381506
0.386462
0.392277
0.398591
0.405226
0.412042
0.418869
0.42539
0.431233
0.435982
0.439265
0.440876
0.440794
0.439141
0.436189
0.432191
0.427372
0.421905
0.415976
0.40978
0.403598
0.397772
0.392652
0.3886
0.385907
0.384711
0.385012
0.386683
0.38938
0.39258
0.395675
0.398112
0.399569
0.399952
0.399416
0.398272
0.396893
0.395593
0.394594
0.394036
0.393909
0.394117
0.394558
0.395176
0.396001
0.397185
0.398952
0.401463
0.404806
0.408889
0.413483
0.418222
0.422727
0.426598
0.429497
0.431162
0.431433
0.430239
0.427633
0.423714
0.418684
0.412842
0.406605
0.400524
0.395191
0.391171
0.388882
0.388449
0.389723
0.392306
0.395729
0.399499
0.403235
0.406697
0.409835
0.412785
0.415748
0.418925
0.422428
0.426141
0.429723
0.432782
0.434947
0.436092
0.436301
0.435843
0.43497
0.43386
0.43252
0.430802
0.428444
0.42509
0.42051
0.414619
0.407531
0.399546
0.3912
0.383139
0.376067
0.370666
0.367509
0.366995
0.369297
0.374342
0.381808
0.391079
0.401328
0.411597
0.420903
0.428326
0.433151
0.434976
0.433747
0.429781
0.423688
0.41637
0.408863
0.40218
0.397176
0.394474
0.394346
0.396773
0.401514
0.408193
0.416342
0.425369
0.434444
0.442588
0.448803
0.452316
0.452677
0.449798
0.443873
0.435369
0.424948
0.413371
0.401378
0.389651
0.378718
0.369008
0.360953
0.35504
0.351833
0.351829
0.355242
0.361826
0.370872
0.381392
0.392297
0.402603
0.411514
0.41846
0.423133
0.425455
0.425623
0.424061
0.421392
0.418264
0.415289
0.413001
0.411754
0.411678
0.412668
0.41446
0.416647
0.418768
0.4204
0.421217
0.421009
0.419754
0.41759
0.414788
0.411709
0.40875
0.406301
0.404717
0.404285
0.405116
0.407149
0.4101
0.413574
0.417125
0.420363
0.423034
0.425015
0.426258
0.426733
0.426434
0.425286
0.423214
0.420165
0.416109
0.411207
0.405742
0.400077
0.394638
0.389783
0.385746
0.382635
0.38044
0.379094
0.378544
0.378741
0.379631
0.381184
0.383395
0.386212
0.389585
0.393458
0.397679
0.40206
0.406397
0.410462
0.414013
0.416789
0.418541
0.419099
0.418307
0.416221
0.413113
0.409473
0.405914
0.403061
0.401476
0.40155
0.403442
0.407085
0.412193
0.418308
0.424848
0.431126
0.436459
0.440226
0.442006
0.441588
0.439001
0.434516
0.428603
0.421877
0.414952
0.408389
0.402734
0.398426
0.39586
0.395356
0.3971
0.401119
0.407112
0.414449
0.422305
0.429742
0.435873
0.44005
0.441891
0.441273
0.438343
0.433429
0.426961
0.419408
0.411218
0.402827
0.394597
0.386843
0.379854
0.373952
0.369479
0.366788
0.366213
0.367985
0.372203
0.378799
0.387475
0.397644
0.408462
0.418938
0.428014
0.4348
0.438677
0.43943
0.437256
0.432696
0.426515
0.419562
0.41265
0.406514
0.401647
0.39828
0.396395
0.395753
0.396022
0.396849
0.397972
0.399279
0.400706
0.402235
0.403847
0.405474
0.407094
0.408728
0.410391
0.41211
0.413859
0.41554
0.416952
0.41791
0.418171
0.417584
0.416125
0.413932
0.411264
0.408368
0.405518
0.402972
0.400968
0.399725
0.399513
0.400619
0.403269
0.407506
0.413175
0.419935
0.427305
0.434747
0.441707
0.447682
0.4522
0.454925
0.455618
0.454129
0.450429
0.444609
0.436793
0.427152
0.415926
0.403484
0.390367
0.377309
0.365275
0.35527
0.348341
0.345321
0.346545
0.351611
0.359561
0.369157
0.379206
0.388799
0.397315
0.404394
0.409892
0.41383
0.416361
0.41777
0.418465
0.418881
0.419447
0.420473
0.422085
0.424191
0.426484
0.428533
0.429854
0.430078
0.429001
0.426628
0.423236
0.419216
0.415052
0.411309
0.408482
0.406865
0.406539
0.407346
0.408906
0.410664
0.412014
0.412487
0.411841
0.410139
0.407657
0.404754
0.40179
0.398973
0.396354
0.393894
0.391577
0.3895
0.387858
0.386894
0.386815
0.387772
0.389805
0.392939
0.397181
0.402521
0.408851
0.415905
0.423203
0.430203
0.43641
0.441454
0.445088
0.4472
0.447785
0.446946
0.444812
0.441571
0.43736
0.432257
0.42632
0.419565
0.412034
0.403723
0.394717
0.385249
0.375723
0.366775
0.359251
0.354054
0.351976
0.353521
0.358781
0.367341
0.378371
0.390787
0.403429
0.415221
0.425252
0.43283
0.437525
0.439178
0.437902
0.434148
0.428649
0.422346
0.416206
0.411136
0.407805
0.406625
0.4076
0.410384
0.414334
0.418605
0.422347
0.424874
0.425772
0.424863
0.422254
0.418232
0.413222
0.407721
0.40225
0.397321
0.39341
0.390834
0.389743
0.390093
0.391593
0.393841
0.396392
0.398896
0.401177
0.403311
0.405663
0.408707
0.412846
0.418219
0.424585
0.431335
0.437692
0.442865
0.446253
0.44751
0.446545
0.443508
0.438675
0.432417
0.425187
0.417487
0.409818
0.40267
0.396444
0.391392
0.387524
0.384609
0.382327
0.380441
0.378897
0.377947
0.378042
0.379639
0.383036
0.38824
0.394943
0.402587
0.410512
0.418005
0.424477
0.429489
0.432735
0.434083
0.43356
0.431286
0.427497
0.422521
0.41677
0.410671
0.404628
0.399003
0.394055
0.38999
0.386914
0.38488
0.383829
0.38364
0.384144
0.385188
0.386656
0.388591
0.391117
0.394426
0.398666
0.403808
0.409676
0.415911
0.42198
0.427326
