1000 0.638433 0
1100 0.627954 0.0104794
1200 0.624322 0.00705667
1300 0.619679 0.00681588
1400 0.618778 0.00535594
1500 0.62104 0.00492368
1600 0.624327 0.00530304
1700 0.623671 0.00463919
1800 0.623309 0.00410737
1900 0.623072 0.00368142
2000 0.623167 0.00333134
2100 0.623337 0.00304585
2200 0.624208 0.00293403
2300 0.626462 0.00352939
2400 0.627583 0.00347159
2500 0.627114 0.00328105
2600 0.626313 0.00318433
2700 0.626967 0.00307274
2800 0.627007 0.00290679
2900 0.627573 0.00281517
3000 0.627957 0.00270512
3100 0.626907 0.00278499
3200 0.626235 0.00274455
3300 0.626578 0.00264998
3400 0.625455 0.00277885
3500 0.625943 0.00271411
3600 0.626267 0.00263162
3700 0.626798 0.00259085
3800 0.626603 0.00250746
3900 0.626688 0.0024239
4000 0.627006 0.00236599
4100 0.626797 0.00230042
4200 0.62674 0.00223034
4300 0.627329 0.00224232
4400 0.627494 0.0021836
4500 0.627898 0.00216007
4600 0.627881 0.00210094
4700 0.62815 0.00206248
4800 0.628577 0.00205367
4900 0.628031 0.00207456
5000 0.627875 0.0020294
5100 0.627897 0.00198063
5200 0.628138 0.0019489
5300 0.627912 0.00191746
5400 0.627758 0.00188067
5500 0.62752 0.0018547
5600 0.627367 0.00182124
5700 0.62756 0.00179334
5800 0.627716 0.00176325
5900 0.627656 0.00172864
6000 0.627897 0.0017114
6100 0.628004 0.0016816
6200 0.627883 0.00165402
6300 0.627713 0.00163204
6400 0.627908 0.001614
6500 0.627892 0.001585
6600 0.628068 0.00156694
6700 0.628075 0.0015397
6800 0.628241 0.00152236
6900 0.628406 0.00150587
7000 0.628253 0.00148885
7100 0.628426 0.00147478
7200 0.628371 0.00145222
7300 0.628278 0.00143232
7400 0.628446 0.00142006
7500 0.628493 0.00139917
7600 0.628788 0.00140926
7700 0.62911 0.00142534
7800 0.629243 0.00141078
7900 0.629295 0.00139145
8000 0.629381 0.0013744
8100 0.629462 0.00135759
8200 0.629479 0.00133898
8300 0.629367 0.00132555
8400 0.629191 0.00131955
8500 0.629138 0.00130314
8600 0.628899 0.001308
8700 0.628949 0.00129206
8800 0.628997 0.00127652
8900 0.629226 0.00128102
9000 0.629098 0.00127158
9100 0.628884 0.00127404
9200 0.629147 0.00128582
9300 0.629451 0.00130625
9400 0.629786 0.00133348
9500 0.629899 0.00132272
9600 0.629965 0.00130914
9700 0.629992 0.00129445
9800 0.629985 0.00127984
9900 0.630152 0.00127651
10000 0.630165 0.00126247
10100 0.630106 0.00125007
10200 0.630023 0.00123934
10300 0.630086 0.00122771
10400 0.630017 0.00121668
10500 0.630078 0.00120547
10600 0.630069 0.00119301
10700 0.630131 0.00118241
10800 0.630245 0.00117599
10900 0.630202 0.00116497
